[2024-03-23T19:44:35.190-0300] {taskinstance.py:1090} INFO - Dependencies all met for dep_context=non-requeueable deps ti=<TaskInstance: execute_python_operators.python_task scheduled__2024-03-21T00:00:00+00:00 [queued]>
[2024-03-23T19:44:35.194-0300] {taskinstance.py:1090} INFO - Dependencies all met for dep_context=requeueable deps ti=<TaskInstance: execute_python_operators.python_task scheduled__2024-03-21T00:00:00+00:00 [queued]>
[2024-03-23T19:44:35.194-0300] {taskinstance.py:1288} INFO - 
--------------------------------------------------------------------------------
[2024-03-23T19:44:35.194-0300] {taskinstance.py:1289} INFO - Starting attempt 1 of 1
[2024-03-23T19:44:35.195-0300] {taskinstance.py:1290} INFO - 
--------------------------------------------------------------------------------
[2024-03-23T19:44:35.251-0300] {taskinstance.py:1309} INFO - Executing <Task(PythonOperator): python_task> on 2024-03-21 00:00:00+00:00
[2024-03-23T19:44:35.252-0300] {standard_task_runner.py:55} INFO - Started process 76 to run task
[2024-03-23T19:44:35.254-0300] {standard_task_runner.py:82} INFO - Running: ['airflow', 'tasks', 'run', 'execute_python_operators', 'python_task', 'scheduled__2024-03-21T00:00:00+00:00', '--job-id', '67', '--raw', '--subdir', 'DAGS_FOLDER/python_operators.py', '--cfg-path', '/tmp/tmpzakctipt']
[2024-03-23T19:44:35.255-0300] {standard_task_runner.py:83} INFO - Job 67: Subtask python_task
[2024-03-23T19:44:35.287-0300] {task_command.py:389} INFO - Running <TaskInstance: execute_python_operators.python_task scheduled__2024-03-21T00:00:00+00:00 [running]> on host DESKTOP-0DNP0LN.localdomain
[2024-03-23T19:44:35.327-0300] {taskinstance.py:1518} INFO - Exporting the following env vars:
AIRFLOW_CTX_DAG_OWNER=falcone
AIRFLOW_CTX_DAG_ID=execute_python_operators
AIRFLOW_CTX_TASK_ID=python_task
AIRFLOW_CTX_EXECUTION_DATE=2024-03-21T00:00:00+00:00
AIRFLOW_CTX_TRY_NUMBER=1
AIRFLOW_CTX_DAG_RUN_ID=scheduled__2024-03-21T00:00:00+00:00
[2024-03-23T19:44:35.327-0300] {logging_mixin.py:137} INFO - The simplest possible Python operator!
[2024-03-23T19:44:35.327-0300] {python.py:177} INFO - Done. Returned value was: None
[2024-03-23T19:44:35.331-0300] {taskinstance.py:1332} INFO - Marking task as SUCCESS. dag_id=execute_python_operators, task_id=python_task, execution_date=20240321T000000, start_date=20240323T224435, end_date=20240323T224435
[2024-03-23T19:44:35.345-0300] {local_task_job.py:212} INFO - Task exited with return code 0
[2024-03-23T19:44:35.352-0300] {taskinstance.py:2596} INFO - 0 downstream tasks scheduled from follow-on schedule check
