[2024-03-20T22:09:29.415-0300] {processor.py:153} INFO - Started process (PID=326) to work on /home/carlosfalcone/.local/lib/python3.7/site-packages/airflow/example_dags/subdags/subdag.py
[2024-03-20T22:09:29.415-0300] {processor.py:743} INFO - Processing file /home/carlosfalcone/.local/lib/python3.7/site-packages/airflow/example_dags/subdags/subdag.py for tasks to queue
[2024-03-20T22:09:29.415-0300] {logging_mixin.py:137} INFO - [2024-03-20T22:09:29.415-0300] {dagbag.py:532} INFO - Filling up the DagBag from /home/carlosfalcone/.local/lib/python3.7/site-packages/airflow/example_dags/subdags/subdag.py
[2024-03-20T22:09:29.417-0300] {processor.py:755} WARNING - No viable dags retrieved from /home/carlosfalcone/.local/lib/python3.7/site-packages/airflow/example_dags/subdags/subdag.py
[2024-03-20T22:09:29.422-0300] {processor.py:175} INFO - Processing /home/carlosfalcone/.local/lib/python3.7/site-packages/airflow/example_dags/subdags/subdag.py took 0.009 seconds
[2024-03-20T22:10:10.272-0300] {processor.py:153} INFO - Started process (PID=545) to work on /home/carlosfalcone/.local/lib/python3.7/site-packages/airflow/example_dags/subdags/subdag.py
[2024-03-20T22:10:10.273-0300] {processor.py:743} INFO - Processing file /home/carlosfalcone/.local/lib/python3.7/site-packages/airflow/example_dags/subdags/subdag.py for tasks to queue
[2024-03-20T22:10:10.273-0300] {logging_mixin.py:137} INFO - [2024-03-20T22:10:10.273-0300] {dagbag.py:532} INFO - Filling up the DagBag from /home/carlosfalcone/.local/lib/python3.7/site-packages/airflow/example_dags/subdags/subdag.py
[2024-03-20T22:10:10.275-0300] {processor.py:755} WARNING - No viable dags retrieved from /home/carlosfalcone/.local/lib/python3.7/site-packages/airflow/example_dags/subdags/subdag.py
[2024-03-20T22:10:10.280-0300] {processor.py:175} INFO - Processing /home/carlosfalcone/.local/lib/python3.7/site-packages/airflow/example_dags/subdags/subdag.py took 0.010 seconds
[2024-03-20T22:10:55.388-0300] {processor.py:153} INFO - Started process (PID=656) to work on /home/carlosfalcone/.local/lib/python3.7/site-packages/airflow/example_dags/subdags/subdag.py
[2024-03-20T22:10:55.389-0300] {processor.py:743} INFO - Processing file /home/carlosfalcone/.local/lib/python3.7/site-packages/airflow/example_dags/subdags/subdag.py for tasks to queue
[2024-03-20T22:10:55.390-0300] {logging_mixin.py:137} INFO - [2024-03-20T22:10:55.390-0300] {dagbag.py:532} INFO - Filling up the DagBag from /home/carlosfalcone/.local/lib/python3.7/site-packages/airflow/example_dags/subdags/subdag.py
[2024-03-20T22:10:55.391-0300] {processor.py:755} WARNING - No viable dags retrieved from /home/carlosfalcone/.local/lib/python3.7/site-packages/airflow/example_dags/subdags/subdag.py
[2024-03-20T22:10:55.397-0300] {processor.py:175} INFO - Processing /home/carlosfalcone/.local/lib/python3.7/site-packages/airflow/example_dags/subdags/subdag.py took 0.010 seconds
[2024-03-20T22:11:40.483-0300] {processor.py:153} INFO - Started process (PID=764) to work on /home/carlosfalcone/.local/lib/python3.7/site-packages/airflow/example_dags/subdags/subdag.py
[2024-03-20T22:11:40.484-0300] {processor.py:743} INFO - Processing file /home/carlosfalcone/.local/lib/python3.7/site-packages/airflow/example_dags/subdags/subdag.py for tasks to queue
[2024-03-20T22:11:40.485-0300] {logging_mixin.py:137} INFO - [2024-03-20T22:11:40.485-0300] {dagbag.py:532} INFO - Filling up the DagBag from /home/carlosfalcone/.local/lib/python3.7/site-packages/airflow/example_dags/subdags/subdag.py
[2024-03-20T22:11:40.487-0300] {processor.py:755} WARNING - No viable dags retrieved from /home/carlosfalcone/.local/lib/python3.7/site-packages/airflow/example_dags/subdags/subdag.py
[2024-03-20T22:11:40.492-0300] {processor.py:175} INFO - Processing /home/carlosfalcone/.local/lib/python3.7/site-packages/airflow/example_dags/subdags/subdag.py took 0.010 seconds
[2024-03-20T22:12:24.071-0300] {processor.py:153} INFO - Started process (PID=877) to work on /home/carlosfalcone/.local/lib/python3.7/site-packages/airflow/example_dags/subdags/subdag.py
[2024-03-20T22:12:24.072-0300] {processor.py:743} INFO - Processing file /home/carlosfalcone/.local/lib/python3.7/site-packages/airflow/example_dags/subdags/subdag.py for tasks to queue
[2024-03-20T22:12:24.073-0300] {logging_mixin.py:137} INFO - [2024-03-20T22:12:24.073-0300] {dagbag.py:532} INFO - Filling up the DagBag from /home/carlosfalcone/.local/lib/python3.7/site-packages/airflow/example_dags/subdags/subdag.py
[2024-03-20T22:12:24.074-0300] {processor.py:755} WARNING - No viable dags retrieved from /home/carlosfalcone/.local/lib/python3.7/site-packages/airflow/example_dags/subdags/subdag.py
[2024-03-20T22:12:24.080-0300] {processor.py:175} INFO - Processing /home/carlosfalcone/.local/lib/python3.7/site-packages/airflow/example_dags/subdags/subdag.py took 0.010 seconds
[2024-03-20T22:13:10.455-0300] {processor.py:153} INFO - Started process (PID=994) to work on /home/carlosfalcone/.local/lib/python3.7/site-packages/airflow/example_dags/subdags/subdag.py
[2024-03-20T22:13:10.457-0300] {processor.py:743} INFO - Processing file /home/carlosfalcone/.local/lib/python3.7/site-packages/airflow/example_dags/subdags/subdag.py for tasks to queue
[2024-03-20T22:13:10.457-0300] {logging_mixin.py:137} INFO - [2024-03-20T22:13:10.457-0300] {dagbag.py:532} INFO - Filling up the DagBag from /home/carlosfalcone/.local/lib/python3.7/site-packages/airflow/example_dags/subdags/subdag.py
[2024-03-20T22:13:10.459-0300] {processor.py:755} WARNING - No viable dags retrieved from /home/carlosfalcone/.local/lib/python3.7/site-packages/airflow/example_dags/subdags/subdag.py
[2024-03-20T22:13:10.464-0300] {processor.py:175} INFO - Processing /home/carlosfalcone/.local/lib/python3.7/site-packages/airflow/example_dags/subdags/subdag.py took 0.010 seconds
[2024-03-20T22:13:52.923-0300] {processor.py:153} INFO - Started process (PID=1096) to work on /home/carlosfalcone/.local/lib/python3.7/site-packages/airflow/example_dags/subdags/subdag.py
[2024-03-20T22:13:52.924-0300] {processor.py:743} INFO - Processing file /home/carlosfalcone/.local/lib/python3.7/site-packages/airflow/example_dags/subdags/subdag.py for tasks to queue
[2024-03-20T22:13:52.924-0300] {logging_mixin.py:137} INFO - [2024-03-20T22:13:52.924-0300] {dagbag.py:532} INFO - Filling up the DagBag from /home/carlosfalcone/.local/lib/python3.7/site-packages/airflow/example_dags/subdags/subdag.py
[2024-03-20T22:13:52.926-0300] {processor.py:755} WARNING - No viable dags retrieved from /home/carlosfalcone/.local/lib/python3.7/site-packages/airflow/example_dags/subdags/subdag.py
[2024-03-20T22:13:52.931-0300] {processor.py:175} INFO - Processing /home/carlosfalcone/.local/lib/python3.7/site-packages/airflow/example_dags/subdags/subdag.py took 0.010 seconds
[2024-03-20T22:14:33.397-0300] {processor.py:153} INFO - Started process (PID=1138) to work on /home/carlosfalcone/.local/lib/python3.7/site-packages/airflow/example_dags/subdags/subdag.py
[2024-03-20T22:14:33.398-0300] {processor.py:743} INFO - Processing file /home/carlosfalcone/.local/lib/python3.7/site-packages/airflow/example_dags/subdags/subdag.py for tasks to queue
[2024-03-20T22:14:33.398-0300] {logging_mixin.py:137} INFO - [2024-03-20T22:14:33.398-0300] {dagbag.py:532} INFO - Filling up the DagBag from /home/carlosfalcone/.local/lib/python3.7/site-packages/airflow/example_dags/subdags/subdag.py
[2024-03-20T22:14:33.400-0300] {processor.py:755} WARNING - No viable dags retrieved from /home/carlosfalcone/.local/lib/python3.7/site-packages/airflow/example_dags/subdags/subdag.py
[2024-03-20T22:14:33.405-0300] {processor.py:175} INFO - Processing /home/carlosfalcone/.local/lib/python3.7/site-packages/airflow/example_dags/subdags/subdag.py took 0.010 seconds
[2024-03-20T22:15:13.910-0300] {processor.py:153} INFO - Started process (PID=1231) to work on /home/carlosfalcone/.local/lib/python3.7/site-packages/airflow/example_dags/subdags/subdag.py
[2024-03-20T22:15:13.911-0300] {processor.py:743} INFO - Processing file /home/carlosfalcone/.local/lib/python3.7/site-packages/airflow/example_dags/subdags/subdag.py for tasks to queue
[2024-03-20T22:15:13.912-0300] {logging_mixin.py:137} INFO - [2024-03-20T22:15:13.911-0300] {dagbag.py:532} INFO - Filling up the DagBag from /home/carlosfalcone/.local/lib/python3.7/site-packages/airflow/example_dags/subdags/subdag.py
[2024-03-20T22:15:13.914-0300] {processor.py:755} WARNING - No viable dags retrieved from /home/carlosfalcone/.local/lib/python3.7/site-packages/airflow/example_dags/subdags/subdag.py
[2024-03-20T22:15:13.919-0300] {processor.py:175} INFO - Processing /home/carlosfalcone/.local/lib/python3.7/site-packages/airflow/example_dags/subdags/subdag.py took 0.010 seconds
[2024-03-20T22:16:03.245-0300] {processor.py:153} INFO - Started process (PID=1357) to work on /home/carlosfalcone/.local/lib/python3.7/site-packages/airflow/example_dags/subdags/subdag.py
[2024-03-20T22:16:03.246-0300] {processor.py:743} INFO - Processing file /home/carlosfalcone/.local/lib/python3.7/site-packages/airflow/example_dags/subdags/subdag.py for tasks to queue
[2024-03-20T22:16:03.246-0300] {logging_mixin.py:137} INFO - [2024-03-20T22:16:03.246-0300] {dagbag.py:532} INFO - Filling up the DagBag from /home/carlosfalcone/.local/lib/python3.7/site-packages/airflow/example_dags/subdags/subdag.py
[2024-03-20T22:16:03.248-0300] {processor.py:755} WARNING - No viable dags retrieved from /home/carlosfalcone/.local/lib/python3.7/site-packages/airflow/example_dags/subdags/subdag.py
[2024-03-20T22:16:03.253-0300] {processor.py:175} INFO - Processing /home/carlosfalcone/.local/lib/python3.7/site-packages/airflow/example_dags/subdags/subdag.py took 0.010 seconds
[2024-03-20T22:16:48.304-0300] {processor.py:153} INFO - Started process (PID=1477) to work on /home/carlosfalcone/.local/lib/python3.7/site-packages/airflow/example_dags/subdags/subdag.py
[2024-03-20T22:16:48.306-0300] {processor.py:743} INFO - Processing file /home/carlosfalcone/.local/lib/python3.7/site-packages/airflow/example_dags/subdags/subdag.py for tasks to queue
[2024-03-20T22:16:48.306-0300] {logging_mixin.py:137} INFO - [2024-03-20T22:16:48.306-0300] {dagbag.py:532} INFO - Filling up the DagBag from /home/carlosfalcone/.local/lib/python3.7/site-packages/airflow/example_dags/subdags/subdag.py
[2024-03-20T22:16:48.308-0300] {processor.py:755} WARNING - No viable dags retrieved from /home/carlosfalcone/.local/lib/python3.7/site-packages/airflow/example_dags/subdags/subdag.py
[2024-03-20T22:16:48.313-0300] {processor.py:175} INFO - Processing /home/carlosfalcone/.local/lib/python3.7/site-packages/airflow/example_dags/subdags/subdag.py took 0.010 seconds
[2024-03-20T22:17:38.255-0300] {processor.py:153} INFO - Started process (PID=1602) to work on /home/carlosfalcone/.local/lib/python3.7/site-packages/airflow/example_dags/subdags/subdag.py
[2024-03-20T22:17:38.256-0300] {processor.py:743} INFO - Processing file /home/carlosfalcone/.local/lib/python3.7/site-packages/airflow/example_dags/subdags/subdag.py for tasks to queue
[2024-03-20T22:17:38.257-0300] {logging_mixin.py:137} INFO - [2024-03-20T22:17:38.257-0300] {dagbag.py:532} INFO - Filling up the DagBag from /home/carlosfalcone/.local/lib/python3.7/site-packages/airflow/example_dags/subdags/subdag.py
[2024-03-20T22:17:38.259-0300] {processor.py:755} WARNING - No viable dags retrieved from /home/carlosfalcone/.local/lib/python3.7/site-packages/airflow/example_dags/subdags/subdag.py
[2024-03-20T22:17:38.264-0300] {processor.py:175} INFO - Processing /home/carlosfalcone/.local/lib/python3.7/site-packages/airflow/example_dags/subdags/subdag.py took 0.010 seconds
[2024-03-20T22:18:24.425-0300] {processor.py:153} INFO - Started process (PID=1713) to work on /home/carlosfalcone/.local/lib/python3.7/site-packages/airflow/example_dags/subdags/subdag.py
[2024-03-20T22:18:24.426-0300] {processor.py:743} INFO - Processing file /home/carlosfalcone/.local/lib/python3.7/site-packages/airflow/example_dags/subdags/subdag.py for tasks to queue
[2024-03-20T22:18:24.426-0300] {logging_mixin.py:137} INFO - [2024-03-20T22:18:24.426-0300] {dagbag.py:532} INFO - Filling up the DagBag from /home/carlosfalcone/.local/lib/python3.7/site-packages/airflow/example_dags/subdags/subdag.py
[2024-03-20T22:18:24.428-0300] {processor.py:755} WARNING - No viable dags retrieved from /home/carlosfalcone/.local/lib/python3.7/site-packages/airflow/example_dags/subdags/subdag.py
[2024-03-20T22:18:24.433-0300] {processor.py:175} INFO - Processing /home/carlosfalcone/.local/lib/python3.7/site-packages/airflow/example_dags/subdags/subdag.py took 0.010 seconds
[2024-03-21T11:23:59.925-0300] {processor.py:153} INFO - Started process (PID=122) to work on /home/carlosfalcone/.local/lib/python3.7/site-packages/airflow/example_dags/subdags/subdag.py
[2024-03-21T11:23:59.926-0300] {processor.py:743} INFO - Processing file /home/carlosfalcone/.local/lib/python3.7/site-packages/airflow/example_dags/subdags/subdag.py for tasks to queue
[2024-03-21T11:23:59.926-0300] {logging_mixin.py:137} INFO - [2024-03-21T11:23:59.926-0300] {dagbag.py:532} INFO - Filling up the DagBag from /home/carlosfalcone/.local/lib/python3.7/site-packages/airflow/example_dags/subdags/subdag.py
[2024-03-21T11:23:59.928-0300] {processor.py:755} WARNING - No viable dags retrieved from /home/carlosfalcone/.local/lib/python3.7/site-packages/airflow/example_dags/subdags/subdag.py
[2024-03-21T11:23:59.933-0300] {processor.py:175} INFO - Processing /home/carlosfalcone/.local/lib/python3.7/site-packages/airflow/example_dags/subdags/subdag.py took 0.010 seconds
[2024-03-21T11:24:38.756-0300] {processor.py:153} INFO - Started process (PID=365) to work on /home/carlosfalcone/.local/lib/python3.7/site-packages/airflow/example_dags/subdags/subdag.py
[2024-03-21T11:24:38.757-0300] {processor.py:743} INFO - Processing file /home/carlosfalcone/.local/lib/python3.7/site-packages/airflow/example_dags/subdags/subdag.py for tasks to queue
[2024-03-21T11:24:38.757-0300] {logging_mixin.py:137} INFO - [2024-03-21T11:24:38.757-0300] {dagbag.py:532} INFO - Filling up the DagBag from /home/carlosfalcone/.local/lib/python3.7/site-packages/airflow/example_dags/subdags/subdag.py
[2024-03-21T11:24:38.759-0300] {processor.py:755} WARNING - No viable dags retrieved from /home/carlosfalcone/.local/lib/python3.7/site-packages/airflow/example_dags/subdags/subdag.py
[2024-03-21T11:24:38.765-0300] {processor.py:175} INFO - Processing /home/carlosfalcone/.local/lib/python3.7/site-packages/airflow/example_dags/subdags/subdag.py took 0.012 seconds
