[2024-03-21T15:26:02.351-0300] {taskinstance.py:1090} INFO - Dependencies all met for dep_context=non-requeueable deps ti=<TaskInstance: executing_multiple_tasks2.task_A manual__2024-03-21T18:26:00.606341+00:00 [queued]>
[2024-03-21T15:26:02.355-0300] {taskinstance.py:1090} INFO - Dependencies all met for dep_context=requeueable deps ti=<TaskInstance: executing_multiple_tasks2.task_A manual__2024-03-21T18:26:00.606341+00:00 [queued]>
[2024-03-21T15:26:02.355-0300] {taskinstance.py:1288} INFO - 
--------------------------------------------------------------------------------
[2024-03-21T15:26:02.355-0300] {taskinstance.py:1289} INFO - Starting attempt 1 of 1
[2024-03-21T15:26:02.355-0300] {taskinstance.py:1290} INFO - 
--------------------------------------------------------------------------------
[2024-03-21T15:26:02.367-0300] {taskinstance.py:1309} INFO - Executing <Task(BashOperator): task_A> on 2024-03-21 18:26:00.606341+00:00
[2024-03-21T15:26:02.368-0300] {standard_task_runner.py:55} INFO - Started process 23660 to run task
[2024-03-21T15:26:02.370-0300] {standard_task_runner.py:82} INFO - Running: ['airflow', 'tasks', 'run', 'executing_multiple_tasks2', 'task_A', 'manual__2024-03-21T18:26:00.606341+00:00', '--job-id', '25', '--raw', '--subdir', 'DAGS_FOLDER/multiple_tasks2.py', '--cfg-path', '/tmp/tmpj4h14z2p']
[2024-03-21T15:26:02.371-0300] {standard_task_runner.py:83} INFO - Job 25: Subtask task_A
[2024-03-21T15:26:02.404-0300] {task_command.py:389} INFO - Running <TaskInstance: executing_multiple_tasks2.task_A manual__2024-03-21T18:26:00.606341+00:00 [running]> on host DESKTOP-0DNP0LN.localdomain
[2024-03-21T15:26:02.451-0300] {taskinstance.py:1518} INFO - Exporting the following env vars:
AIRFLOW_CTX_DAG_OWNER=falcone
AIRFLOW_CTX_DAG_ID=executing_multiple_tasks2
AIRFLOW_CTX_TASK_ID=task_A
AIRFLOW_CTX_EXECUTION_DATE=2024-03-21T18:26:00.606341+00:00
AIRFLOW_CTX_TRY_NUMBER=1
AIRFLOW_CTX_DAG_RUN_ID=manual__2024-03-21T18:26:00.606341+00:00
[2024-03-21T15:26:02.451-0300] {subprocess.py:63} INFO - Tmp dir root location: 
 /tmp
[2024-03-21T15:26:02.452-0300] {subprocess.py:75} INFO - Running command: ['/usr/bin/bash', '-c', '\n            echo Task A has started!\n            for i in {1..10}\n            do\n                echo Task A printing $i\n            done\n            echo Task A has ended!\n        ']
[2024-03-21T15:26:02.455-0300] {subprocess.py:86} INFO - Output:
[2024-03-21T15:26:02.455-0300] {subprocess.py:93} INFO - Task A has started!
[2024-03-21T15:26:02.456-0300] {subprocess.py:93} INFO - Task A printing 1
[2024-03-21T15:26:02.456-0300] {subprocess.py:93} INFO - Task A printing 2
[2024-03-21T15:26:02.456-0300] {subprocess.py:93} INFO - Task A printing 3
[2024-03-21T15:26:02.456-0300] {subprocess.py:93} INFO - Task A printing 4
[2024-03-21T15:26:02.456-0300] {subprocess.py:93} INFO - Task A printing 5
[2024-03-21T15:26:02.456-0300] {subprocess.py:93} INFO - Task A printing 6
[2024-03-21T15:26:02.456-0300] {subprocess.py:93} INFO - Task A printing 7
[2024-03-21T15:26:02.456-0300] {subprocess.py:93} INFO - Task A printing 8
[2024-03-21T15:26:02.456-0300] {subprocess.py:93} INFO - Task A printing 9
[2024-03-21T15:26:02.456-0300] {subprocess.py:93} INFO - Task A printing 10
[2024-03-21T15:26:02.456-0300] {subprocess.py:93} INFO - Task A has ended!
[2024-03-21T15:26:02.456-0300] {subprocess.py:97} INFO - Command exited with return code 0
[2024-03-21T15:26:02.470-0300] {taskinstance.py:1332} INFO - Marking task as SUCCESS. dag_id=executing_multiple_tasks2, task_id=task_A, execution_date=20240321T182600, start_date=20240321T182602, end_date=20240321T182602
[2024-03-21T15:26:02.502-0300] {local_task_job.py:212} INFO - Task exited with return code 0
[2024-03-21T15:26:02.516-0300] {taskinstance.py:2596} INFO - 2 downstream tasks scheduled from follow-on schedule check
