[2024-03-21T15:26:08.793-0300] {taskinstance.py:1090} INFO - Dependencies all met for dep_context=non-requeueable deps ti=<TaskInstance: executing_multiple_tasks2.task_C manual__2024-03-21T18:26:00.606341+00:00 [queued]>
[2024-03-21T15:26:08.798-0300] {taskinstance.py:1090} INFO - Dependencies all met for dep_context=requeueable deps ti=<TaskInstance: executing_multiple_tasks2.task_C manual__2024-03-21T18:26:00.606341+00:00 [queued]>
[2024-03-21T15:26:08.798-0300] {taskinstance.py:1288} INFO - 
--------------------------------------------------------------------------------
[2024-03-21T15:26:08.798-0300] {taskinstance.py:1289} INFO - Starting attempt 1 of 1
[2024-03-21T15:26:08.798-0300] {taskinstance.py:1290} INFO - 
--------------------------------------------------------------------------------
[2024-03-21T15:26:08.810-0300] {taskinstance.py:1309} INFO - Executing <Task(BashOperator): task_C> on 2024-03-21 18:26:00.606341+00:00
[2024-03-21T15:26:08.811-0300] {standard_task_runner.py:55} INFO - Started process 23683 to run task
[2024-03-21T15:26:08.813-0300] {standard_task_runner.py:82} INFO - Running: ['airflow', 'tasks', 'run', 'executing_multiple_tasks2', 'task_C', 'manual__2024-03-21T18:26:00.606341+00:00', '--job-id', '27', '--raw', '--subdir', 'DAGS_FOLDER/multiple_tasks2.py', '--cfg-path', '/tmp/tmpwdbjw718']
[2024-03-21T15:26:08.814-0300] {standard_task_runner.py:83} INFO - Job 27: Subtask task_C
[2024-03-21T15:26:08.847-0300] {task_command.py:389} INFO - Running <TaskInstance: executing_multiple_tasks2.task_C manual__2024-03-21T18:26:00.606341+00:00 [running]> on host DESKTOP-0DNP0LN.localdomain
[2024-03-21T15:26:08.889-0300] {taskinstance.py:1518} INFO - Exporting the following env vars:
AIRFLOW_CTX_DAG_OWNER=falcone
AIRFLOW_CTX_DAG_ID=executing_multiple_tasks2
AIRFLOW_CTX_TASK_ID=task_C
AIRFLOW_CTX_EXECUTION_DATE=2024-03-21T18:26:00.606341+00:00
AIRFLOW_CTX_TRY_NUMBER=1
AIRFLOW_CTX_DAG_RUN_ID=manual__2024-03-21T18:26:00.606341+00:00
[2024-03-21T15:26:08.890-0300] {subprocess.py:63} INFO - Tmp dir root location: 
 /tmp
[2024-03-21T15:26:08.890-0300] {subprocess.py:75} INFO - Running command: ['/usr/bin/bash', '-c', '\n            echo Task C has started!\n            sleep 3\n            echo Task C has ended!\n        ']
[2024-03-21T15:26:08.893-0300] {subprocess.py:86} INFO - Output:
[2024-03-21T15:26:08.894-0300] {subprocess.py:93} INFO - Task C has started!
[2024-03-21T15:26:11.895-0300] {subprocess.py:93} INFO - Task C has ended!
[2024-03-21T15:26:11.895-0300] {subprocess.py:97} INFO - Command exited with return code 0
[2024-03-21T15:26:11.910-0300] {taskinstance.py:1332} INFO - Marking task as SUCCESS. dag_id=executing_multiple_tasks2, task_id=task_C, execution_date=20240321T182600, start_date=20240321T182608, end_date=20240321T182611
[2024-03-21T15:26:11.926-0300] {local_task_job.py:212} INFO - Task exited with return code 0
[2024-03-21T15:26:11.937-0300] {taskinstance.py:2596} INFO - 1 downstream tasks scheduled from follow-on schedule check
