[2024-03-21T19:47:21.943-0300] {taskinstance.py:1090} INFO - Dependencies all met for dep_context=non-requeueable deps ti=<TaskInstance: executing_multiple_tasks3.task_B manual__2024-03-21T22:47:18.782977+00:00 [queued]>
[2024-03-21T19:47:21.947-0300] {taskinstance.py:1090} INFO - Dependencies all met for dep_context=requeueable deps ti=<TaskInstance: executing_multiple_tasks3.task_B manual__2024-03-21T22:47:18.782977+00:00 [queued]>
[2024-03-21T19:47:21.947-0300] {taskinstance.py:1288} INFO - 
--------------------------------------------------------------------------------
[2024-03-21T19:47:21.947-0300] {taskinstance.py:1289} INFO - Starting attempt 1 of 1
[2024-03-21T19:47:21.947-0300] {taskinstance.py:1290} INFO - 
--------------------------------------------------------------------------------
[2024-03-21T19:47:21.958-0300] {taskinstance.py:1309} INFO - Executing <Task(BashOperator): task_B> on 2024-03-21 22:47:18.782977+00:00
[2024-03-21T19:47:21.959-0300] {standard_task_runner.py:55} INFO - Started process 3178 to run task
[2024-03-21T19:47:21.961-0300] {standard_task_runner.py:82} INFO - Running: ['airflow', 'tasks', 'run', 'executing_multiple_tasks3', 'task_B', 'manual__2024-03-21T22:47:18.782977+00:00', '--job-id', '44', '--raw', '--subdir', 'DAGS_FOLDER/multiple_tasks3.py', '--cfg-path', '/tmp/tmpmz80k52d']
[2024-03-21T19:47:21.962-0300] {standard_task_runner.py:83} INFO - Job 44: Subtask task_B
[2024-03-21T19:47:21.992-0300] {task_command.py:389} INFO - Running <TaskInstance: executing_multiple_tasks3.task_B manual__2024-03-21T22:47:18.782977+00:00 [running]> on host DESKTOP-0DNP0LN.localdomain
[2024-03-21T19:47:22.034-0300] {taskinstance.py:1518} INFO - Exporting the following env vars:
AIRFLOW_CTX_DAG_OWNER=falcone
AIRFLOW_CTX_DAG_ID=executing_multiple_tasks3
AIRFLOW_CTX_TASK_ID=task_B
AIRFLOW_CTX_EXECUTION_DATE=2024-03-21T22:47:18.782977+00:00
AIRFLOW_CTX_TRY_NUMBER=1
AIRFLOW_CTX_DAG_RUN_ID=manual__2024-03-21T22:47:18.782977+00:00
[2024-03-21T19:47:22.035-0300] {subprocess.py:63} INFO - Tmp dir root location: 
 /tmp
[2024-03-21T19:47:22.035-0300] {subprocess.py:75} INFO - Running command: ['/usr/bin/bash', '-c', '']
[2024-03-21T19:47:22.038-0300] {subprocess.py:86} INFO - Output:
[2024-03-21T19:47:22.038-0300] {subprocess.py:97} INFO - Command exited with return code 0
[2024-03-21T19:47:22.051-0300] {taskinstance.py:1332} INFO - Marking task as SUCCESS. dag_id=executing_multiple_tasks3, task_id=task_B, execution_date=20240321T224718, start_date=20240321T224721, end_date=20240321T224722
[2024-03-21T19:47:22.093-0300] {local_task_job.py:212} INFO - Task exited with return code 0
[2024-03-21T19:47:22.103-0300] {taskinstance.py:2596} INFO - 1 downstream tasks scheduled from follow-on schedule check
