[2024-03-23T21:00:03.525-0300] {taskinstance.py:1090} INFO - Dependencies all met for dep_context=non-requeueable deps ti=<TaskInstance: execute_python_operators2.task_a scheduled__2024-03-23T00:00:00+00:00 [queued]>
[2024-03-23T21:00:03.529-0300] {taskinstance.py:1090} INFO - Dependencies all met for dep_context=requeueable deps ti=<TaskInstance: execute_python_operators2.task_a scheduled__2024-03-23T00:00:00+00:00 [queued]>
[2024-03-23T21:00:03.529-0300] {taskinstance.py:1288} INFO - 
--------------------------------------------------------------------------------
[2024-03-23T21:00:03.529-0300] {taskinstance.py:1289} INFO - Starting attempt 1 of 1
[2024-03-23T21:00:03.529-0300] {taskinstance.py:1290} INFO - 
--------------------------------------------------------------------------------
[2024-03-23T21:00:03.541-0300] {taskinstance.py:1309} INFO - Executing <Task(PythonOperator): task_a> on 2024-03-23 00:00:00+00:00
[2024-03-23T21:00:03.542-0300] {standard_task_runner.py:55} INFO - Started process 7462 to run task
[2024-03-23T21:00:03.543-0300] {standard_task_runner.py:82} INFO - Running: ['airflow', 'tasks', 'run', 'execute_python_operators2', 'task_a', 'scheduled__2024-03-23T00:00:00+00:00', '--job-id', '98', '--raw', '--subdir', 'DAGS_FOLDER/python_operators2.py', '--cfg-path', '/tmp/tmp4kbo01jy']
[2024-03-23T21:00:03.544-0300] {standard_task_runner.py:83} INFO - Job 98: Subtask task_a
[2024-03-23T21:00:03.575-0300] {task_command.py:389} INFO - Running <TaskInstance: execute_python_operators2.task_a scheduled__2024-03-23T00:00:00+00:00 [running]> on host DESKTOP-0DNP0LN.localdomain
[2024-03-23T21:00:03.616-0300] {taskinstance.py:1518} INFO - Exporting the following env vars:
AIRFLOW_CTX_DAG_OWNER=falcone
AIRFLOW_CTX_DAG_ID=execute_python_operators2
AIRFLOW_CTX_TASK_ID=task_a
AIRFLOW_CTX_EXECUTION_DATE=2024-03-23T00:00:00+00:00
AIRFLOW_CTX_TRY_NUMBER=1
AIRFLOW_CTX_DAG_RUN_ID=scheduled__2024-03-23T00:00:00+00:00
[2024-03-23T21:00:03.616-0300] {logging_mixin.py:137} INFO - Task A executed!
[2024-03-23T21:00:03.616-0300] {python.py:177} INFO - Done. Returned value was: None
[2024-03-23T21:00:03.619-0300] {taskinstance.py:1332} INFO - Marking task as SUCCESS. dag_id=execute_python_operators2, task_id=task_a, execution_date=20240323T000000, start_date=20240324T000003, end_date=20240324T000003
[2024-03-23T21:00:03.635-0300] {local_task_job.py:212} INFO - Task exited with return code 0
[2024-03-23T21:00:03.649-0300] {taskinstance.py:2596} INFO - 2 downstream tasks scheduled from follow-on schedule check
