[2024-03-23T21:00:10.314-0300] {taskinstance.py:1090} INFO - Dependencies all met for dep_context=non-requeueable deps ti=<TaskInstance: hello_world.hello_world_task scheduled__2024-03-23T00:00:00+00:00 [queued]>
[2024-03-23T21:00:10.319-0300] {taskinstance.py:1090} INFO - Dependencies all met for dep_context=requeueable deps ti=<TaskInstance: hello_world.hello_world_task scheduled__2024-03-23T00:00:00+00:00 [queued]>
[2024-03-23T21:00:10.319-0300] {taskinstance.py:1288} INFO - 
--------------------------------------------------------------------------------
[2024-03-23T21:00:10.319-0300] {taskinstance.py:1289} INFO - Starting attempt 1 of 1
[2024-03-23T21:00:10.319-0300] {taskinstance.py:1290} INFO - 
--------------------------------------------------------------------------------
[2024-03-23T21:00:10.331-0300] {taskinstance.py:1309} INFO - Executing <Task(BashOperator): hello_world_task> on 2024-03-23 00:00:00+00:00
[2024-03-23T21:00:10.332-0300] {standard_task_runner.py:55} INFO - Started process 7497 to run task
[2024-03-23T21:00:10.334-0300] {standard_task_runner.py:82} INFO - Running: ['airflow', 'tasks', 'run', 'hello_world', 'hello_world_task', 'scheduled__2024-03-23T00:00:00+00:00', '--job-id', '104', '--raw', '--subdir', 'DAGS_FOLDER/simple_hello.py', '--cfg-path', '/tmp/tmpha441v98']
[2024-03-23T21:00:10.334-0300] {standard_task_runner.py:83} INFO - Job 104: Subtask hello_world_task
[2024-03-23T21:00:10.366-0300] {task_command.py:389} INFO - Running <TaskInstance: hello_world.hello_world_task scheduled__2024-03-23T00:00:00+00:00 [running]> on host DESKTOP-0DNP0LN.localdomain
[2024-03-23T21:00:10.409-0300] {taskinstance.py:1518} INFO - Exporting the following env vars:
AIRFLOW_CTX_DAG_OWNER=falcone
AIRFLOW_CTX_DAG_ID=hello_world
AIRFLOW_CTX_TASK_ID=hello_world_task
AIRFLOW_CTX_EXECUTION_DATE=2024-03-23T00:00:00+00:00
AIRFLOW_CTX_TRY_NUMBER=1
AIRFLOW_CTX_DAG_RUN_ID=scheduled__2024-03-23T00:00:00+00:00
[2024-03-23T21:00:10.409-0300] {subprocess.py:63} INFO - Tmp dir root location: 
 /tmp
[2024-03-23T21:00:10.410-0300] {subprocess.py:75} INFO - Running command: ['/usr/bin/bash', '-c', 'echo Hello World once again!']
[2024-03-23T21:00:10.412-0300] {subprocess.py:86} INFO - Output:
[2024-03-23T21:00:10.413-0300] {subprocess.py:93} INFO - Hello World once again!
[2024-03-23T21:00:10.413-0300] {subprocess.py:97} INFO - Command exited with return code 0
[2024-03-23T21:00:10.427-0300] {taskinstance.py:1332} INFO - Marking task as SUCCESS. dag_id=hello_world, task_id=hello_world_task, execution_date=20240323T000000, start_date=20240324T000010, end_date=20240324T000010
[2024-03-23T21:00:10.465-0300] {local_task_job.py:212} INFO - Task exited with return code 0
[2024-03-23T21:00:10.473-0300] {taskinstance.py:2596} INFO - 0 downstream tasks scheduled from follow-on schedule check
