[2024-03-21T11:41:51.695-0300] {taskinstance.py:1090} INFO - Dependencies all met for dep_context=non-requeueable deps ti=<TaskInstance: hello_world.hello_world_task scheduled__2024-03-20T00:00:00+00:00 [queued]>
[2024-03-21T11:41:51.700-0300] {taskinstance.py:1090} INFO - Dependencies all met for dep_context=requeueable deps ti=<TaskInstance: hello_world.hello_world_task scheduled__2024-03-20T00:00:00+00:00 [queued]>
[2024-03-21T11:41:51.700-0300] {taskinstance.py:1288} INFO - 
--------------------------------------------------------------------------------
[2024-03-21T11:41:51.700-0300] {taskinstance.py:1289} INFO - Starting attempt 1 of 1
[2024-03-21T11:41:51.700-0300] {taskinstance.py:1290} INFO - 
--------------------------------------------------------------------------------
[2024-03-21T11:41:51.711-0300] {taskinstance.py:1309} INFO - Executing <Task(BashOperator): hello_world_task> on 2024-03-20 00:00:00+00:00
[2024-03-21T11:41:51.712-0300] {standard_task_runner.py:55} INFO - Started process 1984 to run task
[2024-03-21T11:41:51.714-0300] {standard_task_runner.py:82} INFO - Running: ['airflow', 'tasks', 'run', 'hello_world', 'hello_world_task', 'scheduled__2024-03-20T00:00:00+00:00', '--job-id', '10', '--raw', '--subdir', 'DAGS_FOLDER/simple_hello.py', '--cfg-path', '/tmp/tmpsc82t7kf']
[2024-03-21T11:41:51.715-0300] {standard_task_runner.py:83} INFO - Job 10: Subtask hello_world_task
[2024-03-21T11:41:51.748-0300] {task_command.py:389} INFO - Running <TaskInstance: hello_world.hello_world_task scheduled__2024-03-20T00:00:00+00:00 [running]> on host DESKTOP-0DNP0LN.localdomain
[2024-03-21T11:41:51.790-0300] {taskinstance.py:1518} INFO - Exporting the following env vars:
AIRFLOW_CTX_DAG_OWNER=falcone
AIRFLOW_CTX_DAG_ID=hello_world
AIRFLOW_CTX_TASK_ID=hello_world_task
AIRFLOW_CTX_EXECUTION_DATE=2024-03-20T00:00:00+00:00
AIRFLOW_CTX_TRY_NUMBER=1
AIRFLOW_CTX_DAG_RUN_ID=scheduled__2024-03-20T00:00:00+00:00
[2024-03-21T11:41:51.790-0300] {subprocess.py:63} INFO - Tmp dir root location: 
 /tmp
[2024-03-21T11:41:51.791-0300] {subprocess.py:75} INFO - Running command: ['/usr/bin/bash', '-c', 'echo Hello World once again!']
[2024-03-21T11:41:51.793-0300] {subprocess.py:86} INFO - Output:
[2024-03-21T11:41:51.794-0300] {subprocess.py:93} INFO - Hello World once again!
[2024-03-21T11:41:51.794-0300] {subprocess.py:97} INFO - Command exited with return code 0
[2024-03-21T11:41:51.808-0300] {taskinstance.py:1332} INFO - Marking task as SUCCESS. dag_id=hello_world, task_id=hello_world_task, execution_date=20240320T000000, start_date=20240321T144151, end_date=20240321T144151
[2024-03-21T11:41:51.846-0300] {local_task_job.py:212} INFO - Task exited with return code 0
[2024-03-21T11:41:51.853-0300] {taskinstance.py:2596} INFO - 0 downstream tasks scheduled from follow-on schedule check
