[2024-03-23T19:45:01.598-0300] {taskinstance.py:1090} INFO - Dependencies all met for dep_context=non-requeueable deps ti=<TaskInstance: execute_python_operators2.task_b scheduled__2024-03-22T00:00:00+00:00 [queued]>
[2024-03-23T19:45:01.603-0300] {taskinstance.py:1090} INFO - Dependencies all met for dep_context=requeueable deps ti=<TaskInstance: execute_python_operators2.task_b scheduled__2024-03-22T00:00:00+00:00 [queued]>
[2024-03-23T19:45:01.603-0300] {taskinstance.py:1288} INFO - 
--------------------------------------------------------------------------------
[2024-03-23T19:45:01.603-0300] {taskinstance.py:1289} INFO - Starting attempt 1 of 1
[2024-03-23T19:45:01.603-0300] {taskinstance.py:1290} INFO - 
--------------------------------------------------------------------------------
[2024-03-23T19:45:01.616-0300] {taskinstance.py:1309} INFO - Executing <Task(PythonOperator): task_b> on 2024-03-22 00:00:00+00:00
[2024-03-23T19:45:01.618-0300] {standard_task_runner.py:55} INFO - Started process 130 to run task
[2024-03-23T19:45:01.619-0300] {standard_task_runner.py:82} INFO - Running: ['airflow', 'tasks', 'run', 'execute_python_operators2', 'task_b', 'scheduled__2024-03-22T00:00:00+00:00', '--job-id', '77', '--raw', '--subdir', 'DAGS_FOLDER/python_operators2.py', '--cfg-path', '/tmp/tmpyihh204m']
[2024-03-23T19:45:01.620-0300] {standard_task_runner.py:83} INFO - Job 77: Subtask task_b
[2024-03-23T19:45:01.650-0300] {task_command.py:389} INFO - Running <TaskInstance: execute_python_operators2.task_b scheduled__2024-03-22T00:00:00+00:00 [running]> on host DESKTOP-0DNP0LN.localdomain
[2024-03-23T19:45:01.689-0300] {taskinstance.py:1518} INFO - Exporting the following env vars:
AIRFLOW_CTX_DAG_OWNER=falcone
AIRFLOW_CTX_DAG_ID=execute_python_operators2
AIRFLOW_CTX_TASK_ID=task_b
AIRFLOW_CTX_EXECUTION_DATE=2024-03-22T00:00:00+00:00
AIRFLOW_CTX_TRY_NUMBER=1
AIRFLOW_CTX_DAG_RUN_ID=scheduled__2024-03-22T00:00:00+00:00
[2024-03-23T19:45:04.693-0300] {logging_mixin.py:137} INFO - Task B executed!
[2024-03-23T19:45:04.693-0300] {python.py:177} INFO - Done. Returned value was: None
[2024-03-23T19:45:04.697-0300] {taskinstance.py:1332} INFO - Marking task as SUCCESS. dag_id=execute_python_operators2, task_id=task_b, execution_date=20240322T000000, start_date=20240323T224501, end_date=20240323T224504
[2024-03-23T19:45:04.734-0300] {local_task_job.py:212} INFO - Task exited with return code 0
[2024-03-23T19:45:04.747-0300] {taskinstance.py:2596} INFO - 0 downstream tasks scheduled from follow-on schedule check
