[2024-03-20T22:16:36.051-0300] {taskinstance.py:1090} INFO - Dependencies all met for dep_context=non-requeueable deps ti=<TaskInstance: example_branch_operator.branching manual__2024-03-21T01:16:33.534741+00:00 [queued]>
[2024-03-20T22:16:36.056-0300] {taskinstance.py:1090} INFO - Dependencies all met for dep_context=requeueable deps ti=<TaskInstance: example_branch_operator.branching manual__2024-03-21T01:16:33.534741+00:00 [queued]>
[2024-03-20T22:16:36.056-0300] {taskinstance.py:1288} INFO - 
--------------------------------------------------------------------------------
[2024-03-20T22:16:36.056-0300] {taskinstance.py:1289} INFO - Starting attempt 1 of 1
[2024-03-20T22:16:36.056-0300] {taskinstance.py:1290} INFO - 
--------------------------------------------------------------------------------
[2024-03-20T22:16:36.067-0300] {taskinstance.py:1309} INFO - Executing <Task(BranchPythonOperator): branching> on 2024-03-21 01:16:33.534741+00:00
[2024-03-20T22:16:36.068-0300] {standard_task_runner.py:55} INFO - Started process 1446 to run task
[2024-03-20T22:16:36.070-0300] {standard_task_runner.py:82} INFO - Running: ['airflow', 'tasks', 'run', 'example_branch_operator', 'branching', 'manual__2024-03-21T01:16:33.534741+00:00', '--job-id', '4', '--raw', '--subdir', '/home/carlosfalcone/.local/lib/python3.7/site-packages/airflow/example_dags/example_branch_operator.py', '--cfg-path', '/tmp/tmpmo1wa8qg']
[2024-03-20T22:16:36.071-0300] {standard_task_runner.py:83} INFO - Job 4: Subtask branching
[2024-03-20T22:16:36.100-0300] {task_command.py:389} INFO - Running <TaskInstance: example_branch_operator.branching manual__2024-03-21T01:16:33.534741+00:00 [running]> on host DESKTOP-0DNP0LN.localdomain
[2024-03-20T22:16:36.137-0300] {taskinstance.py:1518} INFO - Exporting the following env vars:
AIRFLOW_CTX_DAG_OWNER=airflow
AIRFLOW_CTX_DAG_ID=example_branch_operator
AIRFLOW_CTX_TASK_ID=branching
AIRFLOW_CTX_EXECUTION_DATE=2024-03-21T01:16:33.534741+00:00
AIRFLOW_CTX_TRY_NUMBER=1
AIRFLOW_CTX_DAG_RUN_ID=manual__2024-03-21T01:16:33.534741+00:00
[2024-03-20T22:16:36.138-0300] {python.py:177} INFO - Done. Returned value was: branch_b
[2024-03-20T22:16:36.138-0300] {python.py:211} INFO - Branch callable return branch_b
[2024-03-20T22:16:36.138-0300] {skipmixin.py:155} INFO - Following branch branch_b
[2024-03-20T22:16:36.138-0300] {skipmixin.py:211} INFO - Skipping tasks ['branch_a', 'branch_c', 'branch_d']
[2024-03-20T22:16:36.164-0300] {taskinstance.py:1332} INFO - Marking task as SUCCESS. dag_id=example_branch_operator, task_id=branching, execution_date=20240321T011633, start_date=20240321T011636, end_date=20240321T011636
[2024-03-20T22:16:36.202-0300] {local_task_job.py:212} INFO - Task exited with return code 0
[2024-03-20T22:16:36.218-0300] {taskinstance.py:2596} INFO - 0 downstream tasks scheduled from follow-on schedule check
