[2024-03-21T19:47:23.080-0300] {taskinstance.py:1090} INFO - Dependencies all met for dep_context=non-requeueable deps ti=<TaskInstance: executing_multiple_tasks3.task_C manual__2024-03-21T22:47:18.782977+00:00 [queued]>
[2024-03-21T19:47:23.085-0300] {taskinstance.py:1090} INFO - Dependencies all met for dep_context=requeueable deps ti=<TaskInstance: executing_multiple_tasks3.task_C manual__2024-03-21T22:47:18.782977+00:00 [queued]>
[2024-03-21T19:47:23.085-0300] {taskinstance.py:1288} INFO - 
--------------------------------------------------------------------------------
[2024-03-21T19:47:23.085-0300] {taskinstance.py:1289} INFO - Starting attempt 1 of 1
[2024-03-21T19:47:23.085-0300] {taskinstance.py:1290} INFO - 
--------------------------------------------------------------------------------
[2024-03-21T19:47:23.096-0300] {taskinstance.py:1309} INFO - Executing <Task(BashOperator): task_C> on 2024-03-21 22:47:18.782977+00:00
[2024-03-21T19:47:23.097-0300] {standard_task_runner.py:55} INFO - Started process 3186 to run task
[2024-03-21T19:47:23.099-0300] {standard_task_runner.py:82} INFO - Running: ['airflow', 'tasks', 'run', 'executing_multiple_tasks3', 'task_C', 'manual__2024-03-21T22:47:18.782977+00:00', '--job-id', '45', '--raw', '--subdir', 'DAGS_FOLDER/multiple_tasks3.py', '--cfg-path', '/tmp/tmpv4nknpp3']
[2024-03-21T19:47:23.099-0300] {standard_task_runner.py:83} INFO - Job 45: Subtask task_C
[2024-03-21T19:47:23.128-0300] {task_command.py:389} INFO - Running <TaskInstance: executing_multiple_tasks3.task_C manual__2024-03-21T22:47:18.782977+00:00 [running]> on host DESKTOP-0DNP0LN.localdomain
[2024-03-21T19:47:23.167-0300] {taskinstance.py:1518} INFO - Exporting the following env vars:
AIRFLOW_CTX_DAG_OWNER=falcone
AIRFLOW_CTX_DAG_ID=executing_multiple_tasks3
AIRFLOW_CTX_TASK_ID=task_C
AIRFLOW_CTX_EXECUTION_DATE=2024-03-21T22:47:18.782977+00:00
AIRFLOW_CTX_TRY_NUMBER=1
AIRFLOW_CTX_DAG_RUN_ID=manual__2024-03-21T22:47:18.782977+00:00
[2024-03-21T19:47:23.167-0300] {subprocess.py:63} INFO - Tmp dir root location: 
 /tmp
[2024-03-21T19:47:23.167-0300] {subprocess.py:75} INFO - Running command: ['/usr/bin/bash', '-c', '']
[2024-03-21T19:47:23.170-0300] {subprocess.py:86} INFO - Output:
[2024-03-21T19:47:23.170-0300] {subprocess.py:97} INFO - Command exited with return code 0
[2024-03-21T19:47:23.183-0300] {taskinstance.py:1332} INFO - Marking task as SUCCESS. dag_id=executing_multiple_tasks3, task_id=task_C, execution_date=20240321T224718, start_date=20240321T224723, end_date=20240321T224723
[2024-03-21T19:47:23.230-0300] {local_task_job.py:212} INFO - Task exited with return code 0
[2024-03-21T19:47:23.240-0300] {taskinstance.py:2596} INFO - 1 downstream tasks scheduled from follow-on schedule check
