[2024-03-23T19:44:52.356-0300] {taskinstance.py:1090} INFO - Dependencies all met for dep_context=non-requeueable deps ti=<TaskInstance: executing_multiple_tasks2.task_B scheduled__2024-03-21T00:00:00+00:00 [queued]>
[2024-03-23T19:44:52.360-0300] {taskinstance.py:1090} INFO - Dependencies all met for dep_context=requeueable deps ti=<TaskInstance: executing_multiple_tasks2.task_B scheduled__2024-03-21T00:00:00+00:00 [queued]>
[2024-03-23T19:44:52.361-0300] {taskinstance.py:1288} INFO - 
--------------------------------------------------------------------------------
[2024-03-23T19:44:52.361-0300] {taskinstance.py:1289} INFO - Starting attempt 1 of 1
[2024-03-23T19:44:52.361-0300] {taskinstance.py:1290} INFO - 
--------------------------------------------------------------------------------
[2024-03-23T19:44:52.373-0300] {taskinstance.py:1309} INFO - Executing <Task(BashOperator): task_B> on 2024-03-21 00:00:00+00:00
[2024-03-23T19:44:52.374-0300] {standard_task_runner.py:55} INFO - Started process 118 to run task
[2024-03-23T19:44:52.376-0300] {standard_task_runner.py:82} INFO - Running: ['airflow', 'tasks', 'run', 'executing_multiple_tasks2', 'task_B', 'scheduled__2024-03-21T00:00:00+00:00', '--job-id', '75', '--raw', '--subdir', 'DAGS_FOLDER/multiple_tasks2.py', '--cfg-path', '/tmp/tmpbs_kbig0']
[2024-03-23T19:44:52.376-0300] {standard_task_runner.py:83} INFO - Job 75: Subtask task_B
[2024-03-23T19:44:52.405-0300] {task_command.py:389} INFO - Running <TaskInstance: executing_multiple_tasks2.task_B scheduled__2024-03-21T00:00:00+00:00 [running]> on host DESKTOP-0DNP0LN.localdomain
[2024-03-23T19:44:52.448-0300] {taskinstance.py:1518} INFO - Exporting the following env vars:
AIRFLOW_CTX_DAG_OWNER=falcone
AIRFLOW_CTX_DAG_ID=executing_multiple_tasks2
AIRFLOW_CTX_TASK_ID=task_B
AIRFLOW_CTX_EXECUTION_DATE=2024-03-21T00:00:00+00:00
AIRFLOW_CTX_TRY_NUMBER=1
AIRFLOW_CTX_DAG_RUN_ID=scheduled__2024-03-21T00:00:00+00:00
[2024-03-23T19:44:52.448-0300] {subprocess.py:63} INFO - Tmp dir root location: 
 /tmp
[2024-03-23T19:44:52.448-0300] {subprocess.py:75} INFO - Running command: ['/usr/bin/bash', '-c', '\n            echo Task B has started!\n            sleep 4\n            echo Task B has ended!\n        ']
[2024-03-23T19:44:52.451-0300] {subprocess.py:86} INFO - Output:
[2024-03-23T19:44:52.451-0300] {subprocess.py:93} INFO - Task B has started!
[2024-03-23T19:44:56.452-0300] {subprocess.py:93} INFO - Task B has ended!
[2024-03-23T19:44:56.452-0300] {subprocess.py:97} INFO - Command exited with return code 0
[2024-03-23T19:44:56.466-0300] {taskinstance.py:1332} INFO - Marking task as SUCCESS. dag_id=executing_multiple_tasks2, task_id=task_B, execution_date=20240321T000000, start_date=20240323T224452, end_date=20240323T224456
[2024-03-23T19:44:56.500-0300] {local_task_job.py:212} INFO - Task exited with return code 0
[2024-03-23T19:44:56.511-0300] {taskinstance.py:2596} INFO - 0 downstream tasks scheduled from follow-on schedule check
