[2024-03-23T20:44:27.204-0300] {taskinstance.py:1090} INFO - Dependencies all met for dep_context=non-requeueable deps ti=<TaskInstance: cross_task_communication.increment_by_1 scheduled__2024-03-22T00:00:00+00:00 [queued]>
[2024-03-23T20:44:27.208-0300] {taskinstance.py:1090} INFO - Dependencies all met for dep_context=requeueable deps ti=<TaskInstance: cross_task_communication.increment_by_1 scheduled__2024-03-22T00:00:00+00:00 [queued]>
[2024-03-23T20:44:27.208-0300] {taskinstance.py:1288} INFO - 
--------------------------------------------------------------------------------
[2024-03-23T20:44:27.208-0300] {taskinstance.py:1289} INFO - Starting attempt 1 of 1
[2024-03-23T20:44:27.208-0300] {taskinstance.py:1290} INFO - 
--------------------------------------------------------------------------------
[2024-03-23T20:44:27.219-0300] {taskinstance.py:1309} INFO - Executing <Task(PythonOperator): increment_by_1> on 2024-03-22 00:00:00+00:00
[2024-03-23T20:44:27.220-0300] {standard_task_runner.py:55} INFO - Started process 5762 to run task
[2024-03-23T20:44:27.222-0300] {standard_task_runner.py:82} INFO - Running: ['airflow', 'tasks', 'run', 'cross_task_communication', 'increment_by_1', 'scheduled__2024-03-22T00:00:00+00:00', '--job-id', '94', '--raw', '--subdir', 'DAGS_FOLDER/cross_task_communication.py', '--cfg-path', '/tmp/tmp_g6po9rb']
[2024-03-23T20:44:27.223-0300] {standard_task_runner.py:83} INFO - Job 94: Subtask increment_by_1
[2024-03-23T20:44:27.256-0300] {task_command.py:389} INFO - Running <TaskInstance: cross_task_communication.increment_by_1 scheduled__2024-03-22T00:00:00+00:00 [running]> on host DESKTOP-0DNP0LN.localdomain
[2024-03-23T20:44:27.299-0300] {taskinstance.py:1518} INFO - Exporting the following env vars:
AIRFLOW_CTX_DAG_OWNER=falcone
AIRFLOW_CTX_DAG_ID=cross_task_communication
AIRFLOW_CTX_TASK_ID=increment_by_1
AIRFLOW_CTX_EXECUTION_DATE=2024-03-22T00:00:00+00:00
AIRFLOW_CTX_TRY_NUMBER=1
AIRFLOW_CTX_DAG_RUN_ID=scheduled__2024-03-22T00:00:00+00:00
[2024-03-23T20:44:27.299-0300] {logging_mixin.py:137} INFO - Count, 100!
[2024-03-23T20:44:27.299-0300] {python.py:177} INFO - Done. Returned value was: 101
[2024-03-23T20:44:27.311-0300] {taskinstance.py:1332} INFO - Marking task as SUCCESS. dag_id=cross_task_communication, task_id=increment_by_1, execution_date=20240322T000000, start_date=20240323T234427, end_date=20240323T234427
[2024-03-23T20:44:27.354-0300] {local_task_job.py:212} INFO - Task exited with return code 0
[2024-03-23T20:44:27.364-0300] {taskinstance.py:2596} INFO - 1 downstream tasks scheduled from follow-on schedule check
