[2024-03-21T20:07:09.313-0300] {processor.py:153} INFO - Started process (PID=5213) to work on /home/carlosfalcone/airflow/dags/python_operators.py
[2024-03-21T20:07:09.314-0300] {processor.py:743} INFO - Processing file /home/carlosfalcone/airflow/dags/python_operators.py for tasks to queue
[2024-03-21T20:07:09.314-0300] {logging_mixin.py:137} INFO - [2024-03-21T20:07:09.314-0300] {dagbag.py:532} INFO - Filling up the DagBag from /home/carlosfalcone/airflow/dags/python_operators.py
[2024-03-21T20:07:09.319-0300] {logging_mixin.py:137} INFO - [2024-03-21T20:07:09.319-0300] {dagbag.py:341} ERROR - Failed to import: /home/carlosfalcone/airflow/dags/python_operators.py
Traceback (most recent call last):
  File "/home/carlosfalcone/.local/lib/python3.7/site-packages/airflow/models/dagbag.py", line 337, in parse
    loader.exec_module(new_module)
  File "<frozen importlib._bootstrap_external>", line 728, in exec_module
  File "<frozen importlib._bootstrap>", line 219, in _call_with_frames_removed
  File "/home/carlosfalcone/airflow/dags/python_operators.py", line 4, in <module>
    from airflow.operators.python import BashOperator
ImportError: cannot import name 'BashOperator' from 'airflow.operators.python' (/home/carlosfalcone/.local/lib/python3.7/site-packages/airflow/operators/python.py)
[2024-03-21T20:07:09.319-0300] {processor.py:755} WARNING - No viable dags retrieved from /home/carlosfalcone/airflow/dags/python_operators.py
[2024-03-21T20:07:09.331-0300] {processor.py:175} INFO - Processing /home/carlosfalcone/airflow/dags/python_operators.py took 0.020 seconds
[2024-03-21T20:07:40.094-0300] {processor.py:153} INFO - Started process (PID=5264) to work on /home/carlosfalcone/airflow/dags/python_operators.py
[2024-03-21T20:07:40.095-0300] {processor.py:743} INFO - Processing file /home/carlosfalcone/airflow/dags/python_operators.py for tasks to queue
[2024-03-21T20:07:40.096-0300] {logging_mixin.py:137} INFO - [2024-03-21T20:07:40.096-0300] {dagbag.py:532} INFO - Filling up the DagBag from /home/carlosfalcone/airflow/dags/python_operators.py
[2024-03-21T20:07:40.099-0300] {logging_mixin.py:137} INFO - [2024-03-21T20:07:40.099-0300] {dagbag.py:341} ERROR - Failed to import: /home/carlosfalcone/airflow/dags/python_operators.py
Traceback (most recent call last):
  File "/home/carlosfalcone/.local/lib/python3.7/site-packages/airflow/models/dagbag.py", line 337, in parse
    loader.exec_module(new_module)
  File "<frozen importlib._bootstrap_external>", line 728, in exec_module
  File "<frozen importlib._bootstrap>", line 219, in _call_with_frames_removed
  File "/home/carlosfalcone/airflow/dags/python_operators.py", line 4, in <module>
    from airflow.operators.python import BashOperator
ImportError: cannot import name 'BashOperator' from 'airflow.operators.python' (/home/carlosfalcone/.local/lib/python3.7/site-packages/airflow/operators/python.py)
[2024-03-21T20:07:40.099-0300] {processor.py:755} WARNING - No viable dags retrieved from /home/carlosfalcone/airflow/dags/python_operators.py
[2024-03-21T20:07:40.112-0300] {processor.py:175} INFO - Processing /home/carlosfalcone/airflow/dags/python_operators.py took 0.019 seconds
[2024-03-21T20:08:10.289-0300] {processor.py:153} INFO - Started process (PID=5315) to work on /home/carlosfalcone/airflow/dags/python_operators.py
[2024-03-21T20:08:10.290-0300] {processor.py:743} INFO - Processing file /home/carlosfalcone/airflow/dags/python_operators.py for tasks to queue
[2024-03-21T20:08:10.290-0300] {logging_mixin.py:137} INFO - [2024-03-21T20:08:10.290-0300] {dagbag.py:532} INFO - Filling up the DagBag from /home/carlosfalcone/airflow/dags/python_operators.py
[2024-03-21T20:08:10.296-0300] {logging_mixin.py:137} INFO - [2024-03-21T20:08:10.296-0300] {dagbag.py:341} ERROR - Failed to import: /home/carlosfalcone/airflow/dags/python_operators.py
Traceback (most recent call last):
  File "/home/carlosfalcone/.local/lib/python3.7/site-packages/airflow/models/dagbag.py", line 337, in parse
    loader.exec_module(new_module)
  File "<frozen importlib._bootstrap_external>", line 728, in exec_module
  File "<frozen importlib._bootstrap>", line 219, in _call_with_frames_removed
  File "/home/carlosfalcone/airflow/dags/python_operators.py", line 26, in <module>
    task_A >> task_B >> task_E
NameError: name 'task_A' is not defined
[2024-03-21T20:08:10.296-0300] {processor.py:755} WARNING - No viable dags retrieved from /home/carlosfalcone/airflow/dags/python_operators.py
[2024-03-21T20:08:10.309-0300] {processor.py:175} INFO - Processing /home/carlosfalcone/airflow/dags/python_operators.py took 0.021 seconds
[2024-03-21T20:08:40.471-0300] {processor.py:153} INFO - Started process (PID=5366) to work on /home/carlosfalcone/airflow/dags/python_operators.py
[2024-03-21T20:08:40.472-0300] {processor.py:743} INFO - Processing file /home/carlosfalcone/airflow/dags/python_operators.py for tasks to queue
[2024-03-21T20:08:40.473-0300] {logging_mixin.py:137} INFO - [2024-03-21T20:08:40.473-0300] {dagbag.py:532} INFO - Filling up the DagBag from /home/carlosfalcone/airflow/dags/python_operators.py
[2024-03-21T20:08:40.481-0300] {processor.py:753} INFO - DAG(s) dict_keys(['execute_python_operators']) retrieved from /home/carlosfalcone/airflow/dags/python_operators.py
[2024-03-21T20:08:40.549-0300] {logging_mixin.py:137} INFO - [2024-03-21T20:08:40.549-0300] {manager.py:504} INFO - Created Permission View: can delete on DAG:execute_python_operators
[2024-03-21T20:08:40.558-0300] {logging_mixin.py:137} INFO - [2024-03-21T20:08:40.558-0300] {manager.py:504} INFO - Created Permission View: can read on DAG:execute_python_operators
[2024-03-21T20:08:40.565-0300] {logging_mixin.py:137} INFO - [2024-03-21T20:08:40.565-0300] {manager.py:504} INFO - Created Permission View: can edit on DAG:execute_python_operators
[2024-03-21T20:08:40.566-0300] {logging_mixin.py:137} INFO - [2024-03-21T20:08:40.565-0300] {dag.py:2705} INFO - Sync 1 DAGs
[2024-03-21T20:08:40.573-0300] {logging_mixin.py:137} INFO - [2024-03-21T20:08:40.573-0300] {dag.py:2726} INFO - Creating ORM DAG for execute_python_operators
[2024-03-21T20:08:40.579-0300] {logging_mixin.py:137} INFO - [2024-03-21T20:08:40.579-0300] {dag.py:3456} INFO - Setting next_dagrun for execute_python_operators to 2024-03-20T00:00:00+00:00, run_after=2024-03-21T00:00:00+00:00
[2024-03-21T20:08:40.604-0300] {processor.py:175} INFO - Processing /home/carlosfalcone/airflow/dags/python_operators.py took 0.134 seconds
[2024-03-21T20:09:11.692-0300] {processor.py:153} INFO - Started process (PID=5417) to work on /home/carlosfalcone/airflow/dags/python_operators.py
[2024-03-21T20:09:11.693-0300] {processor.py:743} INFO - Processing file /home/carlosfalcone/airflow/dags/python_operators.py for tasks to queue
[2024-03-21T20:09:11.693-0300] {logging_mixin.py:137} INFO - [2024-03-21T20:09:11.693-0300] {dagbag.py:532} INFO - Filling up the DagBag from /home/carlosfalcone/airflow/dags/python_operators.py
[2024-03-21T20:09:11.702-0300] {processor.py:753} INFO - DAG(s) dict_keys(['execute_python_operators']) retrieved from /home/carlosfalcone/airflow/dags/python_operators.py
[2024-03-21T20:09:11.713-0300] {logging_mixin.py:137} INFO - [2024-03-21T20:09:11.713-0300] {dag.py:2705} INFO - Sync 1 DAGs
[2024-03-21T20:09:11.728-0300] {logging_mixin.py:137} INFO - [2024-03-21T20:09:11.728-0300] {dag.py:3456} INFO - Setting next_dagrun for execute_python_operators to 2024-03-20T00:00:00+00:00, run_after=2024-03-21T00:00:00+00:00
[2024-03-21T20:09:11.744-0300] {processor.py:175} INFO - Processing /home/carlosfalcone/airflow/dags/python_operators.py took 0.053 seconds
[2024-03-21T20:09:41.877-0300] {processor.py:153} INFO - Started process (PID=5468) to work on /home/carlosfalcone/airflow/dags/python_operators.py
[2024-03-21T20:09:41.878-0300] {processor.py:743} INFO - Processing file /home/carlosfalcone/airflow/dags/python_operators.py for tasks to queue
[2024-03-21T20:09:41.878-0300] {logging_mixin.py:137} INFO - [2024-03-21T20:09:41.878-0300] {dagbag.py:532} INFO - Filling up the DagBag from /home/carlosfalcone/airflow/dags/python_operators.py
[2024-03-21T20:09:41.887-0300] {processor.py:753} INFO - DAG(s) dict_keys(['execute_python_operators']) retrieved from /home/carlosfalcone/airflow/dags/python_operators.py
[2024-03-21T20:09:41.898-0300] {logging_mixin.py:137} INFO - [2024-03-21T20:09:41.898-0300] {dag.py:2705} INFO - Sync 1 DAGs
[2024-03-21T20:09:41.913-0300] {logging_mixin.py:137} INFO - [2024-03-21T20:09:41.913-0300] {dag.py:3456} INFO - Setting next_dagrun for execute_python_operators to 2024-03-20T00:00:00+00:00, run_after=2024-03-21T00:00:00+00:00
[2024-03-21T20:09:41.929-0300] {processor.py:175} INFO - Processing /home/carlosfalcone/airflow/dags/python_operators.py took 0.054 seconds
[2024-03-21T20:10:12.667-0300] {processor.py:153} INFO - Started process (PID=5522) to work on /home/carlosfalcone/airflow/dags/python_operators.py
[2024-03-21T20:10:12.668-0300] {processor.py:743} INFO - Processing file /home/carlosfalcone/airflow/dags/python_operators.py for tasks to queue
[2024-03-21T20:10:12.669-0300] {logging_mixin.py:137} INFO - [2024-03-21T20:10:12.669-0300] {dagbag.py:532} INFO - Filling up the DagBag from /home/carlosfalcone/airflow/dags/python_operators.py
[2024-03-21T20:10:12.677-0300] {processor.py:753} INFO - DAG(s) dict_keys(['execute_python_operators']) retrieved from /home/carlosfalcone/airflow/dags/python_operators.py
[2024-03-21T20:10:12.688-0300] {logging_mixin.py:137} INFO - [2024-03-21T20:10:12.688-0300] {dag.py:2705} INFO - Sync 1 DAGs
[2024-03-21T20:10:12.702-0300] {logging_mixin.py:137} INFO - [2024-03-21T20:10:12.702-0300] {dag.py:3456} INFO - Setting next_dagrun for execute_python_operators to 2024-03-20T00:00:00+00:00, run_after=2024-03-21T00:00:00+00:00
[2024-03-21T20:10:12.717-0300] {processor.py:175} INFO - Processing /home/carlosfalcone/airflow/dags/python_operators.py took 0.051 seconds
[2024-03-21T20:10:42.855-0300] {processor.py:153} INFO - Started process (PID=5570) to work on /home/carlosfalcone/airflow/dags/python_operators.py
[2024-03-21T20:10:42.856-0300] {processor.py:743} INFO - Processing file /home/carlosfalcone/airflow/dags/python_operators.py for tasks to queue
[2024-03-21T20:10:42.856-0300] {logging_mixin.py:137} INFO - [2024-03-21T20:10:42.856-0300] {dagbag.py:532} INFO - Filling up the DagBag from /home/carlosfalcone/airflow/dags/python_operators.py
[2024-03-21T20:10:42.865-0300] {processor.py:753} INFO - DAG(s) dict_keys(['execute_python_operators']) retrieved from /home/carlosfalcone/airflow/dags/python_operators.py
[2024-03-21T20:10:42.876-0300] {logging_mixin.py:137} INFO - [2024-03-21T20:10:42.876-0300] {dag.py:2705} INFO - Sync 1 DAGs
[2024-03-21T20:10:42.891-0300] {logging_mixin.py:137} INFO - [2024-03-21T20:10:42.891-0300] {dag.py:3456} INFO - Setting next_dagrun for execute_python_operators to 2024-03-20T00:00:00+00:00, run_after=2024-03-21T00:00:00+00:00
[2024-03-21T20:10:42.905-0300] {processor.py:175} INFO - Processing /home/carlosfalcone/airflow/dags/python_operators.py took 0.051 seconds
[2024-03-21T20:11:13.034-0300] {processor.py:153} INFO - Started process (PID=5621) to work on /home/carlosfalcone/airflow/dags/python_operators.py
[2024-03-21T20:11:13.035-0300] {processor.py:743} INFO - Processing file /home/carlosfalcone/airflow/dags/python_operators.py for tasks to queue
[2024-03-21T20:11:13.036-0300] {logging_mixin.py:137} INFO - [2024-03-21T20:11:13.035-0300] {dagbag.py:532} INFO - Filling up the DagBag from /home/carlosfalcone/airflow/dags/python_operators.py
[2024-03-21T20:11:13.045-0300] {processor.py:753} INFO - DAG(s) dict_keys(['execute_python_operators']) retrieved from /home/carlosfalcone/airflow/dags/python_operators.py
[2024-03-21T20:11:13.056-0300] {logging_mixin.py:137} INFO - [2024-03-21T20:11:13.056-0300] {dag.py:2705} INFO - Sync 1 DAGs
[2024-03-21T20:11:13.070-0300] {logging_mixin.py:137} INFO - [2024-03-21T20:11:13.070-0300] {dag.py:3456} INFO - Setting next_dagrun for execute_python_operators to 2024-03-20T00:00:00+00:00, run_after=2024-03-21T00:00:00+00:00
[2024-03-21T20:11:13.086-0300] {processor.py:175} INFO - Processing /home/carlosfalcone/airflow/dags/python_operators.py took 0.053 seconds
[2024-03-21T20:11:43.214-0300] {processor.py:153} INFO - Started process (PID=5672) to work on /home/carlosfalcone/airflow/dags/python_operators.py
[2024-03-21T20:11:43.214-0300] {processor.py:743} INFO - Processing file /home/carlosfalcone/airflow/dags/python_operators.py for tasks to queue
[2024-03-21T20:11:43.215-0300] {logging_mixin.py:137} INFO - [2024-03-21T20:11:43.215-0300] {dagbag.py:532} INFO - Filling up the DagBag from /home/carlosfalcone/airflow/dags/python_operators.py
[2024-03-21T20:11:43.224-0300] {processor.py:753} INFO - DAG(s) dict_keys(['execute_python_operators']) retrieved from /home/carlosfalcone/airflow/dags/python_operators.py
[2024-03-21T20:11:43.235-0300] {logging_mixin.py:137} INFO - [2024-03-21T20:11:43.235-0300] {dag.py:2705} INFO - Sync 1 DAGs
[2024-03-21T20:11:43.250-0300] {logging_mixin.py:137} INFO - [2024-03-21T20:11:43.250-0300] {dag.py:3456} INFO - Setting next_dagrun for execute_python_operators to 2024-03-20T00:00:00+00:00, run_after=2024-03-21T00:00:00+00:00
[2024-03-21T20:11:43.265-0300] {processor.py:175} INFO - Processing /home/carlosfalcone/airflow/dags/python_operators.py took 0.053 seconds
[2024-03-21T20:12:13.393-0300] {processor.py:153} INFO - Started process (PID=5727) to work on /home/carlosfalcone/airflow/dags/python_operators.py
[2024-03-21T20:12:13.394-0300] {processor.py:743} INFO - Processing file /home/carlosfalcone/airflow/dags/python_operators.py for tasks to queue
[2024-03-21T20:12:13.394-0300] {logging_mixin.py:137} INFO - [2024-03-21T20:12:13.394-0300] {dagbag.py:532} INFO - Filling up the DagBag from /home/carlosfalcone/airflow/dags/python_operators.py
[2024-03-21T20:12:13.403-0300] {processor.py:753} INFO - DAG(s) dict_keys(['execute_python_operators']) retrieved from /home/carlosfalcone/airflow/dags/python_operators.py
[2024-03-21T20:12:13.414-0300] {logging_mixin.py:137} INFO - [2024-03-21T20:12:13.414-0300] {dag.py:2705} INFO - Sync 1 DAGs
[2024-03-21T20:12:13.429-0300] {logging_mixin.py:137} INFO - [2024-03-21T20:12:13.429-0300] {dag.py:3456} INFO - Setting next_dagrun for execute_python_operators to 2024-03-21T00:00:00+00:00, run_after=2024-03-22T00:00:00+00:00
[2024-03-21T20:12:13.446-0300] {processor.py:175} INFO - Processing /home/carlosfalcone/airflow/dags/python_operators.py took 0.054 seconds
[2024-03-21T20:12:43.573-0300] {processor.py:153} INFO - Started process (PID=5778) to work on /home/carlosfalcone/airflow/dags/python_operators.py
[2024-03-21T20:12:43.574-0300] {processor.py:743} INFO - Processing file /home/carlosfalcone/airflow/dags/python_operators.py for tasks to queue
[2024-03-21T20:12:43.574-0300] {logging_mixin.py:137} INFO - [2024-03-21T20:12:43.574-0300] {dagbag.py:532} INFO - Filling up the DagBag from /home/carlosfalcone/airflow/dags/python_operators.py
[2024-03-21T20:12:43.583-0300] {processor.py:753} INFO - DAG(s) dict_keys(['execute_python_operators']) retrieved from /home/carlosfalcone/airflow/dags/python_operators.py
[2024-03-21T20:12:43.593-0300] {logging_mixin.py:137} INFO - [2024-03-21T20:12:43.593-0300] {dag.py:2705} INFO - Sync 1 DAGs
[2024-03-21T20:12:43.608-0300] {logging_mixin.py:137} INFO - [2024-03-21T20:12:43.608-0300] {dag.py:3456} INFO - Setting next_dagrun for execute_python_operators to 2024-03-21T00:00:00+00:00, run_after=2024-03-22T00:00:00+00:00
[2024-03-21T20:12:43.626-0300] {processor.py:175} INFO - Processing /home/carlosfalcone/airflow/dags/python_operators.py took 0.054 seconds
[2024-03-21T20:13:13.753-0300] {processor.py:153} INFO - Started process (PID=5829) to work on /home/carlosfalcone/airflow/dags/python_operators.py
[2024-03-21T20:13:13.754-0300] {processor.py:743} INFO - Processing file /home/carlosfalcone/airflow/dags/python_operators.py for tasks to queue
[2024-03-21T20:13:13.754-0300] {logging_mixin.py:137} INFO - [2024-03-21T20:13:13.754-0300] {dagbag.py:532} INFO - Filling up the DagBag from /home/carlosfalcone/airflow/dags/python_operators.py
[2024-03-21T20:13:13.763-0300] {processor.py:753} INFO - DAG(s) dict_keys(['execute_python_operators']) retrieved from /home/carlosfalcone/airflow/dags/python_operators.py
[2024-03-21T20:13:13.773-0300] {logging_mixin.py:137} INFO - [2024-03-21T20:13:13.773-0300] {dag.py:2705} INFO - Sync 1 DAGs
[2024-03-21T20:13:13.787-0300] {logging_mixin.py:137} INFO - [2024-03-21T20:13:13.787-0300] {dag.py:3456} INFO - Setting next_dagrun for execute_python_operators to 2024-03-21T00:00:00+00:00, run_after=2024-03-22T00:00:00+00:00
[2024-03-21T20:13:13.802-0300] {processor.py:175} INFO - Processing /home/carlosfalcone/airflow/dags/python_operators.py took 0.051 seconds
[2024-03-21T20:13:43.922-0300] {processor.py:153} INFO - Started process (PID=5880) to work on /home/carlosfalcone/airflow/dags/python_operators.py
[2024-03-21T20:13:43.922-0300] {processor.py:743} INFO - Processing file /home/carlosfalcone/airflow/dags/python_operators.py for tasks to queue
[2024-03-21T20:13:43.923-0300] {logging_mixin.py:137} INFO - [2024-03-21T20:13:43.923-0300] {dagbag.py:532} INFO - Filling up the DagBag from /home/carlosfalcone/airflow/dags/python_operators.py
[2024-03-21T20:13:43.931-0300] {processor.py:753} INFO - DAG(s) dict_keys(['execute_python_operators']) retrieved from /home/carlosfalcone/airflow/dags/python_operators.py
[2024-03-21T20:13:43.942-0300] {logging_mixin.py:137} INFO - [2024-03-21T20:13:43.942-0300] {dag.py:2705} INFO - Sync 1 DAGs
[2024-03-21T20:13:43.956-0300] {logging_mixin.py:137} INFO - [2024-03-21T20:13:43.956-0300] {dag.py:3456} INFO - Setting next_dagrun for execute_python_operators to 2024-03-21T00:00:00+00:00, run_after=2024-03-22T00:00:00+00:00
[2024-03-21T20:13:43.972-0300] {processor.py:175} INFO - Processing /home/carlosfalcone/airflow/dags/python_operators.py took 0.051 seconds
[2024-03-21T20:14:14.101-0300] {processor.py:153} INFO - Started process (PID=5931) to work on /home/carlosfalcone/airflow/dags/python_operators.py
[2024-03-21T20:14:14.102-0300] {processor.py:743} INFO - Processing file /home/carlosfalcone/airflow/dags/python_operators.py for tasks to queue
[2024-03-21T20:14:14.102-0300] {logging_mixin.py:137} INFO - [2024-03-21T20:14:14.102-0300] {dagbag.py:532} INFO - Filling up the DagBag from /home/carlosfalcone/airflow/dags/python_operators.py
[2024-03-21T20:14:14.111-0300] {processor.py:753} INFO - DAG(s) dict_keys(['execute_python_operators']) retrieved from /home/carlosfalcone/airflow/dags/python_operators.py
[2024-03-21T20:14:14.121-0300] {logging_mixin.py:137} INFO - [2024-03-21T20:14:14.121-0300] {dag.py:2705} INFO - Sync 1 DAGs
[2024-03-21T20:14:14.135-0300] {logging_mixin.py:137} INFO - [2024-03-21T20:14:14.135-0300] {dag.py:3456} INFO - Setting next_dagrun for execute_python_operators to 2024-03-21T00:00:00+00:00, run_after=2024-03-22T00:00:00+00:00
[2024-03-21T20:14:14.152-0300] {processor.py:175} INFO - Processing /home/carlosfalcone/airflow/dags/python_operators.py took 0.053 seconds
[2024-03-21T20:14:44.281-0300] {processor.py:153} INFO - Started process (PID=5982) to work on /home/carlosfalcone/airflow/dags/python_operators.py
[2024-03-21T20:14:44.281-0300] {processor.py:743} INFO - Processing file /home/carlosfalcone/airflow/dags/python_operators.py for tasks to queue
[2024-03-21T20:14:44.282-0300] {logging_mixin.py:137} INFO - [2024-03-21T20:14:44.282-0300] {dagbag.py:532} INFO - Filling up the DagBag from /home/carlosfalcone/airflow/dags/python_operators.py
[2024-03-21T20:14:44.290-0300] {processor.py:753} INFO - DAG(s) dict_keys(['execute_python_operators']) retrieved from /home/carlosfalcone/airflow/dags/python_operators.py
[2024-03-21T20:14:44.301-0300] {logging_mixin.py:137} INFO - [2024-03-21T20:14:44.301-0300] {dag.py:2705} INFO - Sync 1 DAGs
[2024-03-21T20:14:44.315-0300] {logging_mixin.py:137} INFO - [2024-03-21T20:14:44.315-0300] {dag.py:3456} INFO - Setting next_dagrun for execute_python_operators to 2024-03-21T00:00:00+00:00, run_after=2024-03-22T00:00:00+00:00
[2024-03-21T20:14:44.329-0300] {processor.py:175} INFO - Processing /home/carlosfalcone/airflow/dags/python_operators.py took 0.050 seconds
[2024-03-21T20:15:14.439-0300] {processor.py:153} INFO - Started process (PID=6036) to work on /home/carlosfalcone/airflow/dags/python_operators.py
[2024-03-21T20:15:14.440-0300] {processor.py:743} INFO - Processing file /home/carlosfalcone/airflow/dags/python_operators.py for tasks to queue
[2024-03-21T20:15:14.440-0300] {logging_mixin.py:137} INFO - [2024-03-21T20:15:14.440-0300] {dagbag.py:532} INFO - Filling up the DagBag from /home/carlosfalcone/airflow/dags/python_operators.py
[2024-03-21T20:15:14.449-0300] {processor.py:753} INFO - DAG(s) dict_keys(['execute_python_operators']) retrieved from /home/carlosfalcone/airflow/dags/python_operators.py
[2024-03-21T20:15:14.460-0300] {logging_mixin.py:137} INFO - [2024-03-21T20:15:14.460-0300] {dag.py:2705} INFO - Sync 1 DAGs
[2024-03-21T20:15:14.475-0300] {logging_mixin.py:137} INFO - [2024-03-21T20:15:14.475-0300] {dag.py:3456} INFO - Setting next_dagrun for execute_python_operators to 2024-03-21T00:00:00+00:00, run_after=2024-03-22T00:00:00+00:00
[2024-03-21T20:15:14.491-0300] {processor.py:175} INFO - Processing /home/carlosfalcone/airflow/dags/python_operators.py took 0.053 seconds
[2024-03-21T20:15:44.620-0300] {processor.py:153} INFO - Started process (PID=6087) to work on /home/carlosfalcone/airflow/dags/python_operators.py
[2024-03-21T20:15:44.621-0300] {processor.py:743} INFO - Processing file /home/carlosfalcone/airflow/dags/python_operators.py for tasks to queue
[2024-03-21T20:15:44.621-0300] {logging_mixin.py:137} INFO - [2024-03-21T20:15:44.621-0300] {dagbag.py:532} INFO - Filling up the DagBag from /home/carlosfalcone/airflow/dags/python_operators.py
[2024-03-21T20:15:44.630-0300] {processor.py:753} INFO - DAG(s) dict_keys(['execute_python_operators']) retrieved from /home/carlosfalcone/airflow/dags/python_operators.py
[2024-03-21T20:15:44.641-0300] {logging_mixin.py:137} INFO - [2024-03-21T20:15:44.641-0300] {dag.py:2705} INFO - Sync 1 DAGs
[2024-03-21T20:15:44.658-0300] {logging_mixin.py:137} INFO - [2024-03-21T20:15:44.658-0300] {dag.py:3456} INFO - Setting next_dagrun for execute_python_operators to 2024-03-21T00:00:00+00:00, run_after=2024-03-22T00:00:00+00:00
[2024-03-21T20:15:44.673-0300] {processor.py:175} INFO - Processing /home/carlosfalcone/airflow/dags/python_operators.py took 0.055 seconds
[2024-03-21T20:16:14.799-0300] {processor.py:153} INFO - Started process (PID=6135) to work on /home/carlosfalcone/airflow/dags/python_operators.py
[2024-03-21T20:16:14.800-0300] {processor.py:743} INFO - Processing file /home/carlosfalcone/airflow/dags/python_operators.py for tasks to queue
[2024-03-21T20:16:14.800-0300] {logging_mixin.py:137} INFO - [2024-03-21T20:16:14.800-0300] {dagbag.py:532} INFO - Filling up the DagBag from /home/carlosfalcone/airflow/dags/python_operators.py
[2024-03-21T20:16:14.810-0300] {processor.py:753} INFO - DAG(s) dict_keys(['execute_python_operators']) retrieved from /home/carlosfalcone/airflow/dags/python_operators.py
[2024-03-21T20:16:14.822-0300] {logging_mixin.py:137} INFO - [2024-03-21T20:16:14.822-0300] {dag.py:2705} INFO - Sync 1 DAGs
[2024-03-21T20:16:14.837-0300] {logging_mixin.py:137} INFO - [2024-03-21T20:16:14.837-0300] {dag.py:3456} INFO - Setting next_dagrun for execute_python_operators to 2024-03-21T00:00:00+00:00, run_after=2024-03-22T00:00:00+00:00
[2024-03-21T20:16:14.853-0300] {processor.py:175} INFO - Processing /home/carlosfalcone/airflow/dags/python_operators.py took 0.056 seconds
[2024-03-21T20:16:44.978-0300] {processor.py:153} INFO - Started process (PID=6186) to work on /home/carlosfalcone/airflow/dags/python_operators.py
[2024-03-21T20:16:44.978-0300] {processor.py:743} INFO - Processing file /home/carlosfalcone/airflow/dags/python_operators.py for tasks to queue
[2024-03-21T20:16:44.978-0300] {logging_mixin.py:137} INFO - [2024-03-21T20:16:44.978-0300] {dagbag.py:532} INFO - Filling up the DagBag from /home/carlosfalcone/airflow/dags/python_operators.py
[2024-03-21T20:16:44.988-0300] {processor.py:753} INFO - DAG(s) dict_keys(['execute_python_operators']) retrieved from /home/carlosfalcone/airflow/dags/python_operators.py
[2024-03-21T20:16:44.999-0300] {logging_mixin.py:137} INFO - [2024-03-21T20:16:44.999-0300] {dag.py:2705} INFO - Sync 1 DAGs
[2024-03-21T20:16:45.015-0300] {logging_mixin.py:137} INFO - [2024-03-21T20:16:45.015-0300] {dag.py:3456} INFO - Setting next_dagrun for execute_python_operators to 2024-03-21T00:00:00+00:00, run_after=2024-03-22T00:00:00+00:00
[2024-03-21T20:16:45.031-0300] {processor.py:175} INFO - Processing /home/carlosfalcone/airflow/dags/python_operators.py took 0.055 seconds
[2024-03-21T20:17:15.158-0300] {processor.py:153} INFO - Started process (PID=6238) to work on /home/carlosfalcone/airflow/dags/python_operators.py
[2024-03-21T20:17:15.159-0300] {processor.py:743} INFO - Processing file /home/carlosfalcone/airflow/dags/python_operators.py for tasks to queue
[2024-03-21T20:17:15.159-0300] {logging_mixin.py:137} INFO - [2024-03-21T20:17:15.159-0300] {dagbag.py:532} INFO - Filling up the DagBag from /home/carlosfalcone/airflow/dags/python_operators.py
[2024-03-21T20:17:15.168-0300] {processor.py:753} INFO - DAG(s) dict_keys(['execute_python_operators']) retrieved from /home/carlosfalcone/airflow/dags/python_operators.py
[2024-03-21T20:17:15.179-0300] {logging_mixin.py:137} INFO - [2024-03-21T20:17:15.178-0300] {dag.py:2705} INFO - Sync 1 DAGs
[2024-03-21T20:17:15.193-0300] {logging_mixin.py:137} INFO - [2024-03-21T20:17:15.193-0300] {dag.py:3456} INFO - Setting next_dagrun for execute_python_operators to 2024-03-21T00:00:00+00:00, run_after=2024-03-22T00:00:00+00:00
[2024-03-21T20:17:15.210-0300] {processor.py:175} INFO - Processing /home/carlosfalcone/airflow/dags/python_operators.py took 0.053 seconds
[2024-03-21T20:17:45.341-0300] {processor.py:153} INFO - Started process (PID=6290) to work on /home/carlosfalcone/airflow/dags/python_operators.py
[2024-03-21T20:17:45.341-0300] {processor.py:743} INFO - Processing file /home/carlosfalcone/airflow/dags/python_operators.py for tasks to queue
[2024-03-21T20:17:45.342-0300] {logging_mixin.py:137} INFO - [2024-03-21T20:17:45.342-0300] {dagbag.py:532} INFO - Filling up the DagBag from /home/carlosfalcone/airflow/dags/python_operators.py
[2024-03-21T20:17:45.351-0300] {processor.py:753} INFO - DAG(s) dict_keys(['execute_python_operators']) retrieved from /home/carlosfalcone/airflow/dags/python_operators.py
[2024-03-21T20:17:45.362-0300] {logging_mixin.py:137} INFO - [2024-03-21T20:17:45.361-0300] {dag.py:2705} INFO - Sync 1 DAGs
[2024-03-21T20:17:45.377-0300] {logging_mixin.py:137} INFO - [2024-03-21T20:17:45.377-0300] {dag.py:3456} INFO - Setting next_dagrun for execute_python_operators to 2024-03-21T00:00:00+00:00, run_after=2024-03-22T00:00:00+00:00
[2024-03-21T20:17:45.392-0300] {processor.py:175} INFO - Processing /home/carlosfalcone/airflow/dags/python_operators.py took 0.053 seconds
[2024-03-21T20:18:15.522-0300] {processor.py:153} INFO - Started process (PID=6342) to work on /home/carlosfalcone/airflow/dags/python_operators.py
[2024-03-21T20:18:15.523-0300] {processor.py:743} INFO - Processing file /home/carlosfalcone/airflow/dags/python_operators.py for tasks to queue
[2024-03-21T20:18:15.523-0300] {logging_mixin.py:137} INFO - [2024-03-21T20:18:15.523-0300] {dagbag.py:532} INFO - Filling up the DagBag from /home/carlosfalcone/airflow/dags/python_operators.py
[2024-03-21T20:18:15.532-0300] {processor.py:753} INFO - DAG(s) dict_keys(['execute_python_operators']) retrieved from /home/carlosfalcone/airflow/dags/python_operators.py
[2024-03-21T20:18:15.543-0300] {logging_mixin.py:137} INFO - [2024-03-21T20:18:15.543-0300] {dag.py:2705} INFO - Sync 1 DAGs
[2024-03-21T20:18:15.558-0300] {logging_mixin.py:137} INFO - [2024-03-21T20:18:15.558-0300] {dag.py:3456} INFO - Setting next_dagrun for execute_python_operators to 2024-03-21T00:00:00+00:00, run_after=2024-03-22T00:00:00+00:00
[2024-03-21T20:18:15.573-0300] {processor.py:175} INFO - Processing /home/carlosfalcone/airflow/dags/python_operators.py took 0.053 seconds
[2024-03-21T20:18:45.703-0300] {processor.py:153} INFO - Started process (PID=6394) to work on /home/carlosfalcone/airflow/dags/python_operators.py
[2024-03-21T20:18:45.704-0300] {processor.py:743} INFO - Processing file /home/carlosfalcone/airflow/dags/python_operators.py for tasks to queue
[2024-03-21T20:18:45.704-0300] {logging_mixin.py:137} INFO - [2024-03-21T20:18:45.704-0300] {dagbag.py:532} INFO - Filling up the DagBag from /home/carlosfalcone/airflow/dags/python_operators.py
[2024-03-21T20:18:45.713-0300] {processor.py:753} INFO - DAG(s) dict_keys(['execute_python_operators']) retrieved from /home/carlosfalcone/airflow/dags/python_operators.py
[2024-03-21T20:18:45.724-0300] {logging_mixin.py:137} INFO - [2024-03-21T20:18:45.724-0300] {dag.py:2705} INFO - Sync 1 DAGs
[2024-03-21T20:18:45.739-0300] {logging_mixin.py:137} INFO - [2024-03-21T20:18:45.738-0300] {dag.py:3456} INFO - Setting next_dagrun for execute_python_operators to 2024-03-21T00:00:00+00:00, run_after=2024-03-22T00:00:00+00:00
[2024-03-21T20:18:45.755-0300] {processor.py:175} INFO - Processing /home/carlosfalcone/airflow/dags/python_operators.py took 0.053 seconds
[2024-03-21T20:19:15.883-0300] {processor.py:153} INFO - Started process (PID=6446) to work on /home/carlosfalcone/airflow/dags/python_operators.py
[2024-03-21T20:19:15.884-0300] {processor.py:743} INFO - Processing file /home/carlosfalcone/airflow/dags/python_operators.py for tasks to queue
[2024-03-21T20:19:15.884-0300] {logging_mixin.py:137} INFO - [2024-03-21T20:19:15.884-0300] {dagbag.py:532} INFO - Filling up the DagBag from /home/carlosfalcone/airflow/dags/python_operators.py
[2024-03-21T20:19:15.893-0300] {processor.py:753} INFO - DAG(s) dict_keys(['execute_python_operators']) retrieved from /home/carlosfalcone/airflow/dags/python_operators.py
[2024-03-21T20:19:15.898-0300] {logging_mixin.py:137} INFO - [2024-03-21T20:19:15.898-0300] {dag.py:2705} INFO - Sync 1 DAGs
[2024-03-21T20:19:15.913-0300] {logging_mixin.py:137} INFO - [2024-03-21T20:19:15.913-0300] {dag.py:3456} INFO - Setting next_dagrun for execute_python_operators to 2024-03-21T00:00:00+00:00, run_after=2024-03-22T00:00:00+00:00
[2024-03-21T20:19:15.928-0300] {processor.py:175} INFO - Processing /home/carlosfalcone/airflow/dags/python_operators.py took 0.047 seconds
[2024-03-21T20:19:46.065-0300] {processor.py:153} INFO - Started process (PID=6498) to work on /home/carlosfalcone/airflow/dags/python_operators.py
[2024-03-21T20:19:46.066-0300] {processor.py:743} INFO - Processing file /home/carlosfalcone/airflow/dags/python_operators.py for tasks to queue
[2024-03-21T20:19:46.066-0300] {logging_mixin.py:137} INFO - [2024-03-21T20:19:46.066-0300] {dagbag.py:532} INFO - Filling up the DagBag from /home/carlosfalcone/airflow/dags/python_operators.py
[2024-03-21T20:19:46.075-0300] {processor.py:753} INFO - DAG(s) dict_keys(['execute_python_operators']) retrieved from /home/carlosfalcone/airflow/dags/python_operators.py
[2024-03-21T20:19:46.079-0300] {logging_mixin.py:137} INFO - [2024-03-21T20:19:46.079-0300] {dag.py:2705} INFO - Sync 1 DAGs
[2024-03-21T20:19:46.094-0300] {logging_mixin.py:137} INFO - [2024-03-21T20:19:46.094-0300] {dag.py:3456} INFO - Setting next_dagrun for execute_python_operators to 2024-03-21T00:00:00+00:00, run_after=2024-03-22T00:00:00+00:00
[2024-03-21T20:19:46.113-0300] {processor.py:175} INFO - Processing /home/carlosfalcone/airflow/dags/python_operators.py took 0.049 seconds
[2024-03-21T20:20:16.246-0300] {processor.py:153} INFO - Started process (PID=6550) to work on /home/carlosfalcone/airflow/dags/python_operators.py
[2024-03-21T20:20:16.247-0300] {processor.py:743} INFO - Processing file /home/carlosfalcone/airflow/dags/python_operators.py for tasks to queue
[2024-03-21T20:20:16.247-0300] {logging_mixin.py:137} INFO - [2024-03-21T20:20:16.247-0300] {dagbag.py:532} INFO - Filling up the DagBag from /home/carlosfalcone/airflow/dags/python_operators.py
[2024-03-21T20:20:16.256-0300] {processor.py:753} INFO - DAG(s) dict_keys(['execute_python_operators']) retrieved from /home/carlosfalcone/airflow/dags/python_operators.py
[2024-03-21T20:20:16.290-0300] {logging_mixin.py:137} INFO - [2024-03-21T20:20:16.290-0300] {dag.py:2705} INFO - Sync 1 DAGs
[2024-03-21T20:20:16.304-0300] {logging_mixin.py:137} INFO - [2024-03-21T20:20:16.304-0300] {dag.py:3456} INFO - Setting next_dagrun for execute_python_operators to 2024-03-21T00:00:00+00:00, run_after=2024-03-22T00:00:00+00:00
[2024-03-21T20:20:16.322-0300] {processor.py:175} INFO - Processing /home/carlosfalcone/airflow/dags/python_operators.py took 0.078 seconds
[2024-03-21T20:20:46.427-0300] {processor.py:153} INFO - Started process (PID=6602) to work on /home/carlosfalcone/airflow/dags/python_operators.py
[2024-03-21T20:20:46.428-0300] {processor.py:743} INFO - Processing file /home/carlosfalcone/airflow/dags/python_operators.py for tasks to queue
[2024-03-21T20:20:46.428-0300] {logging_mixin.py:137} INFO - [2024-03-21T20:20:46.428-0300] {dagbag.py:532} INFO - Filling up the DagBag from /home/carlosfalcone/airflow/dags/python_operators.py
[2024-03-21T20:20:46.437-0300] {processor.py:753} INFO - DAG(s) dict_keys(['execute_python_operators']) retrieved from /home/carlosfalcone/airflow/dags/python_operators.py
[2024-03-21T20:20:46.447-0300] {logging_mixin.py:137} INFO - [2024-03-21T20:20:46.447-0300] {dag.py:2705} INFO - Sync 1 DAGs
[2024-03-21T20:20:46.462-0300] {logging_mixin.py:137} INFO - [2024-03-21T20:20:46.462-0300] {dag.py:3456} INFO - Setting next_dagrun for execute_python_operators to 2024-03-21T00:00:00+00:00, run_after=2024-03-22T00:00:00+00:00
[2024-03-21T20:20:46.478-0300] {processor.py:175} INFO - Processing /home/carlosfalcone/airflow/dags/python_operators.py took 0.052 seconds
[2024-03-21T20:21:16.607-0300] {processor.py:153} INFO - Started process (PID=6651) to work on /home/carlosfalcone/airflow/dags/python_operators.py
[2024-03-21T20:21:16.608-0300] {processor.py:743} INFO - Processing file /home/carlosfalcone/airflow/dags/python_operators.py for tasks to queue
[2024-03-21T20:21:16.609-0300] {logging_mixin.py:137} INFO - [2024-03-21T20:21:16.609-0300] {dagbag.py:532} INFO - Filling up the DagBag from /home/carlosfalcone/airflow/dags/python_operators.py
[2024-03-21T20:21:16.617-0300] {processor.py:753} INFO - DAG(s) dict_keys(['execute_python_operators']) retrieved from /home/carlosfalcone/airflow/dags/python_operators.py
[2024-03-21T20:21:16.628-0300] {logging_mixin.py:137} INFO - [2024-03-21T20:21:16.628-0300] {dag.py:2705} INFO - Sync 1 DAGs
[2024-03-21T20:21:16.645-0300] {logging_mixin.py:137} INFO - [2024-03-21T20:21:16.645-0300] {dag.py:3456} INFO - Setting next_dagrun for execute_python_operators to 2024-03-21T00:00:00+00:00, run_after=2024-03-22T00:00:00+00:00
[2024-03-21T20:21:16.660-0300] {processor.py:175} INFO - Processing /home/carlosfalcone/airflow/dags/python_operators.py took 0.054 seconds
[2024-03-21T20:21:46.790-0300] {processor.py:153} INFO - Started process (PID=6715) to work on /home/carlosfalcone/airflow/dags/python_operators.py
[2024-03-21T20:21:46.791-0300] {processor.py:743} INFO - Processing file /home/carlosfalcone/airflow/dags/python_operators.py for tasks to queue
[2024-03-21T20:21:46.791-0300] {logging_mixin.py:137} INFO - [2024-03-21T20:21:46.791-0300] {dagbag.py:532} INFO - Filling up the DagBag from /home/carlosfalcone/airflow/dags/python_operators.py
[2024-03-21T20:21:46.800-0300] {processor.py:753} INFO - DAG(s) dict_keys(['execute_python_operators']) retrieved from /home/carlosfalcone/airflow/dags/python_operators.py
[2024-03-21T20:21:46.811-0300] {logging_mixin.py:137} INFO - [2024-03-21T20:21:46.811-0300] {dag.py:2705} INFO - Sync 1 DAGs
[2024-03-21T20:21:46.827-0300] {logging_mixin.py:137} INFO - [2024-03-21T20:21:46.827-0300] {dag.py:3456} INFO - Setting next_dagrun for execute_python_operators to 2024-03-21T00:00:00+00:00, run_after=2024-03-22T00:00:00+00:00
[2024-03-21T20:21:46.843-0300] {processor.py:175} INFO - Processing /home/carlosfalcone/airflow/dags/python_operators.py took 0.054 seconds
[2024-03-21T20:22:18.098-0300] {processor.py:153} INFO - Started process (PID=6770) to work on /home/carlosfalcone/airflow/dags/python_operators.py
[2024-03-21T20:22:18.099-0300] {processor.py:743} INFO - Processing file /home/carlosfalcone/airflow/dags/python_operators.py for tasks to queue
[2024-03-21T20:22:18.100-0300] {logging_mixin.py:137} INFO - [2024-03-21T20:22:18.100-0300] {dagbag.py:532} INFO - Filling up the DagBag from /home/carlosfalcone/airflow/dags/python_operators.py
[2024-03-21T20:22:18.109-0300] {processor.py:753} INFO - DAG(s) dict_keys(['execute_python_operators']) retrieved from /home/carlosfalcone/airflow/dags/python_operators.py
[2024-03-21T20:22:18.120-0300] {logging_mixin.py:137} INFO - [2024-03-21T20:22:18.120-0300] {dag.py:2705} INFO - Sync 1 DAGs
[2024-03-21T20:22:18.134-0300] {logging_mixin.py:137} INFO - [2024-03-21T20:22:18.134-0300] {dag.py:3456} INFO - Setting next_dagrun for execute_python_operators to 2024-03-21T00:00:00+00:00, run_after=2024-03-22T00:00:00+00:00
[2024-03-21T20:22:18.151-0300] {processor.py:175} INFO - Processing /home/carlosfalcone/airflow/dags/python_operators.py took 0.055 seconds
[2024-03-21T20:22:48.279-0300] {processor.py:153} INFO - Started process (PID=6822) to work on /home/carlosfalcone/airflow/dags/python_operators.py
[2024-03-21T20:22:48.280-0300] {processor.py:743} INFO - Processing file /home/carlosfalcone/airflow/dags/python_operators.py for tasks to queue
[2024-03-21T20:22:48.280-0300] {logging_mixin.py:137} INFO - [2024-03-21T20:22:48.280-0300] {dagbag.py:532} INFO - Filling up the DagBag from /home/carlosfalcone/airflow/dags/python_operators.py
[2024-03-21T20:22:48.289-0300] {processor.py:753} INFO - DAG(s) dict_keys(['execute_python_operators']) retrieved from /home/carlosfalcone/airflow/dags/python_operators.py
[2024-03-21T20:22:48.300-0300] {logging_mixin.py:137} INFO - [2024-03-21T20:22:48.300-0300] {dag.py:2705} INFO - Sync 1 DAGs
[2024-03-21T20:22:48.314-0300] {logging_mixin.py:137} INFO - [2024-03-21T20:22:48.314-0300] {dag.py:3456} INFO - Setting next_dagrun for execute_python_operators to 2024-03-21T00:00:00+00:00, run_after=2024-03-22T00:00:00+00:00
[2024-03-21T20:22:48.330-0300] {processor.py:175} INFO - Processing /home/carlosfalcone/airflow/dags/python_operators.py took 0.052 seconds
[2024-03-21T20:23:18.476-0300] {processor.py:153} INFO - Started process (PID=6874) to work on /home/carlosfalcone/airflow/dags/python_operators.py
[2024-03-21T20:23:18.477-0300] {processor.py:743} INFO - Processing file /home/carlosfalcone/airflow/dags/python_operators.py for tasks to queue
[2024-03-21T20:23:18.478-0300] {logging_mixin.py:137} INFO - [2024-03-21T20:23:18.478-0300] {dagbag.py:532} INFO - Filling up the DagBag from /home/carlosfalcone/airflow/dags/python_operators.py
[2024-03-21T20:23:18.487-0300] {processor.py:753} INFO - DAG(s) dict_keys(['execute_python_operators']) retrieved from /home/carlosfalcone/airflow/dags/python_operators.py
[2024-03-21T20:23:18.497-0300] {logging_mixin.py:137} INFO - [2024-03-21T20:23:18.497-0300] {dag.py:2705} INFO - Sync 1 DAGs
[2024-03-21T20:23:18.512-0300] {logging_mixin.py:137} INFO - [2024-03-21T20:23:18.512-0300] {dag.py:3456} INFO - Setting next_dagrun for execute_python_operators to 2024-03-21T00:00:00+00:00, run_after=2024-03-22T00:00:00+00:00
[2024-03-21T20:23:18.527-0300] {processor.py:175} INFO - Processing /home/carlosfalcone/airflow/dags/python_operators.py took 0.052 seconds
[2024-03-21T20:23:49.356-0300] {processor.py:153} INFO - Started process (PID=6941) to work on /home/carlosfalcone/airflow/dags/python_operators.py
[2024-03-21T20:23:49.356-0300] {processor.py:743} INFO - Processing file /home/carlosfalcone/airflow/dags/python_operators.py for tasks to queue
[2024-03-21T20:23:49.357-0300] {logging_mixin.py:137} INFO - [2024-03-21T20:23:49.356-0300] {dagbag.py:532} INFO - Filling up the DagBag from /home/carlosfalcone/airflow/dags/python_operators.py
[2024-03-21T20:23:49.366-0300] {processor.py:753} INFO - DAG(s) dict_keys(['execute_python_operators']) retrieved from /home/carlosfalcone/airflow/dags/python_operators.py
[2024-03-21T20:23:49.377-0300] {logging_mixin.py:137} INFO - [2024-03-21T20:23:49.377-0300] {dag.py:2705} INFO - Sync 1 DAGs
[2024-03-21T20:23:49.393-0300] {logging_mixin.py:137} INFO - [2024-03-21T20:23:49.393-0300] {dag.py:3456} INFO - Setting next_dagrun for execute_python_operators to 2024-03-21T00:00:00+00:00, run_after=2024-03-22T00:00:00+00:00
[2024-03-21T20:23:49.408-0300] {processor.py:175} INFO - Processing /home/carlosfalcone/airflow/dags/python_operators.py took 0.054 seconds
[2024-03-21T20:24:19.517-0300] {processor.py:153} INFO - Started process (PID=6993) to work on /home/carlosfalcone/airflow/dags/python_operators.py
[2024-03-21T20:24:19.518-0300] {processor.py:743} INFO - Processing file /home/carlosfalcone/airflow/dags/python_operators.py for tasks to queue
[2024-03-21T20:24:19.518-0300] {logging_mixin.py:137} INFO - [2024-03-21T20:24:19.518-0300] {dagbag.py:532} INFO - Filling up the DagBag from /home/carlosfalcone/airflow/dags/python_operators.py
[2024-03-21T20:24:19.527-0300] {processor.py:753} INFO - DAG(s) dict_keys(['execute_python_operators']) retrieved from /home/carlosfalcone/airflow/dags/python_operators.py
[2024-03-21T20:24:19.539-0300] {logging_mixin.py:137} INFO - [2024-03-21T20:24:19.539-0300] {dag.py:2705} INFO - Sync 1 DAGs
[2024-03-21T20:24:19.554-0300] {logging_mixin.py:137} INFO - [2024-03-21T20:24:19.554-0300] {dag.py:3456} INFO - Setting next_dagrun for execute_python_operators to 2024-03-21T00:00:00+00:00, run_after=2024-03-22T00:00:00+00:00
[2024-03-21T20:24:19.570-0300] {processor.py:175} INFO - Processing /home/carlosfalcone/airflow/dags/python_operators.py took 0.055 seconds
[2024-03-21T20:24:49.699-0300] {processor.py:153} INFO - Started process (PID=7050) to work on /home/carlosfalcone/airflow/dags/python_operators.py
[2024-03-21T20:24:49.699-0300] {processor.py:743} INFO - Processing file /home/carlosfalcone/airflow/dags/python_operators.py for tasks to queue
[2024-03-21T20:24:49.700-0300] {logging_mixin.py:137} INFO - [2024-03-21T20:24:49.700-0300] {dagbag.py:532} INFO - Filling up the DagBag from /home/carlosfalcone/airflow/dags/python_operators.py
[2024-03-21T20:24:49.709-0300] {processor.py:753} INFO - DAG(s) dict_keys(['execute_python_operators']) retrieved from /home/carlosfalcone/airflow/dags/python_operators.py
[2024-03-21T20:24:49.720-0300] {logging_mixin.py:137} INFO - [2024-03-21T20:24:49.720-0300] {dag.py:2705} INFO - Sync 1 DAGs
[2024-03-21T20:24:49.736-0300] {logging_mixin.py:137} INFO - [2024-03-21T20:24:49.736-0300] {dag.py:3456} INFO - Setting next_dagrun for execute_python_operators to 2024-03-21T00:00:00+00:00, run_after=2024-03-22T00:00:00+00:00
[2024-03-21T20:24:49.751-0300] {processor.py:175} INFO - Processing /home/carlosfalcone/airflow/dags/python_operators.py took 0.054 seconds
