[2024-03-21T11:50:17.461-0300] {processor.py:153} INFO - Started process (PID=2759) to work on /home/carlosfalcone/airflow/dags/simple_hello2.py
[2024-03-21T11:50:17.461-0300] {processor.py:743} INFO - Processing file /home/carlosfalcone/airflow/dags/simple_hello2.py for tasks to queue
[2024-03-21T11:50:17.462-0300] {logging_mixin.py:137} INFO - [2024-03-21T11:50:17.462-0300] {dagbag.py:532} INFO - Filling up the DagBag from /home/carlosfalcone/airflow/dags/simple_hello2.py
[2024-03-21T11:50:17.471-0300] {processor.py:753} INFO - DAG(s) dict_keys(['hello_world']) retrieved from /home/carlosfalcone/airflow/dags/simple_hello2.py
[2024-03-21T11:50:17.504-0300] {logging_mixin.py:137} INFO - [2024-03-21T11:50:17.504-0300] {dag.py:2705} INFO - Sync 1 DAGs
[2024-03-21T11:50:17.519-0300] {logging_mixin.py:137} INFO - [2024-03-21T11:50:17.519-0300] {dag.py:3456} INFO - Setting next_dagrun for hello_world to 2024-03-21T00:00:00+00:00, run_after=2024-03-22T00:00:00+00:00
[2024-03-21T11:50:17.537-0300] {processor.py:175} INFO - Processing /home/carlosfalcone/airflow/dags/simple_hello2.py took 0.077 seconds
[2024-03-21T11:50:47.654-0300] {processor.py:153} INFO - Started process (PID=2806) to work on /home/carlosfalcone/airflow/dags/simple_hello2.py
[2024-03-21T11:50:47.654-0300] {processor.py:743} INFO - Processing file /home/carlosfalcone/airflow/dags/simple_hello2.py for tasks to queue
[2024-03-21T11:50:47.654-0300] {logging_mixin.py:137} INFO - [2024-03-21T11:50:47.654-0300] {dagbag.py:532} INFO - Filling up the DagBag from /home/carlosfalcone/airflow/dags/simple_hello2.py
[2024-03-21T11:50:47.664-0300] {processor.py:753} INFO - DAG(s) dict_keys(['hello_world']) retrieved from /home/carlosfalcone/airflow/dags/simple_hello2.py
[2024-03-21T11:50:47.675-0300] {logging_mixin.py:137} INFO - [2024-03-21T11:50:47.675-0300] {dag.py:2705} INFO - Sync 1 DAGs
[2024-03-21T11:50:47.691-0300] {logging_mixin.py:137} INFO - [2024-03-21T11:50:47.690-0300] {dag.py:3456} INFO - Setting next_dagrun for hello_world to 2024-03-21T00:00:00+00:00, run_after=2024-03-22T00:00:00+00:00
[2024-03-21T11:50:47.708-0300] {processor.py:175} INFO - Processing /home/carlosfalcone/airflow/dags/simple_hello2.py took 0.056 seconds
[2024-03-21T11:51:17.855-0300] {processor.py:153} INFO - Started process (PID=2853) to work on /home/carlosfalcone/airflow/dags/simple_hello2.py
[2024-03-21T11:51:17.856-0300] {processor.py:743} INFO - Processing file /home/carlosfalcone/airflow/dags/simple_hello2.py for tasks to queue
[2024-03-21T11:51:17.857-0300] {logging_mixin.py:137} INFO - [2024-03-21T11:51:17.857-0300] {dagbag.py:532} INFO - Filling up the DagBag from /home/carlosfalcone/airflow/dags/simple_hello2.py
[2024-03-21T11:51:17.866-0300] {processor.py:753} INFO - DAG(s) dict_keys(['hello_world']) retrieved from /home/carlosfalcone/airflow/dags/simple_hello2.py
[2024-03-21T11:51:17.870-0300] {logging_mixin.py:137} INFO - [2024-03-21T11:51:17.870-0300] {dag.py:2705} INFO - Sync 1 DAGs
[2024-03-21T11:51:17.886-0300] {logging_mixin.py:137} INFO - [2024-03-21T11:51:17.886-0300] {dag.py:3456} INFO - Setting next_dagrun for hello_world to 2024-03-21T00:00:00+00:00, run_after=2024-03-22T00:00:00+00:00
[2024-03-21T11:51:17.903-0300] {processor.py:175} INFO - Processing /home/carlosfalcone/airflow/dags/simple_hello2.py took 0.049 seconds
[2024-03-21T11:51:48.062-0300] {processor.py:153} INFO - Started process (PID=2900) to work on /home/carlosfalcone/airflow/dags/simple_hello2.py
[2024-03-21T11:51:48.063-0300] {processor.py:743} INFO - Processing file /home/carlosfalcone/airflow/dags/simple_hello2.py for tasks to queue
[2024-03-21T11:51:48.063-0300] {logging_mixin.py:137} INFO - [2024-03-21T11:51:48.063-0300] {dagbag.py:532} INFO - Filling up the DagBag from /home/carlosfalcone/airflow/dags/simple_hello2.py
[2024-03-21T11:51:48.072-0300] {processor.py:753} INFO - DAG(s) dict_keys(['hello_world']) retrieved from /home/carlosfalcone/airflow/dags/simple_hello2.py
[2024-03-21T11:51:48.105-0300] {logging_mixin.py:137} INFO - [2024-03-21T11:51:48.105-0300] {dag.py:2705} INFO - Sync 1 DAGs
[2024-03-21T11:51:48.118-0300] {logging_mixin.py:137} INFO - [2024-03-21T11:51:48.118-0300] {dag.py:3456} INFO - Setting next_dagrun for hello_world to 2024-03-21T00:00:00+00:00, run_after=2024-03-22T00:00:00+00:00
[2024-03-21T11:51:48.135-0300] {processor.py:175} INFO - Processing /home/carlosfalcone/airflow/dags/simple_hello2.py took 0.074 seconds
[2024-03-21T11:52:18.270-0300] {processor.py:153} INFO - Started process (PID=2947) to work on /home/carlosfalcone/airflow/dags/simple_hello2.py
[2024-03-21T11:52:18.271-0300] {processor.py:743} INFO - Processing file /home/carlosfalcone/airflow/dags/simple_hello2.py for tasks to queue
[2024-03-21T11:52:18.272-0300] {logging_mixin.py:137} INFO - [2024-03-21T11:52:18.272-0300] {dagbag.py:532} INFO - Filling up the DagBag from /home/carlosfalcone/airflow/dags/simple_hello2.py
[2024-03-21T11:52:18.280-0300] {processor.py:753} INFO - DAG(s) dict_keys(['hello_world']) retrieved from /home/carlosfalcone/airflow/dags/simple_hello2.py
[2024-03-21T11:52:18.291-0300] {logging_mixin.py:137} INFO - [2024-03-21T11:52:18.291-0300] {dag.py:2705} INFO - Sync 1 DAGs
[2024-03-21T11:52:18.306-0300] {logging_mixin.py:137} INFO - [2024-03-21T11:52:18.306-0300] {dag.py:3456} INFO - Setting next_dagrun for hello_world to 2024-03-21T00:00:00+00:00, run_after=2024-03-22T00:00:00+00:00
[2024-03-21T11:52:18.322-0300] {processor.py:175} INFO - Processing /home/carlosfalcone/airflow/dags/simple_hello2.py took 0.054 seconds
