[2024-03-23T20:19:48.678-0300] {taskinstance.py:1090} INFO - Dependencies all met for dep_context=non-requeueable deps ti=<TaskInstance: execute_python_operators3.greet_hello_with_cities scheduled__2024-03-22T00:00:00+00:00 [queued]>
[2024-03-23T20:19:48.683-0300] {taskinstance.py:1090} INFO - Dependencies all met for dep_context=requeueable deps ti=<TaskInstance: execute_python_operators3.greet_hello_with_cities scheduled__2024-03-22T00:00:00+00:00 [queued]>
[2024-03-23T20:19:48.683-0300] {taskinstance.py:1288} INFO - 
--------------------------------------------------------------------------------
[2024-03-23T20:19:48.683-0300] {taskinstance.py:1289} INFO - Starting attempt 1 of 1
[2024-03-23T20:19:48.683-0300] {taskinstance.py:1290} INFO - 
--------------------------------------------------------------------------------
[2024-03-23T20:19:48.694-0300] {taskinstance.py:1309} INFO - Executing <Task(PythonOperator): greet_hello_with_cities> on 2024-03-22 00:00:00+00:00
[2024-03-23T20:19:48.695-0300] {standard_task_runner.py:55} INFO - Started process 3157 to run task
[2024-03-23T20:19:48.697-0300] {standard_task_runner.py:82} INFO - Running: ['airflow', 'tasks', 'run', 'execute_python_operators3', 'greet_hello_with_cities', 'scheduled__2024-03-22T00:00:00+00:00', '--job-id', '93', '--raw', '--subdir', 'DAGS_FOLDER/python_operators3.py', '--cfg-path', '/tmp/tmpy5x740d4']
[2024-03-23T20:19:48.697-0300] {standard_task_runner.py:83} INFO - Job 93: Subtask greet_hello_with_cities
[2024-03-23T20:19:48.728-0300] {task_command.py:389} INFO - Running <TaskInstance: execute_python_operators3.greet_hello_with_cities scheduled__2024-03-22T00:00:00+00:00 [running]> on host DESKTOP-0DNP0LN.localdomain
[2024-03-23T20:19:48.768-0300] {taskinstance.py:1518} INFO - Exporting the following env vars:
AIRFLOW_CTX_DAG_OWNER=falcone
AIRFLOW_CTX_DAG_ID=execute_python_operators3
AIRFLOW_CTX_TASK_ID=greet_hello_with_cities
AIRFLOW_CTX_EXECUTION_DATE=2024-03-22T00:00:00+00:00
AIRFLOW_CTX_TRY_NUMBER=1
AIRFLOW_CTX_DAG_RUN_ID=scheduled__2024-03-22T00:00:00+00:00
[2024-03-23T20:19:48.768-0300] {logging_mixin.py:137} INFO - Hello, Louise from Seattle
[2024-03-23T20:19:48.768-0300] {python.py:177} INFO - Done. Returned value was: None
[2024-03-23T20:19:48.772-0300] {taskinstance.py:1332} INFO - Marking task as SUCCESS. dag_id=execute_python_operators3, task_id=greet_hello_with_cities, execution_date=20240322T000000, start_date=20240323T231948, end_date=20240323T231948
[2024-03-23T20:19:48.789-0300] {local_task_job.py:212} INFO - Task exited with return code 0
[2024-03-23T20:19:48.796-0300] {taskinstance.py:2596} INFO - 0 downstream tasks scheduled from follow-on schedule check
