[2024-03-23T21:00:11.449-0300] {taskinstance.py:1090} INFO - Dependencies all met for dep_context=non-requeueable deps ti=<TaskInstance: execute_python_operators.python_task scheduled__2024-03-23T00:00:00+00:00 [queued]>
[2024-03-23T21:00:11.453-0300] {taskinstance.py:1090} INFO - Dependencies all met for dep_context=requeueable deps ti=<TaskInstance: execute_python_operators.python_task scheduled__2024-03-23T00:00:00+00:00 [queued]>
[2024-03-23T21:00:11.453-0300] {taskinstance.py:1288} INFO - 
--------------------------------------------------------------------------------
[2024-03-23T21:00:11.453-0300] {taskinstance.py:1289} INFO - Starting attempt 1 of 1
[2024-03-23T21:00:11.453-0300] {taskinstance.py:1290} INFO - 
--------------------------------------------------------------------------------
[2024-03-23T21:00:11.465-0300] {taskinstance.py:1309} INFO - Executing <Task(PythonOperator): python_task> on 2024-03-23 00:00:00+00:00
[2024-03-23T21:00:11.466-0300] {standard_task_runner.py:55} INFO - Started process 7505 to run task
[2024-03-23T21:00:11.468-0300] {standard_task_runner.py:82} INFO - Running: ['airflow', 'tasks', 'run', 'execute_python_operators', 'python_task', 'scheduled__2024-03-23T00:00:00+00:00', '--job-id', '105', '--raw', '--subdir', 'DAGS_FOLDER/python_operators.py', '--cfg-path', '/tmp/tmpd30e0em5']
[2024-03-23T21:00:11.469-0300] {standard_task_runner.py:83} INFO - Job 105: Subtask python_task
[2024-03-23T21:00:11.500-0300] {task_command.py:389} INFO - Running <TaskInstance: execute_python_operators.python_task scheduled__2024-03-23T00:00:00+00:00 [running]> on host DESKTOP-0DNP0LN.localdomain
[2024-03-23T21:00:11.539-0300] {taskinstance.py:1518} INFO - Exporting the following env vars:
AIRFLOW_CTX_DAG_OWNER=falcone
AIRFLOW_CTX_DAG_ID=execute_python_operators
AIRFLOW_CTX_TASK_ID=python_task
AIRFLOW_CTX_EXECUTION_DATE=2024-03-23T00:00:00+00:00
AIRFLOW_CTX_TRY_NUMBER=1
AIRFLOW_CTX_DAG_RUN_ID=scheduled__2024-03-23T00:00:00+00:00
[2024-03-23T21:00:11.539-0300] {logging_mixin.py:137} INFO - The simplest possible Python operator!
[2024-03-23T21:00:11.539-0300] {python.py:177} INFO - Done. Returned value was: None
[2024-03-23T21:00:11.542-0300] {taskinstance.py:1332} INFO - Marking task as SUCCESS. dag_id=execute_python_operators, task_id=python_task, execution_date=20240323T000000, start_date=20240324T000011, end_date=20240324T000011
[2024-03-23T21:00:11.560-0300] {local_task_job.py:212} INFO - Task exited with return code 0
[2024-03-23T21:00:11.567-0300] {taskinstance.py:2596} INFO - 0 downstream tasks scheduled from follow-on schedule check
