[2024-03-23T21:01:38.600-0300] {taskinstance.py:1090} INFO - Dependencies all met for dep_context=non-requeueable deps ti=<TaskInstance: cross_task_communication2.print_value manual__2024-03-24T00:01:33.359437+00:00 [queued]>
[2024-03-23T21:01:38.605-0300] {taskinstance.py:1090} INFO - Dependencies all met for dep_context=requeueable deps ti=<TaskInstance: cross_task_communication2.print_value manual__2024-03-24T00:01:33.359437+00:00 [queued]>
[2024-03-23T21:01:38.605-0300] {taskinstance.py:1288} INFO - 
--------------------------------------------------------------------------------
[2024-03-23T21:01:38.605-0300] {taskinstance.py:1289} INFO - Starting attempt 1 of 1
[2024-03-23T21:01:38.605-0300] {taskinstance.py:1290} INFO - 
--------------------------------------------------------------------------------
[2024-03-23T21:01:38.618-0300] {taskinstance.py:1309} INFO - Executing <Task(PythonOperator): print_value> on 2024-03-24 00:01:33.359437+00:00
[2024-03-23T21:01:38.619-0300] {standard_task_runner.py:55} INFO - Started process 7730 to run task
[2024-03-23T21:01:38.621-0300] {standard_task_runner.py:82} INFO - Running: ['airflow', 'tasks', 'run', 'cross_task_communication2', 'print_value', 'manual__2024-03-24T00:01:33.359437+00:00', '--job-id', '121', '--raw', '--subdir', 'DAGS_FOLDER/cross_task_communication2.py', '--cfg-path', '/tmp/tmpgx0vf6hz']
[2024-03-23T21:01:38.621-0300] {standard_task_runner.py:83} INFO - Job 121: Subtask print_value
[2024-03-23T21:01:38.652-0300] {task_command.py:389} INFO - Running <TaskInstance: cross_task_communication2.print_value manual__2024-03-24T00:01:33.359437+00:00 [running]> on host DESKTOP-0DNP0LN.localdomain
[2024-03-23T21:01:38.693-0300] {taskinstance.py:1518} INFO - Exporting the following env vars:
AIRFLOW_CTX_DAG_OWNER=falcone
AIRFLOW_CTX_DAG_ID=cross_task_communication2
AIRFLOW_CTX_TASK_ID=print_value
AIRFLOW_CTX_EXECUTION_DATE=2024-03-24T00:01:33.359437+00:00
AIRFLOW_CTX_TRY_NUMBER=1
AIRFLOW_CTX_DAG_RUN_ID=manual__2024-03-24T00:01:33.359437+00:00
[2024-03-23T21:01:38.700-0300] {logging_mixin.py:137} INFO - Value 191!
[2024-03-23T21:01:38.700-0300] {python.py:177} INFO - Done. Returned value was: None
[2024-03-23T21:01:38.704-0300] {taskinstance.py:1332} INFO - Marking task as SUCCESS. dag_id=cross_task_communication2, task_id=print_value, execution_date=20240324T000133, start_date=20240324T000138, end_date=20240324T000138
[2024-03-23T21:01:38.753-0300] {local_task_job.py:212} INFO - Task exited with return code 0
[2024-03-23T21:01:38.760-0300] {taskinstance.py:2596} INFO - 0 downstream tasks scheduled from follow-on schedule check
