[2024-03-21T15:22:42.502-0300] {taskinstance.py:1090} INFO - Dependencies all met for dep_context=non-requeueable deps ti=<TaskInstance: executing_multiple_tasks2.task_B scheduled__2024-03-20T00:00:00+00:00 [queued]>
[2024-03-21T15:22:42.509-0300] {taskinstance.py:1090} INFO - Dependencies all met for dep_context=requeueable deps ti=<TaskInstance: executing_multiple_tasks2.task_B scheduled__2024-03-20T00:00:00+00:00 [queued]>
[2024-03-21T15:22:42.509-0300] {taskinstance.py:1288} INFO - 
--------------------------------------------------------------------------------
[2024-03-21T15:22:42.509-0300] {taskinstance.py:1289} INFO - Starting attempt 1 of 1
[2024-03-21T15:22:42.509-0300] {taskinstance.py:1290} INFO - 
--------------------------------------------------------------------------------
[2024-03-21T15:22:42.523-0300] {taskinstance.py:1309} INFO - Executing <Task(BashOperator): task_B> on 2024-03-20 00:00:00+00:00
[2024-03-21T15:22:42.524-0300] {standard_task_runner.py:55} INFO - Started process 23323 to run task
[2024-03-21T15:22:42.526-0300] {standard_task_runner.py:82} INFO - Running: ['airflow', 'tasks', 'run', 'executing_multiple_tasks2', 'task_B', 'scheduled__2024-03-20T00:00:00+00:00', '--job-id', '22', '--raw', '--subdir', 'DAGS_FOLDER/multiple_tasks2.py', '--cfg-path', '/tmp/tmpmp6plkck']
[2024-03-21T15:22:42.527-0300] {standard_task_runner.py:83} INFO - Job 22: Subtask task_B
[2024-03-21T15:22:42.560-0300] {task_command.py:389} INFO - Running <TaskInstance: executing_multiple_tasks2.task_B scheduled__2024-03-20T00:00:00+00:00 [running]> on host DESKTOP-0DNP0LN.localdomain
[2024-03-21T15:22:42.602-0300] {taskinstance.py:1518} INFO - Exporting the following env vars:
AIRFLOW_CTX_DAG_OWNER=falcone
AIRFLOW_CTX_DAG_ID=executing_multiple_tasks2
AIRFLOW_CTX_TASK_ID=task_B
AIRFLOW_CTX_EXECUTION_DATE=2024-03-20T00:00:00+00:00
AIRFLOW_CTX_TRY_NUMBER=1
AIRFLOW_CTX_DAG_RUN_ID=scheduled__2024-03-20T00:00:00+00:00
[2024-03-21T15:22:42.603-0300] {subprocess.py:63} INFO - Tmp dir root location: 
 /tmp
[2024-03-21T15:22:42.603-0300] {subprocess.py:75} INFO - Running command: ['/usr/bin/bash', '-c', '\n            echo Task B has started!\n            sleep 4\n            echo Task B has ended!\n        ']
[2024-03-21T15:22:42.606-0300] {subprocess.py:86} INFO - Output:
[2024-03-21T15:22:42.607-0300] {subprocess.py:93} INFO - Task B has started!
[2024-03-21T15:22:46.609-0300] {subprocess.py:93} INFO - Task B has ended!
[2024-03-21T15:22:46.609-0300] {subprocess.py:97} INFO - Command exited with return code 0
[2024-03-21T15:22:46.624-0300] {taskinstance.py:1332} INFO - Marking task as SUCCESS. dag_id=executing_multiple_tasks2, task_id=task_B, execution_date=20240320T000000, start_date=20240321T182242, end_date=20240321T182246
[2024-03-21T15:22:46.647-0300] {local_task_job.py:212} INFO - Task exited with return code 0
[2024-03-21T15:22:46.659-0300] {taskinstance.py:2596} INFO - 0 downstream tasks scheduled from follow-on schedule check
