[2024-03-23T19:44:37.792-0300] {taskinstance.py:1090} INFO - Dependencies all met for dep_context=non-requeueable deps ti=<TaskInstance: hello_world.hello_world_task scheduled__2024-03-21T00:00:00+00:00 [queued]>
[2024-03-23T19:44:37.798-0300] {taskinstance.py:1090} INFO - Dependencies all met for dep_context=requeueable deps ti=<TaskInstance: hello_world.hello_world_task scheduled__2024-03-21T00:00:00+00:00 [queued]>
[2024-03-23T19:44:37.798-0300] {taskinstance.py:1288} INFO - 
--------------------------------------------------------------------------------
[2024-03-23T19:44:37.798-0300] {taskinstance.py:1289} INFO - Starting attempt 1 of 1
[2024-03-23T19:44:37.798-0300] {taskinstance.py:1290} INFO - 
--------------------------------------------------------------------------------
[2024-03-23T19:44:37.809-0300] {taskinstance.py:1309} INFO - Executing <Task(BashOperator): hello_world_task> on 2024-03-21 00:00:00+00:00
[2024-03-23T19:44:37.810-0300] {standard_task_runner.py:55} INFO - Started process 85 to run task
[2024-03-23T19:44:37.811-0300] {standard_task_runner.py:82} INFO - Running: ['airflow', 'tasks', 'run', 'hello_world', 'hello_world_task', 'scheduled__2024-03-21T00:00:00+00:00', '--job-id', '69', '--raw', '--subdir', 'DAGS_FOLDER/simple_hello.py', '--cfg-path', '/tmp/tmphfh5g8ef']
[2024-03-23T19:44:37.812-0300] {standard_task_runner.py:83} INFO - Job 69: Subtask hello_world_task
[2024-03-23T19:44:37.899-0300] {task_command.py:389} INFO - Running <TaskInstance: hello_world.hello_world_task scheduled__2024-03-21T00:00:00+00:00 [running]> on host DESKTOP-0DNP0LN.localdomain
[2024-03-23T19:44:37.939-0300] {taskinstance.py:1518} INFO - Exporting the following env vars:
AIRFLOW_CTX_DAG_OWNER=falcone
AIRFLOW_CTX_DAG_ID=hello_world
AIRFLOW_CTX_TASK_ID=hello_world_task
AIRFLOW_CTX_EXECUTION_DATE=2024-03-21T00:00:00+00:00
AIRFLOW_CTX_TRY_NUMBER=1
AIRFLOW_CTX_DAG_RUN_ID=scheduled__2024-03-21T00:00:00+00:00
[2024-03-23T19:44:37.939-0300] {subprocess.py:63} INFO - Tmp dir root location: 
 /tmp
[2024-03-23T19:44:37.940-0300] {subprocess.py:75} INFO - Running command: ['/usr/bin/bash', '-c', 'echo Hello World once again!']
[2024-03-23T19:44:37.942-0300] {subprocess.py:86} INFO - Output:
[2024-03-23T19:44:37.943-0300] {subprocess.py:93} INFO - Hello World once again!
[2024-03-23T19:44:37.943-0300] {subprocess.py:97} INFO - Command exited with return code 0
[2024-03-23T19:44:37.956-0300] {taskinstance.py:1332} INFO - Marking task as SUCCESS. dag_id=hello_world, task_id=hello_world_task, execution_date=20240321T000000, start_date=20240323T224437, end_date=20240323T224437
[2024-03-23T19:44:37.983-0300] {local_task_job.py:212} INFO - Task exited with return code 0
[2024-03-23T19:44:37.990-0300] {taskinstance.py:2596} INFO - 0 downstream tasks scheduled from follow-on schedule check
