[2024-03-23T21:00:33.617-0300] {taskinstance.py:1090} INFO - Dependencies all met for dep_context=non-requeueable deps ti=<TaskInstance: executing_multiple_tasks2.task_C scheduled__2024-03-23T00:00:00+00:00 [queued]>
[2024-03-23T21:00:33.621-0300] {taskinstance.py:1090} INFO - Dependencies all met for dep_context=requeueable deps ti=<TaskInstance: executing_multiple_tasks2.task_C scheduled__2024-03-23T00:00:00+00:00 [queued]>
[2024-03-23T21:00:33.622-0300] {taskinstance.py:1288} INFO - 
--------------------------------------------------------------------------------
[2024-03-23T21:00:33.622-0300] {taskinstance.py:1289} INFO - Starting attempt 1 of 1
[2024-03-23T21:00:33.622-0300] {taskinstance.py:1290} INFO - 
--------------------------------------------------------------------------------
[2024-03-23T21:00:33.633-0300] {taskinstance.py:1309} INFO - Executing <Task(BashOperator): task_C> on 2024-03-23 00:00:00+00:00
[2024-03-23T21:00:33.634-0300] {standard_task_runner.py:55} INFO - Started process 7574 to run task
[2024-03-23T21:00:33.636-0300] {standard_task_runner.py:82} INFO - Running: ['airflow', 'tasks', 'run', 'executing_multiple_tasks2', 'task_C', 'scheduled__2024-03-23T00:00:00+00:00', '--job-id', '112', '--raw', '--subdir', 'DAGS_FOLDER/multiple_tasks2.py', '--cfg-path', '/tmp/tmp5r67qf75']
[2024-03-23T21:00:33.636-0300] {standard_task_runner.py:83} INFO - Job 112: Subtask task_C
[2024-03-23T21:00:33.666-0300] {task_command.py:389} INFO - Running <TaskInstance: executing_multiple_tasks2.task_C scheduled__2024-03-23T00:00:00+00:00 [running]> on host DESKTOP-0DNP0LN.localdomain
[2024-03-23T21:00:33.708-0300] {taskinstance.py:1518} INFO - Exporting the following env vars:
AIRFLOW_CTX_DAG_OWNER=falcone
AIRFLOW_CTX_DAG_ID=executing_multiple_tasks2
AIRFLOW_CTX_TASK_ID=task_C
AIRFLOW_CTX_EXECUTION_DATE=2024-03-23T00:00:00+00:00
AIRFLOW_CTX_TRY_NUMBER=1
AIRFLOW_CTX_DAG_RUN_ID=scheduled__2024-03-23T00:00:00+00:00
[2024-03-23T21:00:33.709-0300] {subprocess.py:63} INFO - Tmp dir root location: 
 /tmp
[2024-03-23T21:00:33.709-0300] {subprocess.py:75} INFO - Running command: ['/usr/bin/bash', '-c', '\n            echo Task C has started!\n            sleep 3\n            echo Task C has ended!\n        ']
[2024-03-23T21:00:33.712-0300] {subprocess.py:86} INFO - Output:
[2024-03-23T21:00:33.712-0300] {subprocess.py:93} INFO - Task C has started!
[2024-03-23T21:00:36.713-0300] {subprocess.py:93} INFO - Task C has ended!
[2024-03-23T21:00:36.713-0300] {subprocess.py:97} INFO - Command exited with return code 0
[2024-03-23T21:00:36.728-0300] {taskinstance.py:1332} INFO - Marking task as SUCCESS. dag_id=executing_multiple_tasks2, task_id=task_C, execution_date=20240323T000000, start_date=20240324T000033, end_date=20240324T000036
[2024-03-23T21:00:36.747-0300] {local_task_job.py:212} INFO - Task exited with return code 0
[2024-03-23T21:00:36.757-0300] {taskinstance.py:2596} INFO - 1 downstream tasks scheduled from follow-on schedule check
