[2024-03-20T22:09:30.107-0300] {processor.py:153} INFO - Started process (PID=327) to work on /home/carlosfalcone/.local/lib/python3.7/site-packages/airflow/example_dags/plugins/event_listener.py
[2024-03-20T22:09:30.108-0300] {processor.py:743} INFO - Processing file /home/carlosfalcone/.local/lib/python3.7/site-packages/airflow/example_dags/plugins/event_listener.py for tasks to queue
[2024-03-20T22:09:30.108-0300] {logging_mixin.py:137} INFO - [2024-03-20T22:09:30.108-0300] {dagbag.py:532} INFO - Filling up the DagBag from /home/carlosfalcone/.local/lib/python3.7/site-packages/airflow/example_dags/plugins/event_listener.py
[2024-03-20T22:09:30.109-0300] {processor.py:755} WARNING - No viable dags retrieved from /home/carlosfalcone/.local/lib/python3.7/site-packages/airflow/example_dags/plugins/event_listener.py
[2024-03-20T22:09:30.124-0300] {processor.py:175} INFO - Processing /home/carlosfalcone/.local/lib/python3.7/site-packages/airflow/example_dags/plugins/event_listener.py took 0.018 seconds
[2024-03-20T22:10:10.599-0300] {processor.py:153} INFO - Started process (PID=546) to work on /home/carlosfalcone/.local/lib/python3.7/site-packages/airflow/example_dags/plugins/event_listener.py
[2024-03-20T22:10:10.601-0300] {processor.py:743} INFO - Processing file /home/carlosfalcone/.local/lib/python3.7/site-packages/airflow/example_dags/plugins/event_listener.py for tasks to queue
[2024-03-20T22:10:10.601-0300] {logging_mixin.py:137} INFO - [2024-03-20T22:10:10.601-0300] {dagbag.py:532} INFO - Filling up the DagBag from /home/carlosfalcone/.local/lib/python3.7/site-packages/airflow/example_dags/plugins/event_listener.py
[2024-03-20T22:10:10.602-0300] {processor.py:755} WARNING - No viable dags retrieved from /home/carlosfalcone/.local/lib/python3.7/site-packages/airflow/example_dags/plugins/event_listener.py
[2024-03-20T22:10:10.607-0300] {processor.py:175} INFO - Processing /home/carlosfalcone/.local/lib/python3.7/site-packages/airflow/example_dags/plugins/event_listener.py took 0.010 seconds
[2024-03-20T22:10:56.516-0300] {processor.py:153} INFO - Started process (PID=660) to work on /home/carlosfalcone/.local/lib/python3.7/site-packages/airflow/example_dags/plugins/event_listener.py
[2024-03-20T22:10:56.517-0300] {processor.py:743} INFO - Processing file /home/carlosfalcone/.local/lib/python3.7/site-packages/airflow/example_dags/plugins/event_listener.py for tasks to queue
[2024-03-20T22:10:56.517-0300] {logging_mixin.py:137} INFO - [2024-03-20T22:10:56.517-0300] {dagbag.py:532} INFO - Filling up the DagBag from /home/carlosfalcone/.local/lib/python3.7/site-packages/airflow/example_dags/plugins/event_listener.py
[2024-03-20T22:10:56.518-0300] {processor.py:755} WARNING - No viable dags retrieved from /home/carlosfalcone/.local/lib/python3.7/site-packages/airflow/example_dags/plugins/event_listener.py
[2024-03-20T22:10:56.524-0300] {processor.py:175} INFO - Processing /home/carlosfalcone/.local/lib/python3.7/site-packages/airflow/example_dags/plugins/event_listener.py took 0.010 seconds
[2024-03-20T22:11:41.429-0300] {processor.py:153} INFO - Started process (PID=768) to work on /home/carlosfalcone/.local/lib/python3.7/site-packages/airflow/example_dags/plugins/event_listener.py
[2024-03-20T22:11:41.430-0300] {processor.py:743} INFO - Processing file /home/carlosfalcone/.local/lib/python3.7/site-packages/airflow/example_dags/plugins/event_listener.py for tasks to queue
[2024-03-20T22:11:41.430-0300] {logging_mixin.py:137} INFO - [2024-03-20T22:11:41.430-0300] {dagbag.py:532} INFO - Filling up the DagBag from /home/carlosfalcone/.local/lib/python3.7/site-packages/airflow/example_dags/plugins/event_listener.py
[2024-03-20T22:11:41.431-0300] {processor.py:755} WARNING - No viable dags retrieved from /home/carlosfalcone/.local/lib/python3.7/site-packages/airflow/example_dags/plugins/event_listener.py
[2024-03-20T22:11:41.436-0300] {processor.py:175} INFO - Processing /home/carlosfalcone/.local/lib/python3.7/site-packages/airflow/example_dags/plugins/event_listener.py took 0.009 seconds
[2024-03-20T22:12:25.198-0300] {processor.py:153} INFO - Started process (PID=878) to work on /home/carlosfalcone/.local/lib/python3.7/site-packages/airflow/example_dags/plugins/event_listener.py
[2024-03-20T22:12:25.199-0300] {processor.py:743} INFO - Processing file /home/carlosfalcone/.local/lib/python3.7/site-packages/airflow/example_dags/plugins/event_listener.py for tasks to queue
[2024-03-20T22:12:25.199-0300] {logging_mixin.py:137} INFO - [2024-03-20T22:12:25.199-0300] {dagbag.py:532} INFO - Filling up the DagBag from /home/carlosfalcone/.local/lib/python3.7/site-packages/airflow/example_dags/plugins/event_listener.py
[2024-03-20T22:12:25.200-0300] {processor.py:755} WARNING - No viable dags retrieved from /home/carlosfalcone/.local/lib/python3.7/site-packages/airflow/example_dags/plugins/event_listener.py
[2024-03-20T22:12:25.205-0300] {processor.py:175} INFO - Processing /home/carlosfalcone/.local/lib/python3.7/site-packages/airflow/example_dags/plugins/event_listener.py took 0.009 seconds
[2024-03-20T22:13:11.582-0300] {processor.py:153} INFO - Started process (PID=995) to work on /home/carlosfalcone/.local/lib/python3.7/site-packages/airflow/example_dags/plugins/event_listener.py
[2024-03-20T22:13:11.583-0300] {processor.py:743} INFO - Processing file /home/carlosfalcone/.local/lib/python3.7/site-packages/airflow/example_dags/plugins/event_listener.py for tasks to queue
[2024-03-20T22:13:11.584-0300] {logging_mixin.py:137} INFO - [2024-03-20T22:13:11.584-0300] {dagbag.py:532} INFO - Filling up the DagBag from /home/carlosfalcone/.local/lib/python3.7/site-packages/airflow/example_dags/plugins/event_listener.py
[2024-03-20T22:13:11.585-0300] {processor.py:755} WARNING - No viable dags retrieved from /home/carlosfalcone/.local/lib/python3.7/site-packages/airflow/example_dags/plugins/event_listener.py
[2024-03-20T22:13:11.590-0300] {processor.py:175} INFO - Processing /home/carlosfalcone/.local/lib/python3.7/site-packages/airflow/example_dags/plugins/event_listener.py took 0.009 seconds
[2024-03-20T22:13:54.051-0300] {processor.py:153} INFO - Started process (PID=1097) to work on /home/carlosfalcone/.local/lib/python3.7/site-packages/airflow/example_dags/plugins/event_listener.py
[2024-03-20T22:13:54.052-0300] {processor.py:743} INFO - Processing file /home/carlosfalcone/.local/lib/python3.7/site-packages/airflow/example_dags/plugins/event_listener.py for tasks to queue
[2024-03-20T22:13:54.053-0300] {logging_mixin.py:137} INFO - [2024-03-20T22:13:54.053-0300] {dagbag.py:532} INFO - Filling up the DagBag from /home/carlosfalcone/.local/lib/python3.7/site-packages/airflow/example_dags/plugins/event_listener.py
[2024-03-20T22:13:54.054-0300] {processor.py:755} WARNING - No viable dags retrieved from /home/carlosfalcone/.local/lib/python3.7/site-packages/airflow/example_dags/plugins/event_listener.py
[2024-03-20T22:13:54.059-0300] {processor.py:175} INFO - Processing /home/carlosfalcone/.local/lib/python3.7/site-packages/airflow/example_dags/plugins/event_listener.py took 0.009 seconds
[2024-03-20T22:14:33.674-0300] {processor.py:153} INFO - Started process (PID=1139) to work on /home/carlosfalcone/.local/lib/python3.7/site-packages/airflow/example_dags/plugins/event_listener.py
[2024-03-20T22:14:33.675-0300] {processor.py:743} INFO - Processing file /home/carlosfalcone/.local/lib/python3.7/site-packages/airflow/example_dags/plugins/event_listener.py for tasks to queue
[2024-03-20T22:14:33.675-0300] {logging_mixin.py:137} INFO - [2024-03-20T22:14:33.675-0300] {dagbag.py:532} INFO - Filling up the DagBag from /home/carlosfalcone/.local/lib/python3.7/site-packages/airflow/example_dags/plugins/event_listener.py
[2024-03-20T22:14:33.676-0300] {processor.py:755} WARNING - No viable dags retrieved from /home/carlosfalcone/.local/lib/python3.7/site-packages/airflow/example_dags/plugins/event_listener.py
[2024-03-20T22:14:33.681-0300] {processor.py:175} INFO - Processing /home/carlosfalcone/.local/lib/python3.7/site-packages/airflow/example_dags/plugins/event_listener.py took 0.009 seconds
[2024-03-20T22:15:14.860-0300] {processor.py:153} INFO - Started process (PID=1232) to work on /home/carlosfalcone/.local/lib/python3.7/site-packages/airflow/example_dags/plugins/event_listener.py
[2024-03-20T22:15:14.861-0300] {processor.py:743} INFO - Processing file /home/carlosfalcone/.local/lib/python3.7/site-packages/airflow/example_dags/plugins/event_listener.py for tasks to queue
[2024-03-20T22:15:14.862-0300] {logging_mixin.py:137} INFO - [2024-03-20T22:15:14.862-0300] {dagbag.py:532} INFO - Filling up the DagBag from /home/carlosfalcone/.local/lib/python3.7/site-packages/airflow/example_dags/plugins/event_listener.py
[2024-03-20T22:15:14.863-0300] {processor.py:755} WARNING - No viable dags retrieved from /home/carlosfalcone/.local/lib/python3.7/site-packages/airflow/example_dags/plugins/event_listener.py
[2024-03-20T22:15:14.868-0300] {processor.py:175} INFO - Processing /home/carlosfalcone/.local/lib/python3.7/site-packages/airflow/example_dags/plugins/event_listener.py took 0.009 seconds
[2024-03-20T22:16:04.372-0300] {processor.py:153} INFO - Started process (PID=1361) to work on /home/carlosfalcone/.local/lib/python3.7/site-packages/airflow/example_dags/plugins/event_listener.py
[2024-03-20T22:16:04.373-0300] {processor.py:743} INFO - Processing file /home/carlosfalcone/.local/lib/python3.7/site-packages/airflow/example_dags/plugins/event_listener.py for tasks to queue
[2024-03-20T22:16:04.373-0300] {logging_mixin.py:137} INFO - [2024-03-20T22:16:04.373-0300] {dagbag.py:532} INFO - Filling up the DagBag from /home/carlosfalcone/.local/lib/python3.7/site-packages/airflow/example_dags/plugins/event_listener.py
[2024-03-20T22:16:04.374-0300] {processor.py:755} WARNING - No viable dags retrieved from /home/carlosfalcone/.local/lib/python3.7/site-packages/airflow/example_dags/plugins/event_listener.py
[2024-03-20T22:16:04.379-0300] {processor.py:175} INFO - Processing /home/carlosfalcone/.local/lib/python3.7/site-packages/airflow/example_dags/plugins/event_listener.py took 0.009 seconds
[2024-03-20T22:16:49.431-0300] {processor.py:153} INFO - Started process (PID=1481) to work on /home/carlosfalcone/.local/lib/python3.7/site-packages/airflow/example_dags/plugins/event_listener.py
[2024-03-20T22:16:49.433-0300] {processor.py:743} INFO - Processing file /home/carlosfalcone/.local/lib/python3.7/site-packages/airflow/example_dags/plugins/event_listener.py for tasks to queue
[2024-03-20T22:16:49.433-0300] {logging_mixin.py:137} INFO - [2024-03-20T22:16:49.433-0300] {dagbag.py:532} INFO - Filling up the DagBag from /home/carlosfalcone/.local/lib/python3.7/site-packages/airflow/example_dags/plugins/event_listener.py
[2024-03-20T22:16:49.434-0300] {processor.py:755} WARNING - No viable dags retrieved from /home/carlosfalcone/.local/lib/python3.7/site-packages/airflow/example_dags/plugins/event_listener.py
[2024-03-20T22:16:49.439-0300] {processor.py:175} INFO - Processing /home/carlosfalcone/.local/lib/python3.7/site-packages/airflow/example_dags/plugins/event_listener.py took 0.009 seconds
[2024-03-20T22:17:38.399-0300] {processor.py:153} INFO - Started process (PID=1603) to work on /home/carlosfalcone/.local/lib/python3.7/site-packages/airflow/example_dags/plugins/event_listener.py
[2024-03-20T22:17:38.400-0300] {processor.py:743} INFO - Processing file /home/carlosfalcone/.local/lib/python3.7/site-packages/airflow/example_dags/plugins/event_listener.py for tasks to queue
[2024-03-20T22:17:38.401-0300] {logging_mixin.py:137} INFO - [2024-03-20T22:17:38.400-0300] {dagbag.py:532} INFO - Filling up the DagBag from /home/carlosfalcone/.local/lib/python3.7/site-packages/airflow/example_dags/plugins/event_listener.py
[2024-03-20T22:17:38.401-0300] {processor.py:755} WARNING - No viable dags retrieved from /home/carlosfalcone/.local/lib/python3.7/site-packages/airflow/example_dags/plugins/event_listener.py
[2024-03-20T22:17:38.407-0300] {processor.py:175} INFO - Processing /home/carlosfalcone/.local/lib/python3.7/site-packages/airflow/example_dags/plugins/event_listener.py took 0.009 seconds
[2024-03-21T11:24:00.538-0300] {processor.py:153} INFO - Started process (PID=123) to work on /home/carlosfalcone/.local/lib/python3.7/site-packages/airflow/example_dags/plugins/event_listener.py
[2024-03-21T11:24:00.539-0300] {processor.py:743} INFO - Processing file /home/carlosfalcone/.local/lib/python3.7/site-packages/airflow/example_dags/plugins/event_listener.py for tasks to queue
[2024-03-21T11:24:00.539-0300] {logging_mixin.py:137} INFO - [2024-03-21T11:24:00.539-0300] {dagbag.py:532} INFO - Filling up the DagBag from /home/carlosfalcone/.local/lib/python3.7/site-packages/airflow/example_dags/plugins/event_listener.py
[2024-03-21T11:24:00.540-0300] {processor.py:755} WARNING - No viable dags retrieved from /home/carlosfalcone/.local/lib/python3.7/site-packages/airflow/example_dags/plugins/event_listener.py
[2024-03-21T11:24:00.545-0300] {processor.py:175} INFO - Processing /home/carlosfalcone/.local/lib/python3.7/site-packages/airflow/example_dags/plugins/event_listener.py took 0.009 seconds
[2024-03-21T11:24:39.908-0300] {processor.py:153} INFO - Started process (PID=369) to work on /home/carlosfalcone/.local/lib/python3.7/site-packages/airflow/example_dags/plugins/event_listener.py
[2024-03-21T11:24:39.908-0300] {processor.py:743} INFO - Processing file /home/carlosfalcone/.local/lib/python3.7/site-packages/airflow/example_dags/plugins/event_listener.py for tasks to queue
[2024-03-21T11:24:39.909-0300] {logging_mixin.py:137} INFO - [2024-03-21T11:24:39.909-0300] {dagbag.py:532} INFO - Filling up the DagBag from /home/carlosfalcone/.local/lib/python3.7/site-packages/airflow/example_dags/plugins/event_listener.py
[2024-03-21T11:24:39.910-0300] {processor.py:755} WARNING - No viable dags retrieved from /home/carlosfalcone/.local/lib/python3.7/site-packages/airflow/example_dags/plugins/event_listener.py
[2024-03-21T11:24:39.916-0300] {processor.py:175} INFO - Processing /home/carlosfalcone/.local/lib/python3.7/site-packages/airflow/example_dags/plugins/event_listener.py took 0.010 seconds
