[2024-03-20T22:09:32.132-0300] {processor.py:153} INFO - Started process (PID=329) to work on /home/carlosfalcone/.local/lib/python3.7/site-packages/airflow/example_dags/plugins/listener_plugin.py
[2024-03-20T22:09:32.132-0300] {processor.py:743} INFO - Processing file /home/carlosfalcone/.local/lib/python3.7/site-packages/airflow/example_dags/plugins/listener_plugin.py for tasks to queue
[2024-03-20T22:09:32.133-0300] {logging_mixin.py:137} INFO - [2024-03-20T22:09:32.132-0300] {dagbag.py:532} INFO - Filling up the DagBag from /home/carlosfalcone/.local/lib/python3.7/site-packages/airflow/example_dags/plugins/listener_plugin.py
[2024-03-20T22:09:32.134-0300] {processor.py:755} WARNING - No viable dags retrieved from /home/carlosfalcone/.local/lib/python3.7/site-packages/airflow/example_dags/plugins/listener_plugin.py
[2024-03-20T22:09:32.148-0300] {processor.py:175} INFO - Processing /home/carlosfalcone/.local/lib/python3.7/site-packages/airflow/example_dags/plugins/listener_plugin.py took 0.018 seconds
[2024-03-20T22:10:20.597-0300] {processor.py:153} INFO - Started process (PID=571) to work on /home/carlosfalcone/.local/lib/python3.7/site-packages/airflow/example_dags/plugins/listener_plugin.py
[2024-03-20T22:10:20.599-0300] {processor.py:743} INFO - Processing file /home/carlosfalcone/.local/lib/python3.7/site-packages/airflow/example_dags/plugins/listener_plugin.py for tasks to queue
[2024-03-20T22:10:20.599-0300] {logging_mixin.py:137} INFO - [2024-03-20T22:10:20.599-0300] {dagbag.py:532} INFO - Filling up the DagBag from /home/carlosfalcone/.local/lib/python3.7/site-packages/airflow/example_dags/plugins/listener_plugin.py
[2024-03-20T22:10:20.600-0300] {processor.py:755} WARNING - No viable dags retrieved from /home/carlosfalcone/.local/lib/python3.7/site-packages/airflow/example_dags/plugins/listener_plugin.py
[2024-03-20T22:10:20.607-0300] {processor.py:175} INFO - Processing /home/carlosfalcone/.local/lib/python3.7/site-packages/airflow/example_dags/plugins/listener_plugin.py took 0.011 seconds
[2024-03-20T22:11:08.251-0300] {processor.py:153} INFO - Started process (PID=691) to work on /home/carlosfalcone/.local/lib/python3.7/site-packages/airflow/example_dags/plugins/listener_plugin.py
[2024-03-20T22:11:08.252-0300] {processor.py:743} INFO - Processing file /home/carlosfalcone/.local/lib/python3.7/site-packages/airflow/example_dags/plugins/listener_plugin.py for tasks to queue
[2024-03-20T22:11:08.252-0300] {logging_mixin.py:137} INFO - [2024-03-20T22:11:08.252-0300] {dagbag.py:532} INFO - Filling up the DagBag from /home/carlosfalcone/.local/lib/python3.7/site-packages/airflow/example_dags/plugins/listener_plugin.py
[2024-03-20T22:11:08.253-0300] {processor.py:755} WARNING - No viable dags retrieved from /home/carlosfalcone/.local/lib/python3.7/site-packages/airflow/example_dags/plugins/listener_plugin.py
[2024-03-20T22:11:08.259-0300] {processor.py:175} INFO - Processing /home/carlosfalcone/.local/lib/python3.7/site-packages/airflow/example_dags/plugins/listener_plugin.py took 0.010 seconds
[2024-03-20T22:11:52.559-0300] {processor.py:153} INFO - Started process (PID=795) to work on /home/carlosfalcone/.local/lib/python3.7/site-packages/airflow/example_dags/plugins/listener_plugin.py
[2024-03-20T22:11:52.560-0300] {processor.py:743} INFO - Processing file /home/carlosfalcone/.local/lib/python3.7/site-packages/airflow/example_dags/plugins/listener_plugin.py for tasks to queue
[2024-03-20T22:11:52.560-0300] {logging_mixin.py:137} INFO - [2024-03-20T22:11:52.560-0300] {dagbag.py:532} INFO - Filling up the DagBag from /home/carlosfalcone/.local/lib/python3.7/site-packages/airflow/example_dags/plugins/listener_plugin.py
[2024-03-20T22:11:52.561-0300] {processor.py:755} WARNING - No viable dags retrieved from /home/carlosfalcone/.local/lib/python3.7/site-packages/airflow/example_dags/plugins/listener_plugin.py
[2024-03-20T22:11:52.567-0300] {processor.py:175} INFO - Processing /home/carlosfalcone/.local/lib/python3.7/site-packages/airflow/example_dags/plugins/listener_plugin.py took 0.010 seconds
[2024-03-20T22:12:31.943-0300] {processor.py:153} INFO - Started process (PID=898) to work on /home/carlosfalcone/.local/lib/python3.7/site-packages/airflow/example_dags/plugins/listener_plugin.py
[2024-03-20T22:12:31.944-0300] {processor.py:743} INFO - Processing file /home/carlosfalcone/.local/lib/python3.7/site-packages/airflow/example_dags/plugins/listener_plugin.py for tasks to queue
[2024-03-20T22:12:31.945-0300] {logging_mixin.py:137} INFO - [2024-03-20T22:12:31.945-0300] {dagbag.py:532} INFO - Filling up the DagBag from /home/carlosfalcone/.local/lib/python3.7/site-packages/airflow/example_dags/plugins/listener_plugin.py
[2024-03-20T22:12:31.946-0300] {processor.py:755} WARNING - No viable dags retrieved from /home/carlosfalcone/.local/lib/python3.7/site-packages/airflow/example_dags/plugins/listener_plugin.py
[2024-03-20T22:12:31.951-0300] {processor.py:175} INFO - Processing /home/carlosfalcone/.local/lib/python3.7/site-packages/airflow/example_dags/plugins/listener_plugin.py took 0.010 seconds
[2024-03-20T22:13:13.541-0300] {processor.py:153} INFO - Started process (PID=1000) to work on /home/carlosfalcone/.local/lib/python3.7/site-packages/airflow/example_dags/plugins/listener_plugin.py
[2024-03-20T22:13:13.542-0300] {processor.py:743} INFO - Processing file /home/carlosfalcone/.local/lib/python3.7/site-packages/airflow/example_dags/plugins/listener_plugin.py for tasks to queue
[2024-03-20T22:13:13.543-0300] {logging_mixin.py:137} INFO - [2024-03-20T22:13:13.543-0300] {dagbag.py:532} INFO - Filling up the DagBag from /home/carlosfalcone/.local/lib/python3.7/site-packages/airflow/example_dags/plugins/listener_plugin.py
[2024-03-20T22:13:13.544-0300] {processor.py:755} WARNING - No viable dags retrieved from /home/carlosfalcone/.local/lib/python3.7/site-packages/airflow/example_dags/plugins/listener_plugin.py
[2024-03-20T22:13:13.550-0300] {processor.py:175} INFO - Processing /home/carlosfalcone/.local/lib/python3.7/site-packages/airflow/example_dags/plugins/listener_plugin.py took 0.011 seconds
[2024-03-20T22:13:56.305-0300] {processor.py:153} INFO - Started process (PID=1099) to work on /home/carlosfalcone/.local/lib/python3.7/site-packages/airflow/example_dags/plugins/listener_plugin.py
[2024-03-20T22:13:56.306-0300] {processor.py:743} INFO - Processing file /home/carlosfalcone/.local/lib/python3.7/site-packages/airflow/example_dags/plugins/listener_plugin.py for tasks to queue
[2024-03-20T22:13:56.307-0300] {logging_mixin.py:137} INFO - [2024-03-20T22:13:56.306-0300] {dagbag.py:532} INFO - Filling up the DagBag from /home/carlosfalcone/.local/lib/python3.7/site-packages/airflow/example_dags/plugins/listener_plugin.py
[2024-03-20T22:13:56.308-0300] {processor.py:755} WARNING - No viable dags retrieved from /home/carlosfalcone/.local/lib/python3.7/site-packages/airflow/example_dags/plugins/listener_plugin.py
[2024-03-20T22:13:56.313-0300] {processor.py:175} INFO - Processing /home/carlosfalcone/.local/lib/python3.7/site-packages/airflow/example_dags/plugins/listener_plugin.py took 0.010 seconds
[2024-03-20T22:14:43.524-0300] {processor.py:153} INFO - Started process (PID=1155) to work on /home/carlosfalcone/.local/lib/python3.7/site-packages/airflow/example_dags/plugins/listener_plugin.py
[2024-03-20T22:14:43.525-0300] {processor.py:743} INFO - Processing file /home/carlosfalcone/.local/lib/python3.7/site-packages/airflow/example_dags/plugins/listener_plugin.py for tasks to queue
[2024-03-20T22:14:43.526-0300] {logging_mixin.py:137} INFO - [2024-03-20T22:14:43.526-0300] {dagbag.py:532} INFO - Filling up the DagBag from /home/carlosfalcone/.local/lib/python3.7/site-packages/airflow/example_dags/plugins/listener_plugin.py
[2024-03-20T22:14:43.527-0300] {processor.py:755} WARNING - No viable dags retrieved from /home/carlosfalcone/.local/lib/python3.7/site-packages/airflow/example_dags/plugins/listener_plugin.py
[2024-03-20T22:14:43.532-0300] {processor.py:175} INFO - Processing /home/carlosfalcone/.local/lib/python3.7/site-packages/airflow/example_dags/plugins/listener_plugin.py took 0.009 seconds
[2024-03-20T22:15:26.270-0300] {processor.py:153} INFO - Started process (PID=1261) to work on /home/carlosfalcone/.local/lib/python3.7/site-packages/airflow/example_dags/plugins/listener_plugin.py
[2024-03-20T22:15:26.271-0300] {processor.py:743} INFO - Processing file /home/carlosfalcone/.local/lib/python3.7/site-packages/airflow/example_dags/plugins/listener_plugin.py for tasks to queue
[2024-03-20T22:15:26.272-0300] {logging_mixin.py:137} INFO - [2024-03-20T22:15:26.271-0300] {dagbag.py:532} INFO - Filling up the DagBag from /home/carlosfalcone/.local/lib/python3.7/site-packages/airflow/example_dags/plugins/listener_plugin.py
[2024-03-20T22:15:26.273-0300] {processor.py:755} WARNING - No viable dags retrieved from /home/carlosfalcone/.local/lib/python3.7/site-packages/airflow/example_dags/plugins/listener_plugin.py
[2024-03-20T22:15:26.278-0300] {processor.py:175} INFO - Processing /home/carlosfalcone/.local/lib/python3.7/site-packages/airflow/example_dags/plugins/listener_plugin.py took 0.010 seconds
[2024-03-20T22:16:13.516-0300] {processor.py:153} INFO - Started process (PID=1383) to work on /home/carlosfalcone/.local/lib/python3.7/site-packages/airflow/example_dags/plugins/listener_plugin.py
[2024-03-20T22:16:13.517-0300] {processor.py:743} INFO - Processing file /home/carlosfalcone/.local/lib/python3.7/site-packages/airflow/example_dags/plugins/listener_plugin.py for tasks to queue
[2024-03-20T22:16:13.517-0300] {logging_mixin.py:137} INFO - [2024-03-20T22:16:13.517-0300] {dagbag.py:532} INFO - Filling up the DagBag from /home/carlosfalcone/.local/lib/python3.7/site-packages/airflow/example_dags/plugins/listener_plugin.py
[2024-03-20T22:16:13.518-0300] {processor.py:755} WARNING - No viable dags retrieved from /home/carlosfalcone/.local/lib/python3.7/site-packages/airflow/example_dags/plugins/listener_plugin.py
[2024-03-20T22:16:13.523-0300] {processor.py:175} INFO - Processing /home/carlosfalcone/.local/lib/python3.7/site-packages/airflow/example_dags/plugins/listener_plugin.py took 0.009 seconds
[2024-03-20T22:16:59.714-0300] {processor.py:153} INFO - Started process (PID=1507) to work on /home/carlosfalcone/.local/lib/python3.7/site-packages/airflow/example_dags/plugins/listener_plugin.py
[2024-03-20T22:16:59.715-0300] {processor.py:743} INFO - Processing file /home/carlosfalcone/.local/lib/python3.7/site-packages/airflow/example_dags/plugins/listener_plugin.py for tasks to queue
[2024-03-20T22:16:59.715-0300] {logging_mixin.py:137} INFO - [2024-03-20T22:16:59.715-0300] {dagbag.py:532} INFO - Filling up the DagBag from /home/carlosfalcone/.local/lib/python3.7/site-packages/airflow/example_dags/plugins/listener_plugin.py
[2024-03-20T22:16:59.717-0300] {processor.py:755} WARNING - No viable dags retrieved from /home/carlosfalcone/.local/lib/python3.7/site-packages/airflow/example_dags/plugins/listener_plugin.py
[2024-03-20T22:16:59.722-0300] {processor.py:175} INFO - Processing /home/carlosfalcone/.local/lib/python3.7/site-packages/airflow/example_dags/plugins/listener_plugin.py took 0.009 seconds
[2024-03-20T22:17:48.670-0300] {processor.py:153} INFO - Started process (PID=1629) to work on /home/carlosfalcone/.local/lib/python3.7/site-packages/airflow/example_dags/plugins/listener_plugin.py
[2024-03-20T22:17:48.671-0300] {processor.py:743} INFO - Processing file /home/carlosfalcone/.local/lib/python3.7/site-packages/airflow/example_dags/plugins/listener_plugin.py for tasks to queue
[2024-03-20T22:17:48.672-0300] {logging_mixin.py:137} INFO - [2024-03-20T22:17:48.672-0300] {dagbag.py:532} INFO - Filling up the DagBag from /home/carlosfalcone/.local/lib/python3.7/site-packages/airflow/example_dags/plugins/listener_plugin.py
[2024-03-20T22:17:48.673-0300] {processor.py:755} WARNING - No viable dags retrieved from /home/carlosfalcone/.local/lib/python3.7/site-packages/airflow/example_dags/plugins/listener_plugin.py
[2024-03-20T22:17:48.678-0300] {processor.py:175} INFO - Processing /home/carlosfalcone/.local/lib/python3.7/site-packages/airflow/example_dags/plugins/listener_plugin.py took 0.010 seconds
[2024-03-21T11:24:02.801-0300] {processor.py:153} INFO - Started process (PID=125) to work on /home/carlosfalcone/.local/lib/python3.7/site-packages/airflow/example_dags/plugins/listener_plugin.py
[2024-03-21T11:24:02.802-0300] {processor.py:743} INFO - Processing file /home/carlosfalcone/.local/lib/python3.7/site-packages/airflow/example_dags/plugins/listener_plugin.py for tasks to queue
[2024-03-21T11:24:02.802-0300] {logging_mixin.py:137} INFO - [2024-03-21T11:24:02.802-0300] {dagbag.py:532} INFO - Filling up the DagBag from /home/carlosfalcone/.local/lib/python3.7/site-packages/airflow/example_dags/plugins/listener_plugin.py
[2024-03-21T11:24:02.804-0300] {processor.py:755} WARNING - No viable dags retrieved from /home/carlosfalcone/.local/lib/python3.7/site-packages/airflow/example_dags/plugins/listener_plugin.py
[2024-03-21T11:24:02.809-0300] {processor.py:175} INFO - Processing /home/carlosfalcone/.local/lib/python3.7/site-packages/airflow/example_dags/plugins/listener_plugin.py took 0.009 seconds
[2024-03-21T11:24:41.304-0300] {processor.py:153} INFO - Started process (PID=371) to work on /home/carlosfalcone/.local/lib/python3.7/site-packages/airflow/example_dags/plugins/listener_plugin.py
[2024-03-21T11:24:41.305-0300] {processor.py:743} INFO - Processing file /home/carlosfalcone/.local/lib/python3.7/site-packages/airflow/example_dags/plugins/listener_plugin.py for tasks to queue
[2024-03-21T11:24:41.305-0300] {logging_mixin.py:137} INFO - [2024-03-21T11:24:41.305-0300] {dagbag.py:532} INFO - Filling up the DagBag from /home/carlosfalcone/.local/lib/python3.7/site-packages/airflow/example_dags/plugins/listener_plugin.py
[2024-03-21T11:24:41.306-0300] {processor.py:755} WARNING - No viable dags retrieved from /home/carlosfalcone/.local/lib/python3.7/site-packages/airflow/example_dags/plugins/listener_plugin.py
[2024-03-21T11:24:41.313-0300] {processor.py:175} INFO - Processing /home/carlosfalcone/.local/lib/python3.7/site-packages/airflow/example_dags/plugins/listener_plugin.py took 0.011 seconds
