[2024-03-21T12:17:37.198-0300] {taskinstance.py:1090} INFO - Dependencies all met for dep_context=non-requeueable deps ti=<TaskInstance: executing_multiple_tasks.task_B scheduled__2024-03-20T00:00:00+00:00 [queued]>
[2024-03-21T12:17:37.203-0300] {taskinstance.py:1090} INFO - Dependencies all met for dep_context=requeueable deps ti=<TaskInstance: executing_multiple_tasks.task_B scheduled__2024-03-20T00:00:00+00:00 [queued]>
[2024-03-21T12:17:37.203-0300] {taskinstance.py:1288} INFO - 
--------------------------------------------------------------------------------
[2024-03-21T12:17:37.203-0300] {taskinstance.py:1289} INFO - Starting attempt 1 of 1
[2024-03-21T12:17:37.203-0300] {taskinstance.py:1290} INFO - 
--------------------------------------------------------------------------------
[2024-03-21T12:17:37.214-0300] {taskinstance.py:1309} INFO - Executing <Task(BashOperator): task_B> on 2024-03-20 00:00:00+00:00
[2024-03-21T12:17:37.215-0300] {standard_task_runner.py:55} INFO - Started process 5378 to run task
[2024-03-21T12:17:37.217-0300] {standard_task_runner.py:82} INFO - Running: ['airflow', 'tasks', 'run', 'executing_multiple_tasks', 'task_B', 'scheduled__2024-03-20T00:00:00+00:00', '--job-id', '16', '--raw', '--subdir', 'DAGS_FOLDER/multiple_tasks.py', '--cfg-path', '/tmp/tmpvif0bfn3']
[2024-03-21T12:17:37.217-0300] {standard_task_runner.py:83} INFO - Job 16: Subtask task_B
[2024-03-21T12:17:37.248-0300] {task_command.py:389} INFO - Running <TaskInstance: executing_multiple_tasks.task_B scheduled__2024-03-20T00:00:00+00:00 [running]> on host DESKTOP-0DNP0LN.localdomain
[2024-03-21T12:17:37.290-0300] {taskinstance.py:1518} INFO - Exporting the following env vars:
AIRFLOW_CTX_DAG_OWNER=falcone
AIRFLOW_CTX_DAG_ID=executing_multiple_tasks
AIRFLOW_CTX_TASK_ID=task_B
AIRFLOW_CTX_EXECUTION_DATE=2024-03-20T00:00:00+00:00
AIRFLOW_CTX_TRY_NUMBER=1
AIRFLOW_CTX_DAG_RUN_ID=scheduled__2024-03-20T00:00:00+00:00
[2024-03-21T12:17:37.291-0300] {subprocess.py:63} INFO - Tmp dir root location: 
 /tmp
[2024-03-21T12:17:37.291-0300] {subprocess.py:75} INFO - Running command: ['/usr/bin/bash', '-c', 'echo Task B has executed!']
[2024-03-21T12:17:37.294-0300] {subprocess.py:86} INFO - Output:
[2024-03-21T12:17:37.294-0300] {subprocess.py:93} INFO - Task B has executed!
[2024-03-21T12:17:37.294-0300] {subprocess.py:97} INFO - Command exited with return code 0
[2024-03-21T12:17:37.308-0300] {taskinstance.py:1332} INFO - Marking task as SUCCESS. dag_id=executing_multiple_tasks, task_id=task_B, execution_date=20240320T000000, start_date=20240321T151737, end_date=20240321T151737
[2024-03-21T12:17:37.348-0300] {local_task_job.py:212} INFO - Task exited with return code 0
[2024-03-21T12:17:37.356-0300] {taskinstance.py:2596} INFO - 0 downstream tasks scheduled from follow-on schedule check
