[2024-03-21T19:51:36.266-0300] {taskinstance.py:1090} INFO - Dependencies all met for dep_context=non-requeueable deps ti=<TaskInstance: executing_multiple_tasks3.task_B manual__2024-03-21T22:51:32.407806+00:00 [queued]>
[2024-03-21T19:51:36.270-0300] {taskinstance.py:1090} INFO - Dependencies all met for dep_context=requeueable deps ti=<TaskInstance: executing_multiple_tasks3.task_B manual__2024-03-21T22:51:32.407806+00:00 [queued]>
[2024-03-21T19:51:36.270-0300] {taskinstance.py:1288} INFO - 
--------------------------------------------------------------------------------
[2024-03-21T19:51:36.270-0300] {taskinstance.py:1289} INFO - Starting attempt 1 of 1
[2024-03-21T19:51:36.270-0300] {taskinstance.py:1290} INFO - 
--------------------------------------------------------------------------------
[2024-03-21T19:51:36.281-0300] {taskinstance.py:1309} INFO - Executing <Task(BashOperator): task_B> on 2024-03-21 22:51:32.407806+00:00
[2024-03-21T19:51:36.282-0300] {standard_task_runner.py:55} INFO - Started process 3644 to run task
[2024-03-21T19:51:36.284-0300] {standard_task_runner.py:82} INFO - Running: ['airflow', 'tasks', 'run', 'executing_multiple_tasks3', 'task_B', 'manual__2024-03-21T22:51:32.407806+00:00', '--job-id', '51', '--raw', '--subdir', 'DAGS_FOLDER/multiple_tasks3.py', '--cfg-path', '/tmp/tmpqce83005']
[2024-03-21T19:51:36.284-0300] {standard_task_runner.py:83} INFO - Job 51: Subtask task_B
[2024-03-21T19:51:36.314-0300] {task_command.py:389} INFO - Running <TaskInstance: executing_multiple_tasks3.task_B manual__2024-03-21T22:51:32.407806+00:00 [running]> on host DESKTOP-0DNP0LN.localdomain
[2024-03-21T19:51:36.353-0300] {taskinstance.py:1518} INFO - Exporting the following env vars:
AIRFLOW_CTX_DAG_OWNER=falcone
AIRFLOW_CTX_DAG_ID=executing_multiple_tasks3
AIRFLOW_CTX_TASK_ID=task_B
AIRFLOW_CTX_EXECUTION_DATE=2024-03-21T22:51:32.407806+00:00
AIRFLOW_CTX_TRY_NUMBER=1
AIRFLOW_CTX_DAG_RUN_ID=manual__2024-03-21T22:51:32.407806+00:00
[2024-03-21T19:51:36.354-0300] {subprocess.py:63} INFO - Tmp dir root location: 
 /tmp
[2024-03-21T19:51:36.354-0300] {subprocess.py:75} INFO - Running command: ['/usr/bin/bash', '-c', 'echo Task B has started!\nsleep 4\n# task will be skipped using exit 99\nexit 99\necho Task B has ended!']
[2024-03-21T19:51:36.356-0300] {subprocess.py:86} INFO - Output:
[2024-03-21T19:51:36.357-0300] {subprocess.py:93} INFO - Task B has started!
[2024-03-21T19:51:40.359-0300] {subprocess.py:97} INFO - Command exited with return code 99
[2024-03-21T19:51:40.359-0300] {taskinstance.py:1407} INFO - Bash command returned exit code 99. Skipping.
[2024-03-21T19:51:40.363-0300] {taskinstance.py:1332} INFO - Marking task as SKIPPED. dag_id=executing_multiple_tasks3, task_id=task_B, execution_date=20240321T225132, start_date=20240321T225136, end_date=20240321T225140
[2024-03-21T19:51:40.408-0300] {local_task_job.py:212} INFO - Task exited with return code 0
[2024-03-21T19:51:40.419-0300] {taskinstance.py:2596} INFO - 0 downstream tasks scheduled from follow-on schedule check
