[2024-03-21T19:47:24.205-0300] {taskinstance.py:1090} INFO - Dependencies all met for dep_context=non-requeueable deps ti=<TaskInstance: executing_multiple_tasks3.task_D manual__2024-03-21T22:47:18.782977+00:00 [queued]>
[2024-03-21T19:47:24.210-0300] {taskinstance.py:1090} INFO - Dependencies all met for dep_context=requeueable deps ti=<TaskInstance: executing_multiple_tasks3.task_D manual__2024-03-21T22:47:18.782977+00:00 [queued]>
[2024-03-21T19:47:24.210-0300] {taskinstance.py:1288} INFO - 
--------------------------------------------------------------------------------
[2024-03-21T19:47:24.210-0300] {taskinstance.py:1289} INFO - Starting attempt 1 of 1
[2024-03-21T19:47:24.210-0300] {taskinstance.py:1290} INFO - 
--------------------------------------------------------------------------------
[2024-03-21T19:47:24.220-0300] {taskinstance.py:1309} INFO - Executing <Task(BashOperator): task_D> on 2024-03-21 22:47:18.782977+00:00
[2024-03-21T19:47:24.221-0300] {standard_task_runner.py:55} INFO - Started process 3194 to run task
[2024-03-21T19:47:24.223-0300] {standard_task_runner.py:82} INFO - Running: ['airflow', 'tasks', 'run', 'executing_multiple_tasks3', 'task_D', 'manual__2024-03-21T22:47:18.782977+00:00', '--job-id', '46', '--raw', '--subdir', 'DAGS_FOLDER/multiple_tasks3.py', '--cfg-path', '/tmp/tmptow8rzpv']
[2024-03-21T19:47:24.224-0300] {standard_task_runner.py:83} INFO - Job 46: Subtask task_D
[2024-03-21T19:47:24.253-0300] {task_command.py:389} INFO - Running <TaskInstance: executing_multiple_tasks3.task_D manual__2024-03-21T22:47:18.782977+00:00 [running]> on host DESKTOP-0DNP0LN.localdomain
[2024-03-21T19:47:24.289-0300] {taskinstance.py:1518} INFO - Exporting the following env vars:
AIRFLOW_CTX_DAG_OWNER=falcone
AIRFLOW_CTX_DAG_ID=executing_multiple_tasks3
AIRFLOW_CTX_TASK_ID=task_D
AIRFLOW_CTX_EXECUTION_DATE=2024-03-21T22:47:18.782977+00:00
AIRFLOW_CTX_TRY_NUMBER=1
AIRFLOW_CTX_DAG_RUN_ID=manual__2024-03-21T22:47:18.782977+00:00
[2024-03-21T19:47:24.290-0300] {subprocess.py:63} INFO - Tmp dir root location: 
 /tmp
[2024-03-21T19:47:24.290-0300] {subprocess.py:75} INFO - Running command: ['/usr/bin/bash', '-c', '']
[2024-03-21T19:47:24.293-0300] {subprocess.py:86} INFO - Output:
[2024-03-21T19:47:24.293-0300] {subprocess.py:97} INFO - Command exited with return code 0
[2024-03-21T19:47:24.306-0300] {taskinstance.py:1332} INFO - Marking task as SUCCESS. dag_id=executing_multiple_tasks3, task_id=task_D, execution_date=20240321T224718, start_date=20240321T224724, end_date=20240321T224724
[2024-03-21T19:47:24.355-0300] {local_task_job.py:212} INFO - Task exited with return code 0
[2024-03-21T19:47:24.365-0300] {taskinstance.py:2596} INFO - 1 downstream tasks scheduled from follow-on schedule check
