[2024-03-23T21:00:02.377-0300] {taskinstance.py:1090} INFO - Dependencies all met for dep_context=non-requeueable deps ti=<TaskInstance: executing_multiple_tasks3.task_A scheduled__2024-03-23T00:00:00+00:00 [queued]>
[2024-03-23T21:00:02.382-0300] {taskinstance.py:1090} INFO - Dependencies all met for dep_context=requeueable deps ti=<TaskInstance: executing_multiple_tasks3.task_A scheduled__2024-03-23T00:00:00+00:00 [queued]>
[2024-03-23T21:00:02.382-0300] {taskinstance.py:1288} INFO - 
--------------------------------------------------------------------------------
[2024-03-23T21:00:02.382-0300] {taskinstance.py:1289} INFO - Starting attempt 1 of 1
[2024-03-23T21:00:02.382-0300] {taskinstance.py:1290} INFO - 
--------------------------------------------------------------------------------
[2024-03-23T21:00:02.395-0300] {taskinstance.py:1309} INFO - Executing <Task(BashOperator): task_A> on 2024-03-23 00:00:00+00:00
[2024-03-23T21:00:02.396-0300] {standard_task_runner.py:55} INFO - Started process 7454 to run task
[2024-03-23T21:00:02.397-0300] {standard_task_runner.py:82} INFO - Running: ['airflow', 'tasks', 'run', 'executing_multiple_tasks3', 'task_A', 'scheduled__2024-03-23T00:00:00+00:00', '--job-id', '97', '--raw', '--subdir', 'DAGS_FOLDER/multiple_tasks3.py', '--cfg-path', '/tmp/tmpwv6jbbdd']
[2024-03-23T21:00:02.398-0300] {standard_task_runner.py:83} INFO - Job 97: Subtask task_A
[2024-03-23T21:00:02.429-0300] {task_command.py:389} INFO - Running <TaskInstance: executing_multiple_tasks3.task_A scheduled__2024-03-23T00:00:00+00:00 [running]> on host DESKTOP-0DNP0LN.localdomain
[2024-03-23T21:00:02.467-0300] {taskinstance.py:1518} INFO - Exporting the following env vars:
AIRFLOW_CTX_DAG_OWNER=falcone
AIRFLOW_CTX_DAG_ID=executing_multiple_tasks3
AIRFLOW_CTX_TASK_ID=task_A
AIRFLOW_CTX_EXECUTION_DATE=2024-03-23T00:00:00+00:00
AIRFLOW_CTX_TRY_NUMBER=1
AIRFLOW_CTX_DAG_RUN_ID=scheduled__2024-03-23T00:00:00+00:00
[2024-03-23T21:00:02.468-0300] {subprocess.py:63} INFO - Tmp dir root location: 
 /tmp
[2024-03-23T21:00:02.468-0300] {subprocess.py:75} INFO - Running command: ['/usr/bin/bash', '-c', 'echo Task A has started!\nfor i in {1..10}\ndo\n    echo Task A printing $i\ndone\necho Task A has ended!']
[2024-03-23T21:00:02.471-0300] {subprocess.py:86} INFO - Output:
[2024-03-23T21:00:02.471-0300] {subprocess.py:93} INFO - Task A has started!
[2024-03-23T21:00:02.471-0300] {subprocess.py:93} INFO - Task A printing 1
[2024-03-23T21:00:02.471-0300] {subprocess.py:93} INFO - Task A printing 2
[2024-03-23T21:00:02.471-0300] {subprocess.py:93} INFO - Task A printing 3
[2024-03-23T21:00:02.471-0300] {subprocess.py:93} INFO - Task A printing 4
[2024-03-23T21:00:02.471-0300] {subprocess.py:93} INFO - Task A printing 5
[2024-03-23T21:00:02.472-0300] {subprocess.py:93} INFO - Task A printing 6
[2024-03-23T21:00:02.472-0300] {subprocess.py:93} INFO - Task A printing 7
[2024-03-23T21:00:02.472-0300] {subprocess.py:93} INFO - Task A printing 8
[2024-03-23T21:00:02.472-0300] {subprocess.py:93} INFO - Task A printing 9
[2024-03-23T21:00:02.472-0300] {subprocess.py:93} INFO - Task A printing 10
[2024-03-23T21:00:02.472-0300] {subprocess.py:93} INFO - Task A has ended!
[2024-03-23T21:00:02.472-0300] {subprocess.py:97} INFO - Command exited with return code 0
[2024-03-23T21:00:02.485-0300] {taskinstance.py:1332} INFO - Marking task as SUCCESS. dag_id=executing_multiple_tasks3, task_id=task_A, execution_date=20240323T000000, start_date=20240324T000002, end_date=20240324T000002
[2024-03-23T21:00:02.529-0300] {local_task_job.py:212} INFO - Task exited with return code 0
[2024-03-23T21:00:02.545-0300] {taskinstance.py:2596} INFO - 3 downstream tasks scheduled from follow-on schedule check
