[2024-03-20T22:09:12.578-0300] {processor.py:153} INFO - Started process (PID=310) to work on /home/carlosfalcone/.local/lib/python3.7/site-packages/airflow/example_dags/example_python_operator.py
[2024-03-20T22:09:12.579-0300] {processor.py:743} INFO - Processing file /home/carlosfalcone/.local/lib/python3.7/site-packages/airflow/example_dags/example_python_operator.py for tasks to queue
[2024-03-20T22:09:12.579-0300] {logging_mixin.py:137} INFO - [2024-03-20T22:09:12.579-0300] {dagbag.py:532} INFO - Filling up the DagBag from /home/carlosfalcone/.local/lib/python3.7/site-packages/airflow/example_dags/example_python_operator.py
[2024-03-20T22:09:12.589-0300] {logging_mixin.py:137} INFO - [2024-03-20T22:09:12.589-0300] {taskmixin.py:211} WARNING - Dependency <Task(_PythonDecoratedOperator): print_the_context>, log_sql_query already registered for DAG: example_python_operator
[2024-03-20T22:09:12.589-0300] {logging_mixin.py:137} INFO - [2024-03-20T22:09:12.589-0300] {taskmixin.py:211} WARNING - Dependency <Task(_PythonDecoratedOperator): log_sql_query>, print_the_context already registered for DAG: example_python_operator
[2024-03-20T22:09:12.590-0300] {logging_mixin.py:137} INFO - [2024-03-20T22:09:12.590-0300] {taskmixin.py:211} WARNING - Dependency <Task(_PythonDecoratedOperator): print_the_context>, log_sql_query already registered for DAG: example_python_operator
[2024-03-20T22:09:12.590-0300] {logging_mixin.py:137} INFO - [2024-03-20T22:09:12.590-0300] {taskmixin.py:211} WARNING - Dependency <Task(_PythonDecoratedOperator): log_sql_query>, print_the_context already registered for DAG: example_python_operator
[2024-03-20T22:09:12.590-0300] {logging_mixin.py:137} INFO - [2024-03-20T22:09:12.590-0300] {taskmixin.py:211} WARNING - Dependency <Task(_PythonDecoratedOperator): print_the_context>, log_sql_query already registered for DAG: example_python_operator
[2024-03-20T22:09:12.590-0300] {logging_mixin.py:137} INFO - [2024-03-20T22:09:12.590-0300] {taskmixin.py:211} WARNING - Dependency <Task(_PythonDecoratedOperator): log_sql_query>, print_the_context already registered for DAG: example_python_operator
[2024-03-20T22:09:12.591-0300] {logging_mixin.py:137} INFO - [2024-03-20T22:09:12.591-0300] {taskmixin.py:211} WARNING - Dependency <Task(_PythonDecoratedOperator): print_the_context>, log_sql_query already registered for DAG: example_python_operator
[2024-03-20T22:09:12.591-0300] {logging_mixin.py:137} INFO - [2024-03-20T22:09:12.591-0300] {taskmixin.py:211} WARNING - Dependency <Task(_PythonDecoratedOperator): log_sql_query>, print_the_context already registered for DAG: example_python_operator
[2024-03-20T22:09:12.614-0300] {logging_mixin.py:137} INFO - [2024-03-20T22:09:12.614-0300] {example_python_operator.py:90} WARNING - The virtalenv_python example task requires virtualenv, please install it.
[2024-03-20T22:09:12.617-0300] {processor.py:753} INFO - DAG(s) dict_keys(['example_python_operator']) retrieved from /home/carlosfalcone/.local/lib/python3.7/site-packages/airflow/example_dags/example_python_operator.py
[2024-03-20T22:09:12.686-0300] {logging_mixin.py:137} INFO - [2024-03-20T22:09:12.686-0300] {manager.py:504} INFO - Created Permission View: can delete on DAG:example_python_operator
[2024-03-20T22:09:12.695-0300] {logging_mixin.py:137} INFO - [2024-03-20T22:09:12.695-0300] {manager.py:504} INFO - Created Permission View: can read on DAG:example_python_operator
[2024-03-20T22:09:12.702-0300] {logging_mixin.py:137} INFO - [2024-03-20T22:09:12.702-0300] {manager.py:504} INFO - Created Permission View: can edit on DAG:example_python_operator
[2024-03-20T22:09:12.702-0300] {logging_mixin.py:137} INFO - [2024-03-20T22:09:12.702-0300] {dag.py:2705} INFO - Sync 1 DAGs
[2024-03-20T22:09:12.709-0300] {logging_mixin.py:137} INFO - [2024-03-20T22:09:12.709-0300] {dag.py:2726} INFO - Creating ORM DAG for example_python_operator
[2024-03-20T22:09:12.715-0300] {logging_mixin.py:137} INFO - [2024-03-20T22:09:12.715-0300] {dag.py:3456} INFO - Setting next_dagrun for example_python_operator to None, run_after=None
[2024-03-20T22:09:12.733-0300] {processor.py:175} INFO - Processing /home/carlosfalcone/.local/lib/python3.7/site-packages/airflow/example_dags/example_python_operator.py took 0.156 seconds
[2024-03-20T22:09:55.999-0300] {processor.py:153} INFO - Started process (PID=508) to work on /home/carlosfalcone/.local/lib/python3.7/site-packages/airflow/example_dags/example_python_operator.py
[2024-03-20T22:09:56.000-0300] {processor.py:743} INFO - Processing file /home/carlosfalcone/.local/lib/python3.7/site-packages/airflow/example_dags/example_python_operator.py for tasks to queue
[2024-03-20T22:09:56.001-0300] {logging_mixin.py:137} INFO - [2024-03-20T22:09:56.000-0300] {dagbag.py:532} INFO - Filling up the DagBag from /home/carlosfalcone/.local/lib/python3.7/site-packages/airflow/example_dags/example_python_operator.py
[2024-03-20T22:09:56.012-0300] {logging_mixin.py:137} INFO - [2024-03-20T22:09:56.012-0300] {taskmixin.py:211} WARNING - Dependency <Task(_PythonDecoratedOperator): print_the_context>, log_sql_query already registered for DAG: example_python_operator
[2024-03-20T22:09:56.012-0300] {logging_mixin.py:137} INFO - [2024-03-20T22:09:56.012-0300] {taskmixin.py:211} WARNING - Dependency <Task(_PythonDecoratedOperator): log_sql_query>, print_the_context already registered for DAG: example_python_operator
[2024-03-20T22:09:56.012-0300] {logging_mixin.py:137} INFO - [2024-03-20T22:09:56.012-0300] {taskmixin.py:211} WARNING - Dependency <Task(_PythonDecoratedOperator): print_the_context>, log_sql_query already registered for DAG: example_python_operator
[2024-03-20T22:09:56.012-0300] {logging_mixin.py:137} INFO - [2024-03-20T22:09:56.012-0300] {taskmixin.py:211} WARNING - Dependency <Task(_PythonDecoratedOperator): log_sql_query>, print_the_context already registered for DAG: example_python_operator
[2024-03-20T22:09:56.013-0300] {logging_mixin.py:137} INFO - [2024-03-20T22:09:56.013-0300] {taskmixin.py:211} WARNING - Dependency <Task(_PythonDecoratedOperator): print_the_context>, log_sql_query already registered for DAG: example_python_operator
[2024-03-20T22:09:56.013-0300] {logging_mixin.py:137} INFO - [2024-03-20T22:09:56.013-0300] {taskmixin.py:211} WARNING - Dependency <Task(_PythonDecoratedOperator): log_sql_query>, print_the_context already registered for DAG: example_python_operator
[2024-03-20T22:09:56.014-0300] {logging_mixin.py:137} INFO - [2024-03-20T22:09:56.013-0300] {taskmixin.py:211} WARNING - Dependency <Task(_PythonDecoratedOperator): print_the_context>, log_sql_query already registered for DAG: example_python_operator
[2024-03-20T22:09:56.014-0300] {logging_mixin.py:137} INFO - [2024-03-20T22:09:56.014-0300] {taskmixin.py:211} WARNING - Dependency <Task(_PythonDecoratedOperator): log_sql_query>, print_the_context already registered for DAG: example_python_operator
[2024-03-20T22:09:56.028-0300] {logging_mixin.py:137} INFO - [2024-03-20T22:09:56.028-0300] {example_python_operator.py:90} WARNING - The virtalenv_python example task requires virtualenv, please install it.
[2024-03-20T22:09:56.031-0300] {processor.py:753} INFO - DAG(s) dict_keys(['example_python_operator']) retrieved from /home/carlosfalcone/.local/lib/python3.7/site-packages/airflow/example_dags/example_python_operator.py
[2024-03-20T22:09:56.043-0300] {logging_mixin.py:137} INFO - [2024-03-20T22:09:56.043-0300] {dag.py:2705} INFO - Sync 1 DAGs
[2024-03-20T22:09:56.057-0300] {logging_mixin.py:137} INFO - [2024-03-20T22:09:56.057-0300] {dag.py:3456} INFO - Setting next_dagrun for example_python_operator to None, run_after=None
[2024-03-20T22:09:56.073-0300] {processor.py:175} INFO - Processing /home/carlosfalcone/.local/lib/python3.7/site-packages/airflow/example_dags/example_python_operator.py took 0.076 seconds
[2024-03-20T22:10:35.733-0300] {processor.py:153} INFO - Started process (PID=610) to work on /home/carlosfalcone/.local/lib/python3.7/site-packages/airflow/example_dags/example_python_operator.py
[2024-03-20T22:10:35.734-0300] {processor.py:743} INFO - Processing file /home/carlosfalcone/.local/lib/python3.7/site-packages/airflow/example_dags/example_python_operator.py for tasks to queue
[2024-03-20T22:10:35.734-0300] {logging_mixin.py:137} INFO - [2024-03-20T22:10:35.734-0300] {dagbag.py:532} INFO - Filling up the DagBag from /home/carlosfalcone/.local/lib/python3.7/site-packages/airflow/example_dags/example_python_operator.py
[2024-03-20T22:10:35.745-0300] {logging_mixin.py:137} INFO - [2024-03-20T22:10:35.745-0300] {taskmixin.py:211} WARNING - Dependency <Task(_PythonDecoratedOperator): print_the_context>, log_sql_query already registered for DAG: example_python_operator
[2024-03-20T22:10:35.745-0300] {logging_mixin.py:137} INFO - [2024-03-20T22:10:35.745-0300] {taskmixin.py:211} WARNING - Dependency <Task(_PythonDecoratedOperator): log_sql_query>, print_the_context already registered for DAG: example_python_operator
[2024-03-20T22:10:35.746-0300] {logging_mixin.py:137} INFO - [2024-03-20T22:10:35.746-0300] {taskmixin.py:211} WARNING - Dependency <Task(_PythonDecoratedOperator): print_the_context>, log_sql_query already registered for DAG: example_python_operator
[2024-03-20T22:10:35.746-0300] {logging_mixin.py:137} INFO - [2024-03-20T22:10:35.746-0300] {taskmixin.py:211} WARNING - Dependency <Task(_PythonDecoratedOperator): log_sql_query>, print_the_context already registered for DAG: example_python_operator
[2024-03-20T22:10:35.746-0300] {logging_mixin.py:137} INFO - [2024-03-20T22:10:35.746-0300] {taskmixin.py:211} WARNING - Dependency <Task(_PythonDecoratedOperator): print_the_context>, log_sql_query already registered for DAG: example_python_operator
[2024-03-20T22:10:35.746-0300] {logging_mixin.py:137} INFO - [2024-03-20T22:10:35.746-0300] {taskmixin.py:211} WARNING - Dependency <Task(_PythonDecoratedOperator): log_sql_query>, print_the_context already registered for DAG: example_python_operator
[2024-03-20T22:10:35.747-0300] {logging_mixin.py:137} INFO - [2024-03-20T22:10:35.747-0300] {taskmixin.py:211} WARNING - Dependency <Task(_PythonDecoratedOperator): print_the_context>, log_sql_query already registered for DAG: example_python_operator
[2024-03-20T22:10:35.747-0300] {logging_mixin.py:137} INFO - [2024-03-20T22:10:35.747-0300] {taskmixin.py:211} WARNING - Dependency <Task(_PythonDecoratedOperator): log_sql_query>, print_the_context already registered for DAG: example_python_operator
[2024-03-20T22:10:35.762-0300] {logging_mixin.py:137} INFO - [2024-03-20T22:10:35.762-0300] {example_python_operator.py:90} WARNING - The virtalenv_python example task requires virtualenv, please install it.
[2024-03-20T22:10:35.765-0300] {processor.py:753} INFO - DAG(s) dict_keys(['example_python_operator']) retrieved from /home/carlosfalcone/.local/lib/python3.7/site-packages/airflow/example_dags/example_python_operator.py
[2024-03-20T22:10:35.777-0300] {logging_mixin.py:137} INFO - [2024-03-20T22:10:35.777-0300] {dag.py:2705} INFO - Sync 1 DAGs
[2024-03-20T22:10:35.791-0300] {logging_mixin.py:137} INFO - [2024-03-20T22:10:35.791-0300] {dag.py:3456} INFO - Setting next_dagrun for example_python_operator to None, run_after=None
[2024-03-20T22:10:35.805-0300] {processor.py:175} INFO - Processing /home/carlosfalcone/.local/lib/python3.7/site-packages/airflow/example_dags/example_python_operator.py took 0.074 seconds
[2024-03-20T22:11:15.931-0300] {processor.py:153} INFO - Started process (PID=712) to work on /home/carlosfalcone/.local/lib/python3.7/site-packages/airflow/example_dags/example_python_operator.py
[2024-03-20T22:11:15.933-0300] {processor.py:743} INFO - Processing file /home/carlosfalcone/.local/lib/python3.7/site-packages/airflow/example_dags/example_python_operator.py for tasks to queue
[2024-03-20T22:11:15.933-0300] {logging_mixin.py:137} INFO - [2024-03-20T22:11:15.933-0300] {dagbag.py:532} INFO - Filling up the DagBag from /home/carlosfalcone/.local/lib/python3.7/site-packages/airflow/example_dags/example_python_operator.py
[2024-03-20T22:11:15.944-0300] {logging_mixin.py:137} INFO - [2024-03-20T22:11:15.943-0300] {taskmixin.py:211} WARNING - Dependency <Task(_PythonDecoratedOperator): print_the_context>, log_sql_query already registered for DAG: example_python_operator
[2024-03-20T22:11:15.944-0300] {logging_mixin.py:137} INFO - [2024-03-20T22:11:15.944-0300] {taskmixin.py:211} WARNING - Dependency <Task(_PythonDecoratedOperator): log_sql_query>, print_the_context already registered for DAG: example_python_operator
[2024-03-20T22:11:15.944-0300] {logging_mixin.py:137} INFO - [2024-03-20T22:11:15.944-0300] {taskmixin.py:211} WARNING - Dependency <Task(_PythonDecoratedOperator): print_the_context>, log_sql_query already registered for DAG: example_python_operator
[2024-03-20T22:11:15.944-0300] {logging_mixin.py:137} INFO - [2024-03-20T22:11:15.944-0300] {taskmixin.py:211} WARNING - Dependency <Task(_PythonDecoratedOperator): log_sql_query>, print_the_context already registered for DAG: example_python_operator
[2024-03-20T22:11:15.945-0300] {logging_mixin.py:137} INFO - [2024-03-20T22:11:15.945-0300] {taskmixin.py:211} WARNING - Dependency <Task(_PythonDecoratedOperator): print_the_context>, log_sql_query already registered for DAG: example_python_operator
[2024-03-20T22:11:15.945-0300] {logging_mixin.py:137} INFO - [2024-03-20T22:11:15.945-0300] {taskmixin.py:211} WARNING - Dependency <Task(_PythonDecoratedOperator): log_sql_query>, print_the_context already registered for DAG: example_python_operator
[2024-03-20T22:11:15.945-0300] {logging_mixin.py:137} INFO - [2024-03-20T22:11:15.945-0300] {taskmixin.py:211} WARNING - Dependency <Task(_PythonDecoratedOperator): print_the_context>, log_sql_query already registered for DAG: example_python_operator
[2024-03-20T22:11:15.945-0300] {logging_mixin.py:137} INFO - [2024-03-20T22:11:15.945-0300] {taskmixin.py:211} WARNING - Dependency <Task(_PythonDecoratedOperator): log_sql_query>, print_the_context already registered for DAG: example_python_operator
[2024-03-20T22:11:15.960-0300] {logging_mixin.py:137} INFO - [2024-03-20T22:11:15.960-0300] {example_python_operator.py:90} WARNING - The virtalenv_python example task requires virtualenv, please install it.
[2024-03-20T22:11:15.963-0300] {processor.py:753} INFO - DAG(s) dict_keys(['example_python_operator']) retrieved from /home/carlosfalcone/.local/lib/python3.7/site-packages/airflow/example_dags/example_python_operator.py
[2024-03-20T22:11:15.975-0300] {logging_mixin.py:137} INFO - [2024-03-20T22:11:15.975-0300] {dag.py:2705} INFO - Sync 1 DAGs
[2024-03-20T22:11:15.989-0300] {logging_mixin.py:137} INFO - [2024-03-20T22:11:15.989-0300] {dag.py:3456} INFO - Setting next_dagrun for example_python_operator to None, run_after=None
[2024-03-20T22:11:16.004-0300] {processor.py:175} INFO - Processing /home/carlosfalcone/.local/lib/python3.7/site-packages/airflow/example_dags/example_python_operator.py took 0.074 seconds
[2024-03-20T22:12:01.028-0300] {processor.py:153} INFO - Started process (PID=815) to work on /home/carlosfalcone/.local/lib/python3.7/site-packages/airflow/example_dags/example_python_operator.py
[2024-03-20T22:12:01.029-0300] {processor.py:743} INFO - Processing file /home/carlosfalcone/.local/lib/python3.7/site-packages/airflow/example_dags/example_python_operator.py for tasks to queue
[2024-03-20T22:12:01.029-0300] {logging_mixin.py:137} INFO - [2024-03-20T22:12:01.029-0300] {dagbag.py:532} INFO - Filling up the DagBag from /home/carlosfalcone/.local/lib/python3.7/site-packages/airflow/example_dags/example_python_operator.py
[2024-03-20T22:12:01.040-0300] {logging_mixin.py:137} INFO - [2024-03-20T22:12:01.040-0300] {taskmixin.py:211} WARNING - Dependency <Task(_PythonDecoratedOperator): print_the_context>, log_sql_query already registered for DAG: example_python_operator
[2024-03-20T22:12:01.041-0300] {logging_mixin.py:137} INFO - [2024-03-20T22:12:01.040-0300] {taskmixin.py:211} WARNING - Dependency <Task(_PythonDecoratedOperator): log_sql_query>, print_the_context already registered for DAG: example_python_operator
[2024-03-20T22:12:01.041-0300] {logging_mixin.py:137} INFO - [2024-03-20T22:12:01.041-0300] {taskmixin.py:211} WARNING - Dependency <Task(_PythonDecoratedOperator): print_the_context>, log_sql_query already registered for DAG: example_python_operator
[2024-03-20T22:12:01.041-0300] {logging_mixin.py:137} INFO - [2024-03-20T22:12:01.041-0300] {taskmixin.py:211} WARNING - Dependency <Task(_PythonDecoratedOperator): log_sql_query>, print_the_context already registered for DAG: example_python_operator
[2024-03-20T22:12:01.042-0300] {logging_mixin.py:137} INFO - [2024-03-20T22:12:01.042-0300] {taskmixin.py:211} WARNING - Dependency <Task(_PythonDecoratedOperator): print_the_context>, log_sql_query already registered for DAG: example_python_operator
[2024-03-20T22:12:01.042-0300] {logging_mixin.py:137} INFO - [2024-03-20T22:12:01.042-0300] {taskmixin.py:211} WARNING - Dependency <Task(_PythonDecoratedOperator): log_sql_query>, print_the_context already registered for DAG: example_python_operator
[2024-03-20T22:12:01.042-0300] {logging_mixin.py:137} INFO - [2024-03-20T22:12:01.042-0300] {taskmixin.py:211} WARNING - Dependency <Task(_PythonDecoratedOperator): print_the_context>, log_sql_query already registered for DAG: example_python_operator
[2024-03-20T22:12:01.042-0300] {logging_mixin.py:137} INFO - [2024-03-20T22:12:01.042-0300] {taskmixin.py:211} WARNING - Dependency <Task(_PythonDecoratedOperator): log_sql_query>, print_the_context already registered for DAG: example_python_operator
[2024-03-20T22:12:01.058-0300] {logging_mixin.py:137} INFO - [2024-03-20T22:12:01.058-0300] {example_python_operator.py:90} WARNING - The virtalenv_python example task requires virtualenv, please install it.
[2024-03-20T22:12:01.061-0300] {processor.py:753} INFO - DAG(s) dict_keys(['example_python_operator']) retrieved from /home/carlosfalcone/.local/lib/python3.7/site-packages/airflow/example_dags/example_python_operator.py
[2024-03-20T22:12:01.073-0300] {logging_mixin.py:137} INFO - [2024-03-20T22:12:01.073-0300] {dag.py:2705} INFO - Sync 1 DAGs
[2024-03-20T22:12:01.086-0300] {logging_mixin.py:137} INFO - [2024-03-20T22:12:01.086-0300] {dag.py:3456} INFO - Setting next_dagrun for example_python_operator to None, run_after=None
[2024-03-20T22:12:01.102-0300] {processor.py:175} INFO - Processing /home/carlosfalcone/.local/lib/python3.7/site-packages/airflow/example_dags/example_python_operator.py took 0.075 seconds
[2024-03-20T22:12:39.069-0300] {processor.py:153} INFO - Started process (PID=914) to work on /home/carlosfalcone/.local/lib/python3.7/site-packages/airflow/example_dags/example_python_operator.py
[2024-03-20T22:12:39.070-0300] {processor.py:743} INFO - Processing file /home/carlosfalcone/.local/lib/python3.7/site-packages/airflow/example_dags/example_python_operator.py for tasks to queue
[2024-03-20T22:12:39.071-0300] {logging_mixin.py:137} INFO - [2024-03-20T22:12:39.070-0300] {dagbag.py:532} INFO - Filling up the DagBag from /home/carlosfalcone/.local/lib/python3.7/site-packages/airflow/example_dags/example_python_operator.py
[2024-03-20T22:12:39.081-0300] {logging_mixin.py:137} INFO - [2024-03-20T22:12:39.081-0300] {taskmixin.py:211} WARNING - Dependency <Task(_PythonDecoratedOperator): print_the_context>, log_sql_query already registered for DAG: example_python_operator
[2024-03-20T22:12:39.081-0300] {logging_mixin.py:137} INFO - [2024-03-20T22:12:39.081-0300] {taskmixin.py:211} WARNING - Dependency <Task(_PythonDecoratedOperator): log_sql_query>, print_the_context already registered for DAG: example_python_operator
[2024-03-20T22:12:39.081-0300] {logging_mixin.py:137} INFO - [2024-03-20T22:12:39.081-0300] {taskmixin.py:211} WARNING - Dependency <Task(_PythonDecoratedOperator): print_the_context>, log_sql_query already registered for DAG: example_python_operator
[2024-03-20T22:12:39.082-0300] {logging_mixin.py:137} INFO - [2024-03-20T22:12:39.081-0300] {taskmixin.py:211} WARNING - Dependency <Task(_PythonDecoratedOperator): log_sql_query>, print_the_context already registered for DAG: example_python_operator
[2024-03-20T22:12:39.082-0300] {logging_mixin.py:137} INFO - [2024-03-20T22:12:39.082-0300] {taskmixin.py:211} WARNING - Dependency <Task(_PythonDecoratedOperator): print_the_context>, log_sql_query already registered for DAG: example_python_operator
[2024-03-20T22:12:39.082-0300] {logging_mixin.py:137} INFO - [2024-03-20T22:12:39.082-0300] {taskmixin.py:211} WARNING - Dependency <Task(_PythonDecoratedOperator): log_sql_query>, print_the_context already registered for DAG: example_python_operator
[2024-03-20T22:12:39.083-0300] {logging_mixin.py:137} INFO - [2024-03-20T22:12:39.082-0300] {taskmixin.py:211} WARNING - Dependency <Task(_PythonDecoratedOperator): print_the_context>, log_sql_query already registered for DAG: example_python_operator
[2024-03-20T22:12:39.083-0300] {logging_mixin.py:137} INFO - [2024-03-20T22:12:39.083-0300] {taskmixin.py:211} WARNING - Dependency <Task(_PythonDecoratedOperator): log_sql_query>, print_the_context already registered for DAG: example_python_operator
[2024-03-20T22:12:39.099-0300] {logging_mixin.py:137} INFO - [2024-03-20T22:12:39.099-0300] {example_python_operator.py:90} WARNING - The virtalenv_python example task requires virtualenv, please install it.
[2024-03-20T22:12:39.102-0300] {processor.py:753} INFO - DAG(s) dict_keys(['example_python_operator']) retrieved from /home/carlosfalcone/.local/lib/python3.7/site-packages/airflow/example_dags/example_python_operator.py
[2024-03-20T22:12:39.115-0300] {logging_mixin.py:137} INFO - [2024-03-20T22:12:39.114-0300] {dag.py:2705} INFO - Sync 1 DAGs
[2024-03-20T22:12:39.128-0300] {logging_mixin.py:137} INFO - [2024-03-20T22:12:39.128-0300] {dag.py:3456} INFO - Setting next_dagrun for example_python_operator to None, run_after=None
[2024-03-20T22:12:39.143-0300] {processor.py:175} INFO - Processing /home/carlosfalcone/.local/lib/python3.7/site-packages/airflow/example_dags/example_python_operator.py took 0.075 seconds
[2024-03-20T22:13:22.539-0300] {processor.py:153} INFO - Started process (PID=1025) to work on /home/carlosfalcone/.local/lib/python3.7/site-packages/airflow/example_dags/example_python_operator.py
[2024-03-20T22:13:22.540-0300] {processor.py:743} INFO - Processing file /home/carlosfalcone/.local/lib/python3.7/site-packages/airflow/example_dags/example_python_operator.py for tasks to queue
[2024-03-20T22:13:22.540-0300] {logging_mixin.py:137} INFO - [2024-03-20T22:13:22.540-0300] {dagbag.py:532} INFO - Filling up the DagBag from /home/carlosfalcone/.local/lib/python3.7/site-packages/airflow/example_dags/example_python_operator.py
[2024-03-20T22:13:22.551-0300] {logging_mixin.py:137} INFO - [2024-03-20T22:13:22.551-0300] {taskmixin.py:211} WARNING - Dependency <Task(_PythonDecoratedOperator): print_the_context>, log_sql_query already registered for DAG: example_python_operator
[2024-03-20T22:13:22.551-0300] {logging_mixin.py:137} INFO - [2024-03-20T22:13:22.551-0300] {taskmixin.py:211} WARNING - Dependency <Task(_PythonDecoratedOperator): log_sql_query>, print_the_context already registered for DAG: example_python_operator
[2024-03-20T22:13:22.551-0300] {logging_mixin.py:137} INFO - [2024-03-20T22:13:22.551-0300] {taskmixin.py:211} WARNING - Dependency <Task(_PythonDecoratedOperator): print_the_context>, log_sql_query already registered for DAG: example_python_operator
[2024-03-20T22:13:22.552-0300] {logging_mixin.py:137} INFO - [2024-03-20T22:13:22.552-0300] {taskmixin.py:211} WARNING - Dependency <Task(_PythonDecoratedOperator): log_sql_query>, print_the_context already registered for DAG: example_python_operator
[2024-03-20T22:13:22.552-0300] {logging_mixin.py:137} INFO - [2024-03-20T22:13:22.552-0300] {taskmixin.py:211} WARNING - Dependency <Task(_PythonDecoratedOperator): print_the_context>, log_sql_query already registered for DAG: example_python_operator
[2024-03-20T22:13:22.552-0300] {logging_mixin.py:137} INFO - [2024-03-20T22:13:22.552-0300] {taskmixin.py:211} WARNING - Dependency <Task(_PythonDecoratedOperator): log_sql_query>, print_the_context already registered for DAG: example_python_operator
[2024-03-20T22:13:22.553-0300] {logging_mixin.py:137} INFO - [2024-03-20T22:13:22.553-0300] {taskmixin.py:211} WARNING - Dependency <Task(_PythonDecoratedOperator): print_the_context>, log_sql_query already registered for DAG: example_python_operator
[2024-03-20T22:13:22.553-0300] {logging_mixin.py:137} INFO - [2024-03-20T22:13:22.553-0300] {taskmixin.py:211} WARNING - Dependency <Task(_PythonDecoratedOperator): log_sql_query>, print_the_context already registered for DAG: example_python_operator
[2024-03-20T22:13:22.568-0300] {logging_mixin.py:137} INFO - [2024-03-20T22:13:22.568-0300] {example_python_operator.py:90} WARNING - The virtalenv_python example task requires virtualenv, please install it.
[2024-03-20T22:13:22.571-0300] {processor.py:753} INFO - DAG(s) dict_keys(['example_python_operator']) retrieved from /home/carlosfalcone/.local/lib/python3.7/site-packages/airflow/example_dags/example_python_operator.py
[2024-03-20T22:13:22.583-0300] {logging_mixin.py:137} INFO - [2024-03-20T22:13:22.583-0300] {dag.py:2705} INFO - Sync 1 DAGs
[2024-03-20T22:13:22.597-0300] {logging_mixin.py:137} INFO - [2024-03-20T22:13:22.596-0300] {dag.py:3456} INFO - Setting next_dagrun for example_python_operator to None, run_after=None
[2024-03-20T22:13:22.612-0300] {processor.py:175} INFO - Processing /home/carlosfalcone/.local/lib/python3.7/site-packages/airflow/example_dags/example_python_operator.py took 0.075 seconds
[2024-03-20T22:14:02.857-0300] {processor.py:153} INFO - Started process (PID=1106) to work on /home/carlosfalcone/.local/lib/python3.7/site-packages/airflow/example_dags/example_python_operator.py
[2024-03-20T22:14:02.858-0300] {processor.py:743} INFO - Processing file /home/carlosfalcone/.local/lib/python3.7/site-packages/airflow/example_dags/example_python_operator.py for tasks to queue
[2024-03-20T22:14:02.859-0300] {logging_mixin.py:137} INFO - [2024-03-20T22:14:02.859-0300] {dagbag.py:532} INFO - Filling up the DagBag from /home/carlosfalcone/.local/lib/python3.7/site-packages/airflow/example_dags/example_python_operator.py
[2024-03-20T22:14:02.869-0300] {logging_mixin.py:137} INFO - [2024-03-20T22:14:02.869-0300] {taskmixin.py:211} WARNING - Dependency <Task(_PythonDecoratedOperator): print_the_context>, log_sql_query already registered for DAG: example_python_operator
[2024-03-20T22:14:02.869-0300] {logging_mixin.py:137} INFO - [2024-03-20T22:14:02.869-0300] {taskmixin.py:211} WARNING - Dependency <Task(_PythonDecoratedOperator): log_sql_query>, print_the_context already registered for DAG: example_python_operator
[2024-03-20T22:14:02.870-0300] {logging_mixin.py:137} INFO - [2024-03-20T22:14:02.870-0300] {taskmixin.py:211} WARNING - Dependency <Task(_PythonDecoratedOperator): print_the_context>, log_sql_query already registered for DAG: example_python_operator
[2024-03-20T22:14:02.870-0300] {logging_mixin.py:137} INFO - [2024-03-20T22:14:02.870-0300] {taskmixin.py:211} WARNING - Dependency <Task(_PythonDecoratedOperator): log_sql_query>, print_the_context already registered for DAG: example_python_operator
[2024-03-20T22:14:02.870-0300] {logging_mixin.py:137} INFO - [2024-03-20T22:14:02.870-0300] {taskmixin.py:211} WARNING - Dependency <Task(_PythonDecoratedOperator): print_the_context>, log_sql_query already registered for DAG: example_python_operator
[2024-03-20T22:14:02.870-0300] {logging_mixin.py:137} INFO - [2024-03-20T22:14:02.870-0300] {taskmixin.py:211} WARNING - Dependency <Task(_PythonDecoratedOperator): log_sql_query>, print_the_context already registered for DAG: example_python_operator
[2024-03-20T22:14:02.871-0300] {logging_mixin.py:137} INFO - [2024-03-20T22:14:02.871-0300] {taskmixin.py:211} WARNING - Dependency <Task(_PythonDecoratedOperator): print_the_context>, log_sql_query already registered for DAG: example_python_operator
[2024-03-20T22:14:02.871-0300] {logging_mixin.py:137} INFO - [2024-03-20T22:14:02.871-0300] {taskmixin.py:211} WARNING - Dependency <Task(_PythonDecoratedOperator): log_sql_query>, print_the_context already registered for DAG: example_python_operator
[2024-03-20T22:14:02.887-0300] {logging_mixin.py:137} INFO - [2024-03-20T22:14:02.887-0300] {example_python_operator.py:90} WARNING - The virtalenv_python example task requires virtualenv, please install it.
[2024-03-20T22:14:02.890-0300] {processor.py:753} INFO - DAG(s) dict_keys(['example_python_operator']) retrieved from /home/carlosfalcone/.local/lib/python3.7/site-packages/airflow/example_dags/example_python_operator.py
[2024-03-20T22:14:02.902-0300] {logging_mixin.py:137} INFO - [2024-03-20T22:14:02.902-0300] {dag.py:2705} INFO - Sync 1 DAGs
[2024-03-20T22:14:02.916-0300] {logging_mixin.py:137} INFO - [2024-03-20T22:14:02.916-0300] {dag.py:3456} INFO - Setting next_dagrun for example_python_operator to None, run_after=None
[2024-03-20T22:14:02.931-0300] {processor.py:175} INFO - Processing /home/carlosfalcone/.local/lib/python3.7/site-packages/airflow/example_dags/example_python_operator.py took 0.075 seconds
[2024-03-20T22:14:39.947-0300] {processor.py:153} INFO - Started process (PID=1145) to work on /home/carlosfalcone/.local/lib/python3.7/site-packages/airflow/example_dags/example_python_operator.py
[2024-03-20T22:14:39.948-0300] {processor.py:743} INFO - Processing file /home/carlosfalcone/.local/lib/python3.7/site-packages/airflow/example_dags/example_python_operator.py for tasks to queue
[2024-03-20T22:14:39.949-0300] {logging_mixin.py:137} INFO - [2024-03-20T22:14:39.949-0300] {dagbag.py:532} INFO - Filling up the DagBag from /home/carlosfalcone/.local/lib/python3.7/site-packages/airflow/example_dags/example_python_operator.py
[2024-03-20T22:14:39.959-0300] {logging_mixin.py:137} INFO - [2024-03-20T22:14:39.959-0300] {taskmixin.py:211} WARNING - Dependency <Task(_PythonDecoratedOperator): print_the_context>, log_sql_query already registered for DAG: example_python_operator
[2024-03-20T22:14:39.959-0300] {logging_mixin.py:137} INFO - [2024-03-20T22:14:39.959-0300] {taskmixin.py:211} WARNING - Dependency <Task(_PythonDecoratedOperator): log_sql_query>, print_the_context already registered for DAG: example_python_operator
[2024-03-20T22:14:39.960-0300] {logging_mixin.py:137} INFO - [2024-03-20T22:14:39.959-0300] {taskmixin.py:211} WARNING - Dependency <Task(_PythonDecoratedOperator): print_the_context>, log_sql_query already registered for DAG: example_python_operator
[2024-03-20T22:14:39.960-0300] {logging_mixin.py:137} INFO - [2024-03-20T22:14:39.960-0300] {taskmixin.py:211} WARNING - Dependency <Task(_PythonDecoratedOperator): log_sql_query>, print_the_context already registered for DAG: example_python_operator
[2024-03-20T22:14:39.960-0300] {logging_mixin.py:137} INFO - [2024-03-20T22:14:39.960-0300] {taskmixin.py:211} WARNING - Dependency <Task(_PythonDecoratedOperator): print_the_context>, log_sql_query already registered for DAG: example_python_operator
[2024-03-20T22:14:39.960-0300] {logging_mixin.py:137} INFO - [2024-03-20T22:14:39.960-0300] {taskmixin.py:211} WARNING - Dependency <Task(_PythonDecoratedOperator): log_sql_query>, print_the_context already registered for DAG: example_python_operator
[2024-03-20T22:14:39.961-0300] {logging_mixin.py:137} INFO - [2024-03-20T22:14:39.961-0300] {taskmixin.py:211} WARNING - Dependency <Task(_PythonDecoratedOperator): print_the_context>, log_sql_query already registered for DAG: example_python_operator
[2024-03-20T22:14:39.961-0300] {logging_mixin.py:137} INFO - [2024-03-20T22:14:39.961-0300] {taskmixin.py:211} WARNING - Dependency <Task(_PythonDecoratedOperator): log_sql_query>, print_the_context already registered for DAG: example_python_operator
[2024-03-20T22:14:39.976-0300] {logging_mixin.py:137} INFO - [2024-03-20T22:14:39.976-0300] {example_python_operator.py:90} WARNING - The virtalenv_python example task requires virtualenv, please install it.
[2024-03-20T22:14:39.979-0300] {processor.py:753} INFO - DAG(s) dict_keys(['example_python_operator']) retrieved from /home/carlosfalcone/.local/lib/python3.7/site-packages/airflow/example_dags/example_python_operator.py
[2024-03-20T22:14:39.991-0300] {logging_mixin.py:137} INFO - [2024-03-20T22:14:39.991-0300] {dag.py:2705} INFO - Sync 1 DAGs
[2024-03-20T22:14:40.005-0300] {logging_mixin.py:137} INFO - [2024-03-20T22:14:40.005-0300] {dag.py:3456} INFO - Setting next_dagrun for example_python_operator to None, run_after=None
[2024-03-20T22:14:40.021-0300] {processor.py:175} INFO - Processing /home/carlosfalcone/.local/lib/python3.7/site-packages/airflow/example_dags/example_python_operator.py took 0.076 seconds
[2024-03-20T22:15:22.260-0300] {processor.py:153} INFO - Started process (PID=1251) to work on /home/carlosfalcone/.local/lib/python3.7/site-packages/airflow/example_dags/example_python_operator.py
[2024-03-20T22:15:22.261-0300] {processor.py:743} INFO - Processing file /home/carlosfalcone/.local/lib/python3.7/site-packages/airflow/example_dags/example_python_operator.py for tasks to queue
[2024-03-20T22:15:22.261-0300] {logging_mixin.py:137} INFO - [2024-03-20T22:15:22.261-0300] {dagbag.py:532} INFO - Filling up the DagBag from /home/carlosfalcone/.local/lib/python3.7/site-packages/airflow/example_dags/example_python_operator.py
[2024-03-20T22:15:22.272-0300] {logging_mixin.py:137} INFO - [2024-03-20T22:15:22.272-0300] {taskmixin.py:211} WARNING - Dependency <Task(_PythonDecoratedOperator): print_the_context>, log_sql_query already registered for DAG: example_python_operator
[2024-03-20T22:15:22.272-0300] {logging_mixin.py:137} INFO - [2024-03-20T22:15:22.272-0300] {taskmixin.py:211} WARNING - Dependency <Task(_PythonDecoratedOperator): log_sql_query>, print_the_context already registered for DAG: example_python_operator
[2024-03-20T22:15:22.272-0300] {logging_mixin.py:137} INFO - [2024-03-20T22:15:22.272-0300] {taskmixin.py:211} WARNING - Dependency <Task(_PythonDecoratedOperator): print_the_context>, log_sql_query already registered for DAG: example_python_operator
[2024-03-20T22:15:22.273-0300] {logging_mixin.py:137} INFO - [2024-03-20T22:15:22.273-0300] {taskmixin.py:211} WARNING - Dependency <Task(_PythonDecoratedOperator): log_sql_query>, print_the_context already registered for DAG: example_python_operator
[2024-03-20T22:15:22.273-0300] {logging_mixin.py:137} INFO - [2024-03-20T22:15:22.273-0300] {taskmixin.py:211} WARNING - Dependency <Task(_PythonDecoratedOperator): print_the_context>, log_sql_query already registered for DAG: example_python_operator
[2024-03-20T22:15:22.273-0300] {logging_mixin.py:137} INFO - [2024-03-20T22:15:22.273-0300] {taskmixin.py:211} WARNING - Dependency <Task(_PythonDecoratedOperator): log_sql_query>, print_the_context already registered for DAG: example_python_operator
[2024-03-20T22:15:22.274-0300] {logging_mixin.py:137} INFO - [2024-03-20T22:15:22.274-0300] {taskmixin.py:211} WARNING - Dependency <Task(_PythonDecoratedOperator): print_the_context>, log_sql_query already registered for DAG: example_python_operator
[2024-03-20T22:15:22.274-0300] {logging_mixin.py:137} INFO - [2024-03-20T22:15:22.274-0300] {taskmixin.py:211} WARNING - Dependency <Task(_PythonDecoratedOperator): log_sql_query>, print_the_context already registered for DAG: example_python_operator
[2024-03-20T22:15:22.289-0300] {logging_mixin.py:137} INFO - [2024-03-20T22:15:22.289-0300] {example_python_operator.py:90} WARNING - The virtalenv_python example task requires virtualenv, please install it.
[2024-03-20T22:15:22.291-0300] {processor.py:753} INFO - DAG(s) dict_keys(['example_python_operator']) retrieved from /home/carlosfalcone/.local/lib/python3.7/site-packages/airflow/example_dags/example_python_operator.py
[2024-03-20T22:15:22.304-0300] {logging_mixin.py:137} INFO - [2024-03-20T22:15:22.304-0300] {dag.py:2705} INFO - Sync 1 DAGs
[2024-03-20T22:15:22.318-0300] {logging_mixin.py:137} INFO - [2024-03-20T22:15:22.318-0300] {dag.py:3456} INFO - Setting next_dagrun for example_python_operator to None, run_after=None
[2024-03-20T22:15:22.336-0300] {processor.py:175} INFO - Processing /home/carlosfalcone/.local/lib/python3.7/site-packages/airflow/example_dags/example_python_operator.py took 0.077 seconds
[2024-03-20T22:15:59.236-0300] {processor.py:153} INFO - Started process (PID=1347) to work on /home/carlosfalcone/.local/lib/python3.7/site-packages/airflow/example_dags/example_python_operator.py
[2024-03-20T22:15:59.238-0300] {processor.py:743} INFO - Processing file /home/carlosfalcone/.local/lib/python3.7/site-packages/airflow/example_dags/example_python_operator.py for tasks to queue
[2024-03-20T22:15:59.238-0300] {logging_mixin.py:137} INFO - [2024-03-20T22:15:59.238-0300] {dagbag.py:532} INFO - Filling up the DagBag from /home/carlosfalcone/.local/lib/python3.7/site-packages/airflow/example_dags/example_python_operator.py
[2024-03-20T22:15:59.249-0300] {logging_mixin.py:137} INFO - [2024-03-20T22:15:59.249-0300] {taskmixin.py:211} WARNING - Dependency <Task(_PythonDecoratedOperator): print_the_context>, log_sql_query already registered for DAG: example_python_operator
[2024-03-20T22:15:59.249-0300] {logging_mixin.py:137} INFO - [2024-03-20T22:15:59.249-0300] {taskmixin.py:211} WARNING - Dependency <Task(_PythonDecoratedOperator): log_sql_query>, print_the_context already registered for DAG: example_python_operator
[2024-03-20T22:15:59.250-0300] {logging_mixin.py:137} INFO - [2024-03-20T22:15:59.250-0300] {taskmixin.py:211} WARNING - Dependency <Task(_PythonDecoratedOperator): print_the_context>, log_sql_query already registered for DAG: example_python_operator
[2024-03-20T22:15:59.250-0300] {logging_mixin.py:137} INFO - [2024-03-20T22:15:59.250-0300] {taskmixin.py:211} WARNING - Dependency <Task(_PythonDecoratedOperator): log_sql_query>, print_the_context already registered for DAG: example_python_operator
[2024-03-20T22:15:59.250-0300] {logging_mixin.py:137} INFO - [2024-03-20T22:15:59.250-0300] {taskmixin.py:211} WARNING - Dependency <Task(_PythonDecoratedOperator): print_the_context>, log_sql_query already registered for DAG: example_python_operator
[2024-03-20T22:15:59.250-0300] {logging_mixin.py:137} INFO - [2024-03-20T22:15:59.250-0300] {taskmixin.py:211} WARNING - Dependency <Task(_PythonDecoratedOperator): log_sql_query>, print_the_context already registered for DAG: example_python_operator
[2024-03-20T22:15:59.251-0300] {logging_mixin.py:137} INFO - [2024-03-20T22:15:59.251-0300] {taskmixin.py:211} WARNING - Dependency <Task(_PythonDecoratedOperator): print_the_context>, log_sql_query already registered for DAG: example_python_operator
[2024-03-20T22:15:59.251-0300] {logging_mixin.py:137} INFO - [2024-03-20T22:15:59.251-0300] {taskmixin.py:211} WARNING - Dependency <Task(_PythonDecoratedOperator): log_sql_query>, print_the_context already registered for DAG: example_python_operator
[2024-03-20T22:15:59.267-0300] {logging_mixin.py:137} INFO - [2024-03-20T22:15:59.267-0300] {example_python_operator.py:90} WARNING - The virtalenv_python example task requires virtualenv, please install it.
[2024-03-20T22:15:59.270-0300] {processor.py:753} INFO - DAG(s) dict_keys(['example_python_operator']) retrieved from /home/carlosfalcone/.local/lib/python3.7/site-packages/airflow/example_dags/example_python_operator.py
[2024-03-20T22:15:59.282-0300] {logging_mixin.py:137} INFO - [2024-03-20T22:15:59.282-0300] {dag.py:2705} INFO - Sync 1 DAGs
[2024-03-20T22:15:59.296-0300] {logging_mixin.py:137} INFO - [2024-03-20T22:15:59.296-0300] {dag.py:3456} INFO - Setting next_dagrun for example_python_operator to None, run_after=None
[2024-03-20T22:15:59.312-0300] {processor.py:175} INFO - Processing /home/carlosfalcone/.local/lib/python3.7/site-packages/airflow/example_dags/example_python_operator.py took 0.077 seconds
[2024-03-20T22:16:44.295-0300] {processor.py:153} INFO - Started process (PID=1467) to work on /home/carlosfalcone/.local/lib/python3.7/site-packages/airflow/example_dags/example_python_operator.py
[2024-03-20T22:16:44.296-0300] {processor.py:743} INFO - Processing file /home/carlosfalcone/.local/lib/python3.7/site-packages/airflow/example_dags/example_python_operator.py for tasks to queue
[2024-03-20T22:16:44.297-0300] {logging_mixin.py:137} INFO - [2024-03-20T22:16:44.297-0300] {dagbag.py:532} INFO - Filling up the DagBag from /home/carlosfalcone/.local/lib/python3.7/site-packages/airflow/example_dags/example_python_operator.py
[2024-03-20T22:16:44.307-0300] {logging_mixin.py:137} INFO - [2024-03-20T22:16:44.307-0300] {taskmixin.py:211} WARNING - Dependency <Task(_PythonDecoratedOperator): print_the_context>, log_sql_query already registered for DAG: example_python_operator
[2024-03-20T22:16:44.307-0300] {logging_mixin.py:137} INFO - [2024-03-20T22:16:44.307-0300] {taskmixin.py:211} WARNING - Dependency <Task(_PythonDecoratedOperator): log_sql_query>, print_the_context already registered for DAG: example_python_operator
[2024-03-20T22:16:44.308-0300] {logging_mixin.py:137} INFO - [2024-03-20T22:16:44.308-0300] {taskmixin.py:211} WARNING - Dependency <Task(_PythonDecoratedOperator): print_the_context>, log_sql_query already registered for DAG: example_python_operator
[2024-03-20T22:16:44.308-0300] {logging_mixin.py:137} INFO - [2024-03-20T22:16:44.308-0300] {taskmixin.py:211} WARNING - Dependency <Task(_PythonDecoratedOperator): log_sql_query>, print_the_context already registered for DAG: example_python_operator
[2024-03-20T22:16:44.308-0300] {logging_mixin.py:137} INFO - [2024-03-20T22:16:44.308-0300] {taskmixin.py:211} WARNING - Dependency <Task(_PythonDecoratedOperator): print_the_context>, log_sql_query already registered for DAG: example_python_operator
[2024-03-20T22:16:44.308-0300] {logging_mixin.py:137} INFO - [2024-03-20T22:16:44.308-0300] {taskmixin.py:211} WARNING - Dependency <Task(_PythonDecoratedOperator): log_sql_query>, print_the_context already registered for DAG: example_python_operator
[2024-03-20T22:16:44.309-0300] {logging_mixin.py:137} INFO - [2024-03-20T22:16:44.309-0300] {taskmixin.py:211} WARNING - Dependency <Task(_PythonDecoratedOperator): print_the_context>, log_sql_query already registered for DAG: example_python_operator
[2024-03-20T22:16:44.309-0300] {logging_mixin.py:137} INFO - [2024-03-20T22:16:44.309-0300] {taskmixin.py:211} WARNING - Dependency <Task(_PythonDecoratedOperator): log_sql_query>, print_the_context already registered for DAG: example_python_operator
[2024-03-20T22:16:44.324-0300] {logging_mixin.py:137} INFO - [2024-03-20T22:16:44.324-0300] {example_python_operator.py:90} WARNING - The virtalenv_python example task requires virtualenv, please install it.
[2024-03-20T22:16:44.327-0300] {processor.py:753} INFO - DAG(s) dict_keys(['example_python_operator']) retrieved from /home/carlosfalcone/.local/lib/python3.7/site-packages/airflow/example_dags/example_python_operator.py
[2024-03-20T22:16:44.339-0300] {logging_mixin.py:137} INFO - [2024-03-20T22:16:44.339-0300] {dag.py:2705} INFO - Sync 1 DAGs
[2024-03-20T22:16:44.355-0300] {logging_mixin.py:137} INFO - [2024-03-20T22:16:44.355-0300] {dag.py:3456} INFO - Setting next_dagrun for example_python_operator to None, run_after=None
[2024-03-20T22:16:44.371-0300] {processor.py:175} INFO - Processing /home/carlosfalcone/.local/lib/python3.7/site-packages/airflow/example_dags/example_python_operator.py took 0.077 seconds
[2024-03-20T22:17:21.288-0300] {processor.py:153} INFO - Started process (PID=1561) to work on /home/carlosfalcone/.local/lib/python3.7/site-packages/airflow/example_dags/example_python_operator.py
[2024-03-20T22:17:21.289-0300] {processor.py:743} INFO - Processing file /home/carlosfalcone/.local/lib/python3.7/site-packages/airflow/example_dags/example_python_operator.py for tasks to queue
[2024-03-20T22:17:21.289-0300] {logging_mixin.py:137} INFO - [2024-03-20T22:17:21.289-0300] {dagbag.py:532} INFO - Filling up the DagBag from /home/carlosfalcone/.local/lib/python3.7/site-packages/airflow/example_dags/example_python_operator.py
[2024-03-20T22:17:21.300-0300] {logging_mixin.py:137} INFO - [2024-03-20T22:17:21.299-0300] {taskmixin.py:211} WARNING - Dependency <Task(_PythonDecoratedOperator): print_the_context>, log_sql_query already registered for DAG: example_python_operator
[2024-03-20T22:17:21.300-0300] {logging_mixin.py:137} INFO - [2024-03-20T22:17:21.300-0300] {taskmixin.py:211} WARNING - Dependency <Task(_PythonDecoratedOperator): log_sql_query>, print_the_context already registered for DAG: example_python_operator
[2024-03-20T22:17:21.300-0300] {logging_mixin.py:137} INFO - [2024-03-20T22:17:21.300-0300] {taskmixin.py:211} WARNING - Dependency <Task(_PythonDecoratedOperator): print_the_context>, log_sql_query already registered for DAG: example_python_operator
[2024-03-20T22:17:21.300-0300] {logging_mixin.py:137} INFO - [2024-03-20T22:17:21.300-0300] {taskmixin.py:211} WARNING - Dependency <Task(_PythonDecoratedOperator): log_sql_query>, print_the_context already registered for DAG: example_python_operator
[2024-03-20T22:17:21.301-0300] {logging_mixin.py:137} INFO - [2024-03-20T22:17:21.301-0300] {taskmixin.py:211} WARNING - Dependency <Task(_PythonDecoratedOperator): print_the_context>, log_sql_query already registered for DAG: example_python_operator
[2024-03-20T22:17:21.301-0300] {logging_mixin.py:137} INFO - [2024-03-20T22:17:21.301-0300] {taskmixin.py:211} WARNING - Dependency <Task(_PythonDecoratedOperator): log_sql_query>, print_the_context already registered for DAG: example_python_operator
[2024-03-20T22:17:21.301-0300] {logging_mixin.py:137} INFO - [2024-03-20T22:17:21.301-0300] {taskmixin.py:211} WARNING - Dependency <Task(_PythonDecoratedOperator): print_the_context>, log_sql_query already registered for DAG: example_python_operator
[2024-03-20T22:17:21.301-0300] {logging_mixin.py:137} INFO - [2024-03-20T22:17:21.301-0300] {taskmixin.py:211} WARNING - Dependency <Task(_PythonDecoratedOperator): log_sql_query>, print_the_context already registered for DAG: example_python_operator
[2024-03-20T22:17:21.316-0300] {logging_mixin.py:137} INFO - [2024-03-20T22:17:21.316-0300] {example_python_operator.py:90} WARNING - The virtalenv_python example task requires virtualenv, please install it.
[2024-03-20T22:17:21.319-0300] {processor.py:753} INFO - DAG(s) dict_keys(['example_python_operator']) retrieved from /home/carlosfalcone/.local/lib/python3.7/site-packages/airflow/example_dags/example_python_operator.py
[2024-03-20T22:17:21.331-0300] {logging_mixin.py:137} INFO - [2024-03-20T22:17:21.331-0300] {dag.py:2705} INFO - Sync 1 DAGs
[2024-03-20T22:17:21.345-0300] {logging_mixin.py:137} INFO - [2024-03-20T22:17:21.345-0300] {dag.py:3456} INFO - Setting next_dagrun for example_python_operator to None, run_after=None
[2024-03-20T22:17:21.361-0300] {processor.py:175} INFO - Processing /home/carlosfalcone/.local/lib/python3.7/site-packages/airflow/example_dags/example_python_operator.py took 0.075 seconds
[2024-03-20T22:18:08.652-0300] {processor.py:153} INFO - Started process (PID=1682) to work on /home/carlosfalcone/.local/lib/python3.7/site-packages/airflow/example_dags/example_python_operator.py
[2024-03-20T22:18:08.653-0300] {processor.py:743} INFO - Processing file /home/carlosfalcone/.local/lib/python3.7/site-packages/airflow/example_dags/example_python_operator.py for tasks to queue
[2024-03-20T22:18:08.653-0300] {logging_mixin.py:137} INFO - [2024-03-20T22:18:08.653-0300] {dagbag.py:532} INFO - Filling up the DagBag from /home/carlosfalcone/.local/lib/python3.7/site-packages/airflow/example_dags/example_python_operator.py
[2024-03-20T22:18:08.664-0300] {logging_mixin.py:137} INFO - [2024-03-20T22:18:08.664-0300] {taskmixin.py:211} WARNING - Dependency <Task(_PythonDecoratedOperator): print_the_context>, log_sql_query already registered for DAG: example_python_operator
[2024-03-20T22:18:08.664-0300] {logging_mixin.py:137} INFO - [2024-03-20T22:18:08.664-0300] {taskmixin.py:211} WARNING - Dependency <Task(_PythonDecoratedOperator): log_sql_query>, print_the_context already registered for DAG: example_python_operator
[2024-03-20T22:18:08.664-0300] {logging_mixin.py:137} INFO - [2024-03-20T22:18:08.664-0300] {taskmixin.py:211} WARNING - Dependency <Task(_PythonDecoratedOperator): print_the_context>, log_sql_query already registered for DAG: example_python_operator
[2024-03-20T22:18:08.665-0300] {logging_mixin.py:137} INFO - [2024-03-20T22:18:08.665-0300] {taskmixin.py:211} WARNING - Dependency <Task(_PythonDecoratedOperator): log_sql_query>, print_the_context already registered for DAG: example_python_operator
[2024-03-20T22:18:08.665-0300] {logging_mixin.py:137} INFO - [2024-03-20T22:18:08.665-0300] {taskmixin.py:211} WARNING - Dependency <Task(_PythonDecoratedOperator): print_the_context>, log_sql_query already registered for DAG: example_python_operator
[2024-03-20T22:18:08.665-0300] {logging_mixin.py:137} INFO - [2024-03-20T22:18:08.665-0300] {taskmixin.py:211} WARNING - Dependency <Task(_PythonDecoratedOperator): log_sql_query>, print_the_context already registered for DAG: example_python_operator
[2024-03-20T22:18:08.666-0300] {logging_mixin.py:137} INFO - [2024-03-20T22:18:08.665-0300] {taskmixin.py:211} WARNING - Dependency <Task(_PythonDecoratedOperator): print_the_context>, log_sql_query already registered for DAG: example_python_operator
[2024-03-20T22:18:08.666-0300] {logging_mixin.py:137} INFO - [2024-03-20T22:18:08.666-0300] {taskmixin.py:211} WARNING - Dependency <Task(_PythonDecoratedOperator): log_sql_query>, print_the_context already registered for DAG: example_python_operator
[2024-03-20T22:18:08.681-0300] {logging_mixin.py:137} INFO - [2024-03-20T22:18:08.681-0300] {example_python_operator.py:90} WARNING - The virtalenv_python example task requires virtualenv, please install it.
[2024-03-20T22:18:08.684-0300] {processor.py:753} INFO - DAG(s) dict_keys(['example_python_operator']) retrieved from /home/carlosfalcone/.local/lib/python3.7/site-packages/airflow/example_dags/example_python_operator.py
[2024-03-20T22:18:08.696-0300] {logging_mixin.py:137} INFO - [2024-03-20T22:18:08.696-0300] {dag.py:2705} INFO - Sync 1 DAGs
[2024-03-20T22:18:08.710-0300] {logging_mixin.py:137} INFO - [2024-03-20T22:18:08.710-0300] {dag.py:3456} INFO - Setting next_dagrun for example_python_operator to None, run_after=None
[2024-03-20T22:18:08.727-0300] {processor.py:175} INFO - Processing /home/carlosfalcone/.local/lib/python3.7/site-packages/airflow/example_dags/example_python_operator.py took 0.077 seconds
[2024-03-21T11:23:44.989-0300] {processor.py:153} INFO - Started process (PID=106) to work on /home/carlosfalcone/.local/lib/python3.7/site-packages/airflow/example_dags/example_python_operator.py
[2024-03-21T11:23:44.990-0300] {processor.py:743} INFO - Processing file /home/carlosfalcone/.local/lib/python3.7/site-packages/airflow/example_dags/example_python_operator.py for tasks to queue
[2024-03-21T11:23:44.991-0300] {logging_mixin.py:137} INFO - [2024-03-21T11:23:44.991-0300] {dagbag.py:532} INFO - Filling up the DagBag from /home/carlosfalcone/.local/lib/python3.7/site-packages/airflow/example_dags/example_python_operator.py
[2024-03-21T11:23:45.001-0300] {logging_mixin.py:137} INFO - [2024-03-21T11:23:45.001-0300] {taskmixin.py:211} WARNING - Dependency <Task(_PythonDecoratedOperator): print_the_context>, log_sql_query already registered for DAG: example_python_operator
[2024-03-21T11:23:45.001-0300] {logging_mixin.py:137} INFO - [2024-03-21T11:23:45.001-0300] {taskmixin.py:211} WARNING - Dependency <Task(_PythonDecoratedOperator): log_sql_query>, print_the_context already registered for DAG: example_python_operator
[2024-03-21T11:23:45.001-0300] {logging_mixin.py:137} INFO - [2024-03-21T11:23:45.001-0300] {taskmixin.py:211} WARNING - Dependency <Task(_PythonDecoratedOperator): print_the_context>, log_sql_query already registered for DAG: example_python_operator
[2024-03-21T11:23:45.002-0300] {logging_mixin.py:137} INFO - [2024-03-21T11:23:45.001-0300] {taskmixin.py:211} WARNING - Dependency <Task(_PythonDecoratedOperator): log_sql_query>, print_the_context already registered for DAG: example_python_operator
[2024-03-21T11:23:45.002-0300] {logging_mixin.py:137} INFO - [2024-03-21T11:23:45.002-0300] {taskmixin.py:211} WARNING - Dependency <Task(_PythonDecoratedOperator): print_the_context>, log_sql_query already registered for DAG: example_python_operator
[2024-03-21T11:23:45.002-0300] {logging_mixin.py:137} INFO - [2024-03-21T11:23:45.002-0300] {taskmixin.py:211} WARNING - Dependency <Task(_PythonDecoratedOperator): log_sql_query>, print_the_context already registered for DAG: example_python_operator
[2024-03-21T11:23:45.003-0300] {logging_mixin.py:137} INFO - [2024-03-21T11:23:45.002-0300] {taskmixin.py:211} WARNING - Dependency <Task(_PythonDecoratedOperator): print_the_context>, log_sql_query already registered for DAG: example_python_operator
[2024-03-21T11:23:45.003-0300] {logging_mixin.py:137} INFO - [2024-03-21T11:23:45.003-0300] {taskmixin.py:211} WARNING - Dependency <Task(_PythonDecoratedOperator): log_sql_query>, print_the_context already registered for DAG: example_python_operator
[2024-03-21T11:23:45.022-0300] {logging_mixin.py:137} INFO - [2024-03-21T11:23:45.022-0300] {example_python_operator.py:90} WARNING - The virtalenv_python example task requires virtualenv, please install it.
[2024-03-21T11:23:45.026-0300] {processor.py:753} INFO - DAG(s) dict_keys(['example_python_operator']) retrieved from /home/carlosfalcone/.local/lib/python3.7/site-packages/airflow/example_dags/example_python_operator.py
[2024-03-21T11:23:45.038-0300] {logging_mixin.py:137} INFO - [2024-03-21T11:23:45.038-0300] {dag.py:2705} INFO - Sync 1 DAGs
[2024-03-21T11:23:45.052-0300] {logging_mixin.py:137} INFO - [2024-03-21T11:23:45.052-0300] {dag.py:3456} INFO - Setting next_dagrun for example_python_operator to None, run_after=None
[2024-03-21T11:23:45.068-0300] {processor.py:175} INFO - Processing /home/carlosfalcone/.local/lib/python3.7/site-packages/airflow/example_dags/example_python_operator.py took 0.081 seconds
[2024-03-21T11:24:24.477-0300] {processor.py:153} INFO - Started process (PID=328) to work on /home/carlosfalcone/.local/lib/python3.7/site-packages/airflow/example_dags/example_python_operator.py
[2024-03-21T11:24:24.478-0300] {processor.py:743} INFO - Processing file /home/carlosfalcone/.local/lib/python3.7/site-packages/airflow/example_dags/example_python_operator.py for tasks to queue
[2024-03-21T11:24:24.478-0300] {logging_mixin.py:137} INFO - [2024-03-21T11:24:24.478-0300] {dagbag.py:532} INFO - Filling up the DagBag from /home/carlosfalcone/.local/lib/python3.7/site-packages/airflow/example_dags/example_python_operator.py
[2024-03-21T11:24:24.497-0300] {logging_mixin.py:137} INFO - [2024-03-21T11:24:24.497-0300] {taskmixin.py:211} WARNING - Dependency <Task(_PythonDecoratedOperator): print_the_context>, log_sql_query already registered for DAG: example_python_operator
[2024-03-21T11:24:24.497-0300] {logging_mixin.py:137} INFO - [2024-03-21T11:24:24.497-0300] {taskmixin.py:211} WARNING - Dependency <Task(_PythonDecoratedOperator): log_sql_query>, print_the_context already registered for DAG: example_python_operator
[2024-03-21T11:24:24.497-0300] {logging_mixin.py:137} INFO - [2024-03-21T11:24:24.497-0300] {taskmixin.py:211} WARNING - Dependency <Task(_PythonDecoratedOperator): print_the_context>, log_sql_query already registered for DAG: example_python_operator
[2024-03-21T11:24:24.498-0300] {logging_mixin.py:137} INFO - [2024-03-21T11:24:24.497-0300] {taskmixin.py:211} WARNING - Dependency <Task(_PythonDecoratedOperator): log_sql_query>, print_the_context already registered for DAG: example_python_operator
[2024-03-21T11:24:24.498-0300] {logging_mixin.py:137} INFO - [2024-03-21T11:24:24.498-0300] {taskmixin.py:211} WARNING - Dependency <Task(_PythonDecoratedOperator): print_the_context>, log_sql_query already registered for DAG: example_python_operator
[2024-03-21T11:24:24.498-0300] {logging_mixin.py:137} INFO - [2024-03-21T11:24:24.498-0300] {taskmixin.py:211} WARNING - Dependency <Task(_PythonDecoratedOperator): log_sql_query>, print_the_context already registered for DAG: example_python_operator
[2024-03-21T11:24:24.499-0300] {logging_mixin.py:137} INFO - [2024-03-21T11:24:24.499-0300] {taskmixin.py:211} WARNING - Dependency <Task(_PythonDecoratedOperator): print_the_context>, log_sql_query already registered for DAG: example_python_operator
[2024-03-21T11:24:24.499-0300] {logging_mixin.py:137} INFO - [2024-03-21T11:24:24.499-0300] {taskmixin.py:211} WARNING - Dependency <Task(_PythonDecoratedOperator): log_sql_query>, print_the_context already registered for DAG: example_python_operator
[2024-03-21T11:24:24.516-0300] {logging_mixin.py:137} INFO - [2024-03-21T11:24:24.516-0300] {example_python_operator.py:90} WARNING - The virtalenv_python example task requires virtualenv, please install it.
[2024-03-21T11:24:24.519-0300] {processor.py:753} INFO - DAG(s) dict_keys(['example_python_operator']) retrieved from /home/carlosfalcone/.local/lib/python3.7/site-packages/airflow/example_dags/example_python_operator.py
[2024-03-21T11:24:24.535-0300] {logging_mixin.py:137} INFO - [2024-03-21T11:24:24.535-0300] {dag.py:2705} INFO - Sync 1 DAGs
[2024-03-21T11:24:24.549-0300] {logging_mixin.py:137} INFO - [2024-03-21T11:24:24.549-0300] {dag.py:3456} INFO - Setting next_dagrun for example_python_operator to None, run_after=None
[2024-03-21T11:24:24.566-0300] {processor.py:175} INFO - Processing /home/carlosfalcone/.local/lib/python3.7/site-packages/airflow/example_dags/example_python_operator.py took 0.091 seconds
[2024-03-21T11:25:04.441-0300] {processor.py:153} INFO - Started process (PID=430) to work on /home/carlosfalcone/.local/lib/python3.7/site-packages/airflow/example_dags/example_python_operator.py
[2024-03-21T11:25:04.444-0300] {processor.py:743} INFO - Processing file /home/carlosfalcone/.local/lib/python3.7/site-packages/airflow/example_dags/example_python_operator.py for tasks to queue
[2024-03-21T11:25:04.445-0300] {logging_mixin.py:137} INFO - [2024-03-21T11:25:04.445-0300] {dagbag.py:532} INFO - Filling up the DagBag from /home/carlosfalcone/.local/lib/python3.7/site-packages/airflow/example_dags/example_python_operator.py
[2024-03-21T11:25:04.459-0300] {logging_mixin.py:137} INFO - [2024-03-21T11:25:04.459-0300] {taskmixin.py:211} WARNING - Dependency <Task(_PythonDecoratedOperator): print_the_context>, log_sql_query already registered for DAG: example_python_operator
[2024-03-21T11:25:04.459-0300] {logging_mixin.py:137} INFO - [2024-03-21T11:25:04.459-0300] {taskmixin.py:211} WARNING - Dependency <Task(_PythonDecoratedOperator): log_sql_query>, print_the_context already registered for DAG: example_python_operator
[2024-03-21T11:25:04.460-0300] {logging_mixin.py:137} INFO - [2024-03-21T11:25:04.460-0300] {taskmixin.py:211} WARNING - Dependency <Task(_PythonDecoratedOperator): print_the_context>, log_sql_query already registered for DAG: example_python_operator
[2024-03-21T11:25:04.460-0300] {logging_mixin.py:137} INFO - [2024-03-21T11:25:04.460-0300] {taskmixin.py:211} WARNING - Dependency <Task(_PythonDecoratedOperator): log_sql_query>, print_the_context already registered for DAG: example_python_operator
[2024-03-21T11:25:04.460-0300] {logging_mixin.py:137} INFO - [2024-03-21T11:25:04.460-0300] {taskmixin.py:211} WARNING - Dependency <Task(_PythonDecoratedOperator): print_the_context>, log_sql_query already registered for DAG: example_python_operator
[2024-03-21T11:25:04.461-0300] {logging_mixin.py:137} INFO - [2024-03-21T11:25:04.460-0300] {taskmixin.py:211} WARNING - Dependency <Task(_PythonDecoratedOperator): log_sql_query>, print_the_context already registered for DAG: example_python_operator
[2024-03-21T11:25:04.461-0300] {logging_mixin.py:137} INFO - [2024-03-21T11:25:04.461-0300] {taskmixin.py:211} WARNING - Dependency <Task(_PythonDecoratedOperator): print_the_context>, log_sql_query already registered for DAG: example_python_operator
[2024-03-21T11:25:04.461-0300] {logging_mixin.py:137} INFO - [2024-03-21T11:25:04.461-0300] {taskmixin.py:211} WARNING - Dependency <Task(_PythonDecoratedOperator): log_sql_query>, print_the_context already registered for DAG: example_python_operator
[2024-03-21T11:25:04.478-0300] {logging_mixin.py:137} INFO - [2024-03-21T11:25:04.478-0300] {example_python_operator.py:90} WARNING - The virtalenv_python example task requires virtualenv, please install it.
[2024-03-21T11:25:04.481-0300] {processor.py:753} INFO - DAG(s) dict_keys(['example_python_operator']) retrieved from /home/carlosfalcone/.local/lib/python3.7/site-packages/airflow/example_dags/example_python_operator.py
[2024-03-21T11:25:04.495-0300] {logging_mixin.py:137} INFO - [2024-03-21T11:25:04.495-0300] {dag.py:2705} INFO - Sync 1 DAGs
[2024-03-21T11:25:04.511-0300] {logging_mixin.py:137} INFO - [2024-03-21T11:25:04.511-0300] {dag.py:3456} INFO - Setting next_dagrun for example_python_operator to None, run_after=None
[2024-03-21T11:25:04.571-0300] {processor.py:175} INFO - Processing /home/carlosfalcone/.local/lib/python3.7/site-packages/airflow/example_dags/example_python_operator.py took 0.132 seconds
