[2024-03-20T22:08:59.355-0300] {processor.py:153} INFO - Started process (PID=286) to work on /home/carlosfalcone/.local/lib/python3.7/site-packages/airflow/example_dags/example_dag_decorator.py
[2024-03-20T22:08:59.355-0300] {processor.py:743} INFO - Processing file /home/carlosfalcone/.local/lib/python3.7/site-packages/airflow/example_dags/example_dag_decorator.py for tasks to queue
[2024-03-20T22:08:59.356-0300] {logging_mixin.py:137} INFO - [2024-03-20T22:08:59.356-0300] {dagbag.py:532} INFO - Filling up the DagBag from /home/carlosfalcone/.local/lib/python3.7/site-packages/airflow/example_dags/example_dag_decorator.py
[2024-03-20T22:08:59.366-0300] {logging_mixin.py:137} INFO - [2024-03-20T22:08:59.366-0300] {taskmixin.py:211} WARNING - Dependency <Task(_PythonDecoratedOperator): prepare_email>, send_email already registered for DAG: example_dag_decorator
[2024-03-20T22:08:59.367-0300] {logging_mixin.py:137} INFO - [2024-03-20T22:08:59.366-0300] {taskmixin.py:211} WARNING - Dependency <Task(EmailOperator): send_email>, prepare_email already registered for DAG: example_dag_decorator
[2024-03-20T22:08:59.374-0300] {processor.py:753} INFO - DAG(s) dict_keys(['example_dag_decorator']) retrieved from /home/carlosfalcone/.local/lib/python3.7/site-packages/airflow/example_dags/example_dag_decorator.py
[2024-03-20T22:08:59.445-0300] {logging_mixin.py:137} INFO - [2024-03-20T22:08:59.445-0300] {manager.py:504} INFO - Created Permission View: can delete on DAG:example_dag_decorator
[2024-03-20T22:08:59.453-0300] {logging_mixin.py:137} INFO - [2024-03-20T22:08:59.453-0300] {manager.py:504} INFO - Created Permission View: can read on DAG:example_dag_decorator
[2024-03-20T22:08:59.459-0300] {logging_mixin.py:137} INFO - [2024-03-20T22:08:59.459-0300] {manager.py:504} INFO - Created Permission View: can edit on DAG:example_dag_decorator
[2024-03-20T22:08:59.460-0300] {logging_mixin.py:137} INFO - [2024-03-20T22:08:59.460-0300] {dag.py:2705} INFO - Sync 1 DAGs
[2024-03-20T22:08:59.467-0300] {logging_mixin.py:137} INFO - [2024-03-20T22:08:59.467-0300] {dag.py:2726} INFO - Creating ORM DAG for example_dag_decorator
[2024-03-20T22:08:59.473-0300] {logging_mixin.py:137} INFO - [2024-03-20T22:08:59.473-0300] {dag.py:3456} INFO - Setting next_dagrun for example_dag_decorator to None, run_after=None
[2024-03-20T22:08:59.490-0300] {processor.py:175} INFO - Processing /home/carlosfalcone/.local/lib/python3.7/site-packages/airflow/example_dags/example_dag_decorator.py took 0.136 seconds
[2024-03-20T22:09:42.398-0300] {processor.py:153} INFO - Started process (PID=339) to work on /home/carlosfalcone/.local/lib/python3.7/site-packages/airflow/example_dags/example_dag_decorator.py
[2024-03-20T22:09:42.399-0300] {processor.py:743} INFO - Processing file /home/carlosfalcone/.local/lib/python3.7/site-packages/airflow/example_dags/example_dag_decorator.py for tasks to queue
[2024-03-20T22:09:42.400-0300] {logging_mixin.py:137} INFO - [2024-03-20T22:09:42.400-0300] {dagbag.py:532} INFO - Filling up the DagBag from /home/carlosfalcone/.local/lib/python3.7/site-packages/airflow/example_dags/example_dag_decorator.py
[2024-03-20T22:09:42.411-0300] {logging_mixin.py:137} INFO - [2024-03-20T22:09:42.410-0300] {taskmixin.py:211} WARNING - Dependency <Task(_PythonDecoratedOperator): prepare_email>, send_email already registered for DAG: example_dag_decorator
[2024-03-20T22:09:42.411-0300] {logging_mixin.py:137} INFO - [2024-03-20T22:09:42.411-0300] {taskmixin.py:211} WARNING - Dependency <Task(EmailOperator): send_email>, prepare_email already registered for DAG: example_dag_decorator
[2024-03-20T22:09:42.417-0300] {processor.py:753} INFO - DAG(s) dict_keys(['example_dag_decorator']) retrieved from /home/carlosfalcone/.local/lib/python3.7/site-packages/airflow/example_dags/example_dag_decorator.py
[2024-03-20T22:09:42.462-0300] {logging_mixin.py:137} INFO - [2024-03-20T22:09:42.461-0300] {dag.py:2705} INFO - Sync 1 DAGs
[2024-03-20T22:09:42.474-0300] {logging_mixin.py:137} INFO - [2024-03-20T22:09:42.474-0300] {dag.py:3456} INFO - Setting next_dagrun for example_dag_decorator to None, run_after=None
[2024-03-20T22:09:42.491-0300] {processor.py:175} INFO - Processing /home/carlosfalcone/.local/lib/python3.7/site-packages/airflow/example_dags/example_dag_decorator.py took 0.094 seconds
[2024-03-20T22:10:22.387-0300] {processor.py:153} INFO - Started process (PID=576) to work on /home/carlosfalcone/.local/lib/python3.7/site-packages/airflow/example_dags/example_dag_decorator.py
[2024-03-20T22:10:22.388-0300] {processor.py:743} INFO - Processing file /home/carlosfalcone/.local/lib/python3.7/site-packages/airflow/example_dags/example_dag_decorator.py for tasks to queue
[2024-03-20T22:10:22.389-0300] {logging_mixin.py:137} INFO - [2024-03-20T22:10:22.389-0300] {dagbag.py:532} INFO - Filling up the DagBag from /home/carlosfalcone/.local/lib/python3.7/site-packages/airflow/example_dags/example_dag_decorator.py
[2024-03-20T22:10:22.400-0300] {logging_mixin.py:137} INFO - [2024-03-20T22:10:22.400-0300] {taskmixin.py:211} WARNING - Dependency <Task(_PythonDecoratedOperator): prepare_email>, send_email already registered for DAG: example_dag_decorator
[2024-03-20T22:10:22.400-0300] {logging_mixin.py:137} INFO - [2024-03-20T22:10:22.400-0300] {taskmixin.py:211} WARNING - Dependency <Task(EmailOperator): send_email>, prepare_email already registered for DAG: example_dag_decorator
[2024-03-20T22:10:22.407-0300] {processor.py:753} INFO - DAG(s) dict_keys(['example_dag_decorator']) retrieved from /home/carlosfalcone/.local/lib/python3.7/site-packages/airflow/example_dags/example_dag_decorator.py
[2024-03-20T22:10:22.445-0300] {logging_mixin.py:137} INFO - [2024-03-20T22:10:22.445-0300] {dag.py:2705} INFO - Sync 1 DAGs
[2024-03-20T22:10:22.458-0300] {logging_mixin.py:137} INFO - [2024-03-20T22:10:22.458-0300] {dag.py:3456} INFO - Setting next_dagrun for example_dag_decorator to None, run_after=None
[2024-03-20T22:10:22.474-0300] {processor.py:175} INFO - Processing /home/carlosfalcone/.local/lib/python3.7/site-packages/airflow/example_dags/example_dag_decorator.py took 0.088 seconds
[2024-03-20T22:11:02.125-0300] {processor.py:153} INFO - Started process (PID=675) to work on /home/carlosfalcone/.local/lib/python3.7/site-packages/airflow/example_dags/example_dag_decorator.py
[2024-03-20T22:11:02.126-0300] {processor.py:743} INFO - Processing file /home/carlosfalcone/.local/lib/python3.7/site-packages/airflow/example_dags/example_dag_decorator.py for tasks to queue
[2024-03-20T22:11:02.126-0300] {logging_mixin.py:137} INFO - [2024-03-20T22:11:02.126-0300] {dagbag.py:532} INFO - Filling up the DagBag from /home/carlosfalcone/.local/lib/python3.7/site-packages/airflow/example_dags/example_dag_decorator.py
[2024-03-20T22:11:02.136-0300] {logging_mixin.py:137} INFO - [2024-03-20T22:11:02.136-0300] {taskmixin.py:211} WARNING - Dependency <Task(_PythonDecoratedOperator): prepare_email>, send_email already registered for DAG: example_dag_decorator
[2024-03-20T22:11:02.136-0300] {logging_mixin.py:137} INFO - [2024-03-20T22:11:02.136-0300] {taskmixin.py:211} WARNING - Dependency <Task(EmailOperator): send_email>, prepare_email already registered for DAG: example_dag_decorator
[2024-03-20T22:11:02.143-0300] {processor.py:753} INFO - DAG(s) dict_keys(['example_dag_decorator']) retrieved from /home/carlosfalcone/.local/lib/python3.7/site-packages/airflow/example_dags/example_dag_decorator.py
[2024-03-20T22:11:02.179-0300] {logging_mixin.py:137} INFO - [2024-03-20T22:11:02.179-0300] {dag.py:2705} INFO - Sync 1 DAGs
[2024-03-20T22:11:02.192-0300] {logging_mixin.py:137} INFO - [2024-03-20T22:11:02.192-0300] {dag.py:3456} INFO - Setting next_dagrun for example_dag_decorator to None, run_after=None
[2024-03-20T22:11:02.208-0300] {processor.py:175} INFO - Processing /home/carlosfalcone/.local/lib/python3.7/site-packages/airflow/example_dags/example_dag_decorator.py took 0.085 seconds
[2024-03-20T22:11:42.557-0300] {processor.py:153} INFO - Started process (PID=769) to work on /home/carlosfalcone/.local/lib/python3.7/site-packages/airflow/example_dags/example_dag_decorator.py
[2024-03-20T22:11:42.558-0300] {processor.py:743} INFO - Processing file /home/carlosfalcone/.local/lib/python3.7/site-packages/airflow/example_dags/example_dag_decorator.py for tasks to queue
[2024-03-20T22:11:42.558-0300] {logging_mixin.py:137} INFO - [2024-03-20T22:11:42.558-0300] {dagbag.py:532} INFO - Filling up the DagBag from /home/carlosfalcone/.local/lib/python3.7/site-packages/airflow/example_dags/example_dag_decorator.py
[2024-03-20T22:11:42.569-0300] {logging_mixin.py:137} INFO - [2024-03-20T22:11:42.569-0300] {taskmixin.py:211} WARNING - Dependency <Task(_PythonDecoratedOperator): prepare_email>, send_email already registered for DAG: example_dag_decorator
[2024-03-20T22:11:42.569-0300] {logging_mixin.py:137} INFO - [2024-03-20T22:11:42.569-0300] {taskmixin.py:211} WARNING - Dependency <Task(EmailOperator): send_email>, prepare_email already registered for DAG: example_dag_decorator
[2024-03-20T22:11:42.576-0300] {processor.py:753} INFO - DAG(s) dict_keys(['example_dag_decorator']) retrieved from /home/carlosfalcone/.local/lib/python3.7/site-packages/airflow/example_dags/example_dag_decorator.py
[2024-03-20T22:11:42.615-0300] {logging_mixin.py:137} INFO - [2024-03-20T22:11:42.615-0300] {dag.py:2705} INFO - Sync 1 DAGs
[2024-03-20T22:11:42.628-0300] {logging_mixin.py:137} INFO - [2024-03-20T22:11:42.628-0300] {dag.py:3456} INFO - Setting next_dagrun for example_dag_decorator to None, run_after=None
[2024-03-20T22:11:42.645-0300] {processor.py:175} INFO - Processing /home/carlosfalcone/.local/lib/python3.7/site-packages/airflow/example_dags/example_dag_decorator.py took 0.090 seconds
[2024-03-20T22:12:17.476-0300] {processor.py:153} INFO - Started process (PID=857) to work on /home/carlosfalcone/.local/lib/python3.7/site-packages/airflow/example_dags/example_dag_decorator.py
[2024-03-20T22:12:17.477-0300] {processor.py:743} INFO - Processing file /home/carlosfalcone/.local/lib/python3.7/site-packages/airflow/example_dags/example_dag_decorator.py for tasks to queue
[2024-03-20T22:12:17.477-0300] {logging_mixin.py:137} INFO - [2024-03-20T22:12:17.477-0300] {dagbag.py:532} INFO - Filling up the DagBag from /home/carlosfalcone/.local/lib/python3.7/site-packages/airflow/example_dags/example_dag_decorator.py
[2024-03-20T22:12:17.487-0300] {logging_mixin.py:137} INFO - [2024-03-20T22:12:17.487-0300] {taskmixin.py:211} WARNING - Dependency <Task(_PythonDecoratedOperator): prepare_email>, send_email already registered for DAG: example_dag_decorator
[2024-03-20T22:12:17.488-0300] {logging_mixin.py:137} INFO - [2024-03-20T22:12:17.487-0300] {taskmixin.py:211} WARNING - Dependency <Task(EmailOperator): send_email>, prepare_email already registered for DAG: example_dag_decorator
[2024-03-20T22:12:17.494-0300] {processor.py:753} INFO - DAG(s) dict_keys(['example_dag_decorator']) retrieved from /home/carlosfalcone/.local/lib/python3.7/site-packages/airflow/example_dags/example_dag_decorator.py
[2024-03-20T22:12:17.531-0300] {logging_mixin.py:137} INFO - [2024-03-20T22:12:17.531-0300] {dag.py:2705} INFO - Sync 1 DAGs
[2024-03-20T22:12:17.544-0300] {logging_mixin.py:137} INFO - [2024-03-20T22:12:17.544-0300] {dag.py:3456} INFO - Setting next_dagrun for example_dag_decorator to None, run_after=None
[2024-03-20T22:12:17.561-0300] {processor.py:175} INFO - Processing /home/carlosfalcone/.local/lib/python3.7/site-packages/airflow/example_dags/example_dag_decorator.py took 0.087 seconds
[2024-03-20T22:12:52.153-0300] {processor.py:153} INFO - Started process (PID=949) to work on /home/carlosfalcone/.local/lib/python3.7/site-packages/airflow/example_dags/example_dag_decorator.py
[2024-03-20T22:12:52.154-0300] {processor.py:743} INFO - Processing file /home/carlosfalcone/.local/lib/python3.7/site-packages/airflow/example_dags/example_dag_decorator.py for tasks to queue
[2024-03-20T22:12:52.155-0300] {logging_mixin.py:137} INFO - [2024-03-20T22:12:52.155-0300] {dagbag.py:532} INFO - Filling up the DagBag from /home/carlosfalcone/.local/lib/python3.7/site-packages/airflow/example_dags/example_dag_decorator.py
[2024-03-20T22:12:52.165-0300] {logging_mixin.py:137} INFO - [2024-03-20T22:12:52.165-0300] {taskmixin.py:211} WARNING - Dependency <Task(_PythonDecoratedOperator): prepare_email>, send_email already registered for DAG: example_dag_decorator
[2024-03-20T22:12:52.165-0300] {logging_mixin.py:137} INFO - [2024-03-20T22:12:52.165-0300] {taskmixin.py:211} WARNING - Dependency <Task(EmailOperator): send_email>, prepare_email already registered for DAG: example_dag_decorator
[2024-03-20T22:12:52.172-0300] {processor.py:753} INFO - DAG(s) dict_keys(['example_dag_decorator']) retrieved from /home/carlosfalcone/.local/lib/python3.7/site-packages/airflow/example_dags/example_dag_decorator.py
[2024-03-20T22:12:52.209-0300] {logging_mixin.py:137} INFO - [2024-03-20T22:12:52.209-0300] {dag.py:2705} INFO - Sync 1 DAGs
[2024-03-20T22:12:52.222-0300] {logging_mixin.py:137} INFO - [2024-03-20T22:12:52.222-0300] {dag.py:3456} INFO - Setting next_dagrun for example_dag_decorator to None, run_after=None
[2024-03-20T22:12:52.240-0300] {processor.py:175} INFO - Processing /home/carlosfalcone/.local/lib/python3.7/site-packages/airflow/example_dags/example_dag_decorator.py took 0.088 seconds
[2024-03-20T22:13:29.257-0300] {processor.py:153} INFO - Started process (PID=1040) to work on /home/carlosfalcone/.local/lib/python3.7/site-packages/airflow/example_dags/example_dag_decorator.py
[2024-03-20T22:13:29.258-0300] {processor.py:743} INFO - Processing file /home/carlosfalcone/.local/lib/python3.7/site-packages/airflow/example_dags/example_dag_decorator.py for tasks to queue
[2024-03-20T22:13:29.259-0300] {logging_mixin.py:137} INFO - [2024-03-20T22:13:29.259-0300] {dagbag.py:532} INFO - Filling up the DagBag from /home/carlosfalcone/.local/lib/python3.7/site-packages/airflow/example_dags/example_dag_decorator.py
[2024-03-20T22:13:29.269-0300] {logging_mixin.py:137} INFO - [2024-03-20T22:13:29.269-0300] {taskmixin.py:211} WARNING - Dependency <Task(_PythonDecoratedOperator): prepare_email>, send_email already registered for DAG: example_dag_decorator
[2024-03-20T22:13:29.269-0300] {logging_mixin.py:137} INFO - [2024-03-20T22:13:29.269-0300] {taskmixin.py:211} WARNING - Dependency <Task(EmailOperator): send_email>, prepare_email already registered for DAG: example_dag_decorator
[2024-03-20T22:13:29.276-0300] {processor.py:753} INFO - DAG(s) dict_keys(['example_dag_decorator']) retrieved from /home/carlosfalcone/.local/lib/python3.7/site-packages/airflow/example_dags/example_dag_decorator.py
[2024-03-20T22:13:29.312-0300] {logging_mixin.py:137} INFO - [2024-03-20T22:13:29.312-0300] {dag.py:2705} INFO - Sync 1 DAGs
[2024-03-20T22:13:29.324-0300] {logging_mixin.py:137} INFO - [2024-03-20T22:13:29.324-0300] {dag.py:3456} INFO - Setting next_dagrun for example_dag_decorator to None, run_after=None
[2024-03-20T22:13:29.341-0300] {processor.py:175} INFO - Processing /home/carlosfalcone/.local/lib/python3.7/site-packages/airflow/example_dags/example_dag_decorator.py took 0.086 seconds
[2024-03-20T22:14:07.542-0300] {processor.py:153} INFO - Started process (PID=1111) to work on /home/carlosfalcone/.local/lib/python3.7/site-packages/airflow/example_dags/example_dag_decorator.py
[2024-03-20T22:14:07.542-0300] {processor.py:743} INFO - Processing file /home/carlosfalcone/.local/lib/python3.7/site-packages/airflow/example_dags/example_dag_decorator.py for tasks to queue
[2024-03-20T22:14:07.543-0300] {logging_mixin.py:137} INFO - [2024-03-20T22:14:07.543-0300] {dagbag.py:532} INFO - Filling up the DagBag from /home/carlosfalcone/.local/lib/python3.7/site-packages/airflow/example_dags/example_dag_decorator.py
[2024-03-20T22:14:07.553-0300] {logging_mixin.py:137} INFO - [2024-03-20T22:14:07.553-0300] {taskmixin.py:211} WARNING - Dependency <Task(_PythonDecoratedOperator): prepare_email>, send_email already registered for DAG: example_dag_decorator
[2024-03-20T22:14:07.553-0300] {logging_mixin.py:137} INFO - [2024-03-20T22:14:07.553-0300] {taskmixin.py:211} WARNING - Dependency <Task(EmailOperator): send_email>, prepare_email already registered for DAG: example_dag_decorator
[2024-03-20T22:14:07.559-0300] {processor.py:753} INFO - DAG(s) dict_keys(['example_dag_decorator']) retrieved from /home/carlosfalcone/.local/lib/python3.7/site-packages/airflow/example_dags/example_dag_decorator.py
[2024-03-20T22:14:07.595-0300] {logging_mixin.py:137} INFO - [2024-03-20T22:14:07.595-0300] {dag.py:2705} INFO - Sync 1 DAGs
[2024-03-20T22:14:07.608-0300] {logging_mixin.py:137} INFO - [2024-03-20T22:14:07.608-0300] {dag.py:3456} INFO - Setting next_dagrun for example_dag_decorator to None, run_after=None
[2024-03-20T22:14:07.626-0300] {processor.py:175} INFO - Processing /home/carlosfalcone/.local/lib/python3.7/site-packages/airflow/example_dags/example_dag_decorator.py took 0.086 seconds
[2024-03-20T22:14:46.210-0300] {processor.py:153} INFO - Started process (PID=1161) to work on /home/carlosfalcone/.local/lib/python3.7/site-packages/airflow/example_dags/example_dag_decorator.py
[2024-03-20T22:14:46.211-0300] {processor.py:743} INFO - Processing file /home/carlosfalcone/.local/lib/python3.7/site-packages/airflow/example_dags/example_dag_decorator.py for tasks to queue
[2024-03-20T22:14:46.212-0300] {logging_mixin.py:137} INFO - [2024-03-20T22:14:46.212-0300] {dagbag.py:532} INFO - Filling up the DagBag from /home/carlosfalcone/.local/lib/python3.7/site-packages/airflow/example_dags/example_dag_decorator.py
[2024-03-20T22:14:46.221-0300] {logging_mixin.py:137} INFO - [2024-03-20T22:14:46.221-0300] {taskmixin.py:211} WARNING - Dependency <Task(_PythonDecoratedOperator): prepare_email>, send_email already registered for DAG: example_dag_decorator
[2024-03-20T22:14:46.222-0300] {logging_mixin.py:137} INFO - [2024-03-20T22:14:46.221-0300] {taskmixin.py:211} WARNING - Dependency <Task(EmailOperator): send_email>, prepare_email already registered for DAG: example_dag_decorator
[2024-03-20T22:14:46.228-0300] {processor.py:753} INFO - DAG(s) dict_keys(['example_dag_decorator']) retrieved from /home/carlosfalcone/.local/lib/python3.7/site-packages/airflow/example_dags/example_dag_decorator.py
[2024-03-20T22:14:46.264-0300] {logging_mixin.py:137} INFO - [2024-03-20T22:14:46.264-0300] {dag.py:2705} INFO - Sync 1 DAGs
[2024-03-20T22:14:46.276-0300] {logging_mixin.py:137} INFO - [2024-03-20T22:14:46.276-0300] {dag.py:3456} INFO - Setting next_dagrun for example_dag_decorator to None, run_after=None
[2024-03-20T22:14:46.293-0300] {processor.py:175} INFO - Processing /home/carlosfalcone/.local/lib/python3.7/site-packages/airflow/example_dags/example_dag_decorator.py took 0.085 seconds
[2024-03-20T22:15:29.651-0300] {processor.py:153} INFO - Started process (PID=1267) to work on /home/carlosfalcone/.local/lib/python3.7/site-packages/airflow/example_dags/example_dag_decorator.py
[2024-03-20T22:15:29.652-0300] {processor.py:743} INFO - Processing file /home/carlosfalcone/.local/lib/python3.7/site-packages/airflow/example_dags/example_dag_decorator.py for tasks to queue
[2024-03-20T22:15:29.652-0300] {logging_mixin.py:137} INFO - [2024-03-20T22:15:29.652-0300] {dagbag.py:532} INFO - Filling up the DagBag from /home/carlosfalcone/.local/lib/python3.7/site-packages/airflow/example_dags/example_dag_decorator.py
[2024-03-20T22:15:29.662-0300] {logging_mixin.py:137} INFO - [2024-03-20T22:15:29.662-0300] {taskmixin.py:211} WARNING - Dependency <Task(_PythonDecoratedOperator): prepare_email>, send_email already registered for DAG: example_dag_decorator
[2024-03-20T22:15:29.662-0300] {logging_mixin.py:137} INFO - [2024-03-20T22:15:29.662-0300] {taskmixin.py:211} WARNING - Dependency <Task(EmailOperator): send_email>, prepare_email already registered for DAG: example_dag_decorator
[2024-03-20T22:15:29.669-0300] {processor.py:753} INFO - DAG(s) dict_keys(['example_dag_decorator']) retrieved from /home/carlosfalcone/.local/lib/python3.7/site-packages/airflow/example_dags/example_dag_decorator.py
[2024-03-20T22:15:29.705-0300] {logging_mixin.py:137} INFO - [2024-03-20T22:15:29.705-0300] {dag.py:2705} INFO - Sync 1 DAGs
[2024-03-20T22:15:29.717-0300] {logging_mixin.py:137} INFO - [2024-03-20T22:15:29.717-0300] {dag.py:3456} INFO - Setting next_dagrun for example_dag_decorator to None, run_after=None
[2024-03-20T22:15:29.735-0300] {processor.py:175} INFO - Processing /home/carlosfalcone/.local/lib/python3.7/site-packages/airflow/example_dags/example_dag_decorator.py took 0.086 seconds
[2024-03-20T22:16:05.681-0300] {processor.py:153} INFO - Started process (PID=1363) to work on /home/carlosfalcone/.local/lib/python3.7/site-packages/airflow/example_dags/example_dag_decorator.py
[2024-03-20T22:16:05.682-0300] {processor.py:743} INFO - Processing file /home/carlosfalcone/.local/lib/python3.7/site-packages/airflow/example_dags/example_dag_decorator.py for tasks to queue
[2024-03-20T22:16:05.683-0300] {logging_mixin.py:137} INFO - [2024-03-20T22:16:05.683-0300] {dagbag.py:532} INFO - Filling up the DagBag from /home/carlosfalcone/.local/lib/python3.7/site-packages/airflow/example_dags/example_dag_decorator.py
[2024-03-20T22:16:05.693-0300] {logging_mixin.py:137} INFO - [2024-03-20T22:16:05.693-0300] {taskmixin.py:211} WARNING - Dependency <Task(_PythonDecoratedOperator): prepare_email>, send_email already registered for DAG: example_dag_decorator
[2024-03-20T22:16:05.693-0300] {logging_mixin.py:137} INFO - [2024-03-20T22:16:05.693-0300] {taskmixin.py:211} WARNING - Dependency <Task(EmailOperator): send_email>, prepare_email already registered for DAG: example_dag_decorator
[2024-03-20T22:16:05.699-0300] {processor.py:753} INFO - DAG(s) dict_keys(['example_dag_decorator']) retrieved from /home/carlosfalcone/.local/lib/python3.7/site-packages/airflow/example_dags/example_dag_decorator.py
[2024-03-20T22:16:05.739-0300] {logging_mixin.py:137} INFO - [2024-03-20T22:16:05.739-0300] {dag.py:2705} INFO - Sync 1 DAGs
[2024-03-20T22:16:05.752-0300] {logging_mixin.py:137} INFO - [2024-03-20T22:16:05.752-0300] {dag.py:3456} INFO - Setting next_dagrun for example_dag_decorator to None, run_after=None
[2024-03-20T22:16:05.768-0300] {processor.py:175} INFO - Processing /home/carlosfalcone/.local/lib/python3.7/site-packages/airflow/example_dags/example_dag_decorator.py took 0.089 seconds
[2024-03-20T22:16:38.639-0300] {processor.py:153} INFO - Started process (PID=1456) to work on /home/carlosfalcone/.local/lib/python3.7/site-packages/airflow/example_dags/example_dag_decorator.py
[2024-03-20T22:16:38.640-0300] {processor.py:743} INFO - Processing file /home/carlosfalcone/.local/lib/python3.7/site-packages/airflow/example_dags/example_dag_decorator.py for tasks to queue
[2024-03-20T22:16:38.640-0300] {logging_mixin.py:137} INFO - [2024-03-20T22:16:38.640-0300] {dagbag.py:532} INFO - Filling up the DagBag from /home/carlosfalcone/.local/lib/python3.7/site-packages/airflow/example_dags/example_dag_decorator.py
[2024-03-20T22:16:38.650-0300] {logging_mixin.py:137} INFO - [2024-03-20T22:16:38.650-0300] {taskmixin.py:211} WARNING - Dependency <Task(_PythonDecoratedOperator): prepare_email>, send_email already registered for DAG: example_dag_decorator
[2024-03-20T22:16:38.650-0300] {logging_mixin.py:137} INFO - [2024-03-20T22:16:38.650-0300] {taskmixin.py:211} WARNING - Dependency <Task(EmailOperator): send_email>, prepare_email already registered for DAG: example_dag_decorator
[2024-03-20T22:16:38.656-0300] {processor.py:753} INFO - DAG(s) dict_keys(['example_dag_decorator']) retrieved from /home/carlosfalcone/.local/lib/python3.7/site-packages/airflow/example_dags/example_dag_decorator.py
[2024-03-20T22:16:38.692-0300] {logging_mixin.py:137} INFO - [2024-03-20T22:16:38.692-0300] {dag.py:2705} INFO - Sync 1 DAGs
[2024-03-20T22:16:38.705-0300] {logging_mixin.py:137} INFO - [2024-03-20T22:16:38.705-0300] {dag.py:3456} INFO - Setting next_dagrun for example_dag_decorator to None, run_after=None
[2024-03-20T22:16:38.720-0300] {processor.py:175} INFO - Processing /home/carlosfalcone/.local/lib/python3.7/site-packages/airflow/example_dags/example_dag_decorator.py took 0.082 seconds
[2024-03-20T22:17:16.239-0300] {processor.py:153} INFO - Started process (PID=1547) to work on /home/carlosfalcone/.local/lib/python3.7/site-packages/airflow/example_dags/example_dag_decorator.py
[2024-03-20T22:17:16.240-0300] {processor.py:743} INFO - Processing file /home/carlosfalcone/.local/lib/python3.7/site-packages/airflow/example_dags/example_dag_decorator.py for tasks to queue
[2024-03-20T22:17:16.241-0300] {logging_mixin.py:137} INFO - [2024-03-20T22:17:16.241-0300] {dagbag.py:532} INFO - Filling up the DagBag from /home/carlosfalcone/.local/lib/python3.7/site-packages/airflow/example_dags/example_dag_decorator.py
[2024-03-20T22:17:16.252-0300] {logging_mixin.py:137} INFO - [2024-03-20T22:17:16.251-0300] {taskmixin.py:211} WARNING - Dependency <Task(_PythonDecoratedOperator): prepare_email>, send_email already registered for DAG: example_dag_decorator
[2024-03-20T22:17:16.252-0300] {logging_mixin.py:137} INFO - [2024-03-20T22:17:16.252-0300] {taskmixin.py:211} WARNING - Dependency <Task(EmailOperator): send_email>, prepare_email already registered for DAG: example_dag_decorator
[2024-03-20T22:17:16.258-0300] {processor.py:753} INFO - DAG(s) dict_keys(['example_dag_decorator']) retrieved from /home/carlosfalcone/.local/lib/python3.7/site-packages/airflow/example_dags/example_dag_decorator.py
[2024-03-20T22:17:16.294-0300] {logging_mixin.py:137} INFO - [2024-03-20T22:17:16.294-0300] {dag.py:2705} INFO - Sync 1 DAGs
[2024-03-20T22:17:16.307-0300] {logging_mixin.py:137} INFO - [2024-03-20T22:17:16.307-0300] {dag.py:3456} INFO - Setting next_dagrun for example_dag_decorator to None, run_after=None
[2024-03-20T22:17:16.324-0300] {processor.py:175} INFO - Processing /home/carlosfalcone/.local/lib/python3.7/site-packages/airflow/example_dags/example_dag_decorator.py took 0.086 seconds
[2024-03-20T22:17:51.827-0300] {processor.py:153} INFO - Started process (PID=1638) to work on /home/carlosfalcone/.local/lib/python3.7/site-packages/airflow/example_dags/example_dag_decorator.py
[2024-03-20T22:17:51.828-0300] {processor.py:743} INFO - Processing file /home/carlosfalcone/.local/lib/python3.7/site-packages/airflow/example_dags/example_dag_decorator.py for tasks to queue
[2024-03-20T22:17:51.829-0300] {logging_mixin.py:137} INFO - [2024-03-20T22:17:51.828-0300] {dagbag.py:532} INFO - Filling up the DagBag from /home/carlosfalcone/.local/lib/python3.7/site-packages/airflow/example_dags/example_dag_decorator.py
[2024-03-20T22:17:51.839-0300] {logging_mixin.py:137} INFO - [2024-03-20T22:17:51.839-0300] {taskmixin.py:211} WARNING - Dependency <Task(_PythonDecoratedOperator): prepare_email>, send_email already registered for DAG: example_dag_decorator
[2024-03-20T22:17:51.839-0300] {logging_mixin.py:137} INFO - [2024-03-20T22:17:51.839-0300] {taskmixin.py:211} WARNING - Dependency <Task(EmailOperator): send_email>, prepare_email already registered for DAG: example_dag_decorator
[2024-03-20T22:17:51.846-0300] {processor.py:753} INFO - DAG(s) dict_keys(['example_dag_decorator']) retrieved from /home/carlosfalcone/.local/lib/python3.7/site-packages/airflow/example_dags/example_dag_decorator.py
[2024-03-20T22:17:51.884-0300] {logging_mixin.py:137} INFO - [2024-03-20T22:17:51.884-0300] {dag.py:2705} INFO - Sync 1 DAGs
[2024-03-20T22:17:51.897-0300] {logging_mixin.py:137} INFO - [2024-03-20T22:17:51.896-0300] {dag.py:3456} INFO - Setting next_dagrun for example_dag_decorator to None, run_after=None
[2024-03-20T22:17:51.918-0300] {processor.py:175} INFO - Processing /home/carlosfalcone/.local/lib/python3.7/site-packages/airflow/example_dags/example_dag_decorator.py took 0.093 seconds
[2024-03-21T11:23:33.137-0300] {processor.py:153} INFO - Started process (PID=88) to work on /home/carlosfalcone/.local/lib/python3.7/site-packages/airflow/example_dags/example_dag_decorator.py
[2024-03-21T11:23:33.138-0300] {processor.py:743} INFO - Processing file /home/carlosfalcone/.local/lib/python3.7/site-packages/airflow/example_dags/example_dag_decorator.py for tasks to queue
[2024-03-21T11:23:33.138-0300] {logging_mixin.py:137} INFO - [2024-03-21T11:23:33.138-0300] {dagbag.py:532} INFO - Filling up the DagBag from /home/carlosfalcone/.local/lib/python3.7/site-packages/airflow/example_dags/example_dag_decorator.py
[2024-03-21T11:23:33.149-0300] {logging_mixin.py:137} INFO - [2024-03-21T11:23:33.149-0300] {taskmixin.py:211} WARNING - Dependency <Task(_PythonDecoratedOperator): prepare_email>, send_email already registered for DAG: example_dag_decorator
[2024-03-21T11:23:33.149-0300] {logging_mixin.py:137} INFO - [2024-03-21T11:23:33.149-0300] {taskmixin.py:211} WARNING - Dependency <Task(EmailOperator): send_email>, prepare_email already registered for DAG: example_dag_decorator
[2024-03-21T11:23:33.157-0300] {processor.py:753} INFO - DAG(s) dict_keys(['example_dag_decorator']) retrieved from /home/carlosfalcone/.local/lib/python3.7/site-packages/airflow/example_dags/example_dag_decorator.py
[2024-03-21T11:23:33.195-0300] {logging_mixin.py:137} INFO - [2024-03-21T11:23:33.195-0300] {dag.py:2705} INFO - Sync 1 DAGs
[2024-03-21T11:23:33.209-0300] {logging_mixin.py:137} INFO - [2024-03-21T11:23:33.209-0300] {dag.py:3456} INFO - Setting next_dagrun for example_dag_decorator to None, run_after=None
[2024-03-21T11:23:33.224-0300] {processor.py:175} INFO - Processing /home/carlosfalcone/.local/lib/python3.7/site-packages/airflow/example_dags/example_dag_decorator.py took 0.089 seconds
[2024-03-21T11:24:11.947-0300] {processor.py:153} INFO - Started process (PID=297) to work on /home/carlosfalcone/.local/lib/python3.7/site-packages/airflow/example_dags/example_dag_decorator.py
[2024-03-21T11:24:11.948-0300] {processor.py:743} INFO - Processing file /home/carlosfalcone/.local/lib/python3.7/site-packages/airflow/example_dags/example_dag_decorator.py for tasks to queue
[2024-03-21T11:24:11.948-0300] {logging_mixin.py:137} INFO - [2024-03-21T11:24:11.948-0300] {dagbag.py:532} INFO - Filling up the DagBag from /home/carlosfalcone/.local/lib/python3.7/site-packages/airflow/example_dags/example_dag_decorator.py
[2024-03-21T11:24:11.961-0300] {logging_mixin.py:137} INFO - [2024-03-21T11:24:11.961-0300] {taskmixin.py:211} WARNING - Dependency <Task(_PythonDecoratedOperator): prepare_email>, send_email already registered for DAG: example_dag_decorator
[2024-03-21T11:24:11.962-0300] {logging_mixin.py:137} INFO - [2024-03-21T11:24:11.961-0300] {taskmixin.py:211} WARNING - Dependency <Task(EmailOperator): send_email>, prepare_email already registered for DAG: example_dag_decorator
[2024-03-21T11:24:11.969-0300] {processor.py:753} INFO - DAG(s) dict_keys(['example_dag_decorator']) retrieved from /home/carlosfalcone/.local/lib/python3.7/site-packages/airflow/example_dags/example_dag_decorator.py
[2024-03-21T11:24:12.010-0300] {logging_mixin.py:137} INFO - [2024-03-21T11:24:12.009-0300] {dag.py:2705} INFO - Sync 1 DAGs
[2024-03-21T11:24:12.023-0300] {logging_mixin.py:137} INFO - [2024-03-21T11:24:12.023-0300] {dag.py:3456} INFO - Setting next_dagrun for example_dag_decorator to None, run_after=None
[2024-03-21T11:24:12.039-0300] {processor.py:175} INFO - Processing /home/carlosfalcone/.local/lib/python3.7/site-packages/airflow/example_dags/example_dag_decorator.py took 0.094 seconds
[2024-03-21T11:24:51.284-0300] {processor.py:153} INFO - Started process (PID=396) to work on /home/carlosfalcone/.local/lib/python3.7/site-packages/airflow/example_dags/example_dag_decorator.py
[2024-03-21T11:24:51.284-0300] {processor.py:743} INFO - Processing file /home/carlosfalcone/.local/lib/python3.7/site-packages/airflow/example_dags/example_dag_decorator.py for tasks to queue
[2024-03-21T11:24:51.285-0300] {logging_mixin.py:137} INFO - [2024-03-21T11:24:51.285-0300] {dagbag.py:532} INFO - Filling up the DagBag from /home/carlosfalcone/.local/lib/python3.7/site-packages/airflow/example_dags/example_dag_decorator.py
[2024-03-21T11:24:51.295-0300] {logging_mixin.py:137} INFO - [2024-03-21T11:24:51.295-0300] {taskmixin.py:211} WARNING - Dependency <Task(_PythonDecoratedOperator): prepare_email>, send_email already registered for DAG: example_dag_decorator
[2024-03-21T11:24:51.296-0300] {logging_mixin.py:137} INFO - [2024-03-21T11:24:51.296-0300] {taskmixin.py:211} WARNING - Dependency <Task(EmailOperator): send_email>, prepare_email already registered for DAG: example_dag_decorator
[2024-03-21T11:24:51.302-0300] {processor.py:753} INFO - DAG(s) dict_keys(['example_dag_decorator']) retrieved from /home/carlosfalcone/.local/lib/python3.7/site-packages/airflow/example_dags/example_dag_decorator.py
[2024-03-21T11:24:51.342-0300] {logging_mixin.py:137} INFO - [2024-03-21T11:24:51.342-0300] {dag.py:2705} INFO - Sync 1 DAGs
[2024-03-21T11:24:51.355-0300] {logging_mixin.py:137} INFO - [2024-03-21T11:24:51.355-0300] {dag.py:3456} INFO - Setting next_dagrun for example_dag_decorator to None, run_after=None
[2024-03-21T11:24:51.371-0300] {processor.py:175} INFO - Processing /home/carlosfalcone/.local/lib/python3.7/site-packages/airflow/example_dags/example_dag_decorator.py took 0.089 seconds
