[2024-03-20T22:09:09.798-0300] {processor.py:153} INFO - Started process (PID=303) to work on /home/carlosfalcone/.local/lib/python3.7/site-packages/airflow/example_dags/example_branch_day_of_week_operator.py
[2024-03-20T22:09:09.798-0300] {processor.py:743} INFO - Processing file /home/carlosfalcone/.local/lib/python3.7/site-packages/airflow/example_dags/example_branch_day_of_week_operator.py for tasks to queue
[2024-03-20T22:09:09.799-0300] {logging_mixin.py:137} INFO - [2024-03-20T22:09:09.799-0300] {dagbag.py:532} INFO - Filling up the DagBag from /home/carlosfalcone/.local/lib/python3.7/site-packages/airflow/example_dags/example_branch_day_of_week_operator.py
[2024-03-20T22:09:09.808-0300] {processor.py:753} INFO - DAG(s) dict_keys(['example_weekday_branch_operator']) retrieved from /home/carlosfalcone/.local/lib/python3.7/site-packages/airflow/example_dags/example_branch_day_of_week_operator.py
[2024-03-20T22:09:09.880-0300] {logging_mixin.py:137} INFO - [2024-03-20T22:09:09.879-0300] {manager.py:504} INFO - Created Permission View: can delete on DAG:example_weekday_branch_operator
[2024-03-20T22:09:09.888-0300] {logging_mixin.py:137} INFO - [2024-03-20T22:09:09.888-0300] {manager.py:504} INFO - Created Permission View: can read on DAG:example_weekday_branch_operator
[2024-03-20T22:09:09.895-0300] {logging_mixin.py:137} INFO - [2024-03-20T22:09:09.895-0300] {manager.py:504} INFO - Created Permission View: can edit on DAG:example_weekday_branch_operator
[2024-03-20T22:09:09.895-0300] {logging_mixin.py:137} INFO - [2024-03-20T22:09:09.895-0300] {dag.py:2705} INFO - Sync 1 DAGs
[2024-03-20T22:09:09.903-0300] {logging_mixin.py:137} INFO - [2024-03-20T22:09:09.903-0300] {dag.py:2726} INFO - Creating ORM DAG for example_weekday_branch_operator
[2024-03-20T22:09:09.910-0300] {logging_mixin.py:137} INFO - [2024-03-20T22:09:09.910-0300] {dag.py:3456} INFO - Setting next_dagrun for example_weekday_branch_operator to 2024-03-20T00:00:00+00:00, run_after=2024-03-21T00:00:00+00:00
[2024-03-20T22:09:09.930-0300] {processor.py:175} INFO - Processing /home/carlosfalcone/.local/lib/python3.7/site-packages/airflow/example_dags/example_branch_day_of_week_operator.py took 0.133 seconds
[2024-03-20T22:09:52.612-0300] {processor.py:153} INFO - Started process (PID=498) to work on /home/carlosfalcone/.local/lib/python3.7/site-packages/airflow/example_dags/example_branch_day_of_week_operator.py
[2024-03-20T22:09:52.613-0300] {processor.py:743} INFO - Processing file /home/carlosfalcone/.local/lib/python3.7/site-packages/airflow/example_dags/example_branch_day_of_week_operator.py for tasks to queue
[2024-03-20T22:09:52.613-0300] {logging_mixin.py:137} INFO - [2024-03-20T22:09:52.613-0300] {dagbag.py:532} INFO - Filling up the DagBag from /home/carlosfalcone/.local/lib/python3.7/site-packages/airflow/example_dags/example_branch_day_of_week_operator.py
[2024-03-20T22:09:52.625-0300] {processor.py:753} INFO - DAG(s) dict_keys(['example_weekday_branch_operator']) retrieved from /home/carlosfalcone/.local/lib/python3.7/site-packages/airflow/example_dags/example_branch_day_of_week_operator.py
[2024-03-20T22:09:52.638-0300] {logging_mixin.py:137} INFO - [2024-03-20T22:09:52.638-0300] {dag.py:2705} INFO - Sync 1 DAGs
[2024-03-20T22:09:52.656-0300] {logging_mixin.py:137} INFO - [2024-03-20T22:09:52.656-0300] {dag.py:3456} INFO - Setting next_dagrun for example_weekday_branch_operator to 2024-03-20T00:00:00+00:00, run_after=2024-03-21T00:00:00+00:00
[2024-03-20T22:09:52.674-0300] {processor.py:175} INFO - Processing /home/carlosfalcone/.local/lib/python3.7/site-packages/airflow/example_dags/example_branch_day_of_week_operator.py took 0.064 seconds
[2024-03-20T22:10:32.660-0300] {processor.py:153} INFO - Started process (PID=601) to work on /home/carlosfalcone/.local/lib/python3.7/site-packages/airflow/example_dags/example_branch_day_of_week_operator.py
[2024-03-20T22:10:32.662-0300] {processor.py:743} INFO - Processing file /home/carlosfalcone/.local/lib/python3.7/site-packages/airflow/example_dags/example_branch_day_of_week_operator.py for tasks to queue
[2024-03-20T22:10:32.662-0300] {logging_mixin.py:137} INFO - [2024-03-20T22:10:32.662-0300] {dagbag.py:532} INFO - Filling up the DagBag from /home/carlosfalcone/.local/lib/python3.7/site-packages/airflow/example_dags/example_branch_day_of_week_operator.py
[2024-03-20T22:10:32.671-0300] {processor.py:753} INFO - DAG(s) dict_keys(['example_weekday_branch_operator']) retrieved from /home/carlosfalcone/.local/lib/python3.7/site-packages/airflow/example_dags/example_branch_day_of_week_operator.py
[2024-03-20T22:10:32.684-0300] {logging_mixin.py:137} INFO - [2024-03-20T22:10:32.684-0300] {dag.py:2705} INFO - Sync 1 DAGs
[2024-03-20T22:10:32.699-0300] {logging_mixin.py:137} INFO - [2024-03-20T22:10:32.699-0300] {dag.py:3456} INFO - Setting next_dagrun for example_weekday_branch_operator to 2024-03-20T00:00:00+00:00, run_after=2024-03-21T00:00:00+00:00
[2024-03-20T22:10:32.715-0300] {processor.py:175} INFO - Processing /home/carlosfalcone/.local/lib/python3.7/site-packages/airflow/example_dags/example_branch_day_of_week_operator.py took 0.056 seconds
[2024-03-20T22:11:13.381-0300] {processor.py:153} INFO - Started process (PID=703) to work on /home/carlosfalcone/.local/lib/python3.7/site-packages/airflow/example_dags/example_branch_day_of_week_operator.py
[2024-03-20T22:11:13.382-0300] {processor.py:743} INFO - Processing file /home/carlosfalcone/.local/lib/python3.7/site-packages/airflow/example_dags/example_branch_day_of_week_operator.py for tasks to queue
[2024-03-20T22:11:13.382-0300] {logging_mixin.py:137} INFO - [2024-03-20T22:11:13.382-0300] {dagbag.py:532} INFO - Filling up the DagBag from /home/carlosfalcone/.local/lib/python3.7/site-packages/airflow/example_dags/example_branch_day_of_week_operator.py
[2024-03-20T22:11:13.391-0300] {processor.py:753} INFO - DAG(s) dict_keys(['example_weekday_branch_operator']) retrieved from /home/carlosfalcone/.local/lib/python3.7/site-packages/airflow/example_dags/example_branch_day_of_week_operator.py
[2024-03-20T22:11:13.403-0300] {logging_mixin.py:137} INFO - [2024-03-20T22:11:13.403-0300] {dag.py:2705} INFO - Sync 1 DAGs
[2024-03-20T22:11:13.418-0300] {logging_mixin.py:137} INFO - [2024-03-20T22:11:13.418-0300] {dag.py:3456} INFO - Setting next_dagrun for example_weekday_branch_operator to 2024-03-20T00:00:00+00:00, run_after=2024-03-21T00:00:00+00:00
[2024-03-20T22:11:13.433-0300] {processor.py:175} INFO - Processing /home/carlosfalcone/.local/lib/python3.7/site-packages/airflow/example_dags/example_branch_day_of_week_operator.py took 0.054 seconds
[2024-03-20T22:11:58.247-0300] {processor.py:153} INFO - Started process (PID=809) to work on /home/carlosfalcone/.local/lib/python3.7/site-packages/airflow/example_dags/example_branch_day_of_week_operator.py
[2024-03-20T22:11:58.248-0300] {processor.py:743} INFO - Processing file /home/carlosfalcone/.local/lib/python3.7/site-packages/airflow/example_dags/example_branch_day_of_week_operator.py for tasks to queue
[2024-03-20T22:11:58.249-0300] {logging_mixin.py:137} INFO - [2024-03-20T22:11:58.249-0300] {dagbag.py:532} INFO - Filling up the DagBag from /home/carlosfalcone/.local/lib/python3.7/site-packages/airflow/example_dags/example_branch_day_of_week_operator.py
[2024-03-20T22:11:58.258-0300] {processor.py:753} INFO - DAG(s) dict_keys(['example_weekday_branch_operator']) retrieved from /home/carlosfalcone/.local/lib/python3.7/site-packages/airflow/example_dags/example_branch_day_of_week_operator.py
[2024-03-20T22:11:58.270-0300] {logging_mixin.py:137} INFO - [2024-03-20T22:11:58.270-0300] {dag.py:2705} INFO - Sync 1 DAGs
[2024-03-20T22:11:58.286-0300] {logging_mixin.py:137} INFO - [2024-03-20T22:11:58.285-0300] {dag.py:3456} INFO - Setting next_dagrun for example_weekday_branch_operator to 2024-03-20T00:00:00+00:00, run_after=2024-03-21T00:00:00+00:00
[2024-03-20T22:11:58.301-0300] {processor.py:175} INFO - Processing /home/carlosfalcone/.local/lib/python3.7/site-packages/airflow/example_dags/example_branch_day_of_week_operator.py took 0.055 seconds
[2024-03-20T22:12:35.755-0300] {processor.py:153} INFO - Started process (PID=905) to work on /home/carlosfalcone/.local/lib/python3.7/site-packages/airflow/example_dags/example_branch_day_of_week_operator.py
[2024-03-20T22:12:35.756-0300] {processor.py:743} INFO - Processing file /home/carlosfalcone/.local/lib/python3.7/site-packages/airflow/example_dags/example_branch_day_of_week_operator.py for tasks to queue
[2024-03-20T22:12:35.757-0300] {logging_mixin.py:137} INFO - [2024-03-20T22:12:35.757-0300] {dagbag.py:532} INFO - Filling up the DagBag from /home/carlosfalcone/.local/lib/python3.7/site-packages/airflow/example_dags/example_branch_day_of_week_operator.py
[2024-03-20T22:12:35.765-0300] {processor.py:753} INFO - DAG(s) dict_keys(['example_weekday_branch_operator']) retrieved from /home/carlosfalcone/.local/lib/python3.7/site-packages/airflow/example_dags/example_branch_day_of_week_operator.py
[2024-03-20T22:12:35.778-0300] {logging_mixin.py:137} INFO - [2024-03-20T22:12:35.778-0300] {dag.py:2705} INFO - Sync 1 DAGs
[2024-03-20T22:12:35.792-0300] {logging_mixin.py:137} INFO - [2024-03-20T22:12:35.792-0300] {dag.py:3456} INFO - Setting next_dagrun for example_weekday_branch_operator to 2024-03-20T00:00:00+00:00, run_after=2024-03-21T00:00:00+00:00
[2024-03-20T22:12:35.808-0300] {processor.py:175} INFO - Processing /home/carlosfalcone/.local/lib/python3.7/site-packages/airflow/example_dags/example_branch_day_of_week_operator.py took 0.055 seconds
[2024-03-20T22:13:21.237-0300] {processor.py:153} INFO - Started process (PID=1019) to work on /home/carlosfalcone/.local/lib/python3.7/site-packages/airflow/example_dags/example_branch_day_of_week_operator.py
[2024-03-20T22:13:21.238-0300] {processor.py:743} INFO - Processing file /home/carlosfalcone/.local/lib/python3.7/site-packages/airflow/example_dags/example_branch_day_of_week_operator.py for tasks to queue
[2024-03-20T22:13:21.238-0300] {logging_mixin.py:137} INFO - [2024-03-20T22:13:21.238-0300] {dagbag.py:532} INFO - Filling up the DagBag from /home/carlosfalcone/.local/lib/python3.7/site-packages/airflow/example_dags/example_branch_day_of_week_operator.py
[2024-03-20T22:13:21.247-0300] {processor.py:753} INFO - DAG(s) dict_keys(['example_weekday_branch_operator']) retrieved from /home/carlosfalcone/.local/lib/python3.7/site-packages/airflow/example_dags/example_branch_day_of_week_operator.py
[2024-03-20T22:13:21.260-0300] {logging_mixin.py:137} INFO - [2024-03-20T22:13:21.259-0300] {dag.py:2705} INFO - Sync 1 DAGs
[2024-03-20T22:13:21.274-0300] {logging_mixin.py:137} INFO - [2024-03-20T22:13:21.274-0300] {dag.py:3456} INFO - Setting next_dagrun for example_weekday_branch_operator to 2024-03-20T00:00:00+00:00, run_after=2024-03-21T00:00:00+00:00
[2024-03-20T22:13:21.292-0300] {processor.py:175} INFO - Processing /home/carlosfalcone/.local/lib/python3.7/site-packages/airflow/example_dags/example_branch_day_of_week_operator.py took 0.057 seconds
[2024-03-20T22:13:59.985-0300] {processor.py:153} INFO - Started process (PID=1103) to work on /home/carlosfalcone/.local/lib/python3.7/site-packages/airflow/example_dags/example_branch_day_of_week_operator.py
[2024-03-20T22:13:59.986-0300] {processor.py:743} INFO - Processing file /home/carlosfalcone/.local/lib/python3.7/site-packages/airflow/example_dags/example_branch_day_of_week_operator.py for tasks to queue
[2024-03-20T22:13:59.986-0300] {logging_mixin.py:137} INFO - [2024-03-20T22:13:59.986-0300] {dagbag.py:532} INFO - Filling up the DagBag from /home/carlosfalcone/.local/lib/python3.7/site-packages/airflow/example_dags/example_branch_day_of_week_operator.py
[2024-03-20T22:13:59.995-0300] {processor.py:753} INFO - DAG(s) dict_keys(['example_weekday_branch_operator']) retrieved from /home/carlosfalcone/.local/lib/python3.7/site-packages/airflow/example_dags/example_branch_day_of_week_operator.py
[2024-03-20T22:14:00.006-0300] {logging_mixin.py:137} INFO - [2024-03-20T22:14:00.006-0300] {dag.py:2705} INFO - Sync 1 DAGs
[2024-03-20T22:14:00.022-0300] {logging_mixin.py:137} INFO - [2024-03-20T22:14:00.022-0300] {dag.py:3456} INFO - Setting next_dagrun for example_weekday_branch_operator to 2024-03-20T00:00:00+00:00, run_after=2024-03-21T00:00:00+00:00
[2024-03-20T22:14:00.037-0300] {processor.py:175} INFO - Processing /home/carlosfalcone/.local/lib/python3.7/site-packages/airflow/example_dags/example_branch_day_of_week_operator.py took 0.054 seconds
[2024-03-20T22:14:37.065-0300] {processor.py:153} INFO - Started process (PID=1142) to work on /home/carlosfalcone/.local/lib/python3.7/site-packages/airflow/example_dags/example_branch_day_of_week_operator.py
[2024-03-20T22:14:37.066-0300] {processor.py:743} INFO - Processing file /home/carlosfalcone/.local/lib/python3.7/site-packages/airflow/example_dags/example_branch_day_of_week_operator.py for tasks to queue
[2024-03-20T22:14:37.066-0300] {logging_mixin.py:137} INFO - [2024-03-20T22:14:37.066-0300] {dagbag.py:532} INFO - Filling up the DagBag from /home/carlosfalcone/.local/lib/python3.7/site-packages/airflow/example_dags/example_branch_day_of_week_operator.py
[2024-03-20T22:14:37.075-0300] {processor.py:753} INFO - DAG(s) dict_keys(['example_weekday_branch_operator']) retrieved from /home/carlosfalcone/.local/lib/python3.7/site-packages/airflow/example_dags/example_branch_day_of_week_operator.py
[2024-03-20T22:14:37.087-0300] {logging_mixin.py:137} INFO - [2024-03-20T22:14:37.087-0300] {dag.py:2705} INFO - Sync 1 DAGs
[2024-03-20T22:14:37.102-0300] {logging_mixin.py:137} INFO - [2024-03-20T22:14:37.102-0300] {dag.py:3456} INFO - Setting next_dagrun for example_weekday_branch_operator to 2024-03-20T00:00:00+00:00, run_after=2024-03-21T00:00:00+00:00
[2024-03-20T22:14:37.116-0300] {processor.py:175} INFO - Processing /home/carlosfalcone/.local/lib/python3.7/site-packages/airflow/example_dags/example_branch_day_of_week_operator.py took 0.053 seconds
[2024-03-20T22:15:19.378-0300] {processor.py:153} INFO - Started process (PID=1242) to work on /home/carlosfalcone/.local/lib/python3.7/site-packages/airflow/example_dags/example_branch_day_of_week_operator.py
[2024-03-20T22:15:19.379-0300] {processor.py:743} INFO - Processing file /home/carlosfalcone/.local/lib/python3.7/site-packages/airflow/example_dags/example_branch_day_of_week_operator.py for tasks to queue
[2024-03-20T22:15:19.380-0300] {logging_mixin.py:137} INFO - [2024-03-20T22:15:19.380-0300] {dagbag.py:532} INFO - Filling up the DagBag from /home/carlosfalcone/.local/lib/python3.7/site-packages/airflow/example_dags/example_branch_day_of_week_operator.py
[2024-03-20T22:15:19.389-0300] {processor.py:753} INFO - DAG(s) dict_keys(['example_weekday_branch_operator']) retrieved from /home/carlosfalcone/.local/lib/python3.7/site-packages/airflow/example_dags/example_branch_day_of_week_operator.py
[2024-03-20T22:15:19.401-0300] {logging_mixin.py:137} INFO - [2024-03-20T22:15:19.401-0300] {dag.py:2705} INFO - Sync 1 DAGs
[2024-03-20T22:15:19.416-0300] {logging_mixin.py:137} INFO - [2024-03-20T22:15:19.416-0300] {dag.py:3456} INFO - Setting next_dagrun for example_weekday_branch_operator to 2024-03-20T00:00:00+00:00, run_after=2024-03-21T00:00:00+00:00
[2024-03-20T22:15:19.431-0300] {processor.py:175} INFO - Processing /home/carlosfalcone/.local/lib/python3.7/site-packages/airflow/example_dags/example_branch_day_of_week_operator.py took 0.054 seconds
[2024-03-20T22:15:55.846-0300] {processor.py:153} INFO - Started process (PID=1338) to work on /home/carlosfalcone/.local/lib/python3.7/site-packages/airflow/example_dags/example_branch_day_of_week_operator.py
[2024-03-20T22:15:55.847-0300] {processor.py:743} INFO - Processing file /home/carlosfalcone/.local/lib/python3.7/site-packages/airflow/example_dags/example_branch_day_of_week_operator.py for tasks to queue
[2024-03-20T22:15:55.847-0300] {logging_mixin.py:137} INFO - [2024-03-20T22:15:55.847-0300] {dagbag.py:532} INFO - Filling up the DagBag from /home/carlosfalcone/.local/lib/python3.7/site-packages/airflow/example_dags/example_branch_day_of_week_operator.py
[2024-03-20T22:15:55.855-0300] {processor.py:753} INFO - DAG(s) dict_keys(['example_weekday_branch_operator']) retrieved from /home/carlosfalcone/.local/lib/python3.7/site-packages/airflow/example_dags/example_branch_day_of_week_operator.py
[2024-03-20T22:15:55.867-0300] {logging_mixin.py:137} INFO - [2024-03-20T22:15:55.867-0300] {dag.py:2705} INFO - Sync 1 DAGs
[2024-03-20T22:15:55.882-0300] {logging_mixin.py:137} INFO - [2024-03-20T22:15:55.882-0300] {dag.py:3456} INFO - Setting next_dagrun for example_weekday_branch_operator to 2024-03-20T00:00:00+00:00, run_after=2024-03-21T00:00:00+00:00
[2024-03-20T22:15:55.897-0300] {processor.py:175} INFO - Processing /home/carlosfalcone/.local/lib/python3.7/site-packages/airflow/example_dags/example_branch_day_of_week_operator.py took 0.053 seconds
[2024-03-20T22:16:30.086-0300] {processor.py:153} INFO - Started process (PID=1428) to work on /home/carlosfalcone/.local/lib/python3.7/site-packages/airflow/example_dags/example_branch_day_of_week_operator.py
[2024-03-20T22:16:30.087-0300] {processor.py:743} INFO - Processing file /home/carlosfalcone/.local/lib/python3.7/site-packages/airflow/example_dags/example_branch_day_of_week_operator.py for tasks to queue
[2024-03-20T22:16:30.087-0300] {logging_mixin.py:137} INFO - [2024-03-20T22:16:30.087-0300] {dagbag.py:532} INFO - Filling up the DagBag from /home/carlosfalcone/.local/lib/python3.7/site-packages/airflow/example_dags/example_branch_day_of_week_operator.py
[2024-03-20T22:16:30.096-0300] {processor.py:753} INFO - DAG(s) dict_keys(['example_weekday_branch_operator']) retrieved from /home/carlosfalcone/.local/lib/python3.7/site-packages/airflow/example_dags/example_branch_day_of_week_operator.py
[2024-03-20T22:16:30.108-0300] {logging_mixin.py:137} INFO - [2024-03-20T22:16:30.108-0300] {dag.py:2705} INFO - Sync 1 DAGs
[2024-03-20T22:16:30.123-0300] {logging_mixin.py:137} INFO - [2024-03-20T22:16:30.123-0300] {dag.py:3456} INFO - Setting next_dagrun for example_weekday_branch_operator to 2024-03-20T00:00:00+00:00, run_after=2024-03-21T00:00:00+00:00
[2024-03-20T22:16:30.138-0300] {processor.py:175} INFO - Processing /home/carlosfalcone/.local/lib/python3.7/site-packages/airflow/example_dags/example_branch_day_of_week_operator.py took 0.053 seconds
[2024-03-20T22:17:07.714-0300] {processor.py:153} INFO - Started process (PID=1527) to work on /home/carlosfalcone/.local/lib/python3.7/site-packages/airflow/example_dags/example_branch_day_of_week_operator.py
[2024-03-20T22:17:07.715-0300] {processor.py:743} INFO - Processing file /home/carlosfalcone/.local/lib/python3.7/site-packages/airflow/example_dags/example_branch_day_of_week_operator.py for tasks to queue
[2024-03-20T22:17:07.715-0300] {logging_mixin.py:137} INFO - [2024-03-20T22:17:07.715-0300] {dagbag.py:532} INFO - Filling up the DagBag from /home/carlosfalcone/.local/lib/python3.7/site-packages/airflow/example_dags/example_branch_day_of_week_operator.py
[2024-03-20T22:17:07.724-0300] {processor.py:753} INFO - DAG(s) dict_keys(['example_weekday_branch_operator']) retrieved from /home/carlosfalcone/.local/lib/python3.7/site-packages/airflow/example_dags/example_branch_day_of_week_operator.py
[2024-03-20T22:17:07.736-0300] {logging_mixin.py:137} INFO - [2024-03-20T22:17:07.736-0300] {dag.py:2705} INFO - Sync 1 DAGs
[2024-03-20T22:17:07.750-0300] {logging_mixin.py:137} INFO - [2024-03-20T22:17:07.750-0300] {dag.py:3456} INFO - Setting next_dagrun for example_weekday_branch_operator to 2024-03-20T00:00:00+00:00, run_after=2024-03-21T00:00:00+00:00
[2024-03-20T22:17:07.765-0300] {processor.py:175} INFO - Processing /home/carlosfalcone/.local/lib/python3.7/site-packages/airflow/example_dags/example_branch_day_of_week_operator.py took 0.053 seconds
[2024-03-20T22:17:45.798-0300] {processor.py:153} INFO - Started process (PID=1622) to work on /home/carlosfalcone/.local/lib/python3.7/site-packages/airflow/example_dags/example_branch_day_of_week_operator.py
[2024-03-20T22:17:45.799-0300] {processor.py:743} INFO - Processing file /home/carlosfalcone/.local/lib/python3.7/site-packages/airflow/example_dags/example_branch_day_of_week_operator.py for tasks to queue
[2024-03-20T22:17:45.800-0300] {logging_mixin.py:137} INFO - [2024-03-20T22:17:45.800-0300] {dagbag.py:532} INFO - Filling up the DagBag from /home/carlosfalcone/.local/lib/python3.7/site-packages/airflow/example_dags/example_branch_day_of_week_operator.py
[2024-03-20T22:17:45.809-0300] {processor.py:753} INFO - DAG(s) dict_keys(['example_weekday_branch_operator']) retrieved from /home/carlosfalcone/.local/lib/python3.7/site-packages/airflow/example_dags/example_branch_day_of_week_operator.py
[2024-03-20T22:17:45.821-0300] {logging_mixin.py:137} INFO - [2024-03-20T22:17:45.821-0300] {dag.py:2705} INFO - Sync 1 DAGs
[2024-03-20T22:17:45.837-0300] {logging_mixin.py:137} INFO - [2024-03-20T22:17:45.837-0300] {dag.py:3456} INFO - Setting next_dagrun for example_weekday_branch_operator to 2024-03-20T00:00:00+00:00, run_after=2024-03-21T00:00:00+00:00
[2024-03-20T22:17:45.854-0300] {processor.py:175} INFO - Processing /home/carlosfalcone/.local/lib/python3.7/site-packages/airflow/example_dags/example_branch_day_of_week_operator.py took 0.057 seconds
[2024-03-21T11:23:42.260-0300] {processor.py:153} INFO - Started process (PID=103) to work on /home/carlosfalcone/.local/lib/python3.7/site-packages/airflow/example_dags/example_branch_day_of_week_operator.py
[2024-03-21T11:23:42.262-0300] {processor.py:743} INFO - Processing file /home/carlosfalcone/.local/lib/python3.7/site-packages/airflow/example_dags/example_branch_day_of_week_operator.py for tasks to queue
[2024-03-21T11:23:42.262-0300] {logging_mixin.py:137} INFO - [2024-03-21T11:23:42.262-0300] {dagbag.py:532} INFO - Filling up the DagBag from /home/carlosfalcone/.local/lib/python3.7/site-packages/airflow/example_dags/example_branch_day_of_week_operator.py
[2024-03-21T11:23:42.271-0300] {processor.py:753} INFO - DAG(s) dict_keys(['example_weekday_branch_operator']) retrieved from /home/carlosfalcone/.local/lib/python3.7/site-packages/airflow/example_dags/example_branch_day_of_week_operator.py
[2024-03-21T11:23:42.284-0300] {logging_mixin.py:137} INFO - [2024-03-21T11:23:42.284-0300] {dag.py:2705} INFO - Sync 1 DAGs
[2024-03-21T11:23:42.300-0300] {logging_mixin.py:137} INFO - [2024-03-21T11:23:42.299-0300] {dag.py:3456} INFO - Setting next_dagrun for example_weekday_branch_operator to 2024-03-20T00:00:00+00:00, run_after=2024-03-21T00:00:00+00:00
[2024-03-21T11:23:42.317-0300] {processor.py:175} INFO - Processing /home/carlosfalcone/.local/lib/python3.7/site-packages/airflow/example_dags/example_branch_day_of_week_operator.py took 0.058 seconds
[2024-03-21T11:24:21.082-0300] {processor.py:153} INFO - Started process (PID=322) to work on /home/carlosfalcone/.local/lib/python3.7/site-packages/airflow/example_dags/example_branch_day_of_week_operator.py
[2024-03-21T11:24:21.083-0300] {processor.py:743} INFO - Processing file /home/carlosfalcone/.local/lib/python3.7/site-packages/airflow/example_dags/example_branch_day_of_week_operator.py for tasks to queue
[2024-03-21T11:24:21.083-0300] {logging_mixin.py:137} INFO - [2024-03-21T11:24:21.083-0300] {dagbag.py:532} INFO - Filling up the DagBag from /home/carlosfalcone/.local/lib/python3.7/site-packages/airflow/example_dags/example_branch_day_of_week_operator.py
[2024-03-21T11:24:21.093-0300] {processor.py:753} INFO - DAG(s) dict_keys(['example_weekday_branch_operator']) retrieved from /home/carlosfalcone/.local/lib/python3.7/site-packages/airflow/example_dags/example_branch_day_of_week_operator.py
[2024-03-21T11:24:21.105-0300] {logging_mixin.py:137} INFO - [2024-03-21T11:24:21.105-0300] {dag.py:2705} INFO - Sync 1 DAGs
[2024-03-21T11:24:21.120-0300] {logging_mixin.py:137} INFO - [2024-03-21T11:24:21.120-0300] {dag.py:3456} INFO - Setting next_dagrun for example_weekday_branch_operator to 2024-03-20T00:00:00+00:00, run_after=2024-03-21T00:00:00+00:00
[2024-03-21T11:24:21.137-0300] {processor.py:175} INFO - Processing /home/carlosfalcone/.local/lib/python3.7/site-packages/airflow/example_dags/example_branch_day_of_week_operator.py took 0.056 seconds
[2024-03-21T11:25:01.563-0300] {processor.py:153} INFO - Started process (PID=424) to work on /home/carlosfalcone/.local/lib/python3.7/site-packages/airflow/example_dags/example_branch_day_of_week_operator.py
[2024-03-21T11:25:01.564-0300] {processor.py:743} INFO - Processing file /home/carlosfalcone/.local/lib/python3.7/site-packages/airflow/example_dags/example_branch_day_of_week_operator.py for tasks to queue
[2024-03-21T11:25:01.565-0300] {logging_mixin.py:137} INFO - [2024-03-21T11:25:01.565-0300] {dagbag.py:532} INFO - Filling up the DagBag from /home/carlosfalcone/.local/lib/python3.7/site-packages/airflow/example_dags/example_branch_day_of_week_operator.py
[2024-03-21T11:25:01.574-0300] {processor.py:753} INFO - DAG(s) dict_keys(['example_weekday_branch_operator']) retrieved from /home/carlosfalcone/.local/lib/python3.7/site-packages/airflow/example_dags/example_branch_day_of_week_operator.py
[2024-03-21T11:25:01.587-0300] {logging_mixin.py:137} INFO - [2024-03-21T11:25:01.587-0300] {dag.py:2705} INFO - Sync 1 DAGs
[2024-03-21T11:25:01.604-0300] {logging_mixin.py:137} INFO - [2024-03-21T11:25:01.604-0300] {dag.py:3456} INFO - Setting next_dagrun for example_weekday_branch_operator to 2024-03-20T00:00:00+00:00, run_after=2024-03-21T00:00:00+00:00
[2024-03-21T11:25:01.621-0300] {processor.py:175} INFO - Processing /home/carlosfalcone/.local/lib/python3.7/site-packages/airflow/example_dags/example_branch_day_of_week_operator.py took 0.059 seconds
