[2024-03-20T22:08:50.958-0300] {processor.py:153} INFO - Started process (PID=260) to work on /home/carlosfalcone/.local/lib/python3.7/site-packages/airflow/example_dags/example_params_ui_tutorial.py
[2024-03-20T22:08:50.958-0300] {processor.py:743} INFO - Processing file /home/carlosfalcone/.local/lib/python3.7/site-packages/airflow/example_dags/example_params_ui_tutorial.py for tasks to queue
[2024-03-20T22:08:50.959-0300] {logging_mixin.py:137} INFO - [2024-03-20T22:08:50.959-0300] {dagbag.py:532} INFO - Filling up the DagBag from /home/carlosfalcone/.local/lib/python3.7/site-packages/airflow/example_dags/example_params_ui_tutorial.py
[2024-03-20T22:08:50.991-0300] {processor.py:753} INFO - DAG(s) dict_keys(['example_params_ui_tutorial']) retrieved from /home/carlosfalcone/.local/lib/python3.7/site-packages/airflow/example_dags/example_params_ui_tutorial.py
[2024-03-20T22:08:51.085-0300] {logging_mixin.py:137} INFO - [2024-03-20T22:08:51.085-0300] {manager.py:504} INFO - Created Permission View: can delete on DAG:example_params_ui_tutorial
[2024-03-20T22:08:51.093-0300] {logging_mixin.py:137} INFO - [2024-03-20T22:08:51.093-0300] {manager.py:504} INFO - Created Permission View: can read on DAG:example_params_ui_tutorial
[2024-03-20T22:08:51.099-0300] {logging_mixin.py:137} INFO - [2024-03-20T22:08:51.099-0300] {manager.py:504} INFO - Created Permission View: can edit on DAG:example_params_ui_tutorial
[2024-03-20T22:08:51.099-0300] {logging_mixin.py:137} INFO - [2024-03-20T22:08:51.099-0300] {dag.py:2705} INFO - Sync 1 DAGs
[2024-03-20T22:08:51.108-0300] {logging_mixin.py:137} INFO - [2024-03-20T22:08:51.108-0300] {dag.py:2726} INFO - Creating ORM DAG for example_params_ui_tutorial
[2024-03-20T22:08:51.113-0300] {logging_mixin.py:137} INFO - [2024-03-20T22:08:51.113-0300] {dag.py:3456} INFO - Setting next_dagrun for example_params_ui_tutorial to None, run_after=None
[2024-03-20T22:08:51.129-0300] {processor.py:175} INFO - Processing /home/carlosfalcone/.local/lib/python3.7/site-packages/airflow/example_dags/example_params_ui_tutorial.py took 0.172 seconds
[2024-03-20T22:09:35.105-0300] {processor.py:153} INFO - Started process (PID=332) to work on /home/carlosfalcone/.local/lib/python3.7/site-packages/airflow/example_dags/example_params_ui_tutorial.py
[2024-03-20T22:09:35.106-0300] {processor.py:743} INFO - Processing file /home/carlosfalcone/.local/lib/python3.7/site-packages/airflow/example_dags/example_params_ui_tutorial.py for tasks to queue
[2024-03-20T22:09:35.106-0300] {logging_mixin.py:137} INFO - [2024-03-20T22:09:35.106-0300] {dagbag.py:532} INFO - Filling up the DagBag from /home/carlosfalcone/.local/lib/python3.7/site-packages/airflow/example_dags/example_params_ui_tutorial.py
[2024-03-20T22:09:35.138-0300] {processor.py:753} INFO - DAG(s) dict_keys(['example_params_ui_tutorial']) retrieved from /home/carlosfalcone/.local/lib/python3.7/site-packages/airflow/example_dags/example_params_ui_tutorial.py
[2024-03-20T22:09:35.175-0300] {logging_mixin.py:137} INFO - [2024-03-20T22:09:35.175-0300] {dag.py:2705} INFO - Sync 1 DAGs
[2024-03-20T22:09:35.189-0300] {logging_mixin.py:137} INFO - [2024-03-20T22:09:35.189-0300] {dag.py:3456} INFO - Setting next_dagrun for example_params_ui_tutorial to None, run_after=None
[2024-03-20T22:09:35.205-0300] {processor.py:175} INFO - Processing /home/carlosfalcone/.local/lib/python3.7/site-packages/airflow/example_dags/example_params_ui_tutorial.py took 0.102 seconds
[2024-03-20T22:10:12.014-0300] {processor.py:153} INFO - Started process (PID=551) to work on /home/carlosfalcone/.local/lib/python3.7/site-packages/airflow/example_dags/example_params_ui_tutorial.py
[2024-03-20T22:10:12.015-0300] {processor.py:743} INFO - Processing file /home/carlosfalcone/.local/lib/python3.7/site-packages/airflow/example_dags/example_params_ui_tutorial.py for tasks to queue
[2024-03-20T22:10:12.015-0300] {logging_mixin.py:137} INFO - [2024-03-20T22:10:12.015-0300] {dagbag.py:532} INFO - Filling up the DagBag from /home/carlosfalcone/.local/lib/python3.7/site-packages/airflow/example_dags/example_params_ui_tutorial.py
[2024-03-20T22:10:12.047-0300] {processor.py:753} INFO - DAG(s) dict_keys(['example_params_ui_tutorial']) retrieved from /home/carlosfalcone/.local/lib/python3.7/site-packages/airflow/example_dags/example_params_ui_tutorial.py
[2024-03-20T22:10:12.084-0300] {logging_mixin.py:137} INFO - [2024-03-20T22:10:12.084-0300] {dag.py:2705} INFO - Sync 1 DAGs
[2024-03-20T22:10:12.097-0300] {logging_mixin.py:137} INFO - [2024-03-20T22:10:12.097-0300] {dag.py:3456} INFO - Setting next_dagrun for example_params_ui_tutorial to None, run_after=None
[2024-03-20T22:10:12.114-0300] {processor.py:175} INFO - Processing /home/carlosfalcone/.local/lib/python3.7/site-packages/airflow/example_dags/example_params_ui_tutorial.py took 0.102 seconds
[2024-03-20T22:10:45.198-0300] {processor.py:153} INFO - Started process (PID=631) to work on /home/carlosfalcone/.local/lib/python3.7/site-packages/airflow/example_dags/example_params_ui_tutorial.py
[2024-03-20T22:10:45.199-0300] {processor.py:743} INFO - Processing file /home/carlosfalcone/.local/lib/python3.7/site-packages/airflow/example_dags/example_params_ui_tutorial.py for tasks to queue
[2024-03-20T22:10:45.199-0300] {logging_mixin.py:137} INFO - [2024-03-20T22:10:45.199-0300] {dagbag.py:532} INFO - Filling up the DagBag from /home/carlosfalcone/.local/lib/python3.7/site-packages/airflow/example_dags/example_params_ui_tutorial.py
[2024-03-20T22:10:45.230-0300] {processor.py:753} INFO - DAG(s) dict_keys(['example_params_ui_tutorial']) retrieved from /home/carlosfalcone/.local/lib/python3.7/site-packages/airflow/example_dags/example_params_ui_tutorial.py
[2024-03-20T22:10:45.269-0300] {logging_mixin.py:137} INFO - [2024-03-20T22:10:45.269-0300] {dag.py:2705} INFO - Sync 1 DAGs
[2024-03-20T22:10:45.283-0300] {logging_mixin.py:137} INFO - [2024-03-20T22:10:45.283-0300] {dag.py:3456} INFO - Setting next_dagrun for example_params_ui_tutorial to None, run_after=None
[2024-03-20T22:10:45.300-0300] {processor.py:175} INFO - Processing /home/carlosfalcone/.local/lib/python3.7/site-packages/airflow/example_dags/example_params_ui_tutorial.py took 0.103 seconds
[2024-03-20T22:11:21.067-0300] {processor.py:153} INFO - Started process (PID=723) to work on /home/carlosfalcone/.local/lib/python3.7/site-packages/airflow/example_dags/example_params_ui_tutorial.py
[2024-03-20T22:11:21.068-0300] {processor.py:743} INFO - Processing file /home/carlosfalcone/.local/lib/python3.7/site-packages/airflow/example_dags/example_params_ui_tutorial.py for tasks to queue
[2024-03-20T22:11:21.069-0300] {logging_mixin.py:137} INFO - [2024-03-20T22:11:21.069-0300] {dagbag.py:532} INFO - Filling up the DagBag from /home/carlosfalcone/.local/lib/python3.7/site-packages/airflow/example_dags/example_params_ui_tutorial.py
[2024-03-20T22:11:21.101-0300] {processor.py:753} INFO - DAG(s) dict_keys(['example_params_ui_tutorial']) retrieved from /home/carlosfalcone/.local/lib/python3.7/site-packages/airflow/example_dags/example_params_ui_tutorial.py
[2024-03-20T22:11:21.139-0300] {logging_mixin.py:137} INFO - [2024-03-20T22:11:21.139-0300] {dag.py:2705} INFO - Sync 1 DAGs
[2024-03-20T22:11:21.153-0300] {logging_mixin.py:137} INFO - [2024-03-20T22:11:21.153-0300] {dag.py:3456} INFO - Setting next_dagrun for example_params_ui_tutorial to None, run_after=None
[2024-03-20T22:11:21.170-0300] {processor.py:175} INFO - Processing /home/carlosfalcone/.local/lib/python3.7/site-packages/airflow/example_dags/example_params_ui_tutorial.py took 0.104 seconds
[2024-03-20T22:11:55.893-0300] {processor.py:153} INFO - Started process (PID=804) to work on /home/carlosfalcone/.local/lib/python3.7/site-packages/airflow/example_dags/example_params_ui_tutorial.py
[2024-03-20T22:11:55.894-0300] {processor.py:743} INFO - Processing file /home/carlosfalcone/.local/lib/python3.7/site-packages/airflow/example_dags/example_params_ui_tutorial.py for tasks to queue
[2024-03-20T22:11:55.894-0300] {logging_mixin.py:137} INFO - [2024-03-20T22:11:55.894-0300] {dagbag.py:532} INFO - Filling up the DagBag from /home/carlosfalcone/.local/lib/python3.7/site-packages/airflow/example_dags/example_params_ui_tutorial.py
[2024-03-20T22:11:55.931-0300] {processor.py:753} INFO - DAG(s) dict_keys(['example_params_ui_tutorial']) retrieved from /home/carlosfalcone/.local/lib/python3.7/site-packages/airflow/example_dags/example_params_ui_tutorial.py
[2024-03-20T22:11:55.969-0300] {logging_mixin.py:137} INFO - [2024-03-20T22:11:55.969-0300] {dag.py:2705} INFO - Sync 1 DAGs
[2024-03-20T22:11:55.983-0300] {logging_mixin.py:137} INFO - [2024-03-20T22:11:55.983-0300] {dag.py:3456} INFO - Setting next_dagrun for example_params_ui_tutorial to None, run_after=None
[2024-03-20T22:11:56.000-0300] {processor.py:175} INFO - Processing /home/carlosfalcone/.local/lib/python3.7/site-packages/airflow/example_dags/example_params_ui_tutorial.py took 0.109 seconds
[2024-03-20T22:12:34.198-0300] {processor.py:153} INFO - Started process (PID=903) to work on /home/carlosfalcone/.local/lib/python3.7/site-packages/airflow/example_dags/example_params_ui_tutorial.py
[2024-03-20T22:12:34.199-0300] {processor.py:743} INFO - Processing file /home/carlosfalcone/.local/lib/python3.7/site-packages/airflow/example_dags/example_params_ui_tutorial.py for tasks to queue
[2024-03-20T22:12:34.200-0300] {logging_mixin.py:137} INFO - [2024-03-20T22:12:34.200-0300] {dagbag.py:532} INFO - Filling up the DagBag from /home/carlosfalcone/.local/lib/python3.7/site-packages/airflow/example_dags/example_params_ui_tutorial.py
[2024-03-20T22:12:34.231-0300] {processor.py:753} INFO - DAG(s) dict_keys(['example_params_ui_tutorial']) retrieved from /home/carlosfalcone/.local/lib/python3.7/site-packages/airflow/example_dags/example_params_ui_tutorial.py
[2024-03-20T22:12:34.270-0300] {logging_mixin.py:137} INFO - [2024-03-20T22:12:34.270-0300] {dag.py:2705} INFO - Sync 1 DAGs
[2024-03-20T22:12:34.284-0300] {logging_mixin.py:137} INFO - [2024-03-20T22:12:34.284-0300] {dag.py:3456} INFO - Setting next_dagrun for example_params_ui_tutorial to None, run_after=None
[2024-03-20T22:12:34.302-0300] {processor.py:175} INFO - Processing /home/carlosfalcone/.local/lib/python3.7/site-packages/airflow/example_dags/example_params_ui_tutorial.py took 0.105 seconds
[2024-03-20T22:13:15.794-0300] {processor.py:153} INFO - Started process (PID=1005) to work on /home/carlosfalcone/.local/lib/python3.7/site-packages/airflow/example_dags/example_params_ui_tutorial.py
[2024-03-20T22:13:15.795-0300] {processor.py:743} INFO - Processing file /home/carlosfalcone/.local/lib/python3.7/site-packages/airflow/example_dags/example_params_ui_tutorial.py for tasks to queue
[2024-03-20T22:13:15.795-0300] {logging_mixin.py:137} INFO - [2024-03-20T22:13:15.795-0300] {dagbag.py:532} INFO - Filling up the DagBag from /home/carlosfalcone/.local/lib/python3.7/site-packages/airflow/example_dags/example_params_ui_tutorial.py
[2024-03-20T22:13:15.827-0300] {processor.py:753} INFO - DAG(s) dict_keys(['example_params_ui_tutorial']) retrieved from /home/carlosfalcone/.local/lib/python3.7/site-packages/airflow/example_dags/example_params_ui_tutorial.py
[2024-03-20T22:13:15.866-0300] {logging_mixin.py:137} INFO - [2024-03-20T22:13:15.866-0300] {dag.py:2705} INFO - Sync 1 DAGs
[2024-03-20T22:13:15.881-0300] {logging_mixin.py:137} INFO - [2024-03-20T22:13:15.880-0300] {dag.py:3456} INFO - Setting next_dagrun for example_params_ui_tutorial to None, run_after=None
[2024-03-20T22:13:15.895-0300] {processor.py:175} INFO - Processing /home/carlosfalcone/.local/lib/python3.7/site-packages/airflow/example_dags/example_params_ui_tutorial.py took 0.103 seconds
[2024-03-20T22:13:49.648-0300] {processor.py:153} INFO - Started process (PID=1091) to work on /home/carlosfalcone/.local/lib/python3.7/site-packages/airflow/example_dags/example_params_ui_tutorial.py
[2024-03-20T22:13:49.649-0300] {processor.py:743} INFO - Processing file /home/carlosfalcone/.local/lib/python3.7/site-packages/airflow/example_dags/example_params_ui_tutorial.py for tasks to queue
[2024-03-20T22:13:49.649-0300] {logging_mixin.py:137} INFO - [2024-03-20T22:13:49.649-0300] {dagbag.py:532} INFO - Filling up the DagBag from /home/carlosfalcone/.local/lib/python3.7/site-packages/airflow/example_dags/example_params_ui_tutorial.py
[2024-03-20T22:13:49.680-0300] {processor.py:753} INFO - DAG(s) dict_keys(['example_params_ui_tutorial']) retrieved from /home/carlosfalcone/.local/lib/python3.7/site-packages/airflow/example_dags/example_params_ui_tutorial.py
[2024-03-20T22:13:49.719-0300] {logging_mixin.py:137} INFO - [2024-03-20T22:13:49.719-0300] {dag.py:2705} INFO - Sync 1 DAGs
[2024-03-20T22:13:49.733-0300] {logging_mixin.py:137} INFO - [2024-03-20T22:13:49.733-0300] {dag.py:3456} INFO - Setting next_dagrun for example_params_ui_tutorial to None, run_after=None
[2024-03-20T22:13:49.750-0300] {processor.py:175} INFO - Processing /home/carlosfalcone/.local/lib/python3.7/site-packages/airflow/example_dags/example_params_ui_tutorial.py took 0.104 seconds
[2024-03-20T22:14:24.539-0300] {processor.py:153} INFO - Started process (PID=1129) to work on /home/carlosfalcone/.local/lib/python3.7/site-packages/airflow/example_dags/example_params_ui_tutorial.py
[2024-03-20T22:14:24.540-0300] {processor.py:743} INFO - Processing file /home/carlosfalcone/.local/lib/python3.7/site-packages/airflow/example_dags/example_params_ui_tutorial.py for tasks to queue
[2024-03-20T22:14:24.540-0300] {logging_mixin.py:137} INFO - [2024-03-20T22:14:24.540-0300] {dagbag.py:532} INFO - Filling up the DagBag from /home/carlosfalcone/.local/lib/python3.7/site-packages/airflow/example_dags/example_params_ui_tutorial.py
[2024-03-20T22:14:24.571-0300] {processor.py:753} INFO - DAG(s) dict_keys(['example_params_ui_tutorial']) retrieved from /home/carlosfalcone/.local/lib/python3.7/site-packages/airflow/example_dags/example_params_ui_tutorial.py
[2024-03-20T22:14:24.609-0300] {logging_mixin.py:137} INFO - [2024-03-20T22:14:24.609-0300] {dag.py:2705} INFO - Sync 1 DAGs
[2024-03-20T22:14:24.623-0300] {logging_mixin.py:137} INFO - [2024-03-20T22:14:24.623-0300] {dag.py:3456} INFO - Setting next_dagrun for example_params_ui_tutorial to None, run_after=None
[2024-03-20T22:14:24.640-0300] {processor.py:175} INFO - Processing /home/carlosfalcone/.local/lib/python3.7/site-packages/airflow/example_dags/example_params_ui_tutorial.py took 0.103 seconds
[2024-03-20T22:15:04.488-0300] {processor.py:153} INFO - Started process (PID=1207) to work on /home/carlosfalcone/.local/lib/python3.7/site-packages/airflow/example_dags/example_params_ui_tutorial.py
[2024-03-20T22:15:04.489-0300] {processor.py:743} INFO - Processing file /home/carlosfalcone/.local/lib/python3.7/site-packages/airflow/example_dags/example_params_ui_tutorial.py for tasks to queue
[2024-03-20T22:15:04.490-0300] {logging_mixin.py:137} INFO - [2024-03-20T22:15:04.490-0300] {dagbag.py:532} INFO - Filling up the DagBag from /home/carlosfalcone/.local/lib/python3.7/site-packages/airflow/example_dags/example_params_ui_tutorial.py
[2024-03-20T22:15:04.521-0300] {processor.py:753} INFO - DAG(s) dict_keys(['example_params_ui_tutorial']) retrieved from /home/carlosfalcone/.local/lib/python3.7/site-packages/airflow/example_dags/example_params_ui_tutorial.py
[2024-03-20T22:15:04.558-0300] {logging_mixin.py:137} INFO - [2024-03-20T22:15:04.558-0300] {dag.py:2705} INFO - Sync 1 DAGs
[2024-03-20T22:15:04.572-0300] {logging_mixin.py:137} INFO - [2024-03-20T22:15:04.572-0300] {dag.py:3456} INFO - Setting next_dagrun for example_params_ui_tutorial to None, run_after=None
[2024-03-20T22:15:04.590-0300] {processor.py:175} INFO - Processing /home/carlosfalcone/.local/lib/python3.7/site-packages/airflow/example_dags/example_params_ui_tutorial.py took 0.103 seconds
[2024-03-20T22:15:41.567-0300] {processor.py:153} INFO - Started process (PID=1297) to work on /home/carlosfalcone/.local/lib/python3.7/site-packages/airflow/example_dags/example_params_ui_tutorial.py
[2024-03-20T22:15:41.568-0300] {processor.py:743} INFO - Processing file /home/carlosfalcone/.local/lib/python3.7/site-packages/airflow/example_dags/example_params_ui_tutorial.py for tasks to queue
[2024-03-20T22:15:41.569-0300] {logging_mixin.py:137} INFO - [2024-03-20T22:15:41.569-0300] {dagbag.py:532} INFO - Filling up the DagBag from /home/carlosfalcone/.local/lib/python3.7/site-packages/airflow/example_dags/example_params_ui_tutorial.py
[2024-03-20T22:15:41.601-0300] {processor.py:753} INFO - DAG(s) dict_keys(['example_params_ui_tutorial']) retrieved from /home/carlosfalcone/.local/lib/python3.7/site-packages/airflow/example_dags/example_params_ui_tutorial.py
[2024-03-20T22:15:41.642-0300] {logging_mixin.py:137} INFO - [2024-03-20T22:15:41.642-0300] {dag.py:2705} INFO - Sync 1 DAGs
[2024-03-20T22:15:41.657-0300] {logging_mixin.py:137} INFO - [2024-03-20T22:15:41.657-0300] {dag.py:3456} INFO - Setting next_dagrun for example_params_ui_tutorial to None, run_after=None
[2024-03-20T22:15:41.673-0300] {processor.py:175} INFO - Processing /home/carlosfalcone/.local/lib/python3.7/site-packages/airflow/example_dags/example_params_ui_tutorial.py took 0.108 seconds
[2024-03-20T22:16:15.771-0300] {processor.py:153} INFO - Started process (PID=1388) to work on /home/carlosfalcone/.local/lib/python3.7/site-packages/airflow/example_dags/example_params_ui_tutorial.py
[2024-03-20T22:16:15.772-0300] {processor.py:743} INFO - Processing file /home/carlosfalcone/.local/lib/python3.7/site-packages/airflow/example_dags/example_params_ui_tutorial.py for tasks to queue
[2024-03-20T22:16:15.772-0300] {logging_mixin.py:137} INFO - [2024-03-20T22:16:15.772-0300] {dagbag.py:532} INFO - Filling up the DagBag from /home/carlosfalcone/.local/lib/python3.7/site-packages/airflow/example_dags/example_params_ui_tutorial.py
[2024-03-20T22:16:15.805-0300] {processor.py:753} INFO - DAG(s) dict_keys(['example_params_ui_tutorial']) retrieved from /home/carlosfalcone/.local/lib/python3.7/site-packages/airflow/example_dags/example_params_ui_tutorial.py
[2024-03-20T22:16:15.848-0300] {logging_mixin.py:137} INFO - [2024-03-20T22:16:15.848-0300] {dag.py:2705} INFO - Sync 1 DAGs
[2024-03-20T22:16:15.863-0300] {logging_mixin.py:137} INFO - [2024-03-20T22:16:15.862-0300] {dag.py:3456} INFO - Setting next_dagrun for example_params_ui_tutorial to None, run_after=None
[2024-03-20T22:16:15.878-0300] {processor.py:175} INFO - Processing /home/carlosfalcone/.local/lib/python3.7/site-packages/airflow/example_dags/example_params_ui_tutorial.py took 0.109 seconds
[2024-03-20T22:16:50.464-0300] {processor.py:153} INFO - Started process (PID=1482) to work on /home/carlosfalcone/.local/lib/python3.7/site-packages/airflow/example_dags/example_params_ui_tutorial.py
[2024-03-20T22:16:50.465-0300] {processor.py:743} INFO - Processing file /home/carlosfalcone/.local/lib/python3.7/site-packages/airflow/example_dags/example_params_ui_tutorial.py for tasks to queue
[2024-03-20T22:16:50.465-0300] {logging_mixin.py:137} INFO - [2024-03-20T22:16:50.465-0300] {dagbag.py:532} INFO - Filling up the DagBag from /home/carlosfalcone/.local/lib/python3.7/site-packages/airflow/example_dags/example_params_ui_tutorial.py
[2024-03-20T22:16:50.498-0300] {processor.py:753} INFO - DAG(s) dict_keys(['example_params_ui_tutorial']) retrieved from /home/carlosfalcone/.local/lib/python3.7/site-packages/airflow/example_dags/example_params_ui_tutorial.py
[2024-03-20T22:16:50.539-0300] {logging_mixin.py:137} INFO - [2024-03-20T22:16:50.538-0300] {dag.py:2705} INFO - Sync 1 DAGs
[2024-03-20T22:16:50.553-0300] {logging_mixin.py:137} INFO - [2024-03-20T22:16:50.553-0300] {dag.py:3456} INFO - Setting next_dagrun for example_params_ui_tutorial to None, run_after=None
[2024-03-20T22:16:50.568-0300] {processor.py:175} INFO - Processing /home/carlosfalcone/.local/lib/python3.7/site-packages/airflow/example_dags/example_params_ui_tutorial.py took 0.107 seconds
[2024-03-20T22:17:26.898-0300] {processor.py:153} INFO - Started process (PID=1573) to work on /home/carlosfalcone/.local/lib/python3.7/site-packages/airflow/example_dags/example_params_ui_tutorial.py
[2024-03-20T22:17:26.899-0300] {processor.py:743} INFO - Processing file /home/carlosfalcone/.local/lib/python3.7/site-packages/airflow/example_dags/example_params_ui_tutorial.py for tasks to queue
[2024-03-20T22:17:26.899-0300] {logging_mixin.py:137} INFO - [2024-03-20T22:17:26.899-0300] {dagbag.py:532} INFO - Filling up the DagBag from /home/carlosfalcone/.local/lib/python3.7/site-packages/airflow/example_dags/example_params_ui_tutorial.py
[2024-03-20T22:17:26.930-0300] {processor.py:753} INFO - DAG(s) dict_keys(['example_params_ui_tutorial']) retrieved from /home/carlosfalcone/.local/lib/python3.7/site-packages/airflow/example_dags/example_params_ui_tutorial.py
[2024-03-20T22:17:26.968-0300] {logging_mixin.py:137} INFO - [2024-03-20T22:17:26.968-0300] {dag.py:2705} INFO - Sync 1 DAGs
[2024-03-20T22:17:26.982-0300] {logging_mixin.py:137} INFO - [2024-03-20T22:17:26.981-0300] {dag.py:3456} INFO - Setting next_dagrun for example_params_ui_tutorial to None, run_after=None
[2024-03-20T22:17:26.998-0300] {processor.py:175} INFO - Processing /home/carlosfalcone/.local/lib/python3.7/site-packages/airflow/example_dags/example_params_ui_tutorial.py took 0.102 seconds
[2024-03-20T22:18:02.824-0300] {processor.py:153} INFO - Started process (PID=1667) to work on /home/carlosfalcone/.local/lib/python3.7/site-packages/airflow/example_dags/example_params_ui_tutorial.py
[2024-03-20T22:18:02.825-0300] {processor.py:743} INFO - Processing file /home/carlosfalcone/.local/lib/python3.7/site-packages/airflow/example_dags/example_params_ui_tutorial.py for tasks to queue
[2024-03-20T22:18:02.826-0300] {logging_mixin.py:137} INFO - [2024-03-20T22:18:02.825-0300] {dagbag.py:532} INFO - Filling up the DagBag from /home/carlosfalcone/.local/lib/python3.7/site-packages/airflow/example_dags/example_params_ui_tutorial.py
[2024-03-20T22:18:02.857-0300] {processor.py:753} INFO - DAG(s) dict_keys(['example_params_ui_tutorial']) retrieved from /home/carlosfalcone/.local/lib/python3.7/site-packages/airflow/example_dags/example_params_ui_tutorial.py
[2024-03-20T22:18:02.896-0300] {logging_mixin.py:137} INFO - [2024-03-20T22:18:02.896-0300] {dag.py:2705} INFO - Sync 1 DAGs
[2024-03-20T22:18:02.910-0300] {logging_mixin.py:137} INFO - [2024-03-20T22:18:02.909-0300] {dag.py:3456} INFO - Setting next_dagrun for example_params_ui_tutorial to None, run_after=None
[2024-03-20T22:18:02.926-0300] {processor.py:175} INFO - Processing /home/carlosfalcone/.local/lib/python3.7/site-packages/airflow/example_dags/example_params_ui_tutorial.py took 0.104 seconds
[2024-03-21T11:23:25.983-0300] {processor.py:153} INFO - Started process (PID=56) to work on /home/carlosfalcone/.local/lib/python3.7/site-packages/airflow/example_dags/example_params_ui_tutorial.py
[2024-03-21T11:23:25.985-0300] {processor.py:743} INFO - Processing file /home/carlosfalcone/.local/lib/python3.7/site-packages/airflow/example_dags/example_params_ui_tutorial.py for tasks to queue
[2024-03-21T11:23:25.985-0300] {logging_mixin.py:137} INFO - [2024-03-21T11:23:25.985-0300] {dagbag.py:532} INFO - Filling up the DagBag from /home/carlosfalcone/.local/lib/python3.7/site-packages/airflow/example_dags/example_params_ui_tutorial.py
[2024-03-21T11:23:26.017-0300] {processor.py:753} INFO - DAG(s) dict_keys(['example_params_ui_tutorial']) retrieved from /home/carlosfalcone/.local/lib/python3.7/site-packages/airflow/example_dags/example_params_ui_tutorial.py
[2024-03-21T11:23:26.078-0300] {logging_mixin.py:137} INFO - [2024-03-21T11:23:26.078-0300] {dag.py:2705} INFO - Sync 1 DAGs
[2024-03-21T11:23:26.091-0300] {logging_mixin.py:137} INFO - [2024-03-21T11:23:26.091-0300] {dag.py:3456} INFO - Setting next_dagrun for example_params_ui_tutorial to None, run_after=None
[2024-03-21T11:23:26.107-0300] {processor.py:175} INFO - Processing /home/carlosfalcone/.local/lib/python3.7/site-packages/airflow/example_dags/example_params_ui_tutorial.py took 0.125 seconds
[2024-03-21T11:24:05.250-0300] {processor.py:153} INFO - Started process (PID=281) to work on /home/carlosfalcone/.local/lib/python3.7/site-packages/airflow/example_dags/example_params_ui_tutorial.py
[2024-03-21T11:24:05.251-0300] {processor.py:743} INFO - Processing file /home/carlosfalcone/.local/lib/python3.7/site-packages/airflow/example_dags/example_params_ui_tutorial.py for tasks to queue
[2024-03-21T11:24:05.251-0300] {logging_mixin.py:137} INFO - [2024-03-21T11:24:05.251-0300] {dagbag.py:532} INFO - Filling up the DagBag from /home/carlosfalcone/.local/lib/python3.7/site-packages/airflow/example_dags/example_params_ui_tutorial.py
[2024-03-21T11:24:05.285-0300] {processor.py:753} INFO - DAG(s) dict_keys(['example_params_ui_tutorial']) retrieved from /home/carlosfalcone/.local/lib/python3.7/site-packages/airflow/example_dags/example_params_ui_tutorial.py
[2024-03-21T11:24:05.324-0300] {logging_mixin.py:137} INFO - [2024-03-21T11:24:05.324-0300] {dag.py:2705} INFO - Sync 1 DAGs
[2024-03-21T11:24:05.339-0300] {logging_mixin.py:137} INFO - [2024-03-21T11:24:05.339-0300] {dag.py:3456} INFO - Setting next_dagrun for example_params_ui_tutorial to None, run_after=None
[2024-03-21T11:24:05.354-0300] {processor.py:175} INFO - Processing /home/carlosfalcone/.local/lib/python3.7/site-packages/airflow/example_dags/example_params_ui_tutorial.py took 0.106 seconds
[2024-03-21T11:24:42.764-0300] {processor.py:153} INFO - Started process (PID=376) to work on /home/carlosfalcone/.local/lib/python3.7/site-packages/airflow/example_dags/example_params_ui_tutorial.py
[2024-03-21T11:24:42.765-0300] {processor.py:743} INFO - Processing file /home/carlosfalcone/.local/lib/python3.7/site-packages/airflow/example_dags/example_params_ui_tutorial.py for tasks to queue
[2024-03-21T11:24:42.765-0300] {logging_mixin.py:137} INFO - [2024-03-21T11:24:42.765-0300] {dagbag.py:532} INFO - Filling up the DagBag from /home/carlosfalcone/.local/lib/python3.7/site-packages/airflow/example_dags/example_params_ui_tutorial.py
[2024-03-21T11:24:42.804-0300] {processor.py:753} INFO - DAG(s) dict_keys(['example_params_ui_tutorial']) retrieved from /home/carlosfalcone/.local/lib/python3.7/site-packages/airflow/example_dags/example_params_ui_tutorial.py
[2024-03-21T11:24:42.843-0300] {logging_mixin.py:137} INFO - [2024-03-21T11:24:42.843-0300] {dag.py:2705} INFO - Sync 1 DAGs
[2024-03-21T11:24:42.857-0300] {logging_mixin.py:137} INFO - [2024-03-21T11:24:42.857-0300] {dag.py:3456} INFO - Setting next_dagrun for example_params_ui_tutorial to None, run_after=None
[2024-03-21T11:24:42.873-0300] {processor.py:175} INFO - Processing /home/carlosfalcone/.local/lib/python3.7/site-packages/airflow/example_dags/example_params_ui_tutorial.py took 0.111 seconds
