[2024-03-20T22:09:04.877-0300] {processor.py:153} INFO - Started process (PID=292) to work on /home/carlosfalcone/.local/lib/python3.7/site-packages/airflow/example_dags/example_sensor_decorator.py
[2024-03-20T22:09:04.877-0300] {processor.py:743} INFO - Processing file /home/carlosfalcone/.local/lib/python3.7/site-packages/airflow/example_dags/example_sensor_decorator.py for tasks to queue
[2024-03-20T22:09:04.877-0300] {logging_mixin.py:137} INFO - [2024-03-20T22:09:04.877-0300] {dagbag.py:532} INFO - Filling up the DagBag from /home/carlosfalcone/.local/lib/python3.7/site-packages/airflow/example_dags/example_sensor_decorator.py
[2024-03-20T22:09:04.890-0300] {processor.py:753} INFO - DAG(s) dict_keys(['example_sensor_decorator']) retrieved from /home/carlosfalcone/.local/lib/python3.7/site-packages/airflow/example_dags/example_sensor_decorator.py
[2024-03-20T22:09:04.957-0300] {logging_mixin.py:137} INFO - [2024-03-20T22:09:04.957-0300] {manager.py:504} INFO - Created Permission View: can delete on DAG:example_sensor_decorator
[2024-03-20T22:09:04.966-0300] {logging_mixin.py:137} INFO - [2024-03-20T22:09:04.966-0300] {manager.py:504} INFO - Created Permission View: can read on DAG:example_sensor_decorator
[2024-03-20T22:09:04.973-0300] {logging_mixin.py:137} INFO - [2024-03-20T22:09:04.973-0300] {manager.py:504} INFO - Created Permission View: can edit on DAG:example_sensor_decorator
[2024-03-20T22:09:04.973-0300] {logging_mixin.py:137} INFO - [2024-03-20T22:09:04.973-0300] {dag.py:2705} INFO - Sync 1 DAGs
[2024-03-20T22:09:04.981-0300] {logging_mixin.py:137} INFO - [2024-03-20T22:09:04.981-0300] {dag.py:2726} INFO - Creating ORM DAG for example_sensor_decorator
[2024-03-20T22:09:04.986-0300] {logging_mixin.py:137} INFO - [2024-03-20T22:09:04.986-0300] {dag.py:3456} INFO - Setting next_dagrun for example_sensor_decorator to None, run_after=None
[2024-03-20T22:09:05.004-0300] {processor.py:175} INFO - Processing /home/carlosfalcone/.local/lib/python3.7/site-packages/airflow/example_dags/example_sensor_decorator.py took 0.129 seconds
[2024-03-20T22:09:48.661-0300] {processor.py:153} INFO - Started process (PID=345) to work on /home/carlosfalcone/.local/lib/python3.7/site-packages/airflow/example_dags/example_sensor_decorator.py
[2024-03-20T22:09:48.662-0300] {processor.py:743} INFO - Processing file /home/carlosfalcone/.local/lib/python3.7/site-packages/airflow/example_dags/example_sensor_decorator.py for tasks to queue
[2024-03-20T22:09:48.663-0300] {logging_mixin.py:137} INFO - [2024-03-20T22:09:48.663-0300] {dagbag.py:532} INFO - Filling up the DagBag from /home/carlosfalcone/.local/lib/python3.7/site-packages/airflow/example_dags/example_sensor_decorator.py
[2024-03-20T22:09:48.676-0300] {processor.py:753} INFO - DAG(s) dict_keys(['example_sensor_decorator']) retrieved from /home/carlosfalcone/.local/lib/python3.7/site-packages/airflow/example_dags/example_sensor_decorator.py
[2024-03-20T22:09:48.687-0300] {logging_mixin.py:137} INFO - [2024-03-20T22:09:48.687-0300] {dag.py:2705} INFO - Sync 1 DAGs
[2024-03-20T22:09:48.701-0300] {logging_mixin.py:137} INFO - [2024-03-20T22:09:48.701-0300] {dag.py:3456} INFO - Setting next_dagrun for example_sensor_decorator to None, run_after=None
[2024-03-20T22:09:48.717-0300] {processor.py:175} INFO - Processing /home/carlosfalcone/.local/lib/python3.7/site-packages/airflow/example_dags/example_sensor_decorator.py took 0.058 seconds
[2024-03-20T22:10:28.661-0300] {processor.py:153} INFO - Started process (PID=591) to work on /home/carlosfalcone/.local/lib/python3.7/site-packages/airflow/example_dags/example_sensor_decorator.py
[2024-03-20T22:10:28.662-0300] {processor.py:743} INFO - Processing file /home/carlosfalcone/.local/lib/python3.7/site-packages/airflow/example_dags/example_sensor_decorator.py for tasks to queue
[2024-03-20T22:10:28.662-0300] {logging_mixin.py:137} INFO - [2024-03-20T22:10:28.662-0300] {dagbag.py:532} INFO - Filling up the DagBag from /home/carlosfalcone/.local/lib/python3.7/site-packages/airflow/example_dags/example_sensor_decorator.py
[2024-03-20T22:10:28.676-0300] {processor.py:753} INFO - DAG(s) dict_keys(['example_sensor_decorator']) retrieved from /home/carlosfalcone/.local/lib/python3.7/site-packages/airflow/example_dags/example_sensor_decorator.py
[2024-03-20T22:10:28.687-0300] {logging_mixin.py:137} INFO - [2024-03-20T22:10:28.686-0300] {dag.py:2705} INFO - Sync 1 DAGs
[2024-03-20T22:10:28.701-0300] {logging_mixin.py:137} INFO - [2024-03-20T22:10:28.701-0300] {dag.py:3456} INFO - Setting next_dagrun for example_sensor_decorator to None, run_after=None
[2024-03-20T22:10:28.716-0300] {processor.py:175} INFO - Processing /home/carlosfalcone/.local/lib/python3.7/site-packages/airflow/example_dags/example_sensor_decorator.py took 0.056 seconds
[2024-03-20T22:11:09.669-0300] {processor.py:153} INFO - Started process (PID=693) to work on /home/carlosfalcone/.local/lib/python3.7/site-packages/airflow/example_dags/example_sensor_decorator.py
[2024-03-20T22:11:09.670-0300] {processor.py:743} INFO - Processing file /home/carlosfalcone/.local/lib/python3.7/site-packages/airflow/example_dags/example_sensor_decorator.py for tasks to queue
[2024-03-20T22:11:09.671-0300] {logging_mixin.py:137} INFO - [2024-03-20T22:11:09.671-0300] {dagbag.py:532} INFO - Filling up the DagBag from /home/carlosfalcone/.local/lib/python3.7/site-packages/airflow/example_dags/example_sensor_decorator.py
[2024-03-20T22:11:09.684-0300] {processor.py:753} INFO - DAG(s) dict_keys(['example_sensor_decorator']) retrieved from /home/carlosfalcone/.local/lib/python3.7/site-packages/airflow/example_dags/example_sensor_decorator.py
[2024-03-20T22:11:09.695-0300] {logging_mixin.py:137} INFO - [2024-03-20T22:11:09.695-0300] {dag.py:2705} INFO - Sync 1 DAGs
[2024-03-20T22:11:09.711-0300] {logging_mixin.py:137} INFO - [2024-03-20T22:11:09.710-0300] {dag.py:3456} INFO - Setting next_dagrun for example_sensor_decorator to None, run_after=None
[2024-03-20T22:11:09.725-0300] {processor.py:175} INFO - Processing /home/carlosfalcone/.local/lib/python3.7/site-packages/airflow/example_dags/example_sensor_decorator.py took 0.057 seconds
[2024-03-20T22:11:48.997-0300] {processor.py:153} INFO - Started process (PID=784) to work on /home/carlosfalcone/.local/lib/python3.7/site-packages/airflow/example_dags/example_sensor_decorator.py
[2024-03-20T22:11:48.998-0300] {processor.py:743} INFO - Processing file /home/carlosfalcone/.local/lib/python3.7/site-packages/airflow/example_dags/example_sensor_decorator.py for tasks to queue
[2024-03-20T22:11:48.998-0300] {logging_mixin.py:137} INFO - [2024-03-20T22:11:48.998-0300] {dagbag.py:532} INFO - Filling up the DagBag from /home/carlosfalcone/.local/lib/python3.7/site-packages/airflow/example_dags/example_sensor_decorator.py
[2024-03-20T22:11:49.011-0300] {processor.py:753} INFO - DAG(s) dict_keys(['example_sensor_decorator']) retrieved from /home/carlosfalcone/.local/lib/python3.7/site-packages/airflow/example_dags/example_sensor_decorator.py
[2024-03-20T22:11:49.022-0300] {logging_mixin.py:137} INFO - [2024-03-20T22:11:49.021-0300] {dag.py:2705} INFO - Sync 1 DAGs
[2024-03-20T22:11:49.035-0300] {logging_mixin.py:137} INFO - [2024-03-20T22:11:49.035-0300] {dag.py:3456} INFO - Setting next_dagrun for example_sensor_decorator to None, run_after=None
[2024-03-20T22:11:49.050-0300] {processor.py:175} INFO - Processing /home/carlosfalcone/.local/lib/python3.7/site-packages/airflow/example_dags/example_sensor_decorator.py took 0.054 seconds
[2024-03-20T22:12:27.747-0300] {processor.py:153} INFO - Started process (PID=884) to work on /home/carlosfalcone/.local/lib/python3.7/site-packages/airflow/example_dags/example_sensor_decorator.py
[2024-03-20T22:12:27.748-0300] {processor.py:743} INFO - Processing file /home/carlosfalcone/.local/lib/python3.7/site-packages/airflow/example_dags/example_sensor_decorator.py for tasks to queue
[2024-03-20T22:12:27.749-0300] {logging_mixin.py:137} INFO - [2024-03-20T22:12:27.749-0300] {dagbag.py:532} INFO - Filling up the DagBag from /home/carlosfalcone/.local/lib/python3.7/site-packages/airflow/example_dags/example_sensor_decorator.py
[2024-03-20T22:12:27.761-0300] {processor.py:753} INFO - DAG(s) dict_keys(['example_sensor_decorator']) retrieved from /home/carlosfalcone/.local/lib/python3.7/site-packages/airflow/example_dags/example_sensor_decorator.py
[2024-03-20T22:12:27.772-0300] {logging_mixin.py:137} INFO - [2024-03-20T22:12:27.772-0300] {dag.py:2705} INFO - Sync 1 DAGs
[2024-03-20T22:12:27.786-0300] {logging_mixin.py:137} INFO - [2024-03-20T22:12:27.785-0300] {dag.py:3456} INFO - Setting next_dagrun for example_sensor_decorator to None, run_after=None
[2024-03-20T22:12:27.802-0300] {processor.py:175} INFO - Processing /home/carlosfalcone/.local/lib/python3.7/site-packages/airflow/example_dags/example_sensor_decorator.py took 0.057 seconds
[2024-03-20T22:13:05.665-0300] {processor.py:153} INFO - Started process (PID=980) to work on /home/carlosfalcone/.local/lib/python3.7/site-packages/airflow/example_dags/example_sensor_decorator.py
[2024-03-20T22:13:05.666-0300] {processor.py:743} INFO - Processing file /home/carlosfalcone/.local/lib/python3.7/site-packages/airflow/example_dags/example_sensor_decorator.py for tasks to queue
[2024-03-20T22:13:05.667-0300] {logging_mixin.py:137} INFO - [2024-03-20T22:13:05.666-0300] {dagbag.py:532} INFO - Filling up the DagBag from /home/carlosfalcone/.local/lib/python3.7/site-packages/airflow/example_dags/example_sensor_decorator.py
[2024-03-20T22:13:05.679-0300] {processor.py:753} INFO - DAG(s) dict_keys(['example_sensor_decorator']) retrieved from /home/carlosfalcone/.local/lib/python3.7/site-packages/airflow/example_dags/example_sensor_decorator.py
[2024-03-20T22:13:05.690-0300] {logging_mixin.py:137} INFO - [2024-03-20T22:13:05.690-0300] {dag.py:2705} INFO - Sync 1 DAGs
[2024-03-20T22:13:05.703-0300] {logging_mixin.py:137} INFO - [2024-03-20T22:13:05.703-0300] {dag.py:3456} INFO - Setting next_dagrun for example_sensor_decorator to None, run_after=None
[2024-03-20T22:13:05.720-0300] {processor.py:175} INFO - Processing /home/carlosfalcone/.local/lib/python3.7/site-packages/airflow/example_dags/example_sensor_decorator.py took 0.056 seconds
[2024-03-20T22:13:40.714-0300] {processor.py:153} INFO - Started process (PID=1071) to work on /home/carlosfalcone/.local/lib/python3.7/site-packages/airflow/example_dags/example_sensor_decorator.py
[2024-03-20T22:13:40.716-0300] {processor.py:743} INFO - Processing file /home/carlosfalcone/.local/lib/python3.7/site-packages/airflow/example_dags/example_sensor_decorator.py for tasks to queue
[2024-03-20T22:13:40.716-0300] {logging_mixin.py:137} INFO - [2024-03-20T22:13:40.716-0300] {dagbag.py:532} INFO - Filling up the DagBag from /home/carlosfalcone/.local/lib/python3.7/site-packages/airflow/example_dags/example_sensor_decorator.py
[2024-03-20T22:13:40.729-0300] {processor.py:753} INFO - DAG(s) dict_keys(['example_sensor_decorator']) retrieved from /home/carlosfalcone/.local/lib/python3.7/site-packages/airflow/example_dags/example_sensor_decorator.py
[2024-03-20T22:13:40.740-0300] {logging_mixin.py:137} INFO - [2024-03-20T22:13:40.740-0300] {dag.py:2705} INFO - Sync 1 DAGs
[2024-03-20T22:13:40.753-0300] {logging_mixin.py:137} INFO - [2024-03-20T22:13:40.753-0300] {dag.py:3456} INFO - Setting next_dagrun for example_sensor_decorator to None, run_after=None
[2024-03-20T22:13:40.769-0300] {processor.py:175} INFO - Processing /home/carlosfalcone/.local/lib/python3.7/site-packages/airflow/example_dags/example_sensor_decorator.py took 0.056 seconds
[2024-03-20T22:14:17.650-0300] {processor.py:153} INFO - Started process (PID=1121) to work on /home/carlosfalcone/.local/lib/python3.7/site-packages/airflow/example_dags/example_sensor_decorator.py
[2024-03-20T22:14:17.651-0300] {processor.py:743} INFO - Processing file /home/carlosfalcone/.local/lib/python3.7/site-packages/airflow/example_dags/example_sensor_decorator.py for tasks to queue
[2024-03-20T22:14:17.652-0300] {logging_mixin.py:137} INFO - [2024-03-20T22:14:17.651-0300] {dagbag.py:532} INFO - Filling up the DagBag from /home/carlosfalcone/.local/lib/python3.7/site-packages/airflow/example_dags/example_sensor_decorator.py
[2024-03-20T22:14:17.664-0300] {processor.py:753} INFO - DAG(s) dict_keys(['example_sensor_decorator']) retrieved from /home/carlosfalcone/.local/lib/python3.7/site-packages/airflow/example_dags/example_sensor_decorator.py
[2024-03-20T22:14:17.674-0300] {logging_mixin.py:137} INFO - [2024-03-20T22:14:17.674-0300] {dag.py:2705} INFO - Sync 1 DAGs
[2024-03-20T22:14:17.688-0300] {logging_mixin.py:137} INFO - [2024-03-20T22:14:17.688-0300] {dag.py:3456} INFO - Setting next_dagrun for example_sensor_decorator to None, run_after=None
[2024-03-20T22:14:17.705-0300] {processor.py:175} INFO - Processing /home/carlosfalcone/.local/lib/python3.7/site-packages/airflow/example_dags/example_sensor_decorator.py took 0.056 seconds
[2024-03-20T22:14:56.481-0300] {processor.py:153} INFO - Started process (PID=1187) to work on /home/carlosfalcone/.local/lib/python3.7/site-packages/airflow/example_dags/example_sensor_decorator.py
[2024-03-20T22:14:56.482-0300] {processor.py:743} INFO - Processing file /home/carlosfalcone/.local/lib/python3.7/site-packages/airflow/example_dags/example_sensor_decorator.py for tasks to queue
[2024-03-20T22:14:56.482-0300] {logging_mixin.py:137} INFO - [2024-03-20T22:14:56.482-0300] {dagbag.py:532} INFO - Filling up the DagBag from /home/carlosfalcone/.local/lib/python3.7/site-packages/airflow/example_dags/example_sensor_decorator.py
[2024-03-20T22:14:56.495-0300] {processor.py:753} INFO - DAG(s) dict_keys(['example_sensor_decorator']) retrieved from /home/carlosfalcone/.local/lib/python3.7/site-packages/airflow/example_dags/example_sensor_decorator.py
[2024-03-20T22:14:56.506-0300] {logging_mixin.py:137} INFO - [2024-03-20T22:14:56.506-0300] {dag.py:2705} INFO - Sync 1 DAGs
[2024-03-20T22:14:56.519-0300] {logging_mixin.py:137} INFO - [2024-03-20T22:14:56.519-0300] {dag.py:3456} INFO - Setting next_dagrun for example_sensor_decorator to None, run_after=None
[2024-03-20T22:14:56.535-0300] {processor.py:175} INFO - Processing /home/carlosfalcone/.local/lib/python3.7/site-packages/airflow/example_dags/example_sensor_decorator.py took 0.056 seconds
[2024-03-20T22:15:35.295-0300] {processor.py:153} INFO - Started process (PID=1282) to work on /home/carlosfalcone/.local/lib/python3.7/site-packages/airflow/example_dags/example_sensor_decorator.py
[2024-03-20T22:15:35.296-0300] {processor.py:743} INFO - Processing file /home/carlosfalcone/.local/lib/python3.7/site-packages/airflow/example_dags/example_sensor_decorator.py for tasks to queue
[2024-03-20T22:15:35.297-0300] {logging_mixin.py:137} INFO - [2024-03-20T22:15:35.297-0300] {dagbag.py:532} INFO - Filling up the DagBag from /home/carlosfalcone/.local/lib/python3.7/site-packages/airflow/example_dags/example_sensor_decorator.py
[2024-03-20T22:15:35.310-0300] {processor.py:753} INFO - DAG(s) dict_keys(['example_sensor_decorator']) retrieved from /home/carlosfalcone/.local/lib/python3.7/site-packages/airflow/example_dags/example_sensor_decorator.py
[2024-03-20T22:15:35.321-0300] {logging_mixin.py:137} INFO - [2024-03-20T22:15:35.321-0300] {dag.py:2705} INFO - Sync 1 DAGs
[2024-03-20T22:15:35.335-0300] {logging_mixin.py:137} INFO - [2024-03-20T22:15:35.335-0300] {dag.py:3456} INFO - Setting next_dagrun for example_sensor_decorator to None, run_after=None
[2024-03-20T22:15:35.350-0300] {processor.py:175} INFO - Processing /home/carlosfalcone/.local/lib/python3.7/site-packages/airflow/example_dags/example_sensor_decorator.py took 0.056 seconds
[2024-03-20T22:16:20.137-0300] {processor.py:153} INFO - Started process (PID=1402) to work on /home/carlosfalcone/.local/lib/python3.7/site-packages/airflow/example_dags/example_sensor_decorator.py
[2024-03-20T22:16:20.138-0300] {processor.py:743} INFO - Processing file /home/carlosfalcone/.local/lib/python3.7/site-packages/airflow/example_dags/example_sensor_decorator.py for tasks to queue
[2024-03-20T22:16:20.138-0300] {logging_mixin.py:137} INFO - [2024-03-20T22:16:20.138-0300] {dagbag.py:532} INFO - Filling up the DagBag from /home/carlosfalcone/.local/lib/python3.7/site-packages/airflow/example_dags/example_sensor_decorator.py
[2024-03-20T22:16:20.151-0300] {processor.py:753} INFO - DAG(s) dict_keys(['example_sensor_decorator']) retrieved from /home/carlosfalcone/.local/lib/python3.7/site-packages/airflow/example_dags/example_sensor_decorator.py
[2024-03-20T22:16:20.162-0300] {logging_mixin.py:137} INFO - [2024-03-20T22:16:20.162-0300] {dag.py:2705} INFO - Sync 1 DAGs
[2024-03-20T22:16:20.176-0300] {logging_mixin.py:137} INFO - [2024-03-20T22:16:20.176-0300] {dag.py:3456} INFO - Setting next_dagrun for example_sensor_decorator to None, run_after=None
[2024-03-20T22:16:20.192-0300] {processor.py:175} INFO - Processing /home/carlosfalcone/.local/lib/python3.7/site-packages/airflow/example_dags/example_sensor_decorator.py took 0.056 seconds
[2024-03-20T22:16:56.513-0300] {processor.py:153} INFO - Started process (PID=1498) to work on /home/carlosfalcone/.local/lib/python3.7/site-packages/airflow/example_dags/example_sensor_decorator.py
[2024-03-20T22:16:56.514-0300] {processor.py:743} INFO - Processing file /home/carlosfalcone/.local/lib/python3.7/site-packages/airflow/example_dags/example_sensor_decorator.py for tasks to queue
[2024-03-20T22:16:56.514-0300] {logging_mixin.py:137} INFO - [2024-03-20T22:16:56.514-0300] {dagbag.py:532} INFO - Filling up the DagBag from /home/carlosfalcone/.local/lib/python3.7/site-packages/airflow/example_dags/example_sensor_decorator.py
[2024-03-20T22:16:56.527-0300] {processor.py:753} INFO - DAG(s) dict_keys(['example_sensor_decorator']) retrieved from /home/carlosfalcone/.local/lib/python3.7/site-packages/airflow/example_dags/example_sensor_decorator.py
[2024-03-20T22:16:56.537-0300] {logging_mixin.py:137} INFO - [2024-03-20T22:16:56.537-0300] {dag.py:2705} INFO - Sync 1 DAGs
[2024-03-20T22:16:56.551-0300] {logging_mixin.py:137} INFO - [2024-03-20T22:16:56.551-0300] {dag.py:3456} INFO - Setting next_dagrun for example_sensor_decorator to None, run_after=None
[2024-03-20T22:16:56.567-0300] {processor.py:175} INFO - Processing /home/carlosfalcone/.local/lib/python3.7/site-packages/airflow/example_dags/example_sensor_decorator.py took 0.055 seconds
[2024-03-20T22:17:34.400-0300] {processor.py:153} INFO - Started process (PID=1592) to work on /home/carlosfalcone/.local/lib/python3.7/site-packages/airflow/example_dags/example_sensor_decorator.py
[2024-03-20T22:17:34.401-0300] {processor.py:743} INFO - Processing file /home/carlosfalcone/.local/lib/python3.7/site-packages/airflow/example_dags/example_sensor_decorator.py for tasks to queue
[2024-03-20T22:17:34.402-0300] {logging_mixin.py:137} INFO - [2024-03-20T22:17:34.402-0300] {dagbag.py:532} INFO - Filling up the DagBag from /home/carlosfalcone/.local/lib/python3.7/site-packages/airflow/example_dags/example_sensor_decorator.py
[2024-03-20T22:17:34.414-0300] {processor.py:753} INFO - DAG(s) dict_keys(['example_sensor_decorator']) retrieved from /home/carlosfalcone/.local/lib/python3.7/site-packages/airflow/example_dags/example_sensor_decorator.py
[2024-03-20T22:17:34.425-0300] {logging_mixin.py:137} INFO - [2024-03-20T22:17:34.425-0300] {dag.py:2705} INFO - Sync 1 DAGs
[2024-03-20T22:17:34.439-0300] {logging_mixin.py:137} INFO - [2024-03-20T22:17:34.439-0300] {dag.py:3456} INFO - Setting next_dagrun for example_sensor_decorator to None, run_after=None
[2024-03-20T22:17:34.454-0300] {processor.py:175} INFO - Processing /home/carlosfalcone/.local/lib/python3.7/site-packages/airflow/example_dags/example_sensor_decorator.py took 0.055 seconds
[2024-03-20T22:18:17.651-0300] {processor.py:153} INFO - Started process (PID=1704) to work on /home/carlosfalcone/.local/lib/python3.7/site-packages/airflow/example_dags/example_sensor_decorator.py
[2024-03-20T22:18:17.652-0300] {processor.py:743} INFO - Processing file /home/carlosfalcone/.local/lib/python3.7/site-packages/airflow/example_dags/example_sensor_decorator.py for tasks to queue
[2024-03-20T22:18:17.653-0300] {logging_mixin.py:137} INFO - [2024-03-20T22:18:17.652-0300] {dagbag.py:532} INFO - Filling up the DagBag from /home/carlosfalcone/.local/lib/python3.7/site-packages/airflow/example_dags/example_sensor_decorator.py
[2024-03-20T22:18:17.666-0300] {processor.py:753} INFO - DAG(s) dict_keys(['example_sensor_decorator']) retrieved from /home/carlosfalcone/.local/lib/python3.7/site-packages/airflow/example_dags/example_sensor_decorator.py
[2024-03-20T22:18:17.678-0300] {logging_mixin.py:137} INFO - [2024-03-20T22:18:17.678-0300] {dag.py:2705} INFO - Sync 1 DAGs
[2024-03-20T22:18:17.693-0300] {logging_mixin.py:137} INFO - [2024-03-20T22:18:17.693-0300] {dag.py:3456} INFO - Setting next_dagrun for example_sensor_decorator to None, run_after=None
[2024-03-20T22:18:17.709-0300] {processor.py:175} INFO - Processing /home/carlosfalcone/.local/lib/python3.7/site-packages/airflow/example_dags/example_sensor_decorator.py took 0.060 seconds
[2024-03-21T11:23:39.379-0300] {processor.py:153} INFO - Started process (PID=99) to work on /home/carlosfalcone/.local/lib/python3.7/site-packages/airflow/example_dags/example_sensor_decorator.py
[2024-03-21T11:23:39.380-0300] {processor.py:743} INFO - Processing file /home/carlosfalcone/.local/lib/python3.7/site-packages/airflow/example_dags/example_sensor_decorator.py for tasks to queue
[2024-03-21T11:23:39.380-0300] {logging_mixin.py:137} INFO - [2024-03-21T11:23:39.380-0300] {dagbag.py:532} INFO - Filling up the DagBag from /home/carlosfalcone/.local/lib/python3.7/site-packages/airflow/example_dags/example_sensor_decorator.py
[2024-03-21T11:23:39.395-0300] {processor.py:753} INFO - DAG(s) dict_keys(['example_sensor_decorator']) retrieved from /home/carlosfalcone/.local/lib/python3.7/site-packages/airflow/example_dags/example_sensor_decorator.py
[2024-03-21T11:23:39.407-0300] {logging_mixin.py:137} INFO - [2024-03-21T11:23:39.406-0300] {dag.py:2705} INFO - Sync 1 DAGs
[2024-03-21T11:23:39.421-0300] {logging_mixin.py:137} INFO - [2024-03-21T11:23:39.421-0300] {dag.py:3456} INFO - Setting next_dagrun for example_sensor_decorator to None, run_after=None
[2024-03-21T11:23:39.436-0300] {processor.py:175} INFO - Processing /home/carlosfalcone/.local/lib/python3.7/site-packages/airflow/example_dags/example_sensor_decorator.py took 0.059 seconds
[2024-03-21T11:24:17.083-0300] {processor.py:153} INFO - Started process (PID=312) to work on /home/carlosfalcone/.local/lib/python3.7/site-packages/airflow/example_dags/example_sensor_decorator.py
[2024-03-21T11:24:17.084-0300] {processor.py:743} INFO - Processing file /home/carlosfalcone/.local/lib/python3.7/site-packages/airflow/example_dags/example_sensor_decorator.py for tasks to queue
[2024-03-21T11:24:17.085-0300] {logging_mixin.py:137} INFO - [2024-03-21T11:24:17.084-0300] {dagbag.py:532} INFO - Filling up the DagBag from /home/carlosfalcone/.local/lib/python3.7/site-packages/airflow/example_dags/example_sensor_decorator.py
[2024-03-21T11:24:17.098-0300] {processor.py:753} INFO - DAG(s) dict_keys(['example_sensor_decorator']) retrieved from /home/carlosfalcone/.local/lib/python3.7/site-packages/airflow/example_dags/example_sensor_decorator.py
[2024-03-21T11:24:17.109-0300] {logging_mixin.py:137} INFO - [2024-03-21T11:24:17.109-0300] {dag.py:2705} INFO - Sync 1 DAGs
[2024-03-21T11:24:17.125-0300] {logging_mixin.py:137} INFO - [2024-03-21T11:24:17.125-0300] {dag.py:3456} INFO - Setting next_dagrun for example_sensor_decorator to None, run_after=None
[2024-03-21T11:24:17.143-0300] {processor.py:175} INFO - Processing /home/carlosfalcone/.local/lib/python3.7/site-packages/airflow/example_dags/example_sensor_decorator.py took 0.061 seconds
[2024-03-21T11:24:57.038-0300] {processor.py:153} INFO - Started process (PID=411) to work on /home/carlosfalcone/.local/lib/python3.7/site-packages/airflow/example_dags/example_sensor_decorator.py
[2024-03-21T11:24:57.039-0300] {processor.py:743} INFO - Processing file /home/carlosfalcone/.local/lib/python3.7/site-packages/airflow/example_dags/example_sensor_decorator.py for tasks to queue
[2024-03-21T11:24:57.040-0300] {logging_mixin.py:137} INFO - [2024-03-21T11:24:57.039-0300] {dagbag.py:532} INFO - Filling up the DagBag from /home/carlosfalcone/.local/lib/python3.7/site-packages/airflow/example_dags/example_sensor_decorator.py
[2024-03-21T11:24:57.053-0300] {processor.py:753} INFO - DAG(s) dict_keys(['example_sensor_decorator']) retrieved from /home/carlosfalcone/.local/lib/python3.7/site-packages/airflow/example_dags/example_sensor_decorator.py
[2024-03-21T11:24:57.066-0300] {logging_mixin.py:137} INFO - [2024-03-21T11:24:57.065-0300] {dag.py:2705} INFO - Sync 1 DAGs
[2024-03-21T11:24:57.085-0300] {logging_mixin.py:137} INFO - [2024-03-21T11:24:57.085-0300] {dag.py:3456} INFO - Setting next_dagrun for example_sensor_decorator to None, run_after=None
[2024-03-21T11:24:57.105-0300] {processor.py:175} INFO - Processing /home/carlosfalcone/.local/lib/python3.7/site-packages/airflow/example_dags/example_sensor_decorator.py took 0.068 seconds
