[2024-03-20T22:09:33.259-0300] {processor.py:153} INFO - Started process (PID=330) to work on /home/carlosfalcone/.local/lib/python3.7/site-packages/airflow/example_dags/example_bash_operator.py
[2024-03-20T22:09:33.260-0300] {processor.py:743} INFO - Processing file /home/carlosfalcone/.local/lib/python3.7/site-packages/airflow/example_dags/example_bash_operator.py for tasks to queue
[2024-03-20T22:09:33.260-0300] {logging_mixin.py:137} INFO - [2024-03-20T22:09:33.260-0300] {dagbag.py:532} INFO - Filling up the DagBag from /home/carlosfalcone/.local/lib/python3.7/site-packages/airflow/example_dags/example_bash_operator.py
[2024-03-20T22:09:33.274-0300] {processor.py:753} INFO - DAG(s) dict_keys(['example_bash_operator']) retrieved from /home/carlosfalcone/.local/lib/python3.7/site-packages/airflow/example_dags/example_bash_operator.py
[2024-03-20T22:09:33.352-0300] {logging_mixin.py:137} INFO - [2024-03-20T22:09:33.352-0300] {manager.py:504} INFO - Created Permission View: can delete on DAG:example_bash_operator
[2024-03-20T22:09:33.360-0300] {logging_mixin.py:137} INFO - [2024-03-20T22:09:33.359-0300] {manager.py:504} INFO - Created Permission View: can read on DAG:example_bash_operator
[2024-03-20T22:09:33.367-0300] {logging_mixin.py:137} INFO - [2024-03-20T22:09:33.367-0300] {manager.py:504} INFO - Created Permission View: can edit on DAG:example_bash_operator
[2024-03-20T22:09:33.367-0300] {logging_mixin.py:137} INFO - [2024-03-20T22:09:33.367-0300] {dag.py:2705} INFO - Sync 1 DAGs
[2024-03-20T22:09:33.375-0300] {logging_mixin.py:137} INFO - [2024-03-20T22:09:33.374-0300] {dag.py:2726} INFO - Creating ORM DAG for example_bash_operator
[2024-03-20T22:09:33.382-0300] {logging_mixin.py:137} INFO - [2024-03-20T22:09:33.382-0300] {dag.py:3456} INFO - Setting next_dagrun for example_bash_operator to 2024-03-20T00:00:00+00:00, run_after=2024-03-21T00:00:00+00:00
[2024-03-20T22:09:33.398-0300] {processor.py:175} INFO - Processing /home/carlosfalcone/.local/lib/python3.7/site-packages/airflow/example_dags/example_bash_operator.py took 0.140 seconds
[2024-03-20T22:10:21.735-0300] {processor.py:153} INFO - Started process (PID=575) to work on /home/carlosfalcone/.local/lib/python3.7/site-packages/airflow/example_dags/example_bash_operator.py
[2024-03-20T22:10:21.736-0300] {processor.py:743} INFO - Processing file /home/carlosfalcone/.local/lib/python3.7/site-packages/airflow/example_dags/example_bash_operator.py for tasks to queue
[2024-03-20T22:10:21.736-0300] {logging_mixin.py:137} INFO - [2024-03-20T22:10:21.736-0300] {dagbag.py:532} INFO - Filling up the DagBag from /home/carlosfalcone/.local/lib/python3.7/site-packages/airflow/example_dags/example_bash_operator.py
[2024-03-20T22:10:21.750-0300] {processor.py:753} INFO - DAG(s) dict_keys(['example_bash_operator']) retrieved from /home/carlosfalcone/.local/lib/python3.7/site-packages/airflow/example_dags/example_bash_operator.py
[2024-03-20T22:10:21.771-0300] {logging_mixin.py:137} INFO - [2024-03-20T22:10:21.770-0300] {dag.py:2705} INFO - Sync 1 DAGs
[2024-03-20T22:10:21.785-0300] {logging_mixin.py:137} INFO - [2024-03-20T22:10:21.785-0300] {dag.py:3456} INFO - Setting next_dagrun for example_bash_operator to 2024-03-20T00:00:00+00:00, run_after=2024-03-21T00:00:00+00:00
[2024-03-20T22:10:21.803-0300] {processor.py:175} INFO - Processing /home/carlosfalcone/.local/lib/python3.7/site-packages/airflow/example_dags/example_bash_operator.py took 0.070 seconds
[2024-03-20T22:11:08.533-0300] {processor.py:153} INFO - Started process (PID=692) to work on /home/carlosfalcone/.local/lib/python3.7/site-packages/airflow/example_dags/example_bash_operator.py
[2024-03-20T22:11:08.534-0300] {processor.py:743} INFO - Processing file /home/carlosfalcone/.local/lib/python3.7/site-packages/airflow/example_dags/example_bash_operator.py for tasks to queue
[2024-03-20T22:11:08.535-0300] {logging_mixin.py:137} INFO - [2024-03-20T22:11:08.534-0300] {dagbag.py:532} INFO - Filling up the DagBag from /home/carlosfalcone/.local/lib/python3.7/site-packages/airflow/example_dags/example_bash_operator.py
[2024-03-20T22:11:08.547-0300] {processor.py:753} INFO - DAG(s) dict_keys(['example_bash_operator']) retrieved from /home/carlosfalcone/.local/lib/python3.7/site-packages/airflow/example_dags/example_bash_operator.py
[2024-03-20T22:11:08.568-0300] {logging_mixin.py:137} INFO - [2024-03-20T22:11:08.567-0300] {dag.py:2705} INFO - Sync 1 DAGs
[2024-03-20T22:11:08.583-0300] {logging_mixin.py:137} INFO - [2024-03-20T22:11:08.583-0300] {dag.py:3456} INFO - Setting next_dagrun for example_bash_operator to 2024-03-20T00:00:00+00:00, run_after=2024-03-21T00:00:00+00:00
[2024-03-20T22:11:08.600-0300] {processor.py:175} INFO - Processing /home/carlosfalcone/.local/lib/python3.7/site-packages/airflow/example_dags/example_bash_operator.py took 0.068 seconds
[2024-03-20T22:11:53.686-0300] {processor.py:153} INFO - Started process (PID=799) to work on /home/carlosfalcone/.local/lib/python3.7/site-packages/airflow/example_dags/example_bash_operator.py
[2024-03-20T22:11:53.687-0300] {processor.py:743} INFO - Processing file /home/carlosfalcone/.local/lib/python3.7/site-packages/airflow/example_dags/example_bash_operator.py for tasks to queue
[2024-03-20T22:11:53.687-0300] {logging_mixin.py:137} INFO - [2024-03-20T22:11:53.687-0300] {dagbag.py:532} INFO - Filling up the DagBag from /home/carlosfalcone/.local/lib/python3.7/site-packages/airflow/example_dags/example_bash_operator.py
[2024-03-20T22:11:53.700-0300] {processor.py:753} INFO - DAG(s) dict_keys(['example_bash_operator']) retrieved from /home/carlosfalcone/.local/lib/python3.7/site-packages/airflow/example_dags/example_bash_operator.py
[2024-03-20T22:11:53.722-0300] {logging_mixin.py:137} INFO - [2024-03-20T22:11:53.721-0300] {dag.py:2705} INFO - Sync 1 DAGs
[2024-03-20T22:11:53.740-0300] {logging_mixin.py:137} INFO - [2024-03-20T22:11:53.740-0300] {dag.py:3456} INFO - Setting next_dagrun for example_bash_operator to 2024-03-20T00:00:00+00:00, run_after=2024-03-21T00:00:00+00:00
[2024-03-20T22:11:53.755-0300] {processor.py:175} INFO - Processing /home/carlosfalcone/.local/lib/python3.7/site-packages/airflow/example_dags/example_bash_operator.py took 0.071 seconds
[2024-03-20T22:12:33.072-0300] {processor.py:153} INFO - Started process (PID=899) to work on /home/carlosfalcone/.local/lib/python3.7/site-packages/airflow/example_dags/example_bash_operator.py
[2024-03-20T22:12:33.073-0300] {processor.py:743} INFO - Processing file /home/carlosfalcone/.local/lib/python3.7/site-packages/airflow/example_dags/example_bash_operator.py for tasks to queue
[2024-03-20T22:12:33.073-0300] {logging_mixin.py:137} INFO - [2024-03-20T22:12:33.073-0300] {dagbag.py:532} INFO - Filling up the DagBag from /home/carlosfalcone/.local/lib/python3.7/site-packages/airflow/example_dags/example_bash_operator.py
[2024-03-20T22:12:33.086-0300] {processor.py:753} INFO - DAG(s) dict_keys(['example_bash_operator']) retrieved from /home/carlosfalcone/.local/lib/python3.7/site-packages/airflow/example_dags/example_bash_operator.py
[2024-03-20T22:12:33.106-0300] {logging_mixin.py:137} INFO - [2024-03-20T22:12:33.106-0300] {dag.py:2705} INFO - Sync 1 DAGs
[2024-03-20T22:12:33.121-0300] {logging_mixin.py:137} INFO - [2024-03-20T22:12:33.121-0300] {dag.py:3456} INFO - Setting next_dagrun for example_bash_operator to 2024-03-20T00:00:00+00:00, run_after=2024-03-21T00:00:00+00:00
[2024-03-20T22:12:33.137-0300] {processor.py:175} INFO - Processing /home/carlosfalcone/.local/lib/python3.7/site-packages/airflow/example_dags/example_bash_operator.py took 0.067 seconds
[2024-03-20T22:13:14.667-0300] {processor.py:153} INFO - Started process (PID=1004) to work on /home/carlosfalcone/.local/lib/python3.7/site-packages/airflow/example_dags/example_bash_operator.py
[2024-03-20T22:13:14.668-0300] {processor.py:743} INFO - Processing file /home/carlosfalcone/.local/lib/python3.7/site-packages/airflow/example_dags/example_bash_operator.py for tasks to queue
[2024-03-20T22:13:14.669-0300] {logging_mixin.py:137} INFO - [2024-03-20T22:13:14.668-0300] {dagbag.py:532} INFO - Filling up the DagBag from /home/carlosfalcone/.local/lib/python3.7/site-packages/airflow/example_dags/example_bash_operator.py
[2024-03-20T22:13:14.681-0300] {processor.py:753} INFO - DAG(s) dict_keys(['example_bash_operator']) retrieved from /home/carlosfalcone/.local/lib/python3.7/site-packages/airflow/example_dags/example_bash_operator.py
[2024-03-20T22:13:14.702-0300] {logging_mixin.py:137} INFO - [2024-03-20T22:13:14.702-0300] {dag.py:2705} INFO - Sync 1 DAGs
[2024-03-20T22:13:14.717-0300] {logging_mixin.py:137} INFO - [2024-03-20T22:13:14.717-0300] {dag.py:3456} INFO - Setting next_dagrun for example_bash_operator to 2024-03-20T00:00:00+00:00, run_after=2024-03-21T00:00:00+00:00
[2024-03-20T22:13:14.732-0300] {processor.py:175} INFO - Processing /home/carlosfalcone/.local/lib/python3.7/site-packages/airflow/example_dags/example_bash_operator.py took 0.066 seconds
[2024-03-20T22:13:57.432-0300] {processor.py:153} INFO - Started process (PID=1100) to work on /home/carlosfalcone/.local/lib/python3.7/site-packages/airflow/example_dags/example_bash_operator.py
[2024-03-20T22:13:57.433-0300] {processor.py:743} INFO - Processing file /home/carlosfalcone/.local/lib/python3.7/site-packages/airflow/example_dags/example_bash_operator.py for tasks to queue
[2024-03-20T22:13:57.433-0300] {logging_mixin.py:137} INFO - [2024-03-20T22:13:57.433-0300] {dagbag.py:532} INFO - Filling up the DagBag from /home/carlosfalcone/.local/lib/python3.7/site-packages/airflow/example_dags/example_bash_operator.py
[2024-03-20T22:13:57.446-0300] {processor.py:753} INFO - DAG(s) dict_keys(['example_bash_operator']) retrieved from /home/carlosfalcone/.local/lib/python3.7/site-packages/airflow/example_dags/example_bash_operator.py
[2024-03-20T22:13:57.467-0300] {logging_mixin.py:137} INFO - [2024-03-20T22:13:57.467-0300] {dag.py:2705} INFO - Sync 1 DAGs
[2024-03-20T22:13:57.482-0300] {logging_mixin.py:137} INFO - [2024-03-20T22:13:57.482-0300] {dag.py:3456} INFO - Setting next_dagrun for example_bash_operator to 2024-03-20T00:00:00+00:00, run_after=2024-03-21T00:00:00+00:00
[2024-03-20T22:13:57.500-0300] {processor.py:175} INFO - Processing /home/carlosfalcone/.local/lib/python3.7/site-packages/airflow/example_dags/example_bash_operator.py took 0.070 seconds
[2024-03-20T22:14:43.946-0300] {processor.py:153} INFO - Started process (PID=1156) to work on /home/carlosfalcone/.local/lib/python3.7/site-packages/airflow/example_dags/example_bash_operator.py
[2024-03-20T22:14:43.947-0300] {processor.py:743} INFO - Processing file /home/carlosfalcone/.local/lib/python3.7/site-packages/airflow/example_dags/example_bash_operator.py for tasks to queue
[2024-03-20T22:14:43.948-0300] {logging_mixin.py:137} INFO - [2024-03-20T22:14:43.948-0300] {dagbag.py:532} INFO - Filling up the DagBag from /home/carlosfalcone/.local/lib/python3.7/site-packages/airflow/example_dags/example_bash_operator.py
[2024-03-20T22:14:43.960-0300] {processor.py:753} INFO - DAG(s) dict_keys(['example_bash_operator']) retrieved from /home/carlosfalcone/.local/lib/python3.7/site-packages/airflow/example_dags/example_bash_operator.py
[2024-03-20T22:14:43.980-0300] {logging_mixin.py:137} INFO - [2024-03-20T22:14:43.980-0300] {dag.py:2705} INFO - Sync 1 DAGs
[2024-03-20T22:14:43.995-0300] {logging_mixin.py:137} INFO - [2024-03-20T22:14:43.995-0300] {dag.py:3456} INFO - Setting next_dagrun for example_bash_operator to 2024-03-20T00:00:00+00:00, run_after=2024-03-21T00:00:00+00:00
[2024-03-20T22:14:44.011-0300] {processor.py:175} INFO - Processing /home/carlosfalcone/.local/lib/python3.7/site-packages/airflow/example_dags/example_bash_operator.py took 0.066 seconds
[2024-03-20T22:15:27.397-0300] {processor.py:153} INFO - Started process (PID=1262) to work on /home/carlosfalcone/.local/lib/python3.7/site-packages/airflow/example_dags/example_bash_operator.py
[2024-03-20T22:15:27.398-0300] {processor.py:743} INFO - Processing file /home/carlosfalcone/.local/lib/python3.7/site-packages/airflow/example_dags/example_bash_operator.py for tasks to queue
[2024-03-20T22:15:27.398-0300] {logging_mixin.py:137} INFO - [2024-03-20T22:15:27.398-0300] {dagbag.py:532} INFO - Filling up the DagBag from /home/carlosfalcone/.local/lib/python3.7/site-packages/airflow/example_dags/example_bash_operator.py
[2024-03-20T22:15:27.410-0300] {processor.py:753} INFO - DAG(s) dict_keys(['example_bash_operator']) retrieved from /home/carlosfalcone/.local/lib/python3.7/site-packages/airflow/example_dags/example_bash_operator.py
[2024-03-20T22:15:27.431-0300] {logging_mixin.py:137} INFO - [2024-03-20T22:15:27.431-0300] {dag.py:2705} INFO - Sync 1 DAGs
[2024-03-20T22:15:27.446-0300] {logging_mixin.py:137} INFO - [2024-03-20T22:15:27.446-0300] {dag.py:3456} INFO - Setting next_dagrun for example_bash_operator to 2024-03-20T00:00:00+00:00, run_after=2024-03-21T00:00:00+00:00
[2024-03-20T22:15:27.462-0300] {processor.py:175} INFO - Processing /home/carlosfalcone/.local/lib/python3.7/site-packages/airflow/example_dags/example_bash_operator.py took 0.067 seconds
[2024-03-20T22:16:14.642-0300] {processor.py:153} INFO - Started process (PID=1387) to work on /home/carlosfalcone/.local/lib/python3.7/site-packages/airflow/example_dags/example_bash_operator.py
[2024-03-20T22:16:14.643-0300] {processor.py:743} INFO - Processing file /home/carlosfalcone/.local/lib/python3.7/site-packages/airflow/example_dags/example_bash_operator.py for tasks to queue
[2024-03-20T22:16:14.643-0300] {logging_mixin.py:137} INFO - [2024-03-20T22:16:14.643-0300] {dagbag.py:532} INFO - Filling up the DagBag from /home/carlosfalcone/.local/lib/python3.7/site-packages/airflow/example_dags/example_bash_operator.py
[2024-03-20T22:16:14.656-0300] {processor.py:753} INFO - DAG(s) dict_keys(['example_bash_operator']) retrieved from /home/carlosfalcone/.local/lib/python3.7/site-packages/airflow/example_dags/example_bash_operator.py
[2024-03-20T22:16:14.676-0300] {logging_mixin.py:137} INFO - [2024-03-20T22:16:14.676-0300] {dag.py:2705} INFO - Sync 1 DAGs
[2024-03-20T22:16:14.691-0300] {logging_mixin.py:137} INFO - [2024-03-20T22:16:14.691-0300] {dag.py:3456} INFO - Setting next_dagrun for example_bash_operator to 2024-03-20T00:00:00+00:00, run_after=2024-03-21T00:00:00+00:00
[2024-03-20T22:16:14.707-0300] {processor.py:175} INFO - Processing /home/carlosfalcone/.local/lib/python3.7/site-packages/airflow/example_dags/example_bash_operator.py took 0.066 seconds
[2024-03-20T22:17:00.841-0300] {processor.py:153} INFO - Started process (PID=1511) to work on /home/carlosfalcone/.local/lib/python3.7/site-packages/airflow/example_dags/example_bash_operator.py
[2024-03-20T22:17:00.842-0300] {processor.py:743} INFO - Processing file /home/carlosfalcone/.local/lib/python3.7/site-packages/airflow/example_dags/example_bash_operator.py for tasks to queue
[2024-03-20T22:17:00.843-0300] {logging_mixin.py:137} INFO - [2024-03-20T22:17:00.843-0300] {dagbag.py:532} INFO - Filling up the DagBag from /home/carlosfalcone/.local/lib/python3.7/site-packages/airflow/example_dags/example_bash_operator.py
[2024-03-20T22:17:00.855-0300] {processor.py:753} INFO - DAG(s) dict_keys(['example_bash_operator']) retrieved from /home/carlosfalcone/.local/lib/python3.7/site-packages/airflow/example_dags/example_bash_operator.py
[2024-03-20T22:17:00.876-0300] {logging_mixin.py:137} INFO - [2024-03-20T22:17:00.875-0300] {dag.py:2705} INFO - Sync 1 DAGs
[2024-03-20T22:17:00.890-0300] {logging_mixin.py:137} INFO - [2024-03-20T22:17:00.890-0300] {dag.py:3456} INFO - Setting next_dagrun for example_bash_operator to 2024-03-20T00:00:00+00:00, run_after=2024-03-21T00:00:00+00:00
[2024-03-20T22:17:00.906-0300] {processor.py:175} INFO - Processing /home/carlosfalcone/.local/lib/python3.7/site-packages/airflow/example_dags/example_bash_operator.py took 0.066 seconds
[2024-03-20T22:17:49.807-0300] {processor.py:153} INFO - Started process (PID=1633) to work on /home/carlosfalcone/.local/lib/python3.7/site-packages/airflow/example_dags/example_bash_operator.py
[2024-03-20T22:17:49.808-0300] {processor.py:743} INFO - Processing file /home/carlosfalcone/.local/lib/python3.7/site-packages/airflow/example_dags/example_bash_operator.py for tasks to queue
[2024-03-20T22:17:49.808-0300] {logging_mixin.py:137} INFO - [2024-03-20T22:17:49.808-0300] {dagbag.py:532} INFO - Filling up the DagBag from /home/carlosfalcone/.local/lib/python3.7/site-packages/airflow/example_dags/example_bash_operator.py
[2024-03-20T22:17:49.821-0300] {processor.py:753} INFO - DAG(s) dict_keys(['example_bash_operator']) retrieved from /home/carlosfalcone/.local/lib/python3.7/site-packages/airflow/example_dags/example_bash_operator.py
[2024-03-20T22:17:49.842-0300] {logging_mixin.py:137} INFO - [2024-03-20T22:17:49.842-0300] {dag.py:2705} INFO - Sync 1 DAGs
[2024-03-20T22:17:49.857-0300] {logging_mixin.py:137} INFO - [2024-03-20T22:17:49.857-0300] {dag.py:3456} INFO - Setting next_dagrun for example_bash_operator to 2024-03-20T00:00:00+00:00, run_after=2024-03-21T00:00:00+00:00
[2024-03-20T22:17:49.872-0300] {processor.py:175} INFO - Processing /home/carlosfalcone/.local/lib/python3.7/site-packages/airflow/example_dags/example_bash_operator.py took 0.067 seconds
[2024-03-21T11:24:03.931-0300] {processor.py:153} INFO - Started process (PID=209) to work on /home/carlosfalcone/.local/lib/python3.7/site-packages/airflow/example_dags/example_bash_operator.py
[2024-03-21T11:24:03.931-0300] {processor.py:743} INFO - Processing file /home/carlosfalcone/.local/lib/python3.7/site-packages/airflow/example_dags/example_bash_operator.py for tasks to queue
[2024-03-21T11:24:03.932-0300] {logging_mixin.py:137} INFO - [2024-03-21T11:24:03.932-0300] {dagbag.py:532} INFO - Filling up the DagBag from /home/carlosfalcone/.local/lib/python3.7/site-packages/airflow/example_dags/example_bash_operator.py
[2024-03-21T11:24:03.948-0300] {processor.py:753} INFO - DAG(s) dict_keys(['example_bash_operator']) retrieved from /home/carlosfalcone/.local/lib/python3.7/site-packages/airflow/example_dags/example_bash_operator.py
[2024-03-21T11:24:03.972-0300] {logging_mixin.py:137} INFO - [2024-03-21T11:24:03.972-0300] {dag.py:2705} INFO - Sync 1 DAGs
[2024-03-21T11:24:03.990-0300] {logging_mixin.py:137} INFO - [2024-03-21T11:24:03.989-0300] {dag.py:3456} INFO - Setting next_dagrun for example_bash_operator to 2024-03-20T00:00:00+00:00, run_after=2024-03-21T00:00:00+00:00
[2024-03-21T11:24:04.008-0300] {processor.py:175} INFO - Processing /home/carlosfalcone/.local/lib/python3.7/site-packages/airflow/example_dags/example_bash_operator.py took 0.080 seconds
[2024-03-21T11:24:50.156-0300] {processor.py:153} INFO - Started process (PID=395) to work on /home/carlosfalcone/.local/lib/python3.7/site-packages/airflow/example_dags/example_bash_operator.py
[2024-03-21T11:24:50.157-0300] {processor.py:743} INFO - Processing file /home/carlosfalcone/.local/lib/python3.7/site-packages/airflow/example_dags/example_bash_operator.py for tasks to queue
[2024-03-21T11:24:50.158-0300] {logging_mixin.py:137} INFO - [2024-03-21T11:24:50.157-0300] {dagbag.py:532} INFO - Filling up the DagBag from /home/carlosfalcone/.local/lib/python3.7/site-packages/airflow/example_dags/example_bash_operator.py
[2024-03-21T11:24:50.170-0300] {processor.py:753} INFO - DAG(s) dict_keys(['example_bash_operator']) retrieved from /home/carlosfalcone/.local/lib/python3.7/site-packages/airflow/example_dags/example_bash_operator.py
[2024-03-21T11:24:50.191-0300] {logging_mixin.py:137} INFO - [2024-03-21T11:24:50.191-0300] {dag.py:2705} INFO - Sync 1 DAGs
[2024-03-21T11:24:50.206-0300] {logging_mixin.py:137} INFO - [2024-03-21T11:24:50.206-0300] {dag.py:3456} INFO - Setting next_dagrun for example_bash_operator to 2024-03-20T00:00:00+00:00, run_after=2024-03-21T00:00:00+00:00
[2024-03-21T11:24:50.220-0300] {processor.py:175} INFO - Processing /home/carlosfalcone/.local/lib/python3.7/site-packages/airflow/example_dags/example_bash_operator.py took 0.065 seconds
