[2024-03-20T22:09:03.434-0300] {processor.py:153} INFO - Started process (PID=290) to work on /home/carlosfalcone/.local/lib/python3.7/site-packages/airflow/example_dags/example_skip_dag.py
[2024-03-20T22:09:03.434-0300] {processor.py:743} INFO - Processing file /home/carlosfalcone/.local/lib/python3.7/site-packages/airflow/example_dags/example_skip_dag.py for tasks to queue
[2024-03-20T22:09:03.434-0300] {logging_mixin.py:137} INFO - [2024-03-20T22:09:03.434-0300] {dagbag.py:532} INFO - Filling up the DagBag from /home/carlosfalcone/.local/lib/python3.7/site-packages/airflow/example_dags/example_skip_dag.py
[2024-03-20T22:09:03.442-0300] {processor.py:753} INFO - DAG(s) dict_keys(['example_skip_dag']) retrieved from /home/carlosfalcone/.local/lib/python3.7/site-packages/airflow/example_dags/example_skip_dag.py
[2024-03-20T22:09:03.511-0300] {logging_mixin.py:137} INFO - [2024-03-20T22:09:03.510-0300] {manager.py:504} INFO - Created Permission View: can delete on DAG:example_skip_dag
[2024-03-20T22:09:03.520-0300] {logging_mixin.py:137} INFO - [2024-03-20T22:09:03.520-0300] {manager.py:504} INFO - Created Permission View: can read on DAG:example_skip_dag
[2024-03-20T22:09:03.527-0300] {logging_mixin.py:137} INFO - [2024-03-20T22:09:03.527-0300] {manager.py:504} INFO - Created Permission View: can edit on DAG:example_skip_dag
[2024-03-20T22:09:03.527-0300] {logging_mixin.py:137} INFO - [2024-03-20T22:09:03.527-0300] {dag.py:2705} INFO - Sync 1 DAGs
[2024-03-20T22:09:03.535-0300] {logging_mixin.py:137} INFO - [2024-03-20T22:09:03.535-0300] {dag.py:2726} INFO - Creating ORM DAG for example_skip_dag
[2024-03-20T22:09:03.541-0300] {logging_mixin.py:137} INFO - [2024-03-20T22:09:03.540-0300] {dag.py:3456} INFO - Setting next_dagrun for example_skip_dag to 2024-03-20T01:09:03.540854+00:00, run_after=2024-03-21T01:09:03.540854+00:00
[2024-03-20T22:09:03.557-0300] {processor.py:175} INFO - Processing /home/carlosfalcone/.local/lib/python3.7/site-packages/airflow/example_dags/example_skip_dag.py took 0.125 seconds
[2024-03-20T22:09:46.398-0300] {processor.py:153} INFO - Started process (PID=343) to work on /home/carlosfalcone/.local/lib/python3.7/site-packages/airflow/example_dags/example_skip_dag.py
[2024-03-20T22:09:46.399-0300] {processor.py:743} INFO - Processing file /home/carlosfalcone/.local/lib/python3.7/site-packages/airflow/example_dags/example_skip_dag.py for tasks to queue
[2024-03-20T22:09:46.399-0300] {logging_mixin.py:137} INFO - [2024-03-20T22:09:46.399-0300] {dagbag.py:532} INFO - Filling up the DagBag from /home/carlosfalcone/.local/lib/python3.7/site-packages/airflow/example_dags/example_skip_dag.py
[2024-03-20T22:09:46.408-0300] {processor.py:753} INFO - DAG(s) dict_keys(['example_skip_dag']) retrieved from /home/carlosfalcone/.local/lib/python3.7/site-packages/airflow/example_dags/example_skip_dag.py
[2024-03-20T22:09:46.421-0300] {logging_mixin.py:137} INFO - [2024-03-20T22:09:46.421-0300] {dag.py:2705} INFO - Sync 1 DAGs
[2024-03-20T22:09:46.435-0300] {logging_mixin.py:137} INFO - [2024-03-20T22:09:46.435-0300] {dag.py:3456} INFO - Setting next_dagrun for example_skip_dag to 2024-03-20T01:09:46.435363+00:00, run_after=2024-03-21T01:09:46.435363+00:00
[2024-03-20T22:09:46.453-0300] {processor.py:175} INFO - Processing /home/carlosfalcone/.local/lib/python3.7/site-packages/airflow/example_dags/example_skip_dag.py took 0.057 seconds
[2024-03-20T22:10:26.907-0300] {processor.py:153} INFO - Started process (PID=586) to work on /home/carlosfalcone/.local/lib/python3.7/site-packages/airflow/example_dags/example_skip_dag.py
[2024-03-20T22:10:26.908-0300] {processor.py:743} INFO - Processing file /home/carlosfalcone/.local/lib/python3.7/site-packages/airflow/example_dags/example_skip_dag.py for tasks to queue
[2024-03-20T22:10:26.909-0300] {logging_mixin.py:137} INFO - [2024-03-20T22:10:26.909-0300] {dagbag.py:532} INFO - Filling up the DagBag from /home/carlosfalcone/.local/lib/python3.7/site-packages/airflow/example_dags/example_skip_dag.py
[2024-03-20T22:10:26.918-0300] {processor.py:753} INFO - DAG(s) dict_keys(['example_skip_dag']) retrieved from /home/carlosfalcone/.local/lib/python3.7/site-packages/airflow/example_dags/example_skip_dag.py
[2024-03-20T22:10:26.930-0300] {logging_mixin.py:137} INFO - [2024-03-20T22:10:26.930-0300] {dag.py:2705} INFO - Sync 1 DAGs
[2024-03-20T22:10:26.944-0300] {logging_mixin.py:137} INFO - [2024-03-20T22:10:26.944-0300] {dag.py:3456} INFO - Setting next_dagrun for example_skip_dag to 2024-03-20T01:10:26.944681+00:00, run_after=2024-03-21T01:10:26.944681+00:00
[2024-03-20T22:10:26.960-0300] {processor.py:175} INFO - Processing /home/carlosfalcone/.local/lib/python3.7/site-packages/airflow/example_dags/example_skip_dag.py took 0.055 seconds
[2024-03-20T22:11:05.662-0300] {processor.py:153} INFO - Started process (PID=683) to work on /home/carlosfalcone/.local/lib/python3.7/site-packages/airflow/example_dags/example_skip_dag.py
[2024-03-20T22:11:05.662-0300] {processor.py:743} INFO - Processing file /home/carlosfalcone/.local/lib/python3.7/site-packages/airflow/example_dags/example_skip_dag.py for tasks to queue
[2024-03-20T22:11:05.663-0300] {logging_mixin.py:137} INFO - [2024-03-20T22:11:05.663-0300] {dagbag.py:532} INFO - Filling up the DagBag from /home/carlosfalcone/.local/lib/python3.7/site-packages/airflow/example_dags/example_skip_dag.py
[2024-03-20T22:11:05.673-0300] {processor.py:753} INFO - DAG(s) dict_keys(['example_skip_dag']) retrieved from /home/carlosfalcone/.local/lib/python3.7/site-packages/airflow/example_dags/example_skip_dag.py
[2024-03-20T22:11:05.685-0300] {logging_mixin.py:137} INFO - [2024-03-20T22:11:05.685-0300] {dag.py:2705} INFO - Sync 1 DAGs
[2024-03-20T22:11:05.700-0300] {logging_mixin.py:137} INFO - [2024-03-20T22:11:05.700-0300] {dag.py:3456} INFO - Setting next_dagrun for example_skip_dag to 2024-03-20T01:11:05.700492+00:00, run_after=2024-03-21T01:11:05.700492+00:00
[2024-03-20T22:11:05.717-0300] {processor.py:175} INFO - Processing /home/carlosfalcone/.local/lib/python3.7/site-packages/airflow/example_dags/example_skip_dag.py took 0.057 seconds
[2024-03-20T22:11:46.744-0300] {processor.py:153} INFO - Started process (PID=779) to work on /home/carlosfalcone/.local/lib/python3.7/site-packages/airflow/example_dags/example_skip_dag.py
[2024-03-20T22:11:46.745-0300] {processor.py:743} INFO - Processing file /home/carlosfalcone/.local/lib/python3.7/site-packages/airflow/example_dags/example_skip_dag.py for tasks to queue
[2024-03-20T22:11:46.745-0300] {logging_mixin.py:137} INFO - [2024-03-20T22:11:46.745-0300] {dagbag.py:532} INFO - Filling up the DagBag from /home/carlosfalcone/.local/lib/python3.7/site-packages/airflow/example_dags/example_skip_dag.py
[2024-03-20T22:11:46.753-0300] {processor.py:753} INFO - DAG(s) dict_keys(['example_skip_dag']) retrieved from /home/carlosfalcone/.local/lib/python3.7/site-packages/airflow/example_dags/example_skip_dag.py
[2024-03-20T22:11:46.765-0300] {logging_mixin.py:137} INFO - [2024-03-20T22:11:46.765-0300] {dag.py:2705} INFO - Sync 1 DAGs
[2024-03-20T22:11:46.779-0300] {logging_mixin.py:137} INFO - [2024-03-20T22:11:46.779-0300] {dag.py:3456} INFO - Setting next_dagrun for example_skip_dag to 2024-03-20T01:11:46.779201+00:00, run_after=2024-03-21T01:11:46.779201+00:00
[2024-03-20T22:11:46.794-0300] {processor.py:175} INFO - Processing /home/carlosfalcone/.local/lib/python3.7/site-packages/airflow/example_dags/example_skip_dag.py took 0.052 seconds
[2024-03-20T22:12:21.485-0300] {processor.py:153} INFO - Started process (PID=867) to work on /home/carlosfalcone/.local/lib/python3.7/site-packages/airflow/example_dags/example_skip_dag.py
[2024-03-20T22:12:21.486-0300] {processor.py:743} INFO - Processing file /home/carlosfalcone/.local/lib/python3.7/site-packages/airflow/example_dags/example_skip_dag.py for tasks to queue
[2024-03-20T22:12:21.486-0300] {logging_mixin.py:137} INFO - [2024-03-20T22:12:21.486-0300] {dagbag.py:532} INFO - Filling up the DagBag from /home/carlosfalcone/.local/lib/python3.7/site-packages/airflow/example_dags/example_skip_dag.py
[2024-03-20T22:12:21.494-0300] {processor.py:753} INFO - DAG(s) dict_keys(['example_skip_dag']) retrieved from /home/carlosfalcone/.local/lib/python3.7/site-packages/airflow/example_dags/example_skip_dag.py
[2024-03-20T22:12:21.506-0300] {logging_mixin.py:137} INFO - [2024-03-20T22:12:21.506-0300] {dag.py:2705} INFO - Sync 1 DAGs
[2024-03-20T22:12:21.520-0300] {logging_mixin.py:137} INFO - [2024-03-20T22:12:21.520-0300] {dag.py:3456} INFO - Setting next_dagrun for example_skip_dag to 2024-03-20T01:12:21.520499+00:00, run_after=2024-03-21T01:12:21.520499+00:00
[2024-03-20T22:12:21.535-0300] {processor.py:175} INFO - Processing /home/carlosfalcone/.local/lib/python3.7/site-packages/airflow/example_dags/example_skip_dag.py took 0.052 seconds
[2024-03-20T22:12:56.294-0300] {processor.py:153} INFO - Started process (PID=959) to work on /home/carlosfalcone/.local/lib/python3.7/site-packages/airflow/example_dags/example_skip_dag.py
[2024-03-20T22:12:56.295-0300] {processor.py:743} INFO - Processing file /home/carlosfalcone/.local/lib/python3.7/site-packages/airflow/example_dags/example_skip_dag.py for tasks to queue
[2024-03-20T22:12:56.296-0300] {logging_mixin.py:137} INFO - [2024-03-20T22:12:56.296-0300] {dagbag.py:532} INFO - Filling up the DagBag from /home/carlosfalcone/.local/lib/python3.7/site-packages/airflow/example_dags/example_skip_dag.py
[2024-03-20T22:12:56.303-0300] {processor.py:753} INFO - DAG(s) dict_keys(['example_skip_dag']) retrieved from /home/carlosfalcone/.local/lib/python3.7/site-packages/airflow/example_dags/example_skip_dag.py
[2024-03-20T22:12:56.315-0300] {logging_mixin.py:137} INFO - [2024-03-20T22:12:56.315-0300] {dag.py:2705} INFO - Sync 1 DAGs
[2024-03-20T22:12:56.330-0300] {logging_mixin.py:137} INFO - [2024-03-20T22:12:56.329-0300] {dag.py:3456} INFO - Setting next_dagrun for example_skip_dag to 2024-03-20T01:12:56.329576+00:00, run_after=2024-03-21T01:12:56.329576+00:00
[2024-03-20T22:12:56.346-0300] {processor.py:175} INFO - Processing /home/carlosfalcone/.local/lib/python3.7/site-packages/airflow/example_dags/example_skip_dag.py took 0.053 seconds
[2024-03-20T22:13:32.667-0300] {processor.py:153} INFO - Started process (PID=1050) to work on /home/carlosfalcone/.local/lib/python3.7/site-packages/airflow/example_dags/example_skip_dag.py
[2024-03-20T22:13:32.668-0300] {processor.py:743} INFO - Processing file /home/carlosfalcone/.local/lib/python3.7/site-packages/airflow/example_dags/example_skip_dag.py for tasks to queue
[2024-03-20T22:13:32.668-0300] {logging_mixin.py:137} INFO - [2024-03-20T22:13:32.668-0300] {dagbag.py:532} INFO - Filling up the DagBag from /home/carlosfalcone/.local/lib/python3.7/site-packages/airflow/example_dags/example_skip_dag.py
[2024-03-20T22:13:32.676-0300] {processor.py:753} INFO - DAG(s) dict_keys(['example_skip_dag']) retrieved from /home/carlosfalcone/.local/lib/python3.7/site-packages/airflow/example_dags/example_skip_dag.py
[2024-03-20T22:13:32.688-0300] {logging_mixin.py:137} INFO - [2024-03-20T22:13:32.688-0300] {dag.py:2705} INFO - Sync 1 DAGs
[2024-03-20T22:13:32.702-0300] {logging_mixin.py:137} INFO - [2024-03-20T22:13:32.702-0300] {dag.py:3456} INFO - Setting next_dagrun for example_skip_dag to 2024-03-20T01:13:32.702433+00:00, run_after=2024-03-21T01:13:32.702433+00:00
[2024-03-20T22:13:32.717-0300] {processor.py:175} INFO - Processing /home/carlosfalcone/.local/lib/python3.7/site-packages/airflow/example_dags/example_skip_dag.py took 0.052 seconds
[2024-03-20T22:14:11.385-0300] {processor.py:153} INFO - Started process (PID=1115) to work on /home/carlosfalcone/.local/lib/python3.7/site-packages/airflow/example_dags/example_skip_dag.py
[2024-03-20T22:14:11.386-0300] {processor.py:743} INFO - Processing file /home/carlosfalcone/.local/lib/python3.7/site-packages/airflow/example_dags/example_skip_dag.py for tasks to queue
[2024-03-20T22:14:11.386-0300] {logging_mixin.py:137} INFO - [2024-03-20T22:14:11.386-0300] {dagbag.py:532} INFO - Filling up the DagBag from /home/carlosfalcone/.local/lib/python3.7/site-packages/airflow/example_dags/example_skip_dag.py
[2024-03-20T22:14:11.394-0300] {processor.py:753} INFO - DAG(s) dict_keys(['example_skip_dag']) retrieved from /home/carlosfalcone/.local/lib/python3.7/site-packages/airflow/example_dags/example_skip_dag.py
[2024-03-20T22:14:11.406-0300] {logging_mixin.py:137} INFO - [2024-03-20T22:14:11.406-0300] {dag.py:2705} INFO - Sync 1 DAGs
[2024-03-20T22:14:11.419-0300] {logging_mixin.py:137} INFO - [2024-03-20T22:14:11.419-0300] {dag.py:3456} INFO - Setting next_dagrun for example_skip_dag to 2024-03-20T01:14:11.419592+00:00, run_after=2024-03-21T01:14:11.419592+00:00
[2024-03-20T22:14:11.436-0300] {processor.py:175} INFO - Processing /home/carlosfalcone/.local/lib/python3.7/site-packages/airflow/example_dags/example_skip_dag.py took 0.053 seconds
[2024-03-20T22:14:50.219-0300] {processor.py:153} INFO - Started process (PID=1171) to work on /home/carlosfalcone/.local/lib/python3.7/site-packages/airflow/example_dags/example_skip_dag.py
[2024-03-20T22:14:50.220-0300] {processor.py:743} INFO - Processing file /home/carlosfalcone/.local/lib/python3.7/site-packages/airflow/example_dags/example_skip_dag.py for tasks to queue
[2024-03-20T22:14:50.220-0300] {logging_mixin.py:137} INFO - [2024-03-20T22:14:50.220-0300] {dagbag.py:532} INFO - Filling up the DagBag from /home/carlosfalcone/.local/lib/python3.7/site-packages/airflow/example_dags/example_skip_dag.py
[2024-03-20T22:14:50.228-0300] {processor.py:753} INFO - DAG(s) dict_keys(['example_skip_dag']) retrieved from /home/carlosfalcone/.local/lib/python3.7/site-packages/airflow/example_dags/example_skip_dag.py
[2024-03-20T22:14:50.240-0300] {logging_mixin.py:137} INFO - [2024-03-20T22:14:50.239-0300] {dag.py:2705} INFO - Sync 1 DAGs
[2024-03-20T22:14:50.254-0300] {logging_mixin.py:137} INFO - [2024-03-20T22:14:50.254-0300] {dag.py:3456} INFO - Setting next_dagrun for example_skip_dag to 2024-03-20T01:14:50.254597+00:00, run_after=2024-03-21T01:14:50.254597+00:00
[2024-03-20T22:14:50.269-0300] {processor.py:175} INFO - Processing /home/carlosfalcone/.local/lib/python3.7/site-packages/airflow/example_dags/example_skip_dag.py took 0.052 seconds
[2024-03-20T22:15:33.660-0300] {processor.py:153} INFO - Started process (PID=1277) to work on /home/carlosfalcone/.local/lib/python3.7/site-packages/airflow/example_dags/example_skip_dag.py
[2024-03-20T22:15:33.661-0300] {processor.py:743} INFO - Processing file /home/carlosfalcone/.local/lib/python3.7/site-packages/airflow/example_dags/example_skip_dag.py for tasks to queue
[2024-03-20T22:15:33.661-0300] {logging_mixin.py:137} INFO - [2024-03-20T22:15:33.661-0300] {dagbag.py:532} INFO - Filling up the DagBag from /home/carlosfalcone/.local/lib/python3.7/site-packages/airflow/example_dags/example_skip_dag.py
[2024-03-20T22:15:33.669-0300] {processor.py:753} INFO - DAG(s) dict_keys(['example_skip_dag']) retrieved from /home/carlosfalcone/.local/lib/python3.7/site-packages/airflow/example_dags/example_skip_dag.py
[2024-03-20T22:15:33.681-0300] {logging_mixin.py:137} INFO - [2024-03-20T22:15:33.681-0300] {dag.py:2705} INFO - Sync 1 DAGs
[2024-03-20T22:15:33.695-0300] {logging_mixin.py:137} INFO - [2024-03-20T22:15:33.695-0300] {dag.py:3456} INFO - Setting next_dagrun for example_skip_dag to 2024-03-20T01:15:33.695292+00:00, run_after=2024-03-21T01:15:33.695292+00:00
[2024-03-20T22:15:33.711-0300] {processor.py:175} INFO - Processing /home/carlosfalcone/.local/lib/python3.7/site-packages/airflow/example_dags/example_skip_dag.py took 0.052 seconds
[2024-03-20T22:16:09.507-0300] {processor.py:153} INFO - Started process (PID=1373) to work on /home/carlosfalcone/.local/lib/python3.7/site-packages/airflow/example_dags/example_skip_dag.py
[2024-03-20T22:16:09.509-0300] {processor.py:743} INFO - Processing file /home/carlosfalcone/.local/lib/python3.7/site-packages/airflow/example_dags/example_skip_dag.py for tasks to queue
[2024-03-20T22:16:09.509-0300] {logging_mixin.py:137} INFO - [2024-03-20T22:16:09.509-0300] {dagbag.py:532} INFO - Filling up the DagBag from /home/carlosfalcone/.local/lib/python3.7/site-packages/airflow/example_dags/example_skip_dag.py
[2024-03-20T22:16:09.517-0300] {processor.py:753} INFO - DAG(s) dict_keys(['example_skip_dag']) retrieved from /home/carlosfalcone/.local/lib/python3.7/site-packages/airflow/example_dags/example_skip_dag.py
[2024-03-20T22:16:09.529-0300] {logging_mixin.py:137} INFO - [2024-03-20T22:16:09.529-0300] {dag.py:2705} INFO - Sync 1 DAGs
[2024-03-20T22:16:09.543-0300] {logging_mixin.py:137} INFO - [2024-03-20T22:16:09.543-0300] {dag.py:3456} INFO - Setting next_dagrun for example_skip_dag to 2024-03-20T01:16:09.543667+00:00, run_after=2024-03-21T01:16:09.543667+00:00
[2024-03-20T22:16:09.559-0300] {processor.py:175} INFO - Processing /home/carlosfalcone/.local/lib/python3.7/site-packages/airflow/example_dags/example_skip_dag.py took 0.053 seconds
[2024-03-20T22:16:54.909-0300] {processor.py:153} INFO - Started process (PID=1496) to work on /home/carlosfalcone/.local/lib/python3.7/site-packages/airflow/example_dags/example_skip_dag.py
[2024-03-20T22:16:54.910-0300] {processor.py:743} INFO - Processing file /home/carlosfalcone/.local/lib/python3.7/site-packages/airflow/example_dags/example_skip_dag.py for tasks to queue
[2024-03-20T22:16:54.911-0300] {logging_mixin.py:137} INFO - [2024-03-20T22:16:54.911-0300] {dagbag.py:532} INFO - Filling up the DagBag from /home/carlosfalcone/.local/lib/python3.7/site-packages/airflow/example_dags/example_skip_dag.py
[2024-03-20T22:16:54.918-0300] {processor.py:753} INFO - DAG(s) dict_keys(['example_skip_dag']) retrieved from /home/carlosfalcone/.local/lib/python3.7/site-packages/airflow/example_dags/example_skip_dag.py
[2024-03-20T22:16:54.930-0300] {logging_mixin.py:137} INFO - [2024-03-20T22:16:54.930-0300] {dag.py:2705} INFO - Sync 1 DAGs
[2024-03-20T22:16:54.943-0300] {logging_mixin.py:137} INFO - [2024-03-20T22:16:54.943-0300] {dag.py:3456} INFO - Setting next_dagrun for example_skip_dag to 2024-03-20T01:16:54.943774+00:00, run_after=2024-03-21T01:16:54.943774+00:00
[2024-03-20T22:16:54.961-0300] {processor.py:175} INFO - Processing /home/carlosfalcone/.local/lib/python3.7/site-packages/airflow/example_dags/example_skip_dag.py took 0.053 seconds
[2024-03-20T22:17:32.656-0300] {processor.py:153} INFO - Started process (PID=1587) to work on /home/carlosfalcone/.local/lib/python3.7/site-packages/airflow/example_dags/example_skip_dag.py
[2024-03-20T22:17:32.657-0300] {processor.py:743} INFO - Processing file /home/carlosfalcone/.local/lib/python3.7/site-packages/airflow/example_dags/example_skip_dag.py for tasks to queue
[2024-03-20T22:17:32.657-0300] {logging_mixin.py:137} INFO - [2024-03-20T22:17:32.657-0300] {dagbag.py:532} INFO - Filling up the DagBag from /home/carlosfalcone/.local/lib/python3.7/site-packages/airflow/example_dags/example_skip_dag.py
[2024-03-20T22:17:32.665-0300] {processor.py:753} INFO - DAG(s) dict_keys(['example_skip_dag']) retrieved from /home/carlosfalcone/.local/lib/python3.7/site-packages/airflow/example_dags/example_skip_dag.py
[2024-03-20T22:17:32.677-0300] {logging_mixin.py:137} INFO - [2024-03-20T22:17:32.677-0300] {dag.py:2705} INFO - Sync 1 DAGs
[2024-03-20T22:17:32.691-0300] {logging_mixin.py:137} INFO - [2024-03-20T22:17:32.691-0300] {dag.py:3456} INFO - Setting next_dagrun for example_skip_dag to 2024-03-20T01:17:32.691126+00:00, run_after=2024-03-21T01:17:32.691126+00:00
[2024-03-20T22:17:32.705-0300] {processor.py:175} INFO - Processing /home/carlosfalcone/.local/lib/python3.7/site-packages/airflow/example_dags/example_skip_dag.py took 0.051 seconds
[2024-03-20T22:18:07.523-0300] {processor.py:153} INFO - Started process (PID=1678) to work on /home/carlosfalcone/.local/lib/python3.7/site-packages/airflow/example_dags/example_skip_dag.py
[2024-03-20T22:18:07.523-0300] {processor.py:743} INFO - Processing file /home/carlosfalcone/.local/lib/python3.7/site-packages/airflow/example_dags/example_skip_dag.py for tasks to queue
[2024-03-20T22:18:07.524-0300] {logging_mixin.py:137} INFO - [2024-03-20T22:18:07.524-0300] {dagbag.py:532} INFO - Filling up the DagBag from /home/carlosfalcone/.local/lib/python3.7/site-packages/airflow/example_dags/example_skip_dag.py
[2024-03-20T22:18:07.532-0300] {processor.py:753} INFO - DAG(s) dict_keys(['example_skip_dag']) retrieved from /home/carlosfalcone/.local/lib/python3.7/site-packages/airflow/example_dags/example_skip_dag.py
[2024-03-20T22:18:07.543-0300] {logging_mixin.py:137} INFO - [2024-03-20T22:18:07.543-0300] {dag.py:2705} INFO - Sync 1 DAGs
[2024-03-20T22:18:07.557-0300] {logging_mixin.py:137} INFO - [2024-03-20T22:18:07.557-0300] {dag.py:3456} INFO - Setting next_dagrun for example_skip_dag to 2024-03-20T01:18:07.557532+00:00, run_after=2024-03-21T01:18:07.557532+00:00
[2024-03-20T22:18:07.573-0300] {processor.py:175} INFO - Processing /home/carlosfalcone/.local/lib/python3.7/site-packages/airflow/example_dags/example_skip_dag.py took 0.052 seconds
[2024-03-21T11:23:37.118-0300] {processor.py:153} INFO - Started process (PID=96) to work on /home/carlosfalcone/.local/lib/python3.7/site-packages/airflow/example_dags/example_skip_dag.py
[2024-03-21T11:23:37.119-0300] {processor.py:743} INFO - Processing file /home/carlosfalcone/.local/lib/python3.7/site-packages/airflow/example_dags/example_skip_dag.py for tasks to queue
[2024-03-21T11:23:37.120-0300] {logging_mixin.py:137} INFO - [2024-03-21T11:23:37.120-0300] {dagbag.py:532} INFO - Filling up the DagBag from /home/carlosfalcone/.local/lib/python3.7/site-packages/airflow/example_dags/example_skip_dag.py
[2024-03-21T11:23:37.128-0300] {processor.py:753} INFO - DAG(s) dict_keys(['example_skip_dag']) retrieved from /home/carlosfalcone/.local/lib/python3.7/site-packages/airflow/example_dags/example_skip_dag.py
[2024-03-21T11:23:37.142-0300] {logging_mixin.py:137} INFO - [2024-03-21T11:23:37.142-0300] {dag.py:2705} INFO - Sync 1 DAGs
[2024-03-21T11:23:37.160-0300] {logging_mixin.py:137} INFO - [2024-03-21T11:23:37.160-0300] {dag.py:3456} INFO - Setting next_dagrun for example_skip_dag to 2024-03-20T14:23:37.160169+00:00, run_after=2024-03-21T14:23:37.160169+00:00
[2024-03-21T11:23:37.180-0300] {processor.py:175} INFO - Processing /home/carlosfalcone/.local/lib/python3.7/site-packages/airflow/example_dags/example_skip_dag.py took 0.063 seconds
[2024-03-21T11:24:15.480-0300] {processor.py:153} INFO - Started process (PID=307) to work on /home/carlosfalcone/.local/lib/python3.7/site-packages/airflow/example_dags/example_skip_dag.py
[2024-03-21T11:24:15.481-0300] {processor.py:743} INFO - Processing file /home/carlosfalcone/.local/lib/python3.7/site-packages/airflow/example_dags/example_skip_dag.py for tasks to queue
[2024-03-21T11:24:15.481-0300] {logging_mixin.py:137} INFO - [2024-03-21T11:24:15.481-0300] {dagbag.py:532} INFO - Filling up the DagBag from /home/carlosfalcone/.local/lib/python3.7/site-packages/airflow/example_dags/example_skip_dag.py
[2024-03-21T11:24:15.490-0300] {processor.py:753} INFO - DAG(s) dict_keys(['example_skip_dag']) retrieved from /home/carlosfalcone/.local/lib/python3.7/site-packages/airflow/example_dags/example_skip_dag.py
[2024-03-21T11:24:15.502-0300] {logging_mixin.py:137} INFO - [2024-03-21T11:24:15.502-0300] {dag.py:2705} INFO - Sync 1 DAGs
[2024-03-21T11:24:15.516-0300] {logging_mixin.py:137} INFO - [2024-03-21T11:24:15.516-0300] {dag.py:3456} INFO - Setting next_dagrun for example_skip_dag to 2024-03-20T14:24:15.515951+00:00, run_after=2024-03-21T14:24:15.515951+00:00
[2024-03-21T11:24:15.531-0300] {processor.py:175} INFO - Processing /home/carlosfalcone/.local/lib/python3.7/site-packages/airflow/example_dags/example_skip_dag.py took 0.053 seconds
[2024-03-21T11:24:55.294-0300] {processor.py:153} INFO - Started process (PID=406) to work on /home/carlosfalcone/.local/lib/python3.7/site-packages/airflow/example_dags/example_skip_dag.py
[2024-03-21T11:24:55.294-0300] {processor.py:743} INFO - Processing file /home/carlosfalcone/.local/lib/python3.7/site-packages/airflow/example_dags/example_skip_dag.py for tasks to queue
[2024-03-21T11:24:55.295-0300] {logging_mixin.py:137} INFO - [2024-03-21T11:24:55.295-0300] {dagbag.py:532} INFO - Filling up the DagBag from /home/carlosfalcone/.local/lib/python3.7/site-packages/airflow/example_dags/example_skip_dag.py
[2024-03-21T11:24:55.303-0300] {processor.py:753} INFO - DAG(s) dict_keys(['example_skip_dag']) retrieved from /home/carlosfalcone/.local/lib/python3.7/site-packages/airflow/example_dags/example_skip_dag.py
[2024-03-21T11:24:55.316-0300] {logging_mixin.py:137} INFO - [2024-03-21T11:24:55.316-0300] {dag.py:2705} INFO - Sync 1 DAGs
[2024-03-21T11:24:55.330-0300] {logging_mixin.py:137} INFO - [2024-03-21T11:24:55.330-0300] {dag.py:3456} INFO - Setting next_dagrun for example_skip_dag to 2024-03-20T14:24:55.330588+00:00, run_after=2024-03-21T14:24:55.330588+00:00
[2024-03-21T11:24:55.346-0300] {processor.py:175} INFO - Processing /home/carlosfalcone/.local/lib/python3.7/site-packages/airflow/example_dags/example_skip_dag.py took 0.054 seconds
