[2024-03-20T22:08:59.636-0300] {processor.py:153} INFO - Started process (PID=287) to work on /home/carlosfalcone/.local/lib/python3.7/site-packages/airflow/example_dags/example_task_group.py
[2024-03-20T22:08:59.637-0300] {processor.py:743} INFO - Processing file /home/carlosfalcone/.local/lib/python3.7/site-packages/airflow/example_dags/example_task_group.py for tasks to queue
[2024-03-20T22:08:59.637-0300] {logging_mixin.py:137} INFO - [2024-03-20T22:08:59.637-0300] {dagbag.py:532} INFO - Filling up the DagBag from /home/carlosfalcone/.local/lib/python3.7/site-packages/airflow/example_dags/example_task_group.py
[2024-03-20T22:08:59.645-0300] {processor.py:753} INFO - DAG(s) dict_keys(['example_task_group']) retrieved from /home/carlosfalcone/.local/lib/python3.7/site-packages/airflow/example_dags/example_task_group.py
[2024-03-20T22:08:59.714-0300] {logging_mixin.py:137} INFO - [2024-03-20T22:08:59.714-0300] {manager.py:504} INFO - Created Permission View: can delete on DAG:example_task_group
[2024-03-20T22:08:59.722-0300] {logging_mixin.py:137} INFO - [2024-03-20T22:08:59.722-0300] {manager.py:504} INFO - Created Permission View: can read on DAG:example_task_group
[2024-03-20T22:08:59.728-0300] {logging_mixin.py:137} INFO - [2024-03-20T22:08:59.728-0300] {manager.py:504} INFO - Created Permission View: can edit on DAG:example_task_group
[2024-03-20T22:08:59.728-0300] {logging_mixin.py:137} INFO - [2024-03-20T22:08:59.728-0300] {dag.py:2705} INFO - Sync 1 DAGs
[2024-03-20T22:08:59.735-0300] {logging_mixin.py:137} INFO - [2024-03-20T22:08:59.735-0300] {dag.py:2726} INFO - Creating ORM DAG for example_task_group
[2024-03-20T22:08:59.741-0300] {logging_mixin.py:137} INFO - [2024-03-20T22:08:59.741-0300] {dag.py:3456} INFO - Setting next_dagrun for example_task_group to 2024-03-20T01:08:59.741561+00:00, run_after=2024-03-21T01:08:59.741561+00:00
[2024-03-20T22:08:59.757-0300] {processor.py:175} INFO - Processing /home/carlosfalcone/.local/lib/python3.7/site-packages/airflow/example_dags/example_task_group.py took 0.123 seconds
[2024-03-20T22:09:43.525-0300] {processor.py:153} INFO - Started process (PID=340) to work on /home/carlosfalcone/.local/lib/python3.7/site-packages/airflow/example_dags/example_task_group.py
[2024-03-20T22:09:43.526-0300] {processor.py:743} INFO - Processing file /home/carlosfalcone/.local/lib/python3.7/site-packages/airflow/example_dags/example_task_group.py for tasks to queue
[2024-03-20T22:09:43.527-0300] {logging_mixin.py:137} INFO - [2024-03-20T22:09:43.527-0300] {dagbag.py:532} INFO - Filling up the DagBag from /home/carlosfalcone/.local/lib/python3.7/site-packages/airflow/example_dags/example_task_group.py
[2024-03-20T22:09:43.536-0300] {processor.py:753} INFO - DAG(s) dict_keys(['example_task_group']) retrieved from /home/carlosfalcone/.local/lib/python3.7/site-packages/airflow/example_dags/example_task_group.py
[2024-03-20T22:09:43.548-0300] {logging_mixin.py:137} INFO - [2024-03-20T22:09:43.548-0300] {dag.py:2705} INFO - Sync 1 DAGs
[2024-03-20T22:09:43.562-0300] {logging_mixin.py:137} INFO - [2024-03-20T22:09:43.562-0300] {dag.py:3456} INFO - Setting next_dagrun for example_task_group to 2024-03-20T01:09:43.562095+00:00, run_after=2024-03-21T01:09:43.562095+00:00
[2024-03-20T22:09:43.576-0300] {processor.py:175} INFO - Processing /home/carlosfalcone/.local/lib/python3.7/site-packages/airflow/example_dags/example_task_group.py took 0.052 seconds
[2024-03-20T22:10:23.525-0300] {processor.py:153} INFO - Started process (PID=580) to work on /home/carlosfalcone/.local/lib/python3.7/site-packages/airflow/example_dags/example_task_group.py
[2024-03-20T22:10:23.526-0300] {processor.py:743} INFO - Processing file /home/carlosfalcone/.local/lib/python3.7/site-packages/airflow/example_dags/example_task_group.py for tasks to queue
[2024-03-20T22:10:23.527-0300] {logging_mixin.py:137} INFO - [2024-03-20T22:10:23.526-0300] {dagbag.py:532} INFO - Filling up the DagBag from /home/carlosfalcone/.local/lib/python3.7/site-packages/airflow/example_dags/example_task_group.py
[2024-03-20T22:10:23.536-0300] {processor.py:753} INFO - DAG(s) dict_keys(['example_task_group']) retrieved from /home/carlosfalcone/.local/lib/python3.7/site-packages/airflow/example_dags/example_task_group.py
[2024-03-20T22:10:23.549-0300] {logging_mixin.py:137} INFO - [2024-03-20T22:10:23.549-0300] {dag.py:2705} INFO - Sync 1 DAGs
[2024-03-20T22:10:23.563-0300] {logging_mixin.py:137} INFO - [2024-03-20T22:10:23.563-0300] {dag.py:3456} INFO - Setting next_dagrun for example_task_group to 2024-03-20T01:10:23.563239+00:00, run_after=2024-03-21T01:10:23.563239+00:00
[2024-03-20T22:10:23.578-0300] {processor.py:175} INFO - Processing /home/carlosfalcone/.local/lib/python3.7/site-packages/airflow/example_dags/example_task_group.py took 0.055 seconds
[2024-03-20T22:11:03.252-0300] {processor.py:153} INFO - Started process (PID=676) to work on /home/carlosfalcone/.local/lib/python3.7/site-packages/airflow/example_dags/example_task_group.py
[2024-03-20T22:11:03.253-0300] {processor.py:743} INFO - Processing file /home/carlosfalcone/.local/lib/python3.7/site-packages/airflow/example_dags/example_task_group.py for tasks to queue
[2024-03-20T22:11:03.253-0300] {logging_mixin.py:137} INFO - [2024-03-20T22:11:03.253-0300] {dagbag.py:532} INFO - Filling up the DagBag from /home/carlosfalcone/.local/lib/python3.7/site-packages/airflow/example_dags/example_task_group.py
[2024-03-20T22:11:03.262-0300] {processor.py:753} INFO - DAG(s) dict_keys(['example_task_group']) retrieved from /home/carlosfalcone/.local/lib/python3.7/site-packages/airflow/example_dags/example_task_group.py
[2024-03-20T22:11:03.275-0300] {logging_mixin.py:137} INFO - [2024-03-20T22:11:03.275-0300] {dag.py:2705} INFO - Sync 1 DAGs
[2024-03-20T22:11:03.290-0300] {logging_mixin.py:137} INFO - [2024-03-20T22:11:03.290-0300] {dag.py:3456} INFO - Setting next_dagrun for example_task_group to 2024-03-20T01:11:03.289979+00:00, run_after=2024-03-21T01:11:03.289979+00:00
[2024-03-20T22:11:03.306-0300] {processor.py:175} INFO - Processing /home/carlosfalcone/.local/lib/python3.7/site-packages/airflow/example_dags/example_task_group.py took 0.056 seconds
[2024-03-20T22:11:43.685-0300] {processor.py:153} INFO - Started process (PID=773) to work on /home/carlosfalcone/.local/lib/python3.7/site-packages/airflow/example_dags/example_task_group.py
[2024-03-20T22:11:43.686-0300] {processor.py:743} INFO - Processing file /home/carlosfalcone/.local/lib/python3.7/site-packages/airflow/example_dags/example_task_group.py for tasks to queue
[2024-03-20T22:11:43.686-0300] {logging_mixin.py:137} INFO - [2024-03-20T22:11:43.686-0300] {dagbag.py:532} INFO - Filling up the DagBag from /home/carlosfalcone/.local/lib/python3.7/site-packages/airflow/example_dags/example_task_group.py
[2024-03-20T22:11:43.695-0300] {processor.py:753} INFO - DAG(s) dict_keys(['example_task_group']) retrieved from /home/carlosfalcone/.local/lib/python3.7/site-packages/airflow/example_dags/example_task_group.py
[2024-03-20T22:11:43.707-0300] {logging_mixin.py:137} INFO - [2024-03-20T22:11:43.706-0300] {dag.py:2705} INFO - Sync 1 DAGs
[2024-03-20T22:11:43.721-0300] {logging_mixin.py:137} INFO - [2024-03-20T22:11:43.721-0300] {dag.py:3456} INFO - Setting next_dagrun for example_task_group to 2024-03-20T01:11:43.720976+00:00, run_after=2024-03-21T01:11:43.720976+00:00
[2024-03-20T22:11:43.737-0300] {processor.py:175} INFO - Processing /home/carlosfalcone/.local/lib/python3.7/site-packages/airflow/example_dags/example_task_group.py took 0.054 seconds
[2024-03-20T22:12:18.603-0300] {processor.py:153} INFO - Started process (PID=861) to work on /home/carlosfalcone/.local/lib/python3.7/site-packages/airflow/example_dags/example_task_group.py
[2024-03-20T22:12:18.604-0300] {processor.py:743} INFO - Processing file /home/carlosfalcone/.local/lib/python3.7/site-packages/airflow/example_dags/example_task_group.py for tasks to queue
[2024-03-20T22:12:18.604-0300] {logging_mixin.py:137} INFO - [2024-03-20T22:12:18.604-0300] {dagbag.py:532} INFO - Filling up the DagBag from /home/carlosfalcone/.local/lib/python3.7/site-packages/airflow/example_dags/example_task_group.py
[2024-03-20T22:12:18.613-0300] {processor.py:753} INFO - DAG(s) dict_keys(['example_task_group']) retrieved from /home/carlosfalcone/.local/lib/python3.7/site-packages/airflow/example_dags/example_task_group.py
[2024-03-20T22:12:18.626-0300] {logging_mixin.py:137} INFO - [2024-03-20T22:12:18.626-0300] {dag.py:2705} INFO - Sync 1 DAGs
[2024-03-20T22:12:18.639-0300] {logging_mixin.py:137} INFO - [2024-03-20T22:12:18.639-0300] {dag.py:3456} INFO - Setting next_dagrun for example_task_group to 2024-03-20T01:12:18.639656+00:00, run_after=2024-03-21T01:12:18.639656+00:00
[2024-03-20T22:12:18.659-0300] {processor.py:175} INFO - Processing /home/carlosfalcone/.local/lib/python3.7/site-packages/airflow/example_dags/example_task_group.py took 0.057 seconds
[2024-03-20T22:12:53.283-0300] {processor.py:153} INFO - Started process (PID=950) to work on /home/carlosfalcone/.local/lib/python3.7/site-packages/airflow/example_dags/example_task_group.py
[2024-03-20T22:12:53.284-0300] {processor.py:743} INFO - Processing file /home/carlosfalcone/.local/lib/python3.7/site-packages/airflow/example_dags/example_task_group.py for tasks to queue
[2024-03-20T22:12:53.284-0300] {logging_mixin.py:137} INFO - [2024-03-20T22:12:53.284-0300] {dagbag.py:532} INFO - Filling up the DagBag from /home/carlosfalcone/.local/lib/python3.7/site-packages/airflow/example_dags/example_task_group.py
[2024-03-20T22:12:53.293-0300] {processor.py:753} INFO - DAG(s) dict_keys(['example_task_group']) retrieved from /home/carlosfalcone/.local/lib/python3.7/site-packages/airflow/example_dags/example_task_group.py
[2024-03-20T22:12:53.305-0300] {logging_mixin.py:137} INFO - [2024-03-20T22:12:53.305-0300] {dag.py:2705} INFO - Sync 1 DAGs
[2024-03-20T22:12:53.319-0300] {logging_mixin.py:137} INFO - [2024-03-20T22:12:53.319-0300] {dag.py:3456} INFO - Setting next_dagrun for example_task_group to 2024-03-20T01:12:53.319148+00:00, run_after=2024-03-21T01:12:53.319148+00:00
[2024-03-20T22:12:53.335-0300] {processor.py:175} INFO - Processing /home/carlosfalcone/.local/lib/python3.7/site-packages/airflow/example_dags/example_task_group.py took 0.053 seconds
[2024-03-20T22:13:30.384-0300] {processor.py:153} INFO - Started process (PID=1041) to work on /home/carlosfalcone/.local/lib/python3.7/site-packages/airflow/example_dags/example_task_group.py
[2024-03-20T22:13:30.385-0300] {processor.py:743} INFO - Processing file /home/carlosfalcone/.local/lib/python3.7/site-packages/airflow/example_dags/example_task_group.py for tasks to queue
[2024-03-20T22:13:30.386-0300] {logging_mixin.py:137} INFO - [2024-03-20T22:13:30.385-0300] {dagbag.py:532} INFO - Filling up the DagBag from /home/carlosfalcone/.local/lib/python3.7/site-packages/airflow/example_dags/example_task_group.py
[2024-03-20T22:13:30.394-0300] {processor.py:753} INFO - DAG(s) dict_keys(['example_task_group']) retrieved from /home/carlosfalcone/.local/lib/python3.7/site-packages/airflow/example_dags/example_task_group.py
[2024-03-20T22:13:30.406-0300] {logging_mixin.py:137} INFO - [2024-03-20T22:13:30.406-0300] {dag.py:2705} INFO - Sync 1 DAGs
[2024-03-20T22:13:30.420-0300] {logging_mixin.py:137} INFO - [2024-03-20T22:13:30.420-0300] {dag.py:3456} INFO - Setting next_dagrun for example_task_group to 2024-03-20T01:13:30.419950+00:00, run_after=2024-03-21T01:13:30.419950+00:00
[2024-03-20T22:13:30.437-0300] {processor.py:175} INFO - Processing /home/carlosfalcone/.local/lib/python3.7/site-packages/airflow/example_dags/example_task_group.py took 0.055 seconds
[2024-03-20T22:14:07.994-0300] {processor.py:153} INFO - Started process (PID=1112) to work on /home/carlosfalcone/.local/lib/python3.7/site-packages/airflow/example_dags/example_task_group.py
[2024-03-20T22:14:07.995-0300] {processor.py:743} INFO - Processing file /home/carlosfalcone/.local/lib/python3.7/site-packages/airflow/example_dags/example_task_group.py for tasks to queue
[2024-03-20T22:14:07.995-0300] {logging_mixin.py:137} INFO - [2024-03-20T22:14:07.995-0300] {dagbag.py:532} INFO - Filling up the DagBag from /home/carlosfalcone/.local/lib/python3.7/site-packages/airflow/example_dags/example_task_group.py
[2024-03-20T22:14:08.004-0300] {processor.py:753} INFO - DAG(s) dict_keys(['example_task_group']) retrieved from /home/carlosfalcone/.local/lib/python3.7/site-packages/airflow/example_dags/example_task_group.py
[2024-03-20T22:14:08.016-0300] {logging_mixin.py:137} INFO - [2024-03-20T22:14:08.016-0300] {dag.py:2705} INFO - Sync 1 DAGs
[2024-03-20T22:14:08.030-0300] {logging_mixin.py:137} INFO - [2024-03-20T22:14:08.030-0300] {dag.py:3456} INFO - Setting next_dagrun for example_task_group to 2024-03-20T01:14:08.030377+00:00, run_after=2024-03-21T01:14:08.030377+00:00
[2024-03-20T22:14:08.045-0300] {processor.py:175} INFO - Processing /home/carlosfalcone/.local/lib/python3.7/site-packages/airflow/example_dags/example_task_group.py took 0.053 seconds
[2024-03-20T22:14:47.338-0300] {processor.py:153} INFO - Started process (PID=1165) to work on /home/carlosfalcone/.local/lib/python3.7/site-packages/airflow/example_dags/example_task_group.py
[2024-03-20T22:14:47.339-0300] {processor.py:743} INFO - Processing file /home/carlosfalcone/.local/lib/python3.7/site-packages/airflow/example_dags/example_task_group.py for tasks to queue
[2024-03-20T22:14:47.339-0300] {logging_mixin.py:137} INFO - [2024-03-20T22:14:47.339-0300] {dagbag.py:532} INFO - Filling up the DagBag from /home/carlosfalcone/.local/lib/python3.7/site-packages/airflow/example_dags/example_task_group.py
[2024-03-20T22:14:47.348-0300] {processor.py:753} INFO - DAG(s) dict_keys(['example_task_group']) retrieved from /home/carlosfalcone/.local/lib/python3.7/site-packages/airflow/example_dags/example_task_group.py
[2024-03-20T22:14:47.360-0300] {logging_mixin.py:137} INFO - [2024-03-20T22:14:47.360-0300] {dag.py:2705} INFO - Sync 1 DAGs
[2024-03-20T22:14:47.374-0300] {logging_mixin.py:137} INFO - [2024-03-20T22:14:47.374-0300] {dag.py:3456} INFO - Setting next_dagrun for example_task_group to 2024-03-20T01:14:47.374465+00:00, run_after=2024-03-21T01:14:47.374465+00:00
[2024-03-20T22:14:47.389-0300] {processor.py:175} INFO - Processing /home/carlosfalcone/.local/lib/python3.7/site-packages/airflow/example_dags/example_task_group.py took 0.053 seconds
[2024-03-20T22:15:30.270-0300] {processor.py:153} INFO - Started process (PID=1271) to work on /home/carlosfalcone/.local/lib/python3.7/site-packages/airflow/example_dags/example_task_group.py
[2024-03-20T22:15:30.271-0300] {processor.py:743} INFO - Processing file /home/carlosfalcone/.local/lib/python3.7/site-packages/airflow/example_dags/example_task_group.py for tasks to queue
[2024-03-20T22:15:30.271-0300] {logging_mixin.py:137} INFO - [2024-03-20T22:15:30.271-0300] {dagbag.py:532} INFO - Filling up the DagBag from /home/carlosfalcone/.local/lib/python3.7/site-packages/airflow/example_dags/example_task_group.py
[2024-03-20T22:15:30.280-0300] {processor.py:753} INFO - DAG(s) dict_keys(['example_task_group']) retrieved from /home/carlosfalcone/.local/lib/python3.7/site-packages/airflow/example_dags/example_task_group.py
[2024-03-20T22:15:30.292-0300] {logging_mixin.py:137} INFO - [2024-03-20T22:15:30.292-0300] {dag.py:2705} INFO - Sync 1 DAGs
[2024-03-20T22:15:30.307-0300] {logging_mixin.py:137} INFO - [2024-03-20T22:15:30.307-0300] {dag.py:3456} INFO - Setting next_dagrun for example_task_group to 2024-03-20T01:15:30.307065+00:00, run_after=2024-03-21T01:15:30.307065+00:00
[2024-03-20T22:15:30.322-0300] {processor.py:175} INFO - Processing /home/carlosfalcone/.local/lib/python3.7/site-packages/airflow/example_dags/example_task_group.py took 0.054 seconds
[2024-03-20T22:16:06.117-0300] {processor.py:153} INFO - Started process (PID=1364) to work on /home/carlosfalcone/.local/lib/python3.7/site-packages/airflow/example_dags/example_task_group.py
[2024-03-20T22:16:06.118-0300] {processor.py:743} INFO - Processing file /home/carlosfalcone/.local/lib/python3.7/site-packages/airflow/example_dags/example_task_group.py for tasks to queue
[2024-03-20T22:16:06.119-0300] {logging_mixin.py:137} INFO - [2024-03-20T22:16:06.119-0300] {dagbag.py:532} INFO - Filling up the DagBag from /home/carlosfalcone/.local/lib/python3.7/site-packages/airflow/example_dags/example_task_group.py
[2024-03-20T22:16:06.127-0300] {processor.py:753} INFO - DAG(s) dict_keys(['example_task_group']) retrieved from /home/carlosfalcone/.local/lib/python3.7/site-packages/airflow/example_dags/example_task_group.py
[2024-03-20T22:16:06.139-0300] {logging_mixin.py:137} INFO - [2024-03-20T22:16:06.139-0300] {dag.py:2705} INFO - Sync 1 DAGs
[2024-03-20T22:16:06.153-0300] {logging_mixin.py:137} INFO - [2024-03-20T22:16:06.153-0300] {dag.py:3456} INFO - Setting next_dagrun for example_task_group to 2024-03-20T01:16:06.153048+00:00, run_after=2024-03-21T01:16:06.153048+00:00
[2024-03-20T22:16:06.168-0300] {processor.py:175} INFO - Processing /home/carlosfalcone/.local/lib/python3.7/site-packages/airflow/example_dags/example_task_group.py took 0.052 seconds
[2024-03-20T22:16:39.778-0300] {processor.py:153} INFO - Started process (PID=1457) to work on /home/carlosfalcone/.local/lib/python3.7/site-packages/airflow/example_dags/example_task_group.py
[2024-03-20T22:16:39.779-0300] {processor.py:743} INFO - Processing file /home/carlosfalcone/.local/lib/python3.7/site-packages/airflow/example_dags/example_task_group.py for tasks to queue
[2024-03-20T22:16:39.780-0300] {logging_mixin.py:137} INFO - [2024-03-20T22:16:39.780-0300] {dagbag.py:532} INFO - Filling up the DagBag from /home/carlosfalcone/.local/lib/python3.7/site-packages/airflow/example_dags/example_task_group.py
[2024-03-20T22:16:39.789-0300] {processor.py:753} INFO - DAG(s) dict_keys(['example_task_group']) retrieved from /home/carlosfalcone/.local/lib/python3.7/site-packages/airflow/example_dags/example_task_group.py
[2024-03-20T22:16:39.802-0300] {logging_mixin.py:137} INFO - [2024-03-20T22:16:39.802-0300] {dag.py:2705} INFO - Sync 1 DAGs
[2024-03-20T22:16:39.817-0300] {logging_mixin.py:137} INFO - [2024-03-20T22:16:39.817-0300] {dag.py:3456} INFO - Setting next_dagrun for example_task_group to 2024-03-20T01:16:39.816946+00:00, run_after=2024-03-21T01:16:39.816946+00:00
[2024-03-20T22:16:39.832-0300] {processor.py:175} INFO - Processing /home/carlosfalcone/.local/lib/python3.7/site-packages/airflow/example_dags/example_task_group.py took 0.055 seconds
[2024-03-20T22:17:16.769-0300] {processor.py:153} INFO - Started process (PID=1548) to work on /home/carlosfalcone/.local/lib/python3.7/site-packages/airflow/example_dags/example_task_group.py
[2024-03-20T22:17:16.770-0300] {processor.py:743} INFO - Processing file /home/carlosfalcone/.local/lib/python3.7/site-packages/airflow/example_dags/example_task_group.py for tasks to queue
[2024-03-20T22:17:16.771-0300] {logging_mixin.py:137} INFO - [2024-03-20T22:17:16.770-0300] {dagbag.py:532} INFO - Filling up the DagBag from /home/carlosfalcone/.local/lib/python3.7/site-packages/airflow/example_dags/example_task_group.py
[2024-03-20T22:17:16.779-0300] {processor.py:753} INFO - DAG(s) dict_keys(['example_task_group']) retrieved from /home/carlosfalcone/.local/lib/python3.7/site-packages/airflow/example_dags/example_task_group.py
[2024-03-20T22:17:16.791-0300] {logging_mixin.py:137} INFO - [2024-03-20T22:17:16.791-0300] {dag.py:2705} INFO - Sync 1 DAGs
[2024-03-20T22:17:16.805-0300] {logging_mixin.py:137} INFO - [2024-03-20T22:17:16.805-0300] {dag.py:3456} INFO - Setting next_dagrun for example_task_group to 2024-03-20T01:17:16.804984+00:00, run_after=2024-03-21T01:17:16.804984+00:00
[2024-03-20T22:17:16.820-0300] {processor.py:175} INFO - Processing /home/carlosfalcone/.local/lib/python3.7/site-packages/airflow/example_dags/example_task_group.py took 0.053 seconds
[2024-03-20T22:17:52.973-0300] {processor.py:153} INFO - Started process (PID=1639) to work on /home/carlosfalcone/.local/lib/python3.7/site-packages/airflow/example_dags/example_task_group.py
[2024-03-20T22:17:52.974-0300] {processor.py:743} INFO - Processing file /home/carlosfalcone/.local/lib/python3.7/site-packages/airflow/example_dags/example_task_group.py for tasks to queue
[2024-03-20T22:17:52.974-0300] {logging_mixin.py:137} INFO - [2024-03-20T22:17:52.974-0300] {dagbag.py:532} INFO - Filling up the DagBag from /home/carlosfalcone/.local/lib/python3.7/site-packages/airflow/example_dags/example_task_group.py
[2024-03-20T22:17:52.983-0300] {processor.py:753} INFO - DAG(s) dict_keys(['example_task_group']) retrieved from /home/carlosfalcone/.local/lib/python3.7/site-packages/airflow/example_dags/example_task_group.py
[2024-03-20T22:17:52.995-0300] {logging_mixin.py:137} INFO - [2024-03-20T22:17:52.995-0300] {dag.py:2705} INFO - Sync 1 DAGs
[2024-03-20T22:17:53.009-0300] {logging_mixin.py:137} INFO - [2024-03-20T22:17:53.009-0300] {dag.py:3456} INFO - Setting next_dagrun for example_task_group to 2024-03-20T01:17:53.009164+00:00, run_after=2024-03-21T01:17:53.009164+00:00
[2024-03-20T22:17:53.024-0300] {processor.py:175} INFO - Processing /home/carlosfalcone/.local/lib/python3.7/site-packages/airflow/example_dags/example_task_group.py took 0.053 seconds
[2024-03-21T11:23:34.264-0300] {processor.py:153} INFO - Started process (PID=89) to work on /home/carlosfalcone/.local/lib/python3.7/site-packages/airflow/example_dags/example_task_group.py
[2024-03-21T11:23:34.266-0300] {processor.py:743} INFO - Processing file /home/carlosfalcone/.local/lib/python3.7/site-packages/airflow/example_dags/example_task_group.py for tasks to queue
[2024-03-21T11:23:34.266-0300] {logging_mixin.py:137} INFO - [2024-03-21T11:23:34.266-0300] {dagbag.py:532} INFO - Filling up the DagBag from /home/carlosfalcone/.local/lib/python3.7/site-packages/airflow/example_dags/example_task_group.py
[2024-03-21T11:23:34.275-0300] {processor.py:753} INFO - DAG(s) dict_keys(['example_task_group']) retrieved from /home/carlosfalcone/.local/lib/python3.7/site-packages/airflow/example_dags/example_task_group.py
[2024-03-21T11:23:34.291-0300] {logging_mixin.py:137} INFO - [2024-03-21T11:23:34.290-0300] {dag.py:2705} INFO - Sync 1 DAGs
[2024-03-21T11:23:34.305-0300] {logging_mixin.py:137} INFO - [2024-03-21T11:23:34.305-0300] {dag.py:3456} INFO - Setting next_dagrun for example_task_group to 2024-03-20T14:23:34.305079+00:00, run_after=2024-03-21T14:23:34.305079+00:00
[2024-03-21T11:23:34.322-0300] {processor.py:175} INFO - Processing /home/carlosfalcone/.local/lib/python3.7/site-packages/airflow/example_dags/example_task_group.py took 0.060 seconds
[2024-03-21T11:24:13.074-0300] {processor.py:153} INFO - Started process (PID=301) to work on /home/carlosfalcone/.local/lib/python3.7/site-packages/airflow/example_dags/example_task_group.py
[2024-03-21T11:24:13.075-0300] {processor.py:743} INFO - Processing file /home/carlosfalcone/.local/lib/python3.7/site-packages/airflow/example_dags/example_task_group.py for tasks to queue
[2024-03-21T11:24:13.075-0300] {logging_mixin.py:137} INFO - [2024-03-21T11:24:13.075-0300] {dagbag.py:532} INFO - Filling up the DagBag from /home/carlosfalcone/.local/lib/python3.7/site-packages/airflow/example_dags/example_task_group.py
[2024-03-21T11:24:13.085-0300] {processor.py:753} INFO - DAG(s) dict_keys(['example_task_group']) retrieved from /home/carlosfalcone/.local/lib/python3.7/site-packages/airflow/example_dags/example_task_group.py
[2024-03-21T11:24:13.097-0300] {logging_mixin.py:137} INFO - [2024-03-21T11:24:13.097-0300] {dag.py:2705} INFO - Sync 1 DAGs
[2024-03-21T11:24:13.111-0300] {logging_mixin.py:137} INFO - [2024-03-21T11:24:13.111-0300] {dag.py:3456} INFO - Setting next_dagrun for example_task_group to 2024-03-20T14:24:13.110877+00:00, run_after=2024-03-21T14:24:13.110877+00:00
[2024-03-21T11:24:13.126-0300] {processor.py:175} INFO - Processing /home/carlosfalcone/.local/lib/python3.7/site-packages/airflow/example_dags/example_task_group.py took 0.053 seconds
[2024-03-21T11:24:51.902-0300] {processor.py:153} INFO - Started process (PID=400) to work on /home/carlosfalcone/.local/lib/python3.7/site-packages/airflow/example_dags/example_task_group.py
[2024-03-21T11:24:51.902-0300] {processor.py:743} INFO - Processing file /home/carlosfalcone/.local/lib/python3.7/site-packages/airflow/example_dags/example_task_group.py for tasks to queue
[2024-03-21T11:24:51.903-0300] {logging_mixin.py:137} INFO - [2024-03-21T11:24:51.903-0300] {dagbag.py:532} INFO - Filling up the DagBag from /home/carlosfalcone/.local/lib/python3.7/site-packages/airflow/example_dags/example_task_group.py
[2024-03-21T11:24:51.912-0300] {processor.py:753} INFO - DAG(s) dict_keys(['example_task_group']) retrieved from /home/carlosfalcone/.local/lib/python3.7/site-packages/airflow/example_dags/example_task_group.py
[2024-03-21T11:24:51.925-0300] {logging_mixin.py:137} INFO - [2024-03-21T11:24:51.925-0300] {dag.py:2705} INFO - Sync 1 DAGs
[2024-03-21T11:24:51.940-0300] {logging_mixin.py:137} INFO - [2024-03-21T11:24:51.940-0300] {dag.py:3456} INFO - Setting next_dagrun for example_task_group to 2024-03-20T14:24:51.939883+00:00, run_after=2024-03-21T14:24:51.939883+00:00
[2024-03-21T11:24:51.956-0300] {processor.py:175} INFO - Processing /home/carlosfalcone/.local/lib/python3.7/site-packages/airflow/example_dags/example_task_group.py took 0.056 seconds
