[2024-03-20T22:08:53.416-0300] {processor.py:153} INFO - Started process (PID=262) to work on /home/carlosfalcone/.local/lib/python3.7/site-packages/airflow/example_dags/example_xcom.py
[2024-03-20T22:08:53.416-0300] {processor.py:743} INFO - Processing file /home/carlosfalcone/.local/lib/python3.7/site-packages/airflow/example_dags/example_xcom.py for tasks to queue
[2024-03-20T22:08:53.416-0300] {logging_mixin.py:137} INFO - [2024-03-20T22:08:53.416-0300] {dagbag.py:532} INFO - Filling up the DagBag from /home/carlosfalcone/.local/lib/python3.7/site-packages/airflow/example_dags/example_xcom.py
[2024-03-20T22:08:53.430-0300] {processor.py:753} INFO - DAG(s) dict_keys(['example_xcom']) retrieved from /home/carlosfalcone/.local/lib/python3.7/site-packages/airflow/example_dags/example_xcom.py
[2024-03-20T22:08:53.500-0300] {logging_mixin.py:137} INFO - [2024-03-20T22:08:53.500-0300] {manager.py:504} INFO - Created Permission View: can delete on DAG:example_xcom
[2024-03-20T22:08:53.509-0300] {logging_mixin.py:137} INFO - [2024-03-20T22:08:53.509-0300] {manager.py:504} INFO - Created Permission View: can read on DAG:example_xcom
[2024-03-20T22:08:53.517-0300] {logging_mixin.py:137} INFO - [2024-03-20T22:08:53.516-0300] {manager.py:504} INFO - Created Permission View: can edit on DAG:example_xcom
[2024-03-20T22:08:53.517-0300] {logging_mixin.py:137} INFO - [2024-03-20T22:08:53.517-0300] {dag.py:2705} INFO - Sync 1 DAGs
[2024-03-20T22:08:53.524-0300] {logging_mixin.py:137} INFO - [2024-03-20T22:08:53.524-0300] {dag.py:2726} INFO - Creating ORM DAG for example_xcom
[2024-03-20T22:08:53.530-0300] {logging_mixin.py:137} INFO - [2024-03-20T22:08:53.530-0300] {dag.py:3456} INFO - Setting next_dagrun for example_xcom to 2021-01-01T00:00:00+00:00, run_after=2021-01-01T00:00:00+00:00
[2024-03-20T22:08:53.548-0300] {processor.py:175} INFO - Processing /home/carlosfalcone/.local/lib/python3.7/site-packages/airflow/example_dags/example_xcom.py took 0.134 seconds
[2024-03-20T22:09:37.262-0300] {processor.py:153} INFO - Started process (PID=334) to work on /home/carlosfalcone/.local/lib/python3.7/site-packages/airflow/example_dags/example_xcom.py
[2024-03-20T22:09:37.263-0300] {processor.py:743} INFO - Processing file /home/carlosfalcone/.local/lib/python3.7/site-packages/airflow/example_dags/example_xcom.py for tasks to queue
[2024-03-20T22:09:37.264-0300] {logging_mixin.py:137} INFO - [2024-03-20T22:09:37.264-0300] {dagbag.py:532} INFO - Filling up the DagBag from /home/carlosfalcone/.local/lib/python3.7/site-packages/airflow/example_dags/example_xcom.py
[2024-03-20T22:09:37.278-0300] {processor.py:753} INFO - DAG(s) dict_keys(['example_xcom']) retrieved from /home/carlosfalcone/.local/lib/python3.7/site-packages/airflow/example_dags/example_xcom.py
[2024-03-20T22:09:37.291-0300] {logging_mixin.py:137} INFO - [2024-03-20T22:09:37.291-0300] {dag.py:2705} INFO - Sync 1 DAGs
[2024-03-20T22:09:37.309-0300] {logging_mixin.py:137} INFO - [2024-03-20T22:09:37.309-0300] {dag.py:3456} INFO - Setting next_dagrun for example_xcom to 2021-01-01T00:00:00+00:00, run_after=2021-01-01T00:00:00+00:00
[2024-03-20T22:09:37.330-0300] {processor.py:175} INFO - Processing /home/carlosfalcone/.local/lib/python3.7/site-packages/airflow/example_dags/example_xcom.py took 0.070 seconds
[2024-03-20T22:10:14.378-0300] {processor.py:153} INFO - Started process (PID=556) to work on /home/carlosfalcone/.local/lib/python3.7/site-packages/airflow/example_dags/example_xcom.py
[2024-03-20T22:10:14.379-0300] {processor.py:743} INFO - Processing file /home/carlosfalcone/.local/lib/python3.7/site-packages/airflow/example_dags/example_xcom.py for tasks to queue
[2024-03-20T22:10:14.379-0300] {logging_mixin.py:137} INFO - [2024-03-20T22:10:14.379-0300] {dagbag.py:532} INFO - Filling up the DagBag from /home/carlosfalcone/.local/lib/python3.7/site-packages/airflow/example_dags/example_xcom.py
[2024-03-20T22:10:14.394-0300] {processor.py:753} INFO - DAG(s) dict_keys(['example_xcom']) retrieved from /home/carlosfalcone/.local/lib/python3.7/site-packages/airflow/example_dags/example_xcom.py
[2024-03-20T22:10:14.406-0300] {logging_mixin.py:137} INFO - [2024-03-20T22:10:14.406-0300] {dag.py:2705} INFO - Sync 1 DAGs
[2024-03-20T22:10:14.420-0300] {logging_mixin.py:137} INFO - [2024-03-20T22:10:14.420-0300] {dag.py:3456} INFO - Setting next_dagrun for example_xcom to 2021-01-01T00:00:00+00:00, run_after=2021-01-01T00:00:00+00:00
[2024-03-20T22:10:14.437-0300] {processor.py:175} INFO - Processing /home/carlosfalcone/.local/lib/python3.7/site-packages/airflow/example_dags/example_xcom.py took 0.060 seconds
[2024-03-20T22:10:57.642-0300] {processor.py:153} INFO - Started process (PID=664) to work on /home/carlosfalcone/.local/lib/python3.7/site-packages/airflow/example_dags/example_xcom.py
[2024-03-20T22:10:57.643-0300] {processor.py:743} INFO - Processing file /home/carlosfalcone/.local/lib/python3.7/site-packages/airflow/example_dags/example_xcom.py for tasks to queue
[2024-03-20T22:10:57.643-0300] {logging_mixin.py:137} INFO - [2024-03-20T22:10:57.643-0300] {dagbag.py:532} INFO - Filling up the DagBag from /home/carlosfalcone/.local/lib/python3.7/site-packages/airflow/example_dags/example_xcom.py
[2024-03-20T22:10:57.656-0300] {processor.py:753} INFO - DAG(s) dict_keys(['example_xcom']) retrieved from /home/carlosfalcone/.local/lib/python3.7/site-packages/airflow/example_dags/example_xcom.py
[2024-03-20T22:10:57.669-0300] {logging_mixin.py:137} INFO - [2024-03-20T22:10:57.669-0300] {dag.py:2705} INFO - Sync 1 DAGs
[2024-03-20T22:10:57.683-0300] {logging_mixin.py:137} INFO - [2024-03-20T22:10:57.683-0300] {dag.py:3456} INFO - Setting next_dagrun for example_xcom to 2021-01-01T00:00:00+00:00, run_after=2021-01-01T00:00:00+00:00
[2024-03-20T22:10:57.701-0300] {processor.py:175} INFO - Processing /home/carlosfalcone/.local/lib/python3.7/site-packages/airflow/example_dags/example_xcom.py took 0.060 seconds
[2024-03-20T22:11:31.300-0300] {processor.py:153} INFO - Started process (PID=748) to work on /home/carlosfalcone/.local/lib/python3.7/site-packages/airflow/example_dags/example_xcom.py
[2024-03-20T22:11:31.301-0300] {processor.py:743} INFO - Processing file /home/carlosfalcone/.local/lib/python3.7/site-packages/airflow/example_dags/example_xcom.py for tasks to queue
[2024-03-20T22:11:31.301-0300] {logging_mixin.py:137} INFO - [2024-03-20T22:11:31.301-0300] {dagbag.py:532} INFO - Filling up the DagBag from /home/carlosfalcone/.local/lib/python3.7/site-packages/airflow/example_dags/example_xcom.py
[2024-03-20T22:11:31.315-0300] {processor.py:753} INFO - DAG(s) dict_keys(['example_xcom']) retrieved from /home/carlosfalcone/.local/lib/python3.7/site-packages/airflow/example_dags/example_xcom.py
[2024-03-20T22:11:31.329-0300] {logging_mixin.py:137} INFO - [2024-03-20T22:11:31.329-0300] {dag.py:2705} INFO - Sync 1 DAGs
[2024-03-20T22:11:31.343-0300] {logging_mixin.py:137} INFO - [2024-03-20T22:11:31.343-0300] {dag.py:3456} INFO - Setting next_dagrun for example_xcom to 2021-01-01T00:00:00+00:00, run_after=2021-01-01T00:00:00+00:00
[2024-03-20T22:11:31.360-0300] {processor.py:175} INFO - Processing /home/carlosfalcone/.local/lib/python3.7/site-packages/airflow/example_dags/example_xcom.py took 0.061 seconds
[2024-03-20T22:12:06.557-0300] {processor.py:153} INFO - Started process (PID=830) to work on /home/carlosfalcone/.local/lib/python3.7/site-packages/airflow/example_dags/example_xcom.py
[2024-03-20T22:12:06.558-0300] {processor.py:743} INFO - Processing file /home/carlosfalcone/.local/lib/python3.7/site-packages/airflow/example_dags/example_xcom.py for tasks to queue
[2024-03-20T22:12:06.558-0300] {logging_mixin.py:137} INFO - [2024-03-20T22:12:06.558-0300] {dagbag.py:532} INFO - Filling up the DagBag from /home/carlosfalcone/.local/lib/python3.7/site-packages/airflow/example_dags/example_xcom.py
[2024-03-20T22:12:06.572-0300] {processor.py:753} INFO - DAG(s) dict_keys(['example_xcom']) retrieved from /home/carlosfalcone/.local/lib/python3.7/site-packages/airflow/example_dags/example_xcom.py
[2024-03-20T22:12:06.587-0300] {logging_mixin.py:137} INFO - [2024-03-20T22:12:06.587-0300] {dag.py:2705} INFO - Sync 1 DAGs
[2024-03-20T22:12:06.601-0300] {logging_mixin.py:137} INFO - [2024-03-20T22:12:06.601-0300] {dag.py:3456} INFO - Setting next_dagrun for example_xcom to 2021-01-01T00:00:00+00:00, run_after=2021-01-01T00:00:00+00:00
[2024-03-20T22:12:06.618-0300] {processor.py:175} INFO - Processing /home/carlosfalcone/.local/lib/python3.7/site-packages/airflow/example_dags/example_xcom.py took 0.063 seconds
[2024-03-20T22:12:43.154-0300] {processor.py:153} INFO - Started process (PID=924) to work on /home/carlosfalcone/.local/lib/python3.7/site-packages/airflow/example_dags/example_xcom.py
[2024-03-20T22:12:43.155-0300] {processor.py:743} INFO - Processing file /home/carlosfalcone/.local/lib/python3.7/site-packages/airflow/example_dags/example_xcom.py for tasks to queue
[2024-03-20T22:12:43.155-0300] {logging_mixin.py:137} INFO - [2024-03-20T22:12:43.155-0300] {dagbag.py:532} INFO - Filling up the DagBag from /home/carlosfalcone/.local/lib/python3.7/site-packages/airflow/example_dags/example_xcom.py
[2024-03-20T22:12:43.169-0300] {processor.py:753} INFO - DAG(s) dict_keys(['example_xcom']) retrieved from /home/carlosfalcone/.local/lib/python3.7/site-packages/airflow/example_dags/example_xcom.py
[2024-03-20T22:12:43.181-0300] {logging_mixin.py:137} INFO - [2024-03-20T22:12:43.181-0300] {dag.py:2705} INFO - Sync 1 DAGs
[2024-03-20T22:12:43.195-0300] {logging_mixin.py:137} INFO - [2024-03-20T22:12:43.195-0300] {dag.py:3456} INFO - Setting next_dagrun for example_xcom to 2021-01-01T00:00:00+00:00, run_after=2021-01-01T00:00:00+00:00
[2024-03-20T22:12:43.211-0300] {processor.py:175} INFO - Processing /home/carlosfalcone/.local/lib/python3.7/site-packages/airflow/example_dags/example_xcom.py took 0.058 seconds
[2024-03-20T22:13:17.856-0300] {processor.py:153} INFO - Started process (PID=1010) to work on /home/carlosfalcone/.local/lib/python3.7/site-packages/airflow/example_dags/example_xcom.py
[2024-03-20T22:13:17.857-0300] {processor.py:743} INFO - Processing file /home/carlosfalcone/.local/lib/python3.7/site-packages/airflow/example_dags/example_xcom.py for tasks to queue
[2024-03-20T22:13:17.857-0300] {logging_mixin.py:137} INFO - [2024-03-20T22:13:17.857-0300] {dagbag.py:532} INFO - Filling up the DagBag from /home/carlosfalcone/.local/lib/python3.7/site-packages/airflow/example_dags/example_xcom.py
[2024-03-20T22:13:17.871-0300] {processor.py:753} INFO - DAG(s) dict_keys(['example_xcom']) retrieved from /home/carlosfalcone/.local/lib/python3.7/site-packages/airflow/example_dags/example_xcom.py
[2024-03-20T22:13:17.883-0300] {logging_mixin.py:137} INFO - [2024-03-20T22:13:17.883-0300] {dag.py:2705} INFO - Sync 1 DAGs
[2024-03-20T22:13:17.896-0300] {logging_mixin.py:137} INFO - [2024-03-20T22:13:17.896-0300] {dag.py:3456} INFO - Setting next_dagrun for example_xcom to 2021-01-01T00:00:00+00:00, run_after=2021-01-01T00:00:00+00:00
[2024-03-20T22:13:17.912-0300] {processor.py:175} INFO - Processing /home/carlosfalcone/.local/lib/python3.7/site-packages/airflow/example_dags/example_xcom.py took 0.058 seconds
[2024-03-20T22:13:51.283-0300] {processor.py:153} INFO - Started process (PID=1093) to work on /home/carlosfalcone/.local/lib/python3.7/site-packages/airflow/example_dags/example_xcom.py
[2024-03-20T22:13:51.283-0300] {processor.py:743} INFO - Processing file /home/carlosfalcone/.local/lib/python3.7/site-packages/airflow/example_dags/example_xcom.py for tasks to queue
[2024-03-20T22:13:51.284-0300] {logging_mixin.py:137} INFO - [2024-03-20T22:13:51.283-0300] {dagbag.py:532} INFO - Filling up the DagBag from /home/carlosfalcone/.local/lib/python3.7/site-packages/airflow/example_dags/example_xcom.py
[2024-03-20T22:13:51.297-0300] {processor.py:753} INFO - DAG(s) dict_keys(['example_xcom']) retrieved from /home/carlosfalcone/.local/lib/python3.7/site-packages/airflow/example_dags/example_xcom.py
[2024-03-20T22:13:51.309-0300] {logging_mixin.py:137} INFO - [2024-03-20T22:13:51.308-0300] {dag.py:2705} INFO - Sync 1 DAGs
[2024-03-20T22:13:51.323-0300] {logging_mixin.py:137} INFO - [2024-03-20T22:13:51.323-0300] {dag.py:3456} INFO - Setting next_dagrun for example_xcom to 2021-01-01T00:00:00+00:00, run_after=2021-01-01T00:00:00+00:00
[2024-03-20T22:13:51.339-0300] {processor.py:175} INFO - Processing /home/carlosfalcone/.local/lib/python3.7/site-packages/airflow/example_dags/example_xcom.py took 0.058 seconds
[2024-03-20T22:14:26.893-0300] {processor.py:153} INFO - Started process (PID=1131) to work on /home/carlosfalcone/.local/lib/python3.7/site-packages/airflow/example_dags/example_xcom.py
[2024-03-20T22:14:26.894-0300] {processor.py:743} INFO - Processing file /home/carlosfalcone/.local/lib/python3.7/site-packages/airflow/example_dags/example_xcom.py for tasks to queue
[2024-03-20T22:14:26.895-0300] {logging_mixin.py:137} INFO - [2024-03-20T22:14:26.895-0300] {dagbag.py:532} INFO - Filling up the DagBag from /home/carlosfalcone/.local/lib/python3.7/site-packages/airflow/example_dags/example_xcom.py
[2024-03-20T22:14:26.908-0300] {processor.py:753} INFO - DAG(s) dict_keys(['example_xcom']) retrieved from /home/carlosfalcone/.local/lib/python3.7/site-packages/airflow/example_dags/example_xcom.py
[2024-03-20T22:14:26.920-0300] {logging_mixin.py:137} INFO - [2024-03-20T22:14:26.920-0300] {dag.py:2705} INFO - Sync 1 DAGs
[2024-03-20T22:14:26.934-0300] {logging_mixin.py:137} INFO - [2024-03-20T22:14:26.934-0300] {dag.py:3456} INFO - Setting next_dagrun for example_xcom to 2021-01-01T00:00:00+00:00, run_after=2021-01-01T00:00:00+00:00
[2024-03-20T22:14:26.949-0300] {processor.py:175} INFO - Processing /home/carlosfalcone/.local/lib/python3.7/site-packages/airflow/example_dags/example_xcom.py took 0.058 seconds
[2024-03-20T22:15:06.853-0300] {processor.py:153} INFO - Started process (PID=1212) to work on /home/carlosfalcone/.local/lib/python3.7/site-packages/airflow/example_dags/example_xcom.py
[2024-03-20T22:15:06.854-0300] {processor.py:743} INFO - Processing file /home/carlosfalcone/.local/lib/python3.7/site-packages/airflow/example_dags/example_xcom.py for tasks to queue
[2024-03-20T22:15:06.854-0300] {logging_mixin.py:137} INFO - [2024-03-20T22:15:06.854-0300] {dagbag.py:532} INFO - Filling up the DagBag from /home/carlosfalcone/.local/lib/python3.7/site-packages/airflow/example_dags/example_xcom.py
[2024-03-20T22:15:06.868-0300] {processor.py:753} INFO - DAG(s) dict_keys(['example_xcom']) retrieved from /home/carlosfalcone/.local/lib/python3.7/site-packages/airflow/example_dags/example_xcom.py
[2024-03-20T22:15:06.881-0300] {logging_mixin.py:137} INFO - [2024-03-20T22:15:06.881-0300] {dag.py:2705} INFO - Sync 1 DAGs
[2024-03-20T22:15:06.894-0300] {logging_mixin.py:137} INFO - [2024-03-20T22:15:06.894-0300] {dag.py:3456} INFO - Setting next_dagrun for example_xcom to 2021-01-01T00:00:00+00:00, run_after=2021-01-01T00:00:00+00:00
[2024-03-20T22:15:06.911-0300] {processor.py:175} INFO - Processing /home/carlosfalcone/.local/lib/python3.7/site-packages/airflow/example_dags/example_xcom.py took 0.060 seconds
[2024-03-20T22:15:43.921-0300] {processor.py:153} INFO - Started process (PID=1302) to work on /home/carlosfalcone/.local/lib/python3.7/site-packages/airflow/example_dags/example_xcom.py
[2024-03-20T22:15:43.923-0300] {processor.py:743} INFO - Processing file /home/carlosfalcone/.local/lib/python3.7/site-packages/airflow/example_dags/example_xcom.py for tasks to queue
[2024-03-20T22:15:43.923-0300] {logging_mixin.py:137} INFO - [2024-03-20T22:15:43.923-0300] {dagbag.py:532} INFO - Filling up the DagBag from /home/carlosfalcone/.local/lib/python3.7/site-packages/airflow/example_dags/example_xcom.py
[2024-03-20T22:15:43.936-0300] {processor.py:753} INFO - DAG(s) dict_keys(['example_xcom']) retrieved from /home/carlosfalcone/.local/lib/python3.7/site-packages/airflow/example_dags/example_xcom.py
[2024-03-20T22:15:43.948-0300] {logging_mixin.py:137} INFO - [2024-03-20T22:15:43.948-0300] {dag.py:2705} INFO - Sync 1 DAGs
[2024-03-20T22:15:43.962-0300] {logging_mixin.py:137} INFO - [2024-03-20T22:15:43.962-0300] {dag.py:3456} INFO - Setting next_dagrun for example_xcom to 2021-01-01T00:00:00+00:00, run_after=2021-01-01T00:00:00+00:00
[2024-03-20T22:15:43.977-0300] {processor.py:175} INFO - Processing /home/carlosfalcone/.local/lib/python3.7/site-packages/airflow/example_dags/example_xcom.py took 0.057 seconds
[2024-03-20T22:16:17.551-0300] {processor.py:153} INFO - Started process (PID=1393) to work on /home/carlosfalcone/.local/lib/python3.7/site-packages/airflow/example_dags/example_xcom.py
[2024-03-20T22:16:17.552-0300] {processor.py:743} INFO - Processing file /home/carlosfalcone/.local/lib/python3.7/site-packages/airflow/example_dags/example_xcom.py for tasks to queue
[2024-03-20T22:16:17.552-0300] {logging_mixin.py:137} INFO - [2024-03-20T22:16:17.552-0300] {dagbag.py:532} INFO - Filling up the DagBag from /home/carlosfalcone/.local/lib/python3.7/site-packages/airflow/example_dags/example_xcom.py
[2024-03-20T22:16:17.566-0300] {processor.py:753} INFO - DAG(s) dict_keys(['example_xcom']) retrieved from /home/carlosfalcone/.local/lib/python3.7/site-packages/airflow/example_dags/example_xcom.py
[2024-03-20T22:16:17.578-0300] {logging_mixin.py:137} INFO - [2024-03-20T22:16:17.578-0300] {dag.py:2705} INFO - Sync 1 DAGs
[2024-03-20T22:16:17.592-0300] {logging_mixin.py:137} INFO - [2024-03-20T22:16:17.592-0300] {dag.py:3456} INFO - Setting next_dagrun for example_xcom to 2021-01-01T00:00:00+00:00, run_after=2021-01-01T00:00:00+00:00
[2024-03-20T22:16:17.607-0300] {processor.py:175} INFO - Processing /home/carlosfalcone/.local/lib/python3.7/site-packages/airflow/example_dags/example_xcom.py took 0.057 seconds
[2024-03-20T22:16:52.306-0300] {processor.py:153} INFO - Started process (PID=1487) to work on /home/carlosfalcone/.local/lib/python3.7/site-packages/airflow/example_dags/example_xcom.py
[2024-03-20T22:16:52.307-0300] {processor.py:743} INFO - Processing file /home/carlosfalcone/.local/lib/python3.7/site-packages/airflow/example_dags/example_xcom.py for tasks to queue
[2024-03-20T22:16:52.307-0300] {logging_mixin.py:137} INFO - [2024-03-20T22:16:52.307-0300] {dagbag.py:532} INFO - Filling up the DagBag from /home/carlosfalcone/.local/lib/python3.7/site-packages/airflow/example_dags/example_xcom.py
[2024-03-20T22:16:52.321-0300] {processor.py:753} INFO - DAG(s) dict_keys(['example_xcom']) retrieved from /home/carlosfalcone/.local/lib/python3.7/site-packages/airflow/example_dags/example_xcom.py
[2024-03-20T22:16:52.334-0300] {logging_mixin.py:137} INFO - [2024-03-20T22:16:52.334-0300] {dag.py:2705} INFO - Sync 1 DAGs
[2024-03-20T22:16:52.348-0300] {logging_mixin.py:137} INFO - [2024-03-20T22:16:52.348-0300] {dag.py:3456} INFO - Setting next_dagrun for example_xcom to 2021-01-01T00:00:00+00:00, run_after=2021-01-01T00:00:00+00:00
[2024-03-20T22:16:52.366-0300] {processor.py:175} INFO - Processing /home/carlosfalcone/.local/lib/python3.7/site-packages/airflow/example_dags/example_xcom.py took 0.062 seconds
[2024-03-20T22:17:29.265-0300] {processor.py:153} INFO - Started process (PID=1581) to work on /home/carlosfalcone/.local/lib/python3.7/site-packages/airflow/example_dags/example_xcom.py
[2024-03-20T22:17:29.266-0300] {processor.py:743} INFO - Processing file /home/carlosfalcone/.local/lib/python3.7/site-packages/airflow/example_dags/example_xcom.py for tasks to queue
[2024-03-20T22:17:29.267-0300] {logging_mixin.py:137} INFO - [2024-03-20T22:17:29.267-0300] {dagbag.py:532} INFO - Filling up the DagBag from /home/carlosfalcone/.local/lib/python3.7/site-packages/airflow/example_dags/example_xcom.py
[2024-03-20T22:17:29.280-0300] {processor.py:753} INFO - DAG(s) dict_keys(['example_xcom']) retrieved from /home/carlosfalcone/.local/lib/python3.7/site-packages/airflow/example_dags/example_xcom.py
[2024-03-20T22:17:29.293-0300] {logging_mixin.py:137} INFO - [2024-03-20T22:17:29.293-0300] {dag.py:2705} INFO - Sync 1 DAGs
[2024-03-20T22:17:29.307-0300] {logging_mixin.py:137} INFO - [2024-03-20T22:17:29.307-0300] {dag.py:3456} INFO - Setting next_dagrun for example_xcom to 2021-01-01T00:00:00+00:00, run_after=2021-01-01T00:00:00+00:00
[2024-03-20T22:17:29.324-0300] {processor.py:175} INFO - Processing /home/carlosfalcone/.local/lib/python3.7/site-packages/airflow/example_dags/example_xcom.py took 0.060 seconds
[2024-03-20T22:18:04.570-0300] {processor.py:153} INFO - Started process (PID=1672) to work on /home/carlosfalcone/.local/lib/python3.7/site-packages/airflow/example_dags/example_xcom.py
[2024-03-20T22:18:04.571-0300] {processor.py:743} INFO - Processing file /home/carlosfalcone/.local/lib/python3.7/site-packages/airflow/example_dags/example_xcom.py for tasks to queue
[2024-03-20T22:18:04.572-0300] {logging_mixin.py:137} INFO - [2024-03-20T22:18:04.572-0300] {dagbag.py:532} INFO - Filling up the DagBag from /home/carlosfalcone/.local/lib/python3.7/site-packages/airflow/example_dags/example_xcom.py
[2024-03-20T22:18:04.585-0300] {processor.py:753} INFO - DAG(s) dict_keys(['example_xcom']) retrieved from /home/carlosfalcone/.local/lib/python3.7/site-packages/airflow/example_dags/example_xcom.py
[2024-03-20T22:18:04.597-0300] {logging_mixin.py:137} INFO - [2024-03-20T22:18:04.597-0300] {dag.py:2705} INFO - Sync 1 DAGs
[2024-03-20T22:18:04.611-0300] {logging_mixin.py:137} INFO - [2024-03-20T22:18:04.611-0300] {dag.py:3456} INFO - Setting next_dagrun for example_xcom to 2021-01-01T00:00:00+00:00, run_after=2021-01-01T00:00:00+00:00
[2024-03-20T22:18:04.628-0300] {processor.py:175} INFO - Processing /home/carlosfalcone/.local/lib/python3.7/site-packages/airflow/example_dags/example_xcom.py took 0.060 seconds
[2024-03-21T11:23:28.341-0300] {processor.py:153} INFO - Started process (PID=77) to work on /home/carlosfalcone/.local/lib/python3.7/site-packages/airflow/example_dags/example_xcom.py
[2024-03-21T11:23:28.342-0300] {processor.py:743} INFO - Processing file /home/carlosfalcone/.local/lib/python3.7/site-packages/airflow/example_dags/example_xcom.py for tasks to queue
[2024-03-21T11:23:28.342-0300] {logging_mixin.py:137} INFO - [2024-03-21T11:23:28.342-0300] {dagbag.py:532} INFO - Filling up the DagBag from /home/carlosfalcone/.local/lib/python3.7/site-packages/airflow/example_dags/example_xcom.py
[2024-03-21T11:23:28.356-0300] {processor.py:753} INFO - DAG(s) dict_keys(['example_xcom']) retrieved from /home/carlosfalcone/.local/lib/python3.7/site-packages/airflow/example_dags/example_xcom.py
[2024-03-21T11:23:28.369-0300] {logging_mixin.py:137} INFO - [2024-03-21T11:23:28.369-0300] {dag.py:2705} INFO - Sync 1 DAGs
[2024-03-21T11:23:28.383-0300] {logging_mixin.py:137} INFO - [2024-03-21T11:23:28.383-0300] {dag.py:3456} INFO - Setting next_dagrun for example_xcom to 2021-01-01T00:00:00+00:00, run_after=2021-01-01T00:00:00+00:00
[2024-03-21T11:23:28.399-0300] {processor.py:175} INFO - Processing /home/carlosfalcone/.local/lib/python3.7/site-packages/airflow/example_dags/example_xcom.py took 0.059 seconds
[2024-03-21T11:24:06.812-0300] {processor.py:153} INFO - Started process (PID=283) to work on /home/carlosfalcone/.local/lib/python3.7/site-packages/airflow/example_dags/example_xcom.py
[2024-03-21T11:24:06.813-0300] {processor.py:743} INFO - Processing file /home/carlosfalcone/.local/lib/python3.7/site-packages/airflow/example_dags/example_xcom.py for tasks to queue
[2024-03-21T11:24:06.813-0300] {logging_mixin.py:137} INFO - [2024-03-21T11:24:06.813-0300] {dagbag.py:532} INFO - Filling up the DagBag from /home/carlosfalcone/.local/lib/python3.7/site-packages/airflow/example_dags/example_xcom.py
[2024-03-21T11:24:06.830-0300] {processor.py:753} INFO - DAG(s) dict_keys(['example_xcom']) retrieved from /home/carlosfalcone/.local/lib/python3.7/site-packages/airflow/example_dags/example_xcom.py
[2024-03-21T11:24:06.844-0300] {logging_mixin.py:137} INFO - [2024-03-21T11:24:06.844-0300] {dag.py:2705} INFO - Sync 1 DAGs
[2024-03-21T11:24:06.862-0300] {logging_mixin.py:137} INFO - [2024-03-21T11:24:06.861-0300] {dag.py:3456} INFO - Setting next_dagrun for example_xcom to 2021-01-01T00:00:00+00:00, run_after=2021-01-01T00:00:00+00:00
[2024-03-21T11:24:06.882-0300] {processor.py:175} INFO - Processing /home/carlosfalcone/.local/lib/python3.7/site-packages/airflow/example_dags/example_xcom.py took 0.072 seconds
[2024-03-21T11:24:45.120-0300] {processor.py:153} INFO - Started process (PID=381) to work on /home/carlosfalcone/.local/lib/python3.7/site-packages/airflow/example_dags/example_xcom.py
[2024-03-21T11:24:45.120-0300] {processor.py:743} INFO - Processing file /home/carlosfalcone/.local/lib/python3.7/site-packages/airflow/example_dags/example_xcom.py for tasks to queue
[2024-03-21T11:24:45.121-0300] {logging_mixin.py:137} INFO - [2024-03-21T11:24:45.121-0300] {dagbag.py:532} INFO - Filling up the DagBag from /home/carlosfalcone/.local/lib/python3.7/site-packages/airflow/example_dags/example_xcom.py
[2024-03-21T11:24:45.136-0300] {processor.py:753} INFO - DAG(s) dict_keys(['example_xcom']) retrieved from /home/carlosfalcone/.local/lib/python3.7/site-packages/airflow/example_dags/example_xcom.py
[2024-03-21T11:24:45.149-0300] {logging_mixin.py:137} INFO - [2024-03-21T11:24:45.149-0300] {dag.py:2705} INFO - Sync 1 DAGs
[2024-03-21T11:24:45.164-0300] {logging_mixin.py:137} INFO - [2024-03-21T11:24:45.164-0300] {dag.py:3456} INFO - Setting next_dagrun for example_xcom to 2021-01-01T00:00:00+00:00, run_after=2021-01-01T00:00:00+00:00
[2024-03-21T11:24:45.179-0300] {processor.py:175} INFO - Processing /home/carlosfalcone/.local/lib/python3.7/site-packages/airflow/example_dags/example_xcom.py took 0.061 seconds
