[2024-03-20T22:09:15.034-0300] {processor.py:153} INFO - Started process (PID=312) to work on /home/carlosfalcone/.local/lib/python3.7/site-packages/airflow/example_dags/example_branch_operator.py
[2024-03-20T22:09:15.034-0300] {processor.py:743} INFO - Processing file /home/carlosfalcone/.local/lib/python3.7/site-packages/airflow/example_dags/example_branch_operator.py for tasks to queue
[2024-03-20T22:09:15.035-0300] {logging_mixin.py:137} INFO - [2024-03-20T22:09:15.035-0300] {dagbag.py:532} INFO - Filling up the DagBag from /home/carlosfalcone/.local/lib/python3.7/site-packages/airflow/example_dags/example_branch_operator.py
[2024-03-20T22:09:15.045-0300] {processor.py:753} INFO - DAG(s) dict_keys(['example_branch_operator']) retrieved from /home/carlosfalcone/.local/lib/python3.7/site-packages/airflow/example_dags/example_branch_operator.py
[2024-03-20T22:09:15.116-0300] {logging_mixin.py:137} INFO - [2024-03-20T22:09:15.116-0300] {manager.py:504} INFO - Created Permission View: can delete on DAG:example_branch_operator
[2024-03-20T22:09:15.124-0300] {logging_mixin.py:137} INFO - [2024-03-20T22:09:15.124-0300] {manager.py:504} INFO - Created Permission View: can read on DAG:example_branch_operator
[2024-03-20T22:09:15.131-0300] {logging_mixin.py:137} INFO - [2024-03-20T22:09:15.131-0300] {manager.py:504} INFO - Created Permission View: can edit on DAG:example_branch_operator
[2024-03-20T22:09:15.131-0300] {logging_mixin.py:137} INFO - [2024-03-20T22:09:15.131-0300] {dag.py:2705} INFO - Sync 1 DAGs
[2024-03-20T22:09:15.139-0300] {logging_mixin.py:137} INFO - [2024-03-20T22:09:15.139-0300] {dag.py:2726} INFO - Creating ORM DAG for example_branch_operator
[2024-03-20T22:09:15.146-0300] {logging_mixin.py:137} INFO - [2024-03-20T22:09:15.146-0300] {dag.py:3456} INFO - Setting next_dagrun for example_branch_operator to 2024-03-20T00:00:00+00:00, run_after=2024-03-21T00:00:00+00:00
[2024-03-20T22:09:15.161-0300] {processor.py:175} INFO - Processing /home/carlosfalcone/.local/lib/python3.7/site-packages/airflow/example_dags/example_branch_operator.py took 0.129 seconds
[2024-03-20T22:09:57.744-0300] {processor.py:153} INFO - Started process (PID=513) to work on /home/carlosfalcone/.local/lib/python3.7/site-packages/airflow/example_dags/example_branch_operator.py
[2024-03-20T22:09:57.745-0300] {processor.py:743} INFO - Processing file /home/carlosfalcone/.local/lib/python3.7/site-packages/airflow/example_dags/example_branch_operator.py for tasks to queue
[2024-03-20T22:09:57.745-0300] {logging_mixin.py:137} INFO - [2024-03-20T22:09:57.745-0300] {dagbag.py:532} INFO - Filling up the DagBag from /home/carlosfalcone/.local/lib/python3.7/site-packages/airflow/example_dags/example_branch_operator.py
[2024-03-20T22:09:57.757-0300] {processor.py:753} INFO - DAG(s) dict_keys(['example_branch_operator']) retrieved from /home/carlosfalcone/.local/lib/python3.7/site-packages/airflow/example_dags/example_branch_operator.py
[2024-03-20T22:09:57.772-0300] {logging_mixin.py:137} INFO - [2024-03-20T22:09:57.772-0300] {dag.py:2705} INFO - Sync 1 DAGs
[2024-03-20T22:09:57.788-0300] {logging_mixin.py:137} INFO - [2024-03-20T22:09:57.787-0300] {dag.py:3456} INFO - Setting next_dagrun for example_branch_operator to 2024-03-20T00:00:00+00:00, run_after=2024-03-21T00:00:00+00:00
[2024-03-20T22:09:57.805-0300] {processor.py:175} INFO - Processing /home/carlosfalcone/.local/lib/python3.7/site-packages/airflow/example_dags/example_branch_operator.py took 0.063 seconds
[2024-03-20T22:10:37.797-0300] {processor.py:153} INFO - Started process (PID=615) to work on /home/carlosfalcone/.local/lib/python3.7/site-packages/airflow/example_dags/example_branch_operator.py
[2024-03-20T22:10:37.798-0300] {processor.py:743} INFO - Processing file /home/carlosfalcone/.local/lib/python3.7/site-packages/airflow/example_dags/example_branch_operator.py for tasks to queue
[2024-03-20T22:10:37.799-0300] {logging_mixin.py:137} INFO - [2024-03-20T22:10:37.799-0300] {dagbag.py:532} INFO - Filling up the DagBag from /home/carlosfalcone/.local/lib/python3.7/site-packages/airflow/example_dags/example_branch_operator.py
[2024-03-20T22:10:37.809-0300] {processor.py:753} INFO - DAG(s) dict_keys(['example_branch_operator']) retrieved from /home/carlosfalcone/.local/lib/python3.7/site-packages/airflow/example_dags/example_branch_operator.py
[2024-03-20T22:10:37.821-0300] {logging_mixin.py:137} INFO - [2024-03-20T22:10:37.821-0300] {dag.py:2705} INFO - Sync 1 DAGs
[2024-03-20T22:10:37.837-0300] {logging_mixin.py:137} INFO - [2024-03-20T22:10:37.836-0300] {dag.py:3456} INFO - Setting next_dagrun for example_branch_operator to 2024-03-20T00:00:00+00:00, run_after=2024-03-21T00:00:00+00:00
[2024-03-20T22:10:37.853-0300] {processor.py:175} INFO - Processing /home/carlosfalcone/.local/lib/python3.7/site-packages/airflow/example_dags/example_branch_operator.py took 0.057 seconds
[2024-03-20T22:11:18.185-0300] {processor.py:153} INFO - Started process (PID=717) to work on /home/carlosfalcone/.local/lib/python3.7/site-packages/airflow/example_dags/example_branch_operator.py
[2024-03-20T22:11:18.186-0300] {processor.py:743} INFO - Processing file /home/carlosfalcone/.local/lib/python3.7/site-packages/airflow/example_dags/example_branch_operator.py for tasks to queue
[2024-03-20T22:11:18.187-0300] {logging_mixin.py:137} INFO - [2024-03-20T22:11:18.187-0300] {dagbag.py:532} INFO - Filling up the DagBag from /home/carlosfalcone/.local/lib/python3.7/site-packages/airflow/example_dags/example_branch_operator.py
[2024-03-20T22:11:18.197-0300] {processor.py:753} INFO - DAG(s) dict_keys(['example_branch_operator']) retrieved from /home/carlosfalcone/.local/lib/python3.7/site-packages/airflow/example_dags/example_branch_operator.py
[2024-03-20T22:11:18.209-0300] {logging_mixin.py:137} INFO - [2024-03-20T22:11:18.209-0300] {dag.py:2705} INFO - Sync 1 DAGs
[2024-03-20T22:11:18.225-0300] {logging_mixin.py:137} INFO - [2024-03-20T22:11:18.225-0300] {dag.py:3456} INFO - Setting next_dagrun for example_branch_operator to 2024-03-20T00:00:00+00:00, run_after=2024-03-21T00:00:00+00:00
[2024-03-20T22:11:18.242-0300] {processor.py:175} INFO - Processing /home/carlosfalcone/.local/lib/python3.7/site-packages/airflow/example_dags/example_branch_operator.py took 0.059 seconds
[2024-03-20T22:12:02.687-0300] {processor.py:153} INFO - Started process (PID=820) to work on /home/carlosfalcone/.local/lib/python3.7/site-packages/airflow/example_dags/example_branch_operator.py
[2024-03-20T22:12:02.688-0300] {processor.py:743} INFO - Processing file /home/carlosfalcone/.local/lib/python3.7/site-packages/airflow/example_dags/example_branch_operator.py for tasks to queue
[2024-03-20T22:12:02.689-0300] {logging_mixin.py:137} INFO - [2024-03-20T22:12:02.689-0300] {dagbag.py:532} INFO - Filling up the DagBag from /home/carlosfalcone/.local/lib/python3.7/site-packages/airflow/example_dags/example_branch_operator.py
[2024-03-20T22:12:02.698-0300] {processor.py:753} INFO - DAG(s) dict_keys(['example_branch_operator']) retrieved from /home/carlosfalcone/.local/lib/python3.7/site-packages/airflow/example_dags/example_branch_operator.py
[2024-03-20T22:12:02.711-0300] {logging_mixin.py:137} INFO - [2024-03-20T22:12:02.711-0300] {dag.py:2705} INFO - Sync 1 DAGs
[2024-03-20T22:12:02.726-0300] {logging_mixin.py:137} INFO - [2024-03-20T22:12:02.726-0300] {dag.py:3456} INFO - Setting next_dagrun for example_branch_operator to 2024-03-20T00:00:00+00:00, run_after=2024-03-21T00:00:00+00:00
[2024-03-20T22:12:02.741-0300] {processor.py:175} INFO - Processing /home/carlosfalcone/.local/lib/python3.7/site-packages/airflow/example_dags/example_branch_operator.py took 0.056 seconds
[2024-03-20T22:12:40.891-0300] {processor.py:153} INFO - Started process (PID=919) to work on /home/carlosfalcone/.local/lib/python3.7/site-packages/airflow/example_dags/example_branch_operator.py
[2024-03-20T22:12:40.892-0300] {processor.py:743} INFO - Processing file /home/carlosfalcone/.local/lib/python3.7/site-packages/airflow/example_dags/example_branch_operator.py for tasks to queue
[2024-03-20T22:12:40.892-0300] {logging_mixin.py:137} INFO - [2024-03-20T22:12:40.892-0300] {dagbag.py:532} INFO - Filling up the DagBag from /home/carlosfalcone/.local/lib/python3.7/site-packages/airflow/example_dags/example_branch_operator.py
[2024-03-20T22:12:40.902-0300] {processor.py:753} INFO - DAG(s) dict_keys(['example_branch_operator']) retrieved from /home/carlosfalcone/.local/lib/python3.7/site-packages/airflow/example_dags/example_branch_operator.py
[2024-03-20T22:12:40.914-0300] {logging_mixin.py:137} INFO - [2024-03-20T22:12:40.914-0300] {dag.py:2705} INFO - Sync 1 DAGs
[2024-03-20T22:12:40.929-0300] {logging_mixin.py:137} INFO - [2024-03-20T22:12:40.929-0300] {dag.py:3456} INFO - Setting next_dagrun for example_branch_operator to 2024-03-20T00:00:00+00:00, run_after=2024-03-21T00:00:00+00:00
[2024-03-20T22:12:40.946-0300] {processor.py:175} INFO - Processing /home/carlosfalcone/.local/lib/python3.7/site-packages/airflow/example_dags/example_branch_operator.py took 0.057 seconds
[2024-03-20T22:13:24.795-0300] {processor.py:153} INFO - Started process (PID=1030) to work on /home/carlosfalcone/.local/lib/python3.7/site-packages/airflow/example_dags/example_branch_operator.py
[2024-03-20T22:13:24.796-0300] {processor.py:743} INFO - Processing file /home/carlosfalcone/.local/lib/python3.7/site-packages/airflow/example_dags/example_branch_operator.py for tasks to queue
[2024-03-20T22:13:24.797-0300] {logging_mixin.py:137} INFO - [2024-03-20T22:13:24.796-0300] {dagbag.py:532} INFO - Filling up the DagBag from /home/carlosfalcone/.local/lib/python3.7/site-packages/airflow/example_dags/example_branch_operator.py
[2024-03-20T22:13:24.806-0300] {processor.py:753} INFO - DAG(s) dict_keys(['example_branch_operator']) retrieved from /home/carlosfalcone/.local/lib/python3.7/site-packages/airflow/example_dags/example_branch_operator.py
[2024-03-20T22:13:24.819-0300] {logging_mixin.py:137} INFO - [2024-03-20T22:13:24.819-0300] {dag.py:2705} INFO - Sync 1 DAGs
[2024-03-20T22:13:24.833-0300] {logging_mixin.py:137} INFO - [2024-03-20T22:13:24.833-0300] {dag.py:3456} INFO - Setting next_dagrun for example_branch_operator to 2024-03-20T00:00:00+00:00, run_after=2024-03-21T00:00:00+00:00
[2024-03-20T22:13:24.850-0300] {processor.py:175} INFO - Processing /home/carlosfalcone/.local/lib/python3.7/site-packages/airflow/example_dags/example_branch_operator.py took 0.057 seconds
[2024-03-20T22:14:04.180-0300] {processor.py:153} INFO - Started process (PID=1108) to work on /home/carlosfalcone/.local/lib/python3.7/site-packages/airflow/example_dags/example_branch_operator.py
[2024-03-20T22:14:04.181-0300] {processor.py:743} INFO - Processing file /home/carlosfalcone/.local/lib/python3.7/site-packages/airflow/example_dags/example_branch_operator.py for tasks to queue
[2024-03-20T22:14:04.182-0300] {logging_mixin.py:137} INFO - [2024-03-20T22:14:04.181-0300] {dagbag.py:532} INFO - Filling up the DagBag from /home/carlosfalcone/.local/lib/python3.7/site-packages/airflow/example_dags/example_branch_operator.py
[2024-03-20T22:14:04.191-0300] {processor.py:753} INFO - DAG(s) dict_keys(['example_branch_operator']) retrieved from /home/carlosfalcone/.local/lib/python3.7/site-packages/airflow/example_dags/example_branch_operator.py
[2024-03-20T22:14:04.204-0300] {logging_mixin.py:137} INFO - [2024-03-20T22:14:04.204-0300] {dag.py:2705} INFO - Sync 1 DAGs
[2024-03-20T22:14:04.218-0300] {logging_mixin.py:137} INFO - [2024-03-20T22:14:04.218-0300] {dag.py:3456} INFO - Setting next_dagrun for example_branch_operator to 2024-03-20T00:00:00+00:00, run_after=2024-03-21T00:00:00+00:00
[2024-03-20T22:14:04.235-0300] {processor.py:175} INFO - Processing /home/carlosfalcone/.local/lib/python3.7/site-packages/airflow/example_dags/example_branch_operator.py took 0.057 seconds
[2024-03-20T22:14:42.201-0300] {processor.py:153} INFO - Started process (PID=1150) to work on /home/carlosfalcone/.local/lib/python3.7/site-packages/airflow/example_dags/example_branch_operator.py
[2024-03-20T22:14:42.202-0300] {processor.py:743} INFO - Processing file /home/carlosfalcone/.local/lib/python3.7/site-packages/airflow/example_dags/example_branch_operator.py for tasks to queue
[2024-03-20T22:14:42.202-0300] {logging_mixin.py:137} INFO - [2024-03-20T22:14:42.202-0300] {dagbag.py:532} INFO - Filling up the DagBag from /home/carlosfalcone/.local/lib/python3.7/site-packages/airflow/example_dags/example_branch_operator.py
[2024-03-20T22:14:42.212-0300] {processor.py:753} INFO - DAG(s) dict_keys(['example_branch_operator']) retrieved from /home/carlosfalcone/.local/lib/python3.7/site-packages/airflow/example_dags/example_branch_operator.py
[2024-03-20T22:14:42.225-0300] {logging_mixin.py:137} INFO - [2024-03-20T22:14:42.225-0300] {dag.py:2705} INFO - Sync 1 DAGs
[2024-03-20T22:14:42.239-0300] {logging_mixin.py:137} INFO - [2024-03-20T22:14:42.239-0300] {dag.py:3456} INFO - Setting next_dagrun for example_branch_operator to 2024-03-20T00:00:00+00:00, run_after=2024-03-21T00:00:00+00:00
[2024-03-20T22:14:42.255-0300] {processor.py:175} INFO - Processing /home/carlosfalcone/.local/lib/python3.7/site-packages/airflow/example_dags/example_branch_operator.py took 0.055 seconds
[2024-03-20T22:15:24.039-0300] {processor.py:153} INFO - Started process (PID=1256) to work on /home/carlosfalcone/.local/lib/python3.7/site-packages/airflow/example_dags/example_branch_operator.py
[2024-03-20T22:15:24.040-0300] {processor.py:743} INFO - Processing file /home/carlosfalcone/.local/lib/python3.7/site-packages/airflow/example_dags/example_branch_operator.py for tasks to queue
[2024-03-20T22:15:24.040-0300] {logging_mixin.py:137} INFO - [2024-03-20T22:15:24.040-0300] {dagbag.py:532} INFO - Filling up the DagBag from /home/carlosfalcone/.local/lib/python3.7/site-packages/airflow/example_dags/example_branch_operator.py
[2024-03-20T22:15:24.050-0300] {processor.py:753} INFO - DAG(s) dict_keys(['example_branch_operator']) retrieved from /home/carlosfalcone/.local/lib/python3.7/site-packages/airflow/example_dags/example_branch_operator.py
[2024-03-20T22:15:24.063-0300] {logging_mixin.py:137} INFO - [2024-03-20T22:15:24.063-0300] {dag.py:2705} INFO - Sync 1 DAGs
[2024-03-20T22:15:24.078-0300] {logging_mixin.py:137} INFO - [2024-03-20T22:15:24.078-0300] {dag.py:3456} INFO - Setting next_dagrun for example_branch_operator to 2024-03-20T00:00:00+00:00, run_after=2024-03-21T00:00:00+00:00
[2024-03-20T22:15:24.094-0300] {processor.py:175} INFO - Processing /home/carlosfalcone/.local/lib/python3.7/site-packages/airflow/example_dags/example_branch_operator.py took 0.057 seconds
[2024-03-20T22:16:11.252-0300] {processor.py:153} INFO - Started process (PID=1378) to work on /home/carlosfalcone/.local/lib/python3.7/site-packages/airflow/example_dags/example_branch_operator.py
[2024-03-20T22:16:11.253-0300] {processor.py:743} INFO - Processing file /home/carlosfalcone/.local/lib/python3.7/site-packages/airflow/example_dags/example_branch_operator.py for tasks to queue
[2024-03-20T22:16:11.253-0300] {logging_mixin.py:137} INFO - [2024-03-20T22:16:11.253-0300] {dagbag.py:532} INFO - Filling up the DagBag from /home/carlosfalcone/.local/lib/python3.7/site-packages/airflow/example_dags/example_branch_operator.py
[2024-03-20T22:16:11.263-0300] {processor.py:753} INFO - DAG(s) dict_keys(['example_branch_operator']) retrieved from /home/carlosfalcone/.local/lib/python3.7/site-packages/airflow/example_dags/example_branch_operator.py
[2024-03-20T22:16:11.275-0300] {logging_mixin.py:137} INFO - [2024-03-20T22:16:11.275-0300] {dag.py:2705} INFO - Sync 1 DAGs
[2024-03-20T22:16:11.290-0300] {logging_mixin.py:137} INFO - [2024-03-20T22:16:11.290-0300] {dag.py:3456} INFO - Setting next_dagrun for example_branch_operator to 2024-03-21T00:00:00+00:00, run_after=2024-03-22T00:00:00+00:00
[2024-03-20T22:16:11.307-0300] {processor.py:175} INFO - Processing /home/carlosfalcone/.local/lib/python3.7/site-packages/airflow/example_dags/example_branch_operator.py took 0.057 seconds
[2024-03-20T22:16:57.441-0300] {processor.py:153} INFO - Started process (PID=1502) to work on /home/carlosfalcone/.local/lib/python3.7/site-packages/airflow/example_dags/example_branch_operator.py
[2024-03-20T22:16:57.443-0300] {processor.py:743} INFO - Processing file /home/carlosfalcone/.local/lib/python3.7/site-packages/airflow/example_dags/example_branch_operator.py for tasks to queue
[2024-03-20T22:16:57.443-0300] {logging_mixin.py:137} INFO - [2024-03-20T22:16:57.443-0300] {dagbag.py:532} INFO - Filling up the DagBag from /home/carlosfalcone/.local/lib/python3.7/site-packages/airflow/example_dags/example_branch_operator.py
[2024-03-20T22:16:57.453-0300] {processor.py:753} INFO - DAG(s) dict_keys(['example_branch_operator']) retrieved from /home/carlosfalcone/.local/lib/python3.7/site-packages/airflow/example_dags/example_branch_operator.py
[2024-03-20T22:16:57.467-0300] {logging_mixin.py:137} INFO - [2024-03-20T22:16:57.467-0300] {dag.py:2705} INFO - Sync 1 DAGs
[2024-03-20T22:16:57.482-0300] {logging_mixin.py:137} INFO - [2024-03-20T22:16:57.482-0300] {dag.py:3456} INFO - Setting next_dagrun for example_branch_operator to 2024-03-21T00:00:00+00:00, run_after=2024-03-22T00:00:00+00:00
[2024-03-20T22:16:57.498-0300] {processor.py:175} INFO - Processing /home/carlosfalcone/.local/lib/python3.7/site-packages/airflow/example_dags/example_branch_operator.py took 0.058 seconds
[2024-03-20T22:17:46.926-0300] {processor.py:153} INFO - Started process (PID=1623) to work on /home/carlosfalcone/.local/lib/python3.7/site-packages/airflow/example_dags/example_branch_operator.py
[2024-03-20T22:17:46.927-0300] {processor.py:743} INFO - Processing file /home/carlosfalcone/.local/lib/python3.7/site-packages/airflow/example_dags/example_branch_operator.py for tasks to queue
[2024-03-20T22:17:46.927-0300] {logging_mixin.py:137} INFO - [2024-03-20T22:17:46.927-0300] {dagbag.py:532} INFO - Filling up the DagBag from /home/carlosfalcone/.local/lib/python3.7/site-packages/airflow/example_dags/example_branch_operator.py
[2024-03-20T22:17:46.937-0300] {processor.py:753} INFO - DAG(s) dict_keys(['example_branch_operator']) retrieved from /home/carlosfalcone/.local/lib/python3.7/site-packages/airflow/example_dags/example_branch_operator.py
[2024-03-20T22:17:46.950-0300] {logging_mixin.py:137} INFO - [2024-03-20T22:17:46.950-0300] {dag.py:2705} INFO - Sync 1 DAGs
[2024-03-20T22:17:46.965-0300] {logging_mixin.py:137} INFO - [2024-03-20T22:17:46.965-0300] {dag.py:3456} INFO - Setting next_dagrun for example_branch_operator to 2024-03-21T00:00:00+00:00, run_after=2024-03-22T00:00:00+00:00
[2024-03-20T22:17:46.983-0300] {processor.py:175} INFO - Processing /home/carlosfalcone/.local/lib/python3.7/site-packages/airflow/example_dags/example_branch_operator.py took 0.058 seconds
[2024-03-21T11:23:46.268-0300] {processor.py:153} INFO - Started process (PID=108) to work on /home/carlosfalcone/.local/lib/python3.7/site-packages/airflow/example_dags/example_branch_operator.py
[2024-03-21T11:23:46.270-0300] {processor.py:743} INFO - Processing file /home/carlosfalcone/.local/lib/python3.7/site-packages/airflow/example_dags/example_branch_operator.py for tasks to queue
[2024-03-21T11:23:46.270-0300] {logging_mixin.py:137} INFO - [2024-03-21T11:23:46.270-0300] {dagbag.py:532} INFO - Filling up the DagBag from /home/carlosfalcone/.local/lib/python3.7/site-packages/airflow/example_dags/example_branch_operator.py
[2024-03-21T11:23:46.283-0300] {processor.py:753} INFO - DAG(s) dict_keys(['example_branch_operator']) retrieved from /home/carlosfalcone/.local/lib/python3.7/site-packages/airflow/example_dags/example_branch_operator.py
[2024-03-21T11:23:46.303-0300] {logging_mixin.py:137} INFO - [2024-03-21T11:23:46.303-0300] {dag.py:2705} INFO - Sync 1 DAGs
[2024-03-21T11:23:46.320-0300] {logging_mixin.py:137} INFO - [2024-03-21T11:23:46.320-0300] {dag.py:3456} INFO - Setting next_dagrun for example_branch_operator to 2024-03-21T00:00:00+00:00, run_after=2024-03-22T00:00:00+00:00
[2024-03-21T11:23:46.346-0300] {processor.py:175} INFO - Processing /home/carlosfalcone/.local/lib/python3.7/site-packages/airflow/example_dags/example_branch_operator.py took 0.079 seconds
[2024-03-21T11:24:25.044-0300] {processor.py:153} INFO - Started process (PID=330) to work on /home/carlosfalcone/.local/lib/python3.7/site-packages/airflow/example_dags/example_branch_operator.py
[2024-03-21T11:24:25.045-0300] {processor.py:743} INFO - Processing file /home/carlosfalcone/.local/lib/python3.7/site-packages/airflow/example_dags/example_branch_operator.py for tasks to queue
[2024-03-21T11:24:25.046-0300] {logging_mixin.py:137} INFO - [2024-03-21T11:24:25.046-0300] {dagbag.py:532} INFO - Filling up the DagBag from /home/carlosfalcone/.local/lib/python3.7/site-packages/airflow/example_dags/example_branch_operator.py
[2024-03-21T11:24:25.056-0300] {processor.py:753} INFO - DAG(s) dict_keys(['example_branch_operator']) retrieved from /home/carlosfalcone/.local/lib/python3.7/site-packages/airflow/example_dags/example_branch_operator.py
[2024-03-21T11:24:25.070-0300] {logging_mixin.py:137} INFO - [2024-03-21T11:24:25.069-0300] {dag.py:2705} INFO - Sync 1 DAGs
[2024-03-21T11:24:25.085-0300] {logging_mixin.py:137} INFO - [2024-03-21T11:24:25.085-0300] {dag.py:3456} INFO - Setting next_dagrun for example_branch_operator to 2024-03-21T00:00:00+00:00, run_after=2024-03-22T00:00:00+00:00
[2024-03-21T11:24:25.101-0300] {processor.py:175} INFO - Processing /home/carlosfalcone/.local/lib/python3.7/site-packages/airflow/example_dags/example_branch_operator.py took 0.058 seconds
[2024-03-21T11:25:06.129-0300] {processor.py:153} INFO - Started process (PID=435) to work on /home/carlosfalcone/.local/lib/python3.7/site-packages/airflow/example_dags/example_branch_operator.py
[2024-03-21T11:25:06.130-0300] {processor.py:743} INFO - Processing file /home/carlosfalcone/.local/lib/python3.7/site-packages/airflow/example_dags/example_branch_operator.py for tasks to queue
[2024-03-21T11:25:06.130-0300] {logging_mixin.py:137} INFO - [2024-03-21T11:25:06.130-0300] {dagbag.py:532} INFO - Filling up the DagBag from /home/carlosfalcone/.local/lib/python3.7/site-packages/airflow/example_dags/example_branch_operator.py
[2024-03-21T11:25:06.141-0300] {processor.py:753} INFO - DAG(s) dict_keys(['example_branch_operator']) retrieved from /home/carlosfalcone/.local/lib/python3.7/site-packages/airflow/example_dags/example_branch_operator.py
[2024-03-21T11:25:06.155-0300] {logging_mixin.py:137} INFO - [2024-03-21T11:25:06.155-0300] {dag.py:2705} INFO - Sync 1 DAGs
[2024-03-21T11:25:06.171-0300] {logging_mixin.py:137} INFO - [2024-03-21T11:25:06.171-0300] {dag.py:3456} INFO - Setting next_dagrun for example_branch_operator to 2024-03-21T00:00:00+00:00, run_after=2024-03-22T00:00:00+00:00
[2024-03-21T11:25:06.202-0300] {processor.py:175} INFO - Processing /home/carlosfalcone/.local/lib/python3.7/site-packages/airflow/example_dags/example_branch_operator.py took 0.074 seconds
