[2024-03-20T22:09:26.959-0300] {processor.py:153} INFO - Started process (PID=324) to work on /home/carlosfalcone/.local/lib/python3.7/site-packages/airflow/example_dags/example_external_task_marker_dag.py
[2024-03-20T22:09:26.959-0300] {processor.py:743} INFO - Processing file /home/carlosfalcone/.local/lib/python3.7/site-packages/airflow/example_dags/example_external_task_marker_dag.py for tasks to queue
[2024-03-20T22:09:26.960-0300] {logging_mixin.py:137} INFO - [2024-03-20T22:09:26.960-0300] {dagbag.py:532} INFO - Filling up the DagBag from /home/carlosfalcone/.local/lib/python3.7/site-packages/airflow/example_dags/example_external_task_marker_dag.py
[2024-03-20T22:09:26.967-0300] {processor.py:753} INFO - DAG(s) dict_keys(['example_external_task_marker_parent', 'example_external_task_marker_child']) retrieved from /home/carlosfalcone/.local/lib/python3.7/site-packages/airflow/example_dags/example_external_task_marker_dag.py
[2024-03-20T22:09:27.036-0300] {logging_mixin.py:137} INFO - [2024-03-20T22:09:27.036-0300] {manager.py:504} INFO - Created Permission View: can delete on DAG:example_external_task_marker_parent
[2024-03-20T22:09:27.044-0300] {logging_mixin.py:137} INFO - [2024-03-20T22:09:27.044-0300] {manager.py:504} INFO - Created Permission View: can read on DAG:example_external_task_marker_parent
[2024-03-20T22:09:27.050-0300] {logging_mixin.py:137} INFO - [2024-03-20T22:09:27.050-0300] {manager.py:504} INFO - Created Permission View: can edit on DAG:example_external_task_marker_parent
[2024-03-20T22:09:27.064-0300] {logging_mixin.py:137} INFO - [2024-03-20T22:09:27.064-0300] {manager.py:504} INFO - Created Permission View: can delete on DAG:example_external_task_marker_child
[2024-03-20T22:09:27.070-0300] {logging_mixin.py:137} INFO - [2024-03-20T22:09:27.070-0300] {manager.py:504} INFO - Created Permission View: can read on DAG:example_external_task_marker_child
[2024-03-20T22:09:27.077-0300] {logging_mixin.py:137} INFO - [2024-03-20T22:09:27.076-0300] {manager.py:504} INFO - Created Permission View: can edit on DAG:example_external_task_marker_child
[2024-03-20T22:09:27.077-0300] {logging_mixin.py:137} INFO - [2024-03-20T22:09:27.077-0300] {dag.py:2705} INFO - Sync 2 DAGs
[2024-03-20T22:09:27.084-0300] {logging_mixin.py:137} INFO - [2024-03-20T22:09:27.084-0300] {dag.py:2726} INFO - Creating ORM DAG for example_external_task_marker_parent
[2024-03-20T22:09:27.084-0300] {logging_mixin.py:137} INFO - [2024-03-20T22:09:27.084-0300] {dag.py:2726} INFO - Creating ORM DAG for example_external_task_marker_child
[2024-03-20T22:09:27.090-0300] {logging_mixin.py:137} INFO - [2024-03-20T22:09:27.090-0300] {dag.py:3456} INFO - Setting next_dagrun for example_external_task_marker_child to None, run_after=None
[2024-03-20T22:09:27.091-0300] {logging_mixin.py:137} INFO - [2024-03-20T22:09:27.090-0300] {dag.py:3456} INFO - Setting next_dagrun for example_external_task_marker_parent to None, run_after=None
[2024-03-20T22:09:27.106-0300] {processor.py:175} INFO - Processing /home/carlosfalcone/.local/lib/python3.7/site-packages/airflow/example_dags/example_external_task_marker_dag.py took 0.148 seconds
[2024-03-20T22:10:08.019-0300] {processor.py:153} INFO - Started process (PID=540) to work on /home/carlosfalcone/.local/lib/python3.7/site-packages/airflow/example_dags/example_external_task_marker_dag.py
[2024-03-20T22:10:08.020-0300] {processor.py:743} INFO - Processing file /home/carlosfalcone/.local/lib/python3.7/site-packages/airflow/example_dags/example_external_task_marker_dag.py for tasks to queue
[2024-03-20T22:10:08.021-0300] {logging_mixin.py:137} INFO - [2024-03-20T22:10:08.021-0300] {dagbag.py:532} INFO - Filling up the DagBag from /home/carlosfalcone/.local/lib/python3.7/site-packages/airflow/example_dags/example_external_task_marker_dag.py
[2024-03-20T22:10:08.030-0300] {processor.py:753} INFO - DAG(s) dict_keys(['example_external_task_marker_child', 'example_external_task_marker_parent']) retrieved from /home/carlosfalcone/.local/lib/python3.7/site-packages/airflow/example_dags/example_external_task_marker_dag.py
[2024-03-20T22:10:08.044-0300] {logging_mixin.py:137} INFO - [2024-03-20T22:10:08.044-0300] {dag.py:2705} INFO - Sync 2 DAGs
[2024-03-20T22:10:08.058-0300] {logging_mixin.py:137} INFO - [2024-03-20T22:10:08.058-0300] {dag.py:3456} INFO - Setting next_dagrun for example_external_task_marker_child to None, run_after=None
[2024-03-20T22:10:08.060-0300] {logging_mixin.py:137} INFO - [2024-03-20T22:10:08.060-0300] {dag.py:3456} INFO - Setting next_dagrun for example_external_task_marker_parent to None, run_after=None
[2024-03-20T22:10:08.074-0300] {processor.py:175} INFO - Processing /home/carlosfalcone/.local/lib/python3.7/site-packages/airflow/example_dags/example_external_task_marker_dag.py took 0.057 seconds
[2024-03-20T22:10:53.124-0300] {processor.py:153} INFO - Started process (PID=651) to work on /home/carlosfalcone/.local/lib/python3.7/site-packages/airflow/example_dags/example_external_task_marker_dag.py
[2024-03-20T22:10:53.125-0300] {processor.py:743} INFO - Processing file /home/carlosfalcone/.local/lib/python3.7/site-packages/airflow/example_dags/example_external_task_marker_dag.py for tasks to queue
[2024-03-20T22:10:53.126-0300] {logging_mixin.py:137} INFO - [2024-03-20T22:10:53.126-0300] {dagbag.py:532} INFO - Filling up the DagBag from /home/carlosfalcone/.local/lib/python3.7/site-packages/airflow/example_dags/example_external_task_marker_dag.py
[2024-03-20T22:10:53.133-0300] {processor.py:753} INFO - DAG(s) dict_keys(['example_external_task_marker_parent', 'example_external_task_marker_child']) retrieved from /home/carlosfalcone/.local/lib/python3.7/site-packages/airflow/example_dags/example_external_task_marker_dag.py
[2024-03-20T22:10:53.146-0300] {logging_mixin.py:137} INFO - [2024-03-20T22:10:53.146-0300] {dag.py:2705} INFO - Sync 2 DAGs
[2024-03-20T22:10:53.160-0300] {logging_mixin.py:137} INFO - [2024-03-20T22:10:53.160-0300] {dag.py:3456} INFO - Setting next_dagrun for example_external_task_marker_child to None, run_after=None
[2024-03-20T22:10:53.162-0300] {logging_mixin.py:137} INFO - [2024-03-20T22:10:53.162-0300] {dag.py:3456} INFO - Setting next_dagrun for example_external_task_marker_parent to None, run_after=None
[2024-03-20T22:10:53.176-0300] {processor.py:175} INFO - Processing /home/carlosfalcone/.local/lib/python3.7/site-packages/airflow/example_dags/example_external_task_marker_dag.py took 0.053 seconds
[2024-03-20T22:11:38.554-0300] {processor.py:153} INFO - Started process (PID=762) to work on /home/carlosfalcone/.local/lib/python3.7/site-packages/airflow/example_dags/example_external_task_marker_dag.py
[2024-03-20T22:11:38.555-0300] {processor.py:743} INFO - Processing file /home/carlosfalcone/.local/lib/python3.7/site-packages/airflow/example_dags/example_external_task_marker_dag.py for tasks to queue
[2024-03-20T22:11:38.555-0300] {logging_mixin.py:137} INFO - [2024-03-20T22:11:38.555-0300] {dagbag.py:532} INFO - Filling up the DagBag from /home/carlosfalcone/.local/lib/python3.7/site-packages/airflow/example_dags/example_external_task_marker_dag.py
[2024-03-20T22:11:38.563-0300] {processor.py:753} INFO - DAG(s) dict_keys(['example_external_task_marker_child', 'example_external_task_marker_parent']) retrieved from /home/carlosfalcone/.local/lib/python3.7/site-packages/airflow/example_dags/example_external_task_marker_dag.py
[2024-03-20T22:11:38.576-0300] {logging_mixin.py:137} INFO - [2024-03-20T22:11:38.576-0300] {dag.py:2705} INFO - Sync 2 DAGs
[2024-03-20T22:11:38.591-0300] {logging_mixin.py:137} INFO - [2024-03-20T22:11:38.590-0300] {dag.py:3456} INFO - Setting next_dagrun for example_external_task_marker_child to None, run_after=None
[2024-03-20T22:11:38.592-0300] {logging_mixin.py:137} INFO - [2024-03-20T22:11:38.592-0300] {dag.py:3456} INFO - Setting next_dagrun for example_external_task_marker_parent to None, run_after=None
[2024-03-20T22:11:38.606-0300] {processor.py:175} INFO - Processing /home/carlosfalcone/.local/lib/python3.7/site-packages/airflow/example_dags/example_external_task_marker_dag.py took 0.053 seconds
[2024-03-20T22:12:21.815-0300] {processor.py:153} INFO - Started process (PID=872) to work on /home/carlosfalcone/.local/lib/python3.7/site-packages/airflow/example_dags/example_external_task_marker_dag.py
[2024-03-20T22:12:21.816-0300] {processor.py:743} INFO - Processing file /home/carlosfalcone/.local/lib/python3.7/site-packages/airflow/example_dags/example_external_task_marker_dag.py for tasks to queue
[2024-03-20T22:12:21.817-0300] {logging_mixin.py:137} INFO - [2024-03-20T22:12:21.817-0300] {dagbag.py:532} INFO - Filling up the DagBag from /home/carlosfalcone/.local/lib/python3.7/site-packages/airflow/example_dags/example_external_task_marker_dag.py
[2024-03-20T22:12:21.824-0300] {processor.py:753} INFO - DAG(s) dict_keys(['example_external_task_marker_parent', 'example_external_task_marker_child']) retrieved from /home/carlosfalcone/.local/lib/python3.7/site-packages/airflow/example_dags/example_external_task_marker_dag.py
[2024-03-20T22:12:21.837-0300] {logging_mixin.py:137} INFO - [2024-03-20T22:12:21.837-0300] {dag.py:2705} INFO - Sync 2 DAGs
[2024-03-20T22:12:21.851-0300] {logging_mixin.py:137} INFO - [2024-03-20T22:12:21.851-0300] {dag.py:3456} INFO - Setting next_dagrun for example_external_task_marker_child to None, run_after=None
[2024-03-20T22:12:21.853-0300] {logging_mixin.py:137} INFO - [2024-03-20T22:12:21.853-0300] {dag.py:3456} INFO - Setting next_dagrun for example_external_task_marker_parent to None, run_after=None
[2024-03-20T22:12:21.867-0300] {processor.py:175} INFO - Processing /home/carlosfalcone/.local/lib/python3.7/site-packages/airflow/example_dags/example_external_task_marker_dag.py took 0.053 seconds
[2024-03-20T22:13:02.282-0300] {processor.py:153} INFO - Started process (PID=974) to work on /home/carlosfalcone/.local/lib/python3.7/site-packages/airflow/example_dags/example_external_task_marker_dag.py
[2024-03-20T22:13:02.283-0300] {processor.py:743} INFO - Processing file /home/carlosfalcone/.local/lib/python3.7/site-packages/airflow/example_dags/example_external_task_marker_dag.py for tasks to queue
[2024-03-20T22:13:02.284-0300] {logging_mixin.py:137} INFO - [2024-03-20T22:13:02.284-0300] {dagbag.py:532} INFO - Filling up the DagBag from /home/carlosfalcone/.local/lib/python3.7/site-packages/airflow/example_dags/example_external_task_marker_dag.py
[2024-03-20T22:13:02.291-0300] {processor.py:753} INFO - DAG(s) dict_keys(['example_external_task_marker_parent', 'example_external_task_marker_child']) retrieved from /home/carlosfalcone/.local/lib/python3.7/site-packages/airflow/example_dags/example_external_task_marker_dag.py
[2024-03-20T22:13:02.304-0300] {logging_mixin.py:137} INFO - [2024-03-20T22:13:02.304-0300] {dag.py:2705} INFO - Sync 2 DAGs
[2024-03-20T22:13:02.317-0300] {logging_mixin.py:137} INFO - [2024-03-20T22:13:02.317-0300] {dag.py:3456} INFO - Setting next_dagrun for example_external_task_marker_child to None, run_after=None
[2024-03-20T22:13:02.319-0300] {logging_mixin.py:137} INFO - [2024-03-20T22:13:02.319-0300] {dag.py:3456} INFO - Setting next_dagrun for example_external_task_marker_parent to None, run_after=None
[2024-03-20T22:13:02.333-0300] {processor.py:175} INFO - Processing /home/carlosfalcone/.local/lib/python3.7/site-packages/airflow/example_dags/example_external_task_marker_dag.py took 0.053 seconds
[2024-03-20T22:13:48.586-0300] {processor.py:153} INFO - Started process (PID=1090) to work on /home/carlosfalcone/.local/lib/python3.7/site-packages/airflow/example_dags/example_external_task_marker_dag.py
[2024-03-20T22:13:48.587-0300] {processor.py:743} INFO - Processing file /home/carlosfalcone/.local/lib/python3.7/site-packages/airflow/example_dags/example_external_task_marker_dag.py for tasks to queue
[2024-03-20T22:13:48.588-0300] {logging_mixin.py:137} INFO - [2024-03-20T22:13:48.588-0300] {dagbag.py:532} INFO - Filling up the DagBag from /home/carlosfalcone/.local/lib/python3.7/site-packages/airflow/example_dags/example_external_task_marker_dag.py
[2024-03-20T22:13:48.596-0300] {processor.py:753} INFO - DAG(s) dict_keys(['example_external_task_marker_parent', 'example_external_task_marker_child']) retrieved from /home/carlosfalcone/.local/lib/python3.7/site-packages/airflow/example_dags/example_external_task_marker_dag.py
[2024-03-20T22:13:48.608-0300] {logging_mixin.py:137} INFO - [2024-03-20T22:13:48.608-0300] {dag.py:2705} INFO - Sync 2 DAGs
[2024-03-20T22:13:48.622-0300] {logging_mixin.py:137} INFO - [2024-03-20T22:13:48.622-0300] {dag.py:3456} INFO - Setting next_dagrun for example_external_task_marker_child to None, run_after=None
[2024-03-20T22:13:48.624-0300] {logging_mixin.py:137} INFO - [2024-03-20T22:13:48.624-0300] {dag.py:3456} INFO - Setting next_dagrun for example_external_task_marker_parent to None, run_after=None
[2024-03-20T22:13:48.640-0300] {processor.py:175} INFO - Processing /home/carlosfalcone/.local/lib/python3.7/site-packages/airflow/example_dags/example_external_task_marker_dag.py took 0.055 seconds
[2024-03-20T22:14:31.928-0300] {processor.py:153} INFO - Started process (PID=1136) to work on /home/carlosfalcone/.local/lib/python3.7/site-packages/airflow/example_dags/example_external_task_marker_dag.py
[2024-03-20T22:14:31.929-0300] {processor.py:743} INFO - Processing file /home/carlosfalcone/.local/lib/python3.7/site-packages/airflow/example_dags/example_external_task_marker_dag.py for tasks to queue
[2024-03-20T22:14:31.930-0300] {logging_mixin.py:137} INFO - [2024-03-20T22:14:31.930-0300] {dagbag.py:532} INFO - Filling up the DagBag from /home/carlosfalcone/.local/lib/python3.7/site-packages/airflow/example_dags/example_external_task_marker_dag.py
[2024-03-20T22:14:31.937-0300] {processor.py:753} INFO - DAG(s) dict_keys(['example_external_task_marker_parent', 'example_external_task_marker_child']) retrieved from /home/carlosfalcone/.local/lib/python3.7/site-packages/airflow/example_dags/example_external_task_marker_dag.py
[2024-03-20T22:14:31.950-0300] {logging_mixin.py:137} INFO - [2024-03-20T22:14:31.950-0300] {dag.py:2705} INFO - Sync 2 DAGs
[2024-03-20T22:14:31.964-0300] {logging_mixin.py:137} INFO - [2024-03-20T22:14:31.964-0300] {dag.py:3456} INFO - Setting next_dagrun for example_external_task_marker_child to None, run_after=None
[2024-03-20T22:14:31.966-0300] {logging_mixin.py:137} INFO - [2024-03-20T22:14:31.966-0300] {dag.py:3456} INFO - Setting next_dagrun for example_external_task_marker_parent to None, run_after=None
[2024-03-20T22:14:31.980-0300] {processor.py:175} INFO - Processing /home/carlosfalcone/.local/lib/python3.7/site-packages/airflow/example_dags/example_external_task_marker_dag.py took 0.053 seconds
[2024-03-20T22:15:11.987-0300] {processor.py:153} INFO - Started process (PID=1226) to work on /home/carlosfalcone/.local/lib/python3.7/site-packages/airflow/example_dags/example_external_task_marker_dag.py
[2024-03-20T22:15:11.988-0300] {processor.py:743} INFO - Processing file /home/carlosfalcone/.local/lib/python3.7/site-packages/airflow/example_dags/example_external_task_marker_dag.py for tasks to queue
[2024-03-20T22:15:11.989-0300] {logging_mixin.py:137} INFO - [2024-03-20T22:15:11.989-0300] {dagbag.py:532} INFO - Filling up the DagBag from /home/carlosfalcone/.local/lib/python3.7/site-packages/airflow/example_dags/example_external_task_marker_dag.py
[2024-03-20T22:15:11.996-0300] {processor.py:753} INFO - DAG(s) dict_keys(['example_external_task_marker_parent', 'example_external_task_marker_child']) retrieved from /home/carlosfalcone/.local/lib/python3.7/site-packages/airflow/example_dags/example_external_task_marker_dag.py
[2024-03-20T22:15:12.009-0300] {logging_mixin.py:137} INFO - [2024-03-20T22:15:12.009-0300] {dag.py:2705} INFO - Sync 2 DAGs
[2024-03-20T22:15:12.023-0300] {logging_mixin.py:137} INFO - [2024-03-20T22:15:12.023-0300] {dag.py:3456} INFO - Setting next_dagrun for example_external_task_marker_child to None, run_after=None
[2024-03-20T22:15:12.025-0300] {logging_mixin.py:137} INFO - [2024-03-20T22:15:12.024-0300] {dag.py:3456} INFO - Setting next_dagrun for example_external_task_marker_parent to None, run_after=None
[2024-03-20T22:15:12.038-0300] {processor.py:175} INFO - Processing /home/carlosfalcone/.local/lib/python3.7/site-packages/airflow/example_dags/example_external_task_marker_dag.py took 0.053 seconds
[2024-03-20T22:16:00.981-0300] {processor.py:153} INFO - Started process (PID=1352) to work on /home/carlosfalcone/.local/lib/python3.7/site-packages/airflow/example_dags/example_external_task_marker_dag.py
[2024-03-20T22:16:00.983-0300] {processor.py:743} INFO - Processing file /home/carlosfalcone/.local/lib/python3.7/site-packages/airflow/example_dags/example_external_task_marker_dag.py for tasks to queue
[2024-03-20T22:16:00.983-0300] {logging_mixin.py:137} INFO - [2024-03-20T22:16:00.983-0300] {dagbag.py:532} INFO - Filling up the DagBag from /home/carlosfalcone/.local/lib/python3.7/site-packages/airflow/example_dags/example_external_task_marker_dag.py
[2024-03-20T22:16:00.991-0300] {processor.py:753} INFO - DAG(s) dict_keys(['example_external_task_marker_child', 'example_external_task_marker_parent']) retrieved from /home/carlosfalcone/.local/lib/python3.7/site-packages/airflow/example_dags/example_external_task_marker_dag.py
[2024-03-20T22:16:01.003-0300] {logging_mixin.py:137} INFO - [2024-03-20T22:16:01.003-0300] {dag.py:2705} INFO - Sync 2 DAGs
[2024-03-20T22:16:01.017-0300] {logging_mixin.py:137} INFO - [2024-03-20T22:16:01.016-0300] {dag.py:3456} INFO - Setting next_dagrun for example_external_task_marker_child to None, run_after=None
[2024-03-20T22:16:01.018-0300] {logging_mixin.py:137} INFO - [2024-03-20T22:16:01.018-0300] {dag.py:3456} INFO - Setting next_dagrun for example_external_task_marker_parent to None, run_after=None
[2024-03-20T22:16:01.034-0300] {processor.py:175} INFO - Processing /home/carlosfalcone/.local/lib/python3.7/site-packages/airflow/example_dags/example_external_task_marker_dag.py took 0.054 seconds
[2024-03-20T22:16:46.385-0300] {processor.py:153} INFO - Started process (PID=1472) to work on /home/carlosfalcone/.local/lib/python3.7/site-packages/airflow/example_dags/example_external_task_marker_dag.py
[2024-03-20T22:16:46.386-0300] {processor.py:743} INFO - Processing file /home/carlosfalcone/.local/lib/python3.7/site-packages/airflow/example_dags/example_external_task_marker_dag.py for tasks to queue
[2024-03-20T22:16:46.386-0300] {logging_mixin.py:137} INFO - [2024-03-20T22:16:46.386-0300] {dagbag.py:532} INFO - Filling up the DagBag from /home/carlosfalcone/.local/lib/python3.7/site-packages/airflow/example_dags/example_external_task_marker_dag.py
[2024-03-20T22:16:46.394-0300] {processor.py:753} INFO - DAG(s) dict_keys(['example_external_task_marker_child', 'example_external_task_marker_parent']) retrieved from /home/carlosfalcone/.local/lib/python3.7/site-packages/airflow/example_dags/example_external_task_marker_dag.py
[2024-03-20T22:16:46.408-0300] {logging_mixin.py:137} INFO - [2024-03-20T22:16:46.408-0300] {dag.py:2705} INFO - Sync 2 DAGs
[2024-03-20T22:16:46.422-0300] {logging_mixin.py:137} INFO - [2024-03-20T22:16:46.422-0300] {dag.py:3456} INFO - Setting next_dagrun for example_external_task_marker_child to None, run_after=None
[2024-03-20T22:16:46.424-0300] {logging_mixin.py:137} INFO - [2024-03-20T22:16:46.424-0300] {dag.py:3456} INFO - Setting next_dagrun for example_external_task_marker_parent to None, run_after=None
[2024-03-20T22:16:46.438-0300] {processor.py:175} INFO - Processing /home/carlosfalcone/.local/lib/python3.7/site-packages/airflow/example_dags/example_external_task_marker_dag.py took 0.055 seconds
[2024-03-20T22:17:36.654-0300] {processor.py:153} INFO - Started process (PID=1597) to work on /home/carlosfalcone/.local/lib/python3.7/site-packages/airflow/example_dags/example_external_task_marker_dag.py
[2024-03-20T22:17:36.655-0300] {processor.py:743} INFO - Processing file /home/carlosfalcone/.local/lib/python3.7/site-packages/airflow/example_dags/example_external_task_marker_dag.py for tasks to queue
[2024-03-20T22:17:36.656-0300] {logging_mixin.py:137} INFO - [2024-03-20T22:17:36.656-0300] {dagbag.py:532} INFO - Filling up the DagBag from /home/carlosfalcone/.local/lib/python3.7/site-packages/airflow/example_dags/example_external_task_marker_dag.py
[2024-03-20T22:17:36.664-0300] {processor.py:753} INFO - DAG(s) dict_keys(['example_external_task_marker_parent', 'example_external_task_marker_child']) retrieved from /home/carlosfalcone/.local/lib/python3.7/site-packages/airflow/example_dags/example_external_task_marker_dag.py
[2024-03-20T22:17:36.676-0300] {logging_mixin.py:137} INFO - [2024-03-20T22:17:36.676-0300] {dag.py:2705} INFO - Sync 2 DAGs
[2024-03-20T22:17:36.690-0300] {logging_mixin.py:137} INFO - [2024-03-20T22:17:36.690-0300] {dag.py:3456} INFO - Setting next_dagrun for example_external_task_marker_child to None, run_after=None
[2024-03-20T22:17:36.692-0300] {logging_mixin.py:137} INFO - [2024-03-20T22:17:36.692-0300] {dag.py:3456} INFO - Setting next_dagrun for example_external_task_marker_parent to None, run_after=None
[2024-03-20T22:17:36.708-0300] {processor.py:175} INFO - Processing /home/carlosfalcone/.local/lib/python3.7/site-packages/airflow/example_dags/example_external_task_marker_dag.py took 0.055 seconds
[2024-03-20T22:18:22.170-0300] {processor.py:153} INFO - Started process (PID=1711) to work on /home/carlosfalcone/.local/lib/python3.7/site-packages/airflow/example_dags/example_external_task_marker_dag.py
[2024-03-20T22:18:22.171-0300] {processor.py:743} INFO - Processing file /home/carlosfalcone/.local/lib/python3.7/site-packages/airflow/example_dags/example_external_task_marker_dag.py for tasks to queue
[2024-03-20T22:18:22.171-0300] {logging_mixin.py:137} INFO - [2024-03-20T22:18:22.171-0300] {dagbag.py:532} INFO - Filling up the DagBag from /home/carlosfalcone/.local/lib/python3.7/site-packages/airflow/example_dags/example_external_task_marker_dag.py
[2024-03-20T22:18:22.179-0300] {processor.py:753} INFO - DAG(s) dict_keys(['example_external_task_marker_child', 'example_external_task_marker_parent']) retrieved from /home/carlosfalcone/.local/lib/python3.7/site-packages/airflow/example_dags/example_external_task_marker_dag.py
[2024-03-20T22:18:22.192-0300] {logging_mixin.py:137} INFO - [2024-03-20T22:18:22.192-0300] {dag.py:2705} INFO - Sync 2 DAGs
[2024-03-20T22:18:22.207-0300] {logging_mixin.py:137} INFO - [2024-03-20T22:18:22.207-0300] {dag.py:3456} INFO - Setting next_dagrun for example_external_task_marker_child to None, run_after=None
[2024-03-20T22:18:22.209-0300] {logging_mixin.py:137} INFO - [2024-03-20T22:18:22.209-0300] {dag.py:3456} INFO - Setting next_dagrun for example_external_task_marker_parent to None, run_after=None
[2024-03-20T22:18:22.224-0300] {processor.py:175} INFO - Processing /home/carlosfalcone/.local/lib/python3.7/site-packages/airflow/example_dags/example_external_task_marker_dag.py took 0.056 seconds
[2024-03-21T11:23:57.665-0300] {processor.py:153} INFO - Started process (PID=120) to work on /home/carlosfalcone/.local/lib/python3.7/site-packages/airflow/example_dags/example_external_task_marker_dag.py
[2024-03-21T11:23:57.667-0300] {processor.py:743} INFO - Processing file /home/carlosfalcone/.local/lib/python3.7/site-packages/airflow/example_dags/example_external_task_marker_dag.py for tasks to queue
[2024-03-21T11:23:57.667-0300] {logging_mixin.py:137} INFO - [2024-03-21T11:23:57.667-0300] {dagbag.py:532} INFO - Filling up the DagBag from /home/carlosfalcone/.local/lib/python3.7/site-packages/airflow/example_dags/example_external_task_marker_dag.py
[2024-03-21T11:23:57.676-0300] {processor.py:753} INFO - DAG(s) dict_keys(['example_external_task_marker_parent', 'example_external_task_marker_child']) retrieved from /home/carlosfalcone/.local/lib/python3.7/site-packages/airflow/example_dags/example_external_task_marker_dag.py
[2024-03-21T11:23:57.689-0300] {logging_mixin.py:137} INFO - [2024-03-21T11:23:57.688-0300] {dag.py:2705} INFO - Sync 2 DAGs
[2024-03-21T11:23:57.703-0300] {logging_mixin.py:137} INFO - [2024-03-21T11:23:57.703-0300] {dag.py:3456} INFO - Setting next_dagrun for example_external_task_marker_child to None, run_after=None
[2024-03-21T11:23:57.704-0300] {logging_mixin.py:137} INFO - [2024-03-21T11:23:57.704-0300] {dag.py:3456} INFO - Setting next_dagrun for example_external_task_marker_parent to None, run_after=None
[2024-03-21T11:23:57.718-0300] {processor.py:175} INFO - Processing /home/carlosfalcone/.local/lib/python3.7/site-packages/airflow/example_dags/example_external_task_marker_dag.py took 0.054 seconds
[2024-03-21T11:24:36.492-0300] {processor.py:153} INFO - Started process (PID=360) to work on /home/carlosfalcone/.local/lib/python3.7/site-packages/airflow/example_dags/example_external_task_marker_dag.py
[2024-03-21T11:24:36.493-0300] {processor.py:743} INFO - Processing file /home/carlosfalcone/.local/lib/python3.7/site-packages/airflow/example_dags/example_external_task_marker_dag.py for tasks to queue
[2024-03-21T11:24:36.493-0300] {logging_mixin.py:137} INFO - [2024-03-21T11:24:36.493-0300] {dagbag.py:532} INFO - Filling up the DagBag from /home/carlosfalcone/.local/lib/python3.7/site-packages/airflow/example_dags/example_external_task_marker_dag.py
[2024-03-21T11:24:36.502-0300] {processor.py:753} INFO - DAG(s) dict_keys(['example_external_task_marker_parent', 'example_external_task_marker_child']) retrieved from /home/carlosfalcone/.local/lib/python3.7/site-packages/airflow/example_dags/example_external_task_marker_dag.py
[2024-03-21T11:24:36.514-0300] {logging_mixin.py:137} INFO - [2024-03-21T11:24:36.514-0300] {dag.py:2705} INFO - Sync 2 DAGs
[2024-03-21T11:24:36.528-0300] {logging_mixin.py:137} INFO - [2024-03-21T11:24:36.528-0300] {dag.py:3456} INFO - Setting next_dagrun for example_external_task_marker_child to None, run_after=None
[2024-03-21T11:24:36.530-0300] {logging_mixin.py:137} INFO - [2024-03-21T11:24:36.530-0300] {dag.py:3456} INFO - Setting next_dagrun for example_external_task_marker_parent to None, run_after=None
[2024-03-21T11:24:36.544-0300] {processor.py:175} INFO - Processing /home/carlosfalcone/.local/lib/python3.7/site-packages/airflow/example_dags/example_external_task_marker_dag.py took 0.054 seconds
