[2024-03-20T22:08:52.187-0300] {processor.py:153} INFO - Started process (PID=261) to work on /home/carlosfalcone/.local/lib/python3.7/site-packages/airflow/example_dags/example_short_circuit_operator.py
[2024-03-20T22:08:52.188-0300] {processor.py:743} INFO - Processing file /home/carlosfalcone/.local/lib/python3.7/site-packages/airflow/example_dags/example_short_circuit_operator.py for tasks to queue
[2024-03-20T22:08:52.188-0300] {logging_mixin.py:137} INFO - [2024-03-20T22:08:52.188-0300] {dagbag.py:532} INFO - Filling up the DagBag from /home/carlosfalcone/.local/lib/python3.7/site-packages/airflow/example_dags/example_short_circuit_operator.py
[2024-03-20T22:08:52.197-0300] {processor.py:753} INFO - DAG(s) dict_keys(['example_short_circuit_operator']) retrieved from /home/carlosfalcone/.local/lib/python3.7/site-packages/airflow/example_dags/example_short_circuit_operator.py
[2024-03-20T22:08:52.268-0300] {logging_mixin.py:137} INFO - [2024-03-20T22:08:52.268-0300] {manager.py:504} INFO - Created Permission View: can delete on DAG:example_short_circuit_operator
[2024-03-20T22:08:52.276-0300] {logging_mixin.py:137} INFO - [2024-03-20T22:08:52.276-0300] {manager.py:504} INFO - Created Permission View: can read on DAG:example_short_circuit_operator
[2024-03-20T22:08:52.284-0300] {logging_mixin.py:137} INFO - [2024-03-20T22:08:52.284-0300] {manager.py:504} INFO - Created Permission View: can edit on DAG:example_short_circuit_operator
[2024-03-20T22:08:52.285-0300] {logging_mixin.py:137} INFO - [2024-03-20T22:08:52.284-0300] {dag.py:2705} INFO - Sync 1 DAGs
[2024-03-20T22:08:52.292-0300] {logging_mixin.py:137} INFO - [2024-03-20T22:08:52.292-0300] {dag.py:2726} INFO - Creating ORM DAG for example_short_circuit_operator
[2024-03-20T22:08:52.298-0300] {logging_mixin.py:137} INFO - [2024-03-20T22:08:52.298-0300] {dag.py:3456} INFO - Setting next_dagrun for example_short_circuit_operator to 2024-03-20T01:08:52.298245+00:00, run_after=2024-03-21T01:08:52.298245+00:00
[2024-03-20T22:08:52.313-0300] {processor.py:175} INFO - Processing /home/carlosfalcone/.local/lib/python3.7/site-packages/airflow/example_dags/example_short_circuit_operator.py took 0.127 seconds
[2024-03-20T22:09:36.127-0300] {processor.py:153} INFO - Started process (PID=333) to work on /home/carlosfalcone/.local/lib/python3.7/site-packages/airflow/example_dags/example_short_circuit_operator.py
[2024-03-20T22:09:36.129-0300] {processor.py:743} INFO - Processing file /home/carlosfalcone/.local/lib/python3.7/site-packages/airflow/example_dags/example_short_circuit_operator.py for tasks to queue
[2024-03-20T22:09:36.129-0300] {logging_mixin.py:137} INFO - [2024-03-20T22:09:36.129-0300] {dagbag.py:532} INFO - Filling up the DagBag from /home/carlosfalcone/.local/lib/python3.7/site-packages/airflow/example_dags/example_short_circuit_operator.py
[2024-03-20T22:09:36.139-0300] {processor.py:753} INFO - DAG(s) dict_keys(['example_short_circuit_operator']) retrieved from /home/carlosfalcone/.local/lib/python3.7/site-packages/airflow/example_dags/example_short_circuit_operator.py
[2024-03-20T22:09:36.152-0300] {logging_mixin.py:137} INFO - [2024-03-20T22:09:36.152-0300] {dag.py:2705} INFO - Sync 1 DAGs
[2024-03-20T22:09:36.166-0300] {logging_mixin.py:137} INFO - [2024-03-20T22:09:36.166-0300] {dag.py:3456} INFO - Setting next_dagrun for example_short_circuit_operator to 2024-03-20T01:09:36.166275+00:00, run_after=2024-03-21T01:09:36.166275+00:00
[2024-03-20T22:09:36.181-0300] {processor.py:175} INFO - Processing /home/carlosfalcone/.local/lib/python3.7/site-packages/airflow/example_dags/example_short_circuit_operator.py took 0.056 seconds
[2024-03-20T22:10:13.251-0300] {processor.py:153} INFO - Started process (PID=555) to work on /home/carlosfalcone/.local/lib/python3.7/site-packages/airflow/example_dags/example_short_circuit_operator.py
[2024-03-20T22:10:13.252-0300] {processor.py:743} INFO - Processing file /home/carlosfalcone/.local/lib/python3.7/site-packages/airflow/example_dags/example_short_circuit_operator.py for tasks to queue
[2024-03-20T22:10:13.252-0300] {logging_mixin.py:137} INFO - [2024-03-20T22:10:13.252-0300] {dagbag.py:532} INFO - Filling up the DagBag from /home/carlosfalcone/.local/lib/python3.7/site-packages/airflow/example_dags/example_short_circuit_operator.py
[2024-03-20T22:10:13.262-0300] {processor.py:753} INFO - DAG(s) dict_keys(['example_short_circuit_operator']) retrieved from /home/carlosfalcone/.local/lib/python3.7/site-packages/airflow/example_dags/example_short_circuit_operator.py
[2024-03-20T22:10:13.275-0300] {logging_mixin.py:137} INFO - [2024-03-20T22:10:13.275-0300] {dag.py:2705} INFO - Sync 1 DAGs
[2024-03-20T22:10:13.289-0300] {logging_mixin.py:137} INFO - [2024-03-20T22:10:13.289-0300] {dag.py:3456} INFO - Setting next_dagrun for example_short_circuit_operator to 2024-03-20T01:10:13.289614+00:00, run_after=2024-03-21T01:10:13.289614+00:00
[2024-03-20T22:10:13.306-0300] {processor.py:175} INFO - Processing /home/carlosfalcone/.local/lib/python3.7/site-packages/airflow/example_dags/example_short_circuit_operator.py took 0.057 seconds
[2024-03-20T22:10:46.425-0300] {processor.py:153} INFO - Started process (PID=635) to work on /home/carlosfalcone/.local/lib/python3.7/site-packages/airflow/example_dags/example_short_circuit_operator.py
[2024-03-20T22:10:46.426-0300] {processor.py:743} INFO - Processing file /home/carlosfalcone/.local/lib/python3.7/site-packages/airflow/example_dags/example_short_circuit_operator.py for tasks to queue
[2024-03-20T22:10:46.427-0300] {logging_mixin.py:137} INFO - [2024-03-20T22:10:46.427-0300] {dagbag.py:532} INFO - Filling up the DagBag from /home/carlosfalcone/.local/lib/python3.7/site-packages/airflow/example_dags/example_short_circuit_operator.py
[2024-03-20T22:10:46.436-0300] {processor.py:753} INFO - DAG(s) dict_keys(['example_short_circuit_operator']) retrieved from /home/carlosfalcone/.local/lib/python3.7/site-packages/airflow/example_dags/example_short_circuit_operator.py
[2024-03-20T22:10:46.450-0300] {logging_mixin.py:137} INFO - [2024-03-20T22:10:46.450-0300] {dag.py:2705} INFO - Sync 1 DAGs
[2024-03-20T22:10:46.464-0300] {logging_mixin.py:137} INFO - [2024-03-20T22:10:46.464-0300] {dag.py:3456} INFO - Setting next_dagrun for example_short_circuit_operator to 2024-03-20T01:10:46.464063+00:00, run_after=2024-03-21T01:10:46.464063+00:00
[2024-03-20T22:10:46.481-0300] {processor.py:175} INFO - Processing /home/carlosfalcone/.local/lib/python3.7/site-packages/airflow/example_dags/example_short_circuit_operator.py took 0.057 seconds
[2024-03-20T22:11:22.300-0300] {processor.py:153} INFO - Started process (PID=727) to work on /home/carlosfalcone/.local/lib/python3.7/site-packages/airflow/example_dags/example_short_circuit_operator.py
[2024-03-20T22:11:22.301-0300] {processor.py:743} INFO - Processing file /home/carlosfalcone/.local/lib/python3.7/site-packages/airflow/example_dags/example_short_circuit_operator.py for tasks to queue
[2024-03-20T22:11:22.302-0300] {logging_mixin.py:137} INFO - [2024-03-20T22:11:22.302-0300] {dagbag.py:532} INFO - Filling up the DagBag from /home/carlosfalcone/.local/lib/python3.7/site-packages/airflow/example_dags/example_short_circuit_operator.py
[2024-03-20T22:11:22.311-0300] {processor.py:753} INFO - DAG(s) dict_keys(['example_short_circuit_operator']) retrieved from /home/carlosfalcone/.local/lib/python3.7/site-packages/airflow/example_dags/example_short_circuit_operator.py
[2024-03-20T22:11:22.325-0300] {logging_mixin.py:137} INFO - [2024-03-20T22:11:22.325-0300] {dag.py:2705} INFO - Sync 1 DAGs
[2024-03-20T22:11:22.340-0300] {logging_mixin.py:137} INFO - [2024-03-20T22:11:22.340-0300] {dag.py:3456} INFO - Setting next_dagrun for example_short_circuit_operator to 2024-03-20T01:11:22.339944+00:00, run_after=2024-03-21T01:11:22.339944+00:00
[2024-03-20T22:11:22.356-0300] {processor.py:175} INFO - Processing /home/carlosfalcone/.local/lib/python3.7/site-packages/airflow/example_dags/example_short_circuit_operator.py took 0.058 seconds
[2024-03-20T22:11:57.120-0300] {processor.py:153} INFO - Started process (PID=805) to work on /home/carlosfalcone/.local/lib/python3.7/site-packages/airflow/example_dags/example_short_circuit_operator.py
[2024-03-20T22:11:57.122-0300] {processor.py:743} INFO - Processing file /home/carlosfalcone/.local/lib/python3.7/site-packages/airflow/example_dags/example_short_circuit_operator.py for tasks to queue
[2024-03-20T22:11:57.122-0300] {logging_mixin.py:137} INFO - [2024-03-20T22:11:57.122-0300] {dagbag.py:532} INFO - Filling up the DagBag from /home/carlosfalcone/.local/lib/python3.7/site-packages/airflow/example_dags/example_short_circuit_operator.py
[2024-03-20T22:11:57.131-0300] {processor.py:753} INFO - DAG(s) dict_keys(['example_short_circuit_operator']) retrieved from /home/carlosfalcone/.local/lib/python3.7/site-packages/airflow/example_dags/example_short_circuit_operator.py
[2024-03-20T22:11:57.144-0300] {logging_mixin.py:137} INFO - [2024-03-20T22:11:57.144-0300] {dag.py:2705} INFO - Sync 1 DAGs
[2024-03-20T22:11:57.159-0300] {logging_mixin.py:137} INFO - [2024-03-20T22:11:57.158-0300] {dag.py:3456} INFO - Setting next_dagrun for example_short_circuit_operator to 2024-03-20T01:11:57.158797+00:00, run_after=2024-03-21T01:11:57.158797+00:00
[2024-03-20T22:11:57.174-0300] {processor.py:175} INFO - Processing /home/carlosfalcone/.local/lib/python3.7/site-packages/airflow/example_dags/example_short_circuit_operator.py took 0.055 seconds
[2024-03-20T22:12:35.426-0300] {processor.py:153} INFO - Started process (PID=904) to work on /home/carlosfalcone/.local/lib/python3.7/site-packages/airflow/example_dags/example_short_circuit_operator.py
[2024-03-20T22:12:35.427-0300] {processor.py:743} INFO - Processing file /home/carlosfalcone/.local/lib/python3.7/site-packages/airflow/example_dags/example_short_circuit_operator.py for tasks to queue
[2024-03-20T22:12:35.428-0300] {logging_mixin.py:137} INFO - [2024-03-20T22:12:35.428-0300] {dagbag.py:532} INFO - Filling up the DagBag from /home/carlosfalcone/.local/lib/python3.7/site-packages/airflow/example_dags/example_short_circuit_operator.py
[2024-03-20T22:12:35.437-0300] {processor.py:753} INFO - DAG(s) dict_keys(['example_short_circuit_operator']) retrieved from /home/carlosfalcone/.local/lib/python3.7/site-packages/airflow/example_dags/example_short_circuit_operator.py
[2024-03-20T22:12:35.450-0300] {logging_mixin.py:137} INFO - [2024-03-20T22:12:35.450-0300] {dag.py:2705} INFO - Sync 1 DAGs
[2024-03-20T22:12:35.464-0300] {logging_mixin.py:137} INFO - [2024-03-20T22:12:35.464-0300] {dag.py:3456} INFO - Setting next_dagrun for example_short_circuit_operator to 2024-03-20T01:12:35.463982+00:00, run_after=2024-03-21T01:12:35.463982+00:00
[2024-03-20T22:12:35.479-0300] {processor.py:175} INFO - Processing /home/carlosfalcone/.local/lib/python3.7/site-packages/airflow/example_dags/example_short_circuit_operator.py took 0.054 seconds
[2024-03-20T22:13:16.719-0300] {processor.py:153} INFO - Started process (PID=1009) to work on /home/carlosfalcone/.local/lib/python3.7/site-packages/airflow/example_dags/example_short_circuit_operator.py
[2024-03-20T22:13:16.720-0300] {processor.py:743} INFO - Processing file /home/carlosfalcone/.local/lib/python3.7/site-packages/airflow/example_dags/example_short_circuit_operator.py for tasks to queue
[2024-03-20T22:13:16.721-0300] {logging_mixin.py:137} INFO - [2024-03-20T22:13:16.721-0300] {dagbag.py:532} INFO - Filling up the DagBag from /home/carlosfalcone/.local/lib/python3.7/site-packages/airflow/example_dags/example_short_circuit_operator.py
[2024-03-20T22:13:16.730-0300] {processor.py:753} INFO - DAG(s) dict_keys(['example_short_circuit_operator']) retrieved from /home/carlosfalcone/.local/lib/python3.7/site-packages/airflow/example_dags/example_short_circuit_operator.py
[2024-03-20T22:13:16.743-0300] {logging_mixin.py:137} INFO - [2024-03-20T22:13:16.743-0300] {dag.py:2705} INFO - Sync 1 DAGs
[2024-03-20T22:13:16.757-0300] {logging_mixin.py:137} INFO - [2024-03-20T22:13:16.756-0300] {dag.py:3456} INFO - Setting next_dagrun for example_short_circuit_operator to 2024-03-20T01:13:16.756845+00:00, run_after=2024-03-21T01:13:16.756845+00:00
[2024-03-20T22:13:16.772-0300] {processor.py:175} INFO - Processing /home/carlosfalcone/.local/lib/python3.7/site-packages/airflow/example_dags/example_short_circuit_operator.py took 0.054 seconds
[2024-03-20T22:13:50.152-0300] {processor.py:153} INFO - Started process (PID=1092) to work on /home/carlosfalcone/.local/lib/python3.7/site-packages/airflow/example_dags/example_short_circuit_operator.py
[2024-03-20T22:13:50.153-0300] {processor.py:743} INFO - Processing file /home/carlosfalcone/.local/lib/python3.7/site-packages/airflow/example_dags/example_short_circuit_operator.py for tasks to queue
[2024-03-20T22:13:50.154-0300] {logging_mixin.py:137} INFO - [2024-03-20T22:13:50.154-0300] {dagbag.py:532} INFO - Filling up the DagBag from /home/carlosfalcone/.local/lib/python3.7/site-packages/airflow/example_dags/example_short_circuit_operator.py
[2024-03-20T22:13:50.163-0300] {processor.py:753} INFO - DAG(s) dict_keys(['example_short_circuit_operator']) retrieved from /home/carlosfalcone/.local/lib/python3.7/site-packages/airflow/example_dags/example_short_circuit_operator.py
[2024-03-20T22:13:50.176-0300] {logging_mixin.py:137} INFO - [2024-03-20T22:13:50.176-0300] {dag.py:2705} INFO - Sync 1 DAGs
[2024-03-20T22:13:50.190-0300] {logging_mixin.py:137} INFO - [2024-03-20T22:13:50.190-0300] {dag.py:3456} INFO - Setting next_dagrun for example_short_circuit_operator to 2024-03-20T01:13:50.190107+00:00, run_after=2024-03-21T01:13:50.190107+00:00
[2024-03-20T22:13:50.206-0300] {processor.py:175} INFO - Processing /home/carlosfalcone/.local/lib/python3.7/site-packages/airflow/example_dags/example_short_circuit_operator.py took 0.055 seconds
[2024-03-20T22:14:25.766-0300] {processor.py:153} INFO - Started process (PID=1130) to work on /home/carlosfalcone/.local/lib/python3.7/site-packages/airflow/example_dags/example_short_circuit_operator.py
[2024-03-20T22:14:25.767-0300] {processor.py:743} INFO - Processing file /home/carlosfalcone/.local/lib/python3.7/site-packages/airflow/example_dags/example_short_circuit_operator.py for tasks to queue
[2024-03-20T22:14:25.768-0300] {logging_mixin.py:137} INFO - [2024-03-20T22:14:25.767-0300] {dagbag.py:532} INFO - Filling up the DagBag from /home/carlosfalcone/.local/lib/python3.7/site-packages/airflow/example_dags/example_short_circuit_operator.py
[2024-03-20T22:14:25.777-0300] {processor.py:753} INFO - DAG(s) dict_keys(['example_short_circuit_operator']) retrieved from /home/carlosfalcone/.local/lib/python3.7/site-packages/airflow/example_dags/example_short_circuit_operator.py
[2024-03-20T22:14:25.789-0300] {logging_mixin.py:137} INFO - [2024-03-20T22:14:25.789-0300] {dag.py:2705} INFO - Sync 1 DAGs
[2024-03-20T22:14:25.804-0300] {logging_mixin.py:137} INFO - [2024-03-20T22:14:25.803-0300] {dag.py:3456} INFO - Setting next_dagrun for example_short_circuit_operator to 2024-03-20T01:14:25.803842+00:00, run_after=2024-03-21T01:14:25.803842+00:00
[2024-03-20T22:14:25.820-0300] {processor.py:175} INFO - Processing /home/carlosfalcone/.local/lib/python3.7/site-packages/airflow/example_dags/example_short_circuit_operator.py took 0.055 seconds
[2024-03-20T22:15:05.726-0300] {processor.py:153} INFO - Started process (PID=1211) to work on /home/carlosfalcone/.local/lib/python3.7/site-packages/airflow/example_dags/example_short_circuit_operator.py
[2024-03-20T22:15:05.727-0300] {processor.py:743} INFO - Processing file /home/carlosfalcone/.local/lib/python3.7/site-packages/airflow/example_dags/example_short_circuit_operator.py for tasks to queue
[2024-03-20T22:15:05.727-0300] {logging_mixin.py:137} INFO - [2024-03-20T22:15:05.727-0300] {dagbag.py:532} INFO - Filling up the DagBag from /home/carlosfalcone/.local/lib/python3.7/site-packages/airflow/example_dags/example_short_circuit_operator.py
[2024-03-20T22:15:05.736-0300] {processor.py:753} INFO - DAG(s) dict_keys(['example_short_circuit_operator']) retrieved from /home/carlosfalcone/.local/lib/python3.7/site-packages/airflow/example_dags/example_short_circuit_operator.py
[2024-03-20T22:15:05.749-0300] {logging_mixin.py:137} INFO - [2024-03-20T22:15:05.749-0300] {dag.py:2705} INFO - Sync 1 DAGs
[2024-03-20T22:15:05.763-0300] {logging_mixin.py:137} INFO - [2024-03-20T22:15:05.763-0300] {dag.py:3456} INFO - Setting next_dagrun for example_short_circuit_operator to 2024-03-20T01:15:05.763437+00:00, run_after=2024-03-21T01:15:05.763437+00:00
[2024-03-20T22:15:05.781-0300] {processor.py:175} INFO - Processing /home/carlosfalcone/.local/lib/python3.7/site-packages/airflow/example_dags/example_short_circuit_operator.py took 0.057 seconds
[2024-03-20T22:15:42.794-0300] {processor.py:153} INFO - Started process (PID=1301) to work on /home/carlosfalcone/.local/lib/python3.7/site-packages/airflow/example_dags/example_short_circuit_operator.py
[2024-03-20T22:15:42.795-0300] {processor.py:743} INFO - Processing file /home/carlosfalcone/.local/lib/python3.7/site-packages/airflow/example_dags/example_short_circuit_operator.py for tasks to queue
[2024-03-20T22:15:42.796-0300] {logging_mixin.py:137} INFO - [2024-03-20T22:15:42.796-0300] {dagbag.py:532} INFO - Filling up the DagBag from /home/carlosfalcone/.local/lib/python3.7/site-packages/airflow/example_dags/example_short_circuit_operator.py
[2024-03-20T22:15:42.805-0300] {processor.py:753} INFO - DAG(s) dict_keys(['example_short_circuit_operator']) retrieved from /home/carlosfalcone/.local/lib/python3.7/site-packages/airflow/example_dags/example_short_circuit_operator.py
[2024-03-20T22:15:42.818-0300] {logging_mixin.py:137} INFO - [2024-03-20T22:15:42.818-0300] {dag.py:2705} INFO - Sync 1 DAGs
[2024-03-20T22:15:42.833-0300] {logging_mixin.py:137} INFO - [2024-03-20T22:15:42.833-0300] {dag.py:3456} INFO - Setting next_dagrun for example_short_circuit_operator to 2024-03-20T01:15:42.832861+00:00, run_after=2024-03-21T01:15:42.832861+00:00
[2024-03-20T22:15:42.847-0300] {processor.py:175} INFO - Processing /home/carlosfalcone/.local/lib/python3.7/site-packages/airflow/example_dags/example_short_circuit_operator.py took 0.054 seconds
[2024-03-20T22:16:16.389-0300] {processor.py:153} INFO - Started process (PID=1392) to work on /home/carlosfalcone/.local/lib/python3.7/site-packages/airflow/example_dags/example_short_circuit_operator.py
[2024-03-20T22:16:16.390-0300] {processor.py:743} INFO - Processing file /home/carlosfalcone/.local/lib/python3.7/site-packages/airflow/example_dags/example_short_circuit_operator.py for tasks to queue
[2024-03-20T22:16:16.390-0300] {logging_mixin.py:137} INFO - [2024-03-20T22:16:16.390-0300] {dagbag.py:532} INFO - Filling up the DagBag from /home/carlosfalcone/.local/lib/python3.7/site-packages/airflow/example_dags/example_short_circuit_operator.py
[2024-03-20T22:16:16.402-0300] {processor.py:753} INFO - DAG(s) dict_keys(['example_short_circuit_operator']) retrieved from /home/carlosfalcone/.local/lib/python3.7/site-packages/airflow/example_dags/example_short_circuit_operator.py
[2024-03-20T22:16:16.417-0300] {logging_mixin.py:137} INFO - [2024-03-20T22:16:16.417-0300] {dag.py:2705} INFO - Sync 1 DAGs
[2024-03-20T22:16:16.433-0300] {logging_mixin.py:137} INFO - [2024-03-20T22:16:16.433-0300] {dag.py:3456} INFO - Setting next_dagrun for example_short_circuit_operator to 2024-03-20T01:16:16.433427+00:00, run_after=2024-03-21T01:16:16.433427+00:00
[2024-03-20T22:16:16.450-0300] {processor.py:175} INFO - Processing /home/carlosfalcone/.local/lib/python3.7/site-packages/airflow/example_dags/example_short_circuit_operator.py took 0.064 seconds
[2024-03-20T22:16:51.696-0300] {processor.py:153} INFO - Started process (PID=1486) to work on /home/carlosfalcone/.local/lib/python3.7/site-packages/airflow/example_dags/example_short_circuit_operator.py
[2024-03-20T22:16:51.696-0300] {processor.py:743} INFO - Processing file /home/carlosfalcone/.local/lib/python3.7/site-packages/airflow/example_dags/example_short_circuit_operator.py for tasks to queue
[2024-03-20T22:16:51.697-0300] {logging_mixin.py:137} INFO - [2024-03-20T22:16:51.697-0300] {dagbag.py:532} INFO - Filling up the DagBag from /home/carlosfalcone/.local/lib/python3.7/site-packages/airflow/example_dags/example_short_circuit_operator.py
[2024-03-20T22:16:51.706-0300] {processor.py:753} INFO - DAG(s) dict_keys(['example_short_circuit_operator']) retrieved from /home/carlosfalcone/.local/lib/python3.7/site-packages/airflow/example_dags/example_short_circuit_operator.py
[2024-03-20T22:16:51.719-0300] {logging_mixin.py:137} INFO - [2024-03-20T22:16:51.719-0300] {dag.py:2705} INFO - Sync 1 DAGs
[2024-03-20T22:16:51.732-0300] {logging_mixin.py:137} INFO - [2024-03-20T22:16:51.732-0300] {dag.py:3456} INFO - Setting next_dagrun for example_short_circuit_operator to 2024-03-20T01:16:51.732423+00:00, run_after=2024-03-21T01:16:51.732423+00:00
[2024-03-20T22:16:51.748-0300] {processor.py:175} INFO - Processing /home/carlosfalcone/.local/lib/python3.7/site-packages/airflow/example_dags/example_short_circuit_operator.py took 0.055 seconds
[2024-03-20T22:17:28.128-0300] {processor.py:153} INFO - Started process (PID=1577) to work on /home/carlosfalcone/.local/lib/python3.7/site-packages/airflow/example_dags/example_short_circuit_operator.py
[2024-03-20T22:17:28.128-0300] {processor.py:743} INFO - Processing file /home/carlosfalcone/.local/lib/python3.7/site-packages/airflow/example_dags/example_short_circuit_operator.py for tasks to queue
[2024-03-20T22:17:28.129-0300] {logging_mixin.py:137} INFO - [2024-03-20T22:17:28.129-0300] {dagbag.py:532} INFO - Filling up the DagBag from /home/carlosfalcone/.local/lib/python3.7/site-packages/airflow/example_dags/example_short_circuit_operator.py
[2024-03-20T22:17:28.138-0300] {processor.py:753} INFO - DAG(s) dict_keys(['example_short_circuit_operator']) retrieved from /home/carlosfalcone/.local/lib/python3.7/site-packages/airflow/example_dags/example_short_circuit_operator.py
[2024-03-20T22:17:28.150-0300] {logging_mixin.py:137} INFO - [2024-03-20T22:17:28.150-0300] {dag.py:2705} INFO - Sync 1 DAGs
[2024-03-20T22:17:28.164-0300] {logging_mixin.py:137} INFO - [2024-03-20T22:17:28.164-0300] {dag.py:3456} INFO - Setting next_dagrun for example_short_circuit_operator to 2024-03-20T01:17:28.164316+00:00, run_after=2024-03-21T01:17:28.164316+00:00
[2024-03-20T22:17:28.182-0300] {processor.py:175} INFO - Processing /home/carlosfalcone/.local/lib/python3.7/site-packages/airflow/example_dags/example_short_circuit_operator.py took 0.057 seconds
[2024-03-20T22:18:04.052-0300] {processor.py:153} INFO - Started process (PID=1671) to work on /home/carlosfalcone/.local/lib/python3.7/site-packages/airflow/example_dags/example_short_circuit_operator.py
[2024-03-20T22:18:04.053-0300] {processor.py:743} INFO - Processing file /home/carlosfalcone/.local/lib/python3.7/site-packages/airflow/example_dags/example_short_circuit_operator.py for tasks to queue
[2024-03-20T22:18:04.053-0300] {logging_mixin.py:137} INFO - [2024-03-20T22:18:04.053-0300] {dagbag.py:532} INFO - Filling up the DagBag from /home/carlosfalcone/.local/lib/python3.7/site-packages/airflow/example_dags/example_short_circuit_operator.py
[2024-03-20T22:18:04.062-0300] {processor.py:753} INFO - DAG(s) dict_keys(['example_short_circuit_operator']) retrieved from /home/carlosfalcone/.local/lib/python3.7/site-packages/airflow/example_dags/example_short_circuit_operator.py
[2024-03-20T22:18:04.075-0300] {logging_mixin.py:137} INFO - [2024-03-20T22:18:04.075-0300] {dag.py:2705} INFO - Sync 1 DAGs
[2024-03-20T22:18:04.089-0300] {logging_mixin.py:137} INFO - [2024-03-20T22:18:04.089-0300] {dag.py:3456} INFO - Setting next_dagrun for example_short_circuit_operator to 2024-03-20T01:18:04.089432+00:00, run_after=2024-03-21T01:18:04.089432+00:00
[2024-03-20T22:18:04.104-0300] {processor.py:175} INFO - Processing /home/carlosfalcone/.local/lib/python3.7/site-packages/airflow/example_dags/example_short_circuit_operator.py took 0.053 seconds
[2024-03-21T11:23:27.212-0300] {processor.py:153} INFO - Started process (PID=57) to work on /home/carlosfalcone/.local/lib/python3.7/site-packages/airflow/example_dags/example_short_circuit_operator.py
[2024-03-21T11:23:27.214-0300] {processor.py:743} INFO - Processing file /home/carlosfalcone/.local/lib/python3.7/site-packages/airflow/example_dags/example_short_circuit_operator.py for tasks to queue
[2024-03-21T11:23:27.214-0300] {logging_mixin.py:137} INFO - [2024-03-21T11:23:27.214-0300] {dagbag.py:532} INFO - Filling up the DagBag from /home/carlosfalcone/.local/lib/python3.7/site-packages/airflow/example_dags/example_short_circuit_operator.py
[2024-03-21T11:23:27.223-0300] {processor.py:753} INFO - DAG(s) dict_keys(['example_short_circuit_operator']) retrieved from /home/carlosfalcone/.local/lib/python3.7/site-packages/airflow/example_dags/example_short_circuit_operator.py
[2024-03-21T11:23:27.236-0300] {logging_mixin.py:137} INFO - [2024-03-21T11:23:27.236-0300] {dag.py:2705} INFO - Sync 1 DAGs
[2024-03-21T11:23:27.250-0300] {logging_mixin.py:137} INFO - [2024-03-21T11:23:27.250-0300] {dag.py:3456} INFO - Setting next_dagrun for example_short_circuit_operator to 2024-03-20T14:23:27.250151+00:00, run_after=2024-03-21T14:23:27.250151+00:00
[2024-03-21T11:23:27.266-0300] {processor.py:175} INFO - Processing /home/carlosfalcone/.local/lib/python3.7/site-packages/airflow/example_dags/example_short_circuit_operator.py took 0.055 seconds
[2024-03-21T11:24:05.673-0300] {processor.py:153} INFO - Started process (PID=282) to work on /home/carlosfalcone/.local/lib/python3.7/site-packages/airflow/example_dags/example_short_circuit_operator.py
[2024-03-21T11:24:05.674-0300] {processor.py:743} INFO - Processing file /home/carlosfalcone/.local/lib/python3.7/site-packages/airflow/example_dags/example_short_circuit_operator.py for tasks to queue
[2024-03-21T11:24:05.674-0300] {logging_mixin.py:137} INFO - [2024-03-21T11:24:05.674-0300] {dagbag.py:532} INFO - Filling up the DagBag from /home/carlosfalcone/.local/lib/python3.7/site-packages/airflow/example_dags/example_short_circuit_operator.py
[2024-03-21T11:24:05.685-0300] {processor.py:753} INFO - DAG(s) dict_keys(['example_short_circuit_operator']) retrieved from /home/carlosfalcone/.local/lib/python3.7/site-packages/airflow/example_dags/example_short_circuit_operator.py
[2024-03-21T11:24:05.698-0300] {logging_mixin.py:137} INFO - [2024-03-21T11:24:05.698-0300] {dag.py:2705} INFO - Sync 1 DAGs
[2024-03-21T11:24:05.712-0300] {logging_mixin.py:137} INFO - [2024-03-21T11:24:05.712-0300] {dag.py:3456} INFO - Setting next_dagrun for example_short_circuit_operator to 2024-03-20T14:24:05.712525+00:00, run_after=2024-03-21T14:24:05.712525+00:00
[2024-03-21T11:24:05.727-0300] {processor.py:175} INFO - Processing /home/carlosfalcone/.local/lib/python3.7/site-packages/airflow/example_dags/example_short_circuit_operator.py took 0.056 seconds
[2024-03-21T11:24:43.992-0300] {processor.py:153} INFO - Started process (PID=380) to work on /home/carlosfalcone/.local/lib/python3.7/site-packages/airflow/example_dags/example_short_circuit_operator.py
[2024-03-21T11:24:43.992-0300] {processor.py:743} INFO - Processing file /home/carlosfalcone/.local/lib/python3.7/site-packages/airflow/example_dags/example_short_circuit_operator.py for tasks to queue
[2024-03-21T11:24:43.993-0300] {logging_mixin.py:137} INFO - [2024-03-21T11:24:43.993-0300] {dagbag.py:532} INFO - Filling up the DagBag from /home/carlosfalcone/.local/lib/python3.7/site-packages/airflow/example_dags/example_short_circuit_operator.py
[2024-03-21T11:24:44.003-0300] {processor.py:753} INFO - DAG(s) dict_keys(['example_short_circuit_operator']) retrieved from /home/carlosfalcone/.local/lib/python3.7/site-packages/airflow/example_dags/example_short_circuit_operator.py
[2024-03-21T11:24:44.016-0300] {logging_mixin.py:137} INFO - [2024-03-21T11:24:44.016-0300] {dag.py:2705} INFO - Sync 1 DAGs
[2024-03-21T11:24:44.030-0300] {logging_mixin.py:137} INFO - [2024-03-21T11:24:44.030-0300] {dag.py:3456} INFO - Setting next_dagrun for example_short_circuit_operator to 2024-03-20T14:24:44.030689+00:00, run_after=2024-03-21T14:24:44.030689+00:00
[2024-03-21T11:24:44.049-0300] {processor.py:175} INFO - Processing /home/carlosfalcone/.local/lib/python3.7/site-packages/airflow/example_dags/example_short_circuit_operator.py took 0.059 seconds
