[2024-03-20T22:08:58.127-0300] {processor.py:153} INFO - Started process (PID=285) to work on /home/carlosfalcone/.local/lib/python3.7/site-packages/airflow/example_dags/example_branch_operator_decorator.py
[2024-03-20T22:08:58.127-0300] {processor.py:743} INFO - Processing file /home/carlosfalcone/.local/lib/python3.7/site-packages/airflow/example_dags/example_branch_operator_decorator.py for tasks to queue
[2024-03-20T22:08:58.128-0300] {logging_mixin.py:137} INFO - [2024-03-20T22:08:58.128-0300] {dagbag.py:532} INFO - Filling up the DagBag from /home/carlosfalcone/.local/lib/python3.7/site-packages/airflow/example_dags/example_branch_operator_decorator.py
[2024-03-20T22:08:58.144-0300] {processor.py:753} INFO - DAG(s) dict_keys(['example_branch_python_operator_decorator']) retrieved from /home/carlosfalcone/.local/lib/python3.7/site-packages/airflow/example_dags/example_branch_operator_decorator.py
[2024-03-20T22:08:58.213-0300] {logging_mixin.py:137} INFO - [2024-03-20T22:08:58.213-0300] {manager.py:504} INFO - Created Permission View: can delete on DAG:example_branch_python_operator_decorator
[2024-03-20T22:08:58.221-0300] {logging_mixin.py:137} INFO - [2024-03-20T22:08:58.221-0300] {manager.py:504} INFO - Created Permission View: can read on DAG:example_branch_python_operator_decorator
[2024-03-20T22:08:58.227-0300] {logging_mixin.py:137} INFO - [2024-03-20T22:08:58.227-0300] {manager.py:504} INFO - Created Permission View: can edit on DAG:example_branch_python_operator_decorator
[2024-03-20T22:08:58.227-0300] {logging_mixin.py:137} INFO - [2024-03-20T22:08:58.227-0300] {dag.py:2705} INFO - Sync 1 DAGs
[2024-03-20T22:08:58.235-0300] {logging_mixin.py:137} INFO - [2024-03-20T22:08:58.235-0300] {dag.py:2726} INFO - Creating ORM DAG for example_branch_python_operator_decorator
[2024-03-20T22:08:58.241-0300] {logging_mixin.py:137} INFO - [2024-03-20T22:08:58.241-0300] {dag.py:3456} INFO - Setting next_dagrun for example_branch_python_operator_decorator to 2024-03-20T00:00:00+00:00, run_after=2024-03-21T00:00:00+00:00
[2024-03-20T22:08:58.258-0300] {processor.py:175} INFO - Processing /home/carlosfalcone/.local/lib/python3.7/site-packages/airflow/example_dags/example_branch_operator_decorator.py took 0.132 seconds
[2024-03-20T22:09:41.262-0300] {processor.py:153} INFO - Started process (PID=338) to work on /home/carlosfalcone/.local/lib/python3.7/site-packages/airflow/example_dags/example_branch_operator_decorator.py
[2024-03-20T22:09:41.263-0300] {processor.py:743} INFO - Processing file /home/carlosfalcone/.local/lib/python3.7/site-packages/airflow/example_dags/example_branch_operator_decorator.py for tasks to queue
[2024-03-20T22:09:41.263-0300] {logging_mixin.py:137} INFO - [2024-03-20T22:09:41.263-0300] {dagbag.py:532} INFO - Filling up the DagBag from /home/carlosfalcone/.local/lib/python3.7/site-packages/airflow/example_dags/example_branch_operator_decorator.py
[2024-03-20T22:09:41.280-0300] {processor.py:753} INFO - DAG(s) dict_keys(['example_branch_python_operator_decorator']) retrieved from /home/carlosfalcone/.local/lib/python3.7/site-packages/airflow/example_dags/example_branch_operator_decorator.py
[2024-03-20T22:09:41.293-0300] {logging_mixin.py:137} INFO - [2024-03-20T22:09:41.292-0300] {dag.py:2705} INFO - Sync 1 DAGs
[2024-03-20T22:09:41.307-0300] {logging_mixin.py:137} INFO - [2024-03-20T22:09:41.307-0300] {dag.py:3456} INFO - Setting next_dagrun for example_branch_python_operator_decorator to 2024-03-20T00:00:00+00:00, run_after=2024-03-21T00:00:00+00:00
[2024-03-20T22:09:41.323-0300] {processor.py:175} INFO - Processing /home/carlosfalcone/.local/lib/python3.7/site-packages/airflow/example_dags/example_branch_operator_decorator.py took 0.063 seconds
[2024-03-20T22:10:18.387-0300] {processor.py:153} INFO - Started process (PID=566) to work on /home/carlosfalcone/.local/lib/python3.7/site-packages/airflow/example_dags/example_branch_operator_decorator.py
[2024-03-20T22:10:18.388-0300] {processor.py:743} INFO - Processing file /home/carlosfalcone/.local/lib/python3.7/site-packages/airflow/example_dags/example_branch_operator_decorator.py for tasks to queue
[2024-03-20T22:10:18.389-0300] {logging_mixin.py:137} INFO - [2024-03-20T22:10:18.389-0300] {dagbag.py:532} INFO - Filling up the DagBag from /home/carlosfalcone/.local/lib/python3.7/site-packages/airflow/example_dags/example_branch_operator_decorator.py
[2024-03-20T22:10:18.404-0300] {processor.py:753} INFO - DAG(s) dict_keys(['example_branch_python_operator_decorator']) retrieved from /home/carlosfalcone/.local/lib/python3.7/site-packages/airflow/example_dags/example_branch_operator_decorator.py
[2024-03-20T22:10:18.417-0300] {logging_mixin.py:137} INFO - [2024-03-20T22:10:18.417-0300] {dag.py:2705} INFO - Sync 1 DAGs
[2024-03-20T22:10:18.432-0300] {logging_mixin.py:137} INFO - [2024-03-20T22:10:18.432-0300] {dag.py:3456} INFO - Setting next_dagrun for example_branch_python_operator_decorator to 2024-03-20T00:00:00+00:00, run_after=2024-03-21T00:00:00+00:00
[2024-03-20T22:10:18.447-0300] {processor.py:175} INFO - Processing /home/carlosfalcone/.local/lib/python3.7/site-packages/airflow/example_dags/example_branch_operator_decorator.py took 0.061 seconds
[2024-03-20T22:11:00.996-0300] {processor.py:153} INFO - Started process (PID=671) to work on /home/carlosfalcone/.local/lib/python3.7/site-packages/airflow/example_dags/example_branch_operator_decorator.py
[2024-03-20T22:11:00.997-0300] {processor.py:743} INFO - Processing file /home/carlosfalcone/.local/lib/python3.7/site-packages/airflow/example_dags/example_branch_operator_decorator.py for tasks to queue
[2024-03-20T22:11:00.997-0300] {logging_mixin.py:137} INFO - [2024-03-20T22:11:00.997-0300] {dagbag.py:532} INFO - Filling up the DagBag from /home/carlosfalcone/.local/lib/python3.7/site-packages/airflow/example_dags/example_branch_operator_decorator.py
[2024-03-20T22:11:01.012-0300] {processor.py:753} INFO - DAG(s) dict_keys(['example_branch_python_operator_decorator']) retrieved from /home/carlosfalcone/.local/lib/python3.7/site-packages/airflow/example_dags/example_branch_operator_decorator.py
[2024-03-20T22:11:01.024-0300] {logging_mixin.py:137} INFO - [2024-03-20T22:11:01.024-0300] {dag.py:2705} INFO - Sync 1 DAGs
[2024-03-20T22:11:01.040-0300] {logging_mixin.py:137} INFO - [2024-03-20T22:11:01.040-0300] {dag.py:3456} INFO - Setting next_dagrun for example_branch_python_operator_decorator to 2024-03-20T00:00:00+00:00, run_after=2024-03-21T00:00:00+00:00
[2024-03-20T22:11:01.057-0300] {processor.py:175} INFO - Processing /home/carlosfalcone/.local/lib/python3.7/site-packages/airflow/example_dags/example_branch_operator_decorator.py took 0.063 seconds
[2024-03-20T22:11:35.347-0300] {processor.py:153} INFO - Started process (PID=759) to work on /home/carlosfalcone/.local/lib/python3.7/site-packages/airflow/example_dags/example_branch_operator_decorator.py
[2024-03-20T22:11:35.348-0300] {processor.py:743} INFO - Processing file /home/carlosfalcone/.local/lib/python3.7/site-packages/airflow/example_dags/example_branch_operator_decorator.py for tasks to queue
[2024-03-20T22:11:35.349-0300] {logging_mixin.py:137} INFO - [2024-03-20T22:11:35.348-0300] {dagbag.py:532} INFO - Filling up the DagBag from /home/carlosfalcone/.local/lib/python3.7/site-packages/airflow/example_dags/example_branch_operator_decorator.py
[2024-03-20T22:11:35.363-0300] {processor.py:753} INFO - DAG(s) dict_keys(['example_branch_python_operator_decorator']) retrieved from /home/carlosfalcone/.local/lib/python3.7/site-packages/airflow/example_dags/example_branch_operator_decorator.py
[2024-03-20T22:11:35.377-0300] {logging_mixin.py:137} INFO - [2024-03-20T22:11:35.377-0300] {dag.py:2705} INFO - Sync 1 DAGs
[2024-03-20T22:11:35.392-0300] {logging_mixin.py:137} INFO - [2024-03-20T22:11:35.391-0300] {dag.py:3456} INFO - Setting next_dagrun for example_branch_python_operator_decorator to 2024-03-20T00:00:00+00:00, run_after=2024-03-21T00:00:00+00:00
[2024-03-20T22:11:35.407-0300] {processor.py:175} INFO - Processing /home/carlosfalcone/.local/lib/python3.7/site-packages/airflow/example_dags/example_branch_operator_decorator.py took 0.061 seconds
[2024-03-20T22:12:10.078-0300] {processor.py:153} INFO - Started process (PID=840) to work on /home/carlosfalcone/.local/lib/python3.7/site-packages/airflow/example_dags/example_branch_operator_decorator.py
[2024-03-20T22:12:10.079-0300] {processor.py:743} INFO - Processing file /home/carlosfalcone/.local/lib/python3.7/site-packages/airflow/example_dags/example_branch_operator_decorator.py for tasks to queue
[2024-03-20T22:12:10.079-0300] {logging_mixin.py:137} INFO - [2024-03-20T22:12:10.079-0300] {dagbag.py:532} INFO - Filling up the DagBag from /home/carlosfalcone/.local/lib/python3.7/site-packages/airflow/example_dags/example_branch_operator_decorator.py
[2024-03-20T22:12:10.094-0300] {processor.py:753} INFO - DAG(s) dict_keys(['example_branch_python_operator_decorator']) retrieved from /home/carlosfalcone/.local/lib/python3.7/site-packages/airflow/example_dags/example_branch_operator_decorator.py
[2024-03-20T22:12:10.107-0300] {logging_mixin.py:137} INFO - [2024-03-20T22:12:10.107-0300] {dag.py:2705} INFO - Sync 1 DAGs
[2024-03-20T22:12:10.122-0300] {logging_mixin.py:137} INFO - [2024-03-20T22:12:10.122-0300] {dag.py:3456} INFO - Setting next_dagrun for example_branch_python_operator_decorator to 2024-03-20T00:00:00+00:00, run_after=2024-03-21T00:00:00+00:00
[2024-03-20T22:12:10.139-0300] {processor.py:175} INFO - Processing /home/carlosfalcone/.local/lib/python3.7/site-packages/airflow/example_dags/example_branch_operator_decorator.py took 0.063 seconds
[2024-03-20T22:12:47.163-0300] {processor.py:153} INFO - Started process (PID=934) to work on /home/carlosfalcone/.local/lib/python3.7/site-packages/airflow/example_dags/example_branch_operator_decorator.py
[2024-03-20T22:12:47.164-0300] {processor.py:743} INFO - Processing file /home/carlosfalcone/.local/lib/python3.7/site-packages/airflow/example_dags/example_branch_operator_decorator.py for tasks to queue
[2024-03-20T22:12:47.165-0300] {logging_mixin.py:137} INFO - [2024-03-20T22:12:47.165-0300] {dagbag.py:532} INFO - Filling up the DagBag from /home/carlosfalcone/.local/lib/python3.7/site-packages/airflow/example_dags/example_branch_operator_decorator.py
[2024-03-20T22:12:47.179-0300] {processor.py:753} INFO - DAG(s) dict_keys(['example_branch_python_operator_decorator']) retrieved from /home/carlosfalcone/.local/lib/python3.7/site-packages/airflow/example_dags/example_branch_operator_decorator.py
[2024-03-20T22:12:47.192-0300] {logging_mixin.py:137} INFO - [2024-03-20T22:12:47.192-0300] {dag.py:2705} INFO - Sync 1 DAGs
[2024-03-20T22:12:47.206-0300] {logging_mixin.py:137} INFO - [2024-03-20T22:12:47.206-0300] {dag.py:3456} INFO - Setting next_dagrun for example_branch_python_operator_decorator to 2024-03-20T00:00:00+00:00, run_after=2024-03-21T00:00:00+00:00
[2024-03-20T22:12:47.222-0300] {processor.py:175} INFO - Processing /home/carlosfalcone/.local/lib/python3.7/site-packages/airflow/example_dags/example_branch_operator_decorator.py took 0.060 seconds
[2024-03-20T22:13:28.130-0300] {processor.py:153} INFO - Started process (PID=1036) to work on /home/carlosfalcone/.local/lib/python3.7/site-packages/airflow/example_dags/example_branch_operator_decorator.py
[2024-03-20T22:13:28.131-0300] {processor.py:743} INFO - Processing file /home/carlosfalcone/.local/lib/python3.7/site-packages/airflow/example_dags/example_branch_operator_decorator.py for tasks to queue
[2024-03-20T22:13:28.131-0300] {logging_mixin.py:137} INFO - [2024-03-20T22:13:28.131-0300] {dagbag.py:532} INFO - Filling up the DagBag from /home/carlosfalcone/.local/lib/python3.7/site-packages/airflow/example_dags/example_branch_operator_decorator.py
[2024-03-20T22:13:28.146-0300] {processor.py:753} INFO - DAG(s) dict_keys(['example_branch_python_operator_decorator']) retrieved from /home/carlosfalcone/.local/lib/python3.7/site-packages/airflow/example_dags/example_branch_operator_decorator.py
[2024-03-20T22:13:28.159-0300] {logging_mixin.py:137} INFO - [2024-03-20T22:13:28.158-0300] {dag.py:2705} INFO - Sync 1 DAGs
[2024-03-20T22:13:28.173-0300] {logging_mixin.py:137} INFO - [2024-03-20T22:13:28.173-0300] {dag.py:3456} INFO - Setting next_dagrun for example_branch_python_operator_decorator to 2024-03-20T00:00:00+00:00, run_after=2024-03-21T00:00:00+00:00
[2024-03-20T22:13:28.190-0300] {processor.py:175} INFO - Processing /home/carlosfalcone/.local/lib/python3.7/site-packages/airflow/example_dags/example_branch_operator_decorator.py took 0.062 seconds
[2024-03-20T22:14:06.434-0300] {processor.py:153} INFO - Started process (PID=1110) to work on /home/carlosfalcone/.local/lib/python3.7/site-packages/airflow/example_dags/example_branch_operator_decorator.py
[2024-03-20T22:14:06.435-0300] {processor.py:743} INFO - Processing file /home/carlosfalcone/.local/lib/python3.7/site-packages/airflow/example_dags/example_branch_operator_decorator.py for tasks to queue
[2024-03-20T22:14:06.435-0300] {logging_mixin.py:137} INFO - [2024-03-20T22:14:06.435-0300] {dagbag.py:532} INFO - Filling up the DagBag from /home/carlosfalcone/.local/lib/python3.7/site-packages/airflow/example_dags/example_branch_operator_decorator.py
[2024-03-20T22:14:06.450-0300] {processor.py:753} INFO - DAG(s) dict_keys(['example_branch_python_operator_decorator']) retrieved from /home/carlosfalcone/.local/lib/python3.7/site-packages/airflow/example_dags/example_branch_operator_decorator.py
[2024-03-20T22:14:06.463-0300] {logging_mixin.py:137} INFO - [2024-03-20T22:14:06.463-0300] {dag.py:2705} INFO - Sync 1 DAGs
[2024-03-20T22:14:06.478-0300] {logging_mixin.py:137} INFO - [2024-03-20T22:14:06.478-0300] {dag.py:3456} INFO - Setting next_dagrun for example_branch_python_operator_decorator to 2024-03-20T00:00:00+00:00, run_after=2024-03-21T00:00:00+00:00
[2024-03-20T22:14:06.494-0300] {processor.py:175} INFO - Processing /home/carlosfalcone/.local/lib/python3.7/site-packages/airflow/example_dags/example_branch_operator_decorator.py took 0.061 seconds
[2024-03-20T22:14:45.083-0300] {processor.py:153} INFO - Started process (PID=1157) to work on /home/carlosfalcone/.local/lib/python3.7/site-packages/airflow/example_dags/example_branch_operator_decorator.py
[2024-03-20T22:14:45.084-0300] {processor.py:743} INFO - Processing file /home/carlosfalcone/.local/lib/python3.7/site-packages/airflow/example_dags/example_branch_operator_decorator.py for tasks to queue
[2024-03-20T22:14:45.084-0300] {logging_mixin.py:137} INFO - [2024-03-20T22:14:45.084-0300] {dagbag.py:532} INFO - Filling up the DagBag from /home/carlosfalcone/.local/lib/python3.7/site-packages/airflow/example_dags/example_branch_operator_decorator.py
[2024-03-20T22:14:45.099-0300] {processor.py:753} INFO - DAG(s) dict_keys(['example_branch_python_operator_decorator']) retrieved from /home/carlosfalcone/.local/lib/python3.7/site-packages/airflow/example_dags/example_branch_operator_decorator.py
[2024-03-20T22:14:45.112-0300] {logging_mixin.py:137} INFO - [2024-03-20T22:14:45.112-0300] {dag.py:2705} INFO - Sync 1 DAGs
[2024-03-20T22:14:45.127-0300] {logging_mixin.py:137} INFO - [2024-03-20T22:14:45.127-0300] {dag.py:3456} INFO - Setting next_dagrun for example_branch_python_operator_decorator to 2024-03-20T00:00:00+00:00, run_after=2024-03-21T00:00:00+00:00
[2024-03-20T22:14:45.143-0300] {processor.py:175} INFO - Processing /home/carlosfalcone/.local/lib/python3.7/site-packages/airflow/example_dags/example_branch_operator_decorator.py took 0.062 seconds
[2024-03-20T22:15:18.252-0300] {processor.py:153} INFO - Started process (PID=1241) to work on /home/carlosfalcone/.local/lib/python3.7/site-packages/airflow/example_dags/example_branch_operator_decorator.py
[2024-03-20T22:15:18.253-0300] {processor.py:743} INFO - Processing file /home/carlosfalcone/.local/lib/python3.7/site-packages/airflow/example_dags/example_branch_operator_decorator.py for tasks to queue
[2024-03-20T22:15:18.253-0300] {logging_mixin.py:137} INFO - [2024-03-20T22:15:18.253-0300] {dagbag.py:532} INFO - Filling up the DagBag from /home/carlosfalcone/.local/lib/python3.7/site-packages/airflow/example_dags/example_branch_operator_decorator.py
[2024-03-20T22:15:18.267-0300] {processor.py:753} INFO - DAG(s) dict_keys(['example_branch_python_operator_decorator']) retrieved from /home/carlosfalcone/.local/lib/python3.7/site-packages/airflow/example_dags/example_branch_operator_decorator.py
[2024-03-20T22:15:18.281-0300] {logging_mixin.py:137} INFO - [2024-03-20T22:15:18.280-0300] {dag.py:2705} INFO - Sync 1 DAGs
[2024-03-20T22:15:18.295-0300] {logging_mixin.py:137} INFO - [2024-03-20T22:15:18.295-0300] {dag.py:3456} INFO - Setting next_dagrun for example_branch_python_operator_decorator to 2024-03-20T00:00:00+00:00, run_after=2024-03-21T00:00:00+00:00
[2024-03-20T22:15:18.310-0300] {processor.py:175} INFO - Processing /home/carlosfalcone/.local/lib/python3.7/site-packages/airflow/example_dags/example_branch_operator_decorator.py took 0.061 seconds
[2024-03-20T22:15:55.554-0300] {processor.py:153} INFO - Started process (PID=1337) to work on /home/carlosfalcone/.local/lib/python3.7/site-packages/airflow/example_dags/example_branch_operator_decorator.py
[2024-03-20T22:15:55.555-0300] {processor.py:743} INFO - Processing file /home/carlosfalcone/.local/lib/python3.7/site-packages/airflow/example_dags/example_branch_operator_decorator.py for tasks to queue
[2024-03-20T22:15:55.555-0300] {logging_mixin.py:137} INFO - [2024-03-20T22:15:55.555-0300] {dagbag.py:532} INFO - Filling up the DagBag from /home/carlosfalcone/.local/lib/python3.7/site-packages/airflow/example_dags/example_branch_operator_decorator.py
[2024-03-20T22:15:55.570-0300] {processor.py:753} INFO - DAG(s) dict_keys(['example_branch_python_operator_decorator']) retrieved from /home/carlosfalcone/.local/lib/python3.7/site-packages/airflow/example_dags/example_branch_operator_decorator.py
[2024-03-20T22:15:55.583-0300] {logging_mixin.py:137} INFO - [2024-03-20T22:15:55.583-0300] {dag.py:2705} INFO - Sync 1 DAGs
[2024-03-20T22:15:55.597-0300] {logging_mixin.py:137} INFO - [2024-03-20T22:15:55.597-0300] {dag.py:3456} INFO - Setting next_dagrun for example_branch_python_operator_decorator to 2024-03-20T00:00:00+00:00, run_after=2024-03-21T00:00:00+00:00
[2024-03-20T22:15:55.613-0300] {processor.py:175} INFO - Processing /home/carlosfalcone/.local/lib/python3.7/site-packages/airflow/example_dags/example_branch_operator_decorator.py took 0.062 seconds
[2024-03-20T22:16:28.959-0300] {processor.py:153} INFO - Started process (PID=1427) to work on /home/carlosfalcone/.local/lib/python3.7/site-packages/airflow/example_dags/example_branch_operator_decorator.py
[2024-03-20T22:16:28.960-0300] {processor.py:743} INFO - Processing file /home/carlosfalcone/.local/lib/python3.7/site-packages/airflow/example_dags/example_branch_operator_decorator.py for tasks to queue
[2024-03-20T22:16:28.961-0300] {logging_mixin.py:137} INFO - [2024-03-20T22:16:28.961-0300] {dagbag.py:532} INFO - Filling up the DagBag from /home/carlosfalcone/.local/lib/python3.7/site-packages/airflow/example_dags/example_branch_operator_decorator.py
[2024-03-20T22:16:28.975-0300] {processor.py:753} INFO - DAG(s) dict_keys(['example_branch_python_operator_decorator']) retrieved from /home/carlosfalcone/.local/lib/python3.7/site-packages/airflow/example_dags/example_branch_operator_decorator.py
[2024-03-20T22:16:28.988-0300] {logging_mixin.py:137} INFO - [2024-03-20T22:16:28.987-0300] {dag.py:2705} INFO - Sync 1 DAGs
[2024-03-20T22:16:29.002-0300] {logging_mixin.py:137} INFO - [2024-03-20T22:16:29.002-0300] {dag.py:3456} INFO - Setting next_dagrun for example_branch_python_operator_decorator to 2024-03-20T00:00:00+00:00, run_after=2024-03-21T00:00:00+00:00
[2024-03-20T22:16:29.019-0300] {processor.py:175} INFO - Processing /home/carlosfalcone/.local/lib/python3.7/site-packages/airflow/example_dags/example_branch_operator_decorator.py took 0.061 seconds
[2024-03-20T22:17:03.713-0300] {processor.py:153} INFO - Started process (PID=1517) to work on /home/carlosfalcone/.local/lib/python3.7/site-packages/airflow/example_dags/example_branch_operator_decorator.py
[2024-03-20T22:17:03.715-0300] {processor.py:743} INFO - Processing file /home/carlosfalcone/.local/lib/python3.7/site-packages/airflow/example_dags/example_branch_operator_decorator.py for tasks to queue
[2024-03-20T22:17:03.715-0300] {logging_mixin.py:137} INFO - [2024-03-20T22:17:03.715-0300] {dagbag.py:532} INFO - Filling up the DagBag from /home/carlosfalcone/.local/lib/python3.7/site-packages/airflow/example_dags/example_branch_operator_decorator.py
[2024-03-20T22:17:03.729-0300] {processor.py:753} INFO - DAG(s) dict_keys(['example_branch_python_operator_decorator']) retrieved from /home/carlosfalcone/.local/lib/python3.7/site-packages/airflow/example_dags/example_branch_operator_decorator.py
[2024-03-20T22:17:03.743-0300] {logging_mixin.py:137} INFO - [2024-03-20T22:17:03.743-0300] {dag.py:2705} INFO - Sync 1 DAGs
[2024-03-20T22:17:03.757-0300] {logging_mixin.py:137} INFO - [2024-03-20T22:17:03.757-0300] {dag.py:3456} INFO - Setting next_dagrun for example_branch_python_operator_decorator to 2024-03-20T00:00:00+00:00, run_after=2024-03-21T00:00:00+00:00
[2024-03-20T22:17:03.775-0300] {processor.py:175} INFO - Processing /home/carlosfalcone/.local/lib/python3.7/site-packages/airflow/example_dags/example_branch_operator_decorator.py took 0.063 seconds
[2024-03-20T22:17:41.399-0300] {processor.py:153} INFO - Started process (PID=1612) to work on /home/carlosfalcone/.local/lib/python3.7/site-packages/airflow/example_dags/example_branch_operator_decorator.py
[2024-03-20T22:17:41.400-0300] {processor.py:743} INFO - Processing file /home/carlosfalcone/.local/lib/python3.7/site-packages/airflow/example_dags/example_branch_operator_decorator.py for tasks to queue
[2024-03-20T22:17:41.401-0300] {logging_mixin.py:137} INFO - [2024-03-20T22:17:41.400-0300] {dagbag.py:532} INFO - Filling up the DagBag from /home/carlosfalcone/.local/lib/python3.7/site-packages/airflow/example_dags/example_branch_operator_decorator.py
[2024-03-20T22:17:41.416-0300] {processor.py:753} INFO - DAG(s) dict_keys(['example_branch_python_operator_decorator']) retrieved from /home/carlosfalcone/.local/lib/python3.7/site-packages/airflow/example_dags/example_branch_operator_decorator.py
[2024-03-20T22:17:41.429-0300] {logging_mixin.py:137} INFO - [2024-03-20T22:17:41.429-0300] {dag.py:2705} INFO - Sync 1 DAGs
[2024-03-20T22:17:41.446-0300] {logging_mixin.py:137} INFO - [2024-03-20T22:17:41.446-0300] {dag.py:3456} INFO - Setting next_dagrun for example_branch_python_operator_decorator to 2024-03-20T00:00:00+00:00, run_after=2024-03-21T00:00:00+00:00
[2024-03-20T22:17:41.461-0300] {processor.py:175} INFO - Processing /home/carlosfalcone/.local/lib/python3.7/site-packages/airflow/example_dags/example_branch_operator_decorator.py took 0.064 seconds
[2024-03-20T22:18:15.980-0300] {processor.py:153} INFO - Started process (PID=1702) to work on /home/carlosfalcone/.local/lib/python3.7/site-packages/airflow/example_dags/example_branch_operator_decorator.py
[2024-03-20T22:18:15.981-0300] {processor.py:743} INFO - Processing file /home/carlosfalcone/.local/lib/python3.7/site-packages/airflow/example_dags/example_branch_operator_decorator.py for tasks to queue
[2024-03-20T22:18:15.981-0300] {logging_mixin.py:137} INFO - [2024-03-20T22:18:15.981-0300] {dagbag.py:532} INFO - Filling up the DagBag from /home/carlosfalcone/.local/lib/python3.7/site-packages/airflow/example_dags/example_branch_operator_decorator.py
[2024-03-20T22:18:15.996-0300] {processor.py:753} INFO - DAG(s) dict_keys(['example_branch_python_operator_decorator']) retrieved from /home/carlosfalcone/.local/lib/python3.7/site-packages/airflow/example_dags/example_branch_operator_decorator.py
[2024-03-20T22:18:16.008-0300] {logging_mixin.py:137} INFO - [2024-03-20T22:18:16.008-0300] {dag.py:2705} INFO - Sync 1 DAGs
[2024-03-20T22:18:16.023-0300] {logging_mixin.py:137} INFO - [2024-03-20T22:18:16.023-0300] {dag.py:3456} INFO - Setting next_dagrun for example_branch_python_operator_decorator to 2024-03-20T00:00:00+00:00, run_after=2024-03-21T00:00:00+00:00
[2024-03-20T22:18:16.040-0300] {processor.py:175} INFO - Processing /home/carlosfalcone/.local/lib/python3.7/site-packages/airflow/example_dags/example_branch_operator_decorator.py took 0.061 seconds
[2024-03-21T11:23:32.008-0300] {processor.py:153} INFO - Started process (PID=84) to work on /home/carlosfalcone/.local/lib/python3.7/site-packages/airflow/example_dags/example_branch_operator_decorator.py
[2024-03-21T11:23:32.009-0300] {processor.py:743} INFO - Processing file /home/carlosfalcone/.local/lib/python3.7/site-packages/airflow/example_dags/example_branch_operator_decorator.py for tasks to queue
[2024-03-21T11:23:32.010-0300] {logging_mixin.py:137} INFO - [2024-03-21T11:23:32.010-0300] {dagbag.py:532} INFO - Filling up the DagBag from /home/carlosfalcone/.local/lib/python3.7/site-packages/airflow/example_dags/example_branch_operator_decorator.py
[2024-03-21T11:23:32.027-0300] {processor.py:753} INFO - DAG(s) dict_keys(['example_branch_python_operator_decorator']) retrieved from /home/carlosfalcone/.local/lib/python3.7/site-packages/airflow/example_dags/example_branch_operator_decorator.py
[2024-03-21T11:23:32.040-0300] {logging_mixin.py:137} INFO - [2024-03-21T11:23:32.040-0300] {dag.py:2705} INFO - Sync 1 DAGs
[2024-03-21T11:23:32.056-0300] {logging_mixin.py:137} INFO - [2024-03-21T11:23:32.056-0300] {dag.py:3456} INFO - Setting next_dagrun for example_branch_python_operator_decorator to 2024-03-20T00:00:00+00:00, run_after=2024-03-21T00:00:00+00:00
[2024-03-21T11:23:32.071-0300] {processor.py:175} INFO - Processing /home/carlosfalcone/.local/lib/python3.7/site-packages/airflow/example_dags/example_branch_operator_decorator.py took 0.064 seconds
[2024-03-21T11:24:10.810-0300] {processor.py:153} INFO - Started process (PID=293) to work on /home/carlosfalcone/.local/lib/python3.7/site-packages/airflow/example_dags/example_branch_operator_decorator.py
[2024-03-21T11:24:10.811-0300] {processor.py:743} INFO - Processing file /home/carlosfalcone/.local/lib/python3.7/site-packages/airflow/example_dags/example_branch_operator_decorator.py for tasks to queue
[2024-03-21T11:24:10.812-0300] {logging_mixin.py:137} INFO - [2024-03-21T11:24:10.812-0300] {dagbag.py:532} INFO - Filling up the DagBag from /home/carlosfalcone/.local/lib/python3.7/site-packages/airflow/example_dags/example_branch_operator_decorator.py
[2024-03-21T11:24:10.827-0300] {processor.py:753} INFO - DAG(s) dict_keys(['example_branch_python_operator_decorator']) retrieved from /home/carlosfalcone/.local/lib/python3.7/site-packages/airflow/example_dags/example_branch_operator_decorator.py
[2024-03-21T11:24:10.840-0300] {logging_mixin.py:137} INFO - [2024-03-21T11:24:10.840-0300] {dag.py:2705} INFO - Sync 1 DAGs
[2024-03-21T11:24:10.855-0300] {logging_mixin.py:137} INFO - [2024-03-21T11:24:10.855-0300] {dag.py:3456} INFO - Setting next_dagrun for example_branch_python_operator_decorator to 2024-03-20T00:00:00+00:00, run_after=2024-03-21T00:00:00+00:00
[2024-03-21T11:24:10.870-0300] {processor.py:175} INFO - Processing /home/carlosfalcone/.local/lib/python3.7/site-packages/airflow/example_dags/example_branch_operator_decorator.py took 0.061 seconds
[2024-03-21T11:24:49.029-0300] {processor.py:153} INFO - Started process (PID=391) to work on /home/carlosfalcone/.local/lib/python3.7/site-packages/airflow/example_dags/example_branch_operator_decorator.py
[2024-03-21T11:24:49.030-0300] {processor.py:743} INFO - Processing file /home/carlosfalcone/.local/lib/python3.7/site-packages/airflow/example_dags/example_branch_operator_decorator.py for tasks to queue
[2024-03-21T11:24:49.030-0300] {logging_mixin.py:137} INFO - [2024-03-21T11:24:49.030-0300] {dagbag.py:532} INFO - Filling up the DagBag from /home/carlosfalcone/.local/lib/python3.7/site-packages/airflow/example_dags/example_branch_operator_decorator.py
[2024-03-21T11:24:49.045-0300] {processor.py:753} INFO - DAG(s) dict_keys(['example_branch_python_operator_decorator']) retrieved from /home/carlosfalcone/.local/lib/python3.7/site-packages/airflow/example_dags/example_branch_operator_decorator.py
[2024-03-21T11:24:49.058-0300] {logging_mixin.py:137} INFO - [2024-03-21T11:24:49.057-0300] {dag.py:2705} INFO - Sync 1 DAGs
[2024-03-21T11:24:49.073-0300] {logging_mixin.py:137} INFO - [2024-03-21T11:24:49.073-0300] {dag.py:3456} INFO - Setting next_dagrun for example_branch_python_operator_decorator to 2024-03-20T00:00:00+00:00, run_after=2024-03-21T00:00:00+00:00
[2024-03-21T11:24:49.088-0300] {processor.py:175} INFO - Processing /home/carlosfalcone/.local/lib/python3.7/site-packages/airflow/example_dags/example_branch_operator_decorator.py took 0.060 seconds
