[2024-03-20T22:09:21.723-0300] {processor.py:153} INFO - Started process (PID=319) to work on /home/carlosfalcone/.local/lib/python3.7/site-packages/airflow/example_dags/example_trigger_controller_dag.py
[2024-03-20T22:09:21.723-0300] {processor.py:743} INFO - Processing file /home/carlosfalcone/.local/lib/python3.7/site-packages/airflow/example_dags/example_trigger_controller_dag.py for tasks to queue
[2024-03-20T22:09:21.723-0300] {logging_mixin.py:137} INFO - [2024-03-20T22:09:21.723-0300] {dagbag.py:532} INFO - Filling up the DagBag from /home/carlosfalcone/.local/lib/python3.7/site-packages/airflow/example_dags/example_trigger_controller_dag.py
[2024-03-20T22:09:21.730-0300] {processor.py:753} INFO - DAG(s) dict_keys(['example_trigger_controller_dag']) retrieved from /home/carlosfalcone/.local/lib/python3.7/site-packages/airflow/example_dags/example_trigger_controller_dag.py
[2024-03-20T22:09:21.799-0300] {logging_mixin.py:137} INFO - [2024-03-20T22:09:21.799-0300] {manager.py:504} INFO - Created Permission View: can delete on DAG:example_trigger_controller_dag
[2024-03-20T22:09:21.807-0300] {logging_mixin.py:137} INFO - [2024-03-20T22:09:21.807-0300] {manager.py:504} INFO - Created Permission View: can read on DAG:example_trigger_controller_dag
[2024-03-20T22:09:21.813-0300] {logging_mixin.py:137} INFO - [2024-03-20T22:09:21.813-0300] {manager.py:504} INFO - Created Permission View: can edit on DAG:example_trigger_controller_dag
[2024-03-20T22:09:21.814-0300] {logging_mixin.py:137} INFO - [2024-03-20T22:09:21.813-0300] {dag.py:2705} INFO - Sync 1 DAGs
[2024-03-20T22:09:21.821-0300] {logging_mixin.py:137} INFO - [2024-03-20T22:09:21.821-0300] {dag.py:2726} INFO - Creating ORM DAG for example_trigger_controller_dag
[2024-03-20T22:09:21.827-0300] {logging_mixin.py:137} INFO - [2024-03-20T22:09:21.827-0300] {dag.py:3456} INFO - Setting next_dagrun for example_trigger_controller_dag to 2021-01-01T00:00:00+00:00, run_after=2021-01-01T00:00:00+00:00
[2024-03-20T22:09:21.842-0300] {processor.py:175} INFO - Processing /home/carlosfalcone/.local/lib/python3.7/site-packages/airflow/example_dags/example_trigger_controller_dag.py took 0.121 seconds
[2024-03-20T22:10:04.006-0300] {processor.py:153} INFO - Started process (PID=529) to work on /home/carlosfalcone/.local/lib/python3.7/site-packages/airflow/example_dags/example_trigger_controller_dag.py
[2024-03-20T22:10:04.007-0300] {processor.py:743} INFO - Processing file /home/carlosfalcone/.local/lib/python3.7/site-packages/airflow/example_dags/example_trigger_controller_dag.py for tasks to queue
[2024-03-20T22:10:04.008-0300] {logging_mixin.py:137} INFO - [2024-03-20T22:10:04.008-0300] {dagbag.py:532} INFO - Filling up the DagBag from /home/carlosfalcone/.local/lib/python3.7/site-packages/airflow/example_dags/example_trigger_controller_dag.py
[2024-03-20T22:10:04.015-0300] {processor.py:753} INFO - DAG(s) dict_keys(['example_trigger_controller_dag']) retrieved from /home/carlosfalcone/.local/lib/python3.7/site-packages/airflow/example_dags/example_trigger_controller_dag.py
[2024-03-20T22:10:04.027-0300] {logging_mixin.py:137} INFO - [2024-03-20T22:10:04.027-0300] {dag.py:2705} INFO - Sync 1 DAGs
[2024-03-20T22:10:04.042-0300] {logging_mixin.py:137} INFO - [2024-03-20T22:10:04.042-0300] {dag.py:3456} INFO - Setting next_dagrun for example_trigger_controller_dag to 2021-01-01T00:00:00+00:00, run_after=2021-01-01T00:00:00+00:00
[2024-03-20T22:10:04.058-0300] {processor.py:175} INFO - Processing /home/carlosfalcone/.local/lib/python3.7/site-packages/airflow/example_dags/example_trigger_controller_dag.py took 0.053 seconds
[2024-03-20T22:10:48.070-0300] {processor.py:153} INFO - Started process (PID=640) to work on /home/carlosfalcone/.local/lib/python3.7/site-packages/airflow/example_dags/example_trigger_controller_dag.py
[2024-03-20T22:10:48.071-0300] {processor.py:743} INFO - Processing file /home/carlosfalcone/.local/lib/python3.7/site-packages/airflow/example_dags/example_trigger_controller_dag.py for tasks to queue
[2024-03-20T22:10:48.071-0300] {logging_mixin.py:137} INFO - [2024-03-20T22:10:48.071-0300] {dagbag.py:532} INFO - Filling up the DagBag from /home/carlosfalcone/.local/lib/python3.7/site-packages/airflow/example_dags/example_trigger_controller_dag.py
[2024-03-20T22:10:48.077-0300] {processor.py:753} INFO - DAG(s) dict_keys(['example_trigger_controller_dag']) retrieved from /home/carlosfalcone/.local/lib/python3.7/site-packages/airflow/example_dags/example_trigger_controller_dag.py
[2024-03-20T22:10:48.088-0300] {logging_mixin.py:137} INFO - [2024-03-20T22:10:48.088-0300] {dag.py:2705} INFO - Sync 1 DAGs
[2024-03-20T22:10:48.102-0300] {logging_mixin.py:137} INFO - [2024-03-20T22:10:48.102-0300] {dag.py:3456} INFO - Setting next_dagrun for example_trigger_controller_dag to 2021-01-01T00:00:00+00:00, run_after=2021-01-01T00:00:00+00:00
[2024-03-20T22:10:48.118-0300] {processor.py:175} INFO - Processing /home/carlosfalcone/.local/lib/python3.7/site-packages/airflow/example_dags/example_trigger_controller_dag.py took 0.050 seconds
[2024-03-20T22:11:28.457-0300] {processor.py:153} INFO - Started process (PID=742) to work on /home/carlosfalcone/.local/lib/python3.7/site-packages/airflow/example_dags/example_trigger_controller_dag.py
[2024-03-20T22:11:28.458-0300] {processor.py:743} INFO - Processing file /home/carlosfalcone/.local/lib/python3.7/site-packages/airflow/example_dags/example_trigger_controller_dag.py for tasks to queue
[2024-03-20T22:11:28.458-0300] {logging_mixin.py:137} INFO - [2024-03-20T22:11:28.458-0300] {dagbag.py:532} INFO - Filling up the DagBag from /home/carlosfalcone/.local/lib/python3.7/site-packages/airflow/example_dags/example_trigger_controller_dag.py
[2024-03-20T22:11:28.464-0300] {processor.py:753} INFO - DAG(s) dict_keys(['example_trigger_controller_dag']) retrieved from /home/carlosfalcone/.local/lib/python3.7/site-packages/airflow/example_dags/example_trigger_controller_dag.py
[2024-03-20T22:11:28.476-0300] {logging_mixin.py:137} INFO - [2024-03-20T22:11:28.476-0300] {dag.py:2705} INFO - Sync 1 DAGs
[2024-03-20T22:11:28.490-0300] {logging_mixin.py:137} INFO - [2024-03-20T22:11:28.490-0300] {dag.py:3456} INFO - Setting next_dagrun for example_trigger_controller_dag to 2021-01-01T00:00:00+00:00, run_after=2021-01-01T00:00:00+00:00
[2024-03-20T22:11:28.507-0300] {processor.py:175} INFO - Processing /home/carlosfalcone/.local/lib/python3.7/site-packages/airflow/example_dags/example_trigger_controller_dag.py took 0.052 seconds
[2024-03-20T22:12:13.943-0300] {processor.py:153} INFO - Started process (PID=850) to work on /home/carlosfalcone/.local/lib/python3.7/site-packages/airflow/example_dags/example_trigger_controller_dag.py
[2024-03-20T22:12:13.944-0300] {processor.py:743} INFO - Processing file /home/carlosfalcone/.local/lib/python3.7/site-packages/airflow/example_dags/example_trigger_controller_dag.py for tasks to queue
[2024-03-20T22:12:13.945-0300] {logging_mixin.py:137} INFO - [2024-03-20T22:12:13.944-0300] {dagbag.py:532} INFO - Filling up the DagBag from /home/carlosfalcone/.local/lib/python3.7/site-packages/airflow/example_dags/example_trigger_controller_dag.py
[2024-03-20T22:12:13.951-0300] {processor.py:753} INFO - DAG(s) dict_keys(['example_trigger_controller_dag']) retrieved from /home/carlosfalcone/.local/lib/python3.7/site-packages/airflow/example_dags/example_trigger_controller_dag.py
[2024-03-20T22:12:13.962-0300] {logging_mixin.py:137} INFO - [2024-03-20T22:12:13.962-0300] {dag.py:2705} INFO - Sync 1 DAGs
[2024-03-20T22:12:13.976-0300] {logging_mixin.py:137} INFO - [2024-03-20T22:12:13.976-0300] {dag.py:3456} INFO - Setting next_dagrun for example_trigger_controller_dag to 2021-01-01T00:00:00+00:00, run_after=2021-01-01T00:00:00+00:00
[2024-03-20T22:12:13.991-0300] {processor.py:175} INFO - Processing /home/carlosfalcone/.local/lib/python3.7/site-packages/airflow/example_dags/example_trigger_controller_dag.py took 0.050 seconds
[2024-03-20T22:12:57.432-0300] {processor.py:153} INFO - Started process (PID=960) to work on /home/carlosfalcone/.local/lib/python3.7/site-packages/airflow/example_dags/example_trigger_controller_dag.py
[2024-03-20T22:12:57.433-0300] {processor.py:743} INFO - Processing file /home/carlosfalcone/.local/lib/python3.7/site-packages/airflow/example_dags/example_trigger_controller_dag.py for tasks to queue
[2024-03-20T22:12:57.433-0300] {logging_mixin.py:137} INFO - [2024-03-20T22:12:57.433-0300] {dagbag.py:532} INFO - Filling up the DagBag from /home/carlosfalcone/.local/lib/python3.7/site-packages/airflow/example_dags/example_trigger_controller_dag.py
[2024-03-20T22:12:57.439-0300] {processor.py:753} INFO - DAG(s) dict_keys(['example_trigger_controller_dag']) retrieved from /home/carlosfalcone/.local/lib/python3.7/site-packages/airflow/example_dags/example_trigger_controller_dag.py
[2024-03-20T22:12:57.451-0300] {logging_mixin.py:137} INFO - [2024-03-20T22:12:57.451-0300] {dag.py:2705} INFO - Sync 1 DAGs
[2024-03-20T22:12:57.464-0300] {logging_mixin.py:137} INFO - [2024-03-20T22:12:57.464-0300] {dag.py:3456} INFO - Setting next_dagrun for example_trigger_controller_dag to 2021-01-01T00:00:00+00:00, run_after=2021-01-01T00:00:00+00:00
[2024-03-20T22:12:57.480-0300] {processor.py:175} INFO - Processing /home/carlosfalcone/.local/lib/python3.7/site-packages/airflow/example_dags/example_trigger_controller_dag.py took 0.050 seconds
[2024-03-20T22:13:43.924-0300] {processor.py:153} INFO - Started process (PID=1078) to work on /home/carlosfalcone/.local/lib/python3.7/site-packages/airflow/example_dags/example_trigger_controller_dag.py
[2024-03-20T22:13:43.924-0300] {processor.py:743} INFO - Processing file /home/carlosfalcone/.local/lib/python3.7/site-packages/airflow/example_dags/example_trigger_controller_dag.py for tasks to queue
[2024-03-20T22:13:43.925-0300] {logging_mixin.py:137} INFO - [2024-03-20T22:13:43.925-0300] {dagbag.py:532} INFO - Filling up the DagBag from /home/carlosfalcone/.local/lib/python3.7/site-packages/airflow/example_dags/example_trigger_controller_dag.py
[2024-03-20T22:13:43.932-0300] {processor.py:753} INFO - DAG(s) dict_keys(['example_trigger_controller_dag']) retrieved from /home/carlosfalcone/.local/lib/python3.7/site-packages/airflow/example_dags/example_trigger_controller_dag.py
[2024-03-20T22:13:43.943-0300] {logging_mixin.py:137} INFO - [2024-03-20T22:13:43.943-0300] {dag.py:2705} INFO - Sync 1 DAGs
[2024-03-20T22:13:43.957-0300] {logging_mixin.py:137} INFO - [2024-03-20T22:13:43.957-0300] {dag.py:3456} INFO - Setting next_dagrun for example_trigger_controller_dag to 2021-01-01T00:00:00+00:00, run_after=2021-01-01T00:00:00+00:00
[2024-03-20T22:13:43.973-0300] {processor.py:175} INFO - Processing /home/carlosfalcone/.local/lib/python3.7/site-packages/airflow/example_dags/example_trigger_controller_dag.py took 0.051 seconds
[2024-03-20T22:14:23.269-0300] {processor.py:153} INFO - Started process (PID=1127) to work on /home/carlosfalcone/.local/lib/python3.7/site-packages/airflow/example_dags/example_trigger_controller_dag.py
[2024-03-20T22:14:23.270-0300] {processor.py:743} INFO - Processing file /home/carlosfalcone/.local/lib/python3.7/site-packages/airflow/example_dags/example_trigger_controller_dag.py for tasks to queue
[2024-03-20T22:14:23.270-0300] {logging_mixin.py:137} INFO - [2024-03-20T22:14:23.270-0300] {dagbag.py:532} INFO - Filling up the DagBag from /home/carlosfalcone/.local/lib/python3.7/site-packages/airflow/example_dags/example_trigger_controller_dag.py
[2024-03-20T22:14:23.276-0300] {processor.py:753} INFO - DAG(s) dict_keys(['example_trigger_controller_dag']) retrieved from /home/carlosfalcone/.local/lib/python3.7/site-packages/airflow/example_dags/example_trigger_controller_dag.py
[2024-03-20T22:14:23.287-0300] {logging_mixin.py:137} INFO - [2024-03-20T22:14:23.287-0300] {dag.py:2705} INFO - Sync 1 DAGs
[2024-03-20T22:14:23.301-0300] {logging_mixin.py:137} INFO - [2024-03-20T22:14:23.301-0300] {dag.py:3456} INFO - Setting next_dagrun for example_trigger_controller_dag to 2021-01-01T00:00:00+00:00, run_after=2021-01-01T00:00:00+00:00
[2024-03-20T22:14:23.319-0300] {processor.py:175} INFO - Processing /home/carlosfalcone/.local/lib/python3.7/site-packages/airflow/example_dags/example_trigger_controller_dag.py took 0.052 seconds
[2024-03-20T22:15:02.742-0300] {processor.py:153} INFO - Started process (PID=1202) to work on /home/carlosfalcone/.local/lib/python3.7/site-packages/airflow/example_dags/example_trigger_controller_dag.py
[2024-03-20T22:15:02.744-0300] {processor.py:743} INFO - Processing file /home/carlosfalcone/.local/lib/python3.7/site-packages/airflow/example_dags/example_trigger_controller_dag.py for tasks to queue
[2024-03-20T22:15:02.744-0300] {logging_mixin.py:137} INFO - [2024-03-20T22:15:02.744-0300] {dagbag.py:532} INFO - Filling up the DagBag from /home/carlosfalcone/.local/lib/python3.7/site-packages/airflow/example_dags/example_trigger_controller_dag.py
[2024-03-20T22:15:02.750-0300] {processor.py:753} INFO - DAG(s) dict_keys(['example_trigger_controller_dag']) retrieved from /home/carlosfalcone/.local/lib/python3.7/site-packages/airflow/example_dags/example_trigger_controller_dag.py
[2024-03-20T22:15:02.761-0300] {logging_mixin.py:137} INFO - [2024-03-20T22:15:02.761-0300] {dag.py:2705} INFO - Sync 1 DAGs
[2024-03-20T22:15:02.775-0300] {logging_mixin.py:137} INFO - [2024-03-20T22:15:02.775-0300] {dag.py:3456} INFO - Setting next_dagrun for example_trigger_controller_dag to 2021-01-01T00:00:00+00:00, run_after=2021-01-01T00:00:00+00:00
[2024-03-20T22:15:02.791-0300] {processor.py:175} INFO - Processing /home/carlosfalcone/.local/lib/python3.7/site-packages/airflow/example_dags/example_trigger_controller_dag.py took 0.050 seconds
[2024-03-20T22:15:49.003-0300] {processor.py:153} INFO - Started process (PID=1317) to work on /home/carlosfalcone/.local/lib/python3.7/site-packages/airflow/example_dags/example_trigger_controller_dag.py
[2024-03-20T22:15:49.004-0300] {processor.py:743} INFO - Processing file /home/carlosfalcone/.local/lib/python3.7/site-packages/airflow/example_dags/example_trigger_controller_dag.py for tasks to queue
[2024-03-20T22:15:49.004-0300] {logging_mixin.py:137} INFO - [2024-03-20T22:15:49.004-0300] {dagbag.py:532} INFO - Filling up the DagBag from /home/carlosfalcone/.local/lib/python3.7/site-packages/airflow/example_dags/example_trigger_controller_dag.py
[2024-03-20T22:15:49.010-0300] {processor.py:753} INFO - DAG(s) dict_keys(['example_trigger_controller_dag']) retrieved from /home/carlosfalcone/.local/lib/python3.7/site-packages/airflow/example_dags/example_trigger_controller_dag.py
[2024-03-20T22:15:49.022-0300] {logging_mixin.py:137} INFO - [2024-03-20T22:15:49.022-0300] {dag.py:2705} INFO - Sync 1 DAGs
[2024-03-20T22:15:49.036-0300] {logging_mixin.py:137} INFO - [2024-03-20T22:15:49.036-0300] {dag.py:3456} INFO - Setting next_dagrun for example_trigger_controller_dag to 2021-01-01T00:00:00+00:00, run_after=2021-01-01T00:00:00+00:00
[2024-03-20T22:15:49.051-0300] {processor.py:175} INFO - Processing /home/carlosfalcone/.local/lib/python3.7/site-packages/airflow/example_dags/example_trigger_controller_dag.py took 0.050 seconds
[2024-03-20T22:16:32.968-0300] {processor.py:153} INFO - Started process (PID=1437) to work on /home/carlosfalcone/.local/lib/python3.7/site-packages/airflow/example_dags/example_trigger_controller_dag.py
[2024-03-20T22:16:32.968-0300] {processor.py:743} INFO - Processing file /home/carlosfalcone/.local/lib/python3.7/site-packages/airflow/example_dags/example_trigger_controller_dag.py for tasks to queue
[2024-03-20T22:16:32.969-0300] {logging_mixin.py:137} INFO - [2024-03-20T22:16:32.969-0300] {dagbag.py:532} INFO - Filling up the DagBag from /home/carlosfalcone/.local/lib/python3.7/site-packages/airflow/example_dags/example_trigger_controller_dag.py
[2024-03-20T22:16:32.975-0300] {processor.py:753} INFO - DAG(s) dict_keys(['example_trigger_controller_dag']) retrieved from /home/carlosfalcone/.local/lib/python3.7/site-packages/airflow/example_dags/example_trigger_controller_dag.py
[2024-03-20T22:16:32.987-0300] {logging_mixin.py:137} INFO - [2024-03-20T22:16:32.987-0300] {dag.py:2705} INFO - Sync 1 DAGs
[2024-03-20T22:16:33.001-0300] {logging_mixin.py:137} INFO - [2024-03-20T22:16:33.001-0300] {dag.py:3456} INFO - Setting next_dagrun for example_trigger_controller_dag to 2021-01-01T00:00:00+00:00, run_after=2021-01-01T00:00:00+00:00
[2024-03-20T22:16:33.016-0300] {processor.py:175} INFO - Processing /home/carlosfalcone/.local/lib/python3.7/site-packages/airflow/example_dags/example_trigger_controller_dag.py took 0.050 seconds
[2024-03-20T22:17:22.415-0300] {processor.py:153} INFO - Started process (PID=1562) to work on /home/carlosfalcone/.local/lib/python3.7/site-packages/airflow/example_dags/example_trigger_controller_dag.py
[2024-03-20T22:17:22.416-0300] {processor.py:743} INFO - Processing file /home/carlosfalcone/.local/lib/python3.7/site-packages/airflow/example_dags/example_trigger_controller_dag.py for tasks to queue
[2024-03-20T22:17:22.416-0300] {logging_mixin.py:137} INFO - [2024-03-20T22:17:22.416-0300] {dagbag.py:532} INFO - Filling up the DagBag from /home/carlosfalcone/.local/lib/python3.7/site-packages/airflow/example_dags/example_trigger_controller_dag.py
[2024-03-20T22:17:22.422-0300] {processor.py:753} INFO - DAG(s) dict_keys(['example_trigger_controller_dag']) retrieved from /home/carlosfalcone/.local/lib/python3.7/site-packages/airflow/example_dags/example_trigger_controller_dag.py
[2024-03-20T22:17:22.434-0300] {logging_mixin.py:137} INFO - [2024-03-20T22:17:22.434-0300] {dag.py:2705} INFO - Sync 1 DAGs
[2024-03-20T22:17:22.447-0300] {logging_mixin.py:137} INFO - [2024-03-20T22:17:22.447-0300] {dag.py:3456} INFO - Setting next_dagrun for example_trigger_controller_dag to 2021-01-01T00:00:00+00:00, run_after=2021-01-01T00:00:00+00:00
[2024-03-20T22:17:22.464-0300] {processor.py:175} INFO - Processing /home/carlosfalcone/.local/lib/python3.7/site-packages/airflow/example_dags/example_trigger_controller_dag.py took 0.050 seconds
[2024-03-20T22:18:09.436-0300] {processor.py:153} INFO - Started process (PID=1683) to work on /home/carlosfalcone/.local/lib/python3.7/site-packages/airflow/example_dags/example_trigger_controller_dag.py
[2024-03-20T22:18:09.437-0300] {processor.py:743} INFO - Processing file /home/carlosfalcone/.local/lib/python3.7/site-packages/airflow/example_dags/example_trigger_controller_dag.py for tasks to queue
[2024-03-20T22:18:09.437-0300] {logging_mixin.py:137} INFO - [2024-03-20T22:18:09.437-0300] {dagbag.py:532} INFO - Filling up the DagBag from /home/carlosfalcone/.local/lib/python3.7/site-packages/airflow/example_dags/example_trigger_controller_dag.py
[2024-03-20T22:18:09.443-0300] {processor.py:753} INFO - DAG(s) dict_keys(['example_trigger_controller_dag']) retrieved from /home/carlosfalcone/.local/lib/python3.7/site-packages/airflow/example_dags/example_trigger_controller_dag.py
[2024-03-20T22:18:09.454-0300] {logging_mixin.py:137} INFO - [2024-03-20T22:18:09.454-0300] {dag.py:2705} INFO - Sync 1 DAGs
[2024-03-20T22:18:09.468-0300] {logging_mixin.py:137} INFO - [2024-03-20T22:18:09.468-0300] {dag.py:3456} INFO - Setting next_dagrun for example_trigger_controller_dag to 2021-01-01T00:00:00+00:00, run_after=2021-01-01T00:00:00+00:00
[2024-03-20T22:18:09.484-0300] {processor.py:175} INFO - Processing /home/carlosfalcone/.local/lib/python3.7/site-packages/airflow/example_dags/example_trigger_controller_dag.py took 0.050 seconds
[2024-03-21T11:23:53.658-0300] {processor.py:153} INFO - Started process (PID=115) to work on /home/carlosfalcone/.local/lib/python3.7/site-packages/airflow/example_dags/example_trigger_controller_dag.py
[2024-03-21T11:23:53.659-0300] {processor.py:743} INFO - Processing file /home/carlosfalcone/.local/lib/python3.7/site-packages/airflow/example_dags/example_trigger_controller_dag.py for tasks to queue
[2024-03-21T11:23:53.660-0300] {logging_mixin.py:137} INFO - [2024-03-21T11:23:53.660-0300] {dagbag.py:532} INFO - Filling up the DagBag from /home/carlosfalcone/.local/lib/python3.7/site-packages/airflow/example_dags/example_trigger_controller_dag.py
[2024-03-21T11:23:53.666-0300] {processor.py:753} INFO - DAG(s) dict_keys(['example_trigger_controller_dag']) retrieved from /home/carlosfalcone/.local/lib/python3.7/site-packages/airflow/example_dags/example_trigger_controller_dag.py
[2024-03-21T11:23:53.678-0300] {logging_mixin.py:137} INFO - [2024-03-21T11:23:53.678-0300] {dag.py:2705} INFO - Sync 1 DAGs
[2024-03-21T11:23:53.691-0300] {logging_mixin.py:137} INFO - [2024-03-21T11:23:53.691-0300] {dag.py:3456} INFO - Setting next_dagrun for example_trigger_controller_dag to 2021-01-01T00:00:00+00:00, run_after=2021-01-01T00:00:00+00:00
[2024-03-21T11:23:53.708-0300] {processor.py:175} INFO - Processing /home/carlosfalcone/.local/lib/python3.7/site-packages/airflow/example_dags/example_trigger_controller_dag.py took 0.052 seconds
[2024-03-21T11:24:31.357-0300] {processor.py:153} INFO - Started process (PID=349) to work on /home/carlosfalcone/.local/lib/python3.7/site-packages/airflow/example_dags/example_trigger_controller_dag.py
[2024-03-21T11:24:31.357-0300] {processor.py:743} INFO - Processing file /home/carlosfalcone/.local/lib/python3.7/site-packages/airflow/example_dags/example_trigger_controller_dag.py for tasks to queue
[2024-03-21T11:24:31.358-0300] {logging_mixin.py:137} INFO - [2024-03-21T11:24:31.358-0300] {dagbag.py:532} INFO - Filling up the DagBag from /home/carlosfalcone/.local/lib/python3.7/site-packages/airflow/example_dags/example_trigger_controller_dag.py
[2024-03-21T11:24:31.365-0300] {processor.py:753} INFO - DAG(s) dict_keys(['example_trigger_controller_dag']) retrieved from /home/carlosfalcone/.local/lib/python3.7/site-packages/airflow/example_dags/example_trigger_controller_dag.py
[2024-03-21T11:24:31.376-0300] {logging_mixin.py:137} INFO - [2024-03-21T11:24:31.376-0300] {dag.py:2705} INFO - Sync 1 DAGs
[2024-03-21T11:24:31.390-0300] {logging_mixin.py:137} INFO - [2024-03-21T11:24:31.390-0300] {dag.py:3456} INFO - Setting next_dagrun for example_trigger_controller_dag to 2021-01-01T00:00:00+00:00, run_after=2021-01-01T00:00:00+00:00
[2024-03-21T11:24:31.405-0300] {processor.py:175} INFO - Processing /home/carlosfalcone/.local/lib/python3.7/site-packages/airflow/example_dags/example_trigger_controller_dag.py took 0.050 seconds
