[2024-03-20T22:09:11.351-0300] {processor.py:153} INFO - Started process (PID=309) to work on /home/carlosfalcone/.local/lib/python3.7/site-packages/airflow/example_dags/example_latest_only.py
[2024-03-20T22:09:11.352-0300] {processor.py:743} INFO - Processing file /home/carlosfalcone/.local/lib/python3.7/site-packages/airflow/example_dags/example_latest_only.py for tasks to queue
[2024-03-20T22:09:11.352-0300] {logging_mixin.py:137} INFO - [2024-03-20T22:09:11.352-0300] {dagbag.py:532} INFO - Filling up the DagBag from /home/carlosfalcone/.local/lib/python3.7/site-packages/airflow/example_dags/example_latest_only.py
[2024-03-20T22:09:11.360-0300] {processor.py:753} INFO - DAG(s) dict_keys(['latest_only']) retrieved from /home/carlosfalcone/.local/lib/python3.7/site-packages/airflow/example_dags/example_latest_only.py
[2024-03-20T22:09:11.430-0300] {logging_mixin.py:137} INFO - [2024-03-20T22:09:11.429-0300] {manager.py:504} INFO - Created Permission View: can delete on DAG:latest_only
[2024-03-20T22:09:11.437-0300] {logging_mixin.py:137} INFO - [2024-03-20T22:09:11.437-0300] {manager.py:504} INFO - Created Permission View: can read on DAG:latest_only
[2024-03-20T22:09:11.444-0300] {logging_mixin.py:137} INFO - [2024-03-20T22:09:11.444-0300] {manager.py:504} INFO - Created Permission View: can edit on DAG:latest_only
[2024-03-20T22:09:11.444-0300] {logging_mixin.py:137} INFO - [2024-03-20T22:09:11.444-0300] {dag.py:2705} INFO - Sync 1 DAGs
[2024-03-20T22:09:11.452-0300] {logging_mixin.py:137} INFO - [2024-03-20T22:09:11.452-0300] {dag.py:2726} INFO - Creating ORM DAG for latest_only
[2024-03-20T22:09:11.458-0300] {logging_mixin.py:137} INFO - [2024-03-20T22:09:11.458-0300] {dag.py:3456} INFO - Setting next_dagrun for latest_only to 2024-03-20T21:09:11.458206+00:00, run_after=2024-03-21T01:09:11.458206+00:00
[2024-03-20T22:09:11.474-0300] {processor.py:175} INFO - Processing /home/carlosfalcone/.local/lib/python3.7/site-packages/airflow/example_dags/example_latest_only.py took 0.124 seconds
[2024-03-20T22:09:54.871-0300] {processor.py:153} INFO - Started process (PID=507) to work on /home/carlosfalcone/.local/lib/python3.7/site-packages/airflow/example_dags/example_latest_only.py
[2024-03-20T22:09:54.871-0300] {processor.py:743} INFO - Processing file /home/carlosfalcone/.local/lib/python3.7/site-packages/airflow/example_dags/example_latest_only.py for tasks to queue
[2024-03-20T22:09:54.872-0300] {logging_mixin.py:137} INFO - [2024-03-20T22:09:54.872-0300] {dagbag.py:532} INFO - Filling up the DagBag from /home/carlosfalcone/.local/lib/python3.7/site-packages/airflow/example_dags/example_latest_only.py
[2024-03-20T22:09:54.884-0300] {processor.py:753} INFO - DAG(s) dict_keys(['latest_only']) retrieved from /home/carlosfalcone/.local/lib/python3.7/site-packages/airflow/example_dags/example_latest_only.py
[2024-03-20T22:09:54.898-0300] {logging_mixin.py:137} INFO - [2024-03-20T22:09:54.898-0300] {dag.py:2705} INFO - Sync 1 DAGs
[2024-03-20T22:09:54.914-0300] {logging_mixin.py:137} INFO - [2024-03-20T22:09:54.914-0300] {dag.py:3456} INFO - Setting next_dagrun for latest_only to 2024-03-20T21:09:54.914636+00:00, run_after=2024-03-21T01:09:54.914636+00:00
[2024-03-20T22:09:54.932-0300] {processor.py:175} INFO - Processing /home/carlosfalcone/.local/lib/python3.7/site-packages/airflow/example_dags/example_latest_only.py took 0.063 seconds
[2024-03-20T22:10:34.925-0300] {processor.py:153} INFO - Started process (PID=606) to work on /home/carlosfalcone/.local/lib/python3.7/site-packages/airflow/example_dags/example_latest_only.py
[2024-03-20T22:10:34.926-0300] {processor.py:743} INFO - Processing file /home/carlosfalcone/.local/lib/python3.7/site-packages/airflow/example_dags/example_latest_only.py for tasks to queue
[2024-03-20T22:10:34.926-0300] {logging_mixin.py:137} INFO - [2024-03-20T22:10:34.926-0300] {dagbag.py:532} INFO - Filling up the DagBag from /home/carlosfalcone/.local/lib/python3.7/site-packages/airflow/example_dags/example_latest_only.py
[2024-03-20T22:10:34.934-0300] {processor.py:753} INFO - DAG(s) dict_keys(['latest_only']) retrieved from /home/carlosfalcone/.local/lib/python3.7/site-packages/airflow/example_dags/example_latest_only.py
[2024-03-20T22:10:34.945-0300] {logging_mixin.py:137} INFO - [2024-03-20T22:10:34.945-0300] {dag.py:2705} INFO - Sync 1 DAGs
[2024-03-20T22:10:34.959-0300] {logging_mixin.py:137} INFO - [2024-03-20T22:10:34.959-0300] {dag.py:3456} INFO - Setting next_dagrun for latest_only to 2024-03-20T21:10:34.959103+00:00, run_after=2024-03-21T01:10:34.959103+00:00
[2024-03-20T22:10:34.976-0300] {processor.py:175} INFO - Processing /home/carlosfalcone/.local/lib/python3.7/site-packages/airflow/example_dags/example_latest_only.py took 0.053 seconds
[2024-03-20T22:11:14.804-0300] {processor.py:153} INFO - Started process (PID=708) to work on /home/carlosfalcone/.local/lib/python3.7/site-packages/airflow/example_dags/example_latest_only.py
[2024-03-20T22:11:14.805-0300] {processor.py:743} INFO - Processing file /home/carlosfalcone/.local/lib/python3.7/site-packages/airflow/example_dags/example_latest_only.py for tasks to queue
[2024-03-20T22:11:14.806-0300] {logging_mixin.py:137} INFO - [2024-03-20T22:11:14.806-0300] {dagbag.py:532} INFO - Filling up the DagBag from /home/carlosfalcone/.local/lib/python3.7/site-packages/airflow/example_dags/example_latest_only.py
[2024-03-20T22:11:14.813-0300] {processor.py:753} INFO - DAG(s) dict_keys(['latest_only']) retrieved from /home/carlosfalcone/.local/lib/python3.7/site-packages/airflow/example_dags/example_latest_only.py
[2024-03-20T22:11:14.825-0300] {logging_mixin.py:137} INFO - [2024-03-20T22:11:14.824-0300] {dag.py:2705} INFO - Sync 1 DAGs
[2024-03-20T22:11:14.839-0300] {logging_mixin.py:137} INFO - [2024-03-20T22:11:14.839-0300] {dag.py:3456} INFO - Setting next_dagrun for latest_only to 2024-03-20T21:11:14.839198+00:00, run_after=2024-03-21T01:11:14.839198+00:00
[2024-03-20T22:11:14.854-0300] {processor.py:175} INFO - Processing /home/carlosfalcone/.local/lib/python3.7/site-packages/airflow/example_dags/example_latest_only.py took 0.051 seconds
[2024-03-20T22:11:59.892-0300] {processor.py:153} INFO - Started process (PID=814) to work on /home/carlosfalcone/.local/lib/python3.7/site-packages/airflow/example_dags/example_latest_only.py
[2024-03-20T22:11:59.893-0300] {processor.py:743} INFO - Processing file /home/carlosfalcone/.local/lib/python3.7/site-packages/airflow/example_dags/example_latest_only.py for tasks to queue
[2024-03-20T22:11:59.893-0300] {logging_mixin.py:137} INFO - [2024-03-20T22:11:59.893-0300] {dagbag.py:532} INFO - Filling up the DagBag from /home/carlosfalcone/.local/lib/python3.7/site-packages/airflow/example_dags/example_latest_only.py
[2024-03-20T22:11:59.901-0300] {processor.py:753} INFO - DAG(s) dict_keys(['latest_only']) retrieved from /home/carlosfalcone/.local/lib/python3.7/site-packages/airflow/example_dags/example_latest_only.py
[2024-03-20T22:11:59.911-0300] {logging_mixin.py:137} INFO - [2024-03-20T22:11:59.911-0300] {dag.py:2705} INFO - Sync 1 DAGs
[2024-03-20T22:11:59.925-0300] {logging_mixin.py:137} INFO - [2024-03-20T22:11:59.925-0300] {dag.py:3456} INFO - Setting next_dagrun for latest_only to 2024-03-20T21:11:59.925600+00:00, run_after=2024-03-21T01:11:59.925600+00:00
[2024-03-20T22:11:59.940-0300] {processor.py:175} INFO - Processing /home/carlosfalcone/.local/lib/python3.7/site-packages/airflow/example_dags/example_latest_only.py took 0.050 seconds
[2024-03-20T22:12:37.942-0300] {processor.py:153} INFO - Started process (PID=913) to work on /home/carlosfalcone/.local/lib/python3.7/site-packages/airflow/example_dags/example_latest_only.py
[2024-03-20T22:12:37.943-0300] {processor.py:743} INFO - Processing file /home/carlosfalcone/.local/lib/python3.7/site-packages/airflow/example_dags/example_latest_only.py for tasks to queue
[2024-03-20T22:12:37.944-0300] {logging_mixin.py:137} INFO - [2024-03-20T22:12:37.944-0300] {dagbag.py:532} INFO - Filling up the DagBag from /home/carlosfalcone/.local/lib/python3.7/site-packages/airflow/example_dags/example_latest_only.py
[2024-03-20T22:12:37.951-0300] {processor.py:753} INFO - DAG(s) dict_keys(['latest_only']) retrieved from /home/carlosfalcone/.local/lib/python3.7/site-packages/airflow/example_dags/example_latest_only.py
[2024-03-20T22:12:37.963-0300] {logging_mixin.py:137} INFO - [2024-03-20T22:12:37.963-0300] {dag.py:2705} INFO - Sync 1 DAGs
[2024-03-20T22:12:37.976-0300] {logging_mixin.py:137} INFO - [2024-03-20T22:12:37.976-0300] {dag.py:3456} INFO - Setting next_dagrun for latest_only to 2024-03-20T21:12:37.976659+00:00, run_after=2024-03-21T01:12:37.976659+00:00
[2024-03-20T22:12:37.993-0300] {processor.py:175} INFO - Processing /home/carlosfalcone/.local/lib/python3.7/site-packages/airflow/example_dags/example_latest_only.py took 0.052 seconds
[2024-03-20T22:13:22.201-0300] {processor.py:153} INFO - Started process (PID=1021) to work on /home/carlosfalcone/.local/lib/python3.7/site-packages/airflow/example_dags/example_latest_only.py
[2024-03-20T22:13:22.202-0300] {processor.py:743} INFO - Processing file /home/carlosfalcone/.local/lib/python3.7/site-packages/airflow/example_dags/example_latest_only.py for tasks to queue
[2024-03-20T22:13:22.202-0300] {logging_mixin.py:137} INFO - [2024-03-20T22:13:22.202-0300] {dagbag.py:532} INFO - Filling up the DagBag from /home/carlosfalcone/.local/lib/python3.7/site-packages/airflow/example_dags/example_latest_only.py
[2024-03-20T22:13:22.210-0300] {processor.py:753} INFO - DAG(s) dict_keys(['latest_only']) retrieved from /home/carlosfalcone/.local/lib/python3.7/site-packages/airflow/example_dags/example_latest_only.py
[2024-03-20T22:13:22.221-0300] {logging_mixin.py:137} INFO - [2024-03-20T22:13:22.221-0300] {dag.py:2705} INFO - Sync 1 DAGs
[2024-03-20T22:13:22.235-0300] {logging_mixin.py:137} INFO - [2024-03-20T22:13:22.235-0300] {dag.py:3456} INFO - Setting next_dagrun for latest_only to 2024-03-20T21:13:22.234883+00:00, run_after=2024-03-21T01:13:22.234883+00:00
[2024-03-20T22:13:22.251-0300] {processor.py:175} INFO - Processing /home/carlosfalcone/.local/lib/python3.7/site-packages/airflow/example_dags/example_latest_only.py took 0.052 seconds
[2024-03-20T22:14:02.239-0300] {processor.py:153} INFO - Started process (PID=1105) to work on /home/carlosfalcone/.local/lib/python3.7/site-packages/airflow/example_dags/example_latest_only.py
[2024-03-20T22:14:02.240-0300] {processor.py:743} INFO - Processing file /home/carlosfalcone/.local/lib/python3.7/site-packages/airflow/example_dags/example_latest_only.py for tasks to queue
[2024-03-20T22:14:02.240-0300] {logging_mixin.py:137} INFO - [2024-03-20T22:14:02.240-0300] {dagbag.py:532} INFO - Filling up the DagBag from /home/carlosfalcone/.local/lib/python3.7/site-packages/airflow/example_dags/example_latest_only.py
[2024-03-20T22:14:02.248-0300] {processor.py:753} INFO - DAG(s) dict_keys(['latest_only']) retrieved from /home/carlosfalcone/.local/lib/python3.7/site-packages/airflow/example_dags/example_latest_only.py
[2024-03-20T22:14:02.259-0300] {logging_mixin.py:137} INFO - [2024-03-20T22:14:02.259-0300] {dag.py:2705} INFO - Sync 1 DAGs
[2024-03-20T22:14:02.273-0300] {logging_mixin.py:137} INFO - [2024-03-20T22:14:02.273-0300] {dag.py:3456} INFO - Setting next_dagrun for latest_only to 2024-03-20T21:14:02.273035+00:00, run_after=2024-03-21T01:14:02.273035+00:00
[2024-03-20T22:14:02.290-0300] {processor.py:175} INFO - Processing /home/carlosfalcone/.local/lib/python3.7/site-packages/airflow/example_dags/example_latest_only.py took 0.053 seconds
[2024-03-20T22:14:38.811-0300] {processor.py:153} INFO - Started process (PID=1144) to work on /home/carlosfalcone/.local/lib/python3.7/site-packages/airflow/example_dags/example_latest_only.py
[2024-03-20T22:14:38.812-0300] {processor.py:743} INFO - Processing file /home/carlosfalcone/.local/lib/python3.7/site-packages/airflow/example_dags/example_latest_only.py for tasks to queue
[2024-03-20T22:14:38.812-0300] {logging_mixin.py:137} INFO - [2024-03-20T22:14:38.812-0300] {dagbag.py:532} INFO - Filling up the DagBag from /home/carlosfalcone/.local/lib/python3.7/site-packages/airflow/example_dags/example_latest_only.py
[2024-03-20T22:14:38.820-0300] {processor.py:753} INFO - DAG(s) dict_keys(['latest_only']) retrieved from /home/carlosfalcone/.local/lib/python3.7/site-packages/airflow/example_dags/example_latest_only.py
[2024-03-20T22:14:38.830-0300] {logging_mixin.py:137} INFO - [2024-03-20T22:14:38.830-0300] {dag.py:2705} INFO - Sync 1 DAGs
[2024-03-20T22:14:38.844-0300] {logging_mixin.py:137} INFO - [2024-03-20T22:14:38.844-0300] {dag.py:3456} INFO - Setting next_dagrun for latest_only to 2024-03-20T21:14:38.844669+00:00, run_after=2024-03-21T01:14:38.844669+00:00
[2024-03-20T22:14:38.860-0300] {processor.py:175} INFO - Processing /home/carlosfalcone/.local/lib/python3.7/site-packages/airflow/example_dags/example_latest_only.py took 0.051 seconds
[2024-03-20T22:15:21.133-0300] {processor.py:153} INFO - Started process (PID=1247) to work on /home/carlosfalcone/.local/lib/python3.7/site-packages/airflow/example_dags/example_latest_only.py
[2024-03-20T22:15:21.134-0300] {processor.py:743} INFO - Processing file /home/carlosfalcone/.local/lib/python3.7/site-packages/airflow/example_dags/example_latest_only.py for tasks to queue
[2024-03-20T22:15:21.134-0300] {logging_mixin.py:137} INFO - [2024-03-20T22:15:21.134-0300] {dagbag.py:532} INFO - Filling up the DagBag from /home/carlosfalcone/.local/lib/python3.7/site-packages/airflow/example_dags/example_latest_only.py
[2024-03-20T22:15:21.141-0300] {processor.py:753} INFO - DAG(s) dict_keys(['latest_only']) retrieved from /home/carlosfalcone/.local/lib/python3.7/site-packages/airflow/example_dags/example_latest_only.py
[2024-03-20T22:15:21.152-0300] {logging_mixin.py:137} INFO - [2024-03-20T22:15:21.152-0300] {dag.py:2705} INFO - Sync 1 DAGs
[2024-03-20T22:15:21.166-0300] {logging_mixin.py:137} INFO - [2024-03-20T22:15:21.166-0300] {dag.py:3456} INFO - Setting next_dagrun for latest_only to 2024-03-20T21:15:21.166512+00:00, run_after=2024-03-21T01:15:21.166512+00:00
[2024-03-20T22:15:21.181-0300] {processor.py:175} INFO - Processing /home/carlosfalcone/.local/lib/python3.7/site-packages/airflow/example_dags/example_latest_only.py took 0.050 seconds
[2024-03-20T22:15:58.109-0300] {processor.py:153} INFO - Started process (PID=1343) to work on /home/carlosfalcone/.local/lib/python3.7/site-packages/airflow/example_dags/example_latest_only.py
[2024-03-20T22:15:58.110-0300] {processor.py:743} INFO - Processing file /home/carlosfalcone/.local/lib/python3.7/site-packages/airflow/example_dags/example_latest_only.py for tasks to queue
[2024-03-20T22:15:58.110-0300] {logging_mixin.py:137} INFO - [2024-03-20T22:15:58.110-0300] {dagbag.py:532} INFO - Filling up the DagBag from /home/carlosfalcone/.local/lib/python3.7/site-packages/airflow/example_dags/example_latest_only.py
[2024-03-20T22:15:58.118-0300] {processor.py:753} INFO - DAG(s) dict_keys(['latest_only']) retrieved from /home/carlosfalcone/.local/lib/python3.7/site-packages/airflow/example_dags/example_latest_only.py
[2024-03-20T22:15:58.129-0300] {logging_mixin.py:137} INFO - [2024-03-20T22:15:58.129-0300] {dag.py:2705} INFO - Sync 1 DAGs
[2024-03-20T22:15:58.144-0300] {logging_mixin.py:137} INFO - [2024-03-20T22:15:58.144-0300] {dag.py:3456} INFO - Setting next_dagrun for latest_only to 2024-03-20T21:15:58.143868+00:00, run_after=2024-03-21T01:15:58.143868+00:00
[2024-03-20T22:15:58.159-0300] {processor.py:175} INFO - Processing /home/carlosfalcone/.local/lib/python3.7/site-packages/airflow/example_dags/example_latest_only.py took 0.051 seconds
[2024-03-20T22:16:43.168-0300] {processor.py:153} INFO - Started process (PID=1466) to work on /home/carlosfalcone/.local/lib/python3.7/site-packages/airflow/example_dags/example_latest_only.py
[2024-03-20T22:16:43.169-0300] {processor.py:743} INFO - Processing file /home/carlosfalcone/.local/lib/python3.7/site-packages/airflow/example_dags/example_latest_only.py for tasks to queue
[2024-03-20T22:16:43.170-0300] {logging_mixin.py:137} INFO - [2024-03-20T22:16:43.170-0300] {dagbag.py:532} INFO - Filling up the DagBag from /home/carlosfalcone/.local/lib/python3.7/site-packages/airflow/example_dags/example_latest_only.py
[2024-03-20T22:16:43.177-0300] {processor.py:753} INFO - DAG(s) dict_keys(['latest_only']) retrieved from /home/carlosfalcone/.local/lib/python3.7/site-packages/airflow/example_dags/example_latest_only.py
[2024-03-20T22:16:43.188-0300] {logging_mixin.py:137} INFO - [2024-03-20T22:16:43.188-0300] {dag.py:2705} INFO - Sync 1 DAGs
[2024-03-20T22:16:43.202-0300] {logging_mixin.py:137} INFO - [2024-03-20T22:16:43.202-0300] {dag.py:3456} INFO - Setting next_dagrun for latest_only to 2024-03-20T21:16:43.202212+00:00, run_after=2024-03-21T01:16:43.202212+00:00
[2024-03-20T22:16:43.217-0300] {processor.py:175} INFO - Processing /home/carlosfalcone/.local/lib/python3.7/site-packages/airflow/example_dags/example_latest_only.py took 0.051 seconds
[2024-03-20T22:17:20.161-0300] {processor.py:153} INFO - Started process (PID=1557) to work on /home/carlosfalcone/.local/lib/python3.7/site-packages/airflow/example_dags/example_latest_only.py
[2024-03-20T22:17:20.162-0300] {processor.py:743} INFO - Processing file /home/carlosfalcone/.local/lib/python3.7/site-packages/airflow/example_dags/example_latest_only.py for tasks to queue
[2024-03-20T22:17:20.163-0300] {logging_mixin.py:137} INFO - [2024-03-20T22:17:20.163-0300] {dagbag.py:532} INFO - Filling up the DagBag from /home/carlosfalcone/.local/lib/python3.7/site-packages/airflow/example_dags/example_latest_only.py
[2024-03-20T22:17:20.170-0300] {processor.py:753} INFO - DAG(s) dict_keys(['latest_only']) retrieved from /home/carlosfalcone/.local/lib/python3.7/site-packages/airflow/example_dags/example_latest_only.py
[2024-03-20T22:17:20.181-0300] {logging_mixin.py:137} INFO - [2024-03-20T22:17:20.181-0300] {dag.py:2705} INFO - Sync 1 DAGs
[2024-03-20T22:17:20.194-0300] {logging_mixin.py:137} INFO - [2024-03-20T22:17:20.194-0300] {dag.py:3456} INFO - Setting next_dagrun for latest_only to 2024-03-20T21:17:20.194599+00:00, run_after=2024-03-21T01:17:20.194599+00:00
[2024-03-20T22:17:20.210-0300] {processor.py:175} INFO - Processing /home/carlosfalcone/.local/lib/python3.7/site-packages/airflow/example_dags/example_latest_only.py took 0.050 seconds
[2024-03-20T22:17:56.716-0300] {processor.py:153} INFO - Started process (PID=1652) to work on /home/carlosfalcone/.local/lib/python3.7/site-packages/airflow/example_dags/example_latest_only.py
[2024-03-20T22:17:56.717-0300] {processor.py:743} INFO - Processing file /home/carlosfalcone/.local/lib/python3.7/site-packages/airflow/example_dags/example_latest_only.py for tasks to queue
[2024-03-20T22:17:56.717-0300] {logging_mixin.py:137} INFO - [2024-03-20T22:17:56.717-0300] {dagbag.py:532} INFO - Filling up the DagBag from /home/carlosfalcone/.local/lib/python3.7/site-packages/airflow/example_dags/example_latest_only.py
[2024-03-20T22:17:56.727-0300] {processor.py:753} INFO - DAG(s) dict_keys(['latest_only']) retrieved from /home/carlosfalcone/.local/lib/python3.7/site-packages/airflow/example_dags/example_latest_only.py
[2024-03-20T22:17:56.739-0300] {logging_mixin.py:137} INFO - [2024-03-20T22:17:56.739-0300] {dag.py:2705} INFO - Sync 1 DAGs
[2024-03-20T22:17:56.753-0300] {logging_mixin.py:137} INFO - [2024-03-20T22:17:56.753-0300] {dag.py:3456} INFO - Setting next_dagrun for latest_only to 2024-03-20T21:17:56.753503+00:00, run_after=2024-03-21T01:17:56.753503+00:00
[2024-03-20T22:17:56.769-0300] {processor.py:175} INFO - Processing /home/carlosfalcone/.local/lib/python3.7/site-packages/airflow/example_dags/example_latest_only.py took 0.055 seconds
[2024-03-21T11:23:44.515-0300] {processor.py:153} INFO - Started process (PID=105) to work on /home/carlosfalcone/.local/lib/python3.7/site-packages/airflow/example_dags/example_latest_only.py
[2024-03-21T11:23:44.516-0300] {processor.py:743} INFO - Processing file /home/carlosfalcone/.local/lib/python3.7/site-packages/airflow/example_dags/example_latest_only.py for tasks to queue
[2024-03-21T11:23:44.516-0300] {logging_mixin.py:137} INFO - [2024-03-21T11:23:44.516-0300] {dagbag.py:532} INFO - Filling up the DagBag from /home/carlosfalcone/.local/lib/python3.7/site-packages/airflow/example_dags/example_latest_only.py
[2024-03-21T11:23:44.524-0300] {processor.py:753} INFO - DAG(s) dict_keys(['latest_only']) retrieved from /home/carlosfalcone/.local/lib/python3.7/site-packages/airflow/example_dags/example_latest_only.py
[2024-03-21T11:23:44.536-0300] {logging_mixin.py:137} INFO - [2024-03-21T11:23:44.536-0300] {dag.py:2705} INFO - Sync 1 DAGs
[2024-03-21T11:23:44.550-0300] {logging_mixin.py:137} INFO - [2024-03-21T11:23:44.550-0300] {dag.py:3456} INFO - Setting next_dagrun for latest_only to 2024-03-21T10:23:44.549919+00:00, run_after=2024-03-21T14:23:44.549919+00:00
[2024-03-21T11:23:44.565-0300] {processor.py:175} INFO - Processing /home/carlosfalcone/.local/lib/python3.7/site-packages/airflow/example_dags/example_latest_only.py took 0.052 seconds
[2024-03-21T11:24:23.348-0300] {processor.py:153} INFO - Started process (PID=327) to work on /home/carlosfalcone/.local/lib/python3.7/site-packages/airflow/example_dags/example_latest_only.py
[2024-03-21T11:24:23.349-0300] {processor.py:743} INFO - Processing file /home/carlosfalcone/.local/lib/python3.7/site-packages/airflow/example_dags/example_latest_only.py for tasks to queue
[2024-03-21T11:24:23.350-0300] {logging_mixin.py:137} INFO - [2024-03-21T11:24:23.350-0300] {dagbag.py:532} INFO - Filling up the DagBag from /home/carlosfalcone/.local/lib/python3.7/site-packages/airflow/example_dags/example_latest_only.py
[2024-03-21T11:24:23.358-0300] {processor.py:753} INFO - DAG(s) dict_keys(['latest_only']) retrieved from /home/carlosfalcone/.local/lib/python3.7/site-packages/airflow/example_dags/example_latest_only.py
[2024-03-21T11:24:23.370-0300] {logging_mixin.py:137} INFO - [2024-03-21T11:24:23.370-0300] {dag.py:2705} INFO - Sync 1 DAGs
[2024-03-21T11:24:23.384-0300] {logging_mixin.py:137} INFO - [2024-03-21T11:24:23.384-0300] {dag.py:3456} INFO - Setting next_dagrun for latest_only to 2024-03-21T10:24:23.384188+00:00, run_after=2024-03-21T14:24:23.384188+00:00
[2024-03-21T11:24:23.399-0300] {processor.py:175} INFO - Processing /home/carlosfalcone/.local/lib/python3.7/site-packages/airflow/example_dags/example_latest_only.py took 0.053 seconds
[2024-03-21T11:25:03.312-0300] {processor.py:153} INFO - Started process (PID=426) to work on /home/carlosfalcone/.local/lib/python3.7/site-packages/airflow/example_dags/example_latest_only.py
[2024-03-21T11:25:03.313-0300] {processor.py:743} INFO - Processing file /home/carlosfalcone/.local/lib/python3.7/site-packages/airflow/example_dags/example_latest_only.py for tasks to queue
[2024-03-21T11:25:03.313-0300] {logging_mixin.py:137} INFO - [2024-03-21T11:25:03.313-0300] {dagbag.py:532} INFO - Filling up the DagBag from /home/carlosfalcone/.local/lib/python3.7/site-packages/airflow/example_dags/example_latest_only.py
[2024-03-21T11:25:03.321-0300] {processor.py:753} INFO - DAG(s) dict_keys(['latest_only']) retrieved from /home/carlosfalcone/.local/lib/python3.7/site-packages/airflow/example_dags/example_latest_only.py
[2024-03-21T11:25:03.333-0300] {logging_mixin.py:137} INFO - [2024-03-21T11:25:03.333-0300] {dag.py:2705} INFO - Sync 1 DAGs
[2024-03-21T11:25:03.350-0300] {logging_mixin.py:137} INFO - [2024-03-21T11:25:03.350-0300] {dag.py:3456} INFO - Setting next_dagrun for latest_only to 2024-03-21T10:25:03.349854+00:00, run_after=2024-03-21T14:25:03.349854+00:00
[2024-03-21T11:25:03.365-0300] {processor.py:175} INFO - Processing /home/carlosfalcone/.local/lib/python3.7/site-packages/airflow/example_dags/example_latest_only.py took 0.054 seconds
