[2024-03-20T22:09:08.571-0300] {processor.py:153} INFO - Started process (PID=302) to work on /home/carlosfalcone/.local/lib/python3.7/site-packages/airflow/example_dags/example_short_circuit_decorator.py
[2024-03-20T22:09:08.572-0300] {processor.py:743} INFO - Processing file /home/carlosfalcone/.local/lib/python3.7/site-packages/airflow/example_dags/example_short_circuit_decorator.py for tasks to queue
[2024-03-20T22:09:08.572-0300] {logging_mixin.py:137} INFO - [2024-03-20T22:09:08.572-0300] {dagbag.py:532} INFO - Filling up the DagBag from /home/carlosfalcone/.local/lib/python3.7/site-packages/airflow/example_dags/example_short_circuit_decorator.py
[2024-03-20T22:09:08.588-0300] {processor.py:753} INFO - DAG(s) dict_keys(['example_short_circuit_decorator']) retrieved from /home/carlosfalcone/.local/lib/python3.7/site-packages/airflow/example_dags/example_short_circuit_decorator.py
[2024-03-20T22:09:08.658-0300] {logging_mixin.py:137} INFO - [2024-03-20T22:09:08.658-0300] {manager.py:504} INFO - Created Permission View: can delete on DAG:example_short_circuit_decorator
[2024-03-20T22:09:08.666-0300] {logging_mixin.py:137} INFO - [2024-03-20T22:09:08.666-0300] {manager.py:504} INFO - Created Permission View: can read on DAG:example_short_circuit_decorator
[2024-03-20T22:09:08.673-0300] {logging_mixin.py:137} INFO - [2024-03-20T22:09:08.673-0300] {manager.py:504} INFO - Created Permission View: can edit on DAG:example_short_circuit_decorator
[2024-03-20T22:09:08.673-0300] {logging_mixin.py:137} INFO - [2024-03-20T22:09:08.673-0300] {dag.py:2705} INFO - Sync 1 DAGs
[2024-03-20T22:09:08.681-0300] {logging_mixin.py:137} INFO - [2024-03-20T22:09:08.681-0300] {dag.py:2726} INFO - Creating ORM DAG for example_short_circuit_decorator
[2024-03-20T22:09:08.687-0300] {logging_mixin.py:137} INFO - [2024-03-20T22:09:08.687-0300] {dag.py:3456} INFO - Setting next_dagrun for example_short_circuit_decorator to 2024-03-20T01:09:08.687146+00:00, run_after=2024-03-21T01:09:08.687146+00:00
[2024-03-20T22:09:08.703-0300] {processor.py:175} INFO - Processing /home/carlosfalcone/.local/lib/python3.7/site-packages/airflow/example_dags/example_short_circuit_decorator.py took 0.133 seconds
[2024-03-20T22:09:51.473-0300] {processor.py:153} INFO - Started process (PID=348) to work on /home/carlosfalcone/.local/lib/python3.7/site-packages/airflow/example_dags/example_short_circuit_decorator.py
[2024-03-20T22:09:51.474-0300] {processor.py:743} INFO - Processing file /home/carlosfalcone/.local/lib/python3.7/site-packages/airflow/example_dags/example_short_circuit_decorator.py for tasks to queue
[2024-03-20T22:09:51.475-0300] {logging_mixin.py:137} INFO - [2024-03-20T22:09:51.474-0300] {dagbag.py:532} INFO - Filling up the DagBag from /home/carlosfalcone/.local/lib/python3.7/site-packages/airflow/example_dags/example_short_circuit_decorator.py
[2024-03-20T22:09:51.492-0300] {processor.py:753} INFO - DAG(s) dict_keys(['example_short_circuit_decorator']) retrieved from /home/carlosfalcone/.local/lib/python3.7/site-packages/airflow/example_dags/example_short_circuit_decorator.py
[2024-03-20T22:09:51.507-0300] {logging_mixin.py:137} INFO - [2024-03-20T22:09:51.507-0300] {dag.py:2705} INFO - Sync 1 DAGs
[2024-03-20T22:09:51.523-0300] {logging_mixin.py:137} INFO - [2024-03-20T22:09:51.523-0300] {dag.py:3456} INFO - Setting next_dagrun for example_short_circuit_decorator to 2024-03-20T01:09:51.522871+00:00, run_after=2024-03-21T01:09:51.522871+00:00
[2024-03-20T22:09:51.539-0300] {processor.py:175} INFO - Processing /home/carlosfalcone/.local/lib/python3.7/site-packages/airflow/example_dags/example_short_circuit_decorator.py took 0.068 seconds
[2024-03-20T22:10:31.865-0300] {processor.py:153} INFO - Started process (PID=600) to work on /home/carlosfalcone/.local/lib/python3.7/site-packages/airflow/example_dags/example_short_circuit_decorator.py
[2024-03-20T22:10:31.866-0300] {processor.py:743} INFO - Processing file /home/carlosfalcone/.local/lib/python3.7/site-packages/airflow/example_dags/example_short_circuit_decorator.py for tasks to queue
[2024-03-20T22:10:31.867-0300] {logging_mixin.py:137} INFO - [2024-03-20T22:10:31.867-0300] {dagbag.py:532} INFO - Filling up the DagBag from /home/carlosfalcone/.local/lib/python3.7/site-packages/airflow/example_dags/example_short_circuit_decorator.py
[2024-03-20T22:10:31.881-0300] {processor.py:753} INFO - DAG(s) dict_keys(['example_short_circuit_decorator']) retrieved from /home/carlosfalcone/.local/lib/python3.7/site-packages/airflow/example_dags/example_short_circuit_decorator.py
[2024-03-20T22:10:31.894-0300] {logging_mixin.py:137} INFO - [2024-03-20T22:10:31.894-0300] {dag.py:2705} INFO - Sync 1 DAGs
[2024-03-20T22:10:31.908-0300] {logging_mixin.py:137} INFO - [2024-03-20T22:10:31.908-0300] {dag.py:3456} INFO - Setting next_dagrun for example_short_circuit_decorator to 2024-03-20T01:10:31.908069+00:00, run_after=2024-03-21T01:10:31.908069+00:00
[2024-03-20T22:10:31.923-0300] {processor.py:175} INFO - Processing /home/carlosfalcone/.local/lib/python3.7/site-packages/airflow/example_dags/example_short_circuit_decorator.py took 0.059 seconds
[2024-03-20T22:11:12.254-0300] {processor.py:153} INFO - Started process (PID=702) to work on /home/carlosfalcone/.local/lib/python3.7/site-packages/airflow/example_dags/example_short_circuit_decorator.py
[2024-03-20T22:11:12.254-0300] {processor.py:743} INFO - Processing file /home/carlosfalcone/.local/lib/python3.7/site-packages/airflow/example_dags/example_short_circuit_decorator.py for tasks to queue
[2024-03-20T22:11:12.255-0300] {logging_mixin.py:137} INFO - [2024-03-20T22:11:12.255-0300] {dagbag.py:532} INFO - Filling up the DagBag from /home/carlosfalcone/.local/lib/python3.7/site-packages/airflow/example_dags/example_short_circuit_decorator.py
[2024-03-20T22:11:12.269-0300] {processor.py:753} INFO - DAG(s) dict_keys(['example_short_circuit_decorator']) retrieved from /home/carlosfalcone/.local/lib/python3.7/site-packages/airflow/example_dags/example_short_circuit_decorator.py
[2024-03-20T22:11:12.282-0300] {logging_mixin.py:137} INFO - [2024-03-20T22:11:12.282-0300] {dag.py:2705} INFO - Sync 1 DAGs
[2024-03-20T22:11:12.296-0300] {logging_mixin.py:137} INFO - [2024-03-20T22:11:12.296-0300] {dag.py:3456} INFO - Setting next_dagrun for example_short_circuit_decorator to 2024-03-20T01:11:12.296595+00:00, run_after=2024-03-21T01:11:12.296595+00:00
[2024-03-20T22:11:12.314-0300] {processor.py:175} INFO - Processing /home/carlosfalcone/.local/lib/python3.7/site-packages/airflow/example_dags/example_short_circuit_decorator.py took 0.062 seconds
[2024-03-20T22:11:51.027-0300] {processor.py:153} INFO - Started process (PID=790) to work on /home/carlosfalcone/.local/lib/python3.7/site-packages/airflow/example_dags/example_short_circuit_decorator.py
[2024-03-20T22:11:51.028-0300] {processor.py:743} INFO - Processing file /home/carlosfalcone/.local/lib/python3.7/site-packages/airflow/example_dags/example_short_circuit_decorator.py for tasks to queue
[2024-03-20T22:11:51.028-0300] {logging_mixin.py:137} INFO - [2024-03-20T22:11:51.028-0300] {dagbag.py:532} INFO - Filling up the DagBag from /home/carlosfalcone/.local/lib/python3.7/site-packages/airflow/example_dags/example_short_circuit_decorator.py
[2024-03-20T22:11:51.043-0300] {processor.py:753} INFO - DAG(s) dict_keys(['example_short_circuit_decorator']) retrieved from /home/carlosfalcone/.local/lib/python3.7/site-packages/airflow/example_dags/example_short_circuit_decorator.py
[2024-03-20T22:11:51.056-0300] {logging_mixin.py:137} INFO - [2024-03-20T22:11:51.056-0300] {dag.py:2705} INFO - Sync 1 DAGs
[2024-03-20T22:11:51.070-0300] {logging_mixin.py:137} INFO - [2024-03-20T22:11:51.070-0300] {dag.py:3456} INFO - Setting next_dagrun for example_short_circuit_decorator to 2024-03-20T01:11:51.070406+00:00, run_after=2024-03-21T01:11:51.070406+00:00
[2024-03-20T22:11:51.086-0300] {processor.py:175} INFO - Processing /home/carlosfalcone/.local/lib/python3.7/site-packages/airflow/example_dags/example_short_circuit_decorator.py took 0.060 seconds
[2024-03-20T22:12:30.620-0300] {processor.py:153} INFO - Started process (PID=893) to work on /home/carlosfalcone/.local/lib/python3.7/site-packages/airflow/example_dags/example_short_circuit_decorator.py
[2024-03-20T22:12:30.621-0300] {processor.py:743} INFO - Processing file /home/carlosfalcone/.local/lib/python3.7/site-packages/airflow/example_dags/example_short_circuit_decorator.py for tasks to queue
[2024-03-20T22:12:30.621-0300] {logging_mixin.py:137} INFO - [2024-03-20T22:12:30.621-0300] {dagbag.py:532} INFO - Filling up the DagBag from /home/carlosfalcone/.local/lib/python3.7/site-packages/airflow/example_dags/example_short_circuit_decorator.py
[2024-03-20T22:12:30.636-0300] {processor.py:753} INFO - DAG(s) dict_keys(['example_short_circuit_decorator']) retrieved from /home/carlosfalcone/.local/lib/python3.7/site-packages/airflow/example_dags/example_short_circuit_decorator.py
[2024-03-20T22:12:30.648-0300] {logging_mixin.py:137} INFO - [2024-03-20T22:12:30.648-0300] {dag.py:2705} INFO - Sync 1 DAGs
[2024-03-20T22:12:30.662-0300] {logging_mixin.py:137} INFO - [2024-03-20T22:12:30.662-0300] {dag.py:3456} INFO - Setting next_dagrun for example_short_circuit_decorator to 2024-03-20T01:12:30.662330+00:00, run_after=2024-03-21T01:12:30.662330+00:00
[2024-03-20T22:12:30.679-0300] {processor.py:175} INFO - Processing /home/carlosfalcone/.local/lib/python3.7/site-packages/airflow/example_dags/example_short_circuit_decorator.py took 0.060 seconds
[2024-03-20T22:13:08.201-0300] {processor.py:153} INFO - Started process (PID=986) to work on /home/carlosfalcone/.local/lib/python3.7/site-packages/airflow/example_dags/example_short_circuit_decorator.py
[2024-03-20T22:13:08.203-0300] {processor.py:743} INFO - Processing file /home/carlosfalcone/.local/lib/python3.7/site-packages/airflow/example_dags/example_short_circuit_decorator.py for tasks to queue
[2024-03-20T22:13:08.203-0300] {logging_mixin.py:137} INFO - [2024-03-20T22:13:08.203-0300] {dagbag.py:532} INFO - Filling up the DagBag from /home/carlosfalcone/.local/lib/python3.7/site-packages/airflow/example_dags/example_short_circuit_decorator.py
[2024-03-20T22:13:08.217-0300] {processor.py:753} INFO - DAG(s) dict_keys(['example_short_circuit_decorator']) retrieved from /home/carlosfalcone/.local/lib/python3.7/site-packages/airflow/example_dags/example_short_circuit_decorator.py
[2024-03-20T22:13:08.230-0300] {logging_mixin.py:137} INFO - [2024-03-20T22:13:08.230-0300] {dag.py:2705} INFO - Sync 1 DAGs
[2024-03-20T22:13:08.244-0300] {logging_mixin.py:137} INFO - [2024-03-20T22:13:08.244-0300] {dag.py:3456} INFO - Setting next_dagrun for example_short_circuit_decorator to 2024-03-20T01:13:08.243967+00:00, run_after=2024-03-21T01:13:08.243967+00:00
[2024-03-20T22:13:08.262-0300] {processor.py:175} INFO - Processing /home/carlosfalcone/.local/lib/python3.7/site-packages/airflow/example_dags/example_short_circuit_decorator.py took 0.062 seconds
[2024-03-20T22:13:42.795-0300] {processor.py:153} INFO - Started process (PID=1077) to work on /home/carlosfalcone/.local/lib/python3.7/site-packages/airflow/example_dags/example_short_circuit_decorator.py
[2024-03-20T22:13:42.796-0300] {processor.py:743} INFO - Processing file /home/carlosfalcone/.local/lib/python3.7/site-packages/airflow/example_dags/example_short_circuit_decorator.py for tasks to queue
[2024-03-20T22:13:42.796-0300] {logging_mixin.py:137} INFO - [2024-03-20T22:13:42.796-0300] {dagbag.py:532} INFO - Filling up the DagBag from /home/carlosfalcone/.local/lib/python3.7/site-packages/airflow/example_dags/example_short_circuit_decorator.py
[2024-03-20T22:13:42.811-0300] {processor.py:753} INFO - DAG(s) dict_keys(['example_short_circuit_decorator']) retrieved from /home/carlosfalcone/.local/lib/python3.7/site-packages/airflow/example_dags/example_short_circuit_decorator.py
[2024-03-20T22:13:42.824-0300] {logging_mixin.py:137} INFO - [2024-03-20T22:13:42.824-0300] {dag.py:2705} INFO - Sync 1 DAGs
[2024-03-20T22:13:42.838-0300] {logging_mixin.py:137} INFO - [2024-03-20T22:13:42.838-0300] {dag.py:3456} INFO - Setting next_dagrun for example_short_circuit_decorator to 2024-03-20T01:13:42.837869+00:00, run_after=2024-03-21T01:13:42.837869+00:00
[2024-03-20T22:13:42.854-0300] {processor.py:175} INFO - Processing /home/carlosfalcone/.local/lib/python3.7/site-packages/airflow/example_dags/example_short_circuit_decorator.py took 0.060 seconds
[2024-03-20T22:14:20.530-0300] {processor.py:153} INFO - Started process (PID=1124) to work on /home/carlosfalcone/.local/lib/python3.7/site-packages/airflow/example_dags/example_short_circuit_decorator.py
[2024-03-20T22:14:20.531-0300] {processor.py:743} INFO - Processing file /home/carlosfalcone/.local/lib/python3.7/site-packages/airflow/example_dags/example_short_circuit_decorator.py for tasks to queue
[2024-03-20T22:14:20.531-0300] {logging_mixin.py:137} INFO - [2024-03-20T22:14:20.531-0300] {dagbag.py:532} INFO - Filling up the DagBag from /home/carlosfalcone/.local/lib/python3.7/site-packages/airflow/example_dags/example_short_circuit_decorator.py
[2024-03-20T22:14:20.546-0300] {processor.py:753} INFO - DAG(s) dict_keys(['example_short_circuit_decorator']) retrieved from /home/carlosfalcone/.local/lib/python3.7/site-packages/airflow/example_dags/example_short_circuit_decorator.py
[2024-03-20T22:14:20.558-0300] {logging_mixin.py:137} INFO - [2024-03-20T22:14:20.558-0300] {dag.py:2705} INFO - Sync 1 DAGs
[2024-03-20T22:14:20.573-0300] {logging_mixin.py:137} INFO - [2024-03-20T22:14:20.573-0300] {dag.py:3456} INFO - Setting next_dagrun for example_short_circuit_decorator to 2024-03-20T01:14:20.573427+00:00, run_after=2024-03-21T01:14:20.573427+00:00
[2024-03-20T22:14:20.589-0300] {processor.py:175} INFO - Processing /home/carlosfalcone/.local/lib/python3.7/site-packages/airflow/example_dags/example_short_circuit_decorator.py took 0.061 seconds
[2024-03-20T22:14:59.354-0300] {processor.py:153} INFO - Started process (PID=1193) to work on /home/carlosfalcone/.local/lib/python3.7/site-packages/airflow/example_dags/example_short_circuit_decorator.py
[2024-03-20T22:14:59.355-0300] {processor.py:743} INFO - Processing file /home/carlosfalcone/.local/lib/python3.7/site-packages/airflow/example_dags/example_short_circuit_decorator.py for tasks to queue
[2024-03-20T22:14:59.355-0300] {logging_mixin.py:137} INFO - [2024-03-20T22:14:59.355-0300] {dagbag.py:532} INFO - Filling up the DagBag from /home/carlosfalcone/.local/lib/python3.7/site-packages/airflow/example_dags/example_short_circuit_decorator.py
[2024-03-20T22:14:59.370-0300] {processor.py:753} INFO - DAG(s) dict_keys(['example_short_circuit_decorator']) retrieved from /home/carlosfalcone/.local/lib/python3.7/site-packages/airflow/example_dags/example_short_circuit_decorator.py
[2024-03-20T22:14:59.383-0300] {logging_mixin.py:137} INFO - [2024-03-20T22:14:59.383-0300] {dag.py:2705} INFO - Sync 1 DAGs
[2024-03-20T22:14:59.397-0300] {logging_mixin.py:137} INFO - [2024-03-20T22:14:59.397-0300] {dag.py:3456} INFO - Setting next_dagrun for example_short_circuit_decorator to 2024-03-20T01:14:59.396915+00:00, run_after=2024-03-21T01:14:59.396915+00:00
[2024-03-20T22:14:59.413-0300] {processor.py:175} INFO - Processing /home/carlosfalcone/.local/lib/python3.7/site-packages/airflow/example_dags/example_short_circuit_decorator.py took 0.061 seconds
[2024-03-20T22:15:45.566-0300] {processor.py:153} INFO - Started process (PID=1308) to work on /home/carlosfalcone/.local/lib/python3.7/site-packages/airflow/example_dags/example_short_circuit_decorator.py
[2024-03-20T22:15:45.567-0300] {processor.py:743} INFO - Processing file /home/carlosfalcone/.local/lib/python3.7/site-packages/airflow/example_dags/example_short_circuit_decorator.py for tasks to queue
[2024-03-20T22:15:45.568-0300] {logging_mixin.py:137} INFO - [2024-03-20T22:15:45.568-0300] {dagbag.py:532} INFO - Filling up the DagBag from /home/carlosfalcone/.local/lib/python3.7/site-packages/airflow/example_dags/example_short_circuit_decorator.py
[2024-03-20T22:15:45.582-0300] {processor.py:753} INFO - DAG(s) dict_keys(['example_short_circuit_decorator']) retrieved from /home/carlosfalcone/.local/lib/python3.7/site-packages/airflow/example_dags/example_short_circuit_decorator.py
[2024-03-20T22:15:45.595-0300] {logging_mixin.py:137} INFO - [2024-03-20T22:15:45.595-0300] {dag.py:2705} INFO - Sync 1 DAGs
[2024-03-20T22:15:45.610-0300] {logging_mixin.py:137} INFO - [2024-03-20T22:15:45.609-0300] {dag.py:3456} INFO - Setting next_dagrun for example_short_circuit_decorator to 2024-03-20T01:15:45.609797+00:00, run_after=2024-03-21T01:15:45.609797+00:00
[2024-03-20T22:15:45.624-0300] {processor.py:175} INFO - Processing /home/carlosfalcone/.local/lib/python3.7/site-packages/airflow/example_dags/example_short_circuit_decorator.py took 0.059 seconds
[2024-03-20T22:16:22.696-0300] {processor.py:153} INFO - Started process (PID=1411) to work on /home/carlosfalcone/.local/lib/python3.7/site-packages/airflow/example_dags/example_short_circuit_decorator.py
[2024-03-20T22:16:22.697-0300] {processor.py:743} INFO - Processing file /home/carlosfalcone/.local/lib/python3.7/site-packages/airflow/example_dags/example_short_circuit_decorator.py for tasks to queue
[2024-03-20T22:16:22.698-0300] {logging_mixin.py:137} INFO - [2024-03-20T22:16:22.698-0300] {dagbag.py:532} INFO - Filling up the DagBag from /home/carlosfalcone/.local/lib/python3.7/site-packages/airflow/example_dags/example_short_circuit_decorator.py
[2024-03-20T22:16:22.712-0300] {processor.py:753} INFO - DAG(s) dict_keys(['example_short_circuit_decorator']) retrieved from /home/carlosfalcone/.local/lib/python3.7/site-packages/airflow/example_dags/example_short_circuit_decorator.py
[2024-03-20T22:16:22.725-0300] {logging_mixin.py:137} INFO - [2024-03-20T22:16:22.725-0300] {dag.py:2705} INFO - Sync 1 DAGs
[2024-03-20T22:16:22.739-0300] {logging_mixin.py:137} INFO - [2024-03-20T22:16:22.739-0300] {dag.py:3456} INFO - Setting next_dagrun for example_short_circuit_decorator to 2024-03-20T01:16:22.739638+00:00, run_after=2024-03-21T01:16:22.739638+00:00
[2024-03-20T22:16:22.755-0300] {processor.py:175} INFO - Processing /home/carlosfalcone/.local/lib/python3.7/site-packages/airflow/example_dags/example_short_circuit_decorator.py took 0.060 seconds
[2024-03-20T22:17:06.641-0300] {processor.py:153} INFO - Started process (PID=1523) to work on /home/carlosfalcone/.local/lib/python3.7/site-packages/airflow/example_dags/example_short_circuit_decorator.py
[2024-03-20T22:17:06.642-0300] {processor.py:743} INFO - Processing file /home/carlosfalcone/.local/lib/python3.7/site-packages/airflow/example_dags/example_short_circuit_decorator.py for tasks to queue
[2024-03-20T22:17:06.643-0300] {logging_mixin.py:137} INFO - [2024-03-20T22:17:06.642-0300] {dagbag.py:532} INFO - Filling up the DagBag from /home/carlosfalcone/.local/lib/python3.7/site-packages/airflow/example_dags/example_short_circuit_decorator.py
[2024-03-20T22:17:06.657-0300] {processor.py:753} INFO - DAG(s) dict_keys(['example_short_circuit_decorator']) retrieved from /home/carlosfalcone/.local/lib/python3.7/site-packages/airflow/example_dags/example_short_circuit_decorator.py
[2024-03-20T22:17:06.669-0300] {logging_mixin.py:137} INFO - [2024-03-20T22:17:06.669-0300] {dag.py:2705} INFO - Sync 1 DAGs
[2024-03-20T22:17:06.683-0300] {logging_mixin.py:137} INFO - [2024-03-20T22:17:06.683-0300] {dag.py:3456} INFO - Setting next_dagrun for example_short_circuit_decorator to 2024-03-20T01:17:06.683110+00:00, run_after=2024-03-21T01:17:06.683110+00:00
[2024-03-20T22:17:06.701-0300] {processor.py:175} INFO - Processing /home/carlosfalcone/.local/lib/python3.7/site-packages/airflow/example_dags/example_short_circuit_decorator.py took 0.061 seconds
[2024-03-20T22:17:44.671-0300] {processor.py:153} INFO - Started process (PID=1618) to work on /home/carlosfalcone/.local/lib/python3.7/site-packages/airflow/example_dags/example_short_circuit_decorator.py
[2024-03-20T22:17:44.672-0300] {processor.py:743} INFO - Processing file /home/carlosfalcone/.local/lib/python3.7/site-packages/airflow/example_dags/example_short_circuit_decorator.py for tasks to queue
[2024-03-20T22:17:44.672-0300] {logging_mixin.py:137} INFO - [2024-03-20T22:17:44.672-0300] {dagbag.py:532} INFO - Filling up the DagBag from /home/carlosfalcone/.local/lib/python3.7/site-packages/airflow/example_dags/example_short_circuit_decorator.py
[2024-03-20T22:17:44.687-0300] {processor.py:753} INFO - DAG(s) dict_keys(['example_short_circuit_decorator']) retrieved from /home/carlosfalcone/.local/lib/python3.7/site-packages/airflow/example_dags/example_short_circuit_decorator.py
[2024-03-20T22:17:44.700-0300] {logging_mixin.py:137} INFO - [2024-03-20T22:17:44.700-0300] {dag.py:2705} INFO - Sync 1 DAGs
[2024-03-20T22:17:44.715-0300] {logging_mixin.py:137} INFO - [2024-03-20T22:17:44.714-0300] {dag.py:3456} INFO - Setting next_dagrun for example_short_circuit_decorator to 2024-03-20T01:17:44.714780+00:00, run_after=2024-03-21T01:17:44.714780+00:00
[2024-03-20T22:17:44.730-0300] {processor.py:175} INFO - Processing /home/carlosfalcone/.local/lib/python3.7/site-packages/airflow/example_dags/example_short_circuit_decorator.py took 0.060 seconds
[2024-03-21T11:23:41.133-0300] {processor.py:153} INFO - Started process (PID=102) to work on /home/carlosfalcone/.local/lib/python3.7/site-packages/airflow/example_dags/example_short_circuit_decorator.py
[2024-03-21T11:23:41.135-0300] {processor.py:743} INFO - Processing file /home/carlosfalcone/.local/lib/python3.7/site-packages/airflow/example_dags/example_short_circuit_decorator.py for tasks to queue
[2024-03-21T11:23:41.135-0300] {logging_mixin.py:137} INFO - [2024-03-21T11:23:41.135-0300] {dagbag.py:532} INFO - Filling up the DagBag from /home/carlosfalcone/.local/lib/python3.7/site-packages/airflow/example_dags/example_short_circuit_decorator.py
[2024-03-21T11:23:41.152-0300] {processor.py:753} INFO - DAG(s) dict_keys(['example_short_circuit_decorator']) retrieved from /home/carlosfalcone/.local/lib/python3.7/site-packages/airflow/example_dags/example_short_circuit_decorator.py
[2024-03-21T11:23:41.166-0300] {logging_mixin.py:137} INFO - [2024-03-21T11:23:41.166-0300] {dag.py:2705} INFO - Sync 1 DAGs
[2024-03-21T11:23:41.181-0300] {logging_mixin.py:137} INFO - [2024-03-21T11:23:41.181-0300] {dag.py:3456} INFO - Setting next_dagrun for example_short_circuit_decorator to 2024-03-20T14:23:41.181201+00:00, run_after=2024-03-21T14:23:41.181201+00:00
[2024-03-21T11:23:41.197-0300] {processor.py:175} INFO - Processing /home/carlosfalcone/.local/lib/python3.7/site-packages/airflow/example_dags/example_short_circuit_decorator.py took 0.065 seconds
[2024-03-21T11:24:20.467-0300] {processor.py:153} INFO - Started process (PID=318) to work on /home/carlosfalcone/.local/lib/python3.7/site-packages/airflow/example_dags/example_short_circuit_decorator.py
[2024-03-21T11:24:20.468-0300] {processor.py:743} INFO - Processing file /home/carlosfalcone/.local/lib/python3.7/site-packages/airflow/example_dags/example_short_circuit_decorator.py for tasks to queue
[2024-03-21T11:24:20.469-0300] {logging_mixin.py:137} INFO - [2024-03-21T11:24:20.469-0300] {dagbag.py:532} INFO - Filling up the DagBag from /home/carlosfalcone/.local/lib/python3.7/site-packages/airflow/example_dags/example_short_circuit_decorator.py
[2024-03-21T11:24:20.484-0300] {processor.py:753} INFO - DAG(s) dict_keys(['example_short_circuit_decorator']) retrieved from /home/carlosfalcone/.local/lib/python3.7/site-packages/airflow/example_dags/example_short_circuit_decorator.py
[2024-03-21T11:24:20.498-0300] {logging_mixin.py:137} INFO - [2024-03-21T11:24:20.497-0300] {dag.py:2705} INFO - Sync 1 DAGs
[2024-03-21T11:24:20.511-0300] {logging_mixin.py:137} INFO - [2024-03-21T11:24:20.511-0300] {dag.py:3456} INFO - Setting next_dagrun for example_short_circuit_decorator to 2024-03-20T14:24:20.511410+00:00, run_after=2024-03-21T14:24:20.511410+00:00
[2024-03-21T11:24:20.527-0300] {processor.py:175} INFO - Processing /home/carlosfalcone/.local/lib/python3.7/site-packages/airflow/example_dags/example_short_circuit_decorator.py took 0.061 seconds
[2024-03-21T11:25:00.432-0300] {processor.py:153} INFO - Started process (PID=420) to work on /home/carlosfalcone/.local/lib/python3.7/site-packages/airflow/example_dags/example_short_circuit_decorator.py
[2024-03-21T11:25:00.433-0300] {processor.py:743} INFO - Processing file /home/carlosfalcone/.local/lib/python3.7/site-packages/airflow/example_dags/example_short_circuit_decorator.py for tasks to queue
[2024-03-21T11:25:00.433-0300] {logging_mixin.py:137} INFO - [2024-03-21T11:25:00.433-0300] {dagbag.py:532} INFO - Filling up the DagBag from /home/carlosfalcone/.local/lib/python3.7/site-packages/airflow/example_dags/example_short_circuit_decorator.py
[2024-03-21T11:25:00.448-0300] {processor.py:753} INFO - DAG(s) dict_keys(['example_short_circuit_decorator']) retrieved from /home/carlosfalcone/.local/lib/python3.7/site-packages/airflow/example_dags/example_short_circuit_decorator.py
[2024-03-21T11:25:00.463-0300] {logging_mixin.py:137} INFO - [2024-03-21T11:25:00.463-0300] {dag.py:2705} INFO - Sync 1 DAGs
[2024-03-21T11:25:00.478-0300] {logging_mixin.py:137} INFO - [2024-03-21T11:25:00.478-0300] {dag.py:3456} INFO - Setting next_dagrun for example_short_circuit_decorator to 2024-03-20T14:25:00.478347+00:00, run_after=2024-03-21T14:25:00.478347+00:00
[2024-03-21T11:25:00.493-0300] {processor.py:175} INFO - Processing /home/carlosfalcone/.local/lib/python3.7/site-packages/airflow/example_dags/example_short_circuit_decorator.py took 0.063 seconds
