[2024-03-20T22:09:19.867-0300] {processor.py:153} INFO - Started process (PID=317) to work on /home/carlosfalcone/.local/lib/python3.7/site-packages/airflow/example_dags/example_branch_python_dop_operator_3.py
[2024-03-20T22:09:19.868-0300] {processor.py:743} INFO - Processing file /home/carlosfalcone/.local/lib/python3.7/site-packages/airflow/example_dags/example_branch_python_dop_operator_3.py for tasks to queue
[2024-03-20T22:09:19.868-0300] {logging_mixin.py:137} INFO - [2024-03-20T22:09:19.868-0300] {dagbag.py:532} INFO - Filling up the DagBag from /home/carlosfalcone/.local/lib/python3.7/site-packages/airflow/example_dags/example_branch_python_dop_operator_3.py
[2024-03-20T22:09:19.883-0300] {processor.py:753} INFO - DAG(s) dict_keys(['example_branch_dop_operator_v3']) retrieved from /home/carlosfalcone/.local/lib/python3.7/site-packages/airflow/example_dags/example_branch_python_dop_operator_3.py
[2024-03-20T22:09:19.954-0300] {logging_mixin.py:137} INFO - [2024-03-20T22:09:19.953-0300] {manager.py:504} INFO - Created Permission View: can delete on DAG:example_branch_dop_operator_v3
[2024-03-20T22:09:19.962-0300] {logging_mixin.py:137} INFO - [2024-03-20T22:09:19.961-0300] {manager.py:504} INFO - Created Permission View: can read on DAG:example_branch_dop_operator_v3
[2024-03-20T22:09:19.973-0300] {logging_mixin.py:137} INFO - [2024-03-20T22:09:19.973-0300] {manager.py:504} INFO - Created Permission View: can edit on DAG:example_branch_dop_operator_v3
[2024-03-20T22:09:19.973-0300] {logging_mixin.py:137} INFO - [2024-03-20T22:09:19.973-0300] {dag.py:2705} INFO - Sync 1 DAGs
[2024-03-20T22:09:19.981-0300] {logging_mixin.py:137} INFO - [2024-03-20T22:09:19.981-0300] {dag.py:2726} INFO - Creating ORM DAG for example_branch_dop_operator_v3
[2024-03-20T22:09:19.990-0300] {logging_mixin.py:137} INFO - [2024-03-20T22:09:19.990-0300] {dag.py:3456} INFO - Setting next_dagrun for example_branch_dop_operator_v3 to 2024-03-21T01:08:00+00:00, run_after=2024-03-21T01:09:00+00:00
[2024-03-20T22:09:20.006-0300] {processor.py:175} INFO - Processing /home/carlosfalcone/.local/lib/python3.7/site-packages/airflow/example_dags/example_branch_python_dop_operator_3.py took 0.140 seconds
[2024-03-20T22:10:01.743-0300] {processor.py:153} INFO - Started process (PID=524) to work on /home/carlosfalcone/.local/lib/python3.7/site-packages/airflow/example_dags/example_branch_python_dop_operator_3.py
[2024-03-20T22:10:01.744-0300] {processor.py:743} INFO - Processing file /home/carlosfalcone/.local/lib/python3.7/site-packages/airflow/example_dags/example_branch_python_dop_operator_3.py for tasks to queue
[2024-03-20T22:10:01.744-0300] {logging_mixin.py:137} INFO - [2024-03-20T22:10:01.744-0300] {dagbag.py:532} INFO - Filling up the DagBag from /home/carlosfalcone/.local/lib/python3.7/site-packages/airflow/example_dags/example_branch_python_dop_operator_3.py
[2024-03-20T22:10:01.759-0300] {processor.py:753} INFO - DAG(s) dict_keys(['example_branch_dop_operator_v3']) retrieved from /home/carlosfalcone/.local/lib/python3.7/site-packages/airflow/example_dags/example_branch_python_dop_operator_3.py
[2024-03-20T22:10:01.771-0300] {logging_mixin.py:137} INFO - [2024-03-20T22:10:01.771-0300] {dag.py:2705} INFO - Sync 1 DAGs
[2024-03-20T22:10:01.787-0300] {logging_mixin.py:137} INFO - [2024-03-20T22:10:01.787-0300] {dag.py:3456} INFO - Setting next_dagrun for example_branch_dop_operator_v3 to 2024-03-21T01:09:00+00:00, run_after=2024-03-21T01:10:00+00:00
[2024-03-20T22:10:01.803-0300] {processor.py:175} INFO - Processing /home/carlosfalcone/.local/lib/python3.7/site-packages/airflow/example_dags/example_branch_python_dop_operator_3.py took 0.062 seconds
[2024-03-20T22:10:42.934-0300] {processor.py:153} INFO - Started process (PID=626) to work on /home/carlosfalcone/.local/lib/python3.7/site-packages/airflow/example_dags/example_branch_python_dop_operator_3.py
[2024-03-20T22:10:42.935-0300] {processor.py:743} INFO - Processing file /home/carlosfalcone/.local/lib/python3.7/site-packages/airflow/example_dags/example_branch_python_dop_operator_3.py for tasks to queue
[2024-03-20T22:10:42.936-0300] {logging_mixin.py:137} INFO - [2024-03-20T22:10:42.936-0300] {dagbag.py:532} INFO - Filling up the DagBag from /home/carlosfalcone/.local/lib/python3.7/site-packages/airflow/example_dags/example_branch_python_dop_operator_3.py
[2024-03-20T22:10:42.949-0300] {processor.py:753} INFO - DAG(s) dict_keys(['example_branch_dop_operator_v3']) retrieved from /home/carlosfalcone/.local/lib/python3.7/site-packages/airflow/example_dags/example_branch_python_dop_operator_3.py
[2024-03-20T22:10:42.960-0300] {logging_mixin.py:137} INFO - [2024-03-20T22:10:42.960-0300] {dag.py:2705} INFO - Sync 1 DAGs
[2024-03-20T22:10:42.977-0300] {logging_mixin.py:137} INFO - [2024-03-20T22:10:42.977-0300] {dag.py:3456} INFO - Setting next_dagrun for example_branch_dop_operator_v3 to 2024-03-21T01:09:00+00:00, run_after=2024-03-21T01:10:00+00:00
[2024-03-20T22:10:42.992-0300] {processor.py:175} INFO - Processing /home/carlosfalcone/.local/lib/python3.7/site-packages/airflow/example_dags/example_branch_python_dop_operator_3.py took 0.059 seconds
[2024-03-20T22:11:26.203-0300] {processor.py:153} INFO - Started process (PID=737) to work on /home/carlosfalcone/.local/lib/python3.7/site-packages/airflow/example_dags/example_branch_python_dop_operator_3.py
[2024-03-20T22:11:26.204-0300] {processor.py:743} INFO - Processing file /home/carlosfalcone/.local/lib/python3.7/site-packages/airflow/example_dags/example_branch_python_dop_operator_3.py for tasks to queue
[2024-03-20T22:11:26.204-0300] {logging_mixin.py:137} INFO - [2024-03-20T22:11:26.204-0300] {dagbag.py:532} INFO - Filling up the DagBag from /home/carlosfalcone/.local/lib/python3.7/site-packages/airflow/example_dags/example_branch_python_dop_operator_3.py
[2024-03-20T22:11:26.218-0300] {processor.py:753} INFO - DAG(s) dict_keys(['example_branch_dop_operator_v3']) retrieved from /home/carlosfalcone/.local/lib/python3.7/site-packages/airflow/example_dags/example_branch_python_dop_operator_3.py
[2024-03-20T22:11:26.230-0300] {logging_mixin.py:137} INFO - [2024-03-20T22:11:26.230-0300] {dag.py:2705} INFO - Sync 1 DAGs
[2024-03-20T22:11:26.247-0300] {logging_mixin.py:137} INFO - [2024-03-20T22:11:26.247-0300] {dag.py:3456} INFO - Setting next_dagrun for example_branch_dop_operator_v3 to 2024-03-21T01:10:00+00:00, run_after=2024-03-21T01:11:00+00:00
[2024-03-20T22:11:26.263-0300] {processor.py:175} INFO - Processing /home/carlosfalcone/.local/lib/python3.7/site-packages/airflow/example_dags/example_branch_python_dop_operator_3.py took 0.061 seconds
[2024-03-20T22:12:11.686-0300] {processor.py:153} INFO - Started process (PID=845) to work on /home/carlosfalcone/.local/lib/python3.7/site-packages/airflow/example_dags/example_branch_python_dop_operator_3.py
[2024-03-20T22:12:11.687-0300] {processor.py:743} INFO - Processing file /home/carlosfalcone/.local/lib/python3.7/site-packages/airflow/example_dags/example_branch_python_dop_operator_3.py for tasks to queue
[2024-03-20T22:12:11.688-0300] {logging_mixin.py:137} INFO - [2024-03-20T22:12:11.688-0300] {dagbag.py:532} INFO - Filling up the DagBag from /home/carlosfalcone/.local/lib/python3.7/site-packages/airflow/example_dags/example_branch_python_dop_operator_3.py
[2024-03-20T22:12:11.701-0300] {processor.py:753} INFO - DAG(s) dict_keys(['example_branch_dop_operator_v3']) retrieved from /home/carlosfalcone/.local/lib/python3.7/site-packages/airflow/example_dags/example_branch_python_dop_operator_3.py
[2024-03-20T22:12:11.712-0300] {logging_mixin.py:137} INFO - [2024-03-20T22:12:11.712-0300] {dag.py:2705} INFO - Sync 1 DAGs
[2024-03-20T22:12:11.728-0300] {logging_mixin.py:137} INFO - [2024-03-20T22:12:11.728-0300] {dag.py:3456} INFO - Setting next_dagrun for example_branch_dop_operator_v3 to 2024-03-21T01:11:00+00:00, run_after=2024-03-21T01:12:00+00:00
[2024-03-20T22:12:11.743-0300] {processor.py:175} INFO - Processing /home/carlosfalcone/.local/lib/python3.7/site-packages/airflow/example_dags/example_branch_python_dop_operator_3.py took 0.058 seconds
[2024-03-20T22:12:51.155-0300] {processor.py:153} INFO - Started process (PID=944) to work on /home/carlosfalcone/.local/lib/python3.7/site-packages/airflow/example_dags/example_branch_python_dop_operator_3.py
[2024-03-20T22:12:51.156-0300] {processor.py:743} INFO - Processing file /home/carlosfalcone/.local/lib/python3.7/site-packages/airflow/example_dags/example_branch_python_dop_operator_3.py for tasks to queue
[2024-03-20T22:12:51.156-0300] {logging_mixin.py:137} INFO - [2024-03-20T22:12:51.156-0300] {dagbag.py:532} INFO - Filling up the DagBag from /home/carlosfalcone/.local/lib/python3.7/site-packages/airflow/example_dags/example_branch_python_dop_operator_3.py
[2024-03-20T22:12:51.170-0300] {processor.py:753} INFO - DAG(s) dict_keys(['example_branch_dop_operator_v3']) retrieved from /home/carlosfalcone/.local/lib/python3.7/site-packages/airflow/example_dags/example_branch_python_dop_operator_3.py
[2024-03-20T22:12:51.182-0300] {logging_mixin.py:137} INFO - [2024-03-20T22:12:51.181-0300] {dag.py:2705} INFO - Sync 1 DAGs
[2024-03-20T22:12:51.198-0300] {logging_mixin.py:137} INFO - [2024-03-20T22:12:51.198-0300] {dag.py:3456} INFO - Setting next_dagrun for example_branch_dop_operator_v3 to 2024-03-21T01:11:00+00:00, run_after=2024-03-21T01:12:00+00:00
[2024-03-20T22:12:51.212-0300] {processor.py:175} INFO - Processing /home/carlosfalcone/.local/lib/python3.7/site-packages/airflow/example_dags/example_branch_python_dop_operator_3.py took 0.059 seconds
[2024-03-20T22:13:37.178-0300] {processor.py:153} INFO - Started process (PID=1060) to work on /home/carlosfalcone/.local/lib/python3.7/site-packages/airflow/example_dags/example_branch_python_dop_operator_3.py
[2024-03-20T22:13:37.178-0300] {processor.py:743} INFO - Processing file /home/carlosfalcone/.local/lib/python3.7/site-packages/airflow/example_dags/example_branch_python_dop_operator_3.py for tasks to queue
[2024-03-20T22:13:37.179-0300] {logging_mixin.py:137} INFO - [2024-03-20T22:13:37.179-0300] {dagbag.py:532} INFO - Filling up the DagBag from /home/carlosfalcone/.local/lib/python3.7/site-packages/airflow/example_dags/example_branch_python_dop_operator_3.py
[2024-03-20T22:13:37.192-0300] {processor.py:753} INFO - DAG(s) dict_keys(['example_branch_dop_operator_v3']) retrieved from /home/carlosfalcone/.local/lib/python3.7/site-packages/airflow/example_dags/example_branch_python_dop_operator_3.py
[2024-03-20T22:13:37.204-0300] {logging_mixin.py:137} INFO - [2024-03-20T22:13:37.203-0300] {dag.py:2705} INFO - Sync 1 DAGs
[2024-03-20T22:13:37.220-0300] {logging_mixin.py:137} INFO - [2024-03-20T22:13:37.220-0300] {dag.py:3456} INFO - Setting next_dagrun for example_branch_dop_operator_v3 to 2024-03-21T01:12:00+00:00, run_after=2024-03-21T01:13:00+00:00
[2024-03-20T22:13:37.236-0300] {processor.py:175} INFO - Processing /home/carlosfalcone/.local/lib/python3.7/site-packages/airflow/example_dags/example_branch_python_dop_operator_3.py took 0.060 seconds
[2024-03-20T22:14:21.657-0300] {processor.py:153} INFO - Started process (PID=1125) to work on /home/carlosfalcone/.local/lib/python3.7/site-packages/airflow/example_dags/example_branch_python_dop_operator_3.py
[2024-03-20T22:14:21.657-0300] {processor.py:743} INFO - Processing file /home/carlosfalcone/.local/lib/python3.7/site-packages/airflow/example_dags/example_branch_python_dop_operator_3.py for tasks to queue
[2024-03-20T22:14:21.658-0300] {logging_mixin.py:137} INFO - [2024-03-20T22:14:21.658-0300] {dagbag.py:532} INFO - Filling up the DagBag from /home/carlosfalcone/.local/lib/python3.7/site-packages/airflow/example_dags/example_branch_python_dop_operator_3.py
[2024-03-20T22:14:21.671-0300] {processor.py:753} INFO - DAG(s) dict_keys(['example_branch_dop_operator_v3']) retrieved from /home/carlosfalcone/.local/lib/python3.7/site-packages/airflow/example_dags/example_branch_python_dop_operator_3.py
[2024-03-20T22:14:21.683-0300] {logging_mixin.py:137} INFO - [2024-03-20T22:14:21.683-0300] {dag.py:2705} INFO - Sync 1 DAGs
[2024-03-20T22:14:21.700-0300] {logging_mixin.py:137} INFO - [2024-03-20T22:14:21.700-0300] {dag.py:3456} INFO - Setting next_dagrun for example_branch_dop_operator_v3 to 2024-03-21T01:13:00+00:00, run_after=2024-03-21T01:14:00+00:00
[2024-03-20T22:14:21.716-0300] {processor.py:175} INFO - Processing /home/carlosfalcone/.local/lib/python3.7/site-packages/airflow/example_dags/example_branch_python_dop_operator_3.py took 0.061 seconds
[2024-03-20T22:15:00.489-0300] {processor.py:153} INFO - Started process (PID=1197) to work on /home/carlosfalcone/.local/lib/python3.7/site-packages/airflow/example_dags/example_branch_python_dop_operator_3.py
[2024-03-20T22:15:00.490-0300] {processor.py:743} INFO - Processing file /home/carlosfalcone/.local/lib/python3.7/site-packages/airflow/example_dags/example_branch_python_dop_operator_3.py for tasks to queue
[2024-03-20T22:15:00.490-0300] {logging_mixin.py:137} INFO - [2024-03-20T22:15:00.490-0300] {dagbag.py:532} INFO - Filling up the DagBag from /home/carlosfalcone/.local/lib/python3.7/site-packages/airflow/example_dags/example_branch_python_dop_operator_3.py
[2024-03-20T22:15:00.504-0300] {processor.py:753} INFO - DAG(s) dict_keys(['example_branch_dop_operator_v3']) retrieved from /home/carlosfalcone/.local/lib/python3.7/site-packages/airflow/example_dags/example_branch_python_dop_operator_3.py
[2024-03-20T22:15:00.515-0300] {logging_mixin.py:137} INFO - [2024-03-20T22:15:00.515-0300] {dag.py:2705} INFO - Sync 1 DAGs
[2024-03-20T22:15:00.531-0300] {logging_mixin.py:137} INFO - [2024-03-20T22:15:00.531-0300] {dag.py:3456} INFO - Setting next_dagrun for example_branch_dop_operator_v3 to 2024-03-21T01:14:00+00:00, run_after=2024-03-21T01:15:00+00:00
[2024-03-20T22:15:00.547-0300] {processor.py:175} INFO - Processing /home/carlosfalcone/.local/lib/python3.7/site-packages/airflow/example_dags/example_branch_python_dop_operator_3.py took 0.060 seconds
[2024-03-20T22:15:46.701-0300] {processor.py:153} INFO - Started process (PID=1312) to work on /home/carlosfalcone/.local/lib/python3.7/site-packages/airflow/example_dags/example_branch_python_dop_operator_3.py
[2024-03-20T22:15:46.702-0300] {processor.py:743} INFO - Processing file /home/carlosfalcone/.local/lib/python3.7/site-packages/airflow/example_dags/example_branch_python_dop_operator_3.py for tasks to queue
[2024-03-20T22:15:46.702-0300] {logging_mixin.py:137} INFO - [2024-03-20T22:15:46.702-0300] {dagbag.py:532} INFO - Filling up the DagBag from /home/carlosfalcone/.local/lib/python3.7/site-packages/airflow/example_dags/example_branch_python_dop_operator_3.py
[2024-03-20T22:15:46.717-0300] {processor.py:753} INFO - DAG(s) dict_keys(['example_branch_dop_operator_v3']) retrieved from /home/carlosfalcone/.local/lib/python3.7/site-packages/airflow/example_dags/example_branch_python_dop_operator_3.py
[2024-03-20T22:15:46.730-0300] {logging_mixin.py:137} INFO - [2024-03-20T22:15:46.729-0300] {dag.py:2705} INFO - Sync 1 DAGs
[2024-03-20T22:15:46.747-0300] {logging_mixin.py:137} INFO - [2024-03-20T22:15:46.746-0300] {dag.py:3456} INFO - Setting next_dagrun for example_branch_dop_operator_v3 to 2024-03-21T01:14:00+00:00, run_after=2024-03-21T01:15:00+00:00
[2024-03-20T22:15:46.763-0300] {processor.py:175} INFO - Processing /home/carlosfalcone/.local/lib/python3.7/site-packages/airflow/example_dags/example_branch_python_dop_operator_3.py took 0.064 seconds
[2024-03-20T22:16:31.214-0300] {processor.py:153} INFO - Started process (PID=1432) to work on /home/carlosfalcone/.local/lib/python3.7/site-packages/airflow/example_dags/example_branch_python_dop_operator_3.py
[2024-03-20T22:16:31.215-0300] {processor.py:743} INFO - Processing file /home/carlosfalcone/.local/lib/python3.7/site-packages/airflow/example_dags/example_branch_python_dop_operator_3.py for tasks to queue
[2024-03-20T22:16:31.215-0300] {logging_mixin.py:137} INFO - [2024-03-20T22:16:31.215-0300] {dagbag.py:532} INFO - Filling up the DagBag from /home/carlosfalcone/.local/lib/python3.7/site-packages/airflow/example_dags/example_branch_python_dop_operator_3.py
[2024-03-20T22:16:31.228-0300] {processor.py:753} INFO - DAG(s) dict_keys(['example_branch_dop_operator_v3']) retrieved from /home/carlosfalcone/.local/lib/python3.7/site-packages/airflow/example_dags/example_branch_python_dop_operator_3.py
[2024-03-20T22:16:31.240-0300] {logging_mixin.py:137} INFO - [2024-03-20T22:16:31.240-0300] {dag.py:2705} INFO - Sync 1 DAGs
[2024-03-20T22:16:31.256-0300] {logging_mixin.py:137} INFO - [2024-03-20T22:16:31.256-0300] {dag.py:3456} INFO - Setting next_dagrun for example_branch_dop_operator_v3 to 2024-03-21T01:15:00+00:00, run_after=2024-03-21T01:16:00+00:00
[2024-03-20T22:16:31.272-0300] {processor.py:175} INFO - Processing /home/carlosfalcone/.local/lib/python3.7/site-packages/airflow/example_dags/example_branch_python_dop_operator_3.py took 0.060 seconds
[2024-03-20T22:17:12.850-0300] {processor.py:153} INFO - Started process (PID=1538) to work on /home/carlosfalcone/.local/lib/python3.7/site-packages/airflow/example_dags/example_branch_python_dop_operator_3.py
[2024-03-20T22:17:12.851-0300] {processor.py:743} INFO - Processing file /home/carlosfalcone/.local/lib/python3.7/site-packages/airflow/example_dags/example_branch_python_dop_operator_3.py for tasks to queue
[2024-03-20T22:17:12.851-0300] {logging_mixin.py:137} INFO - [2024-03-20T22:17:12.851-0300] {dagbag.py:532} INFO - Filling up the DagBag from /home/carlosfalcone/.local/lib/python3.7/site-packages/airflow/example_dags/example_branch_python_dop_operator_3.py
[2024-03-20T22:17:12.865-0300] {processor.py:753} INFO - DAG(s) dict_keys(['example_branch_dop_operator_v3']) retrieved from /home/carlosfalcone/.local/lib/python3.7/site-packages/airflow/example_dags/example_branch_python_dop_operator_3.py
[2024-03-20T22:17:12.876-0300] {logging_mixin.py:137} INFO - [2024-03-20T22:17:12.876-0300] {dag.py:2705} INFO - Sync 1 DAGs
[2024-03-20T22:17:12.893-0300] {logging_mixin.py:137} INFO - [2024-03-20T22:17:12.893-0300] {dag.py:3456} INFO - Setting next_dagrun for example_branch_dop_operator_v3 to 2024-03-21T01:16:00+00:00, run_after=2024-03-21T01:17:00+00:00
[2024-03-20T22:17:12.909-0300] {processor.py:175} INFO - Processing /home/carlosfalcone/.local/lib/python3.7/site-packages/airflow/example_dags/example_branch_python_dop_operator_3.py took 0.061 seconds
[2024-03-20T22:18:00.570-0300] {processor.py:153} INFO - Started process (PID=1662) to work on /home/carlosfalcone/.local/lib/python3.7/site-packages/airflow/example_dags/example_branch_python_dop_operator_3.py
[2024-03-20T22:18:00.571-0300] {processor.py:743} INFO - Processing file /home/carlosfalcone/.local/lib/python3.7/site-packages/airflow/example_dags/example_branch_python_dop_operator_3.py for tasks to queue
[2024-03-20T22:18:00.572-0300] {logging_mixin.py:137} INFO - [2024-03-20T22:18:00.572-0300] {dagbag.py:532} INFO - Filling up the DagBag from /home/carlosfalcone/.local/lib/python3.7/site-packages/airflow/example_dags/example_branch_python_dop_operator_3.py
[2024-03-20T22:18:00.585-0300] {processor.py:753} INFO - DAG(s) dict_keys(['example_branch_dop_operator_v3']) retrieved from /home/carlosfalcone/.local/lib/python3.7/site-packages/airflow/example_dags/example_branch_python_dop_operator_3.py
[2024-03-20T22:18:00.596-0300] {logging_mixin.py:137} INFO - [2024-03-20T22:18:00.596-0300] {dag.py:2705} INFO - Sync 1 DAGs
[2024-03-20T22:18:00.613-0300] {logging_mixin.py:137} INFO - [2024-03-20T22:18:00.613-0300] {dag.py:3456} INFO - Setting next_dagrun for example_branch_dop_operator_v3 to 2024-03-21T01:17:00+00:00, run_after=2024-03-21T01:18:00+00:00
[2024-03-20T22:18:00.629-0300] {processor.py:175} INFO - Processing /home/carlosfalcone/.local/lib/python3.7/site-packages/airflow/example_dags/example_branch_python_dop_operator_3.py took 0.060 seconds
[2024-03-21T11:23:51.402-0300] {processor.py:153} INFO - Started process (PID=113) to work on /home/carlosfalcone/.local/lib/python3.7/site-packages/airflow/example_dags/example_branch_python_dop_operator_3.py
[2024-03-21T11:23:51.404-0300] {processor.py:743} INFO - Processing file /home/carlosfalcone/.local/lib/python3.7/site-packages/airflow/example_dags/example_branch_python_dop_operator_3.py for tasks to queue
[2024-03-21T11:23:51.404-0300] {logging_mixin.py:137} INFO - [2024-03-21T11:23:51.404-0300] {dagbag.py:532} INFO - Filling up the DagBag from /home/carlosfalcone/.local/lib/python3.7/site-packages/airflow/example_dags/example_branch_python_dop_operator_3.py
[2024-03-21T11:23:51.419-0300] {processor.py:753} INFO - DAG(s) dict_keys(['example_branch_dop_operator_v3']) retrieved from /home/carlosfalcone/.local/lib/python3.7/site-packages/airflow/example_dags/example_branch_python_dop_operator_3.py
[2024-03-21T11:23:51.431-0300] {logging_mixin.py:137} INFO - [2024-03-21T11:23:51.431-0300] {dag.py:2705} INFO - Sync 1 DAGs
[2024-03-21T11:23:51.449-0300] {logging_mixin.py:137} INFO - [2024-03-21T11:23:51.448-0300] {dag.py:3456} INFO - Setting next_dagrun for example_branch_dop_operator_v3 to 2024-03-21T14:22:00+00:00, run_after=2024-03-21T14:23:00+00:00
[2024-03-21T11:23:51.466-0300] {processor.py:175} INFO - Processing /home/carlosfalcone/.local/lib/python3.7/site-packages/airflow/example_dags/example_branch_python_dop_operator_3.py took 0.065 seconds
[2024-03-21T11:24:29.614-0300] {processor.py:153} INFO - Started process (PID=344) to work on /home/carlosfalcone/.local/lib/python3.7/site-packages/airflow/example_dags/example_branch_python_dop_operator_3.py
[2024-03-21T11:24:29.615-0300] {processor.py:743} INFO - Processing file /home/carlosfalcone/.local/lib/python3.7/site-packages/airflow/example_dags/example_branch_python_dop_operator_3.py for tasks to queue
[2024-03-21T11:24:29.615-0300] {logging_mixin.py:137} INFO - [2024-03-21T11:24:29.615-0300] {dagbag.py:532} INFO - Filling up the DagBag from /home/carlosfalcone/.local/lib/python3.7/site-packages/airflow/example_dags/example_branch_python_dop_operator_3.py
[2024-03-21T11:24:29.630-0300] {processor.py:753} INFO - DAG(s) dict_keys(['example_branch_dop_operator_v3']) retrieved from /home/carlosfalcone/.local/lib/python3.7/site-packages/airflow/example_dags/example_branch_python_dop_operator_3.py
[2024-03-21T11:24:29.641-0300] {logging_mixin.py:137} INFO - [2024-03-21T11:24:29.641-0300] {dag.py:2705} INFO - Sync 1 DAGs
[2024-03-21T11:24:29.658-0300] {logging_mixin.py:137} INFO - [2024-03-21T11:24:29.658-0300] {dag.py:3456} INFO - Setting next_dagrun for example_branch_dop_operator_v3 to 2024-03-21T14:23:00+00:00, run_after=2024-03-21T14:24:00+00:00
[2024-03-21T11:24:29.673-0300] {processor.py:175} INFO - Processing /home/carlosfalcone/.local/lib/python3.7/site-packages/airflow/example_dags/example_branch_python_dop_operator_3.py took 0.061 seconds
