[2024-03-20T22:09:16.587-0300] {processor.py:153} INFO - Started process (PID=314) to work on /home/carlosfalcone/.local/lib/python3.7/site-packages/airflow/example_dags/example_time_delta_sensor_async.py
[2024-03-20T22:09:16.588-0300] {processor.py:743} INFO - Processing file /home/carlosfalcone/.local/lib/python3.7/site-packages/airflow/example_dags/example_time_delta_sensor_async.py for tasks to queue
[2024-03-20T22:09:16.588-0300] {logging_mixin.py:137} INFO - [2024-03-20T22:09:16.588-0300] {dagbag.py:532} INFO - Filling up the DagBag from /home/carlosfalcone/.local/lib/python3.7/site-packages/airflow/example_dags/example_time_delta_sensor_async.py
[2024-03-20T22:09:16.595-0300] {processor.py:753} INFO - DAG(s) dict_keys(['example_time_delta_sensor_async']) retrieved from /home/carlosfalcone/.local/lib/python3.7/site-packages/airflow/example_dags/example_time_delta_sensor_async.py
[2024-03-20T22:09:16.668-0300] {logging_mixin.py:137} INFO - [2024-03-20T22:09:16.667-0300] {manager.py:504} INFO - Created Permission View: can delete on DAG:example_time_delta_sensor_async
[2024-03-20T22:09:16.676-0300] {logging_mixin.py:137} INFO - [2024-03-20T22:09:16.676-0300] {manager.py:504} INFO - Created Permission View: can read on DAG:example_time_delta_sensor_async
[2024-03-20T22:09:16.683-0300] {logging_mixin.py:137} INFO - [2024-03-20T22:09:16.683-0300] {manager.py:504} INFO - Created Permission View: can edit on DAG:example_time_delta_sensor_async
[2024-03-20T22:09:16.683-0300] {logging_mixin.py:137} INFO - [2024-03-20T22:09:16.683-0300] {dag.py:2705} INFO - Sync 1 DAGs
[2024-03-20T22:09:16.691-0300] {logging_mixin.py:137} INFO - [2024-03-20T22:09:16.691-0300] {dag.py:2726} INFO - Creating ORM DAG for example_time_delta_sensor_async
[2024-03-20T22:09:16.697-0300] {logging_mixin.py:137} INFO - [2024-03-20T22:09:16.697-0300] {dag.py:3456} INFO - Setting next_dagrun for example_time_delta_sensor_async to None, run_after=None
[2024-03-20T22:09:16.712-0300] {processor.py:175} INFO - Processing /home/carlosfalcone/.local/lib/python3.7/site-packages/airflow/example_dags/example_time_delta_sensor_async.py took 0.126 seconds
[2024-03-20T22:09:59.999-0300] {processor.py:153} INFO - Started process (PID=518) to work on /home/carlosfalcone/.local/lib/python3.7/site-packages/airflow/example_dags/example_time_delta_sensor_async.py
[2024-03-20T22:09:59.999-0300] {processor.py:743} INFO - Processing file /home/carlosfalcone/.local/lib/python3.7/site-packages/airflow/example_dags/example_time_delta_sensor_async.py for tasks to queue
[2024-03-20T22:10:00.000-0300] {logging_mixin.py:137} INFO - [2024-03-20T22:10:00.000-0300] {dagbag.py:532} INFO - Filling up the DagBag from /home/carlosfalcone/.local/lib/python3.7/site-packages/airflow/example_dags/example_time_delta_sensor_async.py
[2024-03-20T22:10:00.007-0300] {processor.py:753} INFO - DAG(s) dict_keys(['example_time_delta_sensor_async']) retrieved from /home/carlosfalcone/.local/lib/python3.7/site-packages/airflow/example_dags/example_time_delta_sensor_async.py
[2024-03-20T22:10:00.019-0300] {logging_mixin.py:137} INFO - [2024-03-20T22:10:00.019-0300] {dag.py:2705} INFO - Sync 1 DAGs
[2024-03-20T22:10:00.033-0300] {logging_mixin.py:137} INFO - [2024-03-20T22:10:00.033-0300] {dag.py:3456} INFO - Setting next_dagrun for example_time_delta_sensor_async to None, run_after=None
[2024-03-20T22:10:00.049-0300] {processor.py:175} INFO - Processing /home/carlosfalcone/.local/lib/python3.7/site-packages/airflow/example_dags/example_time_delta_sensor_async.py took 0.052 seconds
[2024-03-20T22:10:40.062-0300] {processor.py:153} INFO - Started process (PID=620) to work on /home/carlosfalcone/.local/lib/python3.7/site-packages/airflow/example_dags/example_time_delta_sensor_async.py
[2024-03-20T22:10:40.063-0300] {processor.py:743} INFO - Processing file /home/carlosfalcone/.local/lib/python3.7/site-packages/airflow/example_dags/example_time_delta_sensor_async.py for tasks to queue
[2024-03-20T22:10:40.063-0300] {logging_mixin.py:137} INFO - [2024-03-20T22:10:40.063-0300] {dagbag.py:532} INFO - Filling up the DagBag from /home/carlosfalcone/.local/lib/python3.7/site-packages/airflow/example_dags/example_time_delta_sensor_async.py
[2024-03-20T22:10:40.070-0300] {processor.py:753} INFO - DAG(s) dict_keys(['example_time_delta_sensor_async']) retrieved from /home/carlosfalcone/.local/lib/python3.7/site-packages/airflow/example_dags/example_time_delta_sensor_async.py
[2024-03-20T22:10:40.081-0300] {logging_mixin.py:137} INFO - [2024-03-20T22:10:40.081-0300] {dag.py:2705} INFO - Sync 1 DAGs
[2024-03-20T22:10:40.095-0300] {logging_mixin.py:137} INFO - [2024-03-20T22:10:40.095-0300] {dag.py:3456} INFO - Setting next_dagrun for example_time_delta_sensor_async to None, run_after=None
[2024-03-20T22:10:40.112-0300] {processor.py:175} INFO - Processing /home/carlosfalcone/.local/lib/python3.7/site-packages/airflow/example_dags/example_time_delta_sensor_async.py took 0.052 seconds
[2024-03-20T22:11:23.427-0300] {processor.py:153} INFO - Started process (PID=728) to work on /home/carlosfalcone/.local/lib/python3.7/site-packages/airflow/example_dags/example_time_delta_sensor_async.py
[2024-03-20T22:11:23.428-0300] {processor.py:743} INFO - Processing file /home/carlosfalcone/.local/lib/python3.7/site-packages/airflow/example_dags/example_time_delta_sensor_async.py for tasks to queue
[2024-03-20T22:11:23.428-0300] {logging_mixin.py:137} INFO - [2024-03-20T22:11:23.428-0300] {dagbag.py:532} INFO - Filling up the DagBag from /home/carlosfalcone/.local/lib/python3.7/site-packages/airflow/example_dags/example_time_delta_sensor_async.py
[2024-03-20T22:11:23.435-0300] {processor.py:753} INFO - DAG(s) dict_keys(['example_time_delta_sensor_async']) retrieved from /home/carlosfalcone/.local/lib/python3.7/site-packages/airflow/example_dags/example_time_delta_sensor_async.py
[2024-03-20T22:11:23.447-0300] {logging_mixin.py:137} INFO - [2024-03-20T22:11:23.447-0300] {dag.py:2705} INFO - Sync 1 DAGs
[2024-03-20T22:11:23.462-0300] {logging_mixin.py:137} INFO - [2024-03-20T22:11:23.462-0300] {dag.py:3456} INFO - Setting next_dagrun for example_time_delta_sensor_async to None, run_after=None
[2024-03-20T22:11:23.477-0300] {processor.py:175} INFO - Processing /home/carlosfalcone/.local/lib/python3.7/site-packages/airflow/example_dags/example_time_delta_sensor_async.py took 0.052 seconds
[2024-03-20T22:12:04.942-0300] {processor.py:153} INFO - Started process (PID=825) to work on /home/carlosfalcone/.local/lib/python3.7/site-packages/airflow/example_dags/example_time_delta_sensor_async.py
[2024-03-20T22:12:04.943-0300] {processor.py:743} INFO - Processing file /home/carlosfalcone/.local/lib/python3.7/site-packages/airflow/example_dags/example_time_delta_sensor_async.py for tasks to queue
[2024-03-20T22:12:04.944-0300] {logging_mixin.py:137} INFO - [2024-03-20T22:12:04.944-0300] {dagbag.py:532} INFO - Filling up the DagBag from /home/carlosfalcone/.local/lib/python3.7/site-packages/airflow/example_dags/example_time_delta_sensor_async.py
[2024-03-20T22:12:04.951-0300] {processor.py:753} INFO - DAG(s) dict_keys(['example_time_delta_sensor_async']) retrieved from /home/carlosfalcone/.local/lib/python3.7/site-packages/airflow/example_dags/example_time_delta_sensor_async.py
[2024-03-20T22:12:04.963-0300] {logging_mixin.py:137} INFO - [2024-03-20T22:12:04.963-0300] {dag.py:2705} INFO - Sync 1 DAGs
[2024-03-20T22:12:04.977-0300] {logging_mixin.py:137} INFO - [2024-03-20T22:12:04.977-0300] {dag.py:3456} INFO - Setting next_dagrun for example_time_delta_sensor_async to None, run_after=None
[2024-03-20T22:12:04.993-0300] {processor.py:175} INFO - Processing /home/carlosfalcone/.local/lib/python3.7/site-packages/airflow/example_dags/example_time_delta_sensor_async.py took 0.052 seconds
[2024-03-20T22:12:48.290-0300] {processor.py:153} INFO - Started process (PID=938) to work on /home/carlosfalcone/.local/lib/python3.7/site-packages/airflow/example_dags/example_time_delta_sensor_async.py
[2024-03-20T22:12:48.291-0300] {processor.py:743} INFO - Processing file /home/carlosfalcone/.local/lib/python3.7/site-packages/airflow/example_dags/example_time_delta_sensor_async.py for tasks to queue
[2024-03-20T22:12:48.291-0300] {logging_mixin.py:137} INFO - [2024-03-20T22:12:48.291-0300] {dagbag.py:532} INFO - Filling up the DagBag from /home/carlosfalcone/.local/lib/python3.7/site-packages/airflow/example_dags/example_time_delta_sensor_async.py
[2024-03-20T22:12:48.298-0300] {processor.py:753} INFO - DAG(s) dict_keys(['example_time_delta_sensor_async']) retrieved from /home/carlosfalcone/.local/lib/python3.7/site-packages/airflow/example_dags/example_time_delta_sensor_async.py
[2024-03-20T22:12:48.309-0300] {logging_mixin.py:137} INFO - [2024-03-20T22:12:48.309-0300] {dag.py:2705} INFO - Sync 1 DAGs
[2024-03-20T22:12:48.323-0300] {logging_mixin.py:137} INFO - [2024-03-20T22:12:48.323-0300] {dag.py:3456} INFO - Setting next_dagrun for example_time_delta_sensor_async to None, run_after=None
[2024-03-20T22:12:48.340-0300] {processor.py:175} INFO - Processing /home/carlosfalcone/.local/lib/python3.7/site-packages/airflow/example_dags/example_time_delta_sensor_async.py took 0.051 seconds
[2024-03-20T22:13:33.796-0300] {processor.py:153} INFO - Started process (PID=1051) to work on /home/carlosfalcone/.local/lib/python3.7/site-packages/airflow/example_dags/example_time_delta_sensor_async.py
[2024-03-20T22:13:33.797-0300] {processor.py:743} INFO - Processing file /home/carlosfalcone/.local/lib/python3.7/site-packages/airflow/example_dags/example_time_delta_sensor_async.py for tasks to queue
[2024-03-20T22:13:33.797-0300] {logging_mixin.py:137} INFO - [2024-03-20T22:13:33.797-0300] {dagbag.py:532} INFO - Filling up the DagBag from /home/carlosfalcone/.local/lib/python3.7/site-packages/airflow/example_dags/example_time_delta_sensor_async.py
[2024-03-20T22:13:33.804-0300] {processor.py:753} INFO - DAG(s) dict_keys(['example_time_delta_sensor_async']) retrieved from /home/carlosfalcone/.local/lib/python3.7/site-packages/airflow/example_dags/example_time_delta_sensor_async.py
[2024-03-20T22:13:33.815-0300] {logging_mixin.py:137} INFO - [2024-03-20T22:13:33.815-0300] {dag.py:2705} INFO - Sync 1 DAGs
[2024-03-20T22:13:33.828-0300] {logging_mixin.py:137} INFO - [2024-03-20T22:13:33.828-0300] {dag.py:3456} INFO - Setting next_dagrun for example_time_delta_sensor_async to None, run_after=None
[2024-03-20T22:13:33.843-0300] {processor.py:175} INFO - Processing /home/carlosfalcone/.local/lib/python3.7/site-packages/airflow/example_dags/example_time_delta_sensor_async.py took 0.049 seconds
[2024-03-20T22:14:12.512-0300] {processor.py:153} INFO - Started process (PID=1116) to work on /home/carlosfalcone/.local/lib/python3.7/site-packages/airflow/example_dags/example_time_delta_sensor_async.py
[2024-03-20T22:14:12.513-0300] {processor.py:743} INFO - Processing file /home/carlosfalcone/.local/lib/python3.7/site-packages/airflow/example_dags/example_time_delta_sensor_async.py for tasks to queue
[2024-03-20T22:14:12.513-0300] {logging_mixin.py:137} INFO - [2024-03-20T22:14:12.513-0300] {dagbag.py:532} INFO - Filling up the DagBag from /home/carlosfalcone/.local/lib/python3.7/site-packages/airflow/example_dags/example_time_delta_sensor_async.py
[2024-03-20T22:14:12.520-0300] {processor.py:753} INFO - DAG(s) dict_keys(['example_time_delta_sensor_async']) retrieved from /home/carlosfalcone/.local/lib/python3.7/site-packages/airflow/example_dags/example_time_delta_sensor_async.py
[2024-03-20T22:14:12.531-0300] {logging_mixin.py:137} INFO - [2024-03-20T22:14:12.531-0300] {dag.py:2705} INFO - Sync 1 DAGs
[2024-03-20T22:14:12.544-0300] {logging_mixin.py:137} INFO - [2024-03-20T22:14:12.544-0300] {dag.py:3456} INFO - Setting next_dagrun for example_time_delta_sensor_async to None, run_after=None
[2024-03-20T22:14:12.563-0300] {processor.py:175} INFO - Processing /home/carlosfalcone/.local/lib/python3.7/site-packages/airflow/example_dags/example_time_delta_sensor_async.py took 0.053 seconds
[2024-03-20T22:14:52.477-0300] {processor.py:153} INFO - Started process (PID=1176) to work on /home/carlosfalcone/.local/lib/python3.7/site-packages/airflow/example_dags/example_time_delta_sensor_async.py
[2024-03-20T22:14:52.477-0300] {processor.py:743} INFO - Processing file /home/carlosfalcone/.local/lib/python3.7/site-packages/airflow/example_dags/example_time_delta_sensor_async.py for tasks to queue
[2024-03-20T22:14:52.478-0300] {logging_mixin.py:137} INFO - [2024-03-20T22:14:52.478-0300] {dagbag.py:532} INFO - Filling up the DagBag from /home/carlosfalcone/.local/lib/python3.7/site-packages/airflow/example_dags/example_time_delta_sensor_async.py
[2024-03-20T22:14:52.485-0300] {processor.py:753} INFO - DAG(s) dict_keys(['example_time_delta_sensor_async']) retrieved from /home/carlosfalcone/.local/lib/python3.7/site-packages/airflow/example_dags/example_time_delta_sensor_async.py
[2024-03-20T22:14:52.496-0300] {logging_mixin.py:137} INFO - [2024-03-20T22:14:52.496-0300] {dag.py:2705} INFO - Sync 1 DAGs
[2024-03-20T22:14:52.511-0300] {logging_mixin.py:137} INFO - [2024-03-20T22:14:52.511-0300] {dag.py:3456} INFO - Setting next_dagrun for example_time_delta_sensor_async to None, run_after=None
[2024-03-20T22:14:52.525-0300] {processor.py:175} INFO - Processing /home/carlosfalcone/.local/lib/python3.7/site-packages/airflow/example_dags/example_time_delta_sensor_async.py took 0.050 seconds
[2024-03-20T22:15:38.240-0300] {processor.py:153} INFO - Started process (PID=1291) to work on /home/carlosfalcone/.local/lib/python3.7/site-packages/airflow/example_dags/example_time_delta_sensor_async.py
[2024-03-20T22:15:38.241-0300] {processor.py:743} INFO - Processing file /home/carlosfalcone/.local/lib/python3.7/site-packages/airflow/example_dags/example_time_delta_sensor_async.py for tasks to queue
[2024-03-20T22:15:38.241-0300] {logging_mixin.py:137} INFO - [2024-03-20T22:15:38.241-0300] {dagbag.py:532} INFO - Filling up the DagBag from /home/carlosfalcone/.local/lib/python3.7/site-packages/airflow/example_dags/example_time_delta_sensor_async.py
[2024-03-20T22:15:38.249-0300] {processor.py:753} INFO - DAG(s) dict_keys(['example_time_delta_sensor_async']) retrieved from /home/carlosfalcone/.local/lib/python3.7/site-packages/airflow/example_dags/example_time_delta_sensor_async.py
[2024-03-20T22:15:38.260-0300] {logging_mixin.py:137} INFO - [2024-03-20T22:15:38.260-0300] {dag.py:2705} INFO - Sync 1 DAGs
[2024-03-20T22:15:38.274-0300] {logging_mixin.py:137} INFO - [2024-03-20T22:15:38.274-0300] {dag.py:3456} INFO - Setting next_dagrun for example_time_delta_sensor_async to None, run_after=None
[2024-03-20T22:15:38.289-0300] {processor.py:175} INFO - Processing /home/carlosfalcone/.local/lib/python3.7/site-packages/airflow/example_dags/example_time_delta_sensor_async.py took 0.051 seconds
[2024-03-20T22:16:24.640-0300] {processor.py:153} INFO - Started process (PID=1416) to work on /home/carlosfalcone/.local/lib/python3.7/site-packages/airflow/example_dags/example_time_delta_sensor_async.py
[2024-03-20T22:16:24.641-0300] {processor.py:743} INFO - Processing file /home/carlosfalcone/.local/lib/python3.7/site-packages/airflow/example_dags/example_time_delta_sensor_async.py for tasks to queue
[2024-03-20T22:16:24.641-0300] {logging_mixin.py:137} INFO - [2024-03-20T22:16:24.641-0300] {dagbag.py:532} INFO - Filling up the DagBag from /home/carlosfalcone/.local/lib/python3.7/site-packages/airflow/example_dags/example_time_delta_sensor_async.py
[2024-03-20T22:16:24.648-0300] {processor.py:753} INFO - DAG(s) dict_keys(['example_time_delta_sensor_async']) retrieved from /home/carlosfalcone/.local/lib/python3.7/site-packages/airflow/example_dags/example_time_delta_sensor_async.py
[2024-03-20T22:16:24.659-0300] {logging_mixin.py:137} INFO - [2024-03-20T22:16:24.659-0300] {dag.py:2705} INFO - Sync 1 DAGs
[2024-03-20T22:16:24.673-0300] {logging_mixin.py:137} INFO - [2024-03-20T22:16:24.672-0300] {dag.py:3456} INFO - Setting next_dagrun for example_time_delta_sensor_async to None, run_after=None
[2024-03-20T22:16:24.687-0300] {processor.py:175} INFO - Processing /home/carlosfalcone/.local/lib/python3.7/site-packages/airflow/example_dags/example_time_delta_sensor_async.py took 0.049 seconds
[2024-03-20T22:17:09.980-0300] {processor.py:153} INFO - Started process (PID=1532) to work on /home/carlosfalcone/.local/lib/python3.7/site-packages/airflow/example_dags/example_time_delta_sensor_async.py
[2024-03-20T22:17:09.981-0300] {processor.py:743} INFO - Processing file /home/carlosfalcone/.local/lib/python3.7/site-packages/airflow/example_dags/example_time_delta_sensor_async.py for tasks to queue
[2024-03-20T22:17:09.981-0300] {logging_mixin.py:137} INFO - [2024-03-20T22:17:09.981-0300] {dagbag.py:532} INFO - Filling up the DagBag from /home/carlosfalcone/.local/lib/python3.7/site-packages/airflow/example_dags/example_time_delta_sensor_async.py
[2024-03-20T22:17:09.988-0300] {processor.py:753} INFO - DAG(s) dict_keys(['example_time_delta_sensor_async']) retrieved from /home/carlosfalcone/.local/lib/python3.7/site-packages/airflow/example_dags/example_time_delta_sensor_async.py
[2024-03-20T22:17:09.999-0300] {logging_mixin.py:137} INFO - [2024-03-20T22:17:09.999-0300] {dag.py:2705} INFO - Sync 1 DAGs
[2024-03-20T22:17:10.012-0300] {logging_mixin.py:137} INFO - [2024-03-20T22:17:10.012-0300] {dag.py:3456} INFO - Setting next_dagrun for example_time_delta_sensor_async to None, run_after=None
[2024-03-20T22:17:10.027-0300] {processor.py:175} INFO - Processing /home/carlosfalcone/.local/lib/python3.7/site-packages/airflow/example_dags/example_time_delta_sensor_async.py took 0.049 seconds
[2024-03-20T22:17:57.383-0300] {processor.py:153} INFO - Started process (PID=1653) to work on /home/carlosfalcone/.local/lib/python3.7/site-packages/airflow/example_dags/example_time_delta_sensor_async.py
[2024-03-20T22:17:57.384-0300] {processor.py:743} INFO - Processing file /home/carlosfalcone/.local/lib/python3.7/site-packages/airflow/example_dags/example_time_delta_sensor_async.py for tasks to queue
[2024-03-20T22:17:57.385-0300] {logging_mixin.py:137} INFO - [2024-03-20T22:17:57.385-0300] {dagbag.py:532} INFO - Filling up the DagBag from /home/carlosfalcone/.local/lib/python3.7/site-packages/airflow/example_dags/example_time_delta_sensor_async.py
[2024-03-20T22:17:57.391-0300] {processor.py:753} INFO - DAG(s) dict_keys(['example_time_delta_sensor_async']) retrieved from /home/carlosfalcone/.local/lib/python3.7/site-packages/airflow/example_dags/example_time_delta_sensor_async.py
[2024-03-20T22:17:57.403-0300] {logging_mixin.py:137} INFO - [2024-03-20T22:17:57.403-0300] {dag.py:2705} INFO - Sync 1 DAGs
[2024-03-20T22:17:57.417-0300] {logging_mixin.py:137} INFO - [2024-03-20T22:17:57.417-0300] {dag.py:3456} INFO - Setting next_dagrun for example_time_delta_sensor_async to None, run_after=None
[2024-03-20T22:17:57.433-0300] {processor.py:175} INFO - Processing /home/carlosfalcone/.local/lib/python3.7/site-packages/airflow/example_dags/example_time_delta_sensor_async.py took 0.051 seconds
[2024-03-21T11:23:48.526-0300] {processor.py:153} INFO - Started process (PID=110) to work on /home/carlosfalcone/.local/lib/python3.7/site-packages/airflow/example_dags/example_time_delta_sensor_async.py
[2024-03-21T11:23:48.527-0300] {processor.py:743} INFO - Processing file /home/carlosfalcone/.local/lib/python3.7/site-packages/airflow/example_dags/example_time_delta_sensor_async.py for tasks to queue
[2024-03-21T11:23:48.527-0300] {logging_mixin.py:137} INFO - [2024-03-21T11:23:48.527-0300] {dagbag.py:532} INFO - Filling up the DagBag from /home/carlosfalcone/.local/lib/python3.7/site-packages/airflow/example_dags/example_time_delta_sensor_async.py
[2024-03-21T11:23:48.534-0300] {processor.py:753} INFO - DAG(s) dict_keys(['example_time_delta_sensor_async']) retrieved from /home/carlosfalcone/.local/lib/python3.7/site-packages/airflow/example_dags/example_time_delta_sensor_async.py
[2024-03-21T11:23:48.547-0300] {logging_mixin.py:137} INFO - [2024-03-21T11:23:48.547-0300] {dag.py:2705} INFO - Sync 1 DAGs
[2024-03-21T11:23:48.561-0300] {logging_mixin.py:137} INFO - [2024-03-21T11:23:48.561-0300] {dag.py:3456} INFO - Setting next_dagrun for example_time_delta_sensor_async to None, run_after=None
[2024-03-21T11:23:48.577-0300] {processor.py:175} INFO - Processing /home/carlosfalcone/.local/lib/python3.7/site-packages/airflow/example_dags/example_time_delta_sensor_async.py took 0.053 seconds
[2024-03-21T11:24:26.220-0300] {processor.py:153} INFO - Started process (PID=335) to work on /home/carlosfalcone/.local/lib/python3.7/site-packages/airflow/example_dags/example_time_delta_sensor_async.py
[2024-03-21T11:24:26.221-0300] {processor.py:743} INFO - Processing file /home/carlosfalcone/.local/lib/python3.7/site-packages/airflow/example_dags/example_time_delta_sensor_async.py for tasks to queue
[2024-03-21T11:24:26.221-0300] {logging_mixin.py:137} INFO - [2024-03-21T11:24:26.221-0300] {dagbag.py:532} INFO - Filling up the DagBag from /home/carlosfalcone/.local/lib/python3.7/site-packages/airflow/example_dags/example_time_delta_sensor_async.py
[2024-03-21T11:24:26.229-0300] {processor.py:753} INFO - DAG(s) dict_keys(['example_time_delta_sensor_async']) retrieved from /home/carlosfalcone/.local/lib/python3.7/site-packages/airflow/example_dags/example_time_delta_sensor_async.py
[2024-03-21T11:24:26.241-0300] {logging_mixin.py:137} INFO - [2024-03-21T11:24:26.241-0300] {dag.py:2705} INFO - Sync 1 DAGs
[2024-03-21T11:24:26.254-0300] {logging_mixin.py:137} INFO - [2024-03-21T11:24:26.254-0300] {dag.py:3456} INFO - Setting next_dagrun for example_time_delta_sensor_async to None, run_after=None
[2024-03-21T11:24:26.278-0300] {processor.py:175} INFO - Processing /home/carlosfalcone/.local/lib/python3.7/site-packages/airflow/example_dags/example_time_delta_sensor_async.py took 0.059 seconds
