[2024-03-20T22:09:13.806-0300] {processor.py:153} INFO - Started process (PID=311) to work on /home/carlosfalcone/.local/lib/python3.7/site-packages/airflow/example_dags/example_sla_dag.py
[2024-03-20T22:09:13.806-0300] {processor.py:743} INFO - Processing file /home/carlosfalcone/.local/lib/python3.7/site-packages/airflow/example_dags/example_sla_dag.py for tasks to queue
[2024-03-20T22:09:13.807-0300] {logging_mixin.py:137} INFO - [2024-03-20T22:09:13.806-0300] {dagbag.py:532} INFO - Filling up the DagBag from /home/carlosfalcone/.local/lib/python3.7/site-packages/airflow/example_dags/example_sla_dag.py
[2024-03-20T22:09:13.821-0300] {processor.py:753} INFO - DAG(s) dict_keys(['example_sla_dag']) retrieved from /home/carlosfalcone/.local/lib/python3.7/site-packages/airflow/example_dags/example_sla_dag.py
[2024-03-20T22:09:13.887-0300] {logging_mixin.py:137} INFO - [2024-03-20T22:09:13.887-0300] {manager.py:504} INFO - Created Permission View: can delete on DAG:example_sla_dag
[2024-03-20T22:09:13.894-0300] {logging_mixin.py:137} INFO - [2024-03-20T22:09:13.894-0300] {manager.py:504} INFO - Created Permission View: can read on DAG:example_sla_dag
[2024-03-20T22:09:13.901-0300] {logging_mixin.py:137} INFO - [2024-03-20T22:09:13.900-0300] {manager.py:504} INFO - Created Permission View: can edit on DAG:example_sla_dag
[2024-03-20T22:09:13.901-0300] {logging_mixin.py:137} INFO - [2024-03-20T22:09:13.901-0300] {dag.py:2705} INFO - Sync 1 DAGs
[2024-03-20T22:09:13.909-0300] {logging_mixin.py:137} INFO - [2024-03-20T22:09:13.908-0300] {dag.py:2726} INFO - Creating ORM DAG for example_sla_dag
[2024-03-20T22:09:13.917-0300] {logging_mixin.py:137} INFO - [2024-03-20T22:09:13.917-0300] {dag.py:3456} INFO - Setting next_dagrun for example_sla_dag to 2024-03-21T01:06:00+00:00, run_after=2024-03-21T01:08:00+00:00
[2024-03-20T22:09:13.933-0300] {processor.py:175} INFO - Processing /home/carlosfalcone/.local/lib/python3.7/site-packages/airflow/example_dags/example_sla_dag.py took 0.128 seconds
[2024-03-20T22:09:56.608-0300] {processor.py:153} INFO - Started process (PID=509) to work on /home/carlosfalcone/.local/lib/python3.7/site-packages/airflow/example_dags/example_sla_dag.py
[2024-03-20T22:09:56.608-0300] {processor.py:743} INFO - Processing file /home/carlosfalcone/.local/lib/python3.7/site-packages/airflow/example_dags/example_sla_dag.py for tasks to queue
[2024-03-20T22:09:56.609-0300] {logging_mixin.py:137} INFO - [2024-03-20T22:09:56.609-0300] {dagbag.py:532} INFO - Filling up the DagBag from /home/carlosfalcone/.local/lib/python3.7/site-packages/airflow/example_dags/example_sla_dag.py
[2024-03-20T22:09:56.625-0300] {processor.py:753} INFO - DAG(s) dict_keys(['example_sla_dag']) retrieved from /home/carlosfalcone/.local/lib/python3.7/site-packages/airflow/example_dags/example_sla_dag.py
[2024-03-20T22:09:56.637-0300] {logging_mixin.py:137} INFO - [2024-03-20T22:09:56.637-0300] {dag.py:2705} INFO - Sync 1 DAGs
[2024-03-20T22:09:56.654-0300] {logging_mixin.py:137} INFO - [2024-03-20T22:09:56.654-0300] {dag.py:3456} INFO - Setting next_dagrun for example_sla_dag to 2024-03-21T01:06:00+00:00, run_after=2024-03-21T01:08:00+00:00
[2024-03-20T22:09:56.670-0300] {processor.py:175} INFO - Processing /home/carlosfalcone/.local/lib/python3.7/site-packages/airflow/example_dags/example_sla_dag.py took 0.064 seconds
[2024-03-20T22:10:36.862-0300] {processor.py:153} INFO - Started process (PID=611) to work on /home/carlosfalcone/.local/lib/python3.7/site-packages/airflow/example_dags/example_sla_dag.py
[2024-03-20T22:10:36.863-0300] {processor.py:743} INFO - Processing file /home/carlosfalcone/.local/lib/python3.7/site-packages/airflow/example_dags/example_sla_dag.py for tasks to queue
[2024-03-20T22:10:36.863-0300] {logging_mixin.py:137} INFO - [2024-03-20T22:10:36.863-0300] {dagbag.py:532} INFO - Filling up the DagBag from /home/carlosfalcone/.local/lib/python3.7/site-packages/airflow/example_dags/example_sla_dag.py
[2024-03-20T22:10:36.877-0300] {processor.py:753} INFO - DAG(s) dict_keys(['example_sla_dag']) retrieved from /home/carlosfalcone/.local/lib/python3.7/site-packages/airflow/example_dags/example_sla_dag.py
[2024-03-20T22:10:36.888-0300] {logging_mixin.py:137} INFO - [2024-03-20T22:10:36.888-0300] {dag.py:2705} INFO - Sync 1 DAGs
[2024-03-20T22:10:36.904-0300] {logging_mixin.py:137} INFO - [2024-03-20T22:10:36.904-0300] {dag.py:3456} INFO - Setting next_dagrun for example_sla_dag to 2024-03-21T01:08:00+00:00, run_after=2024-03-21T01:10:00+00:00
[2024-03-20T22:10:36.921-0300] {processor.py:175} INFO - Processing /home/carlosfalcone/.local/lib/python3.7/site-packages/airflow/example_dags/example_sla_dag.py took 0.060 seconds
[2024-03-20T22:11:17.059-0300] {processor.py:153} INFO - Started process (PID=713) to work on /home/carlosfalcone/.local/lib/python3.7/site-packages/airflow/example_dags/example_sla_dag.py
[2024-03-20T22:11:17.060-0300] {processor.py:743} INFO - Processing file /home/carlosfalcone/.local/lib/python3.7/site-packages/airflow/example_dags/example_sla_dag.py for tasks to queue
[2024-03-20T22:11:17.060-0300] {logging_mixin.py:137} INFO - [2024-03-20T22:11:17.060-0300] {dagbag.py:532} INFO - Filling up the DagBag from /home/carlosfalcone/.local/lib/python3.7/site-packages/airflow/example_dags/example_sla_dag.py
[2024-03-20T22:11:17.073-0300] {processor.py:753} INFO - DAG(s) dict_keys(['example_sla_dag']) retrieved from /home/carlosfalcone/.local/lib/python3.7/site-packages/airflow/example_dags/example_sla_dag.py
[2024-03-20T22:11:17.084-0300] {logging_mixin.py:137} INFO - [2024-03-20T22:11:17.084-0300] {dag.py:2705} INFO - Sync 1 DAGs
[2024-03-20T22:11:17.101-0300] {logging_mixin.py:137} INFO - [2024-03-20T22:11:17.100-0300] {dag.py:3456} INFO - Setting next_dagrun for example_sla_dag to 2024-03-21T01:08:00+00:00, run_after=2024-03-21T01:10:00+00:00
[2024-03-20T22:11:17.116-0300] {processor.py:175} INFO - Processing /home/carlosfalcone/.local/lib/python3.7/site-packages/airflow/example_dags/example_sla_dag.py took 0.059 seconds
[2024-03-20T22:12:01.559-0300] {processor.py:153} INFO - Started process (PID=819) to work on /home/carlosfalcone/.local/lib/python3.7/site-packages/airflow/example_dags/example_sla_dag.py
[2024-03-20T22:12:01.560-0300] {processor.py:743} INFO - Processing file /home/carlosfalcone/.local/lib/python3.7/site-packages/airflow/example_dags/example_sla_dag.py for tasks to queue
[2024-03-20T22:12:01.560-0300] {logging_mixin.py:137} INFO - [2024-03-20T22:12:01.560-0300] {dagbag.py:532} INFO - Filling up the DagBag from /home/carlosfalcone/.local/lib/python3.7/site-packages/airflow/example_dags/example_sla_dag.py
[2024-03-20T22:12:01.574-0300] {processor.py:753} INFO - DAG(s) dict_keys(['example_sla_dag']) retrieved from /home/carlosfalcone/.local/lib/python3.7/site-packages/airflow/example_dags/example_sla_dag.py
[2024-03-20T22:12:01.585-0300] {logging_mixin.py:137} INFO - [2024-03-20T22:12:01.585-0300] {dag.py:2705} INFO - Sync 1 DAGs
[2024-03-20T22:12:01.601-0300] {logging_mixin.py:137} INFO - [2024-03-20T22:12:01.601-0300] {dag.py:3456} INFO - Setting next_dagrun for example_sla_dag to 2024-03-21T01:10:00+00:00, run_after=2024-03-21T01:12:00+00:00
[2024-03-20T22:12:01.617-0300] {processor.py:175} INFO - Processing /home/carlosfalcone/.local/lib/python3.7/site-packages/airflow/example_dags/example_sla_dag.py took 0.060 seconds
[2024-03-20T22:12:40.196-0300] {processor.py:153} INFO - Started process (PID=918) to work on /home/carlosfalcone/.local/lib/python3.7/site-packages/airflow/example_dags/example_sla_dag.py
[2024-03-20T22:12:40.197-0300] {processor.py:743} INFO - Processing file /home/carlosfalcone/.local/lib/python3.7/site-packages/airflow/example_dags/example_sla_dag.py for tasks to queue
[2024-03-20T22:12:40.197-0300] {logging_mixin.py:137} INFO - [2024-03-20T22:12:40.197-0300] {dagbag.py:532} INFO - Filling up the DagBag from /home/carlosfalcone/.local/lib/python3.7/site-packages/airflow/example_dags/example_sla_dag.py
[2024-03-20T22:12:40.211-0300] {processor.py:753} INFO - DAG(s) dict_keys(['example_sla_dag']) retrieved from /home/carlosfalcone/.local/lib/python3.7/site-packages/airflow/example_dags/example_sla_dag.py
[2024-03-20T22:12:40.222-0300] {logging_mixin.py:137} INFO - [2024-03-20T22:12:40.222-0300] {dag.py:2705} INFO - Sync 1 DAGs
[2024-03-20T22:12:40.237-0300] {logging_mixin.py:137} INFO - [2024-03-20T22:12:40.237-0300] {dag.py:3456} INFO - Setting next_dagrun for example_sla_dag to 2024-03-21T01:10:00+00:00, run_after=2024-03-21T01:12:00+00:00
[2024-03-20T22:12:40.253-0300] {processor.py:175} INFO - Processing /home/carlosfalcone/.local/lib/python3.7/site-packages/airflow/example_dags/example_sla_dag.py took 0.059 seconds
[2024-03-20T22:13:23.667-0300] {processor.py:153} INFO - Started process (PID=1026) to work on /home/carlosfalcone/.local/lib/python3.7/site-packages/airflow/example_dags/example_sla_dag.py
[2024-03-20T22:13:23.668-0300] {processor.py:743} INFO - Processing file /home/carlosfalcone/.local/lib/python3.7/site-packages/airflow/example_dags/example_sla_dag.py for tasks to queue
[2024-03-20T22:13:23.669-0300] {logging_mixin.py:137} INFO - [2024-03-20T22:13:23.669-0300] {dagbag.py:532} INFO - Filling up the DagBag from /home/carlosfalcone/.local/lib/python3.7/site-packages/airflow/example_dags/example_sla_dag.py
[2024-03-20T22:13:23.682-0300] {processor.py:753} INFO - DAG(s) dict_keys(['example_sla_dag']) retrieved from /home/carlosfalcone/.local/lib/python3.7/site-packages/airflow/example_dags/example_sla_dag.py
[2024-03-20T22:13:23.693-0300] {logging_mixin.py:137} INFO - [2024-03-20T22:13:23.693-0300] {dag.py:2705} INFO - Sync 1 DAGs
[2024-03-20T22:13:23.708-0300] {logging_mixin.py:137} INFO - [2024-03-20T22:13:23.708-0300] {dag.py:3456} INFO - Setting next_dagrun for example_sla_dag to 2024-03-21T01:10:00+00:00, run_after=2024-03-21T01:12:00+00:00
[2024-03-20T22:13:23.723-0300] {processor.py:175} INFO - Processing /home/carlosfalcone/.local/lib/python3.7/site-packages/airflow/example_dags/example_sla_dag.py took 0.057 seconds
[2024-03-20T22:14:03.051-0300] {processor.py:153} INFO - Started process (PID=1107) to work on /home/carlosfalcone/.local/lib/python3.7/site-packages/airflow/example_dags/example_sla_dag.py
[2024-03-20T22:14:03.052-0300] {processor.py:743} INFO - Processing file /home/carlosfalcone/.local/lib/python3.7/site-packages/airflow/example_dags/example_sla_dag.py for tasks to queue
[2024-03-20T22:14:03.053-0300] {logging_mixin.py:137} INFO - [2024-03-20T22:14:03.053-0300] {dagbag.py:532} INFO - Filling up the DagBag from /home/carlosfalcone/.local/lib/python3.7/site-packages/airflow/example_dags/example_sla_dag.py
[2024-03-20T22:14:03.065-0300] {processor.py:753} INFO - DAG(s) dict_keys(['example_sla_dag']) retrieved from /home/carlosfalcone/.local/lib/python3.7/site-packages/airflow/example_dags/example_sla_dag.py
[2024-03-20T22:14:03.077-0300] {logging_mixin.py:137} INFO - [2024-03-20T22:14:03.076-0300] {dag.py:2705} INFO - Sync 1 DAGs
[2024-03-20T22:14:03.092-0300] {logging_mixin.py:137} INFO - [2024-03-20T22:14:03.092-0300] {dag.py:3456} INFO - Setting next_dagrun for example_sla_dag to 2024-03-21T01:12:00+00:00, run_after=2024-03-21T01:14:00+00:00
[2024-03-20T22:14:03.107-0300] {processor.py:175} INFO - Processing /home/carlosfalcone/.local/lib/python3.7/site-packages/airflow/example_dags/example_sla_dag.py took 0.058 seconds
[2024-03-20T22:14:41.075-0300] {processor.py:153} INFO - Started process (PID=1146) to work on /home/carlosfalcone/.local/lib/python3.7/site-packages/airflow/example_dags/example_sla_dag.py
[2024-03-20T22:14:41.076-0300] {processor.py:743} INFO - Processing file /home/carlosfalcone/.local/lib/python3.7/site-packages/airflow/example_dags/example_sla_dag.py for tasks to queue
[2024-03-20T22:14:41.076-0300] {logging_mixin.py:137} INFO - [2024-03-20T22:14:41.076-0300] {dagbag.py:532} INFO - Filling up the DagBag from /home/carlosfalcone/.local/lib/python3.7/site-packages/airflow/example_dags/example_sla_dag.py
[2024-03-20T22:14:41.089-0300] {processor.py:753} INFO - DAG(s) dict_keys(['example_sla_dag']) retrieved from /home/carlosfalcone/.local/lib/python3.7/site-packages/airflow/example_dags/example_sla_dag.py
[2024-03-20T22:14:41.100-0300] {logging_mixin.py:137} INFO - [2024-03-20T22:14:41.100-0300] {dag.py:2705} INFO - Sync 1 DAGs
[2024-03-20T22:14:41.116-0300] {logging_mixin.py:137} INFO - [2024-03-20T22:14:41.116-0300] {dag.py:3456} INFO - Setting next_dagrun for example_sla_dag to 2024-03-21T01:12:00+00:00, run_after=2024-03-21T01:14:00+00:00
[2024-03-20T22:14:41.131-0300] {processor.py:175} INFO - Processing /home/carlosfalcone/.local/lib/python3.7/site-packages/airflow/example_dags/example_sla_dag.py took 0.058 seconds
[2024-03-20T22:15:23.108-0300] {processor.py:153} INFO - Started process (PID=1252) to work on /home/carlosfalcone/.local/lib/python3.7/site-packages/airflow/example_dags/example_sla_dag.py
[2024-03-20T22:15:23.109-0300] {processor.py:743} INFO - Processing file /home/carlosfalcone/.local/lib/python3.7/site-packages/airflow/example_dags/example_sla_dag.py for tasks to queue
[2024-03-20T22:15:23.110-0300] {logging_mixin.py:137} INFO - [2024-03-20T22:15:23.110-0300] {dagbag.py:532} INFO - Filling up the DagBag from /home/carlosfalcone/.local/lib/python3.7/site-packages/airflow/example_dags/example_sla_dag.py
[2024-03-20T22:15:23.123-0300] {processor.py:753} INFO - DAG(s) dict_keys(['example_sla_dag']) retrieved from /home/carlosfalcone/.local/lib/python3.7/site-packages/airflow/example_dags/example_sla_dag.py
[2024-03-20T22:15:23.135-0300] {logging_mixin.py:137} INFO - [2024-03-20T22:15:23.134-0300] {dag.py:2705} INFO - Sync 1 DAGs
[2024-03-20T22:15:23.150-0300] {logging_mixin.py:137} INFO - [2024-03-20T22:15:23.150-0300] {dag.py:3456} INFO - Setting next_dagrun for example_sla_dag to 2024-03-21T01:12:00+00:00, run_after=2024-03-21T01:14:00+00:00
[2024-03-20T22:15:23.165-0300] {processor.py:175} INFO - Processing /home/carlosfalcone/.local/lib/python3.7/site-packages/airflow/example_dags/example_sla_dag.py took 0.058 seconds
[2024-03-20T22:16:00.363-0300] {processor.py:153} INFO - Started process (PID=1351) to work on /home/carlosfalcone/.local/lib/python3.7/site-packages/airflow/example_dags/example_sla_dag.py
[2024-03-20T22:16:00.364-0300] {processor.py:743} INFO - Processing file /home/carlosfalcone/.local/lib/python3.7/site-packages/airflow/example_dags/example_sla_dag.py for tasks to queue
[2024-03-20T22:16:00.365-0300] {logging_mixin.py:137} INFO - [2024-03-20T22:16:00.365-0300] {dagbag.py:532} INFO - Filling up the DagBag from /home/carlosfalcone/.local/lib/python3.7/site-packages/airflow/example_dags/example_sla_dag.py
[2024-03-20T22:16:00.378-0300] {processor.py:753} INFO - DAG(s) dict_keys(['example_sla_dag']) retrieved from /home/carlosfalcone/.local/lib/python3.7/site-packages/airflow/example_dags/example_sla_dag.py
[2024-03-20T22:16:00.389-0300] {logging_mixin.py:137} INFO - [2024-03-20T22:16:00.389-0300] {dag.py:2705} INFO - Sync 1 DAGs
[2024-03-20T22:16:00.406-0300] {logging_mixin.py:137} INFO - [2024-03-20T22:16:00.405-0300] {dag.py:3456} INFO - Setting next_dagrun for example_sla_dag to 2024-03-21T01:14:00+00:00, run_after=2024-03-21T01:16:00+00:00
[2024-03-20T22:16:00.420-0300] {processor.py:175} INFO - Processing /home/carlosfalcone/.local/lib/python3.7/site-packages/airflow/example_dags/example_sla_dag.py took 0.059 seconds
[2024-03-20T22:16:45.424-0300] {processor.py:153} INFO - Started process (PID=1471) to work on /home/carlosfalcone/.local/lib/python3.7/site-packages/airflow/example_dags/example_sla_dag.py
[2024-03-20T22:16:45.425-0300] {processor.py:743} INFO - Processing file /home/carlosfalcone/.local/lib/python3.7/site-packages/airflow/example_dags/example_sla_dag.py for tasks to queue
[2024-03-20T22:16:45.426-0300] {logging_mixin.py:137} INFO - [2024-03-20T22:16:45.426-0300] {dagbag.py:532} INFO - Filling up the DagBag from /home/carlosfalcone/.local/lib/python3.7/site-packages/airflow/example_dags/example_sla_dag.py
[2024-03-20T22:16:45.439-0300] {processor.py:753} INFO - DAG(s) dict_keys(['example_sla_dag']) retrieved from /home/carlosfalcone/.local/lib/python3.7/site-packages/airflow/example_dags/example_sla_dag.py
[2024-03-20T22:16:45.451-0300] {logging_mixin.py:137} INFO - [2024-03-20T22:16:45.451-0300] {dag.py:2705} INFO - Sync 1 DAGs
[2024-03-20T22:16:45.466-0300] {logging_mixin.py:137} INFO - [2024-03-20T22:16:45.466-0300] {dag.py:3456} INFO - Setting next_dagrun for example_sla_dag to 2024-03-21T01:14:00+00:00, run_after=2024-03-21T01:16:00+00:00
[2024-03-20T22:16:45.485-0300] {processor.py:175} INFO - Processing /home/carlosfalcone/.local/lib/python3.7/site-packages/airflow/example_dags/example_sla_dag.py took 0.062 seconds
[2024-03-20T22:17:35.527-0300] {processor.py:153} INFO - Started process (PID=1596) to work on /home/carlosfalcone/.local/lib/python3.7/site-packages/airflow/example_dags/example_sla_dag.py
[2024-03-20T22:17:35.528-0300] {processor.py:743} INFO - Processing file /home/carlosfalcone/.local/lib/python3.7/site-packages/airflow/example_dags/example_sla_dag.py for tasks to queue
[2024-03-20T22:17:35.529-0300] {logging_mixin.py:137} INFO - [2024-03-20T22:17:35.528-0300] {dagbag.py:532} INFO - Filling up the DagBag from /home/carlosfalcone/.local/lib/python3.7/site-packages/airflow/example_dags/example_sla_dag.py
[2024-03-20T22:17:35.542-0300] {processor.py:753} INFO - DAG(s) dict_keys(['example_sla_dag']) retrieved from /home/carlosfalcone/.local/lib/python3.7/site-packages/airflow/example_dags/example_sla_dag.py
[2024-03-20T22:17:35.553-0300] {logging_mixin.py:137} INFO - [2024-03-20T22:17:35.553-0300] {dag.py:2705} INFO - Sync 1 DAGs
[2024-03-20T22:17:35.569-0300] {logging_mixin.py:137} INFO - [2024-03-20T22:17:35.569-0300] {dag.py:3456} INFO - Setting next_dagrun for example_sla_dag to 2024-03-21T01:14:00+00:00, run_after=2024-03-21T01:16:00+00:00
[2024-03-20T22:17:35.584-0300] {processor.py:175} INFO - Processing /home/carlosfalcone/.local/lib/python3.7/site-packages/airflow/example_dags/example_sla_dag.py took 0.059 seconds
[2024-03-20T22:18:21.043-0300] {processor.py:153} INFO - Started process (PID=1710) to work on /home/carlosfalcone/.local/lib/python3.7/site-packages/airflow/example_dags/example_sla_dag.py
[2024-03-20T22:18:21.043-0300] {processor.py:743} INFO - Processing file /home/carlosfalcone/.local/lib/python3.7/site-packages/airflow/example_dags/example_sla_dag.py for tasks to queue
[2024-03-20T22:18:21.044-0300] {logging_mixin.py:137} INFO - [2024-03-20T22:18:21.044-0300] {dagbag.py:532} INFO - Filling up the DagBag from /home/carlosfalcone/.local/lib/python3.7/site-packages/airflow/example_dags/example_sla_dag.py
[2024-03-20T22:18:21.059-0300] {processor.py:753} INFO - DAG(s) dict_keys(['example_sla_dag']) retrieved from /home/carlosfalcone/.local/lib/python3.7/site-packages/airflow/example_dags/example_sla_dag.py
[2024-03-20T22:18:21.070-0300] {logging_mixin.py:137} INFO - [2024-03-20T22:18:21.070-0300] {dag.py:2705} INFO - Sync 1 DAGs
[2024-03-20T22:18:21.087-0300] {logging_mixin.py:137} INFO - [2024-03-20T22:18:21.087-0300] {dag.py:3456} INFO - Setting next_dagrun for example_sla_dag to 2024-03-21T01:16:00+00:00, run_after=2024-03-21T01:18:00+00:00
[2024-03-20T22:18:21.106-0300] {processor.py:175} INFO - Processing /home/carlosfalcone/.local/lib/python3.7/site-packages/airflow/example_dags/example_sla_dag.py took 0.066 seconds
[2024-03-21T11:23:45.132-0300] {processor.py:153} INFO - Started process (PID=107) to work on /home/carlosfalcone/.local/lib/python3.7/site-packages/airflow/example_dags/example_sla_dag.py
[2024-03-21T11:23:45.133-0300] {processor.py:743} INFO - Processing file /home/carlosfalcone/.local/lib/python3.7/site-packages/airflow/example_dags/example_sla_dag.py for tasks to queue
[2024-03-21T11:23:45.134-0300] {logging_mixin.py:137} INFO - [2024-03-21T11:23:45.134-0300] {dagbag.py:532} INFO - Filling up the DagBag from /home/carlosfalcone/.local/lib/python3.7/site-packages/airflow/example_dags/example_sla_dag.py
[2024-03-21T11:23:45.149-0300] {processor.py:753} INFO - DAG(s) dict_keys(['example_sla_dag']) retrieved from /home/carlosfalcone/.local/lib/python3.7/site-packages/airflow/example_dags/example_sla_dag.py
[2024-03-21T11:23:45.161-0300] {logging_mixin.py:137} INFO - [2024-03-21T11:23:45.161-0300] {dag.py:2705} INFO - Sync 1 DAGs
[2024-03-21T11:23:45.177-0300] {logging_mixin.py:137} INFO - [2024-03-21T11:23:45.177-0300] {dag.py:3456} INFO - Setting next_dagrun for example_sla_dag to 2024-03-21T14:20:00+00:00, run_after=2024-03-21T14:22:00+00:00
[2024-03-21T11:23:45.195-0300] {processor.py:175} INFO - Processing /home/carlosfalcone/.local/lib/python3.7/site-packages/airflow/example_dags/example_sla_dag.py took 0.065 seconds
[2024-03-21T11:24:24.749-0300] {processor.py:153} INFO - Started process (PID=329) to work on /home/carlosfalcone/.local/lib/python3.7/site-packages/airflow/example_dags/example_sla_dag.py
[2024-03-21T11:24:24.750-0300] {processor.py:743} INFO - Processing file /home/carlosfalcone/.local/lib/python3.7/site-packages/airflow/example_dags/example_sla_dag.py for tasks to queue
[2024-03-21T11:24:24.750-0300] {logging_mixin.py:137} INFO - [2024-03-21T11:24:24.750-0300] {dagbag.py:532} INFO - Filling up the DagBag from /home/carlosfalcone/.local/lib/python3.7/site-packages/airflow/example_dags/example_sla_dag.py
[2024-03-21T11:24:24.765-0300] {processor.py:753} INFO - DAG(s) dict_keys(['example_sla_dag']) retrieved from /home/carlosfalcone/.local/lib/python3.7/site-packages/airflow/example_dags/example_sla_dag.py
[2024-03-21T11:24:24.777-0300] {logging_mixin.py:137} INFO - [2024-03-21T11:24:24.777-0300] {dag.py:2705} INFO - Sync 1 DAGs
[2024-03-21T11:24:24.793-0300] {logging_mixin.py:137} INFO - [2024-03-21T11:24:24.793-0300] {dag.py:3456} INFO - Setting next_dagrun for example_sla_dag to 2024-03-21T14:22:00+00:00, run_after=2024-03-21T14:24:00+00:00
[2024-03-21T11:24:24.810-0300] {processor.py:175} INFO - Processing /home/carlosfalcone/.local/lib/python3.7/site-packages/airflow/example_dags/example_sla_dag.py took 0.062 seconds
[2024-03-21T11:25:05.669-0300] {processor.py:153} INFO - Started process (PID=434) to work on /home/carlosfalcone/.local/lib/python3.7/site-packages/airflow/example_dags/example_sla_dag.py
[2024-03-21T11:25:05.670-0300] {processor.py:743} INFO - Processing file /home/carlosfalcone/.local/lib/python3.7/site-packages/airflow/example_dags/example_sla_dag.py for tasks to queue
[2024-03-21T11:25:05.670-0300] {logging_mixin.py:137} INFO - [2024-03-21T11:25:05.670-0300] {dagbag.py:532} INFO - Filling up the DagBag from /home/carlosfalcone/.local/lib/python3.7/site-packages/airflow/example_dags/example_sla_dag.py
[2024-03-21T11:25:05.685-0300] {processor.py:753} INFO - DAG(s) dict_keys(['example_sla_dag']) retrieved from /home/carlosfalcone/.local/lib/python3.7/site-packages/airflow/example_dags/example_sla_dag.py
[2024-03-21T11:25:05.698-0300] {logging_mixin.py:137} INFO - [2024-03-21T11:25:05.698-0300] {dag.py:2705} INFO - Sync 1 DAGs
[2024-03-21T11:25:05.717-0300] {logging_mixin.py:137} INFO - [2024-03-21T11:25:05.717-0300] {dag.py:3456} INFO - Setting next_dagrun for example_sla_dag to 2024-03-21T14:22:00+00:00, run_after=2024-03-21T14:24:00+00:00
[2024-03-21T11:25:05.733-0300] {processor.py:175} INFO - Processing /home/carlosfalcone/.local/lib/python3.7/site-packages/airflow/example_dags/example_sla_dag.py took 0.065 seconds
