[2024-03-20T22:08:54.637-0300] {processor.py:153} INFO - Started process (PID=263) to work on /home/carlosfalcone/.local/lib/python3.7/site-packages/airflow/example_dags/example_kubernetes_executor.py
[2024-03-20T22:08:54.637-0300] {processor.py:743} INFO - Processing file /home/carlosfalcone/.local/lib/python3.7/site-packages/airflow/example_dags/example_kubernetes_executor.py for tasks to queue
[2024-03-20T22:08:54.637-0300] {logging_mixin.py:137} INFO - [2024-03-20T22:08:54.637-0300] {dagbag.py:532} INFO - Filling up the DagBag from /home/carlosfalcone/.local/lib/python3.7/site-packages/airflow/example_dags/example_kubernetes_executor.py
[2024-03-20T22:08:54.646-0300] {logging_mixin.py:137} INFO - [2024-03-20T22:08:54.646-0300] {example_kubernetes_executor.py:42} WARNING - The example_kubernetes_executor example DAG requires the kubernetes provider. Please install it with: pip install apache-airflow[cncf.kubernetes]
[2024-03-20T22:08:54.646-0300] {processor.py:755} WARNING - No viable dags retrieved from /home/carlosfalcone/.local/lib/python3.7/site-packages/airflow/example_dags/example_kubernetes_executor.py
[2024-03-20T22:08:54.651-0300] {processor.py:175} INFO - Processing /home/carlosfalcone/.local/lib/python3.7/site-packages/airflow/example_dags/example_kubernetes_executor.py took 0.015 seconds
[2024-03-20T22:09:38.389-0300] {processor.py:153} INFO - Started process (PID=335) to work on /home/carlosfalcone/.local/lib/python3.7/site-packages/airflow/example_dags/example_kubernetes_executor.py
[2024-03-20T22:09:38.390-0300] {processor.py:743} INFO - Processing file /home/carlosfalcone/.local/lib/python3.7/site-packages/airflow/example_dags/example_kubernetes_executor.py for tasks to queue
[2024-03-20T22:09:38.390-0300] {logging_mixin.py:137} INFO - [2024-03-20T22:09:38.390-0300] {dagbag.py:532} INFO - Filling up the DagBag from /home/carlosfalcone/.local/lib/python3.7/site-packages/airflow/example_dags/example_kubernetes_executor.py
[2024-03-20T22:09:38.399-0300] {logging_mixin.py:137} INFO - [2024-03-20T22:09:38.399-0300] {example_kubernetes_executor.py:42} WARNING - The example_kubernetes_executor example DAG requires the kubernetes provider. Please install it with: pip install apache-airflow[cncf.kubernetes]
[2024-03-20T22:09:38.399-0300] {processor.py:755} WARNING - No viable dags retrieved from /home/carlosfalcone/.local/lib/python3.7/site-packages/airflow/example_dags/example_kubernetes_executor.py
[2024-03-20T22:09:38.405-0300] {processor.py:175} INFO - Processing /home/carlosfalcone/.local/lib/python3.7/site-packages/airflow/example_dags/example_kubernetes_executor.py took 0.018 seconds
[2024-03-20T22:10:15.504-0300] {processor.py:153} INFO - Started process (PID=560) to work on /home/carlosfalcone/.local/lib/python3.7/site-packages/airflow/example_dags/example_kubernetes_executor.py
[2024-03-20T22:10:15.506-0300] {processor.py:743} INFO - Processing file /home/carlosfalcone/.local/lib/python3.7/site-packages/airflow/example_dags/example_kubernetes_executor.py for tasks to queue
[2024-03-20T22:10:15.506-0300] {logging_mixin.py:137} INFO - [2024-03-20T22:10:15.506-0300] {dagbag.py:532} INFO - Filling up the DagBag from /home/carlosfalcone/.local/lib/python3.7/site-packages/airflow/example_dags/example_kubernetes_executor.py
[2024-03-20T22:10:15.516-0300] {logging_mixin.py:137} INFO - [2024-03-20T22:10:15.515-0300] {example_kubernetes_executor.py:42} WARNING - The example_kubernetes_executor example DAG requires the kubernetes provider. Please install it with: pip install apache-airflow[cncf.kubernetes]
[2024-03-20T22:10:15.516-0300] {processor.py:755} WARNING - No viable dags retrieved from /home/carlosfalcone/.local/lib/python3.7/site-packages/airflow/example_dags/example_kubernetes_executor.py
[2024-03-20T22:10:15.521-0300] {processor.py:175} INFO - Processing /home/carlosfalcone/.local/lib/python3.7/site-packages/airflow/example_dags/example_kubernetes_executor.py took 0.018 seconds
[2024-03-20T22:10:58.260-0300] {processor.py:153} INFO - Started process (PID=665) to work on /home/carlosfalcone/.local/lib/python3.7/site-packages/airflow/example_dags/example_kubernetes_executor.py
[2024-03-20T22:10:58.261-0300] {processor.py:743} INFO - Processing file /home/carlosfalcone/.local/lib/python3.7/site-packages/airflow/example_dags/example_kubernetes_executor.py for tasks to queue
[2024-03-20T22:10:58.262-0300] {logging_mixin.py:137} INFO - [2024-03-20T22:10:58.262-0300] {dagbag.py:532} INFO - Filling up the DagBag from /home/carlosfalcone/.local/lib/python3.7/site-packages/airflow/example_dags/example_kubernetes_executor.py
[2024-03-20T22:10:58.271-0300] {logging_mixin.py:137} INFO - [2024-03-20T22:10:58.271-0300] {example_kubernetes_executor.py:42} WARNING - The example_kubernetes_executor example DAG requires the kubernetes provider. Please install it with: pip install apache-airflow[cncf.kubernetes]
[2024-03-20T22:10:58.271-0300] {processor.py:755} WARNING - No viable dags retrieved from /home/carlosfalcone/.local/lib/python3.7/site-packages/airflow/example_dags/example_kubernetes_executor.py
[2024-03-20T22:10:58.276-0300] {processor.py:175} INFO - Processing /home/carlosfalcone/.local/lib/python3.7/site-packages/airflow/example_dags/example_kubernetes_executor.py took 0.017 seconds
[2024-03-20T22:11:32.429-0300] {processor.py:153} INFO - Started process (PID=752) to work on /home/carlosfalcone/.local/lib/python3.7/site-packages/airflow/example_dags/example_kubernetes_executor.py
[2024-03-20T22:11:32.431-0300] {processor.py:743} INFO - Processing file /home/carlosfalcone/.local/lib/python3.7/site-packages/airflow/example_dags/example_kubernetes_executor.py for tasks to queue
[2024-03-20T22:11:32.431-0300] {logging_mixin.py:137} INFO - [2024-03-20T22:11:32.431-0300] {dagbag.py:532} INFO - Filling up the DagBag from /home/carlosfalcone/.local/lib/python3.7/site-packages/airflow/example_dags/example_kubernetes_executor.py
[2024-03-20T22:11:32.440-0300] {logging_mixin.py:137} INFO - [2024-03-20T22:11:32.440-0300] {example_kubernetes_executor.py:42} WARNING - The example_kubernetes_executor example DAG requires the kubernetes provider. Please install it with: pip install apache-airflow[cncf.kubernetes]
[2024-03-20T22:11:32.440-0300] {processor.py:755} WARNING - No viable dags retrieved from /home/carlosfalcone/.local/lib/python3.7/site-packages/airflow/example_dags/example_kubernetes_executor.py
[2024-03-20T22:11:32.445-0300] {processor.py:175} INFO - Processing /home/carlosfalcone/.local/lib/python3.7/site-packages/airflow/example_dags/example_kubernetes_executor.py took 0.017 seconds
[2024-03-20T22:12:07.686-0300] {processor.py:153} INFO - Started process (PID=834) to work on /home/carlosfalcone/.local/lib/python3.7/site-packages/airflow/example_dags/example_kubernetes_executor.py
[2024-03-20T22:12:07.687-0300] {processor.py:743} INFO - Processing file /home/carlosfalcone/.local/lib/python3.7/site-packages/airflow/example_dags/example_kubernetes_executor.py for tasks to queue
[2024-03-20T22:12:07.687-0300] {logging_mixin.py:137} INFO - [2024-03-20T22:12:07.687-0300] {dagbag.py:532} INFO - Filling up the DagBag from /home/carlosfalcone/.local/lib/python3.7/site-packages/airflow/example_dags/example_kubernetes_executor.py
[2024-03-20T22:12:07.696-0300] {logging_mixin.py:137} INFO - [2024-03-20T22:12:07.696-0300] {example_kubernetes_executor.py:42} WARNING - The example_kubernetes_executor example DAG requires the kubernetes provider. Please install it with: pip install apache-airflow[cncf.kubernetes]
[2024-03-20T22:12:07.696-0300] {processor.py:755} WARNING - No viable dags retrieved from /home/carlosfalcone/.local/lib/python3.7/site-packages/airflow/example_dags/example_kubernetes_executor.py
[2024-03-20T22:12:07.701-0300] {processor.py:175} INFO - Processing /home/carlosfalcone/.local/lib/python3.7/site-packages/airflow/example_dags/example_kubernetes_executor.py took 0.016 seconds
[2024-03-20T22:12:44.282-0300] {processor.py:153} INFO - Started process (PID=928) to work on /home/carlosfalcone/.local/lib/python3.7/site-packages/airflow/example_dags/example_kubernetes_executor.py
[2024-03-20T22:12:44.283-0300] {processor.py:743} INFO - Processing file /home/carlosfalcone/.local/lib/python3.7/site-packages/airflow/example_dags/example_kubernetes_executor.py for tasks to queue
[2024-03-20T22:12:44.284-0300] {logging_mixin.py:137} INFO - [2024-03-20T22:12:44.284-0300] {dagbag.py:532} INFO - Filling up the DagBag from /home/carlosfalcone/.local/lib/python3.7/site-packages/airflow/example_dags/example_kubernetes_executor.py
[2024-03-20T22:12:44.292-0300] {logging_mixin.py:137} INFO - [2024-03-20T22:12:44.292-0300] {example_kubernetes_executor.py:42} WARNING - The example_kubernetes_executor example DAG requires the kubernetes provider. Please install it with: pip install apache-airflow[cncf.kubernetes]
[2024-03-20T22:12:44.292-0300] {processor.py:755} WARNING - No viable dags retrieved from /home/carlosfalcone/.local/lib/python3.7/site-packages/airflow/example_dags/example_kubernetes_executor.py
[2024-03-20T22:12:44.297-0300] {processor.py:175} INFO - Processing /home/carlosfalcone/.local/lib/python3.7/site-packages/airflow/example_dags/example_kubernetes_executor.py took 0.017 seconds
[2024-03-20T22:13:18.983-0300] {processor.py:153} INFO - Started process (PID=1014) to work on /home/carlosfalcone/.local/lib/python3.7/site-packages/airflow/example_dags/example_kubernetes_executor.py
[2024-03-20T22:13:18.984-0300] {processor.py:743} INFO - Processing file /home/carlosfalcone/.local/lib/python3.7/site-packages/airflow/example_dags/example_kubernetes_executor.py for tasks to queue
[2024-03-20T22:13:18.984-0300] {logging_mixin.py:137} INFO - [2024-03-20T22:13:18.984-0300] {dagbag.py:532} INFO - Filling up the DagBag from /home/carlosfalcone/.local/lib/python3.7/site-packages/airflow/example_dags/example_kubernetes_executor.py
[2024-03-20T22:13:18.993-0300] {logging_mixin.py:137} INFO - [2024-03-20T22:13:18.993-0300] {example_kubernetes_executor.py:42} WARNING - The example_kubernetes_executor example DAG requires the kubernetes provider. Please install it with: pip install apache-airflow[cncf.kubernetes]
[2024-03-20T22:13:18.993-0300] {processor.py:755} WARNING - No viable dags retrieved from /home/carlosfalcone/.local/lib/python3.7/site-packages/airflow/example_dags/example_kubernetes_executor.py
[2024-03-20T22:13:18.998-0300] {processor.py:175} INFO - Processing /home/carlosfalcone/.local/lib/python3.7/site-packages/airflow/example_dags/example_kubernetes_executor.py took 0.017 seconds
[2024-03-20T22:13:52.410-0300] {processor.py:153} INFO - Started process (PID=1094) to work on /home/carlosfalcone/.local/lib/python3.7/site-packages/airflow/example_dags/example_kubernetes_executor.py
[2024-03-20T22:13:52.410-0300] {processor.py:743} INFO - Processing file /home/carlosfalcone/.local/lib/python3.7/site-packages/airflow/example_dags/example_kubernetes_executor.py for tasks to queue
[2024-03-20T22:13:52.411-0300] {logging_mixin.py:137} INFO - [2024-03-20T22:13:52.410-0300] {dagbag.py:532} INFO - Filling up the DagBag from /home/carlosfalcone/.local/lib/python3.7/site-packages/airflow/example_dags/example_kubernetes_executor.py
[2024-03-20T22:13:52.419-0300] {logging_mixin.py:137} INFO - [2024-03-20T22:13:52.419-0300] {example_kubernetes_executor.py:42} WARNING - The example_kubernetes_executor example DAG requires the kubernetes provider. Please install it with: pip install apache-airflow[cncf.kubernetes]
[2024-03-20T22:13:52.419-0300] {processor.py:755} WARNING - No viable dags retrieved from /home/carlosfalcone/.local/lib/python3.7/site-packages/airflow/example_dags/example_kubernetes_executor.py
[2024-03-20T22:13:52.424-0300] {processor.py:175} INFO - Processing /home/carlosfalcone/.local/lib/python3.7/site-packages/airflow/example_dags/example_kubernetes_executor.py took 0.016 seconds
[2024-03-20T22:14:28.020-0300] {processor.py:153} INFO - Started process (PID=1132) to work on /home/carlosfalcone/.local/lib/python3.7/site-packages/airflow/example_dags/example_kubernetes_executor.py
[2024-03-20T22:14:28.021-0300] {processor.py:743} INFO - Processing file /home/carlosfalcone/.local/lib/python3.7/site-packages/airflow/example_dags/example_kubernetes_executor.py for tasks to queue
[2024-03-20T22:14:28.022-0300] {logging_mixin.py:137} INFO - [2024-03-20T22:14:28.022-0300] {dagbag.py:532} INFO - Filling up the DagBag from /home/carlosfalcone/.local/lib/python3.7/site-packages/airflow/example_dags/example_kubernetes_executor.py
[2024-03-20T22:14:28.030-0300] {logging_mixin.py:137} INFO - [2024-03-20T22:14:28.030-0300] {example_kubernetes_executor.py:42} WARNING - The example_kubernetes_executor example DAG requires the kubernetes provider. Please install it with: pip install apache-airflow[cncf.kubernetes]
[2024-03-20T22:14:28.030-0300] {processor.py:755} WARNING - No viable dags retrieved from /home/carlosfalcone/.local/lib/python3.7/site-packages/airflow/example_dags/example_kubernetes_executor.py
[2024-03-20T22:14:28.035-0300] {processor.py:175} INFO - Processing /home/carlosfalcone/.local/lib/python3.7/site-packages/airflow/example_dags/example_kubernetes_executor.py took 0.017 seconds
[2024-03-20T22:15:07.980-0300] {processor.py:153} INFO - Started process (PID=1216) to work on /home/carlosfalcone/.local/lib/python3.7/site-packages/airflow/example_dags/example_kubernetes_executor.py
[2024-03-20T22:15:07.981-0300] {processor.py:743} INFO - Processing file /home/carlosfalcone/.local/lib/python3.7/site-packages/airflow/example_dags/example_kubernetes_executor.py for tasks to queue
[2024-03-20T22:15:07.981-0300] {logging_mixin.py:137} INFO - [2024-03-20T22:15:07.981-0300] {dagbag.py:532} INFO - Filling up the DagBag from /home/carlosfalcone/.local/lib/python3.7/site-packages/airflow/example_dags/example_kubernetes_executor.py
[2024-03-20T22:15:07.990-0300] {logging_mixin.py:137} INFO - [2024-03-20T22:15:07.990-0300] {example_kubernetes_executor.py:42} WARNING - The example_kubernetes_executor example DAG requires the kubernetes provider. Please install it with: pip install apache-airflow[cncf.kubernetes]
[2024-03-20T22:15:07.990-0300] {processor.py:755} WARNING - No viable dags retrieved from /home/carlosfalcone/.local/lib/python3.7/site-packages/airflow/example_dags/example_kubernetes_executor.py
[2024-03-20T22:15:07.995-0300] {processor.py:175} INFO - Processing /home/carlosfalcone/.local/lib/python3.7/site-packages/airflow/example_dags/example_kubernetes_executor.py took 0.017 seconds
[2024-03-20T22:15:44.295-0300] {processor.py:153} INFO - Started process (PID=1306) to work on /home/carlosfalcone/.local/lib/python3.7/site-packages/airflow/example_dags/example_kubernetes_executor.py
[2024-03-20T22:15:44.296-0300] {processor.py:743} INFO - Processing file /home/carlosfalcone/.local/lib/python3.7/site-packages/airflow/example_dags/example_kubernetes_executor.py for tasks to queue
[2024-03-20T22:15:44.296-0300] {logging_mixin.py:137} INFO - [2024-03-20T22:15:44.296-0300] {dagbag.py:532} INFO - Filling up the DagBag from /home/carlosfalcone/.local/lib/python3.7/site-packages/airflow/example_dags/example_kubernetes_executor.py
[2024-03-20T22:15:44.305-0300] {logging_mixin.py:137} INFO - [2024-03-20T22:15:44.304-0300] {example_kubernetes_executor.py:42} WARNING - The example_kubernetes_executor example DAG requires the kubernetes provider. Please install it with: pip install apache-airflow[cncf.kubernetes]
[2024-03-20T22:15:44.305-0300] {processor.py:755} WARNING - No viable dags retrieved from /home/carlosfalcone/.local/lib/python3.7/site-packages/airflow/example_dags/example_kubernetes_executor.py
[2024-03-20T22:15:44.310-0300] {processor.py:175} INFO - Processing /home/carlosfalcone/.local/lib/python3.7/site-packages/airflow/example_dags/example_kubernetes_executor.py took 0.017 seconds
[2024-03-20T22:16:18.997-0300] {processor.py:153} INFO - Started process (PID=1401) to work on /home/carlosfalcone/.local/lib/python3.7/site-packages/airflow/example_dags/example_kubernetes_executor.py
[2024-03-20T22:16:18.998-0300] {processor.py:743} INFO - Processing file /home/carlosfalcone/.local/lib/python3.7/site-packages/airflow/example_dags/example_kubernetes_executor.py for tasks to queue
[2024-03-20T22:16:18.998-0300] {logging_mixin.py:137} INFO - [2024-03-20T22:16:18.998-0300] {dagbag.py:532} INFO - Filling up the DagBag from /home/carlosfalcone/.local/lib/python3.7/site-packages/airflow/example_dags/example_kubernetes_executor.py
[2024-03-20T22:16:19.007-0300] {logging_mixin.py:137} INFO - [2024-03-20T22:16:19.007-0300] {example_kubernetes_executor.py:42} WARNING - The example_kubernetes_executor example DAG requires the kubernetes provider. Please install it with: pip install apache-airflow[cncf.kubernetes]
[2024-03-20T22:16:19.007-0300] {processor.py:755} WARNING - No viable dags retrieved from /home/carlosfalcone/.local/lib/python3.7/site-packages/airflow/example_dags/example_kubernetes_executor.py
[2024-03-20T22:16:19.013-0300] {processor.py:175} INFO - Processing /home/carlosfalcone/.local/lib/python3.7/site-packages/airflow/example_dags/example_kubernetes_executor.py took 0.017 seconds
[2024-03-20T22:16:53.442-0300] {processor.py:153} INFO - Started process (PID=1491) to work on /home/carlosfalcone/.local/lib/python3.7/site-packages/airflow/example_dags/example_kubernetes_executor.py
[2024-03-20T22:16:53.442-0300] {processor.py:743} INFO - Processing file /home/carlosfalcone/.local/lib/python3.7/site-packages/airflow/example_dags/example_kubernetes_executor.py for tasks to queue
[2024-03-20T22:16:53.443-0300] {logging_mixin.py:137} INFO - [2024-03-20T22:16:53.443-0300] {dagbag.py:532} INFO - Filling up the DagBag from /home/carlosfalcone/.local/lib/python3.7/site-packages/airflow/example_dags/example_kubernetes_executor.py
[2024-03-20T22:16:53.452-0300] {logging_mixin.py:137} INFO - [2024-03-20T22:16:53.452-0300] {example_kubernetes_executor.py:42} WARNING - The example_kubernetes_executor example DAG requires the kubernetes provider. Please install it with: pip install apache-airflow[cncf.kubernetes]
[2024-03-20T22:16:53.452-0300] {processor.py:755} WARNING - No viable dags retrieved from /home/carlosfalcone/.local/lib/python3.7/site-packages/airflow/example_dags/example_kubernetes_executor.py
[2024-03-20T22:16:53.457-0300] {processor.py:175} INFO - Processing /home/carlosfalcone/.local/lib/python3.7/site-packages/airflow/example_dags/example_kubernetes_executor.py took 0.017 seconds
[2024-03-20T22:17:30.392-0300] {processor.py:153} INFO - Started process (PID=1582) to work on /home/carlosfalcone/.local/lib/python3.7/site-packages/airflow/example_dags/example_kubernetes_executor.py
[2024-03-20T22:17:30.393-0300] {processor.py:743} INFO - Processing file /home/carlosfalcone/.local/lib/python3.7/site-packages/airflow/example_dags/example_kubernetes_executor.py for tasks to queue
[2024-03-20T22:17:30.394-0300] {logging_mixin.py:137} INFO - [2024-03-20T22:17:30.394-0300] {dagbag.py:532} INFO - Filling up the DagBag from /home/carlosfalcone/.local/lib/python3.7/site-packages/airflow/example_dags/example_kubernetes_executor.py
[2024-03-20T22:17:30.403-0300] {logging_mixin.py:137} INFO - [2024-03-20T22:17:30.402-0300] {example_kubernetes_executor.py:42} WARNING - The example_kubernetes_executor example DAG requires the kubernetes provider. Please install it with: pip install apache-airflow[cncf.kubernetes]
[2024-03-20T22:17:30.403-0300] {processor.py:755} WARNING - No viable dags retrieved from /home/carlosfalcone/.local/lib/python3.7/site-packages/airflow/example_dags/example_kubernetes_executor.py
[2024-03-20T22:17:30.408-0300] {processor.py:175} INFO - Processing /home/carlosfalcone/.local/lib/python3.7/site-packages/airflow/example_dags/example_kubernetes_executor.py took 0.017 seconds
[2024-03-20T22:18:05.706-0300] {processor.py:153} INFO - Started process (PID=1676) to work on /home/carlosfalcone/.local/lib/python3.7/site-packages/airflow/example_dags/example_kubernetes_executor.py
[2024-03-20T22:18:05.707-0300] {processor.py:743} INFO - Processing file /home/carlosfalcone/.local/lib/python3.7/site-packages/airflow/example_dags/example_kubernetes_executor.py for tasks to queue
[2024-03-20T22:18:05.708-0300] {logging_mixin.py:137} INFO - [2024-03-20T22:18:05.708-0300] {dagbag.py:532} INFO - Filling up the DagBag from /home/carlosfalcone/.local/lib/python3.7/site-packages/airflow/example_dags/example_kubernetes_executor.py
[2024-03-20T22:18:05.716-0300] {logging_mixin.py:137} INFO - [2024-03-20T22:18:05.716-0300] {example_kubernetes_executor.py:42} WARNING - The example_kubernetes_executor example DAG requires the kubernetes provider. Please install it with: pip install apache-airflow[cncf.kubernetes]
[2024-03-20T22:18:05.716-0300] {processor.py:755} WARNING - No viable dags retrieved from /home/carlosfalcone/.local/lib/python3.7/site-packages/airflow/example_dags/example_kubernetes_executor.py
[2024-03-20T22:18:05.721-0300] {processor.py:175} INFO - Processing /home/carlosfalcone/.local/lib/python3.7/site-packages/airflow/example_dags/example_kubernetes_executor.py took 0.017 seconds
[2024-03-21T11:23:29.472-0300] {processor.py:153} INFO - Started process (PID=78) to work on /home/carlosfalcone/.local/lib/python3.7/site-packages/airflow/example_dags/example_kubernetes_executor.py
[2024-03-21T11:23:29.473-0300] {processor.py:743} INFO - Processing file /home/carlosfalcone/.local/lib/python3.7/site-packages/airflow/example_dags/example_kubernetes_executor.py for tasks to queue
[2024-03-21T11:23:29.474-0300] {logging_mixin.py:137} INFO - [2024-03-21T11:23:29.474-0300] {dagbag.py:532} INFO - Filling up the DagBag from /home/carlosfalcone/.local/lib/python3.7/site-packages/airflow/example_dags/example_kubernetes_executor.py
[2024-03-21T11:23:29.482-0300] {logging_mixin.py:137} INFO - [2024-03-21T11:23:29.482-0300] {example_kubernetes_executor.py:42} WARNING - The example_kubernetes_executor example DAG requires the kubernetes provider. Please install it with: pip install apache-airflow[cncf.kubernetes]
[2024-03-21T11:23:29.482-0300] {processor.py:755} WARNING - No viable dags retrieved from /home/carlosfalcone/.local/lib/python3.7/site-packages/airflow/example_dags/example_kubernetes_executor.py
[2024-03-21T11:23:29.487-0300] {processor.py:175} INFO - Processing /home/carlosfalcone/.local/lib/python3.7/site-packages/airflow/example_dags/example_kubernetes_executor.py took 0.017 seconds
[2024-03-21T11:24:07.939-0300] {processor.py:153} INFO - Started process (PID=287) to work on /home/carlosfalcone/.local/lib/python3.7/site-packages/airflow/example_dags/example_kubernetes_executor.py
[2024-03-21T11:24:07.940-0300] {processor.py:743} INFO - Processing file /home/carlosfalcone/.local/lib/python3.7/site-packages/airflow/example_dags/example_kubernetes_executor.py for tasks to queue
[2024-03-21T11:24:07.941-0300] {logging_mixin.py:137} INFO - [2024-03-21T11:24:07.941-0300] {dagbag.py:532} INFO - Filling up the DagBag from /home/carlosfalcone/.local/lib/python3.7/site-packages/airflow/example_dags/example_kubernetes_executor.py
[2024-03-21T11:24:07.950-0300] {logging_mixin.py:137} INFO - [2024-03-21T11:24:07.950-0300] {example_kubernetes_executor.py:42} WARNING - The example_kubernetes_executor example DAG requires the kubernetes provider. Please install it with: pip install apache-airflow[cncf.kubernetes]
[2024-03-21T11:24:07.951-0300] {processor.py:755} WARNING - No viable dags retrieved from /home/carlosfalcone/.local/lib/python3.7/site-packages/airflow/example_dags/example_kubernetes_executor.py
[2024-03-21T11:24:07.955-0300] {processor.py:175} INFO - Processing /home/carlosfalcone/.local/lib/python3.7/site-packages/airflow/example_dags/example_kubernetes_executor.py took 0.017 seconds
[2024-03-21T11:24:45.867-0300] {processor.py:153} INFO - Started process (PID=385) to work on /home/carlosfalcone/.local/lib/python3.7/site-packages/airflow/example_dags/example_kubernetes_executor.py
[2024-03-21T11:24:45.868-0300] {processor.py:743} INFO - Processing file /home/carlosfalcone/.local/lib/python3.7/site-packages/airflow/example_dags/example_kubernetes_executor.py for tasks to queue
[2024-03-21T11:24:45.868-0300] {logging_mixin.py:137} INFO - [2024-03-21T11:24:45.868-0300] {dagbag.py:532} INFO - Filling up the DagBag from /home/carlosfalcone/.local/lib/python3.7/site-packages/airflow/example_dags/example_kubernetes_executor.py
[2024-03-21T11:24:45.878-0300] {logging_mixin.py:137} INFO - [2024-03-21T11:24:45.878-0300] {example_kubernetes_executor.py:42} WARNING - The example_kubernetes_executor example DAG requires the kubernetes provider. Please install it with: pip install apache-airflow[cncf.kubernetes]
[2024-03-21T11:24:45.879-0300] {processor.py:755} WARNING - No viable dags retrieved from /home/carlosfalcone/.local/lib/python3.7/site-packages/airflow/example_dags/example_kubernetes_executor.py
[2024-03-21T11:24:45.883-0300] {processor.py:175} INFO - Processing /home/carlosfalcone/.local/lib/python3.7/site-packages/airflow/example_dags/example_kubernetes_executor.py took 0.018 seconds
