[2024-03-20T22:09:19.042-0300] {processor.py:153} INFO - Started process (PID=316) to work on /home/carlosfalcone/.local/lib/python3.7/site-packages/airflow/example_dags/example_task_group_decorator.py
[2024-03-20T22:09:19.043-0300] {processor.py:743} INFO - Processing file /home/carlosfalcone/.local/lib/python3.7/site-packages/airflow/example_dags/example_task_group_decorator.py for tasks to queue
[2024-03-20T22:09:19.043-0300] {logging_mixin.py:137} INFO - [2024-03-20T22:09:19.043-0300] {dagbag.py:532} INFO - Filling up the DagBag from /home/carlosfalcone/.local/lib/python3.7/site-packages/airflow/example_dags/example_task_group_decorator.py
[2024-03-20T22:09:19.061-0300] {processor.py:753} INFO - DAG(s) dict_keys(['example_task_group_decorator']) retrieved from /home/carlosfalcone/.local/lib/python3.7/site-packages/airflow/example_dags/example_task_group_decorator.py
[2024-03-20T22:09:19.132-0300] {logging_mixin.py:137} INFO - [2024-03-20T22:09:19.131-0300] {manager.py:504} INFO - Created Permission View: can delete on DAG:example_task_group_decorator
[2024-03-20T22:09:19.140-0300] {logging_mixin.py:137} INFO - [2024-03-20T22:09:19.140-0300] {manager.py:504} INFO - Created Permission View: can read on DAG:example_task_group_decorator
[2024-03-20T22:09:19.147-0300] {logging_mixin.py:137} INFO - [2024-03-20T22:09:19.147-0300] {manager.py:504} INFO - Created Permission View: can edit on DAG:example_task_group_decorator
[2024-03-20T22:09:19.147-0300] {logging_mixin.py:137} INFO - [2024-03-20T22:09:19.147-0300] {dag.py:2705} INFO - Sync 1 DAGs
[2024-03-20T22:09:19.154-0300] {logging_mixin.py:137} INFO - [2024-03-20T22:09:19.154-0300] {dag.py:2726} INFO - Creating ORM DAG for example_task_group_decorator
[2024-03-20T22:09:19.160-0300] {logging_mixin.py:137} INFO - [2024-03-20T22:09:19.160-0300] {dag.py:3456} INFO - Setting next_dagrun for example_task_group_decorator to 2024-03-20T01:09:19.160425+00:00, run_after=2024-03-21T01:09:19.160425+00:00
[2024-03-20T22:09:19.178-0300] {processor.py:175} INFO - Processing /home/carlosfalcone/.local/lib/python3.7/site-packages/airflow/example_dags/example_task_group_decorator.py took 0.137 seconds
[2024-03-20T22:10:01.600-0300] {processor.py:153} INFO - Started process (PID=523) to work on /home/carlosfalcone/.local/lib/python3.7/site-packages/airflow/example_dags/example_task_group_decorator.py
[2024-03-20T22:10:01.601-0300] {processor.py:743} INFO - Processing file /home/carlosfalcone/.local/lib/python3.7/site-packages/airflow/example_dags/example_task_group_decorator.py for tasks to queue
[2024-03-20T22:10:01.602-0300] {logging_mixin.py:137} INFO - [2024-03-20T22:10:01.602-0300] {dagbag.py:532} INFO - Filling up the DagBag from /home/carlosfalcone/.local/lib/python3.7/site-packages/airflow/example_dags/example_task_group_decorator.py
[2024-03-20T22:10:01.620-0300] {processor.py:753} INFO - DAG(s) dict_keys(['example_task_group_decorator']) retrieved from /home/carlosfalcone/.local/lib/python3.7/site-packages/airflow/example_dags/example_task_group_decorator.py
[2024-03-20T22:10:01.634-0300] {logging_mixin.py:137} INFO - [2024-03-20T22:10:01.634-0300] {dag.py:2705} INFO - Sync 1 DAGs
[2024-03-20T22:10:01.648-0300] {logging_mixin.py:137} INFO - [2024-03-20T22:10:01.648-0300] {dag.py:3456} INFO - Setting next_dagrun for example_task_group_decorator to 2024-03-20T01:10:01.648228+00:00, run_after=2024-03-21T01:10:01.648228+00:00
[2024-03-20T22:10:01.666-0300] {processor.py:175} INFO - Processing /home/carlosfalcone/.local/lib/python3.7/site-packages/airflow/example_dags/example_task_group_decorator.py took 0.067 seconds
[2024-03-20T22:10:41.994-0300] {processor.py:153} INFO - Started process (PID=625) to work on /home/carlosfalcone/.local/lib/python3.7/site-packages/airflow/example_dags/example_task_group_decorator.py
[2024-03-20T22:10:41.995-0300] {processor.py:743} INFO - Processing file /home/carlosfalcone/.local/lib/python3.7/site-packages/airflow/example_dags/example_task_group_decorator.py for tasks to queue
[2024-03-20T22:10:41.996-0300] {logging_mixin.py:137} INFO - [2024-03-20T22:10:41.996-0300] {dagbag.py:532} INFO - Filling up the DagBag from /home/carlosfalcone/.local/lib/python3.7/site-packages/airflow/example_dags/example_task_group_decorator.py
[2024-03-20T22:10:42.013-0300] {processor.py:753} INFO - DAG(s) dict_keys(['example_task_group_decorator']) retrieved from /home/carlosfalcone/.local/lib/python3.7/site-packages/airflow/example_dags/example_task_group_decorator.py
[2024-03-20T22:10:42.027-0300] {logging_mixin.py:137} INFO - [2024-03-20T22:10:42.026-0300] {dag.py:2705} INFO - Sync 1 DAGs
[2024-03-20T22:10:42.041-0300] {logging_mixin.py:137} INFO - [2024-03-20T22:10:42.041-0300] {dag.py:3456} INFO - Setting next_dagrun for example_task_group_decorator to 2024-03-20T01:10:42.040975+00:00, run_after=2024-03-21T01:10:42.040975+00:00
[2024-03-20T22:10:42.058-0300] {processor.py:175} INFO - Processing /home/carlosfalcone/.local/lib/python3.7/site-packages/airflow/example_dags/example_task_group_decorator.py took 0.065 seconds
[2024-03-20T22:11:25.076-0300] {processor.py:153} INFO - Started process (PID=733) to work on /home/carlosfalcone/.local/lib/python3.7/site-packages/airflow/example_dags/example_task_group_decorator.py
[2024-03-20T22:11:25.077-0300] {processor.py:743} INFO - Processing file /home/carlosfalcone/.local/lib/python3.7/site-packages/airflow/example_dags/example_task_group_decorator.py for tasks to queue
[2024-03-20T22:11:25.077-0300] {logging_mixin.py:137} INFO - [2024-03-20T22:11:25.077-0300] {dagbag.py:532} INFO - Filling up the DagBag from /home/carlosfalcone/.local/lib/python3.7/site-packages/airflow/example_dags/example_task_group_decorator.py
[2024-03-20T22:11:25.094-0300] {processor.py:753} INFO - DAG(s) dict_keys(['example_task_group_decorator']) retrieved from /home/carlosfalcone/.local/lib/python3.7/site-packages/airflow/example_dags/example_task_group_decorator.py
[2024-03-20T22:11:25.109-0300] {logging_mixin.py:137} INFO - [2024-03-20T22:11:25.109-0300] {dag.py:2705} INFO - Sync 1 DAGs
[2024-03-20T22:11:25.123-0300] {logging_mixin.py:137} INFO - [2024-03-20T22:11:25.123-0300] {dag.py:3456} INFO - Setting next_dagrun for example_task_group_decorator to 2024-03-20T01:11:25.122928+00:00, run_after=2024-03-21T01:11:25.122928+00:00
[2024-03-20T22:11:25.139-0300] {processor.py:175} INFO - Processing /home/carlosfalcone/.local/lib/python3.7/site-packages/airflow/example_dags/example_task_group_decorator.py took 0.066 seconds
[2024-03-20T22:12:11.214-0300] {processor.py:153} INFO - Started process (PID=841) to work on /home/carlosfalcone/.local/lib/python3.7/site-packages/airflow/example_dags/example_task_group_decorator.py
[2024-03-20T22:12:11.215-0300] {processor.py:743} INFO - Processing file /home/carlosfalcone/.local/lib/python3.7/site-packages/airflow/example_dags/example_task_group_decorator.py for tasks to queue
[2024-03-20T22:12:11.216-0300] {logging_mixin.py:137} INFO - [2024-03-20T22:12:11.216-0300] {dagbag.py:532} INFO - Filling up the DagBag from /home/carlosfalcone/.local/lib/python3.7/site-packages/airflow/example_dags/example_task_group_decorator.py
[2024-03-20T22:12:11.233-0300] {processor.py:753} INFO - DAG(s) dict_keys(['example_task_group_decorator']) retrieved from /home/carlosfalcone/.local/lib/python3.7/site-packages/airflow/example_dags/example_task_group_decorator.py
[2024-03-20T22:12:11.249-0300] {logging_mixin.py:137} INFO - [2024-03-20T22:12:11.249-0300] {dag.py:2705} INFO - Sync 1 DAGs
[2024-03-20T22:12:11.263-0300] {logging_mixin.py:137} INFO - [2024-03-20T22:12:11.263-0300] {dag.py:3456} INFO - Setting next_dagrun for example_task_group_decorator to 2024-03-20T01:12:11.263670+00:00, run_after=2024-03-21T01:12:11.263670+00:00
[2024-03-20T22:12:11.279-0300] {processor.py:175} INFO - Processing /home/carlosfalcone/.local/lib/python3.7/site-packages/airflow/example_dags/example_task_group_decorator.py took 0.066 seconds
[2024-03-20T22:12:50.024-0300] {processor.py:153} INFO - Started process (PID=940) to work on /home/carlosfalcone/.local/lib/python3.7/site-packages/airflow/example_dags/example_task_group_decorator.py
[2024-03-20T22:12:50.025-0300] {processor.py:743} INFO - Processing file /home/carlosfalcone/.local/lib/python3.7/site-packages/airflow/example_dags/example_task_group_decorator.py for tasks to queue
[2024-03-20T22:12:50.025-0300] {logging_mixin.py:137} INFO - [2024-03-20T22:12:50.025-0300] {dagbag.py:532} INFO - Filling up the DagBag from /home/carlosfalcone/.local/lib/python3.7/site-packages/airflow/example_dags/example_task_group_decorator.py
[2024-03-20T22:12:50.042-0300] {processor.py:753} INFO - DAG(s) dict_keys(['example_task_group_decorator']) retrieved from /home/carlosfalcone/.local/lib/python3.7/site-packages/airflow/example_dags/example_task_group_decorator.py
[2024-03-20T22:12:50.056-0300] {logging_mixin.py:137} INFO - [2024-03-20T22:12:50.056-0300] {dag.py:2705} INFO - Sync 1 DAGs
[2024-03-20T22:12:50.071-0300] {logging_mixin.py:137} INFO - [2024-03-20T22:12:50.071-0300] {dag.py:3456} INFO - Setting next_dagrun for example_task_group_decorator to 2024-03-20T01:12:50.070887+00:00, run_after=2024-03-21T01:12:50.070887+00:00
[2024-03-20T22:12:50.085-0300] {processor.py:175} INFO - Processing /home/carlosfalcone/.local/lib/python3.7/site-packages/airflow/example_dags/example_task_group_decorator.py took 0.062 seconds
[2024-03-20T22:13:36.050-0300] {processor.py:153} INFO - Started process (PID=1056) to work on /home/carlosfalcone/.local/lib/python3.7/site-packages/airflow/example_dags/example_task_group_decorator.py
[2024-03-20T22:13:36.051-0300] {processor.py:743} INFO - Processing file /home/carlosfalcone/.local/lib/python3.7/site-packages/airflow/example_dags/example_task_group_decorator.py for tasks to queue
[2024-03-20T22:13:36.051-0300] {logging_mixin.py:137} INFO - [2024-03-20T22:13:36.051-0300] {dagbag.py:532} INFO - Filling up the DagBag from /home/carlosfalcone/.local/lib/python3.7/site-packages/airflow/example_dags/example_task_group_decorator.py
[2024-03-20T22:13:36.068-0300] {processor.py:753} INFO - DAG(s) dict_keys(['example_task_group_decorator']) retrieved from /home/carlosfalcone/.local/lib/python3.7/site-packages/airflow/example_dags/example_task_group_decorator.py
[2024-03-20T22:13:36.082-0300] {logging_mixin.py:137} INFO - [2024-03-20T22:13:36.082-0300] {dag.py:2705} INFO - Sync 1 DAGs
[2024-03-20T22:13:36.095-0300] {logging_mixin.py:137} INFO - [2024-03-20T22:13:36.095-0300] {dag.py:3456} INFO - Setting next_dagrun for example_task_group_decorator to 2024-03-20T01:13:36.095701+00:00, run_after=2024-03-21T01:13:36.095701+00:00
[2024-03-20T22:13:36.113-0300] {processor.py:175} INFO - Processing /home/carlosfalcone/.local/lib/python3.7/site-packages/airflow/example_dags/example_task_group_decorator.py took 0.065 seconds
[2024-03-20T22:14:14.269-0300] {processor.py:153} INFO - Started process (PID=1118) to work on /home/carlosfalcone/.local/lib/python3.7/site-packages/airflow/example_dags/example_task_group_decorator.py
[2024-03-20T22:14:14.270-0300] {processor.py:743} INFO - Processing file /home/carlosfalcone/.local/lib/python3.7/site-packages/airflow/example_dags/example_task_group_decorator.py for tasks to queue
[2024-03-20T22:14:14.271-0300] {logging_mixin.py:137} INFO - [2024-03-20T22:14:14.271-0300] {dagbag.py:532} INFO - Filling up the DagBag from /home/carlosfalcone/.local/lib/python3.7/site-packages/airflow/example_dags/example_task_group_decorator.py
[2024-03-20T22:14:14.288-0300] {processor.py:753} INFO - DAG(s) dict_keys(['example_task_group_decorator']) retrieved from /home/carlosfalcone/.local/lib/python3.7/site-packages/airflow/example_dags/example_task_group_decorator.py
[2024-03-20T22:14:14.301-0300] {logging_mixin.py:137} INFO - [2024-03-20T22:14:14.301-0300] {dag.py:2705} INFO - Sync 1 DAGs
[2024-03-20T22:14:14.315-0300] {logging_mixin.py:137} INFO - [2024-03-20T22:14:14.315-0300] {dag.py:3456} INFO - Setting next_dagrun for example_task_group_decorator to 2024-03-20T01:14:14.315602+00:00, run_after=2024-03-21T01:14:14.315602+00:00
[2024-03-20T22:14:14.332-0300] {processor.py:175} INFO - Processing /home/carlosfalcone/.local/lib/python3.7/site-packages/airflow/example_dags/example_task_group_decorator.py took 0.065 seconds
[2024-03-20T22:14:53.653-0300] {processor.py:153} INFO - Started process (PID=1181) to work on /home/carlosfalcone/.local/lib/python3.7/site-packages/airflow/example_dags/example_task_group_decorator.py
[2024-03-20T22:14:53.654-0300] {processor.py:743} INFO - Processing file /home/carlosfalcone/.local/lib/python3.7/site-packages/airflow/example_dags/example_task_group_decorator.py for tasks to queue
[2024-03-20T22:14:53.654-0300] {logging_mixin.py:137} INFO - [2024-03-20T22:14:53.654-0300] {dagbag.py:532} INFO - Filling up the DagBag from /home/carlosfalcone/.local/lib/python3.7/site-packages/airflow/example_dags/example_task_group_decorator.py
[2024-03-20T22:14:53.671-0300] {processor.py:753} INFO - DAG(s) dict_keys(['example_task_group_decorator']) retrieved from /home/carlosfalcone/.local/lib/python3.7/site-packages/airflow/example_dags/example_task_group_decorator.py
[2024-03-20T22:14:53.686-0300] {logging_mixin.py:137} INFO - [2024-03-20T22:14:53.685-0300] {dag.py:2705} INFO - Sync 1 DAGs
[2024-03-20T22:14:53.699-0300] {logging_mixin.py:137} INFO - [2024-03-20T22:14:53.699-0300] {dag.py:3456} INFO - Setting next_dagrun for example_task_group_decorator to 2024-03-20T01:14:53.699438+00:00, run_after=2024-03-21T01:14:53.699438+00:00
[2024-03-20T22:14:53.716-0300] {processor.py:175} INFO - Processing /home/carlosfalcone/.local/lib/python3.7/site-packages/airflow/example_dags/example_task_group_decorator.py took 0.065 seconds
[2024-03-20T22:15:40.431-0300] {processor.py:153} INFO - Started process (PID=1296) to work on /home/carlosfalcone/.local/lib/python3.7/site-packages/airflow/example_dags/example_task_group_decorator.py
[2024-03-20T22:15:40.432-0300] {processor.py:743} INFO - Processing file /home/carlosfalcone/.local/lib/python3.7/site-packages/airflow/example_dags/example_task_group_decorator.py for tasks to queue
[2024-03-20T22:15:40.433-0300] {logging_mixin.py:137} INFO - [2024-03-20T22:15:40.433-0300] {dagbag.py:532} INFO - Filling up the DagBag from /home/carlosfalcone/.local/lib/python3.7/site-packages/airflow/example_dags/example_task_group_decorator.py
[2024-03-20T22:15:40.450-0300] {processor.py:753} INFO - DAG(s) dict_keys(['example_task_group_decorator']) retrieved from /home/carlosfalcone/.local/lib/python3.7/site-packages/airflow/example_dags/example_task_group_decorator.py
[2024-03-20T22:15:40.464-0300] {logging_mixin.py:137} INFO - [2024-03-20T22:15:40.464-0300] {dag.py:2705} INFO - Sync 1 DAGs
[2024-03-20T22:15:40.478-0300] {logging_mixin.py:137} INFO - [2024-03-20T22:15:40.478-0300] {dag.py:3456} INFO - Setting next_dagrun for example_task_group_decorator to 2024-03-20T01:15:40.477969+00:00, run_after=2024-03-21T01:15:40.477969+00:00
[2024-03-20T22:15:40.493-0300] {processor.py:175} INFO - Processing /home/carlosfalcone/.local/lib/python3.7/site-packages/airflow/example_dags/example_task_group_decorator.py took 0.063 seconds
[2024-03-20T22:16:25.900-0300] {processor.py:153} INFO - Started process (PID=1418) to work on /home/carlosfalcone/.local/lib/python3.7/site-packages/airflow/example_dags/example_task_group_decorator.py
[2024-03-20T22:16:25.901-0300] {processor.py:743} INFO - Processing file /home/carlosfalcone/.local/lib/python3.7/site-packages/airflow/example_dags/example_task_group_decorator.py for tasks to queue
[2024-03-20T22:16:25.902-0300] {logging_mixin.py:137} INFO - [2024-03-20T22:16:25.902-0300] {dagbag.py:532} INFO - Filling up the DagBag from /home/carlosfalcone/.local/lib/python3.7/site-packages/airflow/example_dags/example_task_group_decorator.py
[2024-03-20T22:16:25.919-0300] {processor.py:753} INFO - DAG(s) dict_keys(['example_task_group_decorator']) retrieved from /home/carlosfalcone/.local/lib/python3.7/site-packages/airflow/example_dags/example_task_group_decorator.py
[2024-03-20T22:16:25.932-0300] {logging_mixin.py:137} INFO - [2024-03-20T22:16:25.932-0300] {dag.py:2705} INFO - Sync 1 DAGs
[2024-03-20T22:16:25.946-0300] {logging_mixin.py:137} INFO - [2024-03-20T22:16:25.946-0300] {dag.py:3456} INFO - Setting next_dagrun for example_task_group_decorator to 2024-03-20T01:16:25.946536+00:00, run_after=2024-03-21T01:16:25.946536+00:00
[2024-03-20T22:16:25.962-0300] {processor.py:175} INFO - Processing /home/carlosfalcone/.local/lib/python3.7/site-packages/airflow/example_dags/example_task_group_decorator.py took 0.063 seconds
[2024-03-20T22:17:12.234-0300] {processor.py:153} INFO - Started process (PID=1537) to work on /home/carlosfalcone/.local/lib/python3.7/site-packages/airflow/example_dags/example_task_group_decorator.py
[2024-03-20T22:17:12.235-0300] {processor.py:743} INFO - Processing file /home/carlosfalcone/.local/lib/python3.7/site-packages/airflow/example_dags/example_task_group_decorator.py for tasks to queue
[2024-03-20T22:17:12.235-0300] {logging_mixin.py:137} INFO - [2024-03-20T22:17:12.235-0300] {dagbag.py:532} INFO - Filling up the DagBag from /home/carlosfalcone/.local/lib/python3.7/site-packages/airflow/example_dags/example_task_group_decorator.py
[2024-03-20T22:17:12.253-0300] {processor.py:753} INFO - DAG(s) dict_keys(['example_task_group_decorator']) retrieved from /home/carlosfalcone/.local/lib/python3.7/site-packages/airflow/example_dags/example_task_group_decorator.py
[2024-03-20T22:17:12.267-0300] {logging_mixin.py:137} INFO - [2024-03-20T22:17:12.267-0300] {dag.py:2705} INFO - Sync 1 DAGs
[2024-03-20T22:17:12.283-0300] {logging_mixin.py:137} INFO - [2024-03-20T22:17:12.283-0300] {dag.py:3456} INFO - Setting next_dagrun for example_task_group_decorator to 2024-03-20T01:17:12.283360+00:00, run_after=2024-03-21T01:17:12.283360+00:00
[2024-03-20T22:17:12.300-0300] {processor.py:175} INFO - Processing /home/carlosfalcone/.local/lib/python3.7/site-packages/airflow/example_dags/example_task_group_decorator.py took 0.068 seconds
[2024-03-20T22:17:59.434-0300] {processor.py:153} INFO - Started process (PID=1658) to work on /home/carlosfalcone/.local/lib/python3.7/site-packages/airflow/example_dags/example_task_group_decorator.py
[2024-03-20T22:17:59.436-0300] {processor.py:743} INFO - Processing file /home/carlosfalcone/.local/lib/python3.7/site-packages/airflow/example_dags/example_task_group_decorator.py for tasks to queue
[2024-03-20T22:17:59.436-0300] {logging_mixin.py:137} INFO - [2024-03-20T22:17:59.436-0300] {dagbag.py:532} INFO - Filling up the DagBag from /home/carlosfalcone/.local/lib/python3.7/site-packages/airflow/example_dags/example_task_group_decorator.py
[2024-03-20T22:17:59.453-0300] {processor.py:753} INFO - DAG(s) dict_keys(['example_task_group_decorator']) retrieved from /home/carlosfalcone/.local/lib/python3.7/site-packages/airflow/example_dags/example_task_group_decorator.py
[2024-03-20T22:17:59.467-0300] {logging_mixin.py:137} INFO - [2024-03-20T22:17:59.467-0300] {dag.py:2705} INFO - Sync 1 DAGs
[2024-03-20T22:17:59.481-0300] {logging_mixin.py:137} INFO - [2024-03-20T22:17:59.481-0300] {dag.py:3456} INFO - Setting next_dagrun for example_task_group_decorator to 2024-03-20T01:17:59.481079+00:00, run_after=2024-03-21T01:17:59.481079+00:00
[2024-03-20T22:17:59.501-0300] {processor.py:175} INFO - Processing /home/carlosfalcone/.local/lib/python3.7/site-packages/airflow/example_dags/example_task_group_decorator.py took 0.068 seconds
[2024-03-21T11:23:50.267-0300] {processor.py:153} INFO - Started process (PID=112) to work on /home/carlosfalcone/.local/lib/python3.7/site-packages/airflow/example_dags/example_task_group_decorator.py
[2024-03-21T11:23:50.268-0300] {processor.py:743} INFO - Processing file /home/carlosfalcone/.local/lib/python3.7/site-packages/airflow/example_dags/example_task_group_decorator.py for tasks to queue
[2024-03-21T11:23:50.268-0300] {logging_mixin.py:137} INFO - [2024-03-21T11:23:50.268-0300] {dagbag.py:532} INFO - Filling up the DagBag from /home/carlosfalcone/.local/lib/python3.7/site-packages/airflow/example_dags/example_task_group_decorator.py
[2024-03-21T11:23:50.287-0300] {processor.py:753} INFO - DAG(s) dict_keys(['example_task_group_decorator']) retrieved from /home/carlosfalcone/.local/lib/python3.7/site-packages/airflow/example_dags/example_task_group_decorator.py
[2024-03-21T11:23:50.301-0300] {logging_mixin.py:137} INFO - [2024-03-21T11:23:50.301-0300] {dag.py:2705} INFO - Sync 1 DAGs
[2024-03-21T11:23:50.315-0300] {logging_mixin.py:137} INFO - [2024-03-21T11:23:50.314-0300] {dag.py:3456} INFO - Setting next_dagrun for example_task_group_decorator to 2024-03-20T14:23:50.314807+00:00, run_after=2024-03-21T14:23:50.314807+00:00
[2024-03-21T11:23:50.330-0300] {processor.py:175} INFO - Processing /home/carlosfalcone/.local/lib/python3.7/site-packages/airflow/example_dags/example_task_group_decorator.py took 0.064 seconds
[2024-03-21T11:24:28.486-0300] {processor.py:153} INFO - Started process (PID=340) to work on /home/carlosfalcone/.local/lib/python3.7/site-packages/airflow/example_dags/example_task_group_decorator.py
[2024-03-21T11:24:28.487-0300] {processor.py:743} INFO - Processing file /home/carlosfalcone/.local/lib/python3.7/site-packages/airflow/example_dags/example_task_group_decorator.py for tasks to queue
[2024-03-21T11:24:28.487-0300] {logging_mixin.py:137} INFO - [2024-03-21T11:24:28.487-0300] {dagbag.py:532} INFO - Filling up the DagBag from /home/carlosfalcone/.local/lib/python3.7/site-packages/airflow/example_dags/example_task_group_decorator.py
[2024-03-21T11:24:28.507-0300] {processor.py:753} INFO - DAG(s) dict_keys(['example_task_group_decorator']) retrieved from /home/carlosfalcone/.local/lib/python3.7/site-packages/airflow/example_dags/example_task_group_decorator.py
[2024-03-21T11:24:28.522-0300] {logging_mixin.py:137} INFO - [2024-03-21T11:24:28.522-0300] {dag.py:2705} INFO - Sync 1 DAGs
[2024-03-21T11:24:28.539-0300] {logging_mixin.py:137} INFO - [2024-03-21T11:24:28.539-0300] {dag.py:3456} INFO - Setting next_dagrun for example_task_group_decorator to 2024-03-20T14:24:28.539039+00:00, run_after=2024-03-21T14:24:28.539039+00:00
[2024-03-21T11:24:28.556-0300] {processor.py:175} INFO - Processing /home/carlosfalcone/.local/lib/python3.7/site-packages/airflow/example_dags/example_task_group_decorator.py took 0.072 seconds
