[2024-03-20T22:09:17.815-0300] {processor.py:153} INFO - Started process (PID=315) to work on /home/carlosfalcone/.local/lib/python3.7/site-packages/airflow/example_dags/example_branch_datetime_operator.py
[2024-03-20T22:09:17.816-0300] {processor.py:743} INFO - Processing file /home/carlosfalcone/.local/lib/python3.7/site-packages/airflow/example_dags/example_branch_datetime_operator.py for tasks to queue
[2024-03-20T22:09:17.816-0300] {logging_mixin.py:137} INFO - [2024-03-20T22:09:17.816-0300] {dagbag.py:532} INFO - Filling up the DagBag from /home/carlosfalcone/.local/lib/python3.7/site-packages/airflow/example_dags/example_branch_datetime_operator.py
[2024-03-20T22:09:17.827-0300] {processor.py:753} INFO - DAG(s) dict_keys(['example_branch_datetime_operator_3', 'example_branch_datetime_operator_2', 'example_branch_datetime_operator']) retrieved from /home/carlosfalcone/.local/lib/python3.7/site-packages/airflow/example_dags/example_branch_datetime_operator.py
[2024-03-20T22:09:17.893-0300] {logging_mixin.py:137} INFO - [2024-03-20T22:09:17.893-0300] {manager.py:504} INFO - Created Permission View: can delete on DAG:example_branch_datetime_operator_3
[2024-03-20T22:09:17.901-0300] {logging_mixin.py:137} INFO - [2024-03-20T22:09:17.900-0300] {manager.py:504} INFO - Created Permission View: can read on DAG:example_branch_datetime_operator_3
[2024-03-20T22:09:17.907-0300] {logging_mixin.py:137} INFO - [2024-03-20T22:09:17.907-0300] {manager.py:504} INFO - Created Permission View: can edit on DAG:example_branch_datetime_operator_3
[2024-03-20T22:09:17.921-0300] {logging_mixin.py:137} INFO - [2024-03-20T22:09:17.920-0300] {manager.py:504} INFO - Created Permission View: can delete on DAG:example_branch_datetime_operator_2
[2024-03-20T22:09:17.927-0300] {logging_mixin.py:137} INFO - [2024-03-20T22:09:17.927-0300] {manager.py:504} INFO - Created Permission View: can read on DAG:example_branch_datetime_operator_2
[2024-03-20T22:09:17.933-0300] {logging_mixin.py:137} INFO - [2024-03-20T22:09:17.933-0300] {manager.py:504} INFO - Created Permission View: can edit on DAG:example_branch_datetime_operator_2
[2024-03-20T22:09:17.946-0300] {logging_mixin.py:137} INFO - [2024-03-20T22:09:17.946-0300] {manager.py:504} INFO - Created Permission View: can delete on DAG:example_branch_datetime_operator
[2024-03-20T22:09:17.952-0300] {logging_mixin.py:137} INFO - [2024-03-20T22:09:17.952-0300] {manager.py:504} INFO - Created Permission View: can read on DAG:example_branch_datetime_operator
[2024-03-20T22:09:17.959-0300] {logging_mixin.py:137} INFO - [2024-03-20T22:09:17.959-0300] {manager.py:504} INFO - Created Permission View: can edit on DAG:example_branch_datetime_operator
[2024-03-20T22:09:17.959-0300] {logging_mixin.py:137} INFO - [2024-03-20T22:09:17.959-0300] {dag.py:2705} INFO - Sync 3 DAGs
[2024-03-20T22:09:17.966-0300] {logging_mixin.py:137} INFO - [2024-03-20T22:09:17.966-0300] {dag.py:2726} INFO - Creating ORM DAG for example_branch_datetime_operator
[2024-03-20T22:09:17.967-0300] {logging_mixin.py:137} INFO - [2024-03-20T22:09:17.966-0300] {dag.py:2726} INFO - Creating ORM DAG for example_branch_datetime_operator_2
[2024-03-20T22:09:17.967-0300] {logging_mixin.py:137} INFO - [2024-03-20T22:09:17.967-0300] {dag.py:2726} INFO - Creating ORM DAG for example_branch_datetime_operator_3
[2024-03-20T22:09:17.973-0300] {logging_mixin.py:137} INFO - [2024-03-20T22:09:17.973-0300] {dag.py:3456} INFO - Setting next_dagrun for example_branch_datetime_operator to 2024-03-20T00:00:00+00:00, run_after=2024-03-21T00:00:00+00:00
[2024-03-20T22:09:17.974-0300] {logging_mixin.py:137} INFO - [2024-03-20T22:09:17.974-0300] {dag.py:3456} INFO - Setting next_dagrun for example_branch_datetime_operator_2 to 2024-03-20T00:00:00+00:00, run_after=2024-03-21T00:00:00+00:00
[2024-03-20T22:09:17.976-0300] {logging_mixin.py:137} INFO - [2024-03-20T22:09:17.975-0300] {dag.py:3456} INFO - Setting next_dagrun for example_branch_datetime_operator_3 to 2024-03-20T00:00:00+00:00, run_after=2024-03-21T00:00:00+00:00
[2024-03-20T22:09:17.992-0300] {processor.py:175} INFO - Processing /home/carlosfalcone/.local/lib/python3.7/site-packages/airflow/example_dags/example_branch_datetime_operator.py took 0.179 seconds
[2024-03-20T22:10:00.470-0300] {processor.py:153} INFO - Started process (PID=519) to work on /home/carlosfalcone/.local/lib/python3.7/site-packages/airflow/example_dags/example_branch_datetime_operator.py
[2024-03-20T22:10:00.471-0300] {processor.py:743} INFO - Processing file /home/carlosfalcone/.local/lib/python3.7/site-packages/airflow/example_dags/example_branch_datetime_operator.py for tasks to queue
[2024-03-20T22:10:00.471-0300] {logging_mixin.py:137} INFO - [2024-03-20T22:10:00.471-0300] {dagbag.py:532} INFO - Filling up the DagBag from /home/carlosfalcone/.local/lib/python3.7/site-packages/airflow/example_dags/example_branch_datetime_operator.py
[2024-03-20T22:10:00.482-0300] {processor.py:753} INFO - DAG(s) dict_keys(['example_branch_datetime_operator', 'example_branch_datetime_operator_2', 'example_branch_datetime_operator_3']) retrieved from /home/carlosfalcone/.local/lib/python3.7/site-packages/airflow/example_dags/example_branch_datetime_operator.py
[2024-03-20T22:10:00.497-0300] {logging_mixin.py:137} INFO - [2024-03-20T22:10:00.497-0300] {dag.py:2705} INFO - Sync 3 DAGs
[2024-03-20T22:10:00.513-0300] {logging_mixin.py:137} INFO - [2024-03-20T22:10:00.513-0300] {dag.py:3456} INFO - Setting next_dagrun for example_branch_datetime_operator to 2024-03-20T00:00:00+00:00, run_after=2024-03-21T00:00:00+00:00
[2024-03-20T22:10:00.516-0300] {logging_mixin.py:137} INFO - [2024-03-20T22:10:00.516-0300] {dag.py:3456} INFO - Setting next_dagrun for example_branch_datetime_operator_2 to 2024-03-20T00:00:00+00:00, run_after=2024-03-21T00:00:00+00:00
[2024-03-20T22:10:00.517-0300] {logging_mixin.py:137} INFO - [2024-03-20T22:10:00.517-0300] {dag.py:3456} INFO - Setting next_dagrun for example_branch_datetime_operator_3 to 2024-03-20T00:00:00+00:00, run_after=2024-03-21T00:00:00+00:00
[2024-03-20T22:10:00.531-0300] {processor.py:175} INFO - Processing /home/carlosfalcone/.local/lib/python3.7/site-packages/airflow/example_dags/example_branch_datetime_operator.py took 0.063 seconds
[2024-03-20T22:10:40.865-0300] {processor.py:153} INFO - Started process (PID=621) to work on /home/carlosfalcone/.local/lib/python3.7/site-packages/airflow/example_dags/example_branch_datetime_operator.py
[2024-03-20T22:10:40.866-0300] {processor.py:743} INFO - Processing file /home/carlosfalcone/.local/lib/python3.7/site-packages/airflow/example_dags/example_branch_datetime_operator.py for tasks to queue
[2024-03-20T22:10:40.866-0300] {logging_mixin.py:137} INFO - [2024-03-20T22:10:40.866-0300] {dagbag.py:532} INFO - Filling up the DagBag from /home/carlosfalcone/.local/lib/python3.7/site-packages/airflow/example_dags/example_branch_datetime_operator.py
[2024-03-20T22:10:40.876-0300] {processor.py:753} INFO - DAG(s) dict_keys(['example_branch_datetime_operator_2', 'example_branch_datetime_operator', 'example_branch_datetime_operator_3']) retrieved from /home/carlosfalcone/.local/lib/python3.7/site-packages/airflow/example_dags/example_branch_datetime_operator.py
[2024-03-20T22:10:40.891-0300] {logging_mixin.py:137} INFO - [2024-03-20T22:10:40.891-0300] {dag.py:2705} INFO - Sync 3 DAGs
[2024-03-20T22:10:40.906-0300] {logging_mixin.py:137} INFO - [2024-03-20T22:10:40.906-0300] {dag.py:3456} INFO - Setting next_dagrun for example_branch_datetime_operator to 2024-03-20T00:00:00+00:00, run_after=2024-03-21T00:00:00+00:00
[2024-03-20T22:10:40.909-0300] {logging_mixin.py:137} INFO - [2024-03-20T22:10:40.908-0300] {dag.py:3456} INFO - Setting next_dagrun for example_branch_datetime_operator_2 to 2024-03-20T00:00:00+00:00, run_after=2024-03-21T00:00:00+00:00
[2024-03-20T22:10:40.910-0300] {logging_mixin.py:137} INFO - [2024-03-20T22:10:40.910-0300] {dag.py:3456} INFO - Setting next_dagrun for example_branch_datetime_operator_3 to 2024-03-20T00:00:00+00:00, run_after=2024-03-21T00:00:00+00:00
[2024-03-20T22:10:40.925-0300] {processor.py:175} INFO - Processing /home/carlosfalcone/.local/lib/python3.7/site-packages/airflow/example_dags/example_branch_datetime_operator.py took 0.061 seconds
[2024-03-20T22:11:23.940-0300] {processor.py:153} INFO - Started process (PID=732) to work on /home/carlosfalcone/.local/lib/python3.7/site-packages/airflow/example_dags/example_branch_datetime_operator.py
[2024-03-20T22:11:23.941-0300] {processor.py:743} INFO - Processing file /home/carlosfalcone/.local/lib/python3.7/site-packages/airflow/example_dags/example_branch_datetime_operator.py for tasks to queue
[2024-03-20T22:11:23.941-0300] {logging_mixin.py:137} INFO - [2024-03-20T22:11:23.941-0300] {dagbag.py:532} INFO - Filling up the DagBag from /home/carlosfalcone/.local/lib/python3.7/site-packages/airflow/example_dags/example_branch_datetime_operator.py
[2024-03-20T22:11:23.951-0300] {processor.py:753} INFO - DAG(s) dict_keys(['example_branch_datetime_operator', 'example_branch_datetime_operator_2', 'example_branch_datetime_operator_3']) retrieved from /home/carlosfalcone/.local/lib/python3.7/site-packages/airflow/example_dags/example_branch_datetime_operator.py
[2024-03-20T22:11:23.966-0300] {logging_mixin.py:137} INFO - [2024-03-20T22:11:23.966-0300] {dag.py:2705} INFO - Sync 3 DAGs
[2024-03-20T22:11:23.981-0300] {logging_mixin.py:137} INFO - [2024-03-20T22:11:23.981-0300] {dag.py:3456} INFO - Setting next_dagrun for example_branch_datetime_operator to 2024-03-20T00:00:00+00:00, run_after=2024-03-21T00:00:00+00:00
[2024-03-20T22:11:23.984-0300] {logging_mixin.py:137} INFO - [2024-03-20T22:11:23.984-0300] {dag.py:3456} INFO - Setting next_dagrun for example_branch_datetime_operator_2 to 2024-03-20T00:00:00+00:00, run_after=2024-03-21T00:00:00+00:00
[2024-03-20T22:11:23.986-0300] {logging_mixin.py:137} INFO - [2024-03-20T22:11:23.986-0300] {dag.py:3456} INFO - Setting next_dagrun for example_branch_datetime_operator_3 to 2024-03-20T00:00:00+00:00, run_after=2024-03-21T00:00:00+00:00
[2024-03-20T22:11:24.000-0300] {processor.py:175} INFO - Processing /home/carlosfalcone/.local/lib/python3.7/site-packages/airflow/example_dags/example_branch_datetime_operator.py took 0.063 seconds
[2024-03-20T22:12:06.078-0300] {processor.py:153} INFO - Started process (PID=829) to work on /home/carlosfalcone/.local/lib/python3.7/site-packages/airflow/example_dags/example_branch_datetime_operator.py
[2024-03-20T22:12:06.079-0300] {processor.py:743} INFO - Processing file /home/carlosfalcone/.local/lib/python3.7/site-packages/airflow/example_dags/example_branch_datetime_operator.py for tasks to queue
[2024-03-20T22:12:06.080-0300] {logging_mixin.py:137} INFO - [2024-03-20T22:12:06.080-0300] {dagbag.py:532} INFO - Filling up the DagBag from /home/carlosfalcone/.local/lib/python3.7/site-packages/airflow/example_dags/example_branch_datetime_operator.py
[2024-03-20T22:12:06.090-0300] {processor.py:753} INFO - DAG(s) dict_keys(['example_branch_datetime_operator', 'example_branch_datetime_operator_2', 'example_branch_datetime_operator_3']) retrieved from /home/carlosfalcone/.local/lib/python3.7/site-packages/airflow/example_dags/example_branch_datetime_operator.py
[2024-03-20T22:12:06.105-0300] {logging_mixin.py:137} INFO - [2024-03-20T22:12:06.105-0300] {dag.py:2705} INFO - Sync 3 DAGs
[2024-03-20T22:12:06.120-0300] {logging_mixin.py:137} INFO - [2024-03-20T22:12:06.120-0300] {dag.py:3456} INFO - Setting next_dagrun for example_branch_datetime_operator to 2024-03-20T00:00:00+00:00, run_after=2024-03-21T00:00:00+00:00
[2024-03-20T22:12:06.123-0300] {logging_mixin.py:137} INFO - [2024-03-20T22:12:06.123-0300] {dag.py:3456} INFO - Setting next_dagrun for example_branch_datetime_operator_2 to 2024-03-20T00:00:00+00:00, run_after=2024-03-21T00:00:00+00:00
[2024-03-20T22:12:06.124-0300] {logging_mixin.py:137} INFO - [2024-03-20T22:12:06.124-0300] {dag.py:3456} INFO - Setting next_dagrun for example_branch_datetime_operator_3 to 2024-03-20T00:00:00+00:00, run_after=2024-03-21T00:00:00+00:00
[2024-03-20T22:12:06.140-0300] {processor.py:175} INFO - Processing /home/carlosfalcone/.local/lib/python3.7/site-packages/airflow/example_dags/example_branch_datetime_operator.py took 0.063 seconds
[2024-03-20T22:12:49.421-0300] {processor.py:153} INFO - Started process (PID=939) to work on /home/carlosfalcone/.local/lib/python3.7/site-packages/airflow/example_dags/example_branch_datetime_operator.py
[2024-03-20T22:12:49.422-0300] {processor.py:743} INFO - Processing file /home/carlosfalcone/.local/lib/python3.7/site-packages/airflow/example_dags/example_branch_datetime_operator.py for tasks to queue
[2024-03-20T22:12:49.423-0300] {logging_mixin.py:137} INFO - [2024-03-20T22:12:49.423-0300] {dagbag.py:532} INFO - Filling up the DagBag from /home/carlosfalcone/.local/lib/python3.7/site-packages/airflow/example_dags/example_branch_datetime_operator.py
[2024-03-20T22:12:49.433-0300] {processor.py:753} INFO - DAG(s) dict_keys(['example_branch_datetime_operator', 'example_branch_datetime_operator_3', 'example_branch_datetime_operator_2']) retrieved from /home/carlosfalcone/.local/lib/python3.7/site-packages/airflow/example_dags/example_branch_datetime_operator.py
[2024-03-20T22:12:49.448-0300] {logging_mixin.py:137} INFO - [2024-03-20T22:12:49.448-0300] {dag.py:2705} INFO - Sync 3 DAGs
[2024-03-20T22:12:49.463-0300] {logging_mixin.py:137} INFO - [2024-03-20T22:12:49.463-0300] {dag.py:3456} INFO - Setting next_dagrun for example_branch_datetime_operator to 2024-03-20T00:00:00+00:00, run_after=2024-03-21T00:00:00+00:00
[2024-03-20T22:12:49.465-0300] {logging_mixin.py:137} INFO - [2024-03-20T22:12:49.465-0300] {dag.py:3456} INFO - Setting next_dagrun for example_branch_datetime_operator_2 to 2024-03-20T00:00:00+00:00, run_after=2024-03-21T00:00:00+00:00
[2024-03-20T22:12:49.467-0300] {logging_mixin.py:137} INFO - [2024-03-20T22:12:49.467-0300] {dag.py:3456} INFO - Setting next_dagrun for example_branch_datetime_operator_3 to 2024-03-20T00:00:00+00:00, run_after=2024-03-21T00:00:00+00:00
[2024-03-20T22:12:49.482-0300] {processor.py:175} INFO - Processing /home/carlosfalcone/.local/lib/python3.7/site-packages/airflow/example_dags/example_branch_datetime_operator.py took 0.063 seconds
[2024-03-20T22:13:34.923-0300] {processor.py:153} INFO - Started process (PID=1055) to work on /home/carlosfalcone/.local/lib/python3.7/site-packages/airflow/example_dags/example_branch_datetime_operator.py
[2024-03-20T22:13:34.924-0300] {processor.py:743} INFO - Processing file /home/carlosfalcone/.local/lib/python3.7/site-packages/airflow/example_dags/example_branch_datetime_operator.py for tasks to queue
[2024-03-20T22:13:34.924-0300] {logging_mixin.py:137} INFO - [2024-03-20T22:13:34.924-0300] {dagbag.py:532} INFO - Filling up the DagBag from /home/carlosfalcone/.local/lib/python3.7/site-packages/airflow/example_dags/example_branch_datetime_operator.py
[2024-03-20T22:13:34.934-0300] {processor.py:753} INFO - DAG(s) dict_keys(['example_branch_datetime_operator', 'example_branch_datetime_operator_2', 'example_branch_datetime_operator_3']) retrieved from /home/carlosfalcone/.local/lib/python3.7/site-packages/airflow/example_dags/example_branch_datetime_operator.py
[2024-03-20T22:13:34.949-0300] {logging_mixin.py:137} INFO - [2024-03-20T22:13:34.949-0300] {dag.py:2705} INFO - Sync 3 DAGs
[2024-03-20T22:13:34.964-0300] {logging_mixin.py:137} INFO - [2024-03-20T22:13:34.964-0300] {dag.py:3456} INFO - Setting next_dagrun for example_branch_datetime_operator to 2024-03-20T00:00:00+00:00, run_after=2024-03-21T00:00:00+00:00
[2024-03-20T22:13:34.966-0300] {logging_mixin.py:137} INFO - [2024-03-20T22:13:34.966-0300] {dag.py:3456} INFO - Setting next_dagrun for example_branch_datetime_operator_2 to 2024-03-20T00:00:00+00:00, run_after=2024-03-21T00:00:00+00:00
[2024-03-20T22:13:34.968-0300] {logging_mixin.py:137} INFO - [2024-03-20T22:13:34.968-0300] {dag.py:3456} INFO - Setting next_dagrun for example_branch_datetime_operator_3 to 2024-03-20T00:00:00+00:00, run_after=2024-03-21T00:00:00+00:00
[2024-03-20T22:13:34.982-0300] {processor.py:175} INFO - Processing /home/carlosfalcone/.local/lib/python3.7/site-packages/airflow/example_dags/example_branch_datetime_operator.py took 0.061 seconds
[2024-03-20T22:14:13.130-0300] {processor.py:153} INFO - Started process (PID=1117) to work on /home/carlosfalcone/.local/lib/python3.7/site-packages/airflow/example_dags/example_branch_datetime_operator.py
[2024-03-20T22:14:13.131-0300] {processor.py:743} INFO - Processing file /home/carlosfalcone/.local/lib/python3.7/site-packages/airflow/example_dags/example_branch_datetime_operator.py for tasks to queue
[2024-03-20T22:14:13.132-0300] {logging_mixin.py:137} INFO - [2024-03-20T22:14:13.132-0300] {dagbag.py:532} INFO - Filling up the DagBag from /home/carlosfalcone/.local/lib/python3.7/site-packages/airflow/example_dags/example_branch_datetime_operator.py
[2024-03-20T22:14:13.142-0300] {processor.py:753} INFO - DAG(s) dict_keys(['example_branch_datetime_operator', 'example_branch_datetime_operator_3', 'example_branch_datetime_operator_2']) retrieved from /home/carlosfalcone/.local/lib/python3.7/site-packages/airflow/example_dags/example_branch_datetime_operator.py
[2024-03-20T22:14:13.157-0300] {logging_mixin.py:137} INFO - [2024-03-20T22:14:13.157-0300] {dag.py:2705} INFO - Sync 3 DAGs
[2024-03-20T22:14:13.171-0300] {logging_mixin.py:137} INFO - [2024-03-20T22:14:13.171-0300] {dag.py:3456} INFO - Setting next_dagrun for example_branch_datetime_operator to 2024-03-20T00:00:00+00:00, run_after=2024-03-21T00:00:00+00:00
[2024-03-20T22:14:13.174-0300] {logging_mixin.py:137} INFO - [2024-03-20T22:14:13.174-0300] {dag.py:3456} INFO - Setting next_dagrun for example_branch_datetime_operator_2 to 2024-03-20T00:00:00+00:00, run_after=2024-03-21T00:00:00+00:00
[2024-03-20T22:14:13.176-0300] {logging_mixin.py:137} INFO - [2024-03-20T22:14:13.176-0300] {dag.py:3456} INFO - Setting next_dagrun for example_branch_datetime_operator_3 to 2024-03-20T00:00:00+00:00, run_after=2024-03-21T00:00:00+00:00
[2024-03-20T22:14:13.190-0300] {processor.py:175} INFO - Processing /home/carlosfalcone/.local/lib/python3.7/site-packages/airflow/example_dags/example_branch_datetime_operator.py took 0.061 seconds
[2024-03-20T22:14:52.929-0300] {processor.py:153} INFO - Started process (PID=1177) to work on /home/carlosfalcone/.local/lib/python3.7/site-packages/airflow/example_dags/example_branch_datetime_operator.py
[2024-03-20T22:14:52.930-0300] {processor.py:743} INFO - Processing file /home/carlosfalcone/.local/lib/python3.7/site-packages/airflow/example_dags/example_branch_datetime_operator.py for tasks to queue
[2024-03-20T22:14:52.931-0300] {logging_mixin.py:137} INFO - [2024-03-20T22:14:52.931-0300] {dagbag.py:532} INFO - Filling up the DagBag from /home/carlosfalcone/.local/lib/python3.7/site-packages/airflow/example_dags/example_branch_datetime_operator.py
[2024-03-20T22:14:52.941-0300] {processor.py:753} INFO - DAG(s) dict_keys(['example_branch_datetime_operator', 'example_branch_datetime_operator_3', 'example_branch_datetime_operator_2']) retrieved from /home/carlosfalcone/.local/lib/python3.7/site-packages/airflow/example_dags/example_branch_datetime_operator.py
[2024-03-20T22:14:52.956-0300] {logging_mixin.py:137} INFO - [2024-03-20T22:14:52.955-0300] {dag.py:2705} INFO - Sync 3 DAGs
[2024-03-20T22:14:52.971-0300] {logging_mixin.py:137} INFO - [2024-03-20T22:14:52.970-0300] {dag.py:3456} INFO - Setting next_dagrun for example_branch_datetime_operator to 2024-03-20T00:00:00+00:00, run_after=2024-03-21T00:00:00+00:00
[2024-03-20T22:14:52.973-0300] {logging_mixin.py:137} INFO - [2024-03-20T22:14:52.973-0300] {dag.py:3456} INFO - Setting next_dagrun for example_branch_datetime_operator_2 to 2024-03-20T00:00:00+00:00, run_after=2024-03-21T00:00:00+00:00
[2024-03-20T22:14:52.974-0300] {logging_mixin.py:137} INFO - [2024-03-20T22:14:52.974-0300] {dag.py:3456} INFO - Setting next_dagrun for example_branch_datetime_operator_3 to 2024-03-20T00:00:00+00:00, run_after=2024-03-21T00:00:00+00:00
[2024-03-20T22:14:52.988-0300] {processor.py:175} INFO - Processing /home/carlosfalcone/.local/lib/python3.7/site-packages/airflow/example_dags/example_branch_datetime_operator.py took 0.061 seconds
[2024-03-20T22:15:39.369-0300] {processor.py:153} INFO - Started process (PID=1292) to work on /home/carlosfalcone/.local/lib/python3.7/site-packages/airflow/example_dags/example_branch_datetime_operator.py
[2024-03-20T22:15:39.370-0300] {processor.py:743} INFO - Processing file /home/carlosfalcone/.local/lib/python3.7/site-packages/airflow/example_dags/example_branch_datetime_operator.py for tasks to queue
[2024-03-20T22:15:39.370-0300] {logging_mixin.py:137} INFO - [2024-03-20T22:15:39.370-0300] {dagbag.py:532} INFO - Filling up the DagBag from /home/carlosfalcone/.local/lib/python3.7/site-packages/airflow/example_dags/example_branch_datetime_operator.py
[2024-03-20T22:15:39.380-0300] {processor.py:753} INFO - DAG(s) dict_keys(['example_branch_datetime_operator', 'example_branch_datetime_operator_2', 'example_branch_datetime_operator_3']) retrieved from /home/carlosfalcone/.local/lib/python3.7/site-packages/airflow/example_dags/example_branch_datetime_operator.py
[2024-03-20T22:15:39.396-0300] {logging_mixin.py:137} INFO - [2024-03-20T22:15:39.396-0300] {dag.py:2705} INFO - Sync 3 DAGs
[2024-03-20T22:15:39.411-0300] {logging_mixin.py:137} INFO - [2024-03-20T22:15:39.411-0300] {dag.py:3456} INFO - Setting next_dagrun for example_branch_datetime_operator to 2024-03-20T00:00:00+00:00, run_after=2024-03-21T00:00:00+00:00
[2024-03-20T22:15:39.413-0300] {logging_mixin.py:137} INFO - [2024-03-20T22:15:39.413-0300] {dag.py:3456} INFO - Setting next_dagrun for example_branch_datetime_operator_2 to 2024-03-20T00:00:00+00:00, run_after=2024-03-21T00:00:00+00:00
[2024-03-20T22:15:39.415-0300] {logging_mixin.py:137} INFO - [2024-03-20T22:15:39.415-0300] {dag.py:3456} INFO - Setting next_dagrun for example_branch_datetime_operator_3 to 2024-03-20T00:00:00+00:00, run_after=2024-03-21T00:00:00+00:00
[2024-03-20T22:15:39.429-0300] {processor.py:175} INFO - Processing /home/carlosfalcone/.local/lib/python3.7/site-packages/airflow/example_dags/example_branch_datetime_operator.py took 0.062 seconds
[2024-03-20T22:16:24.771-0300] {processor.py:153} INFO - Started process (PID=1417) to work on /home/carlosfalcone/.local/lib/python3.7/site-packages/airflow/example_dags/example_branch_datetime_operator.py
[2024-03-20T22:16:24.772-0300] {processor.py:743} INFO - Processing file /home/carlosfalcone/.local/lib/python3.7/site-packages/airflow/example_dags/example_branch_datetime_operator.py for tasks to queue
[2024-03-20T22:16:24.773-0300] {logging_mixin.py:137} INFO - [2024-03-20T22:16:24.773-0300] {dagbag.py:532} INFO - Filling up the DagBag from /home/carlosfalcone/.local/lib/python3.7/site-packages/airflow/example_dags/example_branch_datetime_operator.py
[2024-03-20T22:16:24.783-0300] {processor.py:753} INFO - DAG(s) dict_keys(['example_branch_datetime_operator_2', 'example_branch_datetime_operator_3', 'example_branch_datetime_operator']) retrieved from /home/carlosfalcone/.local/lib/python3.7/site-packages/airflow/example_dags/example_branch_datetime_operator.py
[2024-03-20T22:16:24.798-0300] {logging_mixin.py:137} INFO - [2024-03-20T22:16:24.798-0300] {dag.py:2705} INFO - Sync 3 DAGs
[2024-03-20T22:16:24.812-0300] {logging_mixin.py:137} INFO - [2024-03-20T22:16:24.812-0300] {dag.py:3456} INFO - Setting next_dagrun for example_branch_datetime_operator to 2024-03-20T00:00:00+00:00, run_after=2024-03-21T00:00:00+00:00
[2024-03-20T22:16:24.815-0300] {logging_mixin.py:137} INFO - [2024-03-20T22:16:24.815-0300] {dag.py:3456} INFO - Setting next_dagrun for example_branch_datetime_operator_2 to 2024-03-20T00:00:00+00:00, run_after=2024-03-21T00:00:00+00:00
[2024-03-20T22:16:24.817-0300] {logging_mixin.py:137} INFO - [2024-03-20T22:16:24.816-0300] {dag.py:3456} INFO - Setting next_dagrun for example_branch_datetime_operator_3 to 2024-03-20T00:00:00+00:00, run_after=2024-03-21T00:00:00+00:00
[2024-03-20T22:16:24.830-0300] {processor.py:175} INFO - Processing /home/carlosfalcone/.local/lib/python3.7/site-packages/airflow/example_dags/example_branch_datetime_operator.py took 0.060 seconds
[2024-03-20T22:17:11.106-0300] {processor.py:153} INFO - Started process (PID=1536) to work on /home/carlosfalcone/.local/lib/python3.7/site-packages/airflow/example_dags/example_branch_datetime_operator.py
[2024-03-20T22:17:11.107-0300] {processor.py:743} INFO - Processing file /home/carlosfalcone/.local/lib/python3.7/site-packages/airflow/example_dags/example_branch_datetime_operator.py for tasks to queue
[2024-03-20T22:17:11.108-0300] {logging_mixin.py:137} INFO - [2024-03-20T22:17:11.107-0300] {dagbag.py:532} INFO - Filling up the DagBag from /home/carlosfalcone/.local/lib/python3.7/site-packages/airflow/example_dags/example_branch_datetime_operator.py
[2024-03-20T22:17:11.118-0300] {processor.py:753} INFO - DAG(s) dict_keys(['example_branch_datetime_operator_3', 'example_branch_datetime_operator_2', 'example_branch_datetime_operator']) retrieved from /home/carlosfalcone/.local/lib/python3.7/site-packages/airflow/example_dags/example_branch_datetime_operator.py
[2024-03-20T22:17:11.134-0300] {logging_mixin.py:137} INFO - [2024-03-20T22:17:11.134-0300] {dag.py:2705} INFO - Sync 3 DAGs
[2024-03-20T22:17:11.149-0300] {logging_mixin.py:137} INFO - [2024-03-20T22:17:11.148-0300] {dag.py:3456} INFO - Setting next_dagrun for example_branch_datetime_operator to 2024-03-20T00:00:00+00:00, run_after=2024-03-21T00:00:00+00:00
[2024-03-20T22:17:11.151-0300] {logging_mixin.py:137} INFO - [2024-03-20T22:17:11.151-0300] {dag.py:3456} INFO - Setting next_dagrun for example_branch_datetime_operator_2 to 2024-03-20T00:00:00+00:00, run_after=2024-03-21T00:00:00+00:00
[2024-03-20T22:17:11.153-0300] {logging_mixin.py:137} INFO - [2024-03-20T22:17:11.153-0300] {dag.py:3456} INFO - Setting next_dagrun for example_branch_datetime_operator_3 to 2024-03-20T00:00:00+00:00, run_after=2024-03-21T00:00:00+00:00
[2024-03-20T22:17:11.169-0300] {processor.py:175} INFO - Processing /home/carlosfalcone/.local/lib/python3.7/site-packages/airflow/example_dags/example_branch_datetime_operator.py took 0.064 seconds
[2024-03-20T22:17:58.523-0300] {processor.py:153} INFO - Started process (PID=1657) to work on /home/carlosfalcone/.local/lib/python3.7/site-packages/airflow/example_dags/example_branch_datetime_operator.py
[2024-03-20T22:17:58.524-0300] {processor.py:743} INFO - Processing file /home/carlosfalcone/.local/lib/python3.7/site-packages/airflow/example_dags/example_branch_datetime_operator.py for tasks to queue
[2024-03-20T22:17:58.524-0300] {logging_mixin.py:137} INFO - [2024-03-20T22:17:58.524-0300] {dagbag.py:532} INFO - Filling up the DagBag from /home/carlosfalcone/.local/lib/python3.7/site-packages/airflow/example_dags/example_branch_datetime_operator.py
[2024-03-20T22:17:58.535-0300] {processor.py:753} INFO - DAG(s) dict_keys(['example_branch_datetime_operator_3', 'example_branch_datetime_operator', 'example_branch_datetime_operator_2']) retrieved from /home/carlosfalcone/.local/lib/python3.7/site-packages/airflow/example_dags/example_branch_datetime_operator.py
[2024-03-20T22:17:58.550-0300] {logging_mixin.py:137} INFO - [2024-03-20T22:17:58.550-0300] {dag.py:2705} INFO - Sync 3 DAGs
[2024-03-20T22:17:58.565-0300] {logging_mixin.py:137} INFO - [2024-03-20T22:17:58.565-0300] {dag.py:3456} INFO - Setting next_dagrun for example_branch_datetime_operator to 2024-03-20T00:00:00+00:00, run_after=2024-03-21T00:00:00+00:00
[2024-03-20T22:17:58.569-0300] {logging_mixin.py:137} INFO - [2024-03-20T22:17:58.569-0300] {dag.py:3456} INFO - Setting next_dagrun for example_branch_datetime_operator_2 to 2024-03-20T00:00:00+00:00, run_after=2024-03-21T00:00:00+00:00
[2024-03-20T22:17:58.570-0300] {logging_mixin.py:137} INFO - [2024-03-20T22:17:58.570-0300] {dag.py:3456} INFO - Setting next_dagrun for example_branch_datetime_operator_3 to 2024-03-20T00:00:00+00:00, run_after=2024-03-21T00:00:00+00:00
[2024-03-20T22:17:58.586-0300] {processor.py:175} INFO - Processing /home/carlosfalcone/.local/lib/python3.7/site-packages/airflow/example_dags/example_branch_datetime_operator.py took 0.064 seconds
[2024-03-21T11:23:49.653-0300] {processor.py:153} INFO - Started process (PID=111) to work on /home/carlosfalcone/.local/lib/python3.7/site-packages/airflow/example_dags/example_branch_datetime_operator.py
[2024-03-21T11:23:49.661-0300] {processor.py:743} INFO - Processing file /home/carlosfalcone/.local/lib/python3.7/site-packages/airflow/example_dags/example_branch_datetime_operator.py for tasks to queue
[2024-03-21T11:23:49.662-0300] {logging_mixin.py:137} INFO - [2024-03-21T11:23:49.662-0300] {dagbag.py:532} INFO - Filling up the DagBag from /home/carlosfalcone/.local/lib/python3.7/site-packages/airflow/example_dags/example_branch_datetime_operator.py
[2024-03-21T11:23:49.672-0300] {processor.py:753} INFO - DAG(s) dict_keys(['example_branch_datetime_operator_2', 'example_branch_datetime_operator', 'example_branch_datetime_operator_3']) retrieved from /home/carlosfalcone/.local/lib/python3.7/site-packages/airflow/example_dags/example_branch_datetime_operator.py
[2024-03-21T11:23:49.689-0300] {logging_mixin.py:137} INFO - [2024-03-21T11:23:49.689-0300] {dag.py:2705} INFO - Sync 3 DAGs
[2024-03-21T11:23:49.704-0300] {logging_mixin.py:137} INFO - [2024-03-21T11:23:49.704-0300] {dag.py:3456} INFO - Setting next_dagrun for example_branch_datetime_operator to 2024-03-20T00:00:00+00:00, run_after=2024-03-21T00:00:00+00:00
[2024-03-21T11:23:49.707-0300] {logging_mixin.py:137} INFO - [2024-03-21T11:23:49.707-0300] {dag.py:3456} INFO - Setting next_dagrun for example_branch_datetime_operator_2 to 2024-03-20T00:00:00+00:00, run_after=2024-03-21T00:00:00+00:00
[2024-03-21T11:23:49.708-0300] {logging_mixin.py:137} INFO - [2024-03-21T11:23:49.708-0300] {dag.py:3456} INFO - Setting next_dagrun for example_branch_datetime_operator_3 to 2024-03-20T00:00:00+00:00, run_after=2024-03-21T00:00:00+00:00
[2024-03-21T11:23:49.723-0300] {processor.py:175} INFO - Processing /home/carlosfalcone/.local/lib/python3.7/site-packages/airflow/example_dags/example_branch_datetime_operator.py took 0.072 seconds
[2024-03-21T11:24:27.358-0300] {processor.py:153} INFO - Started process (PID=339) to work on /home/carlosfalcone/.local/lib/python3.7/site-packages/airflow/example_dags/example_branch_datetime_operator.py
[2024-03-21T11:24:27.359-0300] {processor.py:743} INFO - Processing file /home/carlosfalcone/.local/lib/python3.7/site-packages/airflow/example_dags/example_branch_datetime_operator.py for tasks to queue
[2024-03-21T11:24:27.360-0300] {logging_mixin.py:137} INFO - [2024-03-21T11:24:27.360-0300] {dagbag.py:532} INFO - Filling up the DagBag from /home/carlosfalcone/.local/lib/python3.7/site-packages/airflow/example_dags/example_branch_datetime_operator.py
[2024-03-21T11:24:27.371-0300] {processor.py:753} INFO - DAG(s) dict_keys(['example_branch_datetime_operator_3', 'example_branch_datetime_operator_2', 'example_branch_datetime_operator']) retrieved from /home/carlosfalcone/.local/lib/python3.7/site-packages/airflow/example_dags/example_branch_datetime_operator.py
[2024-03-21T11:24:27.390-0300] {logging_mixin.py:137} INFO - [2024-03-21T11:24:27.390-0300] {dag.py:2705} INFO - Sync 3 DAGs
[2024-03-21T11:24:27.407-0300] {logging_mixin.py:137} INFO - [2024-03-21T11:24:27.406-0300] {dag.py:3456} INFO - Setting next_dagrun for example_branch_datetime_operator to 2024-03-20T00:00:00+00:00, run_after=2024-03-21T00:00:00+00:00
[2024-03-21T11:24:27.410-0300] {logging_mixin.py:137} INFO - [2024-03-21T11:24:27.410-0300] {dag.py:3456} INFO - Setting next_dagrun for example_branch_datetime_operator_2 to 2024-03-20T00:00:00+00:00, run_after=2024-03-21T00:00:00+00:00
[2024-03-21T11:24:27.411-0300] {logging_mixin.py:137} INFO - [2024-03-21T11:24:27.411-0300] {dag.py:3456} INFO - Setting next_dagrun for example_branch_datetime_operator_3 to 2024-03-20T00:00:00+00:00, run_after=2024-03-21T00:00:00+00:00
[2024-03-21T11:24:27.426-0300] {processor.py:175} INFO - Processing /home/carlosfalcone/.local/lib/python3.7/site-packages/airflow/example_dags/example_branch_datetime_operator.py took 0.070 seconds
