[2024-03-20T22:09:22.951-0300] {processor.py:153} INFO - Started process (PID=320) to work on /home/carlosfalcone/.local/lib/python3.7/site-packages/airflow/example_dags/example_dynamic_task_mapping.py
[2024-03-20T22:09:22.951-0300] {processor.py:743} INFO - Processing file /home/carlosfalcone/.local/lib/python3.7/site-packages/airflow/example_dags/example_dynamic_task_mapping.py for tasks to queue
[2024-03-20T22:09:22.951-0300] {logging_mixin.py:137} INFO - [2024-03-20T22:09:22.951-0300] {dagbag.py:532} INFO - Filling up the DagBag from /home/carlosfalcone/.local/lib/python3.7/site-packages/airflow/example_dags/example_dynamic_task_mapping.py
[2024-03-20T22:09:22.965-0300] {processor.py:753} INFO - DAG(s) dict_keys(['example_dynamic_task_mapping']) retrieved from /home/carlosfalcone/.local/lib/python3.7/site-packages/airflow/example_dags/example_dynamic_task_mapping.py
[2024-03-20T22:09:23.032-0300] {logging_mixin.py:137} INFO - [2024-03-20T22:09:23.032-0300] {manager.py:504} INFO - Created Permission View: can delete on DAG:example_dynamic_task_mapping
[2024-03-20T22:09:23.040-0300] {logging_mixin.py:137} INFO - [2024-03-20T22:09:23.040-0300] {manager.py:504} INFO - Created Permission View: can read on DAG:example_dynamic_task_mapping
[2024-03-20T22:09:23.046-0300] {logging_mixin.py:137} INFO - [2024-03-20T22:09:23.046-0300] {manager.py:504} INFO - Created Permission View: can edit on DAG:example_dynamic_task_mapping
[2024-03-20T22:09:23.047-0300] {logging_mixin.py:137} INFO - [2024-03-20T22:09:23.046-0300] {dag.py:2705} INFO - Sync 1 DAGs
[2024-03-20T22:09:23.055-0300] {logging_mixin.py:137} INFO - [2024-03-20T22:09:23.055-0300] {dag.py:2726} INFO - Creating ORM DAG for example_dynamic_task_mapping
[2024-03-20T22:09:23.061-0300] {logging_mixin.py:137} INFO - [2024-03-20T22:09:23.061-0300] {dag.py:3456} INFO - Setting next_dagrun for example_dynamic_task_mapping to 2022-03-04T00:00:00+00:00, run_after=2022-03-05T00:00:00+00:00
[2024-03-20T22:09:23.076-0300] {processor.py:175} INFO - Processing /home/carlosfalcone/.local/lib/python3.7/site-packages/airflow/example_dags/example_dynamic_task_mapping.py took 0.127 seconds
[2024-03-20T22:10:05.133-0300] {processor.py:153} INFO - Started process (PID=533) to work on /home/carlosfalcone/.local/lib/python3.7/site-packages/airflow/example_dags/example_dynamic_task_mapping.py
[2024-03-20T22:10:05.134-0300] {processor.py:743} INFO - Processing file /home/carlosfalcone/.local/lib/python3.7/site-packages/airflow/example_dags/example_dynamic_task_mapping.py for tasks to queue
[2024-03-20T22:10:05.134-0300] {logging_mixin.py:137} INFO - [2024-03-20T22:10:05.134-0300] {dagbag.py:532} INFO - Filling up the DagBag from /home/carlosfalcone/.local/lib/python3.7/site-packages/airflow/example_dags/example_dynamic_task_mapping.py
[2024-03-20T22:10:05.148-0300] {processor.py:753} INFO - DAG(s) dict_keys(['example_dynamic_task_mapping']) retrieved from /home/carlosfalcone/.local/lib/python3.7/site-packages/airflow/example_dags/example_dynamic_task_mapping.py
[2024-03-20T22:10:05.159-0300] {logging_mixin.py:137} INFO - [2024-03-20T22:10:05.159-0300] {dag.py:2705} INFO - Sync 1 DAGs
[2024-03-20T22:10:05.173-0300] {logging_mixin.py:137} INFO - [2024-03-20T22:10:05.173-0300] {dag.py:3456} INFO - Setting next_dagrun for example_dynamic_task_mapping to 2022-03-04T00:00:00+00:00, run_after=2022-03-05T00:00:00+00:00
[2024-03-20T22:10:05.189-0300] {processor.py:175} INFO - Processing /home/carlosfalcone/.local/lib/python3.7/site-packages/airflow/example_dags/example_dynamic_task_mapping.py took 0.057 seconds
[2024-03-20T22:10:49.207-0300] {processor.py:153} INFO - Started process (PID=641) to work on /home/carlosfalcone/.local/lib/python3.7/site-packages/airflow/example_dags/example_dynamic_task_mapping.py
[2024-03-20T22:10:49.208-0300] {processor.py:743} INFO - Processing file /home/carlosfalcone/.local/lib/python3.7/site-packages/airflow/example_dags/example_dynamic_task_mapping.py for tasks to queue
[2024-03-20T22:10:49.208-0300] {logging_mixin.py:137} INFO - [2024-03-20T22:10:49.208-0300] {dagbag.py:532} INFO - Filling up the DagBag from /home/carlosfalcone/.local/lib/python3.7/site-packages/airflow/example_dags/example_dynamic_task_mapping.py
[2024-03-20T22:10:49.220-0300] {processor.py:753} INFO - DAG(s) dict_keys(['example_dynamic_task_mapping']) retrieved from /home/carlosfalcone/.local/lib/python3.7/site-packages/airflow/example_dags/example_dynamic_task_mapping.py
[2024-03-20T22:10:49.231-0300] {logging_mixin.py:137} INFO - [2024-03-20T22:10:49.231-0300] {dag.py:2705} INFO - Sync 1 DAGs
[2024-03-20T22:10:49.246-0300] {logging_mixin.py:137} INFO - [2024-03-20T22:10:49.246-0300] {dag.py:3456} INFO - Setting next_dagrun for example_dynamic_task_mapping to 2022-03-04T00:00:00+00:00, run_after=2022-03-05T00:00:00+00:00
[2024-03-20T22:10:49.263-0300] {processor.py:175} INFO - Processing /home/carlosfalcone/.local/lib/python3.7/site-packages/airflow/example_dags/example_dynamic_task_mapping.py took 0.058 seconds
[2024-03-20T22:11:29.074-0300] {processor.py:153} INFO - Started process (PID=743) to work on /home/carlosfalcone/.local/lib/python3.7/site-packages/airflow/example_dags/example_dynamic_task_mapping.py
[2024-03-20T22:11:29.075-0300] {processor.py:743} INFO - Processing file /home/carlosfalcone/.local/lib/python3.7/site-packages/airflow/example_dags/example_dynamic_task_mapping.py for tasks to queue
[2024-03-20T22:11:29.076-0300] {logging_mixin.py:137} INFO - [2024-03-20T22:11:29.076-0300] {dagbag.py:532} INFO - Filling up the DagBag from /home/carlosfalcone/.local/lib/python3.7/site-packages/airflow/example_dags/example_dynamic_task_mapping.py
[2024-03-20T22:11:29.088-0300] {processor.py:753} INFO - DAG(s) dict_keys(['example_dynamic_task_mapping']) retrieved from /home/carlosfalcone/.local/lib/python3.7/site-packages/airflow/example_dags/example_dynamic_task_mapping.py
[2024-03-20T22:11:29.100-0300] {logging_mixin.py:137} INFO - [2024-03-20T22:11:29.099-0300] {dag.py:2705} INFO - Sync 1 DAGs
[2024-03-20T22:11:29.114-0300] {logging_mixin.py:137} INFO - [2024-03-20T22:11:29.114-0300] {dag.py:3456} INFO - Setting next_dagrun for example_dynamic_task_mapping to 2022-03-04T00:00:00+00:00, run_after=2022-03-05T00:00:00+00:00
[2024-03-20T22:11:29.129-0300] {processor.py:175} INFO - Processing /home/carlosfalcone/.local/lib/python3.7/site-packages/airflow/example_dags/example_dynamic_task_mapping.py took 0.056 seconds
[2024-03-20T22:12:15.070-0300] {processor.py:153} INFO - Started process (PID=851) to work on /home/carlosfalcone/.local/lib/python3.7/site-packages/airflow/example_dags/example_dynamic_task_mapping.py
[2024-03-20T22:12:15.071-0300] {processor.py:743} INFO - Processing file /home/carlosfalcone/.local/lib/python3.7/site-packages/airflow/example_dags/example_dynamic_task_mapping.py for tasks to queue
[2024-03-20T22:12:15.071-0300] {logging_mixin.py:137} INFO - [2024-03-20T22:12:15.071-0300] {dagbag.py:532} INFO - Filling up the DagBag from /home/carlosfalcone/.local/lib/python3.7/site-packages/airflow/example_dags/example_dynamic_task_mapping.py
[2024-03-20T22:12:15.084-0300] {processor.py:753} INFO - DAG(s) dict_keys(['example_dynamic_task_mapping']) retrieved from /home/carlosfalcone/.local/lib/python3.7/site-packages/airflow/example_dags/example_dynamic_task_mapping.py
[2024-03-20T22:12:15.095-0300] {logging_mixin.py:137} INFO - [2024-03-20T22:12:15.095-0300] {dag.py:2705} INFO - Sync 1 DAGs
[2024-03-20T22:12:15.109-0300] {logging_mixin.py:137} INFO - [2024-03-20T22:12:15.109-0300] {dag.py:3456} INFO - Setting next_dagrun for example_dynamic_task_mapping to 2022-03-04T00:00:00+00:00, run_after=2022-03-05T00:00:00+00:00
[2024-03-20T22:12:15.123-0300] {processor.py:175} INFO - Processing /home/carlosfalcone/.local/lib/python3.7/site-packages/airflow/example_dags/example_dynamic_task_mapping.py took 0.055 seconds
[2024-03-20T22:12:58.559-0300] {processor.py:153} INFO - Started process (PID=964) to work on /home/carlosfalcone/.local/lib/python3.7/site-packages/airflow/example_dags/example_dynamic_task_mapping.py
[2024-03-20T22:12:58.560-0300] {processor.py:743} INFO - Processing file /home/carlosfalcone/.local/lib/python3.7/site-packages/airflow/example_dags/example_dynamic_task_mapping.py for tasks to queue
[2024-03-20T22:12:58.560-0300] {logging_mixin.py:137} INFO - [2024-03-20T22:12:58.560-0300] {dagbag.py:532} INFO - Filling up the DagBag from /home/carlosfalcone/.local/lib/python3.7/site-packages/airflow/example_dags/example_dynamic_task_mapping.py
[2024-03-20T22:12:58.573-0300] {processor.py:753} INFO - DAG(s) dict_keys(['example_dynamic_task_mapping']) retrieved from /home/carlosfalcone/.local/lib/python3.7/site-packages/airflow/example_dags/example_dynamic_task_mapping.py
[2024-03-20T22:12:58.584-0300] {logging_mixin.py:137} INFO - [2024-03-20T22:12:58.584-0300] {dag.py:2705} INFO - Sync 1 DAGs
[2024-03-20T22:12:58.597-0300] {logging_mixin.py:137} INFO - [2024-03-20T22:12:58.597-0300] {dag.py:3456} INFO - Setting next_dagrun for example_dynamic_task_mapping to 2022-03-04T00:00:00+00:00, run_after=2022-03-05T00:00:00+00:00
[2024-03-20T22:12:58.611-0300] {processor.py:175} INFO - Processing /home/carlosfalcone/.local/lib/python3.7/site-packages/airflow/example_dags/example_dynamic_task_mapping.py took 0.054 seconds
[2024-03-20T22:13:45.051-0300] {processor.py:153} INFO - Started process (PID=1082) to work on /home/carlosfalcone/.local/lib/python3.7/site-packages/airflow/example_dags/example_dynamic_task_mapping.py
[2024-03-20T22:13:45.052-0300] {processor.py:743} INFO - Processing file /home/carlosfalcone/.local/lib/python3.7/site-packages/airflow/example_dags/example_dynamic_task_mapping.py for tasks to queue
[2024-03-20T22:13:45.052-0300] {logging_mixin.py:137} INFO - [2024-03-20T22:13:45.052-0300] {dagbag.py:532} INFO - Filling up the DagBag from /home/carlosfalcone/.local/lib/python3.7/site-packages/airflow/example_dags/example_dynamic_task_mapping.py
[2024-03-20T22:13:45.065-0300] {processor.py:753} INFO - DAG(s) dict_keys(['example_dynamic_task_mapping']) retrieved from /home/carlosfalcone/.local/lib/python3.7/site-packages/airflow/example_dags/example_dynamic_task_mapping.py
[2024-03-20T22:13:45.076-0300] {logging_mixin.py:137} INFO - [2024-03-20T22:13:45.076-0300] {dag.py:2705} INFO - Sync 1 DAGs
[2024-03-20T22:13:45.090-0300] {logging_mixin.py:137} INFO - [2024-03-20T22:13:45.090-0300] {dag.py:3456} INFO - Setting next_dagrun for example_dynamic_task_mapping to 2022-03-04T00:00:00+00:00, run_after=2022-03-05T00:00:00+00:00
[2024-03-20T22:13:45.104-0300] {processor.py:175} INFO - Processing /home/carlosfalcone/.local/lib/python3.7/site-packages/airflow/example_dags/example_dynamic_task_mapping.py took 0.055 seconds
[2024-03-20T22:14:23.402-0300] {processor.py:153} INFO - Started process (PID=1128) to work on /home/carlosfalcone/.local/lib/python3.7/site-packages/airflow/example_dags/example_dynamic_task_mapping.py
[2024-03-20T22:14:23.403-0300] {processor.py:743} INFO - Processing file /home/carlosfalcone/.local/lib/python3.7/site-packages/airflow/example_dags/example_dynamic_task_mapping.py for tasks to queue
[2024-03-20T22:14:23.404-0300] {logging_mixin.py:137} INFO - [2024-03-20T22:14:23.404-0300] {dagbag.py:532} INFO - Filling up the DagBag from /home/carlosfalcone/.local/lib/python3.7/site-packages/airflow/example_dags/example_dynamic_task_mapping.py
[2024-03-20T22:14:23.416-0300] {processor.py:753} INFO - DAG(s) dict_keys(['example_dynamic_task_mapping']) retrieved from /home/carlosfalcone/.local/lib/python3.7/site-packages/airflow/example_dags/example_dynamic_task_mapping.py
[2024-03-20T22:14:23.427-0300] {logging_mixin.py:137} INFO - [2024-03-20T22:14:23.427-0300] {dag.py:2705} INFO - Sync 1 DAGs
[2024-03-20T22:14:23.441-0300] {logging_mixin.py:137} INFO - [2024-03-20T22:14:23.441-0300] {dag.py:3456} INFO - Setting next_dagrun for example_dynamic_task_mapping to 2022-03-04T00:00:00+00:00, run_after=2022-03-05T00:00:00+00:00
[2024-03-20T22:14:23.456-0300] {processor.py:175} INFO - Processing /home/carlosfalcone/.local/lib/python3.7/site-packages/airflow/example_dags/example_dynamic_task_mapping.py took 0.055 seconds
[2024-03-20T22:15:03.782-0300] {processor.py:153} INFO - Started process (PID=1206) to work on /home/carlosfalcone/.local/lib/python3.7/site-packages/airflow/example_dags/example_dynamic_task_mapping.py
[2024-03-20T22:15:03.783-0300] {processor.py:743} INFO - Processing file /home/carlosfalcone/.local/lib/python3.7/site-packages/airflow/example_dags/example_dynamic_task_mapping.py for tasks to queue
[2024-03-20T22:15:03.783-0300] {logging_mixin.py:137} INFO - [2024-03-20T22:15:03.783-0300] {dagbag.py:532} INFO - Filling up the DagBag from /home/carlosfalcone/.local/lib/python3.7/site-packages/airflow/example_dags/example_dynamic_task_mapping.py
[2024-03-20T22:15:03.796-0300] {processor.py:753} INFO - DAG(s) dict_keys(['example_dynamic_task_mapping']) retrieved from /home/carlosfalcone/.local/lib/python3.7/site-packages/airflow/example_dags/example_dynamic_task_mapping.py
[2024-03-20T22:15:03.807-0300] {logging_mixin.py:137} INFO - [2024-03-20T22:15:03.807-0300] {dag.py:2705} INFO - Sync 1 DAGs
[2024-03-20T22:15:03.822-0300] {logging_mixin.py:137} INFO - [2024-03-20T22:15:03.822-0300] {dag.py:3456} INFO - Setting next_dagrun for example_dynamic_task_mapping to 2022-03-04T00:00:00+00:00, run_after=2022-03-05T00:00:00+00:00
[2024-03-20T22:15:03.838-0300] {processor.py:175} INFO - Processing /home/carlosfalcone/.local/lib/python3.7/site-packages/airflow/example_dags/example_dynamic_task_mapping.py took 0.058 seconds
[2024-03-20T22:15:50.464-0300] {processor.py:153} INFO - Started process (PID=1325) to work on /home/carlosfalcone/.local/lib/python3.7/site-packages/airflow/example_dags/example_dynamic_task_mapping.py
[2024-03-20T22:15:50.465-0300] {processor.py:743} INFO - Processing file /home/carlosfalcone/.local/lib/python3.7/site-packages/airflow/example_dags/example_dynamic_task_mapping.py for tasks to queue
[2024-03-20T22:15:50.465-0300] {logging_mixin.py:137} INFO - [2024-03-20T22:15:50.465-0300] {dagbag.py:532} INFO - Filling up the DagBag from /home/carlosfalcone/.local/lib/python3.7/site-packages/airflow/example_dags/example_dynamic_task_mapping.py
[2024-03-20T22:15:50.478-0300] {processor.py:753} INFO - DAG(s) dict_keys(['example_dynamic_task_mapping']) retrieved from /home/carlosfalcone/.local/lib/python3.7/site-packages/airflow/example_dags/example_dynamic_task_mapping.py
[2024-03-20T22:15:50.490-0300] {logging_mixin.py:137} INFO - [2024-03-20T22:15:50.490-0300] {dag.py:2705} INFO - Sync 1 DAGs
[2024-03-20T22:15:50.504-0300] {logging_mixin.py:137} INFO - [2024-03-20T22:15:50.504-0300] {dag.py:3456} INFO - Setting next_dagrun for example_dynamic_task_mapping to 2022-03-04T00:00:00+00:00, run_after=2022-03-05T00:00:00+00:00
[2024-03-20T22:15:50.519-0300] {processor.py:175} INFO - Processing /home/carlosfalcone/.local/lib/python3.7/site-packages/airflow/example_dags/example_dynamic_task_mapping.py took 0.057 seconds
[2024-03-20T22:16:34.094-0300] {processor.py:153} INFO - Started process (PID=1438) to work on /home/carlosfalcone/.local/lib/python3.7/site-packages/airflow/example_dags/example_dynamic_task_mapping.py
[2024-03-20T22:16:34.095-0300] {processor.py:743} INFO - Processing file /home/carlosfalcone/.local/lib/python3.7/site-packages/airflow/example_dags/example_dynamic_task_mapping.py for tasks to queue
[2024-03-20T22:16:34.096-0300] {logging_mixin.py:137} INFO - [2024-03-20T22:16:34.095-0300] {dagbag.py:532} INFO - Filling up the DagBag from /home/carlosfalcone/.local/lib/python3.7/site-packages/airflow/example_dags/example_dynamic_task_mapping.py
[2024-03-20T22:16:34.108-0300] {processor.py:753} INFO - DAG(s) dict_keys(['example_dynamic_task_mapping']) retrieved from /home/carlosfalcone/.local/lib/python3.7/site-packages/airflow/example_dags/example_dynamic_task_mapping.py
[2024-03-20T22:16:34.119-0300] {logging_mixin.py:137} INFO - [2024-03-20T22:16:34.119-0300] {dag.py:2705} INFO - Sync 1 DAGs
[2024-03-20T22:16:34.137-0300] {logging_mixin.py:137} INFO - [2024-03-20T22:16:34.137-0300] {dag.py:3456} INFO - Setting next_dagrun for example_dynamic_task_mapping to 2022-03-04T00:00:00+00:00, run_after=2022-03-05T00:00:00+00:00
[2024-03-20T22:16:34.152-0300] {processor.py:175} INFO - Processing /home/carlosfalcone/.local/lib/python3.7/site-packages/airflow/example_dags/example_dynamic_task_mapping.py took 0.059 seconds
[2024-03-20T22:17:23.034-0300] {processor.py:153} INFO - Started process (PID=1563) to work on /home/carlosfalcone/.local/lib/python3.7/site-packages/airflow/example_dags/example_dynamic_task_mapping.py
[2024-03-20T22:17:23.035-0300] {processor.py:743} INFO - Processing file /home/carlosfalcone/.local/lib/python3.7/site-packages/airflow/example_dags/example_dynamic_task_mapping.py for tasks to queue
[2024-03-20T22:17:23.035-0300] {logging_mixin.py:137} INFO - [2024-03-20T22:17:23.035-0300] {dagbag.py:532} INFO - Filling up the DagBag from /home/carlosfalcone/.local/lib/python3.7/site-packages/airflow/example_dags/example_dynamic_task_mapping.py
[2024-03-20T22:17:23.048-0300] {processor.py:753} INFO - DAG(s) dict_keys(['example_dynamic_task_mapping']) retrieved from /home/carlosfalcone/.local/lib/python3.7/site-packages/airflow/example_dags/example_dynamic_task_mapping.py
[2024-03-20T22:17:23.059-0300] {logging_mixin.py:137} INFO - [2024-03-20T22:17:23.059-0300] {dag.py:2705} INFO - Sync 1 DAGs
[2024-03-20T22:17:23.073-0300] {logging_mixin.py:137} INFO - [2024-03-20T22:17:23.073-0300] {dag.py:3456} INFO - Setting next_dagrun for example_dynamic_task_mapping to 2022-03-04T00:00:00+00:00, run_after=2022-03-05T00:00:00+00:00
[2024-03-20T22:17:23.088-0300] {processor.py:175} INFO - Processing /home/carlosfalcone/.local/lib/python3.7/site-packages/airflow/example_dags/example_dynamic_task_mapping.py took 0.055 seconds
[2024-03-20T22:18:09.705-0300] {processor.py:153} INFO - Started process (PID=1687) to work on /home/carlosfalcone/.local/lib/python3.7/site-packages/airflow/example_dags/example_dynamic_task_mapping.py
[2024-03-20T22:18:09.706-0300] {processor.py:743} INFO - Processing file /home/carlosfalcone/.local/lib/python3.7/site-packages/airflow/example_dags/example_dynamic_task_mapping.py for tasks to queue
[2024-03-20T22:18:09.707-0300] {logging_mixin.py:137} INFO - [2024-03-20T22:18:09.707-0300] {dagbag.py:532} INFO - Filling up the DagBag from /home/carlosfalcone/.local/lib/python3.7/site-packages/airflow/example_dags/example_dynamic_task_mapping.py
[2024-03-20T22:18:09.719-0300] {processor.py:753} INFO - DAG(s) dict_keys(['example_dynamic_task_mapping']) retrieved from /home/carlosfalcone/.local/lib/python3.7/site-packages/airflow/example_dags/example_dynamic_task_mapping.py
[2024-03-20T22:18:09.730-0300] {logging_mixin.py:137} INFO - [2024-03-20T22:18:09.730-0300] {dag.py:2705} INFO - Sync 1 DAGs
[2024-03-20T22:18:09.744-0300] {logging_mixin.py:137} INFO - [2024-03-20T22:18:09.744-0300] {dag.py:3456} INFO - Setting next_dagrun for example_dynamic_task_mapping to 2022-03-04T00:00:00+00:00, run_after=2022-03-05T00:00:00+00:00
[2024-03-20T22:18:09.760-0300] {processor.py:175} INFO - Processing /home/carlosfalcone/.local/lib/python3.7/site-packages/airflow/example_dags/example_dynamic_task_mapping.py took 0.056 seconds
[2024-03-21T11:23:54.786-0300] {processor.py:153} INFO - Started process (PID=116) to work on /home/carlosfalcone/.local/lib/python3.7/site-packages/airflow/example_dags/example_dynamic_task_mapping.py
[2024-03-21T11:23:54.787-0300] {processor.py:743} INFO - Processing file /home/carlosfalcone/.local/lib/python3.7/site-packages/airflow/example_dags/example_dynamic_task_mapping.py for tasks to queue
[2024-03-21T11:23:54.787-0300] {logging_mixin.py:137} INFO - [2024-03-21T11:23:54.787-0300] {dagbag.py:532} INFO - Filling up the DagBag from /home/carlosfalcone/.local/lib/python3.7/site-packages/airflow/example_dags/example_dynamic_task_mapping.py
[2024-03-21T11:23:54.801-0300] {processor.py:753} INFO - DAG(s) dict_keys(['example_dynamic_task_mapping']) retrieved from /home/carlosfalcone/.local/lib/python3.7/site-packages/airflow/example_dags/example_dynamic_task_mapping.py
[2024-03-21T11:23:54.811-0300] {logging_mixin.py:137} INFO - [2024-03-21T11:23:54.811-0300] {dag.py:2705} INFO - Sync 1 DAGs
[2024-03-21T11:23:54.826-0300] {logging_mixin.py:137} INFO - [2024-03-21T11:23:54.825-0300] {dag.py:3456} INFO - Setting next_dagrun for example_dynamic_task_mapping to 2022-03-04T00:00:00+00:00, run_after=2022-03-05T00:00:00+00:00
[2024-03-21T11:23:54.841-0300] {processor.py:175} INFO - Processing /home/carlosfalcone/.local/lib/python3.7/site-packages/airflow/example_dags/example_dynamic_task_mapping.py took 0.057 seconds
[2024-03-21T11:24:32.493-0300] {processor.py:153} INFO - Started process (PID=350) to work on /home/carlosfalcone/.local/lib/python3.7/site-packages/airflow/example_dags/example_dynamic_task_mapping.py
[2024-03-21T11:24:32.494-0300] {processor.py:743} INFO - Processing file /home/carlosfalcone/.local/lib/python3.7/site-packages/airflow/example_dags/example_dynamic_task_mapping.py for tasks to queue
[2024-03-21T11:24:32.494-0300] {logging_mixin.py:137} INFO - [2024-03-21T11:24:32.494-0300] {dagbag.py:532} INFO - Filling up the DagBag from /home/carlosfalcone/.local/lib/python3.7/site-packages/airflow/example_dags/example_dynamic_task_mapping.py
[2024-03-21T11:24:32.509-0300] {processor.py:753} INFO - DAG(s) dict_keys(['example_dynamic_task_mapping']) retrieved from /home/carlosfalcone/.local/lib/python3.7/site-packages/airflow/example_dags/example_dynamic_task_mapping.py
[2024-03-21T11:24:32.521-0300] {logging_mixin.py:137} INFO - [2024-03-21T11:24:32.520-0300] {dag.py:2705} INFO - Sync 1 DAGs
[2024-03-21T11:24:32.536-0300] {logging_mixin.py:137} INFO - [2024-03-21T11:24:32.536-0300] {dag.py:3456} INFO - Setting next_dagrun for example_dynamic_task_mapping to 2022-03-04T00:00:00+00:00, run_after=2022-03-05T00:00:00+00:00
[2024-03-21T11:24:32.551-0300] {processor.py:175} INFO - Processing /home/carlosfalcone/.local/lib/python3.7/site-packages/airflow/example_dags/example_dynamic_task_mapping.py took 0.060 seconds
