[2024-03-20T22:09:00.878-0300] {processor.py:153} INFO - Started process (PID=288) to work on /home/carlosfalcone/.local/lib/python3.7/site-packages/airflow/example_dags/example_datasets.py
[2024-03-20T22:09:00.878-0300] {processor.py:743} INFO - Processing file /home/carlosfalcone/.local/lib/python3.7/site-packages/airflow/example_dags/example_datasets.py for tasks to queue
[2024-03-20T22:09:00.879-0300] {logging_mixin.py:137} INFO - [2024-03-20T22:09:00.878-0300] {dagbag.py:532} INFO - Filling up the DagBag from /home/carlosfalcone/.local/lib/python3.7/site-packages/airflow/example_dags/example_datasets.py
[2024-03-20T22:09:00.887-0300] {processor.py:753} INFO - DAG(s) dict_keys(['dataset_consumes_unknown_never_scheduled', 'dataset_produces_1', 'dataset_consumes_1', 'dataset_consumes_1_never_scheduled', 'dataset_consumes_1_and_2', 'dataset_produces_2']) retrieved from /home/carlosfalcone/.local/lib/python3.7/site-packages/airflow/example_dags/example_datasets.py
[2024-03-20T22:09:00.957-0300] {logging_mixin.py:137} INFO - [2024-03-20T22:09:00.957-0300] {manager.py:504} INFO - Created Permission View: can delete on DAG:dataset_consumes_unknown_never_scheduled
[2024-03-20T22:09:00.965-0300] {logging_mixin.py:137} INFO - [2024-03-20T22:09:00.965-0300] {manager.py:504} INFO - Created Permission View: can read on DAG:dataset_consumes_unknown_never_scheduled
[2024-03-20T22:09:00.972-0300] {logging_mixin.py:137} INFO - [2024-03-20T22:09:00.972-0300] {manager.py:504} INFO - Created Permission View: can edit on DAG:dataset_consumes_unknown_never_scheduled
[2024-03-20T22:09:00.987-0300] {logging_mixin.py:137} INFO - [2024-03-20T22:09:00.987-0300] {manager.py:504} INFO - Created Permission View: can delete on DAG:dataset_produces_1
[2024-03-20T22:09:00.994-0300] {logging_mixin.py:137} INFO - [2024-03-20T22:09:00.994-0300] {manager.py:504} INFO - Created Permission View: can read on DAG:dataset_produces_1
[2024-03-20T22:09:01.001-0300] {logging_mixin.py:137} INFO - [2024-03-20T22:09:01.001-0300] {manager.py:504} INFO - Created Permission View: can edit on DAG:dataset_produces_1
[2024-03-20T22:09:01.014-0300] {logging_mixin.py:137} INFO - [2024-03-20T22:09:01.014-0300] {manager.py:504} INFO - Created Permission View: can delete on DAG:dataset_consumes_1
[2024-03-20T22:09:01.021-0300] {logging_mixin.py:137} INFO - [2024-03-20T22:09:01.021-0300] {manager.py:504} INFO - Created Permission View: can read on DAG:dataset_consumes_1
[2024-03-20T22:09:01.028-0300] {logging_mixin.py:137} INFO - [2024-03-20T22:09:01.028-0300] {manager.py:504} INFO - Created Permission View: can edit on DAG:dataset_consumes_1
[2024-03-20T22:09:01.044-0300] {logging_mixin.py:137} INFO - [2024-03-20T22:09:01.044-0300] {manager.py:504} INFO - Created Permission View: can delete on DAG:dataset_consumes_1_never_scheduled
[2024-03-20T22:09:01.051-0300] {logging_mixin.py:137} INFO - [2024-03-20T22:09:01.051-0300] {manager.py:504} INFO - Created Permission View: can read on DAG:dataset_consumes_1_never_scheduled
[2024-03-20T22:09:01.059-0300] {logging_mixin.py:137} INFO - [2024-03-20T22:09:01.059-0300] {manager.py:504} INFO - Created Permission View: can edit on DAG:dataset_consumes_1_never_scheduled
[2024-03-20T22:09:01.074-0300] {logging_mixin.py:137} INFO - [2024-03-20T22:09:01.074-0300] {manager.py:504} INFO - Created Permission View: can delete on DAG:dataset_consumes_1_and_2
[2024-03-20T22:09:01.081-0300] {logging_mixin.py:137} INFO - [2024-03-20T22:09:01.080-0300] {manager.py:504} INFO - Created Permission View: can read on DAG:dataset_consumes_1_and_2
[2024-03-20T22:09:01.087-0300] {logging_mixin.py:137} INFO - [2024-03-20T22:09:01.087-0300] {manager.py:504} INFO - Created Permission View: can edit on DAG:dataset_consumes_1_and_2
[2024-03-20T22:09:01.099-0300] {logging_mixin.py:137} INFO - [2024-03-20T22:09:01.099-0300] {manager.py:504} INFO - Created Permission View: can delete on DAG:dataset_produces_2
[2024-03-20T22:09:01.105-0300] {logging_mixin.py:137} INFO - [2024-03-20T22:09:01.105-0300] {manager.py:504} INFO - Created Permission View: can read on DAG:dataset_produces_2
[2024-03-20T22:09:01.111-0300] {logging_mixin.py:137} INFO - [2024-03-20T22:09:01.111-0300] {manager.py:504} INFO - Created Permission View: can edit on DAG:dataset_produces_2
[2024-03-20T22:09:01.111-0300] {logging_mixin.py:137} INFO - [2024-03-20T22:09:01.111-0300] {dag.py:2705} INFO - Sync 6 DAGs
[2024-03-20T22:09:01.119-0300] {logging_mixin.py:137} INFO - [2024-03-20T22:09:01.119-0300] {dag.py:2726} INFO - Creating ORM DAG for dataset_consumes_1_never_scheduled
[2024-03-20T22:09:01.119-0300] {logging_mixin.py:137} INFO - [2024-03-20T22:09:01.119-0300] {dag.py:2726} INFO - Creating ORM DAG for dataset_consumes_1
[2024-03-20T22:09:01.120-0300] {logging_mixin.py:137} INFO - [2024-03-20T22:09:01.120-0300] {dag.py:2726} INFO - Creating ORM DAG for dataset_produces_2
[2024-03-20T22:09:01.120-0300] {logging_mixin.py:137} INFO - [2024-03-20T22:09:01.120-0300] {dag.py:2726} INFO - Creating ORM DAG for dataset_consumes_unknown_never_scheduled
[2024-03-20T22:09:01.120-0300] {logging_mixin.py:137} INFO - [2024-03-20T22:09:01.120-0300] {dag.py:2726} INFO - Creating ORM DAG for dataset_produces_1
[2024-03-20T22:09:01.120-0300] {logging_mixin.py:137} INFO - [2024-03-20T22:09:01.120-0300] {dag.py:2726} INFO - Creating ORM DAG for dataset_consumes_1_and_2
[2024-03-20T22:09:01.126-0300] {logging_mixin.py:137} INFO - [2024-03-20T22:09:01.126-0300] {dag.py:3456} INFO - Setting next_dagrun for dataset_consumes_1 to None, run_after=None
[2024-03-20T22:09:01.127-0300] {logging_mixin.py:137} INFO - [2024-03-20T22:09:01.127-0300] {dag.py:3456} INFO - Setting next_dagrun for dataset_consumes_1_and_2 to None, run_after=None
[2024-03-20T22:09:01.127-0300] {logging_mixin.py:137} INFO - [2024-03-20T22:09:01.127-0300] {dag.py:3456} INFO - Setting next_dagrun for dataset_consumes_1_never_scheduled to None, run_after=None
[2024-03-20T22:09:01.127-0300] {logging_mixin.py:137} INFO - [2024-03-20T22:09:01.127-0300] {dag.py:3456} INFO - Setting next_dagrun for dataset_consumes_unknown_never_scheduled to None, run_after=None
[2024-03-20T22:09:01.129-0300] {logging_mixin.py:137} INFO - [2024-03-20T22:09:01.128-0300] {dag.py:3456} INFO - Setting next_dagrun for dataset_produces_1 to 2024-03-20T00:00:00+00:00, run_after=2024-03-21T00:00:00+00:00
[2024-03-20T22:09:01.129-0300] {logging_mixin.py:137} INFO - [2024-03-20T22:09:01.129-0300] {dag.py:3456} INFO - Setting next_dagrun for dataset_produces_2 to None, run_after=None
[2024-03-20T22:09:01.155-0300] {processor.py:175} INFO - Processing /home/carlosfalcone/.local/lib/python3.7/site-packages/airflow/example_dags/example_datasets.py took 0.279 seconds
[2024-03-20T22:09:44.653-0300] {processor.py:153} INFO - Started process (PID=341) to work on /home/carlosfalcone/.local/lib/python3.7/site-packages/airflow/example_dags/example_datasets.py
[2024-03-20T22:09:44.654-0300] {processor.py:743} INFO - Processing file /home/carlosfalcone/.local/lib/python3.7/site-packages/airflow/example_dags/example_datasets.py for tasks to queue
[2024-03-20T22:09:44.654-0300] {logging_mixin.py:137} INFO - [2024-03-20T22:09:44.654-0300] {dagbag.py:532} INFO - Filling up the DagBag from /home/carlosfalcone/.local/lib/python3.7/site-packages/airflow/example_dags/example_datasets.py
[2024-03-20T22:09:44.665-0300] {processor.py:753} INFO - DAG(s) dict_keys(['dataset_consumes_1_and_2', 'dataset_produces_2', 'dataset_consumes_1_never_scheduled', 'dataset_produces_1', 'dataset_consumes_1', 'dataset_consumes_unknown_never_scheduled']) retrieved from /home/carlosfalcone/.local/lib/python3.7/site-packages/airflow/example_dags/example_datasets.py
[2024-03-20T22:09:44.684-0300] {logging_mixin.py:137} INFO - [2024-03-20T22:09:44.684-0300] {dag.py:2705} INFO - Sync 6 DAGs
[2024-03-20T22:09:44.699-0300] {logging_mixin.py:137} INFO - [2024-03-20T22:09:44.699-0300] {dag.py:3456} INFO - Setting next_dagrun for dataset_consumes_1 to None, run_after=None
[2024-03-20T22:09:44.701-0300] {logging_mixin.py:137} INFO - [2024-03-20T22:09:44.701-0300] {dag.py:3456} INFO - Setting next_dagrun for dataset_consumes_1_and_2 to None, run_after=None
[2024-03-20T22:09:44.701-0300] {logging_mixin.py:137} INFO - [2024-03-20T22:09:44.701-0300] {dag.py:3456} INFO - Setting next_dagrun for dataset_consumes_1_never_scheduled to None, run_after=None
[2024-03-20T22:09:44.702-0300] {logging_mixin.py:137} INFO - [2024-03-20T22:09:44.702-0300] {dag.py:3456} INFO - Setting next_dagrun for dataset_consumes_unknown_never_scheduled to None, run_after=None
[2024-03-20T22:09:44.703-0300] {logging_mixin.py:137} INFO - [2024-03-20T22:09:44.703-0300] {dag.py:3456} INFO - Setting next_dagrun for dataset_produces_1 to 2024-03-20T00:00:00+00:00, run_after=2024-03-21T00:00:00+00:00
[2024-03-20T22:09:44.704-0300] {logging_mixin.py:137} INFO - [2024-03-20T22:09:44.704-0300] {dag.py:3456} INFO - Setting next_dagrun for dataset_produces_2 to None, run_after=None
[2024-03-20T22:09:44.727-0300] {processor.py:175} INFO - Processing /home/carlosfalcone/.local/lib/python3.7/site-packages/airflow/example_dags/example_datasets.py took 0.075 seconds
[2024-03-20T22:10:24.652-0300] {processor.py:153} INFO - Started process (PID=581) to work on /home/carlosfalcone/.local/lib/python3.7/site-packages/airflow/example_dags/example_datasets.py
[2024-03-20T22:10:24.653-0300] {processor.py:743} INFO - Processing file /home/carlosfalcone/.local/lib/python3.7/site-packages/airflow/example_dags/example_datasets.py for tasks to queue
[2024-03-20T22:10:24.654-0300] {logging_mixin.py:137} INFO - [2024-03-20T22:10:24.654-0300] {dagbag.py:532} INFO - Filling up the DagBag from /home/carlosfalcone/.local/lib/python3.7/site-packages/airflow/example_dags/example_datasets.py
[2024-03-20T22:10:24.664-0300] {processor.py:753} INFO - DAG(s) dict_keys(['dataset_produces_1', 'dataset_consumes_1_never_scheduled', 'dataset_consumes_1_and_2', 'dataset_consumes_unknown_never_scheduled', 'dataset_consumes_1', 'dataset_produces_2']) retrieved from /home/carlosfalcone/.local/lib/python3.7/site-packages/airflow/example_dags/example_datasets.py
[2024-03-20T22:10:24.684-0300] {logging_mixin.py:137} INFO - [2024-03-20T22:10:24.684-0300] {dag.py:2705} INFO - Sync 6 DAGs
[2024-03-20T22:10:24.699-0300] {logging_mixin.py:137} INFO - [2024-03-20T22:10:24.699-0300] {dag.py:3456} INFO - Setting next_dagrun for dataset_consumes_1 to None, run_after=None
[2024-03-20T22:10:24.701-0300] {logging_mixin.py:137} INFO - [2024-03-20T22:10:24.701-0300] {dag.py:3456} INFO - Setting next_dagrun for dataset_consumes_1_and_2 to None, run_after=None
[2024-03-20T22:10:24.702-0300] {logging_mixin.py:137} INFO - [2024-03-20T22:10:24.702-0300] {dag.py:3456} INFO - Setting next_dagrun for dataset_consumes_1_never_scheduled to None, run_after=None
[2024-03-20T22:10:24.703-0300] {logging_mixin.py:137} INFO - [2024-03-20T22:10:24.702-0300] {dag.py:3456} INFO - Setting next_dagrun for dataset_consumes_unknown_never_scheduled to None, run_after=None
[2024-03-20T22:10:24.704-0300] {logging_mixin.py:137} INFO - [2024-03-20T22:10:24.704-0300] {dag.py:3456} INFO - Setting next_dagrun for dataset_produces_1 to 2024-03-20T00:00:00+00:00, run_after=2024-03-21T00:00:00+00:00
[2024-03-20T22:10:24.705-0300] {logging_mixin.py:137} INFO - [2024-03-20T22:10:24.705-0300] {dag.py:3456} INFO - Setting next_dagrun for dataset_produces_2 to None, run_after=None
[2024-03-20T22:10:24.728-0300] {processor.py:175} INFO - Processing /home/carlosfalcone/.local/lib/python3.7/site-packages/airflow/example_dags/example_datasets.py took 0.078 seconds
[2024-03-20T22:11:03.397-0300] {processor.py:153} INFO - Started process (PID=677) to work on /home/carlosfalcone/.local/lib/python3.7/site-packages/airflow/example_dags/example_datasets.py
[2024-03-20T22:11:03.398-0300] {processor.py:743} INFO - Processing file /home/carlosfalcone/.local/lib/python3.7/site-packages/airflow/example_dags/example_datasets.py for tasks to queue
[2024-03-20T22:11:03.399-0300] {logging_mixin.py:137} INFO - [2024-03-20T22:11:03.399-0300] {dagbag.py:532} INFO - Filling up the DagBag from /home/carlosfalcone/.local/lib/python3.7/site-packages/airflow/example_dags/example_datasets.py
[2024-03-20T22:11:03.408-0300] {processor.py:753} INFO - DAG(s) dict_keys(['dataset_consumes_unknown_never_scheduled', 'dataset_consumes_1_never_scheduled', 'dataset_consumes_1', 'dataset_produces_1', 'dataset_consumes_1_and_2', 'dataset_produces_2']) retrieved from /home/carlosfalcone/.local/lib/python3.7/site-packages/airflow/example_dags/example_datasets.py
[2024-03-20T22:11:03.428-0300] {logging_mixin.py:137} INFO - [2024-03-20T22:11:03.427-0300] {dag.py:2705} INFO - Sync 6 DAGs
[2024-03-20T22:11:03.443-0300] {logging_mixin.py:137} INFO - [2024-03-20T22:11:03.443-0300] {dag.py:3456} INFO - Setting next_dagrun for dataset_consumes_1 to None, run_after=None
[2024-03-20T22:11:03.445-0300] {logging_mixin.py:137} INFO - [2024-03-20T22:11:03.445-0300] {dag.py:3456} INFO - Setting next_dagrun for dataset_consumes_1_and_2 to None, run_after=None
[2024-03-20T22:11:03.445-0300] {logging_mixin.py:137} INFO - [2024-03-20T22:11:03.445-0300] {dag.py:3456} INFO - Setting next_dagrun for dataset_consumes_1_never_scheduled to None, run_after=None
[2024-03-20T22:11:03.446-0300] {logging_mixin.py:137} INFO - [2024-03-20T22:11:03.446-0300] {dag.py:3456} INFO - Setting next_dagrun for dataset_consumes_unknown_never_scheduled to None, run_after=None
[2024-03-20T22:11:03.447-0300] {logging_mixin.py:137} INFO - [2024-03-20T22:11:03.447-0300] {dag.py:3456} INFO - Setting next_dagrun for dataset_produces_1 to 2024-03-20T00:00:00+00:00, run_after=2024-03-21T00:00:00+00:00
[2024-03-20T22:11:03.448-0300] {logging_mixin.py:137} INFO - [2024-03-20T22:11:03.448-0300] {dag.py:3456} INFO - Setting next_dagrun for dataset_produces_2 to None, run_after=None
[2024-03-20T22:11:03.470-0300] {processor.py:175} INFO - Processing /home/carlosfalcone/.local/lib/python3.7/site-packages/airflow/example_dags/example_datasets.py took 0.075 seconds
[2024-03-20T22:11:44.483-0300] {processor.py:153} INFO - Started process (PID=774) to work on /home/carlosfalcone/.local/lib/python3.7/site-packages/airflow/example_dags/example_datasets.py
[2024-03-20T22:11:44.485-0300] {processor.py:743} INFO - Processing file /home/carlosfalcone/.local/lib/python3.7/site-packages/airflow/example_dags/example_datasets.py for tasks to queue
[2024-03-20T22:11:44.485-0300] {logging_mixin.py:137} INFO - [2024-03-20T22:11:44.485-0300] {dagbag.py:532} INFO - Filling up the DagBag from /home/carlosfalcone/.local/lib/python3.7/site-packages/airflow/example_dags/example_datasets.py
[2024-03-20T22:11:44.494-0300] {processor.py:753} INFO - DAG(s) dict_keys(['dataset_consumes_1', 'dataset_produces_1', 'dataset_consumes_1_and_2', 'dataset_consumes_unknown_never_scheduled', 'dataset_consumes_1_never_scheduled', 'dataset_produces_2']) retrieved from /home/carlosfalcone/.local/lib/python3.7/site-packages/airflow/example_dags/example_datasets.py
[2024-03-20T22:11:44.514-0300] {logging_mixin.py:137} INFO - [2024-03-20T22:11:44.514-0300] {dag.py:2705} INFO - Sync 6 DAGs
[2024-03-20T22:11:44.529-0300] {logging_mixin.py:137} INFO - [2024-03-20T22:11:44.529-0300] {dag.py:3456} INFO - Setting next_dagrun for dataset_consumes_1 to None, run_after=None
[2024-03-20T22:11:44.531-0300] {logging_mixin.py:137} INFO - [2024-03-20T22:11:44.531-0300] {dag.py:3456} INFO - Setting next_dagrun for dataset_consumes_1_and_2 to None, run_after=None
[2024-03-20T22:11:44.532-0300] {logging_mixin.py:137} INFO - [2024-03-20T22:11:44.531-0300] {dag.py:3456} INFO - Setting next_dagrun for dataset_consumes_1_never_scheduled to None, run_after=None
[2024-03-20T22:11:44.532-0300] {logging_mixin.py:137} INFO - [2024-03-20T22:11:44.532-0300] {dag.py:3456} INFO - Setting next_dagrun for dataset_consumes_unknown_never_scheduled to None, run_after=None
[2024-03-20T22:11:44.534-0300] {logging_mixin.py:137} INFO - [2024-03-20T22:11:44.534-0300] {dag.py:3456} INFO - Setting next_dagrun for dataset_produces_1 to 2024-03-20T00:00:00+00:00, run_after=2024-03-21T00:00:00+00:00
[2024-03-20T22:11:44.534-0300] {logging_mixin.py:137} INFO - [2024-03-20T22:11:44.534-0300] {dag.py:3456} INFO - Setting next_dagrun for dataset_produces_2 to None, run_after=None
[2024-03-20T22:11:44.556-0300] {processor.py:175} INFO - Processing /home/carlosfalcone/.local/lib/python3.7/site-packages/airflow/example_dags/example_datasets.py took 0.074 seconds
[2024-03-20T22:12:19.731-0300] {processor.py:153} INFO - Started process (PID=865) to work on /home/carlosfalcone/.local/lib/python3.7/site-packages/airflow/example_dags/example_datasets.py
[2024-03-20T22:12:19.732-0300] {processor.py:743} INFO - Processing file /home/carlosfalcone/.local/lib/python3.7/site-packages/airflow/example_dags/example_datasets.py for tasks to queue
[2024-03-20T22:12:19.732-0300] {logging_mixin.py:137} INFO - [2024-03-20T22:12:19.732-0300] {dagbag.py:532} INFO - Filling up the DagBag from /home/carlosfalcone/.local/lib/python3.7/site-packages/airflow/example_dags/example_datasets.py
[2024-03-20T22:12:19.741-0300] {processor.py:753} INFO - DAG(s) dict_keys(['dataset_consumes_1_and_2', 'dataset_produces_1', 'dataset_consumes_1_never_scheduled', 'dataset_produces_2', 'dataset_consumes_unknown_never_scheduled', 'dataset_consumes_1']) retrieved from /home/carlosfalcone/.local/lib/python3.7/site-packages/airflow/example_dags/example_datasets.py
[2024-03-20T22:12:19.761-0300] {logging_mixin.py:137} INFO - [2024-03-20T22:12:19.761-0300] {dag.py:2705} INFO - Sync 6 DAGs
[2024-03-20T22:12:19.774-0300] {logging_mixin.py:137} INFO - [2024-03-20T22:12:19.774-0300] {dag.py:3456} INFO - Setting next_dagrun for dataset_consumes_1 to None, run_after=None
[2024-03-20T22:12:19.776-0300] {logging_mixin.py:137} INFO - [2024-03-20T22:12:19.776-0300] {dag.py:3456} INFO - Setting next_dagrun for dataset_consumes_1_and_2 to None, run_after=None
[2024-03-20T22:12:19.777-0300] {logging_mixin.py:137} INFO - [2024-03-20T22:12:19.777-0300] {dag.py:3456} INFO - Setting next_dagrun for dataset_consumes_1_never_scheduled to None, run_after=None
[2024-03-20T22:12:19.777-0300] {logging_mixin.py:137} INFO - [2024-03-20T22:12:19.777-0300] {dag.py:3456} INFO - Setting next_dagrun for dataset_consumes_unknown_never_scheduled to None, run_after=None
[2024-03-20T22:12:19.779-0300] {logging_mixin.py:137} INFO - [2024-03-20T22:12:19.779-0300] {dag.py:3456} INFO - Setting next_dagrun for dataset_produces_1 to 2024-03-20T00:00:00+00:00, run_after=2024-03-21T00:00:00+00:00
[2024-03-20T22:12:19.779-0300] {logging_mixin.py:137} INFO - [2024-03-20T22:12:19.779-0300] {dag.py:3456} INFO - Setting next_dagrun for dataset_produces_2 to None, run_after=None
[2024-03-20T22:12:19.803-0300] {processor.py:175} INFO - Processing /home/carlosfalcone/.local/lib/python3.7/site-packages/airflow/example_dags/example_datasets.py took 0.074 seconds
[2024-03-20T22:12:54.410-0300] {processor.py:153} INFO - Started process (PID=954) to work on /home/carlosfalcone/.local/lib/python3.7/site-packages/airflow/example_dags/example_datasets.py
[2024-03-20T22:12:54.411-0300] {processor.py:743} INFO - Processing file /home/carlosfalcone/.local/lib/python3.7/site-packages/airflow/example_dags/example_datasets.py for tasks to queue
[2024-03-20T22:12:54.411-0300] {logging_mixin.py:137} INFO - [2024-03-20T22:12:54.411-0300] {dagbag.py:532} INFO - Filling up the DagBag from /home/carlosfalcone/.local/lib/python3.7/site-packages/airflow/example_dags/example_datasets.py
[2024-03-20T22:12:54.420-0300] {processor.py:753} INFO - DAG(s) dict_keys(['dataset_consumes_1_and_2', 'dataset_consumes_1', 'dataset_consumes_unknown_never_scheduled', 'dataset_produces_2', 'dataset_consumes_1_never_scheduled', 'dataset_produces_1']) retrieved from /home/carlosfalcone/.local/lib/python3.7/site-packages/airflow/example_dags/example_datasets.py
[2024-03-20T22:12:54.439-0300] {logging_mixin.py:137} INFO - [2024-03-20T22:12:54.439-0300] {dag.py:2705} INFO - Sync 6 DAGs
[2024-03-20T22:12:54.454-0300] {logging_mixin.py:137} INFO - [2024-03-20T22:12:54.454-0300] {dag.py:3456} INFO - Setting next_dagrun for dataset_consumes_1 to None, run_after=None
[2024-03-20T22:12:54.455-0300] {logging_mixin.py:137} INFO - [2024-03-20T22:12:54.455-0300] {dag.py:3456} INFO - Setting next_dagrun for dataset_consumes_1_and_2 to None, run_after=None
[2024-03-20T22:12:54.456-0300] {logging_mixin.py:137} INFO - [2024-03-20T22:12:54.456-0300] {dag.py:3456} INFO - Setting next_dagrun for dataset_consumes_1_never_scheduled to None, run_after=None
[2024-03-20T22:12:54.457-0300] {logging_mixin.py:137} INFO - [2024-03-20T22:12:54.456-0300] {dag.py:3456} INFO - Setting next_dagrun for dataset_consumes_unknown_never_scheduled to None, run_after=None
[2024-03-20T22:12:54.458-0300] {logging_mixin.py:137} INFO - [2024-03-20T22:12:54.458-0300] {dag.py:3456} INFO - Setting next_dagrun for dataset_produces_1 to 2024-03-20T00:00:00+00:00, run_after=2024-03-21T00:00:00+00:00
[2024-03-20T22:12:54.459-0300] {logging_mixin.py:137} INFO - [2024-03-20T22:12:54.458-0300] {dag.py:3456} INFO - Setting next_dagrun for dataset_produces_2 to None, run_after=None
[2024-03-20T22:12:54.481-0300] {processor.py:175} INFO - Processing /home/carlosfalcone/.local/lib/python3.7/site-packages/airflow/example_dags/example_datasets.py took 0.073 seconds
[2024-03-20T22:13:31.511-0300] {processor.py:153} INFO - Started process (PID=1045) to work on /home/carlosfalcone/.local/lib/python3.7/site-packages/airflow/example_dags/example_datasets.py
[2024-03-20T22:13:31.512-0300] {processor.py:743} INFO - Processing file /home/carlosfalcone/.local/lib/python3.7/site-packages/airflow/example_dags/example_datasets.py for tasks to queue
[2024-03-20T22:13:31.512-0300] {logging_mixin.py:137} INFO - [2024-03-20T22:13:31.512-0300] {dagbag.py:532} INFO - Filling up the DagBag from /home/carlosfalcone/.local/lib/python3.7/site-packages/airflow/example_dags/example_datasets.py
[2024-03-20T22:13:31.522-0300] {processor.py:753} INFO - DAG(s) dict_keys(['dataset_produces_2', 'dataset_produces_1', 'dataset_consumes_unknown_never_scheduled', 'dataset_consumes_1_and_2', 'dataset_consumes_1', 'dataset_consumes_1_never_scheduled']) retrieved from /home/carlosfalcone/.local/lib/python3.7/site-packages/airflow/example_dags/example_datasets.py
[2024-03-20T22:13:31.540-0300] {logging_mixin.py:137} INFO - [2024-03-20T22:13:31.540-0300] {dag.py:2705} INFO - Sync 6 DAGs
[2024-03-20T22:13:31.555-0300] {logging_mixin.py:137} INFO - [2024-03-20T22:13:31.554-0300] {dag.py:3456} INFO - Setting next_dagrun for dataset_consumes_1 to None, run_after=None
[2024-03-20T22:13:31.556-0300] {logging_mixin.py:137} INFO - [2024-03-20T22:13:31.556-0300] {dag.py:3456} INFO - Setting next_dagrun for dataset_consumes_1_and_2 to None, run_after=None
[2024-03-20T22:13:31.557-0300] {logging_mixin.py:137} INFO - [2024-03-20T22:13:31.557-0300] {dag.py:3456} INFO - Setting next_dagrun for dataset_consumes_1_never_scheduled to None, run_after=None
[2024-03-20T22:13:31.557-0300] {logging_mixin.py:137} INFO - [2024-03-20T22:13:31.557-0300] {dag.py:3456} INFO - Setting next_dagrun for dataset_consumes_unknown_never_scheduled to None, run_after=None
[2024-03-20T22:13:31.559-0300] {logging_mixin.py:137} INFO - [2024-03-20T22:13:31.559-0300] {dag.py:3456} INFO - Setting next_dagrun for dataset_produces_1 to 2024-03-20T00:00:00+00:00, run_after=2024-03-21T00:00:00+00:00
[2024-03-20T22:13:31.559-0300] {logging_mixin.py:137} INFO - [2024-03-20T22:13:31.559-0300] {dag.py:3456} INFO - Setting next_dagrun for dataset_produces_2 to None, run_after=None
[2024-03-20T22:13:31.582-0300] {processor.py:175} INFO - Processing /home/carlosfalcone/.local/lib/python3.7/site-packages/airflow/example_dags/example_datasets.py took 0.073 seconds
[2024-03-20T22:14:09.131-0300] {processor.py:153} INFO - Started process (PID=1113) to work on /home/carlosfalcone/.local/lib/python3.7/site-packages/airflow/example_dags/example_datasets.py
[2024-03-20T22:14:09.132-0300] {processor.py:743} INFO - Processing file /home/carlosfalcone/.local/lib/python3.7/site-packages/airflow/example_dags/example_datasets.py for tasks to queue
[2024-03-20T22:14:09.132-0300] {logging_mixin.py:137} INFO - [2024-03-20T22:14:09.132-0300] {dagbag.py:532} INFO - Filling up the DagBag from /home/carlosfalcone/.local/lib/python3.7/site-packages/airflow/example_dags/example_datasets.py
[2024-03-20T22:14:09.141-0300] {processor.py:753} INFO - DAG(s) dict_keys(['dataset_consumes_1_and_2', 'dataset_consumes_1', 'dataset_produces_2', 'dataset_consumes_unknown_never_scheduled', 'dataset_produces_1', 'dataset_consumes_1_never_scheduled']) retrieved from /home/carlosfalcone/.local/lib/python3.7/site-packages/airflow/example_dags/example_datasets.py
[2024-03-20T22:14:09.160-0300] {logging_mixin.py:137} INFO - [2024-03-20T22:14:09.160-0300] {dag.py:2705} INFO - Sync 6 DAGs
[2024-03-20T22:14:09.175-0300] {logging_mixin.py:137} INFO - [2024-03-20T22:14:09.175-0300] {dag.py:3456} INFO - Setting next_dagrun for dataset_consumes_1 to None, run_after=None
[2024-03-20T22:14:09.177-0300] {logging_mixin.py:137} INFO - [2024-03-20T22:14:09.177-0300] {dag.py:3456} INFO - Setting next_dagrun for dataset_consumes_1_and_2 to None, run_after=None
[2024-03-20T22:14:09.177-0300] {logging_mixin.py:137} INFO - [2024-03-20T22:14:09.177-0300] {dag.py:3456} INFO - Setting next_dagrun for dataset_consumes_1_never_scheduled to None, run_after=None
[2024-03-20T22:14:09.178-0300] {logging_mixin.py:137} INFO - [2024-03-20T22:14:09.178-0300] {dag.py:3456} INFO - Setting next_dagrun for dataset_consumes_unknown_never_scheduled to None, run_after=None
[2024-03-20T22:14:09.179-0300] {logging_mixin.py:137} INFO - [2024-03-20T22:14:09.179-0300] {dag.py:3456} INFO - Setting next_dagrun for dataset_produces_1 to 2024-03-20T00:00:00+00:00, run_after=2024-03-21T00:00:00+00:00
[2024-03-20T22:14:09.180-0300] {logging_mixin.py:137} INFO - [2024-03-20T22:14:09.180-0300] {dag.py:3456} INFO - Setting next_dagrun for dataset_produces_2 to None, run_after=None
[2024-03-20T22:14:09.201-0300] {processor.py:175} INFO - Processing /home/carlosfalcone/.local/lib/python3.7/site-packages/airflow/example_dags/example_datasets.py took 0.072 seconds
[2024-03-20T22:14:48.465-0300] {processor.py:153} INFO - Started process (PID=1166) to work on /home/carlosfalcone/.local/lib/python3.7/site-packages/airflow/example_dags/example_datasets.py
[2024-03-20T22:14:48.466-0300] {processor.py:743} INFO - Processing file /home/carlosfalcone/.local/lib/python3.7/site-packages/airflow/example_dags/example_datasets.py for tasks to queue
[2024-03-20T22:14:48.466-0300] {logging_mixin.py:137} INFO - [2024-03-20T22:14:48.466-0300] {dagbag.py:532} INFO - Filling up the DagBag from /home/carlosfalcone/.local/lib/python3.7/site-packages/airflow/example_dags/example_datasets.py
[2024-03-20T22:14:48.475-0300] {processor.py:753} INFO - DAG(s) dict_keys(['dataset_consumes_1_and_2', 'dataset_produces_1', 'dataset_consumes_1_never_scheduled', 'dataset_consumes_unknown_never_scheduled', 'dataset_produces_2', 'dataset_consumes_1']) retrieved from /home/carlosfalcone/.local/lib/python3.7/site-packages/airflow/example_dags/example_datasets.py
[2024-03-20T22:14:48.494-0300] {logging_mixin.py:137} INFO - [2024-03-20T22:14:48.494-0300] {dag.py:2705} INFO - Sync 6 DAGs
[2024-03-20T22:14:48.509-0300] {logging_mixin.py:137} INFO - [2024-03-20T22:14:48.509-0300] {dag.py:3456} INFO - Setting next_dagrun for dataset_consumes_1 to None, run_after=None
[2024-03-20T22:14:48.510-0300] {logging_mixin.py:137} INFO - [2024-03-20T22:14:48.510-0300] {dag.py:3456} INFO - Setting next_dagrun for dataset_consumes_1_and_2 to None, run_after=None
[2024-03-20T22:14:48.511-0300] {logging_mixin.py:137} INFO - [2024-03-20T22:14:48.511-0300] {dag.py:3456} INFO - Setting next_dagrun for dataset_consumes_1_never_scheduled to None, run_after=None
[2024-03-20T22:14:48.512-0300] {logging_mixin.py:137} INFO - [2024-03-20T22:14:48.512-0300] {dag.py:3456} INFO - Setting next_dagrun for dataset_consumes_unknown_never_scheduled to None, run_after=None
[2024-03-20T22:14:48.513-0300] {logging_mixin.py:137} INFO - [2024-03-20T22:14:48.513-0300] {dag.py:3456} INFO - Setting next_dagrun for dataset_produces_1 to 2024-03-20T00:00:00+00:00, run_after=2024-03-21T00:00:00+00:00
[2024-03-20T22:14:48.514-0300] {logging_mixin.py:137} INFO - [2024-03-20T22:14:48.514-0300] {dag.py:3456} INFO - Setting next_dagrun for dataset_produces_2 to None, run_after=None
[2024-03-20T22:14:48.536-0300] {processor.py:175} INFO - Processing /home/carlosfalcone/.local/lib/python3.7/site-packages/airflow/example_dags/example_datasets.py took 0.073 seconds
[2024-03-20T22:15:31.406-0300] {processor.py:153} INFO - Started process (PID=1272) to work on /home/carlosfalcone/.local/lib/python3.7/site-packages/airflow/example_dags/example_datasets.py
[2024-03-20T22:15:31.407-0300] {processor.py:743} INFO - Processing file /home/carlosfalcone/.local/lib/python3.7/site-packages/airflow/example_dags/example_datasets.py for tasks to queue
[2024-03-20T22:15:31.407-0300] {logging_mixin.py:137} INFO - [2024-03-20T22:15:31.407-0300] {dagbag.py:532} INFO - Filling up the DagBag from /home/carlosfalcone/.local/lib/python3.7/site-packages/airflow/example_dags/example_datasets.py
[2024-03-20T22:15:31.416-0300] {processor.py:753} INFO - DAG(s) dict_keys(['dataset_produces_2', 'dataset_consumes_1_never_scheduled', 'dataset_produces_1', 'dataset_consumes_unknown_never_scheduled', 'dataset_consumes_1_and_2', 'dataset_consumes_1']) retrieved from /home/carlosfalcone/.local/lib/python3.7/site-packages/airflow/example_dags/example_datasets.py
[2024-03-20T22:15:31.436-0300] {logging_mixin.py:137} INFO - [2024-03-20T22:15:31.436-0300] {dag.py:2705} INFO - Sync 6 DAGs
[2024-03-20T22:15:31.450-0300] {logging_mixin.py:137} INFO - [2024-03-20T22:15:31.450-0300] {dag.py:3456} INFO - Setting next_dagrun for dataset_consumes_1 to None, run_after=None
[2024-03-20T22:15:31.452-0300] {logging_mixin.py:137} INFO - [2024-03-20T22:15:31.452-0300] {dag.py:3456} INFO - Setting next_dagrun for dataset_consumes_1_and_2 to None, run_after=None
[2024-03-20T22:15:31.452-0300] {logging_mixin.py:137} INFO - [2024-03-20T22:15:31.452-0300] {dag.py:3456} INFO - Setting next_dagrun for dataset_consumes_1_never_scheduled to None, run_after=None
[2024-03-20T22:15:31.453-0300] {logging_mixin.py:137} INFO - [2024-03-20T22:15:31.453-0300] {dag.py:3456} INFO - Setting next_dagrun for dataset_consumes_unknown_never_scheduled to None, run_after=None
[2024-03-20T22:15:31.454-0300] {logging_mixin.py:137} INFO - [2024-03-20T22:15:31.454-0300] {dag.py:3456} INFO - Setting next_dagrun for dataset_produces_1 to 2024-03-20T00:00:00+00:00, run_after=2024-03-21T00:00:00+00:00
[2024-03-20T22:15:31.455-0300] {logging_mixin.py:137} INFO - [2024-03-20T22:15:31.455-0300] {dag.py:3456} INFO - Setting next_dagrun for dataset_produces_2 to None, run_after=None
[2024-03-20T22:15:31.477-0300] {processor.py:175} INFO - Processing /home/carlosfalcone/.local/lib/python3.7/site-packages/airflow/example_dags/example_datasets.py took 0.073 seconds
[2024-03-20T22:16:07.252-0300] {processor.py:153} INFO - Started process (PID=1368) to work on /home/carlosfalcone/.local/lib/python3.7/site-packages/airflow/example_dags/example_datasets.py
[2024-03-20T22:16:07.253-0300] {processor.py:743} INFO - Processing file /home/carlosfalcone/.local/lib/python3.7/site-packages/airflow/example_dags/example_datasets.py for tasks to queue
[2024-03-20T22:16:07.254-0300] {logging_mixin.py:137} INFO - [2024-03-20T22:16:07.254-0300] {dagbag.py:532} INFO - Filling up the DagBag from /home/carlosfalcone/.local/lib/python3.7/site-packages/airflow/example_dags/example_datasets.py
[2024-03-20T22:16:07.263-0300] {processor.py:753} INFO - DAG(s) dict_keys(['dataset_consumes_1_and_2', 'dataset_produces_1', 'dataset_consumes_unknown_never_scheduled', 'dataset_produces_2', 'dataset_consumes_1_never_scheduled', 'dataset_consumes_1']) retrieved from /home/carlosfalcone/.local/lib/python3.7/site-packages/airflow/example_dags/example_datasets.py
[2024-03-20T22:16:07.282-0300] {logging_mixin.py:137} INFO - [2024-03-20T22:16:07.282-0300] {dag.py:2705} INFO - Sync 6 DAGs
[2024-03-20T22:16:07.296-0300] {logging_mixin.py:137} INFO - [2024-03-20T22:16:07.296-0300] {dag.py:3456} INFO - Setting next_dagrun for dataset_consumes_1 to None, run_after=None
[2024-03-20T22:16:07.298-0300] {logging_mixin.py:137} INFO - [2024-03-20T22:16:07.298-0300] {dag.py:3456} INFO - Setting next_dagrun for dataset_consumes_1_and_2 to None, run_after=None
[2024-03-20T22:16:07.298-0300] {logging_mixin.py:137} INFO - [2024-03-20T22:16:07.298-0300] {dag.py:3456} INFO - Setting next_dagrun for dataset_consumes_1_never_scheduled to None, run_after=None
[2024-03-20T22:16:07.299-0300] {logging_mixin.py:137} INFO - [2024-03-20T22:16:07.299-0300] {dag.py:3456} INFO - Setting next_dagrun for dataset_consumes_unknown_never_scheduled to None, run_after=None
[2024-03-20T22:16:07.300-0300] {logging_mixin.py:137} INFO - [2024-03-20T22:16:07.300-0300] {dag.py:3456} INFO - Setting next_dagrun for dataset_produces_1 to 2024-03-20T00:00:00+00:00, run_after=2024-03-21T00:00:00+00:00
[2024-03-20T22:16:07.301-0300] {logging_mixin.py:137} INFO - [2024-03-20T22:16:07.301-0300] {dag.py:3456} INFO - Setting next_dagrun for dataset_produces_2 to None, run_after=None
[2024-03-20T22:16:07.322-0300] {processor.py:175} INFO - Processing /home/carlosfalcone/.local/lib/python3.7/site-packages/airflow/example_dags/example_datasets.py took 0.071 seconds
[2024-03-20T22:16:40.905-0300] {processor.py:153} INFO - Started process (PID=1461) to work on /home/carlosfalcone/.local/lib/python3.7/site-packages/airflow/example_dags/example_datasets.py
[2024-03-20T22:16:40.906-0300] {processor.py:743} INFO - Processing file /home/carlosfalcone/.local/lib/python3.7/site-packages/airflow/example_dags/example_datasets.py for tasks to queue
[2024-03-20T22:16:40.907-0300] {logging_mixin.py:137} INFO - [2024-03-20T22:16:40.907-0300] {dagbag.py:532} INFO - Filling up the DagBag from /home/carlosfalcone/.local/lib/python3.7/site-packages/airflow/example_dags/example_datasets.py
[2024-03-20T22:16:40.916-0300] {processor.py:753} INFO - DAG(s) dict_keys(['dataset_produces_2', 'dataset_consumes_1_and_2', 'dataset_produces_1', 'dataset_consumes_1', 'dataset_consumes_unknown_never_scheduled', 'dataset_consumes_1_never_scheduled']) retrieved from /home/carlosfalcone/.local/lib/python3.7/site-packages/airflow/example_dags/example_datasets.py
[2024-03-20T22:16:40.936-0300] {logging_mixin.py:137} INFO - [2024-03-20T22:16:40.936-0300] {dag.py:2705} INFO - Sync 6 DAGs
[2024-03-20T22:16:40.951-0300] {logging_mixin.py:137} INFO - [2024-03-20T22:16:40.950-0300] {dag.py:3456} INFO - Setting next_dagrun for dataset_consumes_1 to None, run_after=None
[2024-03-20T22:16:40.952-0300] {logging_mixin.py:137} INFO - [2024-03-20T22:16:40.952-0300] {dag.py:3456} INFO - Setting next_dagrun for dataset_consumes_1_and_2 to None, run_after=None
[2024-03-20T22:16:40.953-0300] {logging_mixin.py:137} INFO - [2024-03-20T22:16:40.953-0300] {dag.py:3456} INFO - Setting next_dagrun for dataset_consumes_1_never_scheduled to None, run_after=None
[2024-03-20T22:16:40.953-0300] {logging_mixin.py:137} INFO - [2024-03-20T22:16:40.953-0300] {dag.py:3456} INFO - Setting next_dagrun for dataset_consumes_unknown_never_scheduled to None, run_after=None
[2024-03-20T22:16:40.955-0300] {logging_mixin.py:137} INFO - [2024-03-20T22:16:40.955-0300] {dag.py:3456} INFO - Setting next_dagrun for dataset_produces_1 to 2024-03-20T00:00:00+00:00, run_after=2024-03-21T00:00:00+00:00
[2024-03-20T22:16:40.956-0300] {logging_mixin.py:137} INFO - [2024-03-20T22:16:40.956-0300] {dag.py:3456} INFO - Setting next_dagrun for dataset_produces_2 to None, run_after=None
[2024-03-20T22:16:40.978-0300] {processor.py:175} INFO - Processing /home/carlosfalcone/.local/lib/python3.7/site-packages/airflow/example_dags/example_datasets.py took 0.074 seconds
[2024-03-20T22:17:17.898-0300] {processor.py:153} INFO - Started process (PID=1552) to work on /home/carlosfalcone/.local/lib/python3.7/site-packages/airflow/example_dags/example_datasets.py
[2024-03-20T22:17:17.899-0300] {processor.py:743} INFO - Processing file /home/carlosfalcone/.local/lib/python3.7/site-packages/airflow/example_dags/example_datasets.py for tasks to queue
[2024-03-20T22:17:17.900-0300] {logging_mixin.py:137} INFO - [2024-03-20T22:17:17.900-0300] {dagbag.py:532} INFO - Filling up the DagBag from /home/carlosfalcone/.local/lib/python3.7/site-packages/airflow/example_dags/example_datasets.py
[2024-03-20T22:17:17.909-0300] {processor.py:753} INFO - DAG(s) dict_keys(['dataset_consumes_1_never_scheduled', 'dataset_consumes_1', 'dataset_consumes_unknown_never_scheduled', 'dataset_consumes_1_and_2', 'dataset_produces_2', 'dataset_produces_1']) retrieved from /home/carlosfalcone/.local/lib/python3.7/site-packages/airflow/example_dags/example_datasets.py
[2024-03-20T22:17:17.928-0300] {logging_mixin.py:137} INFO - [2024-03-20T22:17:17.928-0300] {dag.py:2705} INFO - Sync 6 DAGs
[2024-03-20T22:17:17.942-0300] {logging_mixin.py:137} INFO - [2024-03-20T22:17:17.942-0300] {dag.py:3456} INFO - Setting next_dagrun for dataset_consumes_1 to None, run_after=None
[2024-03-20T22:17:17.944-0300] {logging_mixin.py:137} INFO - [2024-03-20T22:17:17.944-0300] {dag.py:3456} INFO - Setting next_dagrun for dataset_consumes_1_and_2 to None, run_after=None
[2024-03-20T22:17:17.945-0300] {logging_mixin.py:137} INFO - [2024-03-20T22:17:17.944-0300] {dag.py:3456} INFO - Setting next_dagrun for dataset_consumes_1_never_scheduled to None, run_after=None
[2024-03-20T22:17:17.945-0300] {logging_mixin.py:137} INFO - [2024-03-20T22:17:17.945-0300] {dag.py:3456} INFO - Setting next_dagrun for dataset_consumes_unknown_never_scheduled to None, run_after=None
[2024-03-20T22:17:17.947-0300] {logging_mixin.py:137} INFO - [2024-03-20T22:17:17.947-0300] {dag.py:3456} INFO - Setting next_dagrun for dataset_produces_1 to 2024-03-20T00:00:00+00:00, run_after=2024-03-21T00:00:00+00:00
[2024-03-20T22:17:17.947-0300] {logging_mixin.py:137} INFO - [2024-03-20T22:17:17.947-0300] {dag.py:3456} INFO - Setting next_dagrun for dataset_produces_2 to None, run_after=None
[2024-03-20T22:17:17.970-0300] {processor.py:175} INFO - Processing /home/carlosfalcone/.local/lib/python3.7/site-packages/airflow/example_dags/example_datasets.py took 0.074 seconds
[2024-03-20T22:17:54.435-0300] {processor.py:153} INFO - Started process (PID=1647) to work on /home/carlosfalcone/.local/lib/python3.7/site-packages/airflow/example_dags/example_datasets.py
[2024-03-20T22:17:54.436-0300] {processor.py:743} INFO - Processing file /home/carlosfalcone/.local/lib/python3.7/site-packages/airflow/example_dags/example_datasets.py for tasks to queue
[2024-03-20T22:17:54.437-0300] {logging_mixin.py:137} INFO - [2024-03-20T22:17:54.437-0300] {dagbag.py:532} INFO - Filling up the DagBag from /home/carlosfalcone/.local/lib/python3.7/site-packages/airflow/example_dags/example_datasets.py
[2024-03-20T22:17:54.446-0300] {processor.py:753} INFO - DAG(s) dict_keys(['dataset_produces_2', 'dataset_consumes_1_and_2', 'dataset_consumes_unknown_never_scheduled', 'dataset_consumes_1_never_scheduled', 'dataset_produces_1', 'dataset_consumes_1']) retrieved from /home/carlosfalcone/.local/lib/python3.7/site-packages/airflow/example_dags/example_datasets.py
[2024-03-20T22:17:54.466-0300] {logging_mixin.py:137} INFO - [2024-03-20T22:17:54.466-0300] {dag.py:2705} INFO - Sync 6 DAGs
[2024-03-20T22:17:54.481-0300] {logging_mixin.py:137} INFO - [2024-03-20T22:17:54.481-0300] {dag.py:3456} INFO - Setting next_dagrun for dataset_consumes_1 to None, run_after=None
[2024-03-20T22:17:54.483-0300] {logging_mixin.py:137} INFO - [2024-03-20T22:17:54.483-0300] {dag.py:3456} INFO - Setting next_dagrun for dataset_consumes_1_and_2 to None, run_after=None
[2024-03-20T22:17:54.483-0300] {logging_mixin.py:137} INFO - [2024-03-20T22:17:54.483-0300] {dag.py:3456} INFO - Setting next_dagrun for dataset_consumes_1_never_scheduled to None, run_after=None
[2024-03-20T22:17:54.484-0300] {logging_mixin.py:137} INFO - [2024-03-20T22:17:54.484-0300] {dag.py:3456} INFO - Setting next_dagrun for dataset_consumes_unknown_never_scheduled to None, run_after=None
[2024-03-20T22:17:54.486-0300] {logging_mixin.py:137} INFO - [2024-03-20T22:17:54.485-0300] {dag.py:3456} INFO - Setting next_dagrun for dataset_produces_1 to 2024-03-20T00:00:00+00:00, run_after=2024-03-21T00:00:00+00:00
[2024-03-20T22:17:54.486-0300] {logging_mixin.py:137} INFO - [2024-03-20T22:17:54.486-0300] {dag.py:3456} INFO - Setting next_dagrun for dataset_produces_2 to None, run_after=None
[2024-03-20T22:17:54.507-0300] {processor.py:175} INFO - Processing /home/carlosfalcone/.local/lib/python3.7/site-packages/airflow/example_dags/example_datasets.py took 0.073 seconds
[2024-03-21T11:23:34.749-0300] {processor.py:153} INFO - Started process (PID=90) to work on /home/carlosfalcone/.local/lib/python3.7/site-packages/airflow/example_dags/example_datasets.py
[2024-03-21T11:23:34.750-0300] {processor.py:743} INFO - Processing file /home/carlosfalcone/.local/lib/python3.7/site-packages/airflow/example_dags/example_datasets.py for tasks to queue
[2024-03-21T11:23:34.751-0300] {logging_mixin.py:137} INFO - [2024-03-21T11:23:34.751-0300] {dagbag.py:532} INFO - Filling up the DagBag from /home/carlosfalcone/.local/lib/python3.7/site-packages/airflow/example_dags/example_datasets.py
[2024-03-21T11:23:34.760-0300] {processor.py:753} INFO - DAG(s) dict_keys(['dataset_consumes_1_never_scheduled', 'dataset_consumes_unknown_never_scheduled', 'dataset_consumes_1_and_2', 'dataset_consumes_1', 'dataset_produces_2', 'dataset_produces_1']) retrieved from /home/carlosfalcone/.local/lib/python3.7/site-packages/airflow/example_dags/example_datasets.py
[2024-03-21T11:23:34.807-0300] {logging_mixin.py:137} INFO - [2024-03-21T11:23:34.807-0300] {dag.py:2705} INFO - Sync 6 DAGs
[2024-03-21T11:23:34.821-0300] {logging_mixin.py:137} INFO - [2024-03-21T11:23:34.821-0300] {dag.py:3456} INFO - Setting next_dagrun for dataset_consumes_1 to None, run_after=None
[2024-03-21T11:23:34.823-0300] {logging_mixin.py:137} INFO - [2024-03-21T11:23:34.823-0300] {dag.py:3456} INFO - Setting next_dagrun for dataset_consumes_1_and_2 to None, run_after=None
[2024-03-21T11:23:34.824-0300] {logging_mixin.py:137} INFO - [2024-03-21T11:23:34.824-0300] {dag.py:3456} INFO - Setting next_dagrun for dataset_consumes_1_never_scheduled to None, run_after=None
[2024-03-21T11:23:34.824-0300] {logging_mixin.py:137} INFO - [2024-03-21T11:23:34.824-0300] {dag.py:3456} INFO - Setting next_dagrun for dataset_consumes_unknown_never_scheduled to None, run_after=None
[2024-03-21T11:23:34.826-0300] {logging_mixin.py:137} INFO - [2024-03-21T11:23:34.826-0300] {dag.py:3456} INFO - Setting next_dagrun for dataset_produces_1 to 2024-03-20T00:00:00+00:00, run_after=2024-03-21T00:00:00+00:00
[2024-03-21T11:23:34.826-0300] {logging_mixin.py:137} INFO - [2024-03-21T11:23:34.826-0300] {dag.py:3456} INFO - Setting next_dagrun for dataset_produces_2 to None, run_after=None
[2024-03-21T11:23:34.849-0300] {processor.py:175} INFO - Processing /home/carlosfalcone/.local/lib/python3.7/site-packages/airflow/example_dags/example_datasets.py took 0.101 seconds
[2024-03-21T11:24:14.201-0300] {processor.py:153} INFO - Started process (PID=302) to work on /home/carlosfalcone/.local/lib/python3.7/site-packages/airflow/example_dags/example_datasets.py
[2024-03-21T11:24:14.202-0300] {processor.py:743} INFO - Processing file /home/carlosfalcone/.local/lib/python3.7/site-packages/airflow/example_dags/example_datasets.py for tasks to queue
[2024-03-21T11:24:14.202-0300] {logging_mixin.py:137} INFO - [2024-03-21T11:24:14.202-0300] {dagbag.py:532} INFO - Filling up the DagBag from /home/carlosfalcone/.local/lib/python3.7/site-packages/airflow/example_dags/example_datasets.py
[2024-03-21T11:24:14.213-0300] {processor.py:753} INFO - DAG(s) dict_keys(['dataset_consumes_1_never_scheduled', 'dataset_produces_1', 'dataset_consumes_1_and_2', 'dataset_consumes_unknown_never_scheduled', 'dataset_consumes_1', 'dataset_produces_2']) retrieved from /home/carlosfalcone/.local/lib/python3.7/site-packages/airflow/example_dags/example_datasets.py
[2024-03-21T11:24:14.231-0300] {logging_mixin.py:137} INFO - [2024-03-21T11:24:14.231-0300] {dag.py:2705} INFO - Sync 6 DAGs
[2024-03-21T11:24:14.245-0300] {logging_mixin.py:137} INFO - [2024-03-21T11:24:14.245-0300] {dag.py:3456} INFO - Setting next_dagrun for dataset_consumes_1 to None, run_after=None
[2024-03-21T11:24:14.247-0300] {logging_mixin.py:137} INFO - [2024-03-21T11:24:14.247-0300] {dag.py:3456} INFO - Setting next_dagrun for dataset_consumes_1_and_2 to None, run_after=None
[2024-03-21T11:24:14.248-0300] {logging_mixin.py:137} INFO - [2024-03-21T11:24:14.248-0300] {dag.py:3456} INFO - Setting next_dagrun for dataset_consumes_1_never_scheduled to None, run_after=None
[2024-03-21T11:24:14.248-0300] {logging_mixin.py:137} INFO - [2024-03-21T11:24:14.248-0300] {dag.py:3456} INFO - Setting next_dagrun for dataset_consumes_unknown_never_scheduled to None, run_after=None
[2024-03-21T11:24:14.250-0300] {logging_mixin.py:137} INFO - [2024-03-21T11:24:14.250-0300] {dag.py:3456} INFO - Setting next_dagrun for dataset_produces_1 to 2024-03-20T00:00:00+00:00, run_after=2024-03-21T00:00:00+00:00
[2024-03-21T11:24:14.250-0300] {logging_mixin.py:137} INFO - [2024-03-21T11:24:14.250-0300] {dag.py:3456} INFO - Setting next_dagrun for dataset_produces_2 to None, run_after=None
[2024-03-21T11:24:14.275-0300] {processor.py:175} INFO - Processing /home/carlosfalcone/.local/lib/python3.7/site-packages/airflow/example_dags/example_datasets.py took 0.075 seconds
[2024-03-21T11:24:53.038-0300] {processor.py:153} INFO - Started process (PID=401) to work on /home/carlosfalcone/.local/lib/python3.7/site-packages/airflow/example_dags/example_datasets.py
[2024-03-21T11:24:53.039-0300] {processor.py:743} INFO - Processing file /home/carlosfalcone/.local/lib/python3.7/site-packages/airflow/example_dags/example_datasets.py for tasks to queue
[2024-03-21T11:24:53.039-0300] {logging_mixin.py:137} INFO - [2024-03-21T11:24:53.039-0300] {dagbag.py:532} INFO - Filling up the DagBag from /home/carlosfalcone/.local/lib/python3.7/site-packages/airflow/example_dags/example_datasets.py
[2024-03-21T11:24:53.048-0300] {processor.py:753} INFO - DAG(s) dict_keys(['dataset_consumes_1', 'dataset_consumes_unknown_never_scheduled', 'dataset_produces_2', 'dataset_consumes_1_and_2', 'dataset_produces_1', 'dataset_consumes_1_never_scheduled']) retrieved from /home/carlosfalcone/.local/lib/python3.7/site-packages/airflow/example_dags/example_datasets.py
[2024-03-21T11:24:53.068-0300] {logging_mixin.py:137} INFO - [2024-03-21T11:24:53.068-0300] {dag.py:2705} INFO - Sync 6 DAGs
[2024-03-21T11:24:53.083-0300] {logging_mixin.py:137} INFO - [2024-03-21T11:24:53.083-0300] {dag.py:3456} INFO - Setting next_dagrun for dataset_consumes_1 to None, run_after=None
[2024-03-21T11:24:53.086-0300] {logging_mixin.py:137} INFO - [2024-03-21T11:24:53.086-0300] {dag.py:3456} INFO - Setting next_dagrun for dataset_consumes_1_and_2 to None, run_after=None
[2024-03-21T11:24:53.086-0300] {logging_mixin.py:137} INFO - [2024-03-21T11:24:53.086-0300] {dag.py:3456} INFO - Setting next_dagrun for dataset_consumes_1_never_scheduled to None, run_after=None
[2024-03-21T11:24:53.087-0300] {logging_mixin.py:137} INFO - [2024-03-21T11:24:53.087-0300] {dag.py:3456} INFO - Setting next_dagrun for dataset_consumes_unknown_never_scheduled to None, run_after=None
[2024-03-21T11:24:53.088-0300] {logging_mixin.py:137} INFO - [2024-03-21T11:24:53.088-0300] {dag.py:3456} INFO - Setting next_dagrun for dataset_produces_1 to 2024-03-20T00:00:00+00:00, run_after=2024-03-21T00:00:00+00:00
[2024-03-21T11:24:53.089-0300] {logging_mixin.py:137} INFO - [2024-03-21T11:24:53.089-0300] {dag.py:3456} INFO - Setting next_dagrun for dataset_produces_2 to None, run_after=None
[2024-03-21T11:24:53.112-0300] {processor.py:175} INFO - Processing /home/carlosfalcone/.local/lib/python3.7/site-packages/airflow/example_dags/example_datasets.py took 0.075 seconds
