[2024-03-20T22:09:02.206-0300] {processor.py:153} INFO - Started process (PID=289) to work on /home/carlosfalcone/.local/lib/python3.7/site-packages/airflow/example_dags/example_complex.py
[2024-03-20T22:09:02.206-0300] {processor.py:743} INFO - Processing file /home/carlosfalcone/.local/lib/python3.7/site-packages/airflow/example_dags/example_complex.py for tasks to queue
[2024-03-20T22:09:02.206-0300] {logging_mixin.py:137} INFO - [2024-03-20T22:09:02.206-0300] {dagbag.py:532} INFO - Filling up the DagBag from /home/carlosfalcone/.local/lib/python3.7/site-packages/airflow/example_dags/example_complex.py
[2024-03-20T22:09:02.213-0300] {logging_mixin.py:137} INFO - [2024-03-20T22:09:02.213-0300] {taskmixin.py:211} WARNING - Dependency <Task(BashOperator): create_entry_group>, delete_entry_group already registered for DAG: example_complex
[2024-03-20T22:09:02.213-0300] {logging_mixin.py:137} INFO - [2024-03-20T22:09:02.213-0300] {taskmixin.py:211} WARNING - Dependency <Task(BashOperator): delete_entry_group>, create_entry_group already registered for DAG: example_complex
[2024-03-20T22:09:02.213-0300] {logging_mixin.py:137} INFO - [2024-03-20T22:09:02.213-0300] {taskmixin.py:211} WARNING - Dependency <Task(BashOperator): create_entry_gcs>, delete_entry already registered for DAG: example_complex
[2024-03-20T22:09:02.214-0300] {logging_mixin.py:137} INFO - [2024-03-20T22:09:02.213-0300] {taskmixin.py:211} WARNING - Dependency <Task(BashOperator): delete_entry>, create_entry_gcs already registered for DAG: example_complex
[2024-03-20T22:09:02.214-0300] {logging_mixin.py:137} INFO - [2024-03-20T22:09:02.214-0300] {taskmixin.py:211} WARNING - Dependency <Task(BashOperator): create_tag>, delete_tag already registered for DAG: example_complex
[2024-03-20T22:09:02.214-0300] {logging_mixin.py:137} INFO - [2024-03-20T22:09:02.214-0300] {taskmixin.py:211} WARNING - Dependency <Task(BashOperator): delete_tag>, create_tag already registered for DAG: example_complex
[2024-03-20T22:09:02.218-0300] {processor.py:753} INFO - DAG(s) dict_keys(['example_complex']) retrieved from /home/carlosfalcone/.local/lib/python3.7/site-packages/airflow/example_dags/example_complex.py
[2024-03-20T22:09:02.290-0300] {logging_mixin.py:137} INFO - [2024-03-20T22:09:02.290-0300] {manager.py:504} INFO - Created Permission View: can delete on DAG:example_complex
[2024-03-20T22:09:02.299-0300] {logging_mixin.py:137} INFO - [2024-03-20T22:09:02.299-0300] {manager.py:504} INFO - Created Permission View: can read on DAG:example_complex
[2024-03-20T22:09:02.305-0300] {logging_mixin.py:137} INFO - [2024-03-20T22:09:02.305-0300] {manager.py:504} INFO - Created Permission View: can edit on DAG:example_complex
[2024-03-20T22:09:02.305-0300] {logging_mixin.py:137} INFO - [2024-03-20T22:09:02.305-0300] {dag.py:2705} INFO - Sync 1 DAGs
[2024-03-20T22:09:02.313-0300] {logging_mixin.py:137} INFO - [2024-03-20T22:09:02.313-0300] {dag.py:2726} INFO - Creating ORM DAG for example_complex
[2024-03-20T22:09:02.318-0300] {logging_mixin.py:137} INFO - [2024-03-20T22:09:02.318-0300] {dag.py:3456} INFO - Setting next_dagrun for example_complex to None, run_after=None
[2024-03-20T22:09:02.336-0300] {processor.py:175} INFO - Processing /home/carlosfalcone/.local/lib/python3.7/site-packages/airflow/example_dags/example_complex.py took 0.131 seconds
[2024-03-20T22:09:45.780-0300] {processor.py:153} INFO - Started process (PID=342) to work on /home/carlosfalcone/.local/lib/python3.7/site-packages/airflow/example_dags/example_complex.py
[2024-03-20T22:09:45.781-0300] {processor.py:743} INFO - Processing file /home/carlosfalcone/.local/lib/python3.7/site-packages/airflow/example_dags/example_complex.py for tasks to queue
[2024-03-20T22:09:45.781-0300] {logging_mixin.py:137} INFO - [2024-03-20T22:09:45.781-0300] {dagbag.py:532} INFO - Filling up the DagBag from /home/carlosfalcone/.local/lib/python3.7/site-packages/airflow/example_dags/example_complex.py
[2024-03-20T22:09:45.788-0300] {logging_mixin.py:137} INFO - [2024-03-20T22:09:45.788-0300] {taskmixin.py:211} WARNING - Dependency <Task(BashOperator): create_entry_group>, delete_entry_group already registered for DAG: example_complex
[2024-03-20T22:09:45.788-0300] {logging_mixin.py:137} INFO - [2024-03-20T22:09:45.788-0300] {taskmixin.py:211} WARNING - Dependency <Task(BashOperator): delete_entry_group>, create_entry_group already registered for DAG: example_complex
[2024-03-20T22:09:45.788-0300] {logging_mixin.py:137} INFO - [2024-03-20T22:09:45.788-0300] {taskmixin.py:211} WARNING - Dependency <Task(BashOperator): create_entry_gcs>, delete_entry already registered for DAG: example_complex
[2024-03-20T22:09:45.788-0300] {logging_mixin.py:137} INFO - [2024-03-20T22:09:45.788-0300] {taskmixin.py:211} WARNING - Dependency <Task(BashOperator): delete_entry>, create_entry_gcs already registered for DAG: example_complex
[2024-03-20T22:09:45.789-0300] {logging_mixin.py:137} INFO - [2024-03-20T22:09:45.789-0300] {taskmixin.py:211} WARNING - Dependency <Task(BashOperator): create_tag>, delete_tag already registered for DAG: example_complex
[2024-03-20T22:09:45.789-0300] {logging_mixin.py:137} INFO - [2024-03-20T22:09:45.789-0300] {taskmixin.py:211} WARNING - Dependency <Task(BashOperator): delete_tag>, create_tag already registered for DAG: example_complex
[2024-03-20T22:09:45.794-0300] {processor.py:753} INFO - DAG(s) dict_keys(['example_complex']) retrieved from /home/carlosfalcone/.local/lib/python3.7/site-packages/airflow/example_dags/example_complex.py
[2024-03-20T22:09:45.811-0300] {logging_mixin.py:137} INFO - [2024-03-20T22:09:45.811-0300] {dag.py:2705} INFO - Sync 1 DAGs
[2024-03-20T22:09:45.826-0300] {logging_mixin.py:137} INFO - [2024-03-20T22:09:45.825-0300] {dag.py:3456} INFO - Setting next_dagrun for example_complex to None, run_after=None
[2024-03-20T22:09:45.840-0300] {processor.py:175} INFO - Processing /home/carlosfalcone/.local/lib/python3.7/site-packages/airflow/example_dags/example_complex.py took 0.062 seconds
[2024-03-20T22:10:25.780-0300] {processor.py:153} INFO - Started process (PID=585) to work on /home/carlosfalcone/.local/lib/python3.7/site-packages/airflow/example_dags/example_complex.py
[2024-03-20T22:10:25.781-0300] {processor.py:743} INFO - Processing file /home/carlosfalcone/.local/lib/python3.7/site-packages/airflow/example_dags/example_complex.py for tasks to queue
[2024-03-20T22:10:25.781-0300] {logging_mixin.py:137} INFO - [2024-03-20T22:10:25.781-0300] {dagbag.py:532} INFO - Filling up the DagBag from /home/carlosfalcone/.local/lib/python3.7/site-packages/airflow/example_dags/example_complex.py
[2024-03-20T22:10:25.789-0300] {logging_mixin.py:137} INFO - [2024-03-20T22:10:25.789-0300] {taskmixin.py:211} WARNING - Dependency <Task(BashOperator): create_entry_group>, delete_entry_group already registered for DAG: example_complex
[2024-03-20T22:10:25.789-0300] {logging_mixin.py:137} INFO - [2024-03-20T22:10:25.789-0300] {taskmixin.py:211} WARNING - Dependency <Task(BashOperator): delete_entry_group>, create_entry_group already registered for DAG: example_complex
[2024-03-20T22:10:25.789-0300] {logging_mixin.py:137} INFO - [2024-03-20T22:10:25.789-0300] {taskmixin.py:211} WARNING - Dependency <Task(BashOperator): create_entry_gcs>, delete_entry already registered for DAG: example_complex
[2024-03-20T22:10:25.790-0300] {logging_mixin.py:137} INFO - [2024-03-20T22:10:25.790-0300] {taskmixin.py:211} WARNING - Dependency <Task(BashOperator): delete_entry>, create_entry_gcs already registered for DAG: example_complex
[2024-03-20T22:10:25.790-0300] {logging_mixin.py:137} INFO - [2024-03-20T22:10:25.790-0300] {taskmixin.py:211} WARNING - Dependency <Task(BashOperator): create_tag>, delete_tag already registered for DAG: example_complex
[2024-03-20T22:10:25.790-0300] {logging_mixin.py:137} INFO - [2024-03-20T22:10:25.790-0300] {taskmixin.py:211} WARNING - Dependency <Task(BashOperator): delete_tag>, create_tag already registered for DAG: example_complex
[2024-03-20T22:10:25.794-0300] {processor.py:753} INFO - DAG(s) dict_keys(['example_complex']) retrieved from /home/carlosfalcone/.local/lib/python3.7/site-packages/airflow/example_dags/example_complex.py
[2024-03-20T22:10:25.812-0300] {logging_mixin.py:137} INFO - [2024-03-20T22:10:25.812-0300] {dag.py:2705} INFO - Sync 1 DAGs
[2024-03-20T22:10:25.825-0300] {logging_mixin.py:137} INFO - [2024-03-20T22:10:25.825-0300] {dag.py:3456} INFO - Setting next_dagrun for example_complex to None, run_after=None
[2024-03-20T22:10:25.842-0300] {processor.py:175} INFO - Processing /home/carlosfalcone/.local/lib/python3.7/site-packages/airflow/example_dags/example_complex.py took 0.064 seconds
[2024-03-20T22:11:04.534-0300] {processor.py:153} INFO - Started process (PID=681) to work on /home/carlosfalcone/.local/lib/python3.7/site-packages/airflow/example_dags/example_complex.py
[2024-03-20T22:11:04.535-0300] {processor.py:743} INFO - Processing file /home/carlosfalcone/.local/lib/python3.7/site-packages/airflow/example_dags/example_complex.py for tasks to queue
[2024-03-20T22:11:04.535-0300] {logging_mixin.py:137} INFO - [2024-03-20T22:11:04.535-0300] {dagbag.py:532} INFO - Filling up the DagBag from /home/carlosfalcone/.local/lib/python3.7/site-packages/airflow/example_dags/example_complex.py
[2024-03-20T22:11:04.542-0300] {logging_mixin.py:137} INFO - [2024-03-20T22:11:04.542-0300] {taskmixin.py:211} WARNING - Dependency <Task(BashOperator): create_entry_group>, delete_entry_group already registered for DAG: example_complex
[2024-03-20T22:11:04.543-0300] {logging_mixin.py:137} INFO - [2024-03-20T22:11:04.543-0300] {taskmixin.py:211} WARNING - Dependency <Task(BashOperator): delete_entry_group>, create_entry_group already registered for DAG: example_complex
[2024-03-20T22:11:04.543-0300] {logging_mixin.py:137} INFO - [2024-03-20T22:11:04.543-0300] {taskmixin.py:211} WARNING - Dependency <Task(BashOperator): create_entry_gcs>, delete_entry already registered for DAG: example_complex
[2024-03-20T22:11:04.543-0300] {logging_mixin.py:137} INFO - [2024-03-20T22:11:04.543-0300] {taskmixin.py:211} WARNING - Dependency <Task(BashOperator): delete_entry>, create_entry_gcs already registered for DAG: example_complex
[2024-03-20T22:11:04.543-0300] {logging_mixin.py:137} INFO - [2024-03-20T22:11:04.543-0300] {taskmixin.py:211} WARNING - Dependency <Task(BashOperator): create_tag>, delete_tag already registered for DAG: example_complex
[2024-03-20T22:11:04.543-0300] {logging_mixin.py:137} INFO - [2024-03-20T22:11:04.543-0300] {taskmixin.py:211} WARNING - Dependency <Task(BashOperator): delete_tag>, create_tag already registered for DAG: example_complex
[2024-03-20T22:11:04.547-0300] {processor.py:753} INFO - DAG(s) dict_keys(['example_complex']) retrieved from /home/carlosfalcone/.local/lib/python3.7/site-packages/airflow/example_dags/example_complex.py
[2024-03-20T22:11:04.565-0300] {logging_mixin.py:137} INFO - [2024-03-20T22:11:04.565-0300] {dag.py:2705} INFO - Sync 1 DAGs
[2024-03-20T22:11:04.579-0300] {logging_mixin.py:137} INFO - [2024-03-20T22:11:04.579-0300] {dag.py:3456} INFO - Setting next_dagrun for example_complex to None, run_after=None
[2024-03-20T22:11:04.594-0300] {processor.py:175} INFO - Processing /home/carlosfalcone/.local/lib/python3.7/site-packages/airflow/example_dags/example_complex.py took 0.062 seconds
[2024-03-20T22:11:45.617-0300] {processor.py:153} INFO - Started process (PID=778) to work on /home/carlosfalcone/.local/lib/python3.7/site-packages/airflow/example_dags/example_complex.py
[2024-03-20T22:11:45.618-0300] {processor.py:743} INFO - Processing file /home/carlosfalcone/.local/lib/python3.7/site-packages/airflow/example_dags/example_complex.py for tasks to queue
[2024-03-20T22:11:45.619-0300] {logging_mixin.py:137} INFO - [2024-03-20T22:11:45.619-0300] {dagbag.py:532} INFO - Filling up the DagBag from /home/carlosfalcone/.local/lib/python3.7/site-packages/airflow/example_dags/example_complex.py
[2024-03-20T22:11:45.626-0300] {logging_mixin.py:137} INFO - [2024-03-20T22:11:45.626-0300] {taskmixin.py:211} WARNING - Dependency <Task(BashOperator): create_entry_group>, delete_entry_group already registered for DAG: example_complex
[2024-03-20T22:11:45.626-0300] {logging_mixin.py:137} INFO - [2024-03-20T22:11:45.626-0300] {taskmixin.py:211} WARNING - Dependency <Task(BashOperator): delete_entry_group>, create_entry_group already registered for DAG: example_complex
[2024-03-20T22:11:45.626-0300] {logging_mixin.py:137} INFO - [2024-03-20T22:11:45.626-0300] {taskmixin.py:211} WARNING - Dependency <Task(BashOperator): create_entry_gcs>, delete_entry already registered for DAG: example_complex
[2024-03-20T22:11:45.626-0300] {logging_mixin.py:137} INFO - [2024-03-20T22:11:45.626-0300] {taskmixin.py:211} WARNING - Dependency <Task(BashOperator): delete_entry>, create_entry_gcs already registered for DAG: example_complex
[2024-03-20T22:11:45.627-0300] {logging_mixin.py:137} INFO - [2024-03-20T22:11:45.627-0300] {taskmixin.py:211} WARNING - Dependency <Task(BashOperator): create_tag>, delete_tag already registered for DAG: example_complex
[2024-03-20T22:11:45.627-0300] {logging_mixin.py:137} INFO - [2024-03-20T22:11:45.627-0300] {taskmixin.py:211} WARNING - Dependency <Task(BashOperator): delete_tag>, create_tag already registered for DAG: example_complex
[2024-03-20T22:11:45.631-0300] {processor.py:753} INFO - DAG(s) dict_keys(['example_complex']) retrieved from /home/carlosfalcone/.local/lib/python3.7/site-packages/airflow/example_dags/example_complex.py
[2024-03-20T22:11:45.649-0300] {logging_mixin.py:137} INFO - [2024-03-20T22:11:45.649-0300] {dag.py:2705} INFO - Sync 1 DAGs
[2024-03-20T22:11:45.663-0300] {logging_mixin.py:137} INFO - [2024-03-20T22:11:45.663-0300] {dag.py:3456} INFO - Setting next_dagrun for example_complex to None, run_after=None
[2024-03-20T22:11:45.679-0300] {processor.py:175} INFO - Processing /home/carlosfalcone/.local/lib/python3.7/site-packages/airflow/example_dags/example_complex.py took 0.063 seconds
[2024-03-20T22:12:20.349-0300] {processor.py:153} INFO - Started process (PID=866) to work on /home/carlosfalcone/.local/lib/python3.7/site-packages/airflow/example_dags/example_complex.py
[2024-03-20T22:12:20.350-0300] {processor.py:743} INFO - Processing file /home/carlosfalcone/.local/lib/python3.7/site-packages/airflow/example_dags/example_complex.py for tasks to queue
[2024-03-20T22:12:20.351-0300] {logging_mixin.py:137} INFO - [2024-03-20T22:12:20.351-0300] {dagbag.py:532} INFO - Filling up the DagBag from /home/carlosfalcone/.local/lib/python3.7/site-packages/airflow/example_dags/example_complex.py
[2024-03-20T22:12:20.358-0300] {logging_mixin.py:137} INFO - [2024-03-20T22:12:20.358-0300] {taskmixin.py:211} WARNING - Dependency <Task(BashOperator): create_entry_group>, delete_entry_group already registered for DAG: example_complex
[2024-03-20T22:12:20.358-0300] {logging_mixin.py:137} INFO - [2024-03-20T22:12:20.358-0300] {taskmixin.py:211} WARNING - Dependency <Task(BashOperator): delete_entry_group>, create_entry_group already registered for DAG: example_complex
[2024-03-20T22:12:20.358-0300] {logging_mixin.py:137} INFO - [2024-03-20T22:12:20.358-0300] {taskmixin.py:211} WARNING - Dependency <Task(BashOperator): create_entry_gcs>, delete_entry already registered for DAG: example_complex
[2024-03-20T22:12:20.358-0300] {logging_mixin.py:137} INFO - [2024-03-20T22:12:20.358-0300] {taskmixin.py:211} WARNING - Dependency <Task(BashOperator): delete_entry>, create_entry_gcs already registered for DAG: example_complex
[2024-03-20T22:12:20.358-0300] {logging_mixin.py:137} INFO - [2024-03-20T22:12:20.358-0300] {taskmixin.py:211} WARNING - Dependency <Task(BashOperator): create_tag>, delete_tag already registered for DAG: example_complex
[2024-03-20T22:12:20.358-0300] {logging_mixin.py:137} INFO - [2024-03-20T22:12:20.358-0300] {taskmixin.py:211} WARNING - Dependency <Task(BashOperator): delete_tag>, create_tag already registered for DAG: example_complex
[2024-03-20T22:12:20.362-0300] {processor.py:753} INFO - DAG(s) dict_keys(['example_complex']) retrieved from /home/carlosfalcone/.local/lib/python3.7/site-packages/airflow/example_dags/example_complex.py
[2024-03-20T22:12:20.381-0300] {logging_mixin.py:137} INFO - [2024-03-20T22:12:20.381-0300] {dag.py:2705} INFO - Sync 1 DAGs
[2024-03-20T22:12:20.395-0300] {logging_mixin.py:137} INFO - [2024-03-20T22:12:20.395-0300] {dag.py:3456} INFO - Setting next_dagrun for example_complex to None, run_after=None
[2024-03-20T22:12:20.410-0300] {processor.py:175} INFO - Processing /home/carlosfalcone/.local/lib/python3.7/site-packages/airflow/example_dags/example_complex.py took 0.063 seconds
[2024-03-20T22:12:55.536-0300] {processor.py:153} INFO - Started process (PID=955) to work on /home/carlosfalcone/.local/lib/python3.7/site-packages/airflow/example_dags/example_complex.py
[2024-03-20T22:12:55.537-0300] {processor.py:743} INFO - Processing file /home/carlosfalcone/.local/lib/python3.7/site-packages/airflow/example_dags/example_complex.py for tasks to queue
[2024-03-20T22:12:55.538-0300] {logging_mixin.py:137} INFO - [2024-03-20T22:12:55.538-0300] {dagbag.py:532} INFO - Filling up the DagBag from /home/carlosfalcone/.local/lib/python3.7/site-packages/airflow/example_dags/example_complex.py
[2024-03-20T22:12:55.545-0300] {logging_mixin.py:137} INFO - [2024-03-20T22:12:55.544-0300] {taskmixin.py:211} WARNING - Dependency <Task(BashOperator): create_entry_group>, delete_entry_group already registered for DAG: example_complex
[2024-03-20T22:12:55.545-0300] {logging_mixin.py:137} INFO - [2024-03-20T22:12:55.545-0300] {taskmixin.py:211} WARNING - Dependency <Task(BashOperator): delete_entry_group>, create_entry_group already registered for DAG: example_complex
[2024-03-20T22:12:55.545-0300] {logging_mixin.py:137} INFO - [2024-03-20T22:12:55.545-0300] {taskmixin.py:211} WARNING - Dependency <Task(BashOperator): create_entry_gcs>, delete_entry already registered for DAG: example_complex
[2024-03-20T22:12:55.545-0300] {logging_mixin.py:137} INFO - [2024-03-20T22:12:55.545-0300] {taskmixin.py:211} WARNING - Dependency <Task(BashOperator): delete_entry>, create_entry_gcs already registered for DAG: example_complex
[2024-03-20T22:12:55.545-0300] {logging_mixin.py:137} INFO - [2024-03-20T22:12:55.545-0300] {taskmixin.py:211} WARNING - Dependency <Task(BashOperator): create_tag>, delete_tag already registered for DAG: example_complex
[2024-03-20T22:12:55.545-0300] {logging_mixin.py:137} INFO - [2024-03-20T22:12:55.545-0300] {taskmixin.py:211} WARNING - Dependency <Task(BashOperator): delete_tag>, create_tag already registered for DAG: example_complex
[2024-03-20T22:12:55.549-0300] {processor.py:753} INFO - DAG(s) dict_keys(['example_complex']) retrieved from /home/carlosfalcone/.local/lib/python3.7/site-packages/airflow/example_dags/example_complex.py
[2024-03-20T22:12:55.567-0300] {logging_mixin.py:137} INFO - [2024-03-20T22:12:55.567-0300] {dag.py:2705} INFO - Sync 1 DAGs
[2024-03-20T22:12:55.580-0300] {logging_mixin.py:137} INFO - [2024-03-20T22:12:55.580-0300] {dag.py:3456} INFO - Setting next_dagrun for example_complex to None, run_after=None
[2024-03-20T22:12:55.597-0300] {processor.py:175} INFO - Processing /home/carlosfalcone/.local/lib/python3.7/site-packages/airflow/example_dags/example_complex.py took 0.062 seconds
[2024-03-20T22:13:32.129-0300] {processor.py:153} INFO - Started process (PID=1046) to work on /home/carlosfalcone/.local/lib/python3.7/site-packages/airflow/example_dags/example_complex.py
[2024-03-20T22:13:32.130-0300] {processor.py:743} INFO - Processing file /home/carlosfalcone/.local/lib/python3.7/site-packages/airflow/example_dags/example_complex.py for tasks to queue
[2024-03-20T22:13:32.130-0300] {logging_mixin.py:137} INFO - [2024-03-20T22:13:32.130-0300] {dagbag.py:532} INFO - Filling up the DagBag from /home/carlosfalcone/.local/lib/python3.7/site-packages/airflow/example_dags/example_complex.py
[2024-03-20T22:13:32.137-0300] {logging_mixin.py:137} INFO - [2024-03-20T22:13:32.137-0300] {taskmixin.py:211} WARNING - Dependency <Task(BashOperator): create_entry_group>, delete_entry_group already registered for DAG: example_complex
[2024-03-20T22:13:32.137-0300] {logging_mixin.py:137} INFO - [2024-03-20T22:13:32.137-0300] {taskmixin.py:211} WARNING - Dependency <Task(BashOperator): delete_entry_group>, create_entry_group already registered for DAG: example_complex
[2024-03-20T22:13:32.138-0300] {logging_mixin.py:137} INFO - [2024-03-20T22:13:32.138-0300] {taskmixin.py:211} WARNING - Dependency <Task(BashOperator): create_entry_gcs>, delete_entry already registered for DAG: example_complex
[2024-03-20T22:13:32.138-0300] {logging_mixin.py:137} INFO - [2024-03-20T22:13:32.138-0300] {taskmixin.py:211} WARNING - Dependency <Task(BashOperator): delete_entry>, create_entry_gcs already registered for DAG: example_complex
[2024-03-20T22:13:32.138-0300] {logging_mixin.py:137} INFO - [2024-03-20T22:13:32.138-0300] {taskmixin.py:211} WARNING - Dependency <Task(BashOperator): create_tag>, delete_tag already registered for DAG: example_complex
[2024-03-20T22:13:32.138-0300] {logging_mixin.py:137} INFO - [2024-03-20T22:13:32.138-0300] {taskmixin.py:211} WARNING - Dependency <Task(BashOperator): delete_tag>, create_tag already registered for DAG: example_complex
[2024-03-20T22:13:32.142-0300] {processor.py:753} INFO - DAG(s) dict_keys(['example_complex']) retrieved from /home/carlosfalcone/.local/lib/python3.7/site-packages/airflow/example_dags/example_complex.py
[2024-03-20T22:13:32.160-0300] {logging_mixin.py:137} INFO - [2024-03-20T22:13:32.160-0300] {dag.py:2705} INFO - Sync 1 DAGs
[2024-03-20T22:13:32.173-0300] {logging_mixin.py:137} INFO - [2024-03-20T22:13:32.173-0300] {dag.py:3456} INFO - Setting next_dagrun for example_complex to None, run_after=None
[2024-03-20T22:13:32.190-0300] {processor.py:175} INFO - Processing /home/carlosfalcone/.local/lib/python3.7/site-packages/airflow/example_dags/example_complex.py took 0.062 seconds
[2024-03-20T22:14:10.258-0300] {processor.py:153} INFO - Started process (PID=1114) to work on /home/carlosfalcone/.local/lib/python3.7/site-packages/airflow/example_dags/example_complex.py
[2024-03-20T22:14:10.259-0300] {processor.py:743} INFO - Processing file /home/carlosfalcone/.local/lib/python3.7/site-packages/airflow/example_dags/example_complex.py for tasks to queue
[2024-03-20T22:14:10.259-0300] {logging_mixin.py:137} INFO - [2024-03-20T22:14:10.259-0300] {dagbag.py:532} INFO - Filling up the DagBag from /home/carlosfalcone/.local/lib/python3.7/site-packages/airflow/example_dags/example_complex.py
[2024-03-20T22:14:10.266-0300] {logging_mixin.py:137} INFO - [2024-03-20T22:14:10.266-0300] {taskmixin.py:211} WARNING - Dependency <Task(BashOperator): create_entry_group>, delete_entry_group already registered for DAG: example_complex
[2024-03-20T22:14:10.266-0300] {logging_mixin.py:137} INFO - [2024-03-20T22:14:10.266-0300] {taskmixin.py:211} WARNING - Dependency <Task(BashOperator): delete_entry_group>, create_entry_group already registered for DAG: example_complex
[2024-03-20T22:14:10.267-0300] {logging_mixin.py:137} INFO - [2024-03-20T22:14:10.267-0300] {taskmixin.py:211} WARNING - Dependency <Task(BashOperator): create_entry_gcs>, delete_entry already registered for DAG: example_complex
[2024-03-20T22:14:10.267-0300] {logging_mixin.py:137} INFO - [2024-03-20T22:14:10.267-0300] {taskmixin.py:211} WARNING - Dependency <Task(BashOperator): delete_entry>, create_entry_gcs already registered for DAG: example_complex
[2024-03-20T22:14:10.267-0300] {logging_mixin.py:137} INFO - [2024-03-20T22:14:10.267-0300] {taskmixin.py:211} WARNING - Dependency <Task(BashOperator): create_tag>, delete_tag already registered for DAG: example_complex
[2024-03-20T22:14:10.267-0300] {logging_mixin.py:137} INFO - [2024-03-20T22:14:10.267-0300] {taskmixin.py:211} WARNING - Dependency <Task(BashOperator): delete_tag>, create_tag already registered for DAG: example_complex
[2024-03-20T22:14:10.271-0300] {processor.py:753} INFO - DAG(s) dict_keys(['example_complex']) retrieved from /home/carlosfalcone/.local/lib/python3.7/site-packages/airflow/example_dags/example_complex.py
[2024-03-20T22:14:10.289-0300] {logging_mixin.py:137} INFO - [2024-03-20T22:14:10.289-0300] {dag.py:2705} INFO - Sync 1 DAGs
[2024-03-20T22:14:10.303-0300] {logging_mixin.py:137} INFO - [2024-03-20T22:14:10.303-0300] {dag.py:3456} INFO - Setting next_dagrun for example_complex to None, run_after=None
[2024-03-20T22:14:10.319-0300] {processor.py:175} INFO - Processing /home/carlosfalcone/.local/lib/python3.7/site-packages/airflow/example_dags/example_complex.py took 0.063 seconds
[2024-03-20T22:14:49.083-0300] {processor.py:153} INFO - Started process (PID=1167) to work on /home/carlosfalcone/.local/lib/python3.7/site-packages/airflow/example_dags/example_complex.py
[2024-03-20T22:14:49.083-0300] {processor.py:743} INFO - Processing file /home/carlosfalcone/.local/lib/python3.7/site-packages/airflow/example_dags/example_complex.py for tasks to queue
[2024-03-20T22:14:49.084-0300] {logging_mixin.py:137} INFO - [2024-03-20T22:14:49.084-0300] {dagbag.py:532} INFO - Filling up the DagBag from /home/carlosfalcone/.local/lib/python3.7/site-packages/airflow/example_dags/example_complex.py
[2024-03-20T22:14:49.091-0300] {logging_mixin.py:137} INFO - [2024-03-20T22:14:49.091-0300] {taskmixin.py:211} WARNING - Dependency <Task(BashOperator): create_entry_group>, delete_entry_group already registered for DAG: example_complex
[2024-03-20T22:14:49.091-0300] {logging_mixin.py:137} INFO - [2024-03-20T22:14:49.091-0300] {taskmixin.py:211} WARNING - Dependency <Task(BashOperator): delete_entry_group>, create_entry_group already registered for DAG: example_complex
[2024-03-20T22:14:49.091-0300] {logging_mixin.py:137} INFO - [2024-03-20T22:14:49.091-0300] {taskmixin.py:211} WARNING - Dependency <Task(BashOperator): create_entry_gcs>, delete_entry already registered for DAG: example_complex
[2024-03-20T22:14:49.091-0300] {logging_mixin.py:137} INFO - [2024-03-20T22:14:49.091-0300] {taskmixin.py:211} WARNING - Dependency <Task(BashOperator): delete_entry>, create_entry_gcs already registered for DAG: example_complex
[2024-03-20T22:14:49.091-0300] {logging_mixin.py:137} INFO - [2024-03-20T22:14:49.091-0300] {taskmixin.py:211} WARNING - Dependency <Task(BashOperator): create_tag>, delete_tag already registered for DAG: example_complex
[2024-03-20T22:14:49.091-0300] {logging_mixin.py:137} INFO - [2024-03-20T22:14:49.091-0300] {taskmixin.py:211} WARNING - Dependency <Task(BashOperator): delete_tag>, create_tag already registered for DAG: example_complex
[2024-03-20T22:14:49.095-0300] {processor.py:753} INFO - DAG(s) dict_keys(['example_complex']) retrieved from /home/carlosfalcone/.local/lib/python3.7/site-packages/airflow/example_dags/example_complex.py
[2024-03-20T22:14:49.113-0300] {logging_mixin.py:137} INFO - [2024-03-20T22:14:49.112-0300] {dag.py:2705} INFO - Sync 1 DAGs
[2024-03-20T22:14:49.126-0300] {logging_mixin.py:137} INFO - [2024-03-20T22:14:49.126-0300] {dag.py:3456} INFO - Setting next_dagrun for example_complex to None, run_after=None
[2024-03-20T22:14:49.141-0300] {processor.py:175} INFO - Processing /home/carlosfalcone/.local/lib/python3.7/site-packages/airflow/example_dags/example_complex.py took 0.060 seconds
[2024-03-20T22:15:32.533-0300] {processor.py:153} INFO - Started process (PID=1276) to work on /home/carlosfalcone/.local/lib/python3.7/site-packages/airflow/example_dags/example_complex.py
[2024-03-20T22:15:32.534-0300] {processor.py:743} INFO - Processing file /home/carlosfalcone/.local/lib/python3.7/site-packages/airflow/example_dags/example_complex.py for tasks to queue
[2024-03-20T22:15:32.535-0300] {logging_mixin.py:137} INFO - [2024-03-20T22:15:32.535-0300] {dagbag.py:532} INFO - Filling up the DagBag from /home/carlosfalcone/.local/lib/python3.7/site-packages/airflow/example_dags/example_complex.py
[2024-03-20T22:15:32.542-0300] {logging_mixin.py:137} INFO - [2024-03-20T22:15:32.542-0300] {taskmixin.py:211} WARNING - Dependency <Task(BashOperator): create_entry_group>, delete_entry_group already registered for DAG: example_complex
[2024-03-20T22:15:32.542-0300] {logging_mixin.py:137} INFO - [2024-03-20T22:15:32.542-0300] {taskmixin.py:211} WARNING - Dependency <Task(BashOperator): delete_entry_group>, create_entry_group already registered for DAG: example_complex
[2024-03-20T22:15:32.542-0300] {logging_mixin.py:137} INFO - [2024-03-20T22:15:32.542-0300] {taskmixin.py:211} WARNING - Dependency <Task(BashOperator): create_entry_gcs>, delete_entry already registered for DAG: example_complex
[2024-03-20T22:15:32.543-0300] {logging_mixin.py:137} INFO - [2024-03-20T22:15:32.542-0300] {taskmixin.py:211} WARNING - Dependency <Task(BashOperator): delete_entry>, create_entry_gcs already registered for DAG: example_complex
[2024-03-20T22:15:32.543-0300] {logging_mixin.py:137} INFO - [2024-03-20T22:15:32.543-0300] {taskmixin.py:211} WARNING - Dependency <Task(BashOperator): create_tag>, delete_tag already registered for DAG: example_complex
[2024-03-20T22:15:32.543-0300] {logging_mixin.py:137} INFO - [2024-03-20T22:15:32.543-0300] {taskmixin.py:211} WARNING - Dependency <Task(BashOperator): delete_tag>, create_tag already registered for DAG: example_complex
[2024-03-20T22:15:32.547-0300] {processor.py:753} INFO - DAG(s) dict_keys(['example_complex']) retrieved from /home/carlosfalcone/.local/lib/python3.7/site-packages/airflow/example_dags/example_complex.py
[2024-03-20T22:15:32.565-0300] {logging_mixin.py:137} INFO - [2024-03-20T22:15:32.565-0300] {dag.py:2705} INFO - Sync 1 DAGs
[2024-03-20T22:15:32.578-0300] {logging_mixin.py:137} INFO - [2024-03-20T22:15:32.578-0300] {dag.py:3456} INFO - Setting next_dagrun for example_complex to None, run_after=None
[2024-03-20T22:15:32.594-0300] {processor.py:175} INFO - Processing /home/carlosfalcone/.local/lib/python3.7/site-packages/airflow/example_dags/example_complex.py took 0.063 seconds
[2024-03-20T22:16:08.379-0300] {processor.py:153} INFO - Started process (PID=1372) to work on /home/carlosfalcone/.local/lib/python3.7/site-packages/airflow/example_dags/example_complex.py
[2024-03-20T22:16:08.382-0300] {processor.py:743} INFO - Processing file /home/carlosfalcone/.local/lib/python3.7/site-packages/airflow/example_dags/example_complex.py for tasks to queue
[2024-03-20T22:16:08.383-0300] {logging_mixin.py:137} INFO - [2024-03-20T22:16:08.383-0300] {dagbag.py:532} INFO - Filling up the DagBag from /home/carlosfalcone/.local/lib/python3.7/site-packages/airflow/example_dags/example_complex.py
[2024-03-20T22:16:08.396-0300] {logging_mixin.py:137} INFO - [2024-03-20T22:16:08.396-0300] {taskmixin.py:211} WARNING - Dependency <Task(BashOperator): create_entry_group>, delete_entry_group already registered for DAG: example_complex
[2024-03-20T22:16:08.396-0300] {logging_mixin.py:137} INFO - [2024-03-20T22:16:08.396-0300] {taskmixin.py:211} WARNING - Dependency <Task(BashOperator): delete_entry_group>, create_entry_group already registered for DAG: example_complex
[2024-03-20T22:16:08.397-0300] {logging_mixin.py:137} INFO - [2024-03-20T22:16:08.396-0300] {taskmixin.py:211} WARNING - Dependency <Task(BashOperator): create_entry_gcs>, delete_entry already registered for DAG: example_complex
[2024-03-20T22:16:08.397-0300] {logging_mixin.py:137} INFO - [2024-03-20T22:16:08.397-0300] {taskmixin.py:211} WARNING - Dependency <Task(BashOperator): delete_entry>, create_entry_gcs already registered for DAG: example_complex
[2024-03-20T22:16:08.398-0300] {logging_mixin.py:137} INFO - [2024-03-20T22:16:08.398-0300] {taskmixin.py:211} WARNING - Dependency <Task(BashOperator): create_tag>, delete_tag already registered for DAG: example_complex
[2024-03-20T22:16:08.398-0300] {logging_mixin.py:137} INFO - [2024-03-20T22:16:08.398-0300] {taskmixin.py:211} WARNING - Dependency <Task(BashOperator): delete_tag>, create_tag already registered for DAG: example_complex
[2024-03-20T22:16:08.402-0300] {processor.py:753} INFO - DAG(s) dict_keys(['example_complex']) retrieved from /home/carlosfalcone/.local/lib/python3.7/site-packages/airflow/example_dags/example_complex.py
[2024-03-20T22:16:08.420-0300] {logging_mixin.py:137} INFO - [2024-03-20T22:16:08.420-0300] {dag.py:2705} INFO - Sync 1 DAGs
[2024-03-20T22:16:08.434-0300] {logging_mixin.py:137} INFO - [2024-03-20T22:16:08.434-0300] {dag.py:3456} INFO - Setting next_dagrun for example_complex to None, run_after=None
[2024-03-20T22:16:08.449-0300] {processor.py:175} INFO - Processing /home/carlosfalcone/.local/lib/python3.7/site-packages/airflow/example_dags/example_complex.py took 0.072 seconds
[2024-03-20T22:16:53.777-0300] {processor.py:153} INFO - Started process (PID=1492) to work on /home/carlosfalcone/.local/lib/python3.7/site-packages/airflow/example_dags/example_complex.py
[2024-03-20T22:16:53.778-0300] {processor.py:743} INFO - Processing file /home/carlosfalcone/.local/lib/python3.7/site-packages/airflow/example_dags/example_complex.py for tasks to queue
[2024-03-20T22:16:53.779-0300] {logging_mixin.py:137} INFO - [2024-03-20T22:16:53.779-0300] {dagbag.py:532} INFO - Filling up the DagBag from /home/carlosfalcone/.local/lib/python3.7/site-packages/airflow/example_dags/example_complex.py
[2024-03-20T22:16:53.786-0300] {logging_mixin.py:137} INFO - [2024-03-20T22:16:53.786-0300] {taskmixin.py:211} WARNING - Dependency <Task(BashOperator): create_entry_group>, delete_entry_group already registered for DAG: example_complex
[2024-03-20T22:16:53.786-0300] {logging_mixin.py:137} INFO - [2024-03-20T22:16:53.786-0300] {taskmixin.py:211} WARNING - Dependency <Task(BashOperator): delete_entry_group>, create_entry_group already registered for DAG: example_complex
[2024-03-20T22:16:53.786-0300] {logging_mixin.py:137} INFO - [2024-03-20T22:16:53.786-0300] {taskmixin.py:211} WARNING - Dependency <Task(BashOperator): create_entry_gcs>, delete_entry already registered for DAG: example_complex
[2024-03-20T22:16:53.786-0300] {logging_mixin.py:137} INFO - [2024-03-20T22:16:53.786-0300] {taskmixin.py:211} WARNING - Dependency <Task(BashOperator): delete_entry>, create_entry_gcs already registered for DAG: example_complex
[2024-03-20T22:16:53.787-0300] {logging_mixin.py:137} INFO - [2024-03-20T22:16:53.786-0300] {taskmixin.py:211} WARNING - Dependency <Task(BashOperator): create_tag>, delete_tag already registered for DAG: example_complex
[2024-03-20T22:16:53.787-0300] {logging_mixin.py:137} INFO - [2024-03-20T22:16:53.787-0300] {taskmixin.py:211} WARNING - Dependency <Task(BashOperator): delete_tag>, create_tag already registered for DAG: example_complex
[2024-03-20T22:16:53.791-0300] {processor.py:753} INFO - DAG(s) dict_keys(['example_complex']) retrieved from /home/carlosfalcone/.local/lib/python3.7/site-packages/airflow/example_dags/example_complex.py
[2024-03-20T22:16:53.808-0300] {logging_mixin.py:137} INFO - [2024-03-20T22:16:53.808-0300] {dag.py:2705} INFO - Sync 1 DAGs
[2024-03-20T22:16:53.822-0300] {logging_mixin.py:137} INFO - [2024-03-20T22:16:53.822-0300] {dag.py:3456} INFO - Setting next_dagrun for example_complex to None, run_after=None
[2024-03-20T22:16:53.838-0300] {processor.py:175} INFO - Processing /home/carlosfalcone/.local/lib/python3.7/site-packages/airflow/example_dags/example_complex.py took 0.062 seconds
[2024-03-20T22:17:31.519-0300] {processor.py:153} INFO - Started process (PID=1586) to work on /home/carlosfalcone/.local/lib/python3.7/site-packages/airflow/example_dags/example_complex.py
[2024-03-20T22:17:31.520-0300] {processor.py:743} INFO - Processing file /home/carlosfalcone/.local/lib/python3.7/site-packages/airflow/example_dags/example_complex.py for tasks to queue
[2024-03-20T22:17:31.521-0300] {logging_mixin.py:137} INFO - [2024-03-20T22:17:31.521-0300] {dagbag.py:532} INFO - Filling up the DagBag from /home/carlosfalcone/.local/lib/python3.7/site-packages/airflow/example_dags/example_complex.py
[2024-03-20T22:17:31.528-0300] {logging_mixin.py:137} INFO - [2024-03-20T22:17:31.528-0300] {taskmixin.py:211} WARNING - Dependency <Task(BashOperator): create_entry_group>, delete_entry_group already registered for DAG: example_complex
[2024-03-20T22:17:31.528-0300] {logging_mixin.py:137} INFO - [2024-03-20T22:17:31.528-0300] {taskmixin.py:211} WARNING - Dependency <Task(BashOperator): delete_entry_group>, create_entry_group already registered for DAG: example_complex
[2024-03-20T22:17:31.528-0300] {logging_mixin.py:137} INFO - [2024-03-20T22:17:31.528-0300] {taskmixin.py:211} WARNING - Dependency <Task(BashOperator): create_entry_gcs>, delete_entry already registered for DAG: example_complex
[2024-03-20T22:17:31.528-0300] {logging_mixin.py:137} INFO - [2024-03-20T22:17:31.528-0300] {taskmixin.py:211} WARNING - Dependency <Task(BashOperator): delete_entry>, create_entry_gcs already registered for DAG: example_complex
[2024-03-20T22:17:31.528-0300] {logging_mixin.py:137} INFO - [2024-03-20T22:17:31.528-0300] {taskmixin.py:211} WARNING - Dependency <Task(BashOperator): create_tag>, delete_tag already registered for DAG: example_complex
[2024-03-20T22:17:31.529-0300] {logging_mixin.py:137} INFO - [2024-03-20T22:17:31.528-0300] {taskmixin.py:211} WARNING - Dependency <Task(BashOperator): delete_tag>, create_tag already registered for DAG: example_complex
[2024-03-20T22:17:31.532-0300] {processor.py:753} INFO - DAG(s) dict_keys(['example_complex']) retrieved from /home/carlosfalcone/.local/lib/python3.7/site-packages/airflow/example_dags/example_complex.py
[2024-03-20T22:17:31.551-0300] {logging_mixin.py:137} INFO - [2024-03-20T22:17:31.551-0300] {dag.py:2705} INFO - Sync 1 DAGs
[2024-03-20T22:17:31.565-0300] {logging_mixin.py:137} INFO - [2024-03-20T22:17:31.565-0300] {dag.py:3456} INFO - Setting next_dagrun for example_complex to None, run_after=None
[2024-03-20T22:17:31.583-0300] {processor.py:175} INFO - Processing /home/carlosfalcone/.local/lib/python3.7/site-packages/airflow/example_dags/example_complex.py took 0.065 seconds
[2024-03-20T22:18:06.833-0300] {processor.py:153} INFO - Started process (PID=1677) to work on /home/carlosfalcone/.local/lib/python3.7/site-packages/airflow/example_dags/example_complex.py
[2024-03-20T22:18:06.834-0300] {processor.py:743} INFO - Processing file /home/carlosfalcone/.local/lib/python3.7/site-packages/airflow/example_dags/example_complex.py for tasks to queue
[2024-03-20T22:18:06.835-0300] {logging_mixin.py:137} INFO - [2024-03-20T22:18:06.835-0300] {dagbag.py:532} INFO - Filling up the DagBag from /home/carlosfalcone/.local/lib/python3.7/site-packages/airflow/example_dags/example_complex.py
[2024-03-20T22:18:06.842-0300] {logging_mixin.py:137} INFO - [2024-03-20T22:18:06.842-0300] {taskmixin.py:211} WARNING - Dependency <Task(BashOperator): create_entry_group>, delete_entry_group already registered for DAG: example_complex
[2024-03-20T22:18:06.842-0300] {logging_mixin.py:137} INFO - [2024-03-20T22:18:06.842-0300] {taskmixin.py:211} WARNING - Dependency <Task(BashOperator): delete_entry_group>, create_entry_group already registered for DAG: example_complex
[2024-03-20T22:18:06.842-0300] {logging_mixin.py:137} INFO - [2024-03-20T22:18:06.842-0300] {taskmixin.py:211} WARNING - Dependency <Task(BashOperator): create_entry_gcs>, delete_entry already registered for DAG: example_complex
[2024-03-20T22:18:06.842-0300] {logging_mixin.py:137} INFO - [2024-03-20T22:18:06.842-0300] {taskmixin.py:211} WARNING - Dependency <Task(BashOperator): delete_entry>, create_entry_gcs already registered for DAG: example_complex
[2024-03-20T22:18:06.842-0300] {logging_mixin.py:137} INFO - [2024-03-20T22:18:06.842-0300] {taskmixin.py:211} WARNING - Dependency <Task(BashOperator): create_tag>, delete_tag already registered for DAG: example_complex
[2024-03-20T22:18:06.842-0300] {logging_mixin.py:137} INFO - [2024-03-20T22:18:06.842-0300] {taskmixin.py:211} WARNING - Dependency <Task(BashOperator): delete_tag>, create_tag already registered for DAG: example_complex
[2024-03-20T22:18:06.846-0300] {processor.py:753} INFO - DAG(s) dict_keys(['example_complex']) retrieved from /home/carlosfalcone/.local/lib/python3.7/site-packages/airflow/example_dags/example_complex.py
[2024-03-20T22:18:06.864-0300] {logging_mixin.py:137} INFO - [2024-03-20T22:18:06.864-0300] {dag.py:2705} INFO - Sync 1 DAGs
[2024-03-20T22:18:06.878-0300] {logging_mixin.py:137} INFO - [2024-03-20T22:18:06.878-0300] {dag.py:3456} INFO - Setting next_dagrun for example_complex to None, run_after=None
[2024-03-20T22:18:06.894-0300] {processor.py:175} INFO - Processing /home/carlosfalcone/.local/lib/python3.7/site-packages/airflow/example_dags/example_complex.py took 0.062 seconds
[2024-03-21T11:23:35.990-0300] {processor.py:153} INFO - Started process (PID=95) to work on /home/carlosfalcone/.local/lib/python3.7/site-packages/airflow/example_dags/example_complex.py
[2024-03-21T11:23:35.992-0300] {processor.py:743} INFO - Processing file /home/carlosfalcone/.local/lib/python3.7/site-packages/airflow/example_dags/example_complex.py for tasks to queue
[2024-03-21T11:23:35.992-0300] {logging_mixin.py:137} INFO - [2024-03-21T11:23:35.992-0300] {dagbag.py:532} INFO - Filling up the DagBag from /home/carlosfalcone/.local/lib/python3.7/site-packages/airflow/example_dags/example_complex.py
[2024-03-21T11:23:35.999-0300] {logging_mixin.py:137} INFO - [2024-03-21T11:23:35.999-0300] {taskmixin.py:211} WARNING - Dependency <Task(BashOperator): create_entry_group>, delete_entry_group already registered for DAG: example_complex
[2024-03-21T11:23:35.999-0300] {logging_mixin.py:137} INFO - [2024-03-21T11:23:35.999-0300] {taskmixin.py:211} WARNING - Dependency <Task(BashOperator): delete_entry_group>, create_entry_group already registered for DAG: example_complex
[2024-03-21T11:23:35.999-0300] {logging_mixin.py:137} INFO - [2024-03-21T11:23:35.999-0300] {taskmixin.py:211} WARNING - Dependency <Task(BashOperator): create_entry_gcs>, delete_entry already registered for DAG: example_complex
[2024-03-21T11:23:35.999-0300] {logging_mixin.py:137} INFO - [2024-03-21T11:23:35.999-0300] {taskmixin.py:211} WARNING - Dependency <Task(BashOperator): delete_entry>, create_entry_gcs already registered for DAG: example_complex
[2024-03-21T11:23:36.000-0300] {logging_mixin.py:137} INFO - [2024-03-21T11:23:35.999-0300] {taskmixin.py:211} WARNING - Dependency <Task(BashOperator): create_tag>, delete_tag already registered for DAG: example_complex
[2024-03-21T11:23:36.000-0300] {logging_mixin.py:137} INFO - [2024-03-21T11:23:36.000-0300] {taskmixin.py:211} WARNING - Dependency <Task(BashOperator): delete_tag>, create_tag already registered for DAG: example_complex
[2024-03-21T11:23:36.004-0300] {processor.py:753} INFO - DAG(s) dict_keys(['example_complex']) retrieved from /home/carlosfalcone/.local/lib/python3.7/site-packages/airflow/example_dags/example_complex.py
[2024-03-21T11:23:36.023-0300] {logging_mixin.py:137} INFO - [2024-03-21T11:23:36.023-0300] {dag.py:2705} INFO - Sync 1 DAGs
[2024-03-21T11:23:36.037-0300] {logging_mixin.py:137} INFO - [2024-03-21T11:23:36.037-0300] {dag.py:3456} INFO - Setting next_dagrun for example_complex to None, run_after=None
[2024-03-21T11:23:36.052-0300] {processor.py:175} INFO - Processing /home/carlosfalcone/.local/lib/python3.7/site-packages/airflow/example_dags/example_complex.py took 0.063 seconds
[2024-03-21T11:24:15.330-0300] {processor.py:153} INFO - Started process (PID=306) to work on /home/carlosfalcone/.local/lib/python3.7/site-packages/airflow/example_dags/example_complex.py
[2024-03-21T11:24:15.331-0300] {processor.py:743} INFO - Processing file /home/carlosfalcone/.local/lib/python3.7/site-packages/airflow/example_dags/example_complex.py for tasks to queue
[2024-03-21T11:24:15.332-0300] {logging_mixin.py:137} INFO - [2024-03-21T11:24:15.331-0300] {dagbag.py:532} INFO - Filling up the DagBag from /home/carlosfalcone/.local/lib/python3.7/site-packages/airflow/example_dags/example_complex.py
[2024-03-21T11:24:15.339-0300] {logging_mixin.py:137} INFO - [2024-03-21T11:24:15.338-0300] {taskmixin.py:211} WARNING - Dependency <Task(BashOperator): create_entry_group>, delete_entry_group already registered for DAG: example_complex
[2024-03-21T11:24:15.339-0300] {logging_mixin.py:137} INFO - [2024-03-21T11:24:15.339-0300] {taskmixin.py:211} WARNING - Dependency <Task(BashOperator): delete_entry_group>, create_entry_group already registered for DAG: example_complex
[2024-03-21T11:24:15.339-0300] {logging_mixin.py:137} INFO - [2024-03-21T11:24:15.339-0300] {taskmixin.py:211} WARNING - Dependency <Task(BashOperator): create_entry_gcs>, delete_entry already registered for DAG: example_complex
[2024-03-21T11:24:15.339-0300] {logging_mixin.py:137} INFO - [2024-03-21T11:24:15.339-0300] {taskmixin.py:211} WARNING - Dependency <Task(BashOperator): delete_entry>, create_entry_gcs already registered for DAG: example_complex
[2024-03-21T11:24:15.339-0300] {logging_mixin.py:137} INFO - [2024-03-21T11:24:15.339-0300] {taskmixin.py:211} WARNING - Dependency <Task(BashOperator): create_tag>, delete_tag already registered for DAG: example_complex
[2024-03-21T11:24:15.339-0300] {logging_mixin.py:137} INFO - [2024-03-21T11:24:15.339-0300] {taskmixin.py:211} WARNING - Dependency <Task(BashOperator): delete_tag>, create_tag already registered for DAG: example_complex
[2024-03-21T11:24:15.345-0300] {processor.py:753} INFO - DAG(s) dict_keys(['example_complex']) retrieved from /home/carlosfalcone/.local/lib/python3.7/site-packages/airflow/example_dags/example_complex.py
[2024-03-21T11:24:15.363-0300] {logging_mixin.py:137} INFO - [2024-03-21T11:24:15.363-0300] {dag.py:2705} INFO - Sync 1 DAGs
[2024-03-21T11:24:15.377-0300] {logging_mixin.py:137} INFO - [2024-03-21T11:24:15.377-0300] {dag.py:3456} INFO - Setting next_dagrun for example_complex to None, run_after=None
[2024-03-21T11:24:15.392-0300] {processor.py:175} INFO - Processing /home/carlosfalcone/.local/lib/python3.7/site-packages/airflow/example_dags/example_complex.py took 0.063 seconds
[2024-03-21T11:24:54.166-0300] {processor.py:153} INFO - Started process (PID=405) to work on /home/carlosfalcone/.local/lib/python3.7/site-packages/airflow/example_dags/example_complex.py
[2024-03-21T11:24:54.166-0300] {processor.py:743} INFO - Processing file /home/carlosfalcone/.local/lib/python3.7/site-packages/airflow/example_dags/example_complex.py for tasks to queue
[2024-03-21T11:24:54.167-0300] {logging_mixin.py:137} INFO - [2024-03-21T11:24:54.167-0300] {dagbag.py:532} INFO - Filling up the DagBag from /home/carlosfalcone/.local/lib/python3.7/site-packages/airflow/example_dags/example_complex.py
[2024-03-21T11:24:54.174-0300] {logging_mixin.py:137} INFO - [2024-03-21T11:24:54.174-0300] {taskmixin.py:211} WARNING - Dependency <Task(BashOperator): create_entry_group>, delete_entry_group already registered for DAG: example_complex
[2024-03-21T11:24:54.174-0300] {logging_mixin.py:137} INFO - [2024-03-21T11:24:54.174-0300] {taskmixin.py:211} WARNING - Dependency <Task(BashOperator): delete_entry_group>, create_entry_group already registered for DAG: example_complex
[2024-03-21T11:24:54.174-0300] {logging_mixin.py:137} INFO - [2024-03-21T11:24:54.174-0300] {taskmixin.py:211} WARNING - Dependency <Task(BashOperator): create_entry_gcs>, delete_entry already registered for DAG: example_complex
[2024-03-21T11:24:54.174-0300] {logging_mixin.py:137} INFO - [2024-03-21T11:24:54.174-0300] {taskmixin.py:211} WARNING - Dependency <Task(BashOperator): delete_entry>, create_entry_gcs already registered for DAG: example_complex
[2024-03-21T11:24:54.174-0300] {logging_mixin.py:137} INFO - [2024-03-21T11:24:54.174-0300] {taskmixin.py:211} WARNING - Dependency <Task(BashOperator): create_tag>, delete_tag already registered for DAG: example_complex
[2024-03-21T11:24:54.175-0300] {logging_mixin.py:137} INFO - [2024-03-21T11:24:54.174-0300] {taskmixin.py:211} WARNING - Dependency <Task(BashOperator): delete_tag>, create_tag already registered for DAG: example_complex
[2024-03-21T11:24:54.179-0300] {processor.py:753} INFO - DAG(s) dict_keys(['example_complex']) retrieved from /home/carlosfalcone/.local/lib/python3.7/site-packages/airflow/example_dags/example_complex.py
[2024-03-21T11:24:54.196-0300] {logging_mixin.py:137} INFO - [2024-03-21T11:24:54.196-0300] {dag.py:2705} INFO - Sync 1 DAGs
[2024-03-21T11:24:54.210-0300] {logging_mixin.py:137} INFO - [2024-03-21T11:24:54.210-0300] {dag.py:3456} INFO - Setting next_dagrun for example_complex to None, run_after=None
[2024-03-21T11:24:54.226-0300] {processor.py:175} INFO - Processing /home/carlosfalcone/.local/lib/python3.7/site-packages/airflow/example_dags/example_complex.py took 0.062 seconds
