[2024-03-20T22:09:15.350-0300] {processor.py:153} INFO - Started process (PID=313) to work on /home/carlosfalcone/.local/lib/python3.7/site-packages/airflow/example_dags/example_nested_branch_dag.py
[2024-03-20T22:09:15.351-0300] {processor.py:743} INFO - Processing file /home/carlosfalcone/.local/lib/python3.7/site-packages/airflow/example_dags/example_nested_branch_dag.py for tasks to queue
[2024-03-20T22:09:15.351-0300] {logging_mixin.py:137} INFO - [2024-03-20T22:09:15.351-0300] {dagbag.py:532} INFO - Filling up the DagBag from /home/carlosfalcone/.local/lib/python3.7/site-packages/airflow/example_dags/example_nested_branch_dag.py
[2024-03-20T22:09:15.366-0300] {processor.py:753} INFO - DAG(s) dict_keys(['example_nested_branch_dag']) retrieved from /home/carlosfalcone/.local/lib/python3.7/site-packages/airflow/example_dags/example_nested_branch_dag.py
[2024-03-20T22:09:15.435-0300] {logging_mixin.py:137} INFO - [2024-03-20T22:09:15.435-0300] {manager.py:504} INFO - Created Permission View: can delete on DAG:example_nested_branch_dag
[2024-03-20T22:09:15.444-0300] {logging_mixin.py:137} INFO - [2024-03-20T22:09:15.444-0300] {manager.py:504} INFO - Created Permission View: can read on DAG:example_nested_branch_dag
[2024-03-20T22:09:15.451-0300] {logging_mixin.py:137} INFO - [2024-03-20T22:09:15.451-0300] {manager.py:504} INFO - Created Permission View: can edit on DAG:example_nested_branch_dag
[2024-03-20T22:09:15.452-0300] {logging_mixin.py:137} INFO - [2024-03-20T22:09:15.452-0300] {dag.py:2705} INFO - Sync 1 DAGs
[2024-03-20T22:09:15.459-0300] {logging_mixin.py:137} INFO - [2024-03-20T22:09:15.459-0300] {dag.py:2726} INFO - Creating ORM DAG for example_nested_branch_dag
[2024-03-20T22:09:15.466-0300] {logging_mixin.py:137} INFO - [2024-03-20T22:09:15.466-0300] {dag.py:3456} INFO - Setting next_dagrun for example_nested_branch_dag to 2024-03-20T00:00:00+00:00, run_after=2024-03-21T00:00:00+00:00
[2024-03-20T22:09:15.484-0300] {processor.py:175} INFO - Processing /home/carlosfalcone/.local/lib/python3.7/site-packages/airflow/example_dags/example_nested_branch_dag.py took 0.135 seconds
[2024-03-20T22:09:58.871-0300] {processor.py:153} INFO - Started process (PID=517) to work on /home/carlosfalcone/.local/lib/python3.7/site-packages/airflow/example_dags/example_nested_branch_dag.py
[2024-03-20T22:09:58.872-0300] {processor.py:743} INFO - Processing file /home/carlosfalcone/.local/lib/python3.7/site-packages/airflow/example_dags/example_nested_branch_dag.py for tasks to queue
[2024-03-20T22:09:58.872-0300] {logging_mixin.py:137} INFO - [2024-03-20T22:09:58.872-0300] {dagbag.py:532} INFO - Filling up the DagBag from /home/carlosfalcone/.local/lib/python3.7/site-packages/airflow/example_dags/example_nested_branch_dag.py
[2024-03-20T22:09:58.888-0300] {processor.py:753} INFO - DAG(s) dict_keys(['example_nested_branch_dag']) retrieved from /home/carlosfalcone/.local/lib/python3.7/site-packages/airflow/example_dags/example_nested_branch_dag.py
[2024-03-20T22:09:58.900-0300] {logging_mixin.py:137} INFO - [2024-03-20T22:09:58.900-0300] {dag.py:2705} INFO - Sync 1 DAGs
[2024-03-20T22:09:58.915-0300] {logging_mixin.py:137} INFO - [2024-03-20T22:09:58.915-0300] {dag.py:3456} INFO - Setting next_dagrun for example_nested_branch_dag to 2024-03-20T00:00:00+00:00, run_after=2024-03-21T00:00:00+00:00
[2024-03-20T22:09:58.930-0300] {processor.py:175} INFO - Processing /home/carlosfalcone/.local/lib/python3.7/site-packages/airflow/example_dags/example_nested_branch_dag.py took 0.061 seconds
[2024-03-20T22:10:38.935-0300] {processor.py:153} INFO - Started process (PID=616) to work on /home/carlosfalcone/.local/lib/python3.7/site-packages/airflow/example_dags/example_nested_branch_dag.py
[2024-03-20T22:10:38.936-0300] {processor.py:743} INFO - Processing file /home/carlosfalcone/.local/lib/python3.7/site-packages/airflow/example_dags/example_nested_branch_dag.py for tasks to queue
[2024-03-20T22:10:38.936-0300] {logging_mixin.py:137} INFO - [2024-03-20T22:10:38.936-0300] {dagbag.py:532} INFO - Filling up the DagBag from /home/carlosfalcone/.local/lib/python3.7/site-packages/airflow/example_dags/example_nested_branch_dag.py
[2024-03-20T22:10:38.951-0300] {processor.py:753} INFO - DAG(s) dict_keys(['example_nested_branch_dag']) retrieved from /home/carlosfalcone/.local/lib/python3.7/site-packages/airflow/example_dags/example_nested_branch_dag.py
[2024-03-20T22:10:38.963-0300] {logging_mixin.py:137} INFO - [2024-03-20T22:10:38.963-0300] {dag.py:2705} INFO - Sync 1 DAGs
[2024-03-20T22:10:38.978-0300] {logging_mixin.py:137} INFO - [2024-03-20T22:10:38.978-0300] {dag.py:3456} INFO - Setting next_dagrun for example_nested_branch_dag to 2024-03-20T00:00:00+00:00, run_after=2024-03-21T00:00:00+00:00
[2024-03-20T22:10:38.994-0300] {processor.py:175} INFO - Processing /home/carlosfalcone/.local/lib/python3.7/site-packages/airflow/example_dags/example_nested_branch_dag.py took 0.061 seconds
[2024-03-20T22:11:18.804-0300] {processor.py:153} INFO - Started process (PID=718) to work on /home/carlosfalcone/.local/lib/python3.7/site-packages/airflow/example_dags/example_nested_branch_dag.py
[2024-03-20T22:11:18.805-0300] {processor.py:743} INFO - Processing file /home/carlosfalcone/.local/lib/python3.7/site-packages/airflow/example_dags/example_nested_branch_dag.py for tasks to queue
[2024-03-20T22:11:18.805-0300] {logging_mixin.py:137} INFO - [2024-03-20T22:11:18.805-0300] {dagbag.py:532} INFO - Filling up the DagBag from /home/carlosfalcone/.local/lib/python3.7/site-packages/airflow/example_dags/example_nested_branch_dag.py
[2024-03-20T22:11:18.820-0300] {processor.py:753} INFO - DAG(s) dict_keys(['example_nested_branch_dag']) retrieved from /home/carlosfalcone/.local/lib/python3.7/site-packages/airflow/example_dags/example_nested_branch_dag.py
[2024-03-20T22:11:18.833-0300] {logging_mixin.py:137} INFO - [2024-03-20T22:11:18.833-0300] {dag.py:2705} INFO - Sync 1 DAGs
[2024-03-20T22:11:18.848-0300] {logging_mixin.py:137} INFO - [2024-03-20T22:11:18.848-0300] {dag.py:3456} INFO - Setting next_dagrun for example_nested_branch_dag to 2024-03-20T00:00:00+00:00, run_after=2024-03-21T00:00:00+00:00
[2024-03-20T22:11:18.864-0300] {processor.py:175} INFO - Processing /home/carlosfalcone/.local/lib/python3.7/site-packages/airflow/example_dags/example_nested_branch_dag.py took 0.062 seconds
[2024-03-20T22:12:03.814-0300] {processor.py:153} INFO - Started process (PID=824) to work on /home/carlosfalcone/.local/lib/python3.7/site-packages/airflow/example_dags/example_nested_branch_dag.py
[2024-03-20T22:12:03.816-0300] {processor.py:743} INFO - Processing file /home/carlosfalcone/.local/lib/python3.7/site-packages/airflow/example_dags/example_nested_branch_dag.py for tasks to queue
[2024-03-20T22:12:03.816-0300] {logging_mixin.py:137} INFO - [2024-03-20T22:12:03.816-0300] {dagbag.py:532} INFO - Filling up the DagBag from /home/carlosfalcone/.local/lib/python3.7/site-packages/airflow/example_dags/example_nested_branch_dag.py
[2024-03-20T22:12:03.830-0300] {processor.py:753} INFO - DAG(s) dict_keys(['example_nested_branch_dag']) retrieved from /home/carlosfalcone/.local/lib/python3.7/site-packages/airflow/example_dags/example_nested_branch_dag.py
[2024-03-20T22:12:03.843-0300] {logging_mixin.py:137} INFO - [2024-03-20T22:12:03.843-0300] {dag.py:2705} INFO - Sync 1 DAGs
[2024-03-20T22:12:03.858-0300] {logging_mixin.py:137} INFO - [2024-03-20T22:12:03.857-0300] {dag.py:3456} INFO - Setting next_dagrun for example_nested_branch_dag to 2024-03-20T00:00:00+00:00, run_after=2024-03-21T00:00:00+00:00
[2024-03-20T22:12:03.872-0300] {processor.py:175} INFO - Processing /home/carlosfalcone/.local/lib/python3.7/site-packages/airflow/example_dags/example_nested_branch_dag.py took 0.060 seconds
[2024-03-20T22:12:42.025-0300] {processor.py:153} INFO - Started process (PID=923) to work on /home/carlosfalcone/.local/lib/python3.7/site-packages/airflow/example_dags/example_nested_branch_dag.py
[2024-03-20T22:12:42.027-0300] {processor.py:743} INFO - Processing file /home/carlosfalcone/.local/lib/python3.7/site-packages/airflow/example_dags/example_nested_branch_dag.py for tasks to queue
[2024-03-20T22:12:42.027-0300] {logging_mixin.py:137} INFO - [2024-03-20T22:12:42.027-0300] {dagbag.py:532} INFO - Filling up the DagBag from /home/carlosfalcone/.local/lib/python3.7/site-packages/airflow/example_dags/example_nested_branch_dag.py
[2024-03-20T22:12:42.042-0300] {processor.py:753} INFO - DAG(s) dict_keys(['example_nested_branch_dag']) retrieved from /home/carlosfalcone/.local/lib/python3.7/site-packages/airflow/example_dags/example_nested_branch_dag.py
[2024-03-20T22:12:42.054-0300] {logging_mixin.py:137} INFO - [2024-03-20T22:12:42.054-0300] {dag.py:2705} INFO - Sync 1 DAGs
[2024-03-20T22:12:42.069-0300] {logging_mixin.py:137} INFO - [2024-03-20T22:12:42.068-0300] {dag.py:3456} INFO - Setting next_dagrun for example_nested_branch_dag to 2024-03-20T00:00:00+00:00, run_after=2024-03-21T00:00:00+00:00
[2024-03-20T22:12:42.084-0300] {processor.py:175} INFO - Processing /home/carlosfalcone/.local/lib/python3.7/site-packages/airflow/example_dags/example_nested_branch_dag.py took 0.060 seconds
[2024-03-20T22:13:25.922-0300] {processor.py:153} INFO - Started process (PID=1031) to work on /home/carlosfalcone/.local/lib/python3.7/site-packages/airflow/example_dags/example_nested_branch_dag.py
[2024-03-20T22:13:25.923-0300] {processor.py:743} INFO - Processing file /home/carlosfalcone/.local/lib/python3.7/site-packages/airflow/example_dags/example_nested_branch_dag.py for tasks to queue
[2024-03-20T22:13:25.923-0300] {logging_mixin.py:137} INFO - [2024-03-20T22:13:25.923-0300] {dagbag.py:532} INFO - Filling up the DagBag from /home/carlosfalcone/.local/lib/python3.7/site-packages/airflow/example_dags/example_nested_branch_dag.py
[2024-03-20T22:13:25.938-0300] {processor.py:753} INFO - DAG(s) dict_keys(['example_nested_branch_dag']) retrieved from /home/carlosfalcone/.local/lib/python3.7/site-packages/airflow/example_dags/example_nested_branch_dag.py
[2024-03-20T22:13:25.950-0300] {logging_mixin.py:137} INFO - [2024-03-20T22:13:25.950-0300] {dag.py:2705} INFO - Sync 1 DAGs
[2024-03-20T22:13:25.965-0300] {logging_mixin.py:137} INFO - [2024-03-20T22:13:25.965-0300] {dag.py:3456} INFO - Setting next_dagrun for example_nested_branch_dag to 2024-03-20T00:00:00+00:00, run_after=2024-03-21T00:00:00+00:00
[2024-03-20T22:13:25.983-0300] {processor.py:175} INFO - Processing /home/carlosfalcone/.local/lib/python3.7/site-packages/airflow/example_dags/example_nested_branch_dag.py took 0.062 seconds
[2024-03-20T22:14:05.307-0300] {processor.py:153} INFO - Started process (PID=1109) to work on /home/carlosfalcone/.local/lib/python3.7/site-packages/airflow/example_dags/example_nested_branch_dag.py
[2024-03-20T22:14:05.308-0300] {processor.py:743} INFO - Processing file /home/carlosfalcone/.local/lib/python3.7/site-packages/airflow/example_dags/example_nested_branch_dag.py for tasks to queue
[2024-03-20T22:14:05.308-0300] {logging_mixin.py:137} INFO - [2024-03-20T22:14:05.308-0300] {dagbag.py:532} INFO - Filling up the DagBag from /home/carlosfalcone/.local/lib/python3.7/site-packages/airflow/example_dags/example_nested_branch_dag.py
[2024-03-20T22:14:05.322-0300] {processor.py:753} INFO - DAG(s) dict_keys(['example_nested_branch_dag']) retrieved from /home/carlosfalcone/.local/lib/python3.7/site-packages/airflow/example_dags/example_nested_branch_dag.py
[2024-03-20T22:14:05.337-0300] {logging_mixin.py:137} INFO - [2024-03-20T22:14:05.337-0300] {dag.py:2705} INFO - Sync 1 DAGs
[2024-03-20T22:14:05.354-0300] {logging_mixin.py:137} INFO - [2024-03-20T22:14:05.354-0300] {dag.py:3456} INFO - Setting next_dagrun for example_nested_branch_dag to 2024-03-20T00:00:00+00:00, run_after=2024-03-21T00:00:00+00:00
[2024-03-20T22:14:05.370-0300] {processor.py:175} INFO - Processing /home/carlosfalcone/.local/lib/python3.7/site-packages/airflow/example_dags/example_nested_branch_dag.py took 0.065 seconds
[2024-03-20T22:14:51.350-0300] {processor.py:153} INFO - Started process (PID=1172) to work on /home/carlosfalcone/.local/lib/python3.7/site-packages/airflow/example_dags/example_nested_branch_dag.py
[2024-03-20T22:14:51.351-0300] {processor.py:743} INFO - Processing file /home/carlosfalcone/.local/lib/python3.7/site-packages/airflow/example_dags/example_nested_branch_dag.py for tasks to queue
[2024-03-20T22:14:51.351-0300] {logging_mixin.py:137} INFO - [2024-03-20T22:14:51.351-0300] {dagbag.py:532} INFO - Filling up the DagBag from /home/carlosfalcone/.local/lib/python3.7/site-packages/airflow/example_dags/example_nested_branch_dag.py
[2024-03-20T22:14:51.366-0300] {processor.py:753} INFO - DAG(s) dict_keys(['example_nested_branch_dag']) retrieved from /home/carlosfalcone/.local/lib/python3.7/site-packages/airflow/example_dags/example_nested_branch_dag.py
[2024-03-20T22:14:51.379-0300] {logging_mixin.py:137} INFO - [2024-03-20T22:14:51.379-0300] {dag.py:2705} INFO - Sync 1 DAGs
[2024-03-20T22:14:51.395-0300] {logging_mixin.py:137} INFO - [2024-03-20T22:14:51.395-0300] {dag.py:3456} INFO - Setting next_dagrun for example_nested_branch_dag to 2024-03-20T00:00:00+00:00, run_after=2024-03-21T00:00:00+00:00
[2024-03-20T22:14:51.409-0300] {processor.py:175} INFO - Processing /home/carlosfalcone/.local/lib/python3.7/site-packages/airflow/example_dags/example_nested_branch_dag.py took 0.061 seconds
[2024-03-20T22:15:37.559-0300] {processor.py:153} INFO - Started process (PID=1287) to work on /home/carlosfalcone/.local/lib/python3.7/site-packages/airflow/example_dags/example_nested_branch_dag.py
[2024-03-20T22:15:37.560-0300] {processor.py:743} INFO - Processing file /home/carlosfalcone/.local/lib/python3.7/site-packages/airflow/example_dags/example_nested_branch_dag.py for tasks to queue
[2024-03-20T22:15:37.560-0300] {logging_mixin.py:137} INFO - [2024-03-20T22:15:37.560-0300] {dagbag.py:532} INFO - Filling up the DagBag from /home/carlosfalcone/.local/lib/python3.7/site-packages/airflow/example_dags/example_nested_branch_dag.py
[2024-03-20T22:15:37.574-0300] {processor.py:753} INFO - DAG(s) dict_keys(['example_nested_branch_dag']) retrieved from /home/carlosfalcone/.local/lib/python3.7/site-packages/airflow/example_dags/example_nested_branch_dag.py
[2024-03-20T22:15:37.586-0300] {logging_mixin.py:137} INFO - [2024-03-20T22:15:37.586-0300] {dag.py:2705} INFO - Sync 1 DAGs
[2024-03-20T22:15:37.600-0300] {logging_mixin.py:137} INFO - [2024-03-20T22:15:37.600-0300] {dag.py:3456} INFO - Setting next_dagrun for example_nested_branch_dag to 2024-03-20T00:00:00+00:00, run_after=2024-03-21T00:00:00+00:00
[2024-03-20T22:15:37.615-0300] {processor.py:175} INFO - Processing /home/carlosfalcone/.local/lib/python3.7/site-packages/airflow/example_dags/example_nested_branch_dag.py took 0.058 seconds
[2024-03-20T22:16:23.507-0300] {processor.py:153} INFO - Started process (PID=1412) to work on /home/carlosfalcone/.local/lib/python3.7/site-packages/airflow/example_dags/example_nested_branch_dag.py
[2024-03-20T22:16:23.508-0300] {processor.py:743} INFO - Processing file /home/carlosfalcone/.local/lib/python3.7/site-packages/airflow/example_dags/example_nested_branch_dag.py for tasks to queue
[2024-03-20T22:16:23.509-0300] {logging_mixin.py:137} INFO - [2024-03-20T22:16:23.509-0300] {dagbag.py:532} INFO - Filling up the DagBag from /home/carlosfalcone/.local/lib/python3.7/site-packages/airflow/example_dags/example_nested_branch_dag.py
[2024-03-20T22:16:23.523-0300] {processor.py:753} INFO - DAG(s) dict_keys(['example_nested_branch_dag']) retrieved from /home/carlosfalcone/.local/lib/python3.7/site-packages/airflow/example_dags/example_nested_branch_dag.py
[2024-03-20T22:16:23.536-0300] {logging_mixin.py:137} INFO - [2024-03-20T22:16:23.536-0300] {dag.py:2705} INFO - Sync 1 DAGs
[2024-03-20T22:16:23.551-0300] {logging_mixin.py:137} INFO - [2024-03-20T22:16:23.551-0300] {dag.py:3456} INFO - Setting next_dagrun for example_nested_branch_dag to 2024-03-20T00:00:00+00:00, run_after=2024-03-21T00:00:00+00:00
[2024-03-20T22:16:23.567-0300] {processor.py:175} INFO - Processing /home/carlosfalcone/.local/lib/python3.7/site-packages/airflow/example_dags/example_nested_branch_dag.py took 0.062 seconds
[2024-03-20T22:17:08.850-0300] {processor.py:153} INFO - Started process (PID=1528) to work on /home/carlosfalcone/.local/lib/python3.7/site-packages/airflow/example_dags/example_nested_branch_dag.py
[2024-03-20T22:17:08.851-0300] {processor.py:743} INFO - Processing file /home/carlosfalcone/.local/lib/python3.7/site-packages/airflow/example_dags/example_nested_branch_dag.py for tasks to queue
[2024-03-20T22:17:08.852-0300] {logging_mixin.py:137} INFO - [2024-03-20T22:17:08.851-0300] {dagbag.py:532} INFO - Filling up the DagBag from /home/carlosfalcone/.local/lib/python3.7/site-packages/airflow/example_dags/example_nested_branch_dag.py
[2024-03-20T22:17:08.865-0300] {processor.py:753} INFO - DAG(s) dict_keys(['example_nested_branch_dag']) retrieved from /home/carlosfalcone/.local/lib/python3.7/site-packages/airflow/example_dags/example_nested_branch_dag.py
[2024-03-20T22:17:08.877-0300] {logging_mixin.py:137} INFO - [2024-03-20T22:17:08.877-0300] {dag.py:2705} INFO - Sync 1 DAGs
[2024-03-20T22:17:08.892-0300] {logging_mixin.py:137} INFO - [2024-03-20T22:17:08.892-0300] {dag.py:3456} INFO - Setting next_dagrun for example_nested_branch_dag to 2024-03-20T00:00:00+00:00, run_after=2024-03-21T00:00:00+00:00
[2024-03-20T22:17:08.909-0300] {processor.py:175} INFO - Processing /home/carlosfalcone/.local/lib/python3.7/site-packages/airflow/example_dags/example_nested_branch_dag.py took 0.060 seconds
[2024-03-20T22:17:47.255-0300] {processor.py:153} INFO - Started process (PID=1624) to work on /home/carlosfalcone/.local/lib/python3.7/site-packages/airflow/example_dags/example_nested_branch_dag.py
[2024-03-20T22:17:47.256-0300] {processor.py:743} INFO - Processing file /home/carlosfalcone/.local/lib/python3.7/site-packages/airflow/example_dags/example_nested_branch_dag.py for tasks to queue
[2024-03-20T22:17:47.256-0300] {logging_mixin.py:137} INFO - [2024-03-20T22:17:47.256-0300] {dagbag.py:532} INFO - Filling up the DagBag from /home/carlosfalcone/.local/lib/python3.7/site-packages/airflow/example_dags/example_nested_branch_dag.py
[2024-03-20T22:17:47.271-0300] {processor.py:753} INFO - DAG(s) dict_keys(['example_nested_branch_dag']) retrieved from /home/carlosfalcone/.local/lib/python3.7/site-packages/airflow/example_dags/example_nested_branch_dag.py
[2024-03-20T22:17:47.283-0300] {logging_mixin.py:137} INFO - [2024-03-20T22:17:47.283-0300] {dag.py:2705} INFO - Sync 1 DAGs
[2024-03-20T22:17:47.298-0300] {logging_mixin.py:137} INFO - [2024-03-20T22:17:47.298-0300] {dag.py:3456} INFO - Setting next_dagrun for example_nested_branch_dag to 2024-03-20T00:00:00+00:00, run_after=2024-03-21T00:00:00+00:00
[2024-03-20T22:17:47.315-0300] {processor.py:175} INFO - Processing /home/carlosfalcone/.local/lib/python3.7/site-packages/airflow/example_dags/example_nested_branch_dag.py took 0.061 seconds
[2024-03-21T11:23:47.397-0300] {processor.py:153} INFO - Started process (PID=109) to work on /home/carlosfalcone/.local/lib/python3.7/site-packages/airflow/example_dags/example_nested_branch_dag.py
[2024-03-21T11:23:47.398-0300] {processor.py:743} INFO - Processing file /home/carlosfalcone/.local/lib/python3.7/site-packages/airflow/example_dags/example_nested_branch_dag.py for tasks to queue
[2024-03-21T11:23:47.398-0300] {logging_mixin.py:137} INFO - [2024-03-21T11:23:47.398-0300] {dagbag.py:532} INFO - Filling up the DagBag from /home/carlosfalcone/.local/lib/python3.7/site-packages/airflow/example_dags/example_nested_branch_dag.py
[2024-03-21T11:23:47.414-0300] {processor.py:753} INFO - DAG(s) dict_keys(['example_nested_branch_dag']) retrieved from /home/carlosfalcone/.local/lib/python3.7/site-packages/airflow/example_dags/example_nested_branch_dag.py
[2024-03-21T11:23:47.428-0300] {logging_mixin.py:137} INFO - [2024-03-21T11:23:47.428-0300] {dag.py:2705} INFO - Sync 1 DAGs
[2024-03-21T11:23:47.445-0300] {logging_mixin.py:137} INFO - [2024-03-21T11:23:47.445-0300] {dag.py:3456} INFO - Setting next_dagrun for example_nested_branch_dag to 2024-03-20T00:00:00+00:00, run_after=2024-03-21T00:00:00+00:00
[2024-03-21T11:23:47.462-0300] {processor.py:175} INFO - Processing /home/carlosfalcone/.local/lib/python3.7/site-packages/airflow/example_dags/example_nested_branch_dag.py took 0.067 seconds
[2024-03-21T11:24:25.609-0300] {processor.py:153} INFO - Started process (PID=334) to work on /home/carlosfalcone/.local/lib/python3.7/site-packages/airflow/example_dags/example_nested_branch_dag.py
[2024-03-21T11:24:25.610-0300] {processor.py:743} INFO - Processing file /home/carlosfalcone/.local/lib/python3.7/site-packages/airflow/example_dags/example_nested_branch_dag.py for tasks to queue
[2024-03-21T11:24:25.611-0300] {logging_mixin.py:137} INFO - [2024-03-21T11:24:25.611-0300] {dagbag.py:532} INFO - Filling up the DagBag from /home/carlosfalcone/.local/lib/python3.7/site-packages/airflow/example_dags/example_nested_branch_dag.py
[2024-03-21T11:24:25.626-0300] {processor.py:753} INFO - DAG(s) dict_keys(['example_nested_branch_dag']) retrieved from /home/carlosfalcone/.local/lib/python3.7/site-packages/airflow/example_dags/example_nested_branch_dag.py
[2024-03-21T11:24:25.638-0300] {logging_mixin.py:137} INFO - [2024-03-21T11:24:25.638-0300] {dag.py:2705} INFO - Sync 1 DAGs
[2024-03-21T11:24:25.653-0300] {logging_mixin.py:137} INFO - [2024-03-21T11:24:25.653-0300] {dag.py:3456} INFO - Setting next_dagrun for example_nested_branch_dag to 2024-03-20T00:00:00+00:00, run_after=2024-03-21T00:00:00+00:00
[2024-03-21T11:24:25.668-0300] {processor.py:175} INFO - Processing /home/carlosfalcone/.local/lib/python3.7/site-packages/airflow/example_dags/example_nested_branch_dag.py took 0.060 seconds
[2024-03-21T11:25:07.259-0300] {processor.py:153} INFO - Started process (PID=436) to work on /home/carlosfalcone/.local/lib/python3.7/site-packages/airflow/example_dags/example_nested_branch_dag.py
[2024-03-21T11:25:07.259-0300] {processor.py:743} INFO - Processing file /home/carlosfalcone/.local/lib/python3.7/site-packages/airflow/example_dags/example_nested_branch_dag.py for tasks to queue
[2024-03-21T11:25:07.260-0300] {logging_mixin.py:137} INFO - [2024-03-21T11:25:07.260-0300] {dagbag.py:532} INFO - Filling up the DagBag from /home/carlosfalcone/.local/lib/python3.7/site-packages/airflow/example_dags/example_nested_branch_dag.py
[2024-03-21T11:25:07.276-0300] {processor.py:753} INFO - DAG(s) dict_keys(['example_nested_branch_dag']) retrieved from /home/carlosfalcone/.local/lib/python3.7/site-packages/airflow/example_dags/example_nested_branch_dag.py
[2024-03-21T11:25:07.291-0300] {logging_mixin.py:137} INFO - [2024-03-21T11:25:07.290-0300] {dag.py:2705} INFO - Sync 1 DAGs
[2024-03-21T11:25:07.308-0300] {logging_mixin.py:137} INFO - [2024-03-21T11:25:07.308-0300] {dag.py:3456} INFO - Setting next_dagrun for example_nested_branch_dag to 2024-03-20T00:00:00+00:00, run_after=2024-03-21T00:00:00+00:00
[2024-03-21T11:25:07.324-0300] {processor.py:175} INFO - Processing /home/carlosfalcone/.local/lib/python3.7/site-packages/airflow/example_dags/example_nested_branch_dag.py took 0.067 seconds
