[2024-03-20T22:09:04.637-0300] {processor.py:153} INFO - Started process (PID=291) to work on /home/carlosfalcone/.local/lib/python3.7/site-packages/airflow/example_dags/example_sensors.py
[2024-03-20T22:09:04.637-0300] {processor.py:743} INFO - Processing file /home/carlosfalcone/.local/lib/python3.7/site-packages/airflow/example_dags/example_sensors.py for tasks to queue
[2024-03-20T22:09:04.638-0300] {logging_mixin.py:137} INFO - [2024-03-20T22:09:04.638-0300] {dagbag.py:532} INFO - Filling up the DagBag from /home/carlosfalcone/.local/lib/python3.7/site-packages/airflow/example_dags/example_sensors.py
[2024-03-20T22:09:04.653-0300] {processor.py:753} INFO - DAG(s) dict_keys(['example_sensors']) retrieved from /home/carlosfalcone/.local/lib/python3.7/site-packages/airflow/example_dags/example_sensors.py
[2024-03-20T22:09:04.721-0300] {logging_mixin.py:137} INFO - [2024-03-20T22:09:04.721-0300] {manager.py:504} INFO - Created Permission View: can delete on DAG:example_sensors
[2024-03-20T22:09:04.729-0300] {logging_mixin.py:137} INFO - [2024-03-20T22:09:04.729-0300] {manager.py:504} INFO - Created Permission View: can read on DAG:example_sensors
[2024-03-20T22:09:04.735-0300] {logging_mixin.py:137} INFO - [2024-03-20T22:09:04.735-0300] {manager.py:504} INFO - Created Permission View: can edit on DAG:example_sensors
[2024-03-20T22:09:04.735-0300] {logging_mixin.py:137} INFO - [2024-03-20T22:09:04.735-0300] {dag.py:2705} INFO - Sync 1 DAGs
[2024-03-20T22:09:04.742-0300] {logging_mixin.py:137} INFO - [2024-03-20T22:09:04.742-0300] {dag.py:2726} INFO - Creating ORM DAG for example_sensors
[2024-03-20T22:09:04.748-0300] {logging_mixin.py:137} INFO - [2024-03-20T22:09:04.748-0300] {dag.py:3456} INFO - Setting next_dagrun for example_sensors to None, run_after=None
[2024-03-20T22:09:04.763-0300] {processor.py:175} INFO - Processing /home/carlosfalcone/.local/lib/python3.7/site-packages/airflow/example_dags/example_sensors.py took 0.127 seconds
[2024-03-20T22:09:47.534-0300] {processor.py:153} INFO - Started process (PID=344) to work on /home/carlosfalcone/.local/lib/python3.7/site-packages/airflow/example_dags/example_sensors.py
[2024-03-20T22:09:47.535-0300] {processor.py:743} INFO - Processing file /home/carlosfalcone/.local/lib/python3.7/site-packages/airflow/example_dags/example_sensors.py for tasks to queue
[2024-03-20T22:09:47.535-0300] {logging_mixin.py:137} INFO - [2024-03-20T22:09:47.535-0300] {dagbag.py:532} INFO - Filling up the DagBag from /home/carlosfalcone/.local/lib/python3.7/site-packages/airflow/example_dags/example_sensors.py
[2024-03-20T22:09:47.548-0300] {processor.py:753} INFO - DAG(s) dict_keys(['example_sensors']) retrieved from /home/carlosfalcone/.local/lib/python3.7/site-packages/airflow/example_dags/example_sensors.py
[2024-03-20T22:09:47.563-0300] {logging_mixin.py:137} INFO - [2024-03-20T22:09:47.563-0300] {dag.py:2705} INFO - Sync 1 DAGs
[2024-03-20T22:09:47.576-0300] {logging_mixin.py:137} INFO - [2024-03-20T22:09:47.576-0300] {dag.py:3456} INFO - Setting next_dagrun for example_sensors to None, run_after=None
[2024-03-20T22:09:47.594-0300] {processor.py:175} INFO - Processing /home/carlosfalcone/.local/lib/python3.7/site-packages/airflow/example_dags/example_sensors.py took 0.062 seconds
[2024-03-20T22:10:27.524-0300] {processor.py:153} INFO - Started process (PID=590) to work on /home/carlosfalcone/.local/lib/python3.7/site-packages/airflow/example_dags/example_sensors.py
[2024-03-20T22:10:27.525-0300] {processor.py:743} INFO - Processing file /home/carlosfalcone/.local/lib/python3.7/site-packages/airflow/example_dags/example_sensors.py for tasks to queue
[2024-03-20T22:10:27.525-0300] {logging_mixin.py:137} INFO - [2024-03-20T22:10:27.525-0300] {dagbag.py:532} INFO - Filling up the DagBag from /home/carlosfalcone/.local/lib/python3.7/site-packages/airflow/example_dags/example_sensors.py
[2024-03-20T22:10:27.538-0300] {processor.py:753} INFO - DAG(s) dict_keys(['example_sensors']) retrieved from /home/carlosfalcone/.local/lib/python3.7/site-packages/airflow/example_dags/example_sensors.py
[2024-03-20T22:10:27.552-0300] {logging_mixin.py:137} INFO - [2024-03-20T22:10:27.551-0300] {dag.py:2705} INFO - Sync 1 DAGs
[2024-03-20T22:10:27.566-0300] {logging_mixin.py:137} INFO - [2024-03-20T22:10:27.565-0300] {dag.py:3456} INFO - Setting next_dagrun for example_sensors to None, run_after=None
[2024-03-20T22:10:27.581-0300] {processor.py:175} INFO - Processing /home/carlosfalcone/.local/lib/python3.7/site-packages/airflow/example_dags/example_sensors.py took 0.058 seconds
[2024-03-20T22:11:05.995-0300] {processor.py:153} INFO - Started process (PID=686) to work on /home/carlosfalcone/.local/lib/python3.7/site-packages/airflow/example_dags/example_sensors.py
[2024-03-20T22:11:05.996-0300] {processor.py:743} INFO - Processing file /home/carlosfalcone/.local/lib/python3.7/site-packages/airflow/example_dags/example_sensors.py for tasks to queue
[2024-03-20T22:11:05.996-0300] {logging_mixin.py:137} INFO - [2024-03-20T22:11:05.996-0300] {dagbag.py:532} INFO - Filling up the DagBag from /home/carlosfalcone/.local/lib/python3.7/site-packages/airflow/example_dags/example_sensors.py
[2024-03-20T22:11:06.008-0300] {processor.py:753} INFO - DAG(s) dict_keys(['example_sensors']) retrieved from /home/carlosfalcone/.local/lib/python3.7/site-packages/airflow/example_dags/example_sensors.py
[2024-03-20T22:11:06.023-0300] {logging_mixin.py:137} INFO - [2024-03-20T22:11:06.022-0300] {dag.py:2705} INFO - Sync 1 DAGs
[2024-03-20T22:11:06.038-0300] {logging_mixin.py:137} INFO - [2024-03-20T22:11:06.037-0300] {dag.py:3456} INFO - Setting next_dagrun for example_sensors to None, run_after=None
[2024-03-20T22:11:06.055-0300] {processor.py:175} INFO - Processing /home/carlosfalcone/.local/lib/python3.7/site-packages/airflow/example_dags/example_sensors.py took 0.062 seconds
[2024-03-20T22:11:47.871-0300] {processor.py:153} INFO - Started process (PID=783) to work on /home/carlosfalcone/.local/lib/python3.7/site-packages/airflow/example_dags/example_sensors.py
[2024-03-20T22:11:47.872-0300] {processor.py:743} INFO - Processing file /home/carlosfalcone/.local/lib/python3.7/site-packages/airflow/example_dags/example_sensors.py for tasks to queue
[2024-03-20T22:11:47.872-0300] {logging_mixin.py:137} INFO - [2024-03-20T22:11:47.872-0300] {dagbag.py:532} INFO - Filling up the DagBag from /home/carlosfalcone/.local/lib/python3.7/site-packages/airflow/example_dags/example_sensors.py
[2024-03-20T22:11:47.884-0300] {processor.py:753} INFO - DAG(s) dict_keys(['example_sensors']) retrieved from /home/carlosfalcone/.local/lib/python3.7/site-packages/airflow/example_dags/example_sensors.py
[2024-03-20T22:11:47.898-0300] {logging_mixin.py:137} INFO - [2024-03-20T22:11:47.898-0300] {dag.py:2705} INFO - Sync 1 DAGs
[2024-03-20T22:11:47.912-0300] {logging_mixin.py:137} INFO - [2024-03-20T22:11:47.912-0300] {dag.py:3456} INFO - Setting next_dagrun for example_sensors to None, run_after=None
[2024-03-20T22:11:47.928-0300] {processor.py:175} INFO - Processing /home/carlosfalcone/.local/lib/python3.7/site-packages/airflow/example_dags/example_sensors.py took 0.059 seconds
[2024-03-20T22:12:26.620-0300] {processor.py:153} INFO - Started process (PID=883) to work on /home/carlosfalcone/.local/lib/python3.7/site-packages/airflow/example_dags/example_sensors.py
[2024-03-20T22:12:26.622-0300] {processor.py:743} INFO - Processing file /home/carlosfalcone/.local/lib/python3.7/site-packages/airflow/example_dags/example_sensors.py for tasks to queue
[2024-03-20T22:12:26.622-0300] {logging_mixin.py:137} INFO - [2024-03-20T22:12:26.622-0300] {dagbag.py:532} INFO - Filling up the DagBag from /home/carlosfalcone/.local/lib/python3.7/site-packages/airflow/example_dags/example_sensors.py
[2024-03-20T22:12:26.634-0300] {processor.py:753} INFO - DAG(s) dict_keys(['example_sensors']) retrieved from /home/carlosfalcone/.local/lib/python3.7/site-packages/airflow/example_dags/example_sensors.py
[2024-03-20T22:12:26.648-0300] {logging_mixin.py:137} INFO - [2024-03-20T22:12:26.648-0300] {dag.py:2705} INFO - Sync 1 DAGs
[2024-03-20T22:12:26.661-0300] {logging_mixin.py:137} INFO - [2024-03-20T22:12:26.661-0300] {dag.py:3456} INFO - Setting next_dagrun for example_sensors to None, run_after=None
[2024-03-20T22:12:26.676-0300] {processor.py:175} INFO - Processing /home/carlosfalcone/.local/lib/python3.7/site-packages/airflow/example_dags/example_sensors.py took 0.057 seconds
[2024-03-20T22:13:04.538-0300] {processor.py:153} INFO - Started process (PID=979) to work on /home/carlosfalcone/.local/lib/python3.7/site-packages/airflow/example_dags/example_sensors.py
[2024-03-20T22:13:04.539-0300] {processor.py:743} INFO - Processing file /home/carlosfalcone/.local/lib/python3.7/site-packages/airflow/example_dags/example_sensors.py for tasks to queue
[2024-03-20T22:13:04.540-0300] {logging_mixin.py:137} INFO - [2024-03-20T22:13:04.540-0300] {dagbag.py:532} INFO - Filling up the DagBag from /home/carlosfalcone/.local/lib/python3.7/site-packages/airflow/example_dags/example_sensors.py
[2024-03-20T22:13:04.551-0300] {processor.py:753} INFO - DAG(s) dict_keys(['example_sensors']) retrieved from /home/carlosfalcone/.local/lib/python3.7/site-packages/airflow/example_dags/example_sensors.py
[2024-03-20T22:13:04.565-0300] {logging_mixin.py:137} INFO - [2024-03-20T22:13:04.565-0300] {dag.py:2705} INFO - Sync 1 DAGs
[2024-03-20T22:13:04.578-0300] {logging_mixin.py:137} INFO - [2024-03-20T22:13:04.578-0300] {dag.py:3456} INFO - Setting next_dagrun for example_sensors to None, run_after=None
[2024-03-20T22:13:04.593-0300] {processor.py:175} INFO - Processing /home/carlosfalcone/.local/lib/python3.7/site-packages/airflow/example_dags/example_sensors.py took 0.056 seconds
[2024-03-20T22:13:39.588-0300] {processor.py:153} INFO - Started process (PID=1067) to work on /home/carlosfalcone/.local/lib/python3.7/site-packages/airflow/example_dags/example_sensors.py
[2024-03-20T22:13:39.589-0300] {processor.py:743} INFO - Processing file /home/carlosfalcone/.local/lib/python3.7/site-packages/airflow/example_dags/example_sensors.py for tasks to queue
[2024-03-20T22:13:39.589-0300] {logging_mixin.py:137} INFO - [2024-03-20T22:13:39.589-0300] {dagbag.py:532} INFO - Filling up the DagBag from /home/carlosfalcone/.local/lib/python3.7/site-packages/airflow/example_dags/example_sensors.py
[2024-03-20T22:13:39.600-0300] {processor.py:753} INFO - DAG(s) dict_keys(['example_sensors']) retrieved from /home/carlosfalcone/.local/lib/python3.7/site-packages/airflow/example_dags/example_sensors.py
[2024-03-20T22:13:39.615-0300] {logging_mixin.py:137} INFO - [2024-03-20T22:13:39.615-0300] {dag.py:2705} INFO - Sync 1 DAGs
[2024-03-20T22:13:39.629-0300] {logging_mixin.py:137} INFO - [2024-03-20T22:13:39.628-0300] {dag.py:3456} INFO - Setting next_dagrun for example_sensors to None, run_after=None
[2024-03-20T22:13:39.644-0300] {processor.py:175} INFO - Processing /home/carlosfalcone/.local/lib/python3.7/site-packages/airflow/example_dags/example_sensors.py took 0.058 seconds
[2024-03-20T22:14:16.523-0300] {processor.py:153} INFO - Started process (PID=1120) to work on /home/carlosfalcone/.local/lib/python3.7/site-packages/airflow/example_dags/example_sensors.py
[2024-03-20T22:14:16.524-0300] {processor.py:743} INFO - Processing file /home/carlosfalcone/.local/lib/python3.7/site-packages/airflow/example_dags/example_sensors.py for tasks to queue
[2024-03-20T22:14:16.524-0300] {logging_mixin.py:137} INFO - [2024-03-20T22:14:16.524-0300] {dagbag.py:532} INFO - Filling up the DagBag from /home/carlosfalcone/.local/lib/python3.7/site-packages/airflow/example_dags/example_sensors.py
[2024-03-20T22:14:16.536-0300] {processor.py:753} INFO - DAG(s) dict_keys(['example_sensors']) retrieved from /home/carlosfalcone/.local/lib/python3.7/site-packages/airflow/example_dags/example_sensors.py
[2024-03-20T22:14:16.549-0300] {logging_mixin.py:137} INFO - [2024-03-20T22:14:16.549-0300] {dag.py:2705} INFO - Sync 1 DAGs
[2024-03-20T22:14:16.563-0300] {logging_mixin.py:137} INFO - [2024-03-20T22:14:16.563-0300] {dag.py:3456} INFO - Setting next_dagrun for example_sensors to None, run_after=None
[2024-03-20T22:14:16.580-0300] {processor.py:175} INFO - Processing /home/carlosfalcone/.local/lib/python3.7/site-packages/airflow/example_dags/example_sensors.py took 0.058 seconds
[2024-03-20T22:14:55.354-0300] {processor.py:153} INFO - Started process (PID=1183) to work on /home/carlosfalcone/.local/lib/python3.7/site-packages/airflow/example_dags/example_sensors.py
[2024-03-20T22:14:55.355-0300] {processor.py:743} INFO - Processing file /home/carlosfalcone/.local/lib/python3.7/site-packages/airflow/example_dags/example_sensors.py for tasks to queue
[2024-03-20T22:14:55.356-0300] {logging_mixin.py:137} INFO - [2024-03-20T22:14:55.355-0300] {dagbag.py:532} INFO - Filling up the DagBag from /home/carlosfalcone/.local/lib/python3.7/site-packages/airflow/example_dags/example_sensors.py
[2024-03-20T22:14:55.367-0300] {processor.py:753} INFO - DAG(s) dict_keys(['example_sensors']) retrieved from /home/carlosfalcone/.local/lib/python3.7/site-packages/airflow/example_dags/example_sensors.py
[2024-03-20T22:14:55.381-0300] {logging_mixin.py:137} INFO - [2024-03-20T22:14:55.381-0300] {dag.py:2705} INFO - Sync 1 DAGs
[2024-03-20T22:14:55.395-0300] {logging_mixin.py:137} INFO - [2024-03-20T22:14:55.395-0300] {dag.py:3456} INFO - Setting next_dagrun for example_sensors to None, run_after=None
[2024-03-20T22:14:55.412-0300] {processor.py:175} INFO - Processing /home/carlosfalcone/.local/lib/python3.7/site-packages/airflow/example_dags/example_sensors.py took 0.059 seconds
[2024-03-20T22:15:34.168-0300] {processor.py:153} INFO - Started process (PID=1281) to work on /home/carlosfalcone/.local/lib/python3.7/site-packages/airflow/example_dags/example_sensors.py
[2024-03-20T22:15:34.168-0300] {processor.py:743} INFO - Processing file /home/carlosfalcone/.local/lib/python3.7/site-packages/airflow/example_dags/example_sensors.py for tasks to queue
[2024-03-20T22:15:34.169-0300] {logging_mixin.py:137} INFO - [2024-03-20T22:15:34.169-0300] {dagbag.py:532} INFO - Filling up the DagBag from /home/carlosfalcone/.local/lib/python3.7/site-packages/airflow/example_dags/example_sensors.py
[2024-03-20T22:15:34.181-0300] {processor.py:753} INFO - DAG(s) dict_keys(['example_sensors']) retrieved from /home/carlosfalcone/.local/lib/python3.7/site-packages/airflow/example_dags/example_sensors.py
[2024-03-20T22:15:34.195-0300] {logging_mixin.py:137} INFO - [2024-03-20T22:15:34.195-0300] {dag.py:2705} INFO - Sync 1 DAGs
[2024-03-20T22:15:34.209-0300] {logging_mixin.py:137} INFO - [2024-03-20T22:15:34.209-0300] {dag.py:3456} INFO - Setting next_dagrun for example_sensors to None, run_after=None
[2024-03-20T22:15:34.225-0300] {processor.py:175} INFO - Processing /home/carlosfalcone/.local/lib/python3.7/site-packages/airflow/example_dags/example_sensors.py took 0.060 seconds
[2024-03-20T22:16:10.635-0300] {processor.py:153} INFO - Started process (PID=1377) to work on /home/carlosfalcone/.local/lib/python3.7/site-packages/airflow/example_dags/example_sensors.py
[2024-03-20T22:16:10.636-0300] {processor.py:743} INFO - Processing file /home/carlosfalcone/.local/lib/python3.7/site-packages/airflow/example_dags/example_sensors.py for tasks to queue
[2024-03-20T22:16:10.636-0300] {logging_mixin.py:137} INFO - [2024-03-20T22:16:10.636-0300] {dagbag.py:532} INFO - Filling up the DagBag from /home/carlosfalcone/.local/lib/python3.7/site-packages/airflow/example_dags/example_sensors.py
[2024-03-20T22:16:10.648-0300] {processor.py:753} INFO - DAG(s) dict_keys(['example_sensors']) retrieved from /home/carlosfalcone/.local/lib/python3.7/site-packages/airflow/example_dags/example_sensors.py
[2024-03-20T22:16:10.662-0300] {logging_mixin.py:137} INFO - [2024-03-20T22:16:10.662-0300] {dag.py:2705} INFO - Sync 1 DAGs
[2024-03-20T22:16:10.676-0300] {logging_mixin.py:137} INFO - [2024-03-20T22:16:10.676-0300] {dag.py:3456} INFO - Setting next_dagrun for example_sensors to None, run_after=None
[2024-03-20T22:16:10.691-0300] {processor.py:175} INFO - Processing /home/carlosfalcone/.local/lib/python3.7/site-packages/airflow/example_dags/example_sensors.py took 0.057 seconds
[2024-03-20T22:16:56.036-0300] {processor.py:153} INFO - Started process (PID=1497) to work on /home/carlosfalcone/.local/lib/python3.7/site-packages/airflow/example_dags/example_sensors.py
[2024-03-20T22:16:56.037-0300] {processor.py:743} INFO - Processing file /home/carlosfalcone/.local/lib/python3.7/site-packages/airflow/example_dags/example_sensors.py for tasks to queue
[2024-03-20T22:16:56.038-0300] {logging_mixin.py:137} INFO - [2024-03-20T22:16:56.038-0300] {dagbag.py:532} INFO - Filling up the DagBag from /home/carlosfalcone/.local/lib/python3.7/site-packages/airflow/example_dags/example_sensors.py
[2024-03-20T22:16:56.049-0300] {processor.py:753} INFO - DAG(s) dict_keys(['example_sensors']) retrieved from /home/carlosfalcone/.local/lib/python3.7/site-packages/airflow/example_dags/example_sensors.py
[2024-03-20T22:16:56.063-0300] {logging_mixin.py:137} INFO - [2024-03-20T22:16:56.063-0300] {dag.py:2705} INFO - Sync 1 DAGs
[2024-03-20T22:16:56.078-0300] {logging_mixin.py:137} INFO - [2024-03-20T22:16:56.077-0300] {dag.py:3456} INFO - Setting next_dagrun for example_sensors to None, run_after=None
[2024-03-20T22:16:56.093-0300] {processor.py:175} INFO - Processing /home/carlosfalcone/.local/lib/python3.7/site-packages/airflow/example_dags/example_sensors.py took 0.058 seconds
[2024-03-20T22:17:33.264-0300] {processor.py:153} INFO - Started process (PID=1591) to work on /home/carlosfalcone/.local/lib/python3.7/site-packages/airflow/example_dags/example_sensors.py
[2024-03-20T22:17:33.265-0300] {processor.py:743} INFO - Processing file /home/carlosfalcone/.local/lib/python3.7/site-packages/airflow/example_dags/example_sensors.py for tasks to queue
[2024-03-20T22:17:33.266-0300] {logging_mixin.py:137} INFO - [2024-03-20T22:17:33.266-0300] {dagbag.py:532} INFO - Filling up the DagBag from /home/carlosfalcone/.local/lib/python3.7/site-packages/airflow/example_dags/example_sensors.py
[2024-03-20T22:17:33.277-0300] {processor.py:753} INFO - DAG(s) dict_keys(['example_sensors']) retrieved from /home/carlosfalcone/.local/lib/python3.7/site-packages/airflow/example_dags/example_sensors.py
[2024-03-20T22:17:33.291-0300] {logging_mixin.py:137} INFO - [2024-03-20T22:17:33.291-0300] {dag.py:2705} INFO - Sync 1 DAGs
[2024-03-20T22:17:33.305-0300] {logging_mixin.py:137} INFO - [2024-03-20T22:17:33.305-0300] {dag.py:3456} INFO - Setting next_dagrun for example_sensors to None, run_after=None
[2024-03-20T22:17:33.322-0300] {processor.py:175} INFO - Processing /home/carlosfalcone/.local/lib/python3.7/site-packages/airflow/example_dags/example_sensors.py took 0.059 seconds
[2024-03-20T22:18:17.109-0300] {processor.py:153} INFO - Started process (PID=1703) to work on /home/carlosfalcone/.local/lib/python3.7/site-packages/airflow/example_dags/example_sensors.py
[2024-03-20T22:18:17.110-0300] {processor.py:743} INFO - Processing file /home/carlosfalcone/.local/lib/python3.7/site-packages/airflow/example_dags/example_sensors.py for tasks to queue
[2024-03-20T22:18:17.111-0300] {logging_mixin.py:137} INFO - [2024-03-20T22:18:17.111-0300] {dagbag.py:532} INFO - Filling up the DagBag from /home/carlosfalcone/.local/lib/python3.7/site-packages/airflow/example_dags/example_sensors.py
[2024-03-20T22:18:17.125-0300] {processor.py:753} INFO - DAG(s) dict_keys(['example_sensors']) retrieved from /home/carlosfalcone/.local/lib/python3.7/site-packages/airflow/example_dags/example_sensors.py
[2024-03-20T22:18:17.144-0300] {logging_mixin.py:137} INFO - [2024-03-20T22:18:17.144-0300] {dag.py:2705} INFO - Sync 1 DAGs
[2024-03-20T22:18:17.161-0300] {logging_mixin.py:137} INFO - [2024-03-20T22:18:17.161-0300] {dag.py:3456} INFO - Setting next_dagrun for example_sensors to None, run_after=None
[2024-03-20T22:18:17.178-0300] {processor.py:175} INFO - Processing /home/carlosfalcone/.local/lib/python3.7/site-packages/airflow/example_dags/example_sensors.py took 0.071 seconds
[2024-03-21T11:23:38.251-0300] {processor.py:153} INFO - Started process (PID=98) to work on /home/carlosfalcone/.local/lib/python3.7/site-packages/airflow/example_dags/example_sensors.py
[2024-03-21T11:23:38.252-0300] {processor.py:743} INFO - Processing file /home/carlosfalcone/.local/lib/python3.7/site-packages/airflow/example_dags/example_sensors.py for tasks to queue
[2024-03-21T11:23:38.253-0300] {logging_mixin.py:137} INFO - [2024-03-21T11:23:38.253-0300] {dagbag.py:532} INFO - Filling up the DagBag from /home/carlosfalcone/.local/lib/python3.7/site-packages/airflow/example_dags/example_sensors.py
[2024-03-21T11:23:38.268-0300] {processor.py:753} INFO - DAG(s) dict_keys(['example_sensors']) retrieved from /home/carlosfalcone/.local/lib/python3.7/site-packages/airflow/example_dags/example_sensors.py
[2024-03-21T11:23:38.283-0300] {logging_mixin.py:137} INFO - [2024-03-21T11:23:38.283-0300] {dag.py:2705} INFO - Sync 1 DAGs
[2024-03-21T11:23:38.299-0300] {logging_mixin.py:137} INFO - [2024-03-21T11:23:38.299-0300] {dag.py:3456} INFO - Setting next_dagrun for example_sensors to None, run_after=None
[2024-03-21T11:23:38.316-0300] {processor.py:175} INFO - Processing /home/carlosfalcone/.local/lib/python3.7/site-packages/airflow/example_dags/example_sensors.py took 0.067 seconds
[2024-03-21T11:24:15.946-0300] {processor.py:153} INFO - Started process (PID=308) to work on /home/carlosfalcone/.local/lib/python3.7/site-packages/airflow/example_dags/example_sensors.py
[2024-03-21T11:24:15.947-0300] {processor.py:743} INFO - Processing file /home/carlosfalcone/.local/lib/python3.7/site-packages/airflow/example_dags/example_sensors.py for tasks to queue
[2024-03-21T11:24:15.948-0300] {logging_mixin.py:137} INFO - [2024-03-21T11:24:15.947-0300] {dagbag.py:532} INFO - Filling up the DagBag from /home/carlosfalcone/.local/lib/python3.7/site-packages/airflow/example_dags/example_sensors.py
[2024-03-21T11:24:15.960-0300] {processor.py:753} INFO - DAG(s) dict_keys(['example_sensors']) retrieved from /home/carlosfalcone/.local/lib/python3.7/site-packages/airflow/example_dags/example_sensors.py
[2024-03-21T11:24:15.975-0300] {logging_mixin.py:137} INFO - [2024-03-21T11:24:15.975-0300] {dag.py:2705} INFO - Sync 1 DAGs
[2024-03-21T11:24:15.990-0300] {logging_mixin.py:137} INFO - [2024-03-21T11:24:15.990-0300] {dag.py:3456} INFO - Setting next_dagrun for example_sensors to None, run_after=None
[2024-03-21T11:24:16.006-0300] {processor.py:175} INFO - Processing /home/carlosfalcone/.local/lib/python3.7/site-packages/airflow/example_dags/example_sensors.py took 0.061 seconds
[2024-03-21T11:24:55.996-0300] {processor.py:153} INFO - Started process (PID=410) to work on /home/carlosfalcone/.local/lib/python3.7/site-packages/airflow/example_dags/example_sensors.py
[2024-03-21T11:24:55.997-0300] {processor.py:743} INFO - Processing file /home/carlosfalcone/.local/lib/python3.7/site-packages/airflow/example_dags/example_sensors.py for tasks to queue
[2024-03-21T11:24:55.997-0300] {logging_mixin.py:137} INFO - [2024-03-21T11:24:55.997-0300] {dagbag.py:532} INFO - Filling up the DagBag from /home/carlosfalcone/.local/lib/python3.7/site-packages/airflow/example_dags/example_sensors.py
[2024-03-21T11:24:56.009-0300] {processor.py:753} INFO - DAG(s) dict_keys(['example_sensors']) retrieved from /home/carlosfalcone/.local/lib/python3.7/site-packages/airflow/example_dags/example_sensors.py
[2024-03-21T11:24:56.023-0300] {logging_mixin.py:137} INFO - [2024-03-21T11:24:56.023-0300] {dag.py:2705} INFO - Sync 1 DAGs
[2024-03-21T11:24:56.037-0300] {logging_mixin.py:137} INFO - [2024-03-21T11:24:56.037-0300] {dag.py:3456} INFO - Setting next_dagrun for example_sensors to None, run_after=None
[2024-03-21T11:24:56.053-0300] {processor.py:175} INFO - Processing /home/carlosfalcone/.local/lib/python3.7/site-packages/airflow/example_dags/example_sensors.py took 0.058 seconds
