[2024-03-20T22:09:24.177-0300] {processor.py:153} INFO - Started process (PID=321) to work on /home/carlosfalcone/.local/lib/python3.7/site-packages/airflow/example_dags/example_latest_only_with_trigger.py
[2024-03-20T22:09:24.178-0300] {processor.py:743} INFO - Processing file /home/carlosfalcone/.local/lib/python3.7/site-packages/airflow/example_dags/example_latest_only_with_trigger.py for tasks to queue
[2024-03-20T22:09:24.178-0300] {logging_mixin.py:137} INFO - [2024-03-20T22:09:24.178-0300] {dagbag.py:532} INFO - Filling up the DagBag from /home/carlosfalcone/.local/lib/python3.7/site-packages/airflow/example_dags/example_latest_only_with_trigger.py
[2024-03-20T22:09:24.186-0300] {processor.py:753} INFO - DAG(s) dict_keys(['latest_only_with_trigger']) retrieved from /home/carlosfalcone/.local/lib/python3.7/site-packages/airflow/example_dags/example_latest_only_with_trigger.py
[2024-03-20T22:09:24.257-0300] {logging_mixin.py:137} INFO - [2024-03-20T22:09:24.257-0300] {manager.py:504} INFO - Created Permission View: can delete on DAG:latest_only_with_trigger
[2024-03-20T22:09:24.268-0300] {logging_mixin.py:137} INFO - [2024-03-20T22:09:24.268-0300] {manager.py:504} INFO - Created Permission View: can read on DAG:latest_only_with_trigger
[2024-03-20T22:09:24.276-0300] {logging_mixin.py:137} INFO - [2024-03-20T22:09:24.276-0300] {manager.py:504} INFO - Created Permission View: can edit on DAG:latest_only_with_trigger
[2024-03-20T22:09:24.276-0300] {logging_mixin.py:137} INFO - [2024-03-20T22:09:24.276-0300] {dag.py:2705} INFO - Sync 1 DAGs
[2024-03-20T22:09:24.285-0300] {logging_mixin.py:137} INFO - [2024-03-20T22:09:24.285-0300] {dag.py:2726} INFO - Creating ORM DAG for latest_only_with_trigger
[2024-03-20T22:09:24.293-0300] {logging_mixin.py:137} INFO - [2024-03-20T22:09:24.292-0300] {dag.py:3456} INFO - Setting next_dagrun for latest_only_with_trigger to 2024-03-20T21:09:24.292763+00:00, run_after=2024-03-21T01:09:24.292763+00:00
[2024-03-20T22:09:24.308-0300] {processor.py:175} INFO - Processing /home/carlosfalcone/.local/lib/python3.7/site-packages/airflow/example_dags/example_latest_only_with_trigger.py took 0.132 seconds
[2024-03-20T22:10:05.468-0300] {processor.py:153} INFO - Started process (PID=534) to work on /home/carlosfalcone/.local/lib/python3.7/site-packages/airflow/example_dags/example_latest_only_with_trigger.py
[2024-03-20T22:10:05.469-0300] {processor.py:743} INFO - Processing file /home/carlosfalcone/.local/lib/python3.7/site-packages/airflow/example_dags/example_latest_only_with_trigger.py for tasks to queue
[2024-03-20T22:10:05.469-0300] {logging_mixin.py:137} INFO - [2024-03-20T22:10:05.469-0300] {dagbag.py:532} INFO - Filling up the DagBag from /home/carlosfalcone/.local/lib/python3.7/site-packages/airflow/example_dags/example_latest_only_with_trigger.py
[2024-03-20T22:10:05.477-0300] {processor.py:753} INFO - DAG(s) dict_keys(['latest_only_with_trigger']) retrieved from /home/carlosfalcone/.local/lib/python3.7/site-packages/airflow/example_dags/example_latest_only_with_trigger.py
[2024-03-20T22:10:05.489-0300] {logging_mixin.py:137} INFO - [2024-03-20T22:10:05.489-0300] {dag.py:2705} INFO - Sync 1 DAGs
[2024-03-20T22:10:05.502-0300] {logging_mixin.py:137} INFO - [2024-03-20T22:10:05.502-0300] {dag.py:3456} INFO - Setting next_dagrun for latest_only_with_trigger to 2024-03-20T21:10:05.502493+00:00, run_after=2024-03-21T01:10:05.502493+00:00
[2024-03-20T22:10:05.520-0300] {processor.py:175} INFO - Processing /home/carlosfalcone/.local/lib/python3.7/site-packages/airflow/example_dags/example_latest_only_with_trigger.py took 0.053 seconds
[2024-03-20T22:10:49.768-0300] {processor.py:153} INFO - Started process (PID=645) to work on /home/carlosfalcone/.local/lib/python3.7/site-packages/airflow/example_dags/example_latest_only_with_trigger.py
[2024-03-20T22:10:49.769-0300] {processor.py:743} INFO - Processing file /home/carlosfalcone/.local/lib/python3.7/site-packages/airflow/example_dags/example_latest_only_with_trigger.py for tasks to queue
[2024-03-20T22:10:49.770-0300] {logging_mixin.py:137} INFO - [2024-03-20T22:10:49.769-0300] {dagbag.py:532} INFO - Filling up the DagBag from /home/carlosfalcone/.local/lib/python3.7/site-packages/airflow/example_dags/example_latest_only_with_trigger.py
[2024-03-20T22:10:49.778-0300] {processor.py:753} INFO - DAG(s) dict_keys(['latest_only_with_trigger']) retrieved from /home/carlosfalcone/.local/lib/python3.7/site-packages/airflow/example_dags/example_latest_only_with_trigger.py
[2024-03-20T22:10:49.791-0300] {logging_mixin.py:137} INFO - [2024-03-20T22:10:49.791-0300] {dag.py:2705} INFO - Sync 1 DAGs
[2024-03-20T22:10:49.806-0300] {logging_mixin.py:137} INFO - [2024-03-20T22:10:49.806-0300] {dag.py:3456} INFO - Setting next_dagrun for latest_only_with_trigger to 2024-03-20T21:10:49.806672+00:00, run_after=2024-03-21T01:10:49.806672+00:00
[2024-03-20T22:10:49.823-0300] {processor.py:175} INFO - Processing /home/carlosfalcone/.local/lib/python3.7/site-packages/airflow/example_dags/example_latest_only_with_trigger.py took 0.056 seconds
[2024-03-20T22:11:30.212-0300] {processor.py:153} INFO - Started process (PID=747) to work on /home/carlosfalcone/.local/lib/python3.7/site-packages/airflow/example_dags/example_latest_only_with_trigger.py
[2024-03-20T22:11:30.213-0300] {processor.py:743} INFO - Processing file /home/carlosfalcone/.local/lib/python3.7/site-packages/airflow/example_dags/example_latest_only_with_trigger.py for tasks to queue
[2024-03-20T22:11:30.214-0300] {logging_mixin.py:137} INFO - [2024-03-20T22:11:30.214-0300] {dagbag.py:532} INFO - Filling up the DagBag from /home/carlosfalcone/.local/lib/python3.7/site-packages/airflow/example_dags/example_latest_only_with_trigger.py
[2024-03-20T22:11:30.222-0300] {processor.py:753} INFO - DAG(s) dict_keys(['latest_only_with_trigger']) retrieved from /home/carlosfalcone/.local/lib/python3.7/site-packages/airflow/example_dags/example_latest_only_with_trigger.py
[2024-03-20T22:11:30.234-0300] {logging_mixin.py:137} INFO - [2024-03-20T22:11:30.234-0300] {dag.py:2705} INFO - Sync 1 DAGs
[2024-03-20T22:11:30.250-0300] {logging_mixin.py:137} INFO - [2024-03-20T22:11:30.249-0300] {dag.py:3456} INFO - Setting next_dagrun for latest_only_with_trigger to 2024-03-20T21:11:30.249697+00:00, run_after=2024-03-21T01:11:30.249697+00:00
[2024-03-20T22:11:30.265-0300] {processor.py:175} INFO - Processing /home/carlosfalcone/.local/lib/python3.7/site-packages/airflow/example_dags/example_latest_only_with_trigger.py took 0.055 seconds
[2024-03-20T22:12:15.213-0300] {processor.py:153} INFO - Started process (PID=852) to work on /home/carlosfalcone/.local/lib/python3.7/site-packages/airflow/example_dags/example_latest_only_with_trigger.py
[2024-03-20T22:12:15.214-0300] {processor.py:743} INFO - Processing file /home/carlosfalcone/.local/lib/python3.7/site-packages/airflow/example_dags/example_latest_only_with_trigger.py for tasks to queue
[2024-03-20T22:12:15.215-0300] {logging_mixin.py:137} INFO - [2024-03-20T22:12:15.215-0300] {dagbag.py:532} INFO - Filling up the DagBag from /home/carlosfalcone/.local/lib/python3.7/site-packages/airflow/example_dags/example_latest_only_with_trigger.py
[2024-03-20T22:12:15.223-0300] {processor.py:753} INFO - DAG(s) dict_keys(['latest_only_with_trigger']) retrieved from /home/carlosfalcone/.local/lib/python3.7/site-packages/airflow/example_dags/example_latest_only_with_trigger.py
[2024-03-20T22:12:15.235-0300] {logging_mixin.py:137} INFO - [2024-03-20T22:12:15.234-0300] {dag.py:2705} INFO - Sync 1 DAGs
[2024-03-20T22:12:15.248-0300] {logging_mixin.py:137} INFO - [2024-03-20T22:12:15.248-0300] {dag.py:3456} INFO - Setting next_dagrun for latest_only_with_trigger to 2024-03-20T21:12:15.248683+00:00, run_after=2024-03-21T01:12:15.248683+00:00
[2024-03-20T22:12:15.265-0300] {processor.py:175} INFO - Processing /home/carlosfalcone/.local/lib/python3.7/site-packages/airflow/example_dags/example_latest_only_with_trigger.py took 0.053 seconds
[2024-03-20T22:12:59.685-0300] {processor.py:153} INFO - Started process (PID=965) to work on /home/carlosfalcone/.local/lib/python3.7/site-packages/airflow/example_dags/example_latest_only_with_trigger.py
[2024-03-20T22:12:59.686-0300] {processor.py:743} INFO - Processing file /home/carlosfalcone/.local/lib/python3.7/site-packages/airflow/example_dags/example_latest_only_with_trigger.py for tasks to queue
[2024-03-20T22:12:59.687-0300] {logging_mixin.py:137} INFO - [2024-03-20T22:12:59.686-0300] {dagbag.py:532} INFO - Filling up the DagBag from /home/carlosfalcone/.local/lib/python3.7/site-packages/airflow/example_dags/example_latest_only_with_trigger.py
[2024-03-20T22:12:59.694-0300] {processor.py:753} INFO - DAG(s) dict_keys(['latest_only_with_trigger']) retrieved from /home/carlosfalcone/.local/lib/python3.7/site-packages/airflow/example_dags/example_latest_only_with_trigger.py
[2024-03-20T22:12:59.706-0300] {logging_mixin.py:137} INFO - [2024-03-20T22:12:59.706-0300] {dag.py:2705} INFO - Sync 1 DAGs
[2024-03-20T22:12:59.721-0300] {logging_mixin.py:137} INFO - [2024-03-20T22:12:59.721-0300] {dag.py:3456} INFO - Setting next_dagrun for latest_only_with_trigger to 2024-03-20T21:12:59.721153+00:00, run_after=2024-03-21T01:12:59.721153+00:00
[2024-03-20T22:12:59.735-0300] {processor.py:175} INFO - Processing /home/carlosfalcone/.local/lib/python3.7/site-packages/airflow/example_dags/example_latest_only_with_trigger.py took 0.052 seconds
[2024-03-20T22:13:46.179-0300] {processor.py:153} INFO - Started process (PID=1084) to work on /home/carlosfalcone/.local/lib/python3.7/site-packages/airflow/example_dags/example_latest_only_with_trigger.py
[2024-03-20T22:13:46.182-0300] {processor.py:743} INFO - Processing file /home/carlosfalcone/.local/lib/python3.7/site-packages/airflow/example_dags/example_latest_only_with_trigger.py for tasks to queue
[2024-03-20T22:13:46.183-0300] {logging_mixin.py:137} INFO - [2024-03-20T22:13:46.183-0300] {dagbag.py:532} INFO - Filling up the DagBag from /home/carlosfalcone/.local/lib/python3.7/site-packages/airflow/example_dags/example_latest_only_with_trigger.py
[2024-03-20T22:13:46.191-0300] {processor.py:753} INFO - DAG(s) dict_keys(['latest_only_with_trigger']) retrieved from /home/carlosfalcone/.local/lib/python3.7/site-packages/airflow/example_dags/example_latest_only_with_trigger.py
[2024-03-20T22:13:46.203-0300] {logging_mixin.py:137} INFO - [2024-03-20T22:13:46.202-0300] {dag.py:2705} INFO - Sync 1 DAGs
[2024-03-20T22:13:46.216-0300] {logging_mixin.py:137} INFO - [2024-03-20T22:13:46.216-0300] {dag.py:3456} INFO - Setting next_dagrun for latest_only_with_trigger to 2024-03-20T21:13:46.216494+00:00, run_after=2024-03-21T01:13:46.216494+00:00
[2024-03-20T22:13:46.232-0300] {processor.py:175} INFO - Processing /home/carlosfalcone/.local/lib/python3.7/site-packages/airflow/example_dags/example_latest_only_with_trigger.py took 0.055 seconds
[2024-03-20T22:14:28.538-0300] {processor.py:153} INFO - Started process (PID=1133) to work on /home/carlosfalcone/.local/lib/python3.7/site-packages/airflow/example_dags/example_latest_only_with_trigger.py
[2024-03-20T22:14:28.540-0300] {processor.py:743} INFO - Processing file /home/carlosfalcone/.local/lib/python3.7/site-packages/airflow/example_dags/example_latest_only_with_trigger.py for tasks to queue
[2024-03-20T22:14:28.540-0300] {logging_mixin.py:137} INFO - [2024-03-20T22:14:28.540-0300] {dagbag.py:532} INFO - Filling up the DagBag from /home/carlosfalcone/.local/lib/python3.7/site-packages/airflow/example_dags/example_latest_only_with_trigger.py
[2024-03-20T22:14:28.552-0300] {processor.py:753} INFO - DAG(s) dict_keys(['latest_only_with_trigger']) retrieved from /home/carlosfalcone/.local/lib/python3.7/site-packages/airflow/example_dags/example_latest_only_with_trigger.py
[2024-03-20T22:14:28.566-0300] {logging_mixin.py:137} INFO - [2024-03-20T22:14:28.566-0300] {dag.py:2705} INFO - Sync 1 DAGs
[2024-03-20T22:14:28.580-0300] {logging_mixin.py:137} INFO - [2024-03-20T22:14:28.580-0300] {dag.py:3456} INFO - Setting next_dagrun for latest_only_with_trigger to 2024-03-20T21:14:28.579893+00:00, run_after=2024-03-21T01:14:28.579893+00:00
[2024-03-20T22:14:28.597-0300] {processor.py:175} INFO - Processing /home/carlosfalcone/.local/lib/python3.7/site-packages/airflow/example_dags/example_latest_only_with_trigger.py took 0.060 seconds
[2024-03-20T22:15:09.109-0300] {processor.py:153} INFO - Started process (PID=1217) to work on /home/carlosfalcone/.local/lib/python3.7/site-packages/airflow/example_dags/example_latest_only_with_trigger.py
[2024-03-20T22:15:09.110-0300] {processor.py:743} INFO - Processing file /home/carlosfalcone/.local/lib/python3.7/site-packages/airflow/example_dags/example_latest_only_with_trigger.py for tasks to queue
[2024-03-20T22:15:09.110-0300] {logging_mixin.py:137} INFO - [2024-03-20T22:15:09.110-0300] {dagbag.py:532} INFO - Filling up the DagBag from /home/carlosfalcone/.local/lib/python3.7/site-packages/airflow/example_dags/example_latest_only_with_trigger.py
[2024-03-20T22:15:09.118-0300] {processor.py:753} INFO - DAG(s) dict_keys(['latest_only_with_trigger']) retrieved from /home/carlosfalcone/.local/lib/python3.7/site-packages/airflow/example_dags/example_latest_only_with_trigger.py
[2024-03-20T22:15:09.129-0300] {logging_mixin.py:137} INFO - [2024-03-20T22:15:09.129-0300] {dag.py:2705} INFO - Sync 1 DAGs
[2024-03-20T22:15:09.143-0300] {logging_mixin.py:137} INFO - [2024-03-20T22:15:09.143-0300] {dag.py:3456} INFO - Setting next_dagrun for latest_only_with_trigger to 2024-03-20T21:15:09.143505+00:00, run_after=2024-03-21T01:15:09.143505+00:00
[2024-03-20T22:15:09.159-0300] {processor.py:175} INFO - Processing /home/carlosfalcone/.local/lib/python3.7/site-packages/airflow/example_dags/example_latest_only_with_trigger.py took 0.052 seconds
[2024-03-20T22:15:50.700-0300] {processor.py:153} INFO - Started process (PID=1326) to work on /home/carlosfalcone/.local/lib/python3.7/site-packages/airflow/example_dags/example_latest_only_with_trigger.py
[2024-03-20T22:15:50.702-0300] {processor.py:743} INFO - Processing file /home/carlosfalcone/.local/lib/python3.7/site-packages/airflow/example_dags/example_latest_only_with_trigger.py for tasks to queue
[2024-03-20T22:15:50.702-0300] {logging_mixin.py:137} INFO - [2024-03-20T22:15:50.702-0300] {dagbag.py:532} INFO - Filling up the DagBag from /home/carlosfalcone/.local/lib/python3.7/site-packages/airflow/example_dags/example_latest_only_with_trigger.py
[2024-03-20T22:15:50.710-0300] {processor.py:753} INFO - DAG(s) dict_keys(['latest_only_with_trigger']) retrieved from /home/carlosfalcone/.local/lib/python3.7/site-packages/airflow/example_dags/example_latest_only_with_trigger.py
[2024-03-20T22:15:50.722-0300] {logging_mixin.py:137} INFO - [2024-03-20T22:15:50.722-0300] {dag.py:2705} INFO - Sync 1 DAGs
[2024-03-20T22:15:50.736-0300] {logging_mixin.py:137} INFO - [2024-03-20T22:15:50.736-0300] {dag.py:3456} INFO - Setting next_dagrun for latest_only_with_trigger to 2024-03-20T21:15:50.735819+00:00, run_after=2024-03-21T01:15:50.735819+00:00
[2024-03-20T22:15:50.753-0300] {processor.py:175} INFO - Processing /home/carlosfalcone/.local/lib/python3.7/site-packages/airflow/example_dags/example_latest_only_with_trigger.py took 0.054 seconds
[2024-03-20T22:16:34.900-0300] {processor.py:153} INFO - Started process (PID=1442) to work on /home/carlosfalcone/.local/lib/python3.7/site-packages/airflow/example_dags/example_latest_only_with_trigger.py
[2024-03-20T22:16:34.901-0300] {processor.py:743} INFO - Processing file /home/carlosfalcone/.local/lib/python3.7/site-packages/airflow/example_dags/example_latest_only_with_trigger.py for tasks to queue
[2024-03-20T22:16:34.901-0300] {logging_mixin.py:137} INFO - [2024-03-20T22:16:34.901-0300] {dagbag.py:532} INFO - Filling up the DagBag from /home/carlosfalcone/.local/lib/python3.7/site-packages/airflow/example_dags/example_latest_only_with_trigger.py
[2024-03-20T22:16:34.909-0300] {processor.py:753} INFO - DAG(s) dict_keys(['latest_only_with_trigger']) retrieved from /home/carlosfalcone/.local/lib/python3.7/site-packages/airflow/example_dags/example_latest_only_with_trigger.py
[2024-03-20T22:16:34.921-0300] {logging_mixin.py:137} INFO - [2024-03-20T22:16:34.921-0300] {dag.py:2705} INFO - Sync 1 DAGs
[2024-03-20T22:16:34.935-0300] {logging_mixin.py:137} INFO - [2024-03-20T22:16:34.935-0300] {dag.py:3456} INFO - Setting next_dagrun for latest_only_with_trigger to 2024-03-20T21:16:34.935216+00:00, run_after=2024-03-21T01:16:34.935216+00:00
[2024-03-20T22:16:34.950-0300] {processor.py:175} INFO - Processing /home/carlosfalcone/.local/lib/python3.7/site-packages/airflow/example_dags/example_latest_only_with_trigger.py took 0.052 seconds
[2024-03-20T22:17:23.979-0300] {processor.py:153} INFO - Started process (PID=1567) to work on /home/carlosfalcone/.local/lib/python3.7/site-packages/airflow/example_dags/example_latest_only_with_trigger.py
[2024-03-20T22:17:23.980-0300] {processor.py:743} INFO - Processing file /home/carlosfalcone/.local/lib/python3.7/site-packages/airflow/example_dags/example_latest_only_with_trigger.py for tasks to queue
[2024-03-20T22:17:23.981-0300] {logging_mixin.py:137} INFO - [2024-03-20T22:17:23.981-0300] {dagbag.py:532} INFO - Filling up the DagBag from /home/carlosfalcone/.local/lib/python3.7/site-packages/airflow/example_dags/example_latest_only_with_trigger.py
[2024-03-20T22:17:23.989-0300] {processor.py:753} INFO - DAG(s) dict_keys(['latest_only_with_trigger']) retrieved from /home/carlosfalcone/.local/lib/python3.7/site-packages/airflow/example_dags/example_latest_only_with_trigger.py
[2024-03-20T22:17:24.000-0300] {logging_mixin.py:137} INFO - [2024-03-20T22:17:24.000-0300] {dag.py:2705} INFO - Sync 1 DAGs
[2024-03-20T22:17:24.014-0300] {logging_mixin.py:137} INFO - [2024-03-20T22:17:24.014-0300] {dag.py:3456} INFO - Setting next_dagrun for latest_only_with_trigger to 2024-03-20T21:17:24.014251+00:00, run_after=2024-03-21T01:17:24.014251+00:00
[2024-03-20T22:17:24.030-0300] {processor.py:175} INFO - Processing /home/carlosfalcone/.local/lib/python3.7/site-packages/airflow/example_dags/example_latest_only_with_trigger.py took 0.052 seconds
[2024-03-20T22:18:10.842-0300] {processor.py:153} INFO - Started process (PID=1688) to work on /home/carlosfalcone/.local/lib/python3.7/site-packages/airflow/example_dags/example_latest_only_with_trigger.py
[2024-03-20T22:18:10.843-0300] {processor.py:743} INFO - Processing file /home/carlosfalcone/.local/lib/python3.7/site-packages/airflow/example_dags/example_latest_only_with_trigger.py for tasks to queue
[2024-03-20T22:18:10.844-0300] {logging_mixin.py:137} INFO - [2024-03-20T22:18:10.844-0300] {dagbag.py:532} INFO - Filling up the DagBag from /home/carlosfalcone/.local/lib/python3.7/site-packages/airflow/example_dags/example_latest_only_with_trigger.py
[2024-03-20T22:18:10.851-0300] {processor.py:753} INFO - DAG(s) dict_keys(['latest_only_with_trigger']) retrieved from /home/carlosfalcone/.local/lib/python3.7/site-packages/airflow/example_dags/example_latest_only_with_trigger.py
[2024-03-20T22:18:10.863-0300] {logging_mixin.py:137} INFO - [2024-03-20T22:18:10.863-0300] {dag.py:2705} INFO - Sync 1 DAGs
[2024-03-20T22:18:10.877-0300] {logging_mixin.py:137} INFO - [2024-03-20T22:18:10.877-0300] {dag.py:3456} INFO - Setting next_dagrun for latest_only_with_trigger to 2024-03-20T21:18:10.877444+00:00, run_after=2024-03-21T01:18:10.877444+00:00
[2024-03-20T22:18:10.894-0300] {processor.py:175} INFO - Processing /home/carlosfalcone/.local/lib/python3.7/site-packages/airflow/example_dags/example_latest_only_with_trigger.py took 0.053 seconds
[2024-03-21T11:23:55.117-0300] {processor.py:153} INFO - Started process (PID=117) to work on /home/carlosfalcone/.local/lib/python3.7/site-packages/airflow/example_dags/example_latest_only_with_trigger.py
[2024-03-21T11:23:55.119-0300] {processor.py:743} INFO - Processing file /home/carlosfalcone/.local/lib/python3.7/site-packages/airflow/example_dags/example_latest_only_with_trigger.py for tasks to queue
[2024-03-21T11:23:55.119-0300] {logging_mixin.py:137} INFO - [2024-03-21T11:23:55.119-0300] {dagbag.py:532} INFO - Filling up the DagBag from /home/carlosfalcone/.local/lib/python3.7/site-packages/airflow/example_dags/example_latest_only_with_trigger.py
[2024-03-21T11:23:55.128-0300] {processor.py:753} INFO - DAG(s) dict_keys(['latest_only_with_trigger']) retrieved from /home/carlosfalcone/.local/lib/python3.7/site-packages/airflow/example_dags/example_latest_only_with_trigger.py
[2024-03-21T11:23:55.139-0300] {logging_mixin.py:137} INFO - [2024-03-21T11:23:55.139-0300] {dag.py:2705} INFO - Sync 1 DAGs
[2024-03-21T11:23:55.152-0300] {logging_mixin.py:137} INFO - [2024-03-21T11:23:55.152-0300] {dag.py:3456} INFO - Setting next_dagrun for latest_only_with_trigger to 2024-03-21T10:23:55.152744+00:00, run_after=2024-03-21T14:23:55.152744+00:00
[2024-03-21T11:23:55.168-0300] {processor.py:175} INFO - Processing /home/carlosfalcone/.local/lib/python3.7/site-packages/airflow/example_dags/example_latest_only_with_trigger.py took 0.052 seconds
[2024-03-21T11:24:33.629-0300] {processor.py:153} INFO - Started process (PID=354) to work on /home/carlosfalcone/.local/lib/python3.7/site-packages/airflow/example_dags/example_latest_only_with_trigger.py
[2024-03-21T11:24:33.630-0300] {processor.py:743} INFO - Processing file /home/carlosfalcone/.local/lib/python3.7/site-packages/airflow/example_dags/example_latest_only_with_trigger.py for tasks to queue
[2024-03-21T11:24:33.630-0300] {logging_mixin.py:137} INFO - [2024-03-21T11:24:33.630-0300] {dagbag.py:532} INFO - Filling up the DagBag from /home/carlosfalcone/.local/lib/python3.7/site-packages/airflow/example_dags/example_latest_only_with_trigger.py
[2024-03-21T11:24:33.639-0300] {processor.py:753} INFO - DAG(s) dict_keys(['latest_only_with_trigger']) retrieved from /home/carlosfalcone/.local/lib/python3.7/site-packages/airflow/example_dags/example_latest_only_with_trigger.py
[2024-03-21T11:24:33.652-0300] {logging_mixin.py:137} INFO - [2024-03-21T11:24:33.652-0300] {dag.py:2705} INFO - Sync 1 DAGs
[2024-03-21T11:24:33.667-0300] {logging_mixin.py:137} INFO - [2024-03-21T11:24:33.667-0300] {dag.py:3456} INFO - Setting next_dagrun for latest_only_with_trigger to 2024-03-21T10:24:33.666827+00:00, run_after=2024-03-21T14:24:33.666827+00:00
[2024-03-21T11:24:33.683-0300] {processor.py:175} INFO - Processing /home/carlosfalcone/.local/lib/python3.7/site-packages/airflow/example_dags/example_latest_only_with_trigger.py took 0.056 seconds
