[2024-03-20T22:09:25.405-0300] {processor.py:153} INFO - Started process (PID=322) to work on /home/carlosfalcone/.local/lib/python3.7/site-packages/airflow/example_dags/example_trigger_target_dag.py
[2024-03-20T22:09:25.405-0300] {processor.py:743} INFO - Processing file /home/carlosfalcone/.local/lib/python3.7/site-packages/airflow/example_dags/example_trigger_target_dag.py for tasks to queue
[2024-03-20T22:09:25.406-0300] {logging_mixin.py:137} INFO - [2024-03-20T22:09:25.405-0300] {dagbag.py:532} INFO - Filling up the DagBag from /home/carlosfalcone/.local/lib/python3.7/site-packages/airflow/example_dags/example_trigger_target_dag.py
[2024-03-20T22:09:25.420-0300] {processor.py:753} INFO - DAG(s) dict_keys(['example_trigger_target_dag']) retrieved from /home/carlosfalcone/.local/lib/python3.7/site-packages/airflow/example_dags/example_trigger_target_dag.py
[2024-03-20T22:09:25.487-0300] {logging_mixin.py:137} INFO - [2024-03-20T22:09:25.487-0300] {manager.py:504} INFO - Created Permission View: can delete on DAG:example_trigger_target_dag
[2024-03-20T22:09:25.496-0300] {logging_mixin.py:137} INFO - [2024-03-20T22:09:25.496-0300] {manager.py:504} INFO - Created Permission View: can read on DAG:example_trigger_target_dag
[2024-03-20T22:09:25.504-0300] {logging_mixin.py:137} INFO - [2024-03-20T22:09:25.503-0300] {manager.py:504} INFO - Created Permission View: can edit on DAG:example_trigger_target_dag
[2024-03-20T22:09:25.504-0300] {logging_mixin.py:137} INFO - [2024-03-20T22:09:25.504-0300] {dag.py:2705} INFO - Sync 1 DAGs
[2024-03-20T22:09:25.511-0300] {logging_mixin.py:137} INFO - [2024-03-20T22:09:25.511-0300] {dag.py:2726} INFO - Creating ORM DAG for example_trigger_target_dag
[2024-03-20T22:09:25.517-0300] {logging_mixin.py:137} INFO - [2024-03-20T22:09:25.517-0300] {dag.py:3456} INFO - Setting next_dagrun for example_trigger_target_dag to None, run_after=None
[2024-03-20T22:09:25.534-0300] {processor.py:175} INFO - Processing /home/carlosfalcone/.local/lib/python3.7/site-packages/airflow/example_dags/example_trigger_target_dag.py took 0.131 seconds
[2024-03-20T22:10:06.597-0300] {processor.py:153} INFO - Started process (PID=535) to work on /home/carlosfalcone/.local/lib/python3.7/site-packages/airflow/example_dags/example_trigger_target_dag.py
[2024-03-20T22:10:06.598-0300] {processor.py:743} INFO - Processing file /home/carlosfalcone/.local/lib/python3.7/site-packages/airflow/example_dags/example_trigger_target_dag.py for tasks to queue
[2024-03-20T22:10:06.599-0300] {logging_mixin.py:137} INFO - [2024-03-20T22:10:06.599-0300] {dagbag.py:532} INFO - Filling up the DagBag from /home/carlosfalcone/.local/lib/python3.7/site-packages/airflow/example_dags/example_trigger_target_dag.py
[2024-03-20T22:10:06.612-0300] {processor.py:753} INFO - DAG(s) dict_keys(['example_trigger_target_dag']) retrieved from /home/carlosfalcone/.local/lib/python3.7/site-packages/airflow/example_dags/example_trigger_target_dag.py
[2024-03-20T22:10:06.623-0300] {logging_mixin.py:137} INFO - [2024-03-20T22:10:06.623-0300] {dag.py:2705} INFO - Sync 1 DAGs
[2024-03-20T22:10:06.638-0300] {logging_mixin.py:137} INFO - [2024-03-20T22:10:06.637-0300] {dag.py:3456} INFO - Setting next_dagrun for example_trigger_target_dag to None, run_after=None
[2024-03-20T22:10:06.656-0300] {processor.py:175} INFO - Processing /home/carlosfalcone/.local/lib/python3.7/site-packages/airflow/example_dags/example_trigger_target_dag.py took 0.061 seconds
[2024-03-20T22:10:50.863-0300] {processor.py:153} INFO - Started process (PID=646) to work on /home/carlosfalcone/.local/lib/python3.7/site-packages/airflow/example_dags/example_trigger_target_dag.py
[2024-03-20T22:10:50.864-0300] {processor.py:743} INFO - Processing file /home/carlosfalcone/.local/lib/python3.7/site-packages/airflow/example_dags/example_trigger_target_dag.py for tasks to queue
[2024-03-20T22:10:50.864-0300] {logging_mixin.py:137} INFO - [2024-03-20T22:10:50.864-0300] {dagbag.py:532} INFO - Filling up the DagBag from /home/carlosfalcone/.local/lib/python3.7/site-packages/airflow/example_dags/example_trigger_target_dag.py
[2024-03-20T22:10:50.877-0300] {processor.py:753} INFO - DAG(s) dict_keys(['example_trigger_target_dag']) retrieved from /home/carlosfalcone/.local/lib/python3.7/site-packages/airflow/example_dags/example_trigger_target_dag.py
[2024-03-20T22:10:50.889-0300] {logging_mixin.py:137} INFO - [2024-03-20T22:10:50.888-0300] {dag.py:2705} INFO - Sync 1 DAGs
[2024-03-20T22:10:50.903-0300] {logging_mixin.py:137} INFO - [2024-03-20T22:10:50.903-0300] {dag.py:3456} INFO - Setting next_dagrun for example_trigger_target_dag to None, run_after=None
[2024-03-20T22:10:50.919-0300] {processor.py:175} INFO - Processing /home/carlosfalcone/.local/lib/python3.7/site-packages/airflow/example_dags/example_trigger_target_dag.py took 0.058 seconds
[2024-03-20T22:11:36.298-0300] {processor.py:153} INFO - Started process (PID=760) to work on /home/carlosfalcone/.local/lib/python3.7/site-packages/airflow/example_dags/example_trigger_target_dag.py
[2024-03-20T22:11:36.299-0300] {processor.py:743} INFO - Processing file /home/carlosfalcone/.local/lib/python3.7/site-packages/airflow/example_dags/example_trigger_target_dag.py for tasks to queue
[2024-03-20T22:11:36.300-0300] {logging_mixin.py:137} INFO - [2024-03-20T22:11:36.300-0300] {dagbag.py:532} INFO - Filling up the DagBag from /home/carlosfalcone/.local/lib/python3.7/site-packages/airflow/example_dags/example_trigger_target_dag.py
[2024-03-20T22:11:36.312-0300] {processor.py:753} INFO - DAG(s) dict_keys(['example_trigger_target_dag']) retrieved from /home/carlosfalcone/.local/lib/python3.7/site-packages/airflow/example_dags/example_trigger_target_dag.py
[2024-03-20T22:11:36.324-0300] {logging_mixin.py:137} INFO - [2024-03-20T22:11:36.324-0300] {dag.py:2705} INFO - Sync 1 DAGs
[2024-03-20T22:11:36.339-0300] {logging_mixin.py:137} INFO - [2024-03-20T22:11:36.339-0300] {dag.py:3456} INFO - Setting next_dagrun for example_trigger_target_dag to None, run_after=None
[2024-03-20T22:11:36.358-0300] {processor.py:175} INFO - Processing /home/carlosfalcone/.local/lib/python3.7/site-packages/airflow/example_dags/example_trigger_target_dag.py took 0.061 seconds
[2024-03-20T22:12:16.349-0300] {processor.py:153} INFO - Started process (PID=856) to work on /home/carlosfalcone/.local/lib/python3.7/site-packages/airflow/example_dags/example_trigger_target_dag.py
[2024-03-20T22:12:16.350-0300] {processor.py:743} INFO - Processing file /home/carlosfalcone/.local/lib/python3.7/site-packages/airflow/example_dags/example_trigger_target_dag.py for tasks to queue
[2024-03-20T22:12:16.351-0300] {logging_mixin.py:137} INFO - [2024-03-20T22:12:16.351-0300] {dagbag.py:532} INFO - Filling up the DagBag from /home/carlosfalcone/.local/lib/python3.7/site-packages/airflow/example_dags/example_trigger_target_dag.py
[2024-03-20T22:12:16.363-0300] {processor.py:753} INFO - DAG(s) dict_keys(['example_trigger_target_dag']) retrieved from /home/carlosfalcone/.local/lib/python3.7/site-packages/airflow/example_dags/example_trigger_target_dag.py
[2024-03-20T22:12:16.375-0300] {logging_mixin.py:137} INFO - [2024-03-20T22:12:16.375-0300] {dag.py:2705} INFO - Sync 1 DAGs
[2024-03-20T22:12:16.389-0300] {logging_mixin.py:137} INFO - [2024-03-20T22:12:16.389-0300] {dag.py:3456} INFO - Setting next_dagrun for example_trigger_target_dag to None, run_after=None
[2024-03-20T22:12:16.404-0300] {processor.py:175} INFO - Processing /home/carlosfalcone/.local/lib/python3.7/site-packages/airflow/example_dags/example_trigger_target_dag.py took 0.057 seconds
[2024-03-20T22:13:00.812-0300] {processor.py:153} INFO - Started process (PID=969) to work on /home/carlosfalcone/.local/lib/python3.7/site-packages/airflow/example_dags/example_trigger_target_dag.py
[2024-03-20T22:13:00.813-0300] {processor.py:743} INFO - Processing file /home/carlosfalcone/.local/lib/python3.7/site-packages/airflow/example_dags/example_trigger_target_dag.py for tasks to queue
[2024-03-20T22:13:00.813-0300] {logging_mixin.py:137} INFO - [2024-03-20T22:13:00.813-0300] {dagbag.py:532} INFO - Filling up the DagBag from /home/carlosfalcone/.local/lib/python3.7/site-packages/airflow/example_dags/example_trigger_target_dag.py
[2024-03-20T22:13:00.825-0300] {processor.py:753} INFO - DAG(s) dict_keys(['example_trigger_target_dag']) retrieved from /home/carlosfalcone/.local/lib/python3.7/site-packages/airflow/example_dags/example_trigger_target_dag.py
[2024-03-20T22:13:00.836-0300] {logging_mixin.py:137} INFO - [2024-03-20T22:13:00.836-0300] {dag.py:2705} INFO - Sync 1 DAGs
[2024-03-20T22:13:00.850-0300] {logging_mixin.py:137} INFO - [2024-03-20T22:13:00.850-0300] {dag.py:3456} INFO - Setting next_dagrun for example_trigger_target_dag to None, run_after=None
[2024-03-20T22:13:00.867-0300] {processor.py:175} INFO - Processing /home/carlosfalcone/.local/lib/python3.7/site-packages/airflow/example_dags/example_trigger_target_dag.py took 0.057 seconds
[2024-03-20T22:13:47.305-0300] {processor.py:153} INFO - Started process (PID=1088) to work on /home/carlosfalcone/.local/lib/python3.7/site-packages/airflow/example_dags/example_trigger_target_dag.py
[2024-03-20T22:13:47.307-0300] {processor.py:743} INFO - Processing file /home/carlosfalcone/.local/lib/python3.7/site-packages/airflow/example_dags/example_trigger_target_dag.py for tasks to queue
[2024-03-20T22:13:47.307-0300] {logging_mixin.py:137} INFO - [2024-03-20T22:13:47.307-0300] {dagbag.py:532} INFO - Filling up the DagBag from /home/carlosfalcone/.local/lib/python3.7/site-packages/airflow/example_dags/example_trigger_target_dag.py
[2024-03-20T22:13:47.319-0300] {processor.py:753} INFO - DAG(s) dict_keys(['example_trigger_target_dag']) retrieved from /home/carlosfalcone/.local/lib/python3.7/site-packages/airflow/example_dags/example_trigger_target_dag.py
[2024-03-20T22:13:47.331-0300] {logging_mixin.py:137} INFO - [2024-03-20T22:13:47.331-0300] {dag.py:2705} INFO - Sync 1 DAGs
[2024-03-20T22:13:47.345-0300] {logging_mixin.py:137} INFO - [2024-03-20T22:13:47.345-0300] {dag.py:3456} INFO - Setting next_dagrun for example_trigger_target_dag to None, run_after=None
[2024-03-20T22:13:47.360-0300] {processor.py:175} INFO - Processing /home/carlosfalcone/.local/lib/python3.7/site-packages/airflow/example_dags/example_trigger_target_dag.py took 0.057 seconds
[2024-03-20T22:14:29.675-0300] {processor.py:153} INFO - Started process (PID=1134) to work on /home/carlosfalcone/.local/lib/python3.7/site-packages/airflow/example_dags/example_trigger_target_dag.py
[2024-03-20T22:14:29.675-0300] {processor.py:743} INFO - Processing file /home/carlosfalcone/.local/lib/python3.7/site-packages/airflow/example_dags/example_trigger_target_dag.py for tasks to queue
[2024-03-20T22:14:29.676-0300] {logging_mixin.py:137} INFO - [2024-03-20T22:14:29.676-0300] {dagbag.py:532} INFO - Filling up the DagBag from /home/carlosfalcone/.local/lib/python3.7/site-packages/airflow/example_dags/example_trigger_target_dag.py
[2024-03-20T22:14:29.688-0300] {processor.py:753} INFO - DAG(s) dict_keys(['example_trigger_target_dag']) retrieved from /home/carlosfalcone/.local/lib/python3.7/site-packages/airflow/example_dags/example_trigger_target_dag.py
[2024-03-20T22:14:29.699-0300] {logging_mixin.py:137} INFO - [2024-03-20T22:14:29.699-0300] {dag.py:2705} INFO - Sync 1 DAGs
[2024-03-20T22:14:29.713-0300] {logging_mixin.py:137} INFO - [2024-03-20T22:14:29.713-0300] {dag.py:3456} INFO - Setting next_dagrun for example_trigger_target_dag to None, run_after=None
[2024-03-20T22:14:29.729-0300] {processor.py:175} INFO - Processing /home/carlosfalcone/.local/lib/python3.7/site-packages/airflow/example_dags/example_trigger_target_dag.py took 0.056 seconds
[2024-03-20T22:15:09.725-0300] {processor.py:153} INFO - Started process (PID=1221) to work on /home/carlosfalcone/.local/lib/python3.7/site-packages/airflow/example_dags/example_trigger_target_dag.py
[2024-03-20T22:15:09.726-0300] {processor.py:743} INFO - Processing file /home/carlosfalcone/.local/lib/python3.7/site-packages/airflow/example_dags/example_trigger_target_dag.py for tasks to queue
[2024-03-20T22:15:09.727-0300] {logging_mixin.py:137} INFO - [2024-03-20T22:15:09.726-0300] {dagbag.py:532} INFO - Filling up the DagBag from /home/carlosfalcone/.local/lib/python3.7/site-packages/airflow/example_dags/example_trigger_target_dag.py
[2024-03-20T22:15:09.739-0300] {processor.py:753} INFO - DAG(s) dict_keys(['example_trigger_target_dag']) retrieved from /home/carlosfalcone/.local/lib/python3.7/site-packages/airflow/example_dags/example_trigger_target_dag.py
[2024-03-20T22:15:09.752-0300] {logging_mixin.py:137} INFO - [2024-03-20T22:15:09.752-0300] {dag.py:2705} INFO - Sync 1 DAGs
[2024-03-20T22:15:09.766-0300] {logging_mixin.py:137} INFO - [2024-03-20T22:15:09.765-0300] {dag.py:3456} INFO - Setting next_dagrun for example_trigger_target_dag to None, run_after=None
[2024-03-20T22:15:09.781-0300] {processor.py:175} INFO - Processing /home/carlosfalcone/.local/lib/python3.7/site-packages/airflow/example_dags/example_trigger_target_dag.py took 0.058 seconds
[2024-03-20T22:15:51.848-0300] {processor.py:153} INFO - Started process (PID=1327) to work on /home/carlosfalcone/.local/lib/python3.7/site-packages/airflow/example_dags/example_trigger_target_dag.py
[2024-03-20T22:15:51.848-0300] {processor.py:743} INFO - Processing file /home/carlosfalcone/.local/lib/python3.7/site-packages/airflow/example_dags/example_trigger_target_dag.py for tasks to queue
[2024-03-20T22:15:51.849-0300] {logging_mixin.py:137} INFO - [2024-03-20T22:15:51.849-0300] {dagbag.py:532} INFO - Filling up the DagBag from /home/carlosfalcone/.local/lib/python3.7/site-packages/airflow/example_dags/example_trigger_target_dag.py
[2024-03-20T22:15:51.861-0300] {processor.py:753} INFO - DAG(s) dict_keys(['example_trigger_target_dag']) retrieved from /home/carlosfalcone/.local/lib/python3.7/site-packages/airflow/example_dags/example_trigger_target_dag.py
[2024-03-20T22:15:51.873-0300] {logging_mixin.py:137} INFO - [2024-03-20T22:15:51.873-0300] {dag.py:2705} INFO - Sync 1 DAGs
[2024-03-20T22:15:51.886-0300] {logging_mixin.py:137} INFO - [2024-03-20T22:15:51.886-0300] {dag.py:3456} INFO - Setting next_dagrun for example_trigger_target_dag to None, run_after=None
[2024-03-20T22:15:51.901-0300] {processor.py:175} INFO - Processing /home/carlosfalcone/.local/lib/python3.7/site-packages/airflow/example_dags/example_trigger_target_dag.py took 0.055 seconds
[2024-03-20T22:16:36.383-0300] {processor.py:153} INFO - Started process (PID=1447) to work on /home/carlosfalcone/.local/lib/python3.7/site-packages/airflow/example_dags/example_trigger_target_dag.py
[2024-03-20T22:16:36.384-0300] {processor.py:743} INFO - Processing file /home/carlosfalcone/.local/lib/python3.7/site-packages/airflow/example_dags/example_trigger_target_dag.py for tasks to queue
[2024-03-20T22:16:36.384-0300] {logging_mixin.py:137} INFO - [2024-03-20T22:16:36.384-0300] {dagbag.py:532} INFO - Filling up the DagBag from /home/carlosfalcone/.local/lib/python3.7/site-packages/airflow/example_dags/example_trigger_target_dag.py
[2024-03-20T22:16:36.397-0300] {processor.py:753} INFO - DAG(s) dict_keys(['example_trigger_target_dag']) retrieved from /home/carlosfalcone/.local/lib/python3.7/site-packages/airflow/example_dags/example_trigger_target_dag.py
[2024-03-20T22:16:36.409-0300] {logging_mixin.py:137} INFO - [2024-03-20T22:16:36.409-0300] {dag.py:2705} INFO - Sync 1 DAGs
[2024-03-20T22:16:36.423-0300] {logging_mixin.py:137} INFO - [2024-03-20T22:16:36.423-0300] {dag.py:3456} INFO - Setting next_dagrun for example_trigger_target_dag to None, run_after=None
[2024-03-20T22:16:36.439-0300] {processor.py:175} INFO - Processing /home/carlosfalcone/.local/lib/python3.7/site-packages/airflow/example_dags/example_trigger_target_dag.py took 0.057 seconds
[2024-03-20T22:17:25.112-0300] {processor.py:153} INFO - Started process (PID=1568) to work on /home/carlosfalcone/.local/lib/python3.7/site-packages/airflow/example_dags/example_trigger_target_dag.py
[2024-03-20T22:17:25.113-0300] {processor.py:743} INFO - Processing file /home/carlosfalcone/.local/lib/python3.7/site-packages/airflow/example_dags/example_trigger_target_dag.py for tasks to queue
[2024-03-20T22:17:25.113-0300] {logging_mixin.py:137} INFO - [2024-03-20T22:17:25.113-0300] {dagbag.py:532} INFO - Filling up the DagBag from /home/carlosfalcone/.local/lib/python3.7/site-packages/airflow/example_dags/example_trigger_target_dag.py
[2024-03-20T22:17:25.126-0300] {processor.py:753} INFO - DAG(s) dict_keys(['example_trigger_target_dag']) retrieved from /home/carlosfalcone/.local/lib/python3.7/site-packages/airflow/example_dags/example_trigger_target_dag.py
[2024-03-20T22:17:25.137-0300] {logging_mixin.py:137} INFO - [2024-03-20T22:17:25.137-0300] {dag.py:2705} INFO - Sync 1 DAGs
[2024-03-20T22:17:25.152-0300] {logging_mixin.py:137} INFO - [2024-03-20T22:17:25.152-0300] {dag.py:3456} INFO - Setting next_dagrun for example_trigger_target_dag to None, run_after=None
[2024-03-20T22:17:25.166-0300] {processor.py:175} INFO - Processing /home/carlosfalcone/.local/lib/python3.7/site-packages/airflow/example_dags/example_trigger_target_dag.py took 0.056 seconds
[2024-03-20T22:18:11.969-0300] {processor.py:153} INFO - Started process (PID=1692) to work on /home/carlosfalcone/.local/lib/python3.7/site-packages/airflow/example_dags/example_trigger_target_dag.py
[2024-03-20T22:18:11.970-0300] {processor.py:743} INFO - Processing file /home/carlosfalcone/.local/lib/python3.7/site-packages/airflow/example_dags/example_trigger_target_dag.py for tasks to queue
[2024-03-20T22:18:11.971-0300] {logging_mixin.py:137} INFO - [2024-03-20T22:18:11.971-0300] {dagbag.py:532} INFO - Filling up the DagBag from /home/carlosfalcone/.local/lib/python3.7/site-packages/airflow/example_dags/example_trigger_target_dag.py
[2024-03-20T22:18:11.983-0300] {processor.py:753} INFO - DAG(s) dict_keys(['example_trigger_target_dag']) retrieved from /home/carlosfalcone/.local/lib/python3.7/site-packages/airflow/example_dags/example_trigger_target_dag.py
[2024-03-20T22:18:11.994-0300] {logging_mixin.py:137} INFO - [2024-03-20T22:18:11.994-0300] {dag.py:2705} INFO - Sync 1 DAGs
[2024-03-20T22:18:12.009-0300] {logging_mixin.py:137} INFO - [2024-03-20T22:18:12.008-0300] {dag.py:3456} INFO - Setting next_dagrun for example_trigger_target_dag to None, run_after=None
[2024-03-20T22:18:12.024-0300] {processor.py:175} INFO - Processing /home/carlosfalcone/.local/lib/python3.7/site-packages/airflow/example_dags/example_trigger_target_dag.py took 0.056 seconds
[2024-03-21T11:23:55.402-0300] {processor.py:153} INFO - Started process (PID=118) to work on /home/carlosfalcone/.local/lib/python3.7/site-packages/airflow/example_dags/example_trigger_target_dag.py
[2024-03-21T11:23:55.403-0300] {processor.py:743} INFO - Processing file /home/carlosfalcone/.local/lib/python3.7/site-packages/airflow/example_dags/example_trigger_target_dag.py for tasks to queue
[2024-03-21T11:23:55.403-0300] {logging_mixin.py:137} INFO - [2024-03-21T11:23:55.403-0300] {dagbag.py:532} INFO - Filling up the DagBag from /home/carlosfalcone/.local/lib/python3.7/site-packages/airflow/example_dags/example_trigger_target_dag.py
[2024-03-21T11:23:55.417-0300] {processor.py:753} INFO - DAG(s) dict_keys(['example_trigger_target_dag']) retrieved from /home/carlosfalcone/.local/lib/python3.7/site-packages/airflow/example_dags/example_trigger_target_dag.py
[2024-03-21T11:23:55.429-0300] {logging_mixin.py:137} INFO - [2024-03-21T11:23:55.428-0300] {dag.py:2705} INFO - Sync 1 DAGs
[2024-03-21T11:23:55.443-0300] {logging_mixin.py:137} INFO - [2024-03-21T11:23:55.443-0300] {dag.py:3456} INFO - Setting next_dagrun for example_trigger_target_dag to None, run_after=None
[2024-03-21T11:23:55.459-0300] {processor.py:175} INFO - Processing /home/carlosfalcone/.local/lib/python3.7/site-packages/airflow/example_dags/example_trigger_target_dag.py took 0.059 seconds
[2024-03-21T11:24:34.758-0300] {processor.py:153} INFO - Started process (PID=355) to work on /home/carlosfalcone/.local/lib/python3.7/site-packages/airflow/example_dags/example_trigger_target_dag.py
[2024-03-21T11:24:34.759-0300] {processor.py:743} INFO - Processing file /home/carlosfalcone/.local/lib/python3.7/site-packages/airflow/example_dags/example_trigger_target_dag.py for tasks to queue
[2024-03-21T11:24:34.759-0300] {logging_mixin.py:137} INFO - [2024-03-21T11:24:34.759-0300] {dagbag.py:532} INFO - Filling up the DagBag from /home/carlosfalcone/.local/lib/python3.7/site-packages/airflow/example_dags/example_trigger_target_dag.py
[2024-03-21T11:24:34.773-0300] {processor.py:753} INFO - DAG(s) dict_keys(['example_trigger_target_dag']) retrieved from /home/carlosfalcone/.local/lib/python3.7/site-packages/airflow/example_dags/example_trigger_target_dag.py
[2024-03-21T11:24:34.785-0300] {logging_mixin.py:137} INFO - [2024-03-21T11:24:34.785-0300] {dag.py:2705} INFO - Sync 1 DAGs
[2024-03-21T11:24:34.801-0300] {logging_mixin.py:137} INFO - [2024-03-21T11:24:34.801-0300] {dag.py:3456} INFO - Setting next_dagrun for example_trigger_target_dag to None, run_after=None
[2024-03-21T11:24:34.816-0300] {processor.py:175} INFO - Processing /home/carlosfalcone/.local/lib/python3.7/site-packages/airflow/example_dags/example_trigger_target_dag.py took 0.060 seconds
