[2024-03-20T22:09:06.115-0300] {processor.py:153} INFO - Started process (PID=293) to work on /home/carlosfalcone/.local/lib/python3.7/site-packages/airflow/example_dags/tutorial.py
[2024-03-20T22:09:06.116-0300] {processor.py:743} INFO - Processing file /home/carlosfalcone/.local/lib/python3.7/site-packages/airflow/example_dags/tutorial.py for tasks to queue
[2024-03-20T22:09:06.116-0300] {logging_mixin.py:137} INFO - [2024-03-20T22:09:06.116-0300] {dagbag.py:532} INFO - Filling up the DagBag from /home/carlosfalcone/.local/lib/python3.7/site-packages/airflow/example_dags/tutorial.py
[2024-03-20T22:09:06.123-0300] {processor.py:753} INFO - DAG(s) dict_keys(['tutorial']) retrieved from /home/carlosfalcone/.local/lib/python3.7/site-packages/airflow/example_dags/tutorial.py
[2024-03-20T22:09:06.192-0300] {logging_mixin.py:137} INFO - [2024-03-20T22:09:06.192-0300] {manager.py:504} INFO - Created Permission View: can delete on DAG:tutorial
[2024-03-20T22:09:06.200-0300] {logging_mixin.py:137} INFO - [2024-03-20T22:09:06.200-0300] {manager.py:504} INFO - Created Permission View: can read on DAG:tutorial
[2024-03-20T22:09:06.206-0300] {logging_mixin.py:137} INFO - [2024-03-20T22:09:06.206-0300] {manager.py:504} INFO - Created Permission View: can edit on DAG:tutorial
[2024-03-20T22:09:06.207-0300] {logging_mixin.py:137} INFO - [2024-03-20T22:09:06.206-0300] {dag.py:2705} INFO - Sync 1 DAGs
[2024-03-20T22:09:06.214-0300] {logging_mixin.py:137} INFO - [2024-03-20T22:09:06.214-0300] {dag.py:2726} INFO - Creating ORM DAG for tutorial
[2024-03-20T22:09:06.220-0300] {logging_mixin.py:137} INFO - [2024-03-20T22:09:06.220-0300] {dag.py:3456} INFO - Setting next_dagrun for tutorial to 2024-03-20T01:09:06.220266+00:00, run_after=2024-03-21T01:09:06.220266+00:00
[2024-03-20T22:09:06.237-0300] {processor.py:175} INFO - Processing /home/carlosfalcone/.local/lib/python3.7/site-packages/airflow/example_dags/tutorial.py took 0.123 seconds
[2024-03-20T22:09:49.637-0300] {processor.py:153} INFO - Started process (PID=346) to work on /home/carlosfalcone/.local/lib/python3.7/site-packages/airflow/example_dags/tutorial.py
[2024-03-20T22:09:49.638-0300] {processor.py:743} INFO - Processing file /home/carlosfalcone/.local/lib/python3.7/site-packages/airflow/example_dags/tutorial.py for tasks to queue
[2024-03-20T22:09:49.638-0300] {logging_mixin.py:137} INFO - [2024-03-20T22:09:49.638-0300] {dagbag.py:532} INFO - Filling up the DagBag from /home/carlosfalcone/.local/lib/python3.7/site-packages/airflow/example_dags/tutorial.py
[2024-03-20T22:09:49.647-0300] {processor.py:753} INFO - DAG(s) dict_keys(['tutorial']) retrieved from /home/carlosfalcone/.local/lib/python3.7/site-packages/airflow/example_dags/tutorial.py
[2024-03-20T22:09:49.659-0300] {logging_mixin.py:137} INFO - [2024-03-20T22:09:49.659-0300] {dag.py:2705} INFO - Sync 1 DAGs
[2024-03-20T22:09:49.673-0300] {logging_mixin.py:137} INFO - [2024-03-20T22:09:49.672-0300] {dag.py:3456} INFO - Setting next_dagrun for tutorial to 2024-03-20T01:09:49.672847+00:00, run_after=2024-03-21T01:09:49.672847+00:00
[2024-03-20T22:09:49.688-0300] {processor.py:175} INFO - Processing /home/carlosfalcone/.local/lib/python3.7/site-packages/airflow/example_dags/tutorial.py took 0.052 seconds
[2024-03-20T22:10:29.790-0300] {processor.py:153} INFO - Started process (PID=595) to work on /home/carlosfalcone/.local/lib/python3.7/site-packages/airflow/example_dags/tutorial.py
[2024-03-20T22:10:29.791-0300] {processor.py:743} INFO - Processing file /home/carlosfalcone/.local/lib/python3.7/site-packages/airflow/example_dags/tutorial.py for tasks to queue
[2024-03-20T22:10:29.791-0300] {logging_mixin.py:137} INFO - [2024-03-20T22:10:29.791-0300] {dagbag.py:532} INFO - Filling up the DagBag from /home/carlosfalcone/.local/lib/python3.7/site-packages/airflow/example_dags/tutorial.py
[2024-03-20T22:10:29.798-0300] {processor.py:753} INFO - DAG(s) dict_keys(['tutorial']) retrieved from /home/carlosfalcone/.local/lib/python3.7/site-packages/airflow/example_dags/tutorial.py
[2024-03-20T22:10:29.810-0300] {logging_mixin.py:137} INFO - [2024-03-20T22:10:29.810-0300] {dag.py:2705} INFO - Sync 1 DAGs
[2024-03-20T22:10:29.824-0300] {logging_mixin.py:137} INFO - [2024-03-20T22:10:29.824-0300] {dag.py:3456} INFO - Setting next_dagrun for tutorial to 2024-03-20T01:10:29.823978+00:00, run_after=2024-03-21T01:10:29.823978+00:00
[2024-03-20T22:10:29.841-0300] {processor.py:175} INFO - Processing /home/carlosfalcone/.local/lib/python3.7/site-packages/airflow/example_dags/tutorial.py took 0.054 seconds
[2024-03-20T22:11:10.797-0300] {processor.py:153} INFO - Started process (PID=697) to work on /home/carlosfalcone/.local/lib/python3.7/site-packages/airflow/example_dags/tutorial.py
[2024-03-20T22:11:10.799-0300] {processor.py:743} INFO - Processing file /home/carlosfalcone/.local/lib/python3.7/site-packages/airflow/example_dags/tutorial.py for tasks to queue
[2024-03-20T22:11:10.799-0300] {logging_mixin.py:137} INFO - [2024-03-20T22:11:10.799-0300] {dagbag.py:532} INFO - Filling up the DagBag from /home/carlosfalcone/.local/lib/python3.7/site-packages/airflow/example_dags/tutorial.py
[2024-03-20T22:11:10.807-0300] {processor.py:753} INFO - DAG(s) dict_keys(['tutorial']) retrieved from /home/carlosfalcone/.local/lib/python3.7/site-packages/airflow/example_dags/tutorial.py
[2024-03-20T22:11:10.819-0300] {logging_mixin.py:137} INFO - [2024-03-20T22:11:10.819-0300] {dag.py:2705} INFO - Sync 1 DAGs
[2024-03-20T22:11:10.833-0300] {logging_mixin.py:137} INFO - [2024-03-20T22:11:10.833-0300] {dag.py:3456} INFO - Setting next_dagrun for tutorial to 2024-03-20T01:11:10.833212+00:00, run_after=2024-03-21T01:11:10.833212+00:00
[2024-03-20T22:11:10.849-0300] {processor.py:175} INFO - Processing /home/carlosfalcone/.local/lib/python3.7/site-packages/airflow/example_dags/tutorial.py took 0.054 seconds
[2024-03-20T22:11:49.617-0300] {processor.py:153} INFO - Started process (PID=788) to work on /home/carlosfalcone/.local/lib/python3.7/site-packages/airflow/example_dags/tutorial.py
[2024-03-20T22:11:49.618-0300] {processor.py:743} INFO - Processing file /home/carlosfalcone/.local/lib/python3.7/site-packages/airflow/example_dags/tutorial.py for tasks to queue
[2024-03-20T22:11:49.619-0300] {logging_mixin.py:137} INFO - [2024-03-20T22:11:49.619-0300] {dagbag.py:532} INFO - Filling up the DagBag from /home/carlosfalcone/.local/lib/python3.7/site-packages/airflow/example_dags/tutorial.py
[2024-03-20T22:11:49.626-0300] {processor.py:753} INFO - DAG(s) dict_keys(['tutorial']) retrieved from /home/carlosfalcone/.local/lib/python3.7/site-packages/airflow/example_dags/tutorial.py
[2024-03-20T22:11:49.639-0300] {logging_mixin.py:137} INFO - [2024-03-20T22:11:49.639-0300] {dag.py:2705} INFO - Sync 1 DAGs
[2024-03-20T22:11:49.653-0300] {logging_mixin.py:137} INFO - [2024-03-20T22:11:49.653-0300] {dag.py:3456} INFO - Setting next_dagrun for tutorial to 2024-03-20T01:11:49.653445+00:00, run_after=2024-03-21T01:11:49.653445+00:00
[2024-03-20T22:11:49.669-0300] {processor.py:175} INFO - Processing /home/carlosfalcone/.local/lib/python3.7/site-packages/airflow/example_dags/tutorial.py took 0.054 seconds
[2024-03-20T22:12:28.874-0300] {processor.py:153} INFO - Started process (PID=888) to work on /home/carlosfalcone/.local/lib/python3.7/site-packages/airflow/example_dags/tutorial.py
[2024-03-20T22:12:28.875-0300] {processor.py:743} INFO - Processing file /home/carlosfalcone/.local/lib/python3.7/site-packages/airflow/example_dags/tutorial.py for tasks to queue
[2024-03-20T22:12:28.875-0300] {logging_mixin.py:137} INFO - [2024-03-20T22:12:28.875-0300] {dagbag.py:532} INFO - Filling up the DagBag from /home/carlosfalcone/.local/lib/python3.7/site-packages/airflow/example_dags/tutorial.py
[2024-03-20T22:12:28.883-0300] {processor.py:753} INFO - DAG(s) dict_keys(['tutorial']) retrieved from /home/carlosfalcone/.local/lib/python3.7/site-packages/airflow/example_dags/tutorial.py
[2024-03-20T22:12:28.894-0300] {logging_mixin.py:137} INFO - [2024-03-20T22:12:28.894-0300] {dag.py:2705} INFO - Sync 1 DAGs
[2024-03-20T22:12:28.908-0300] {logging_mixin.py:137} INFO - [2024-03-20T22:12:28.908-0300] {dag.py:3456} INFO - Setting next_dagrun for tutorial to 2024-03-20T01:12:28.908245+00:00, run_after=2024-03-21T01:12:28.908245+00:00
[2024-03-20T22:12:28.923-0300] {processor.py:175} INFO - Processing /home/carlosfalcone/.local/lib/python3.7/site-packages/airflow/example_dags/tutorial.py took 0.050 seconds
[2024-03-20T22:13:06.568-0300] {processor.py:153} INFO - Started process (PID=984) to work on /home/carlosfalcone/.local/lib/python3.7/site-packages/airflow/example_dags/tutorial.py
[2024-03-20T22:13:06.569-0300] {processor.py:743} INFO - Processing file /home/carlosfalcone/.local/lib/python3.7/site-packages/airflow/example_dags/tutorial.py for tasks to queue
[2024-03-20T22:13:06.569-0300] {logging_mixin.py:137} INFO - [2024-03-20T22:13:06.569-0300] {dagbag.py:532} INFO - Filling up the DagBag from /home/carlosfalcone/.local/lib/python3.7/site-packages/airflow/example_dags/tutorial.py
[2024-03-20T22:13:06.577-0300] {processor.py:753} INFO - DAG(s) dict_keys(['tutorial']) retrieved from /home/carlosfalcone/.local/lib/python3.7/site-packages/airflow/example_dags/tutorial.py
[2024-03-20T22:13:06.589-0300] {logging_mixin.py:137} INFO - [2024-03-20T22:13:06.588-0300] {dag.py:2705} INFO - Sync 1 DAGs
[2024-03-20T22:13:06.602-0300] {logging_mixin.py:137} INFO - [2024-03-20T22:13:06.602-0300] {dag.py:3456} INFO - Setting next_dagrun for tutorial to 2024-03-20T01:13:06.602352+00:00, run_after=2024-03-21T01:13:06.602352+00:00
[2024-03-20T22:13:06.618-0300] {processor.py:175} INFO - Processing /home/carlosfalcone/.local/lib/python3.7/site-packages/airflow/example_dags/tutorial.py took 0.052 seconds
[2024-03-20T22:13:41.842-0300] {processor.py:153} INFO - Started process (PID=1072) to work on /home/carlosfalcone/.local/lib/python3.7/site-packages/airflow/example_dags/tutorial.py
[2024-03-20T22:13:41.843-0300] {processor.py:743} INFO - Processing file /home/carlosfalcone/.local/lib/python3.7/site-packages/airflow/example_dags/tutorial.py for tasks to queue
[2024-03-20T22:13:41.843-0300] {logging_mixin.py:137} INFO - [2024-03-20T22:13:41.843-0300] {dagbag.py:532} INFO - Filling up the DagBag from /home/carlosfalcone/.local/lib/python3.7/site-packages/airflow/example_dags/tutorial.py
[2024-03-20T22:13:41.851-0300] {processor.py:753} INFO - DAG(s) dict_keys(['tutorial']) retrieved from /home/carlosfalcone/.local/lib/python3.7/site-packages/airflow/example_dags/tutorial.py
[2024-03-20T22:13:41.862-0300] {logging_mixin.py:137} INFO - [2024-03-20T22:13:41.862-0300] {dag.py:2705} INFO - Sync 1 DAGs
[2024-03-20T22:13:41.876-0300] {logging_mixin.py:137} INFO - [2024-03-20T22:13:41.876-0300] {dag.py:3456} INFO - Setting next_dagrun for tutorial to 2024-03-20T01:13:41.876474+00:00, run_after=2024-03-21T01:13:41.876474+00:00
[2024-03-20T22:13:41.892-0300] {processor.py:175} INFO - Processing /home/carlosfalcone/.local/lib/python3.7/site-packages/airflow/example_dags/tutorial.py took 0.052 seconds
[2024-03-20T22:14:18.267-0300] {processor.py:153} INFO - Started process (PID=1122) to work on /home/carlosfalcone/.local/lib/python3.7/site-packages/airflow/example_dags/tutorial.py
[2024-03-20T22:14:18.268-0300] {processor.py:743} INFO - Processing file /home/carlosfalcone/.local/lib/python3.7/site-packages/airflow/example_dags/tutorial.py for tasks to queue
[2024-03-20T22:14:18.269-0300] {logging_mixin.py:137} INFO - [2024-03-20T22:14:18.269-0300] {dagbag.py:532} INFO - Filling up the DagBag from /home/carlosfalcone/.local/lib/python3.7/site-packages/airflow/example_dags/tutorial.py
[2024-03-20T22:14:18.276-0300] {processor.py:753} INFO - DAG(s) dict_keys(['tutorial']) retrieved from /home/carlosfalcone/.local/lib/python3.7/site-packages/airflow/example_dags/tutorial.py
[2024-03-20T22:14:18.288-0300] {logging_mixin.py:137} INFO - [2024-03-20T22:14:18.288-0300] {dag.py:2705} INFO - Sync 1 DAGs
[2024-03-20T22:14:18.302-0300] {logging_mixin.py:137} INFO - [2024-03-20T22:14:18.302-0300] {dag.py:3456} INFO - Setting next_dagrun for tutorial to 2024-03-20T01:14:18.302206+00:00, run_after=2024-03-21T01:14:18.302206+00:00
[2024-03-20T22:14:18.317-0300] {processor.py:175} INFO - Processing /home/carlosfalcone/.local/lib/python3.7/site-packages/airflow/example_dags/tutorial.py took 0.052 seconds
[2024-03-20T22:14:57.608-0300] {processor.py:153} INFO - Started process (PID=1191) to work on /home/carlosfalcone/.local/lib/python3.7/site-packages/airflow/example_dags/tutorial.py
[2024-03-20T22:14:57.609-0300] {processor.py:743} INFO - Processing file /home/carlosfalcone/.local/lib/python3.7/site-packages/airflow/example_dags/tutorial.py for tasks to queue
[2024-03-20T22:14:57.610-0300] {logging_mixin.py:137} INFO - [2024-03-20T22:14:57.610-0300] {dagbag.py:532} INFO - Filling up the DagBag from /home/carlosfalcone/.local/lib/python3.7/site-packages/airflow/example_dags/tutorial.py
[2024-03-20T22:14:57.617-0300] {processor.py:753} INFO - DAG(s) dict_keys(['tutorial']) retrieved from /home/carlosfalcone/.local/lib/python3.7/site-packages/airflow/example_dags/tutorial.py
[2024-03-20T22:14:57.629-0300] {logging_mixin.py:137} INFO - [2024-03-20T22:14:57.629-0300] {dag.py:2705} INFO - Sync 1 DAGs
[2024-03-20T22:14:57.643-0300] {logging_mixin.py:137} INFO - [2024-03-20T22:14:57.643-0300] {dag.py:3456} INFO - Setting next_dagrun for tutorial to 2024-03-20T01:14:57.643034+00:00, run_after=2024-03-21T01:14:57.643034+00:00
[2024-03-20T22:14:57.658-0300] {processor.py:175} INFO - Processing /home/carlosfalcone/.local/lib/python3.7/site-packages/airflow/example_dags/tutorial.py took 0.052 seconds
[2024-03-20T22:15:36.432-0300] {processor.py:153} INFO - Started process (PID=1286) to work on /home/carlosfalcone/.local/lib/python3.7/site-packages/airflow/example_dags/tutorial.py
[2024-03-20T22:15:36.433-0300] {processor.py:743} INFO - Processing file /home/carlosfalcone/.local/lib/python3.7/site-packages/airflow/example_dags/tutorial.py for tasks to queue
[2024-03-20T22:15:36.433-0300] {logging_mixin.py:137} INFO - [2024-03-20T22:15:36.433-0300] {dagbag.py:532} INFO - Filling up the DagBag from /home/carlosfalcone/.local/lib/python3.7/site-packages/airflow/example_dags/tutorial.py
[2024-03-20T22:15:36.441-0300] {processor.py:753} INFO - DAG(s) dict_keys(['tutorial']) retrieved from /home/carlosfalcone/.local/lib/python3.7/site-packages/airflow/example_dags/tutorial.py
[2024-03-20T22:15:36.453-0300] {logging_mixin.py:137} INFO - [2024-03-20T22:15:36.452-0300] {dag.py:2705} INFO - Sync 1 DAGs
[2024-03-20T22:15:36.466-0300] {logging_mixin.py:137} INFO - [2024-03-20T22:15:36.466-0300] {dag.py:3456} INFO - Setting next_dagrun for tutorial to 2024-03-20T01:15:36.466418+00:00, run_after=2024-03-21T01:15:36.466418+00:00
[2024-03-20T22:15:36.482-0300] {processor.py:175} INFO - Processing /home/carlosfalcone/.local/lib/python3.7/site-packages/airflow/example_dags/tutorial.py took 0.052 seconds
[2024-03-20T22:16:21.278-0300] {processor.py:153} INFO - Started process (PID=1406) to work on /home/carlosfalcone/.local/lib/python3.7/site-packages/airflow/example_dags/tutorial.py
[2024-03-20T22:16:21.279-0300] {processor.py:743} INFO - Processing file /home/carlosfalcone/.local/lib/python3.7/site-packages/airflow/example_dags/tutorial.py for tasks to queue
[2024-03-20T22:16:21.280-0300] {logging_mixin.py:137} INFO - [2024-03-20T22:16:21.280-0300] {dagbag.py:532} INFO - Filling up the DagBag from /home/carlosfalcone/.local/lib/python3.7/site-packages/airflow/example_dags/tutorial.py
[2024-03-20T22:16:21.288-0300] {processor.py:753} INFO - DAG(s) dict_keys(['tutorial']) retrieved from /home/carlosfalcone/.local/lib/python3.7/site-packages/airflow/example_dags/tutorial.py
[2024-03-20T22:16:21.299-0300] {logging_mixin.py:137} INFO - [2024-03-20T22:16:21.299-0300] {dag.py:2705} INFO - Sync 1 DAGs
[2024-03-20T22:16:21.313-0300] {logging_mixin.py:137} INFO - [2024-03-20T22:16:21.313-0300] {dag.py:3456} INFO - Setting next_dagrun for tutorial to 2024-03-20T01:16:21.313627+00:00, run_after=2024-03-21T01:16:21.313627+00:00
[2024-03-20T22:16:21.328-0300] {processor.py:175} INFO - Processing /home/carlosfalcone/.local/lib/python3.7/site-packages/airflow/example_dags/tutorial.py took 0.052 seconds
[2024-03-20T22:17:04.841-0300] {processor.py:153} INFO - Started process (PID=1518) to work on /home/carlosfalcone/.local/lib/python3.7/site-packages/airflow/example_dags/tutorial.py
[2024-03-20T22:17:04.842-0300] {processor.py:743} INFO - Processing file /home/carlosfalcone/.local/lib/python3.7/site-packages/airflow/example_dags/tutorial.py for tasks to queue
[2024-03-20T22:17:04.842-0300] {logging_mixin.py:137} INFO - [2024-03-20T22:17:04.842-0300] {dagbag.py:532} INFO - Filling up the DagBag from /home/carlosfalcone/.local/lib/python3.7/site-packages/airflow/example_dags/tutorial.py
[2024-03-20T22:17:04.850-0300] {processor.py:753} INFO - DAG(s) dict_keys(['tutorial']) retrieved from /home/carlosfalcone/.local/lib/python3.7/site-packages/airflow/example_dags/tutorial.py
[2024-03-20T22:17:04.862-0300] {logging_mixin.py:137} INFO - [2024-03-20T22:17:04.861-0300] {dag.py:2705} INFO - Sync 1 DAGs
[2024-03-20T22:17:04.875-0300] {logging_mixin.py:137} INFO - [2024-03-20T22:17:04.875-0300] {dag.py:3456} INFO - Setting next_dagrun for tutorial to 2024-03-20T01:17:04.875555+00:00, run_after=2024-03-21T01:17:04.875555+00:00
[2024-03-20T22:17:04.891-0300] {processor.py:175} INFO - Processing /home/carlosfalcone/.local/lib/python3.7/site-packages/airflow/example_dags/tutorial.py took 0.052 seconds
[2024-03-20T22:17:42.526-0300] {processor.py:153} INFO - Started process (PID=1613) to work on /home/carlosfalcone/.local/lib/python3.7/site-packages/airflow/example_dags/tutorial.py
[2024-03-20T22:17:42.527-0300] {processor.py:743} INFO - Processing file /home/carlosfalcone/.local/lib/python3.7/site-packages/airflow/example_dags/tutorial.py for tasks to queue
[2024-03-20T22:17:42.527-0300] {logging_mixin.py:137} INFO - [2024-03-20T22:17:42.527-0300] {dagbag.py:532} INFO - Filling up the DagBag from /home/carlosfalcone/.local/lib/python3.7/site-packages/airflow/example_dags/tutorial.py
[2024-03-20T22:17:42.535-0300] {processor.py:753} INFO - DAG(s) dict_keys(['tutorial']) retrieved from /home/carlosfalcone/.local/lib/python3.7/site-packages/airflow/example_dags/tutorial.py
[2024-03-20T22:17:42.547-0300] {logging_mixin.py:137} INFO - [2024-03-20T22:17:42.547-0300] {dag.py:2705} INFO - Sync 1 DAGs
[2024-03-20T22:17:42.561-0300] {logging_mixin.py:137} INFO - [2024-03-20T22:17:42.560-0300] {dag.py:3456} INFO - Setting next_dagrun for tutorial to 2024-03-20T01:17:42.560830+00:00, run_after=2024-03-21T01:17:42.560830+00:00
[2024-03-20T22:17:42.576-0300] {processor.py:175} INFO - Processing /home/carlosfalcone/.local/lib/python3.7/site-packages/airflow/example_dags/tutorial.py took 0.052 seconds
[2024-03-20T22:18:18.781-0300] {processor.py:153} INFO - Started process (PID=1708) to work on /home/carlosfalcone/.local/lib/python3.7/site-packages/airflow/example_dags/tutorial.py
[2024-03-20T22:18:18.782-0300] {processor.py:743} INFO - Processing file /home/carlosfalcone/.local/lib/python3.7/site-packages/airflow/example_dags/tutorial.py for tasks to queue
[2024-03-20T22:18:18.782-0300] {logging_mixin.py:137} INFO - [2024-03-20T22:18:18.782-0300] {dagbag.py:532} INFO - Filling up the DagBag from /home/carlosfalcone/.local/lib/python3.7/site-packages/airflow/example_dags/tutorial.py
[2024-03-20T22:18:18.790-0300] {processor.py:753} INFO - DAG(s) dict_keys(['tutorial']) retrieved from /home/carlosfalcone/.local/lib/python3.7/site-packages/airflow/example_dags/tutorial.py
[2024-03-20T22:18:18.802-0300] {logging_mixin.py:137} INFO - [2024-03-20T22:18:18.802-0300] {dag.py:2705} INFO - Sync 1 DAGs
[2024-03-20T22:18:18.817-0300] {logging_mixin.py:137} INFO - [2024-03-20T22:18:18.817-0300] {dag.py:3456} INFO - Setting next_dagrun for tutorial to 2024-03-20T01:18:18.817010+00:00, run_after=2024-03-21T01:18:18.817010+00:00
[2024-03-20T22:18:18.833-0300] {processor.py:175} INFO - Processing /home/carlosfalcone/.local/lib/python3.7/site-packages/airflow/example_dags/tutorial.py took 0.053 seconds
[2024-03-21T11:23:39.749-0300] {processor.py:153} INFO - Started process (PID=100) to work on /home/carlosfalcone/.local/lib/python3.7/site-packages/airflow/example_dags/tutorial.py
[2024-03-21T11:23:39.750-0300] {processor.py:743} INFO - Processing file /home/carlosfalcone/.local/lib/python3.7/site-packages/airflow/example_dags/tutorial.py for tasks to queue
[2024-03-21T11:23:39.750-0300] {logging_mixin.py:137} INFO - [2024-03-21T11:23:39.750-0300] {dagbag.py:532} INFO - Filling up the DagBag from /home/carlosfalcone/.local/lib/python3.7/site-packages/airflow/example_dags/tutorial.py
[2024-03-21T11:23:39.758-0300] {processor.py:753} INFO - DAG(s) dict_keys(['tutorial']) retrieved from /home/carlosfalcone/.local/lib/python3.7/site-packages/airflow/example_dags/tutorial.py
[2024-03-21T11:23:39.770-0300] {logging_mixin.py:137} INFO - [2024-03-21T11:23:39.770-0300] {dag.py:2705} INFO - Sync 1 DAGs
[2024-03-21T11:23:39.784-0300] {logging_mixin.py:137} INFO - [2024-03-21T11:23:39.784-0300] {dag.py:3456} INFO - Setting next_dagrun for tutorial to 2024-03-20T14:23:39.784382+00:00, run_after=2024-03-21T14:23:39.784382+00:00
[2024-03-21T11:23:39.799-0300] {processor.py:175} INFO - Processing /home/carlosfalcone/.local/lib/python3.7/site-packages/airflow/example_dags/tutorial.py took 0.052 seconds
[2024-03-21T11:24:18.213-0300] {processor.py:153} INFO - Started process (PID=313) to work on /home/carlosfalcone/.local/lib/python3.7/site-packages/airflow/example_dags/tutorial.py
[2024-03-21T11:24:18.214-0300] {processor.py:743} INFO - Processing file /home/carlosfalcone/.local/lib/python3.7/site-packages/airflow/example_dags/tutorial.py for tasks to queue
[2024-03-21T11:24:18.214-0300] {logging_mixin.py:137} INFO - [2024-03-21T11:24:18.214-0300] {dagbag.py:532} INFO - Filling up the DagBag from /home/carlosfalcone/.local/lib/python3.7/site-packages/airflow/example_dags/tutorial.py
[2024-03-21T11:24:18.223-0300] {processor.py:753} INFO - DAG(s) dict_keys(['tutorial']) retrieved from /home/carlosfalcone/.local/lib/python3.7/site-packages/airflow/example_dags/tutorial.py
[2024-03-21T11:24:18.234-0300] {logging_mixin.py:137} INFO - [2024-03-21T11:24:18.234-0300] {dag.py:2705} INFO - Sync 1 DAGs
[2024-03-21T11:24:18.248-0300] {logging_mixin.py:137} INFO - [2024-03-21T11:24:18.248-0300] {dag.py:3456} INFO - Setting next_dagrun for tutorial to 2024-03-20T14:24:18.247933+00:00, run_after=2024-03-21T14:24:18.247933+00:00
[2024-03-21T11:24:18.263-0300] {processor.py:175} INFO - Processing /home/carlosfalcone/.local/lib/python3.7/site-packages/airflow/example_dags/tutorial.py took 0.052 seconds
[2024-03-21T11:24:58.177-0300] {processor.py:153} INFO - Started process (PID=415) to work on /home/carlosfalcone/.local/lib/python3.7/site-packages/airflow/example_dags/tutorial.py
[2024-03-21T11:24:58.178-0300] {processor.py:743} INFO - Processing file /home/carlosfalcone/.local/lib/python3.7/site-packages/airflow/example_dags/tutorial.py for tasks to queue
[2024-03-21T11:24:58.178-0300] {logging_mixin.py:137} INFO - [2024-03-21T11:24:58.178-0300] {dagbag.py:532} INFO - Filling up the DagBag from /home/carlosfalcone/.local/lib/python3.7/site-packages/airflow/example_dags/tutorial.py
[2024-03-21T11:24:58.186-0300] {processor.py:753} INFO - DAG(s) dict_keys(['tutorial']) retrieved from /home/carlosfalcone/.local/lib/python3.7/site-packages/airflow/example_dags/tutorial.py
[2024-03-21T11:24:58.199-0300] {logging_mixin.py:137} INFO - [2024-03-21T11:24:58.198-0300] {dag.py:2705} INFO - Sync 1 DAGs
[2024-03-21T11:24:58.213-0300] {logging_mixin.py:137} INFO - [2024-03-21T11:24:58.213-0300] {dag.py:3456} INFO - Setting next_dagrun for tutorial to 2024-03-20T14:24:58.213457+00:00, run_after=2024-03-21T14:24:58.213457+00:00
[2024-03-21T11:24:58.231-0300] {processor.py:175} INFO - Processing /home/carlosfalcone/.local/lib/python3.7/site-packages/airflow/example_dags/tutorial.py took 0.056 seconds
