[2024-03-20T22:08:55.772-0300] {processor.py:153} INFO - Started process (PID=264) to work on /home/carlosfalcone/.local/lib/python3.7/site-packages/airflow/example_dags/tutorial_taskflow_api_virtualenv.py
[2024-03-20T22:08:55.772-0300] {processor.py:743} INFO - Processing file /home/carlosfalcone/.local/lib/python3.7/site-packages/airflow/example_dags/tutorial_taskflow_api_virtualenv.py for tasks to queue
[2024-03-20T22:08:55.772-0300] {logging_mixin.py:137} INFO - [2024-03-20T22:08:55.772-0300] {dagbag.py:532} INFO - Filling up the DagBag from /home/carlosfalcone/.local/lib/python3.7/site-packages/airflow/example_dags/tutorial_taskflow_api_virtualenv.py
[2024-03-20T22:08:55.803-0300] {logging_mixin.py:137} INFO - [2024-03-20T22:08:55.803-0300] {tutorial_taskflow_api_virtualenv.py:29} WARNING - The tutorial_taskflow_api_virtualenv example DAG requires virtualenv, please install it.
[2024-03-20T22:08:55.803-0300] {processor.py:755} WARNING - No viable dags retrieved from /home/carlosfalcone/.local/lib/python3.7/site-packages/airflow/example_dags/tutorial_taskflow_api_virtualenv.py
[2024-03-20T22:08:55.808-0300] {processor.py:175} INFO - Processing /home/carlosfalcone/.local/lib/python3.7/site-packages/airflow/example_dags/tutorial_taskflow_api_virtualenv.py took 0.038 seconds
[2024-03-20T22:09:39.516-0300] {processor.py:153} INFO - Started process (PID=336) to work on /home/carlosfalcone/.local/lib/python3.7/site-packages/airflow/example_dags/tutorial_taskflow_api_virtualenv.py
[2024-03-20T22:09:39.517-0300] {processor.py:743} INFO - Processing file /home/carlosfalcone/.local/lib/python3.7/site-packages/airflow/example_dags/tutorial_taskflow_api_virtualenv.py for tasks to queue
[2024-03-20T22:09:39.517-0300] {logging_mixin.py:137} INFO - [2024-03-20T22:09:39.517-0300] {dagbag.py:532} INFO - Filling up the DagBag from /home/carlosfalcone/.local/lib/python3.7/site-packages/airflow/example_dags/tutorial_taskflow_api_virtualenv.py
[2024-03-20T22:09:39.548-0300] {logging_mixin.py:137} INFO - [2024-03-20T22:09:39.548-0300] {tutorial_taskflow_api_virtualenv.py:29} WARNING - The tutorial_taskflow_api_virtualenv example DAG requires virtualenv, please install it.
[2024-03-20T22:09:39.548-0300] {processor.py:755} WARNING - No viable dags retrieved from /home/carlosfalcone/.local/lib/python3.7/site-packages/airflow/example_dags/tutorial_taskflow_api_virtualenv.py
[2024-03-20T22:09:39.555-0300] {processor.py:175} INFO - Processing /home/carlosfalcone/.local/lib/python3.7/site-packages/airflow/example_dags/tutorial_taskflow_api_virtualenv.py took 0.040 seconds
[2024-03-20T22:10:16.632-0300] {processor.py:153} INFO - Started process (PID=561) to work on /home/carlosfalcone/.local/lib/python3.7/site-packages/airflow/example_dags/tutorial_taskflow_api_virtualenv.py
[2024-03-20T22:10:16.633-0300] {processor.py:743} INFO - Processing file /home/carlosfalcone/.local/lib/python3.7/site-packages/airflow/example_dags/tutorial_taskflow_api_virtualenv.py for tasks to queue
[2024-03-20T22:10:16.633-0300] {logging_mixin.py:137} INFO - [2024-03-20T22:10:16.633-0300] {dagbag.py:532} INFO - Filling up the DagBag from /home/carlosfalcone/.local/lib/python3.7/site-packages/airflow/example_dags/tutorial_taskflow_api_virtualenv.py
[2024-03-20T22:10:16.657-0300] {logging_mixin.py:137} INFO - [2024-03-20T22:10:16.657-0300] {tutorial_taskflow_api_virtualenv.py:29} WARNING - The tutorial_taskflow_api_virtualenv example DAG requires virtualenv, please install it.
[2024-03-20T22:10:16.658-0300] {processor.py:755} WARNING - No viable dags retrieved from /home/carlosfalcone/.local/lib/python3.7/site-packages/airflow/example_dags/tutorial_taskflow_api_virtualenv.py
[2024-03-20T22:10:16.663-0300] {processor.py:175} INFO - Processing /home/carlosfalcone/.local/lib/python3.7/site-packages/airflow/example_dags/tutorial_taskflow_api_virtualenv.py took 0.033 seconds
[2024-03-20T22:10:59.398-0300] {processor.py:153} INFO - Started process (PID=666) to work on /home/carlosfalcone/.local/lib/python3.7/site-packages/airflow/example_dags/tutorial_taskflow_api_virtualenv.py
[2024-03-20T22:10:59.399-0300] {processor.py:743} INFO - Processing file /home/carlosfalcone/.local/lib/python3.7/site-packages/airflow/example_dags/tutorial_taskflow_api_virtualenv.py for tasks to queue
[2024-03-20T22:10:59.400-0300] {logging_mixin.py:137} INFO - [2024-03-20T22:10:59.400-0300] {dagbag.py:532} INFO - Filling up the DagBag from /home/carlosfalcone/.local/lib/python3.7/site-packages/airflow/example_dags/tutorial_taskflow_api_virtualenv.py
[2024-03-20T22:10:59.423-0300] {logging_mixin.py:137} INFO - [2024-03-20T22:10:59.423-0300] {tutorial_taskflow_api_virtualenv.py:29} WARNING - The tutorial_taskflow_api_virtualenv example DAG requires virtualenv, please install it.
[2024-03-20T22:10:59.423-0300] {processor.py:755} WARNING - No viable dags retrieved from /home/carlosfalcone/.local/lib/python3.7/site-packages/airflow/example_dags/tutorial_taskflow_api_virtualenv.py
[2024-03-20T22:10:59.428-0300] {processor.py:175} INFO - Processing /home/carlosfalcone/.local/lib/python3.7/site-packages/airflow/example_dags/tutorial_taskflow_api_virtualenv.py took 0.032 seconds
[2024-03-20T22:11:33.556-0300] {processor.py:153} INFO - Started process (PID=754) to work on /home/carlosfalcone/.local/lib/python3.7/site-packages/airflow/example_dags/tutorial_taskflow_api_virtualenv.py
[2024-03-20T22:11:33.557-0300] {processor.py:743} INFO - Processing file /home/carlosfalcone/.local/lib/python3.7/site-packages/airflow/example_dags/tutorial_taskflow_api_virtualenv.py for tasks to queue
[2024-03-20T22:11:33.558-0300] {logging_mixin.py:137} INFO - [2024-03-20T22:11:33.557-0300] {dagbag.py:532} INFO - Filling up the DagBag from /home/carlosfalcone/.local/lib/python3.7/site-packages/airflow/example_dags/tutorial_taskflow_api_virtualenv.py
[2024-03-20T22:11:33.581-0300] {logging_mixin.py:137} INFO - [2024-03-20T22:11:33.581-0300] {tutorial_taskflow_api_virtualenv.py:29} WARNING - The tutorial_taskflow_api_virtualenv example DAG requires virtualenv, please install it.
[2024-03-20T22:11:33.581-0300] {processor.py:755} WARNING - No viable dags retrieved from /home/carlosfalcone/.local/lib/python3.7/site-packages/airflow/example_dags/tutorial_taskflow_api_virtualenv.py
[2024-03-20T22:11:33.586-0300] {processor.py:175} INFO - Processing /home/carlosfalcone/.local/lib/python3.7/site-packages/airflow/example_dags/tutorial_taskflow_api_virtualenv.py took 0.032 seconds
[2024-03-20T22:12:08.813-0300] {processor.py:153} INFO - Started process (PID=835) to work on /home/carlosfalcone/.local/lib/python3.7/site-packages/airflow/example_dags/tutorial_taskflow_api_virtualenv.py
[2024-03-20T22:12:08.814-0300] {processor.py:743} INFO - Processing file /home/carlosfalcone/.local/lib/python3.7/site-packages/airflow/example_dags/tutorial_taskflow_api_virtualenv.py for tasks to queue
[2024-03-20T22:12:08.814-0300] {logging_mixin.py:137} INFO - [2024-03-20T22:12:08.814-0300] {dagbag.py:532} INFO - Filling up the DagBag from /home/carlosfalcone/.local/lib/python3.7/site-packages/airflow/example_dags/tutorial_taskflow_api_virtualenv.py
[2024-03-20T22:12:08.836-0300] {logging_mixin.py:137} INFO - [2024-03-20T22:12:08.836-0300] {tutorial_taskflow_api_virtualenv.py:29} WARNING - The tutorial_taskflow_api_virtualenv example DAG requires virtualenv, please install it.
[2024-03-20T22:12:08.837-0300] {processor.py:755} WARNING - No viable dags retrieved from /home/carlosfalcone/.local/lib/python3.7/site-packages/airflow/example_dags/tutorial_taskflow_api_virtualenv.py
[2024-03-20T22:12:08.842-0300] {processor.py:175} INFO - Processing /home/carlosfalcone/.local/lib/python3.7/site-packages/airflow/example_dags/tutorial_taskflow_api_virtualenv.py took 0.031 seconds
[2024-03-20T22:12:45.409-0300] {processor.py:153} INFO - Started process (PID=929) to work on /home/carlosfalcone/.local/lib/python3.7/site-packages/airflow/example_dags/tutorial_taskflow_api_virtualenv.py
[2024-03-20T22:12:45.410-0300] {processor.py:743} INFO - Processing file /home/carlosfalcone/.local/lib/python3.7/site-packages/airflow/example_dags/tutorial_taskflow_api_virtualenv.py for tasks to queue
[2024-03-20T22:12:45.411-0300] {logging_mixin.py:137} INFO - [2024-03-20T22:12:45.410-0300] {dagbag.py:532} INFO - Filling up the DagBag from /home/carlosfalcone/.local/lib/python3.7/site-packages/airflow/example_dags/tutorial_taskflow_api_virtualenv.py
[2024-03-20T22:12:45.434-0300] {logging_mixin.py:137} INFO - [2024-03-20T22:12:45.434-0300] {tutorial_taskflow_api_virtualenv.py:29} WARNING - The tutorial_taskflow_api_virtualenv example DAG requires virtualenv, please install it.
[2024-03-20T22:12:45.434-0300] {processor.py:755} WARNING - No viable dags retrieved from /home/carlosfalcone/.local/lib/python3.7/site-packages/airflow/example_dags/tutorial_taskflow_api_virtualenv.py
[2024-03-20T22:12:45.439-0300] {processor.py:175} INFO - Processing /home/carlosfalcone/.local/lib/python3.7/site-packages/airflow/example_dags/tutorial_taskflow_api_virtualenv.py took 0.032 seconds
[2024-03-20T22:13:20.110-0300] {processor.py:153} INFO - Started process (PID=1015) to work on /home/carlosfalcone/.local/lib/python3.7/site-packages/airflow/example_dags/tutorial_taskflow_api_virtualenv.py
[2024-03-20T22:13:20.111-0300] {processor.py:743} INFO - Processing file /home/carlosfalcone/.local/lib/python3.7/site-packages/airflow/example_dags/tutorial_taskflow_api_virtualenv.py for tasks to queue
[2024-03-20T22:13:20.111-0300] {logging_mixin.py:137} INFO - [2024-03-20T22:13:20.111-0300] {dagbag.py:532} INFO - Filling up the DagBag from /home/carlosfalcone/.local/lib/python3.7/site-packages/airflow/example_dags/tutorial_taskflow_api_virtualenv.py
[2024-03-20T22:13:20.134-0300] {logging_mixin.py:137} INFO - [2024-03-20T22:13:20.134-0300] {tutorial_taskflow_api_virtualenv.py:29} WARNING - The tutorial_taskflow_api_virtualenv example DAG requires virtualenv, please install it.
[2024-03-20T22:13:20.134-0300] {processor.py:755} WARNING - No viable dags retrieved from /home/carlosfalcone/.local/lib/python3.7/site-packages/airflow/example_dags/tutorial_taskflow_api_virtualenv.py
[2024-03-20T22:13:20.140-0300] {processor.py:175} INFO - Processing /home/carlosfalcone/.local/lib/python3.7/site-packages/airflow/example_dags/tutorial_taskflow_api_virtualenv.py took 0.031 seconds
[2024-03-20T22:13:57.721-0300] {processor.py:153} INFO - Started process (PID=1101) to work on /home/carlosfalcone/.local/lib/python3.7/site-packages/airflow/example_dags/tutorial_taskflow_api_virtualenv.py
[2024-03-20T22:13:57.722-0300] {processor.py:743} INFO - Processing file /home/carlosfalcone/.local/lib/python3.7/site-packages/airflow/example_dags/tutorial_taskflow_api_virtualenv.py for tasks to queue
[2024-03-20T22:13:57.722-0300] {logging_mixin.py:137} INFO - [2024-03-20T22:13:57.722-0300] {dagbag.py:532} INFO - Filling up the DagBag from /home/carlosfalcone/.local/lib/python3.7/site-packages/airflow/example_dags/tutorial_taskflow_api_virtualenv.py
[2024-03-20T22:13:57.746-0300] {logging_mixin.py:137} INFO - [2024-03-20T22:13:57.746-0300] {tutorial_taskflow_api_virtualenv.py:29} WARNING - The tutorial_taskflow_api_virtualenv example DAG requires virtualenv, please install it.
[2024-03-20T22:13:57.746-0300] {processor.py:755} WARNING - No viable dags retrieved from /home/carlosfalcone/.local/lib/python3.7/site-packages/airflow/example_dags/tutorial_taskflow_api_virtualenv.py
[2024-03-20T22:13:57.752-0300] {processor.py:175} INFO - Processing /home/carlosfalcone/.local/lib/python3.7/site-packages/airflow/example_dags/tutorial_taskflow_api_virtualenv.py took 0.033 seconds
[2024-03-20T22:14:34.810-0300] {processor.py:153} INFO - Started process (PID=1140) to work on /home/carlosfalcone/.local/lib/python3.7/site-packages/airflow/example_dags/tutorial_taskflow_api_virtualenv.py
[2024-03-20T22:14:34.811-0300] {processor.py:743} INFO - Processing file /home/carlosfalcone/.local/lib/python3.7/site-packages/airflow/example_dags/tutorial_taskflow_api_virtualenv.py for tasks to queue
[2024-03-20T22:14:34.812-0300] {logging_mixin.py:137} INFO - [2024-03-20T22:14:34.812-0300] {dagbag.py:532} INFO - Filling up the DagBag from /home/carlosfalcone/.local/lib/python3.7/site-packages/airflow/example_dags/tutorial_taskflow_api_virtualenv.py
[2024-03-20T22:14:34.835-0300] {logging_mixin.py:137} INFO - [2024-03-20T22:14:34.835-0300] {tutorial_taskflow_api_virtualenv.py:29} WARNING - The tutorial_taskflow_api_virtualenv example DAG requires virtualenv, please install it.
[2024-03-20T22:14:34.835-0300] {processor.py:755} WARNING - No viable dags retrieved from /home/carlosfalcone/.local/lib/python3.7/site-packages/airflow/example_dags/tutorial_taskflow_api_virtualenv.py
[2024-03-20T22:14:34.841-0300] {processor.py:175} INFO - Processing /home/carlosfalcone/.local/lib/python3.7/site-packages/airflow/example_dags/tutorial_taskflow_api_virtualenv.py took 0.032 seconds
[2024-03-20T22:15:15.996-0300] {processor.py:153} INFO - Started process (PID=1236) to work on /home/carlosfalcone/.local/lib/python3.7/site-packages/airflow/example_dags/tutorial_taskflow_api_virtualenv.py
[2024-03-20T22:15:15.997-0300] {processor.py:743} INFO - Processing file /home/carlosfalcone/.local/lib/python3.7/site-packages/airflow/example_dags/tutorial_taskflow_api_virtualenv.py for tasks to queue
[2024-03-20T22:15:15.998-0300] {logging_mixin.py:137} INFO - [2024-03-20T22:15:15.997-0300] {dagbag.py:532} INFO - Filling up the DagBag from /home/carlosfalcone/.local/lib/python3.7/site-packages/airflow/example_dags/tutorial_taskflow_api_virtualenv.py
[2024-03-20T22:15:16.022-0300] {logging_mixin.py:137} INFO - [2024-03-20T22:15:16.022-0300] {tutorial_taskflow_api_virtualenv.py:29} WARNING - The tutorial_taskflow_api_virtualenv example DAG requires virtualenv, please install it.
[2024-03-20T22:15:16.023-0300] {processor.py:755} WARNING - No viable dags retrieved from /home/carlosfalcone/.local/lib/python3.7/site-packages/airflow/example_dags/tutorial_taskflow_api_virtualenv.py
[2024-03-20T22:15:16.028-0300] {processor.py:175} INFO - Processing /home/carlosfalcone/.local/lib/python3.7/site-packages/airflow/example_dags/tutorial_taskflow_api_virtualenv.py took 0.034 seconds
[2024-03-20T22:15:53.368-0300] {processor.py:153} INFO - Started process (PID=1332) to work on /home/carlosfalcone/.local/lib/python3.7/site-packages/airflow/example_dags/tutorial_taskflow_api_virtualenv.py
[2024-03-20T22:15:53.369-0300] {processor.py:743} INFO - Processing file /home/carlosfalcone/.local/lib/python3.7/site-packages/airflow/example_dags/tutorial_taskflow_api_virtualenv.py for tasks to queue
[2024-03-20T22:15:53.370-0300] {logging_mixin.py:137} INFO - [2024-03-20T22:15:53.370-0300] {dagbag.py:532} INFO - Filling up the DagBag from /home/carlosfalcone/.local/lib/python3.7/site-packages/airflow/example_dags/tutorial_taskflow_api_virtualenv.py
[2024-03-20T22:15:53.393-0300] {logging_mixin.py:137} INFO - [2024-03-20T22:15:53.393-0300] {tutorial_taskflow_api_virtualenv.py:29} WARNING - The tutorial_taskflow_api_virtualenv example DAG requires virtualenv, please install it.
[2024-03-20T22:15:53.393-0300] {processor.py:755} WARNING - No viable dags retrieved from /home/carlosfalcone/.local/lib/python3.7/site-packages/airflow/example_dags/tutorial_taskflow_api_virtualenv.py
[2024-03-20T22:15:53.399-0300] {processor.py:175} INFO - Processing /home/carlosfalcone/.local/lib/python3.7/site-packages/airflow/example_dags/tutorial_taskflow_api_virtualenv.py took 0.032 seconds
[2024-03-20T22:16:26.695-0300] {processor.py:153} INFO - Started process (PID=1422) to work on /home/carlosfalcone/.local/lib/python3.7/site-packages/airflow/example_dags/tutorial_taskflow_api_virtualenv.py
[2024-03-20T22:16:26.696-0300] {processor.py:743} INFO - Processing file /home/carlosfalcone/.local/lib/python3.7/site-packages/airflow/example_dags/tutorial_taskflow_api_virtualenv.py for tasks to queue
[2024-03-20T22:16:26.697-0300] {logging_mixin.py:137} INFO - [2024-03-20T22:16:26.697-0300] {dagbag.py:532} INFO - Filling up the DagBag from /home/carlosfalcone/.local/lib/python3.7/site-packages/airflow/example_dags/tutorial_taskflow_api_virtualenv.py
[2024-03-20T22:16:26.721-0300] {logging_mixin.py:137} INFO - [2024-03-20T22:16:26.721-0300] {tutorial_taskflow_api_virtualenv.py:29} WARNING - The tutorial_taskflow_api_virtualenv example DAG requires virtualenv, please install it.
[2024-03-20T22:16:26.721-0300] {processor.py:755} WARNING - No viable dags retrieved from /home/carlosfalcone/.local/lib/python3.7/site-packages/airflow/example_dags/tutorial_taskflow_api_virtualenv.py
[2024-03-20T22:16:26.727-0300] {processor.py:175} INFO - Processing /home/carlosfalcone/.local/lib/python3.7/site-packages/airflow/example_dags/tutorial_taskflow_api_virtualenv.py took 0.033 seconds
[2024-03-20T22:17:01.968-0300] {processor.py:153} INFO - Started process (PID=1512) to work on /home/carlosfalcone/.local/lib/python3.7/site-packages/airflow/example_dags/tutorial_taskflow_api_virtualenv.py
[2024-03-20T22:17:01.969-0300] {processor.py:743} INFO - Processing file /home/carlosfalcone/.local/lib/python3.7/site-packages/airflow/example_dags/tutorial_taskflow_api_virtualenv.py for tasks to queue
[2024-03-20T22:17:01.970-0300] {logging_mixin.py:137} INFO - [2024-03-20T22:17:01.969-0300] {dagbag.py:532} INFO - Filling up the DagBag from /home/carlosfalcone/.local/lib/python3.7/site-packages/airflow/example_dags/tutorial_taskflow_api_virtualenv.py
[2024-03-20T22:17:01.993-0300] {logging_mixin.py:137} INFO - [2024-03-20T22:17:01.993-0300] {tutorial_taskflow_api_virtualenv.py:29} WARNING - The tutorial_taskflow_api_virtualenv example DAG requires virtualenv, please install it.
[2024-03-20T22:17:01.993-0300] {processor.py:755} WARNING - No viable dags retrieved from /home/carlosfalcone/.local/lib/python3.7/site-packages/airflow/example_dags/tutorial_taskflow_api_virtualenv.py
[2024-03-20T22:17:01.999-0300] {processor.py:175} INFO - Processing /home/carlosfalcone/.local/lib/python3.7/site-packages/airflow/example_dags/tutorial_taskflow_api_virtualenv.py took 0.032 seconds
[2024-03-20T22:17:39.111-0300] {processor.py:153} INFO - Started process (PID=1604) to work on /home/carlosfalcone/.local/lib/python3.7/site-packages/airflow/example_dags/tutorial_taskflow_api_virtualenv.py
[2024-03-20T22:17:39.112-0300] {processor.py:743} INFO - Processing file /home/carlosfalcone/.local/lib/python3.7/site-packages/airflow/example_dags/tutorial_taskflow_api_virtualenv.py for tasks to queue
[2024-03-20T22:17:39.112-0300] {logging_mixin.py:137} INFO - [2024-03-20T22:17:39.112-0300] {dagbag.py:532} INFO - Filling up the DagBag from /home/carlosfalcone/.local/lib/python3.7/site-packages/airflow/example_dags/tutorial_taskflow_api_virtualenv.py
[2024-03-20T22:17:39.135-0300] {logging_mixin.py:137} INFO - [2024-03-20T22:17:39.135-0300] {tutorial_taskflow_api_virtualenv.py:29} WARNING - The tutorial_taskflow_api_virtualenv example DAG requires virtualenv, please install it.
[2024-03-20T22:17:39.136-0300] {processor.py:755} WARNING - No viable dags retrieved from /home/carlosfalcone/.local/lib/python3.7/site-packages/airflow/example_dags/tutorial_taskflow_api_virtualenv.py
[2024-03-20T22:17:39.141-0300] {processor.py:175} INFO - Processing /home/carlosfalcone/.local/lib/python3.7/site-packages/airflow/example_dags/tutorial_taskflow_api_virtualenv.py took 0.032 seconds
[2024-03-20T22:18:14.223-0300] {processor.py:153} INFO - Started process (PID=1697) to work on /home/carlosfalcone/.local/lib/python3.7/site-packages/airflow/example_dags/tutorial_taskflow_api_virtualenv.py
[2024-03-20T22:18:14.224-0300] {processor.py:743} INFO - Processing file /home/carlosfalcone/.local/lib/python3.7/site-packages/airflow/example_dags/tutorial_taskflow_api_virtualenv.py for tasks to queue
[2024-03-20T22:18:14.225-0300] {logging_mixin.py:137} INFO - [2024-03-20T22:18:14.225-0300] {dagbag.py:532} INFO - Filling up the DagBag from /home/carlosfalcone/.local/lib/python3.7/site-packages/airflow/example_dags/tutorial_taskflow_api_virtualenv.py
[2024-03-20T22:18:14.247-0300] {logging_mixin.py:137} INFO - [2024-03-20T22:18:14.247-0300] {tutorial_taskflow_api_virtualenv.py:29} WARNING - The tutorial_taskflow_api_virtualenv example DAG requires virtualenv, please install it.
[2024-03-20T22:18:14.247-0300] {processor.py:755} WARNING - No viable dags retrieved from /home/carlosfalcone/.local/lib/python3.7/site-packages/airflow/example_dags/tutorial_taskflow_api_virtualenv.py
[2024-03-20T22:18:14.253-0300] {processor.py:175} INFO - Processing /home/carlosfalcone/.local/lib/python3.7/site-packages/airflow/example_dags/tutorial_taskflow_api_virtualenv.py took 0.031 seconds
[2024-03-21T11:23:29.749-0300] {processor.py:153} INFO - Started process (PID=79) to work on /home/carlosfalcone/.local/lib/python3.7/site-packages/airflow/example_dags/tutorial_taskflow_api_virtualenv.py
[2024-03-21T11:23:29.750-0300] {processor.py:743} INFO - Processing file /home/carlosfalcone/.local/lib/python3.7/site-packages/airflow/example_dags/tutorial_taskflow_api_virtualenv.py for tasks to queue
[2024-03-21T11:23:29.750-0300] {logging_mixin.py:137} INFO - [2024-03-21T11:23:29.750-0300] {dagbag.py:532} INFO - Filling up the DagBag from /home/carlosfalcone/.local/lib/python3.7/site-packages/airflow/example_dags/tutorial_taskflow_api_virtualenv.py
[2024-03-21T11:23:29.784-0300] {logging_mixin.py:137} INFO - [2024-03-21T11:23:29.784-0300] {tutorial_taskflow_api_virtualenv.py:29} WARNING - The tutorial_taskflow_api_virtualenv example DAG requires virtualenv, please install it.
[2024-03-21T11:23:29.784-0300] {processor.py:755} WARNING - No viable dags retrieved from /home/carlosfalcone/.local/lib/python3.7/site-packages/airflow/example_dags/tutorial_taskflow_api_virtualenv.py
[2024-03-21T11:23:29.789-0300] {processor.py:175} INFO - Processing /home/carlosfalcone/.local/lib/python3.7/site-packages/airflow/example_dags/tutorial_taskflow_api_virtualenv.py took 0.042 seconds
[2024-03-21T11:24:09.067-0300] {processor.py:153} INFO - Started process (PID=291) to work on /home/carlosfalcone/.local/lib/python3.7/site-packages/airflow/example_dags/tutorial_taskflow_api_virtualenv.py
[2024-03-21T11:24:09.068-0300] {processor.py:743} INFO - Processing file /home/carlosfalcone/.local/lib/python3.7/site-packages/airflow/example_dags/tutorial_taskflow_api_virtualenv.py for tasks to queue
[2024-03-21T11:24:09.068-0300] {logging_mixin.py:137} INFO - [2024-03-21T11:24:09.068-0300] {dagbag.py:532} INFO - Filling up the DagBag from /home/carlosfalcone/.local/lib/python3.7/site-packages/airflow/example_dags/tutorial_taskflow_api_virtualenv.py
[2024-03-21T11:24:09.094-0300] {logging_mixin.py:137} INFO - [2024-03-21T11:24:09.094-0300] {tutorial_taskflow_api_virtualenv.py:29} WARNING - The tutorial_taskflow_api_virtualenv example DAG requires virtualenv, please install it.
[2024-03-21T11:24:09.094-0300] {processor.py:755} WARNING - No viable dags retrieved from /home/carlosfalcone/.local/lib/python3.7/site-packages/airflow/example_dags/tutorial_taskflow_api_virtualenv.py
[2024-03-21T11:24:09.099-0300] {processor.py:175} INFO - Processing /home/carlosfalcone/.local/lib/python3.7/site-packages/airflow/example_dags/tutorial_taskflow_api_virtualenv.py took 0.034 seconds
[2024-03-21T11:24:46.764-0300] {processor.py:153} INFO - Started process (PID=386) to work on /home/carlosfalcone/.local/lib/python3.7/site-packages/airflow/example_dags/tutorial_taskflow_api_virtualenv.py
[2024-03-21T11:24:46.765-0300] {processor.py:743} INFO - Processing file /home/carlosfalcone/.local/lib/python3.7/site-packages/airflow/example_dags/tutorial_taskflow_api_virtualenv.py for tasks to queue
[2024-03-21T11:24:46.765-0300] {logging_mixin.py:137} INFO - [2024-03-21T11:24:46.765-0300] {dagbag.py:532} INFO - Filling up the DagBag from /home/carlosfalcone/.local/lib/python3.7/site-packages/airflow/example_dags/tutorial_taskflow_api_virtualenv.py
[2024-03-21T11:24:46.790-0300] {logging_mixin.py:137} INFO - [2024-03-21T11:24:46.790-0300] {tutorial_taskflow_api_virtualenv.py:29} WARNING - The tutorial_taskflow_api_virtualenv example DAG requires virtualenv, please install it.
[2024-03-21T11:24:46.790-0300] {processor.py:755} WARNING - No viable dags retrieved from /home/carlosfalcone/.local/lib/python3.7/site-packages/airflow/example_dags/tutorial_taskflow_api_virtualenv.py
[2024-03-21T11:24:46.796-0300] {processor.py:175} INFO - Processing /home/carlosfalcone/.local/lib/python3.7/site-packages/airflow/example_dags/tutorial_taskflow_api_virtualenv.py took 0.033 seconds
