[2024-03-20T22:09:10.114-0300] {processor.py:153} INFO - Started process (PID=304) to work on /home/carlosfalcone/.local/lib/python3.7/site-packages/airflow/example_dags/tutorial_taskflow_api.py
[2024-03-20T22:09:10.115-0300] {processor.py:743} INFO - Processing file /home/carlosfalcone/.local/lib/python3.7/site-packages/airflow/example_dags/tutorial_taskflow_api.py for tasks to queue
[2024-03-20T22:09:10.115-0300] {logging_mixin.py:137} INFO - [2024-03-20T22:09:10.115-0300] {dagbag.py:532} INFO - Filling up the DagBag from /home/carlosfalcone/.local/lib/python3.7/site-packages/airflow/example_dags/tutorial_taskflow_api.py
[2024-03-20T22:09:10.128-0300] {processor.py:753} INFO - DAG(s) dict_keys(['tutorial_taskflow_api']) retrieved from /home/carlosfalcone/.local/lib/python3.7/site-packages/airflow/example_dags/tutorial_taskflow_api.py
[2024-03-20T22:09:10.195-0300] {logging_mixin.py:137} INFO - [2024-03-20T22:09:10.195-0300] {manager.py:504} INFO - Created Permission View: can delete on DAG:tutorial_taskflow_api
[2024-03-20T22:09:10.205-0300] {logging_mixin.py:137} INFO - [2024-03-20T22:09:10.205-0300] {manager.py:504} INFO - Created Permission View: can read on DAG:tutorial_taskflow_api
[2024-03-20T22:09:10.212-0300] {logging_mixin.py:137} INFO - [2024-03-20T22:09:10.212-0300] {manager.py:504} INFO - Created Permission View: can edit on DAG:tutorial_taskflow_api
[2024-03-20T22:09:10.212-0300] {logging_mixin.py:137} INFO - [2024-03-20T22:09:10.212-0300] {dag.py:2705} INFO - Sync 1 DAGs
[2024-03-20T22:09:10.220-0300] {logging_mixin.py:137} INFO - [2024-03-20T22:09:10.220-0300] {dag.py:2726} INFO - Creating ORM DAG for tutorial_taskflow_api
[2024-03-20T22:09:10.226-0300] {logging_mixin.py:137} INFO - [2024-03-20T22:09:10.226-0300] {dag.py:3456} INFO - Setting next_dagrun for tutorial_taskflow_api to None, run_after=None
[2024-03-20T22:09:10.241-0300] {processor.py:175} INFO - Processing /home/carlosfalcone/.local/lib/python3.7/site-packages/airflow/example_dags/tutorial_taskflow_api.py took 0.128 seconds
[2024-03-20T22:09:53.742-0300] {processor.py:153} INFO - Started process (PID=503) to work on /home/carlosfalcone/.local/lib/python3.7/site-packages/airflow/example_dags/tutorial_taskflow_api.py
[2024-03-20T22:09:53.743-0300] {processor.py:743} INFO - Processing file /home/carlosfalcone/.local/lib/python3.7/site-packages/airflow/example_dags/tutorial_taskflow_api.py for tasks to queue
[2024-03-20T22:09:53.744-0300] {logging_mixin.py:137} INFO - [2024-03-20T22:09:53.744-0300] {dagbag.py:532} INFO - Filling up the DagBag from /home/carlosfalcone/.local/lib/python3.7/site-packages/airflow/example_dags/tutorial_taskflow_api.py
[2024-03-20T22:09:53.759-0300] {processor.py:753} INFO - DAG(s) dict_keys(['tutorial_taskflow_api']) retrieved from /home/carlosfalcone/.local/lib/python3.7/site-packages/airflow/example_dags/tutorial_taskflow_api.py
[2024-03-20T22:09:53.771-0300] {logging_mixin.py:137} INFO - [2024-03-20T22:09:53.771-0300] {dag.py:2705} INFO - Sync 1 DAGs
[2024-03-20T22:09:53.785-0300] {logging_mixin.py:137} INFO - [2024-03-20T22:09:53.785-0300] {dag.py:3456} INFO - Setting next_dagrun for tutorial_taskflow_api to None, run_after=None
[2024-03-20T22:09:53.801-0300] {processor.py:175} INFO - Processing /home/carlosfalcone/.local/lib/python3.7/site-packages/airflow/example_dags/tutorial_taskflow_api.py took 0.060 seconds
[2024-03-20T22:10:33.798-0300] {processor.py:153} INFO - Started process (PID=605) to work on /home/carlosfalcone/.local/lib/python3.7/site-packages/airflow/example_dags/tutorial_taskflow_api.py
[2024-03-20T22:10:33.799-0300] {processor.py:743} INFO - Processing file /home/carlosfalcone/.local/lib/python3.7/site-packages/airflow/example_dags/tutorial_taskflow_api.py for tasks to queue
[2024-03-20T22:10:33.799-0300] {logging_mixin.py:137} INFO - [2024-03-20T22:10:33.799-0300] {dagbag.py:532} INFO - Filling up the DagBag from /home/carlosfalcone/.local/lib/python3.7/site-packages/airflow/example_dags/tutorial_taskflow_api.py
[2024-03-20T22:10:33.811-0300] {processor.py:753} INFO - DAG(s) dict_keys(['tutorial_taskflow_api']) retrieved from /home/carlosfalcone/.local/lib/python3.7/site-packages/airflow/example_dags/tutorial_taskflow_api.py
[2024-03-20T22:10:33.823-0300] {logging_mixin.py:137} INFO - [2024-03-20T22:10:33.823-0300] {dag.py:2705} INFO - Sync 1 DAGs
[2024-03-20T22:10:33.837-0300] {logging_mixin.py:137} INFO - [2024-03-20T22:10:33.837-0300] {dag.py:3456} INFO - Setting next_dagrun for tutorial_taskflow_api to None, run_after=None
[2024-03-20T22:10:33.852-0300] {processor.py:175} INFO - Processing /home/carlosfalcone/.local/lib/python3.7/site-packages/airflow/example_dags/tutorial_taskflow_api.py took 0.056 seconds
[2024-03-20T22:11:13.669-0300] {processor.py:153} INFO - Started process (PID=704) to work on /home/carlosfalcone/.local/lib/python3.7/site-packages/airflow/example_dags/tutorial_taskflow_api.py
[2024-03-20T22:11:13.670-0300] {processor.py:743} INFO - Processing file /home/carlosfalcone/.local/lib/python3.7/site-packages/airflow/example_dags/tutorial_taskflow_api.py for tasks to queue
[2024-03-20T22:11:13.671-0300] {logging_mixin.py:137} INFO - [2024-03-20T22:11:13.671-0300] {dagbag.py:532} INFO - Filling up the DagBag from /home/carlosfalcone/.local/lib/python3.7/site-packages/airflow/example_dags/tutorial_taskflow_api.py
[2024-03-20T22:11:13.684-0300] {processor.py:753} INFO - DAG(s) dict_keys(['tutorial_taskflow_api']) retrieved from /home/carlosfalcone/.local/lib/python3.7/site-packages/airflow/example_dags/tutorial_taskflow_api.py
[2024-03-20T22:11:13.696-0300] {logging_mixin.py:137} INFO - [2024-03-20T22:11:13.695-0300] {dag.py:2705} INFO - Sync 1 DAGs
[2024-03-20T22:11:13.711-0300] {logging_mixin.py:137} INFO - [2024-03-20T22:11:13.711-0300] {dag.py:3456} INFO - Setting next_dagrun for tutorial_taskflow_api to None, run_after=None
[2024-03-20T22:11:13.727-0300] {processor.py:175} INFO - Processing /home/carlosfalcone/.local/lib/python3.7/site-packages/airflow/example_dags/tutorial_taskflow_api.py took 0.059 seconds
[2024-03-20T22:11:59.374-0300] {processor.py:153} INFO - Started process (PID=810) to work on /home/carlosfalcone/.local/lib/python3.7/site-packages/airflow/example_dags/tutorial_taskflow_api.py
[2024-03-20T22:11:59.375-0300] {processor.py:743} INFO - Processing file /home/carlosfalcone/.local/lib/python3.7/site-packages/airflow/example_dags/tutorial_taskflow_api.py for tasks to queue
[2024-03-20T22:11:59.375-0300] {logging_mixin.py:137} INFO - [2024-03-20T22:11:59.375-0300] {dagbag.py:532} INFO - Filling up the DagBag from /home/carlosfalcone/.local/lib/python3.7/site-packages/airflow/example_dags/tutorial_taskflow_api.py
[2024-03-20T22:11:59.387-0300] {processor.py:753} INFO - DAG(s) dict_keys(['tutorial_taskflow_api']) retrieved from /home/carlosfalcone/.local/lib/python3.7/site-packages/airflow/example_dags/tutorial_taskflow_api.py
[2024-03-20T22:11:59.399-0300] {logging_mixin.py:137} INFO - [2024-03-20T22:11:59.399-0300] {dag.py:2705} INFO - Sync 1 DAGs
[2024-03-20T22:11:59.413-0300] {logging_mixin.py:137} INFO - [2024-03-20T22:11:59.413-0300] {dag.py:3456} INFO - Setting next_dagrun for tutorial_taskflow_api to None, run_after=None
[2024-03-20T22:11:59.429-0300] {processor.py:175} INFO - Processing /home/carlosfalcone/.local/lib/python3.7/site-packages/airflow/example_dags/tutorial_taskflow_api.py took 0.057 seconds
[2024-03-20T22:12:36.814-0300] {processor.py:153} INFO - Started process (PID=909) to work on /home/carlosfalcone/.local/lib/python3.7/site-packages/airflow/example_dags/tutorial_taskflow_api.py
[2024-03-20T22:12:36.815-0300] {processor.py:743} INFO - Processing file /home/carlosfalcone/.local/lib/python3.7/site-packages/airflow/example_dags/tutorial_taskflow_api.py for tasks to queue
[2024-03-20T22:12:36.815-0300] {logging_mixin.py:137} INFO - [2024-03-20T22:12:36.815-0300] {dagbag.py:532} INFO - Filling up the DagBag from /home/carlosfalcone/.local/lib/python3.7/site-packages/airflow/example_dags/tutorial_taskflow_api.py
[2024-03-20T22:12:36.827-0300] {processor.py:753} INFO - DAG(s) dict_keys(['tutorial_taskflow_api']) retrieved from /home/carlosfalcone/.local/lib/python3.7/site-packages/airflow/example_dags/tutorial_taskflow_api.py
[2024-03-20T22:12:36.839-0300] {logging_mixin.py:137} INFO - [2024-03-20T22:12:36.838-0300] {dag.py:2705} INFO - Sync 1 DAGs
[2024-03-20T22:12:36.852-0300] {logging_mixin.py:137} INFO - [2024-03-20T22:12:36.852-0300] {dag.py:3456} INFO - Setting next_dagrun for tutorial_taskflow_api to None, run_after=None
[2024-03-20T22:12:36.868-0300] {processor.py:175} INFO - Processing /home/carlosfalcone/.local/lib/python3.7/site-packages/airflow/example_dags/tutorial_taskflow_api.py took 0.056 seconds
[2024-03-20T22:13:21.856-0300] {processor.py:153} INFO - Started process (PID=1020) to work on /home/carlosfalcone/.local/lib/python3.7/site-packages/airflow/example_dags/tutorial_taskflow_api.py
[2024-03-20T22:13:21.857-0300] {processor.py:743} INFO - Processing file /home/carlosfalcone/.local/lib/python3.7/site-packages/airflow/example_dags/tutorial_taskflow_api.py for tasks to queue
[2024-03-20T22:13:21.857-0300] {logging_mixin.py:137} INFO - [2024-03-20T22:13:21.857-0300] {dagbag.py:532} INFO - Filling up the DagBag from /home/carlosfalcone/.local/lib/python3.7/site-packages/airflow/example_dags/tutorial_taskflow_api.py
[2024-03-20T22:13:21.869-0300] {processor.py:753} INFO - DAG(s) dict_keys(['tutorial_taskflow_api']) retrieved from /home/carlosfalcone/.local/lib/python3.7/site-packages/airflow/example_dags/tutorial_taskflow_api.py
[2024-03-20T22:13:21.881-0300] {logging_mixin.py:137} INFO - [2024-03-20T22:13:21.881-0300] {dag.py:2705} INFO - Sync 1 DAGs
[2024-03-20T22:13:21.894-0300] {logging_mixin.py:137} INFO - [2024-03-20T22:13:21.894-0300] {dag.py:3456} INFO - Setting next_dagrun for tutorial_taskflow_api to None, run_after=None
[2024-03-20T22:13:21.910-0300] {processor.py:175} INFO - Processing /home/carlosfalcone/.local/lib/python3.7/site-packages/airflow/example_dags/tutorial_taskflow_api.py took 0.056 seconds
[2024-03-20T22:14:01.111-0300] {processor.py:153} INFO - Started process (PID=1104) to work on /home/carlosfalcone/.local/lib/python3.7/site-packages/airflow/example_dags/tutorial_taskflow_api.py
[2024-03-20T22:14:01.112-0300] {processor.py:743} INFO - Processing file /home/carlosfalcone/.local/lib/python3.7/site-packages/airflow/example_dags/tutorial_taskflow_api.py for tasks to queue
[2024-03-20T22:14:01.113-0300] {logging_mixin.py:137} INFO - [2024-03-20T22:14:01.113-0300] {dagbag.py:532} INFO - Filling up the DagBag from /home/carlosfalcone/.local/lib/python3.7/site-packages/airflow/example_dags/tutorial_taskflow_api.py
[2024-03-20T22:14:01.125-0300] {processor.py:753} INFO - DAG(s) dict_keys(['tutorial_taskflow_api']) retrieved from /home/carlosfalcone/.local/lib/python3.7/site-packages/airflow/example_dags/tutorial_taskflow_api.py
[2024-03-20T22:14:01.136-0300] {logging_mixin.py:137} INFO - [2024-03-20T22:14:01.136-0300] {dag.py:2705} INFO - Sync 1 DAGs
[2024-03-20T22:14:01.150-0300] {logging_mixin.py:137} INFO - [2024-03-20T22:14:01.150-0300] {dag.py:3456} INFO - Setting next_dagrun for tutorial_taskflow_api to None, run_after=None
[2024-03-20T22:14:01.167-0300] {processor.py:175} INFO - Processing /home/carlosfalcone/.local/lib/python3.7/site-packages/airflow/example_dags/tutorial_taskflow_api.py took 0.057 seconds
[2024-03-20T22:14:37.802-0300] {processor.py:153} INFO - Started process (PID=1143) to work on /home/carlosfalcone/.local/lib/python3.7/site-packages/airflow/example_dags/tutorial_taskflow_api.py
[2024-03-20T22:14:37.803-0300] {processor.py:743} INFO - Processing file /home/carlosfalcone/.local/lib/python3.7/site-packages/airflow/example_dags/tutorial_taskflow_api.py for tasks to queue
[2024-03-20T22:14:37.803-0300] {logging_mixin.py:137} INFO - [2024-03-20T22:14:37.803-0300] {dagbag.py:532} INFO - Filling up the DagBag from /home/carlosfalcone/.local/lib/python3.7/site-packages/airflow/example_dags/tutorial_taskflow_api.py
[2024-03-20T22:14:37.815-0300] {processor.py:753} INFO - DAG(s) dict_keys(['tutorial_taskflow_api']) retrieved from /home/carlosfalcone/.local/lib/python3.7/site-packages/airflow/example_dags/tutorial_taskflow_api.py
[2024-03-20T22:14:37.826-0300] {logging_mixin.py:137} INFO - [2024-03-20T22:14:37.826-0300] {dag.py:2705} INFO - Sync 1 DAGs
[2024-03-20T22:14:37.840-0300] {logging_mixin.py:137} INFO - [2024-03-20T22:14:37.840-0300] {dag.py:3456} INFO - Setting next_dagrun for tutorial_taskflow_api to None, run_after=None
[2024-03-20T22:14:37.856-0300] {processor.py:175} INFO - Processing /home/carlosfalcone/.local/lib/python3.7/site-packages/airflow/example_dags/tutorial_taskflow_api.py took 0.056 seconds
[2024-03-20T22:15:19.996-0300] {processor.py:153} INFO - Started process (PID=1246) to work on /home/carlosfalcone/.local/lib/python3.7/site-packages/airflow/example_dags/tutorial_taskflow_api.py
[2024-03-20T22:15:19.997-0300] {processor.py:743} INFO - Processing file /home/carlosfalcone/.local/lib/python3.7/site-packages/airflow/example_dags/tutorial_taskflow_api.py for tasks to queue
[2024-03-20T22:15:19.997-0300] {logging_mixin.py:137} INFO - [2024-03-20T22:15:19.997-0300] {dagbag.py:532} INFO - Filling up the DagBag from /home/carlosfalcone/.local/lib/python3.7/site-packages/airflow/example_dags/tutorial_taskflow_api.py
[2024-03-20T22:15:20.009-0300] {processor.py:753} INFO - DAG(s) dict_keys(['tutorial_taskflow_api']) retrieved from /home/carlosfalcone/.local/lib/python3.7/site-packages/airflow/example_dags/tutorial_taskflow_api.py
[2024-03-20T22:15:20.021-0300] {logging_mixin.py:137} INFO - [2024-03-20T22:15:20.021-0300] {dag.py:2705} INFO - Sync 1 DAGs
[2024-03-20T22:15:20.035-0300] {logging_mixin.py:137} INFO - [2024-03-20T22:15:20.034-0300] {dag.py:3456} INFO - Setting next_dagrun for tutorial_taskflow_api to None, run_after=None
[2024-03-20T22:15:20.049-0300] {processor.py:175} INFO - Processing /home/carlosfalcone/.local/lib/python3.7/site-packages/airflow/example_dags/tutorial_taskflow_api.py took 0.055 seconds
[2024-03-20T22:15:56.982-0300] {processor.py:153} INFO - Started process (PID=1342) to work on /home/carlosfalcone/.local/lib/python3.7/site-packages/airflow/example_dags/tutorial_taskflow_api.py
[2024-03-20T22:15:56.983-0300] {processor.py:743} INFO - Processing file /home/carlosfalcone/.local/lib/python3.7/site-packages/airflow/example_dags/tutorial_taskflow_api.py for tasks to queue
[2024-03-20T22:15:56.983-0300] {logging_mixin.py:137} INFO - [2024-03-20T22:15:56.983-0300] {dagbag.py:532} INFO - Filling up the DagBag from /home/carlosfalcone/.local/lib/python3.7/site-packages/airflow/example_dags/tutorial_taskflow_api.py
[2024-03-20T22:15:56.995-0300] {processor.py:753} INFO - DAG(s) dict_keys(['tutorial_taskflow_api']) retrieved from /home/carlosfalcone/.local/lib/python3.7/site-packages/airflow/example_dags/tutorial_taskflow_api.py
[2024-03-20T22:15:57.007-0300] {logging_mixin.py:137} INFO - [2024-03-20T22:15:57.007-0300] {dag.py:2705} INFO - Sync 1 DAGs
[2024-03-20T22:15:57.020-0300] {logging_mixin.py:137} INFO - [2024-03-20T22:15:57.020-0300] {dag.py:3456} INFO - Setting next_dagrun for tutorial_taskflow_api to None, run_after=None
[2024-03-20T22:15:57.036-0300] {processor.py:175} INFO - Processing /home/carlosfalcone/.local/lib/python3.7/site-packages/airflow/example_dags/tutorial_taskflow_api.py took 0.056 seconds
[2024-03-20T22:16:42.033-0300] {processor.py:153} INFO - Started process (PID=1462) to work on /home/carlosfalcone/.local/lib/python3.7/site-packages/airflow/example_dags/tutorial_taskflow_api.py
[2024-03-20T22:16:42.034-0300] {processor.py:743} INFO - Processing file /home/carlosfalcone/.local/lib/python3.7/site-packages/airflow/example_dags/tutorial_taskflow_api.py for tasks to queue
[2024-03-20T22:16:42.034-0300] {logging_mixin.py:137} INFO - [2024-03-20T22:16:42.034-0300] {dagbag.py:532} INFO - Filling up the DagBag from /home/carlosfalcone/.local/lib/python3.7/site-packages/airflow/example_dags/tutorial_taskflow_api.py
[2024-03-20T22:16:42.047-0300] {processor.py:753} INFO - DAG(s) dict_keys(['tutorial_taskflow_api']) retrieved from /home/carlosfalcone/.local/lib/python3.7/site-packages/airflow/example_dags/tutorial_taskflow_api.py
[2024-03-20T22:16:42.059-0300] {logging_mixin.py:137} INFO - [2024-03-20T22:16:42.059-0300] {dag.py:2705} INFO - Sync 1 DAGs
[2024-03-20T22:16:42.073-0300] {logging_mixin.py:137} INFO - [2024-03-20T22:16:42.073-0300] {dag.py:3456} INFO - Setting next_dagrun for tutorial_taskflow_api to None, run_after=None
[2024-03-20T22:16:42.089-0300] {processor.py:175} INFO - Processing /home/carlosfalcone/.local/lib/python3.7/site-packages/airflow/example_dags/tutorial_taskflow_api.py took 0.057 seconds
[2024-03-20T22:17:19.035-0300] {processor.py:153} INFO - Started process (PID=1553) to work on /home/carlosfalcone/.local/lib/python3.7/site-packages/airflow/example_dags/tutorial_taskflow_api.py
[2024-03-20T22:17:19.035-0300] {processor.py:743} INFO - Processing file /home/carlosfalcone/.local/lib/python3.7/site-packages/airflow/example_dags/tutorial_taskflow_api.py for tasks to queue
[2024-03-20T22:17:19.036-0300] {logging_mixin.py:137} INFO - [2024-03-20T22:17:19.036-0300] {dagbag.py:532} INFO - Filling up the DagBag from /home/carlosfalcone/.local/lib/python3.7/site-packages/airflow/example_dags/tutorial_taskflow_api.py
[2024-03-20T22:17:19.048-0300] {processor.py:753} INFO - DAG(s) dict_keys(['tutorial_taskflow_api']) retrieved from /home/carlosfalcone/.local/lib/python3.7/site-packages/airflow/example_dags/tutorial_taskflow_api.py
[2024-03-20T22:17:19.060-0300] {logging_mixin.py:137} INFO - [2024-03-20T22:17:19.060-0300] {dag.py:2705} INFO - Sync 1 DAGs
[2024-03-20T22:17:19.074-0300] {logging_mixin.py:137} INFO - [2024-03-20T22:17:19.074-0300] {dag.py:3456} INFO - Setting next_dagrun for tutorial_taskflow_api to None, run_after=None
[2024-03-20T22:17:19.090-0300] {processor.py:175} INFO - Processing /home/carlosfalcone/.local/lib/python3.7/site-packages/airflow/example_dags/tutorial_taskflow_api.py took 0.057 seconds
[2024-03-20T22:17:55.577-0300] {processor.py:153} INFO - Started process (PID=1651) to work on /home/carlosfalcone/.local/lib/python3.7/site-packages/airflow/example_dags/tutorial_taskflow_api.py
[2024-03-20T22:17:55.579-0300] {processor.py:743} INFO - Processing file /home/carlosfalcone/.local/lib/python3.7/site-packages/airflow/example_dags/tutorial_taskflow_api.py for tasks to queue
[2024-03-20T22:17:55.579-0300] {logging_mixin.py:137} INFO - [2024-03-20T22:17:55.579-0300] {dagbag.py:532} INFO - Filling up the DagBag from /home/carlosfalcone/.local/lib/python3.7/site-packages/airflow/example_dags/tutorial_taskflow_api.py
[2024-03-20T22:17:55.592-0300] {processor.py:753} INFO - DAG(s) dict_keys(['tutorial_taskflow_api']) retrieved from /home/carlosfalcone/.local/lib/python3.7/site-packages/airflow/example_dags/tutorial_taskflow_api.py
[2024-03-20T22:17:55.604-0300] {logging_mixin.py:137} INFO - [2024-03-20T22:17:55.604-0300] {dag.py:2705} INFO - Sync 1 DAGs
[2024-03-20T22:17:55.618-0300] {logging_mixin.py:137} INFO - [2024-03-20T22:17:55.618-0300] {dag.py:3456} INFO - Setting next_dagrun for tutorial_taskflow_api to None, run_after=None
[2024-03-20T22:17:55.635-0300] {processor.py:175} INFO - Processing /home/carlosfalcone/.local/lib/python3.7/site-packages/airflow/example_dags/tutorial_taskflow_api.py took 0.059 seconds
[2024-03-21T11:23:43.388-0300] {processor.py:153} INFO - Started process (PID=104) to work on /home/carlosfalcone/.local/lib/python3.7/site-packages/airflow/example_dags/tutorial_taskflow_api.py
[2024-03-21T11:23:43.389-0300] {processor.py:743} INFO - Processing file /home/carlosfalcone/.local/lib/python3.7/site-packages/airflow/example_dags/tutorial_taskflow_api.py for tasks to queue
[2024-03-21T11:23:43.389-0300] {logging_mixin.py:137} INFO - [2024-03-21T11:23:43.389-0300] {dagbag.py:532} INFO - Filling up the DagBag from /home/carlosfalcone/.local/lib/python3.7/site-packages/airflow/example_dags/tutorial_taskflow_api.py
[2024-03-21T11:23:43.402-0300] {processor.py:753} INFO - DAG(s) dict_keys(['tutorial_taskflow_api']) retrieved from /home/carlosfalcone/.local/lib/python3.7/site-packages/airflow/example_dags/tutorial_taskflow_api.py
[2024-03-21T11:23:43.414-0300] {logging_mixin.py:137} INFO - [2024-03-21T11:23:43.414-0300] {dag.py:2705} INFO - Sync 1 DAGs
[2024-03-21T11:23:43.427-0300] {logging_mixin.py:137} INFO - [2024-03-21T11:23:43.427-0300] {dag.py:3456} INFO - Setting next_dagrun for tutorial_taskflow_api to None, run_after=None
[2024-03-21T11:23:43.444-0300] {processor.py:175} INFO - Processing /home/carlosfalcone/.local/lib/python3.7/site-packages/airflow/example_dags/tutorial_taskflow_api.py took 0.058 seconds
[2024-03-21T11:24:22.220-0300] {processor.py:153} INFO - Started process (PID=323) to work on /home/carlosfalcone/.local/lib/python3.7/site-packages/airflow/example_dags/tutorial_taskflow_api.py
[2024-03-21T11:24:22.221-0300] {processor.py:743} INFO - Processing file /home/carlosfalcone/.local/lib/python3.7/site-packages/airflow/example_dags/tutorial_taskflow_api.py for tasks to queue
[2024-03-21T11:24:22.222-0300] {logging_mixin.py:137} INFO - [2024-03-21T11:24:22.222-0300] {dagbag.py:532} INFO - Filling up the DagBag from /home/carlosfalcone/.local/lib/python3.7/site-packages/airflow/example_dags/tutorial_taskflow_api.py
[2024-03-21T11:24:22.235-0300] {processor.py:753} INFO - DAG(s) dict_keys(['tutorial_taskflow_api']) retrieved from /home/carlosfalcone/.local/lib/python3.7/site-packages/airflow/example_dags/tutorial_taskflow_api.py
[2024-03-21T11:24:22.246-0300] {logging_mixin.py:137} INFO - [2024-03-21T11:24:22.246-0300] {dag.py:2705} INFO - Sync 1 DAGs
[2024-03-21T11:24:22.259-0300] {logging_mixin.py:137} INFO - [2024-03-21T11:24:22.259-0300] {dag.py:3456} INFO - Setting next_dagrun for tutorial_taskflow_api to None, run_after=None
[2024-03-21T11:24:22.275-0300] {processor.py:175} INFO - Processing /home/carlosfalcone/.local/lib/python3.7/site-packages/airflow/example_dags/tutorial_taskflow_api.py took 0.056 seconds
[2024-03-21T11:25:02.175-0300] {processor.py:153} INFO - Started process (PID=425) to work on /home/carlosfalcone/.local/lib/python3.7/site-packages/airflow/example_dags/tutorial_taskflow_api.py
[2024-03-21T11:25:02.176-0300] {processor.py:743} INFO - Processing file /home/carlosfalcone/.local/lib/python3.7/site-packages/airflow/example_dags/tutorial_taskflow_api.py for tasks to queue
[2024-03-21T11:25:02.176-0300] {logging_mixin.py:137} INFO - [2024-03-21T11:25:02.176-0300] {dagbag.py:532} INFO - Filling up the DagBag from /home/carlosfalcone/.local/lib/python3.7/site-packages/airflow/example_dags/tutorial_taskflow_api.py
[2024-03-21T11:25:02.189-0300] {processor.py:753} INFO - DAG(s) dict_keys(['tutorial_taskflow_api']) retrieved from /home/carlosfalcone/.local/lib/python3.7/site-packages/airflow/example_dags/tutorial_taskflow_api.py
[2024-03-21T11:25:02.201-0300] {logging_mixin.py:137} INFO - [2024-03-21T11:25:02.201-0300] {dag.py:2705} INFO - Sync 1 DAGs
[2024-03-21T11:25:02.216-0300] {logging_mixin.py:137} INFO - [2024-03-21T11:25:02.216-0300] {dag.py:3456} INFO - Setting next_dagrun for tutorial_taskflow_api to None, run_after=None
[2024-03-21T11:25:02.231-0300] {processor.py:175} INFO - Processing /home/carlosfalcone/.local/lib/python3.7/site-packages/airflow/example_dags/tutorial_taskflow_api.py took 0.058 seconds
