[2024-03-21T20:21:28.650-0300] {taskinstance.py:1090} INFO - Dependencies all met for dep_context=non-requeueable deps ti=<TaskInstance: execute_python_operators2.task_a scheduled__2024-03-20T00:00:00+00:00 [queued]>
[2024-03-21T20:21:28.654-0300] {taskinstance.py:1090} INFO - Dependencies all met for dep_context=requeueable deps ti=<TaskInstance: execute_python_operators2.task_a scheduled__2024-03-20T00:00:00+00:00 [queued]>
[2024-03-21T20:21:28.654-0300] {taskinstance.py:1288} INFO - 
--------------------------------------------------------------------------------
[2024-03-21T20:21:28.654-0300] {taskinstance.py:1289} INFO - Starting attempt 1 of 1
[2024-03-21T20:21:28.654-0300] {taskinstance.py:1290} INFO - 
--------------------------------------------------------------------------------
[2024-03-21T20:21:28.665-0300] {taskinstance.py:1309} INFO - Executing <Task(PythonOperator): task_a> on 2024-03-20 00:00:00+00:00
[2024-03-21T20:21:28.666-0300] {standard_task_runner.py:55} INFO - Started process 6675 to run task
[2024-03-21T20:21:28.669-0300] {standard_task_runner.py:82} INFO - Running: ['airflow', 'tasks', 'run', 'execute_python_operators2', 'task_a', 'scheduled__2024-03-20T00:00:00+00:00', '--job-id', '56', '--raw', '--subdir', 'DAGS_FOLDER/python_operators2.py', '--cfg-path', '/tmp/tmp85my52sa']
[2024-03-21T20:21:28.669-0300] {standard_task_runner.py:83} INFO - Job 56: Subtask task_a
[2024-03-21T20:21:28.702-0300] {task_command.py:389} INFO - Running <TaskInstance: execute_python_operators2.task_a scheduled__2024-03-20T00:00:00+00:00 [running]> on host DESKTOP-0DNP0LN.localdomain
[2024-03-21T20:21:28.744-0300] {taskinstance.py:1518} INFO - Exporting the following env vars:
AIRFLOW_CTX_DAG_OWNER=falcone
AIRFLOW_CTX_DAG_ID=execute_python_operators2
AIRFLOW_CTX_TASK_ID=task_a
AIRFLOW_CTX_EXECUTION_DATE=2024-03-20T00:00:00+00:00
AIRFLOW_CTX_TRY_NUMBER=1
AIRFLOW_CTX_DAG_RUN_ID=scheduled__2024-03-20T00:00:00+00:00
[2024-03-21T20:21:28.744-0300] {logging_mixin.py:137} INFO - Task A executed!
[2024-03-21T20:21:28.744-0300] {python.py:177} INFO - Done. Returned value was: None
[2024-03-21T20:21:28.747-0300] {taskinstance.py:1332} INFO - Marking task as SUCCESS. dag_id=execute_python_operators2, task_id=task_a, execution_date=20240320T000000, start_date=20240321T232128, end_date=20240321T232128
[2024-03-21T20:21:28.760-0300] {local_task_job.py:212} INFO - Task exited with return code 0
[2024-03-21T20:21:28.774-0300] {taskinstance.py:2596} INFO - 2 downstream tasks scheduled from follow-on schedule check
