[2024-03-23T20:54:30.969-0300] {processor.py:153} INFO - Started process (PID=6848) to work on /home/carlosfalcone/airflow/dags/cross_task_communication2.py
[2024-03-23T20:54:30.969-0300] {processor.py:743} INFO - Processing file /home/carlosfalcone/airflow/dags/cross_task_communication2.py for tasks to queue
[2024-03-23T20:54:30.970-0300] {logging_mixin.py:137} INFO - [2024-03-23T20:54:30.970-0300] {dagbag.py:532} INFO - Filling up the DagBag from /home/carlosfalcone/airflow/dags/cross_task_communication2.py
[2024-03-23T20:54:30.979-0300] {processor.py:753} INFO - DAG(s) dict_keys(['cross_task_communication2']) retrieved from /home/carlosfalcone/airflow/dags/cross_task_communication2.py
[2024-03-23T20:54:31.048-0300] {logging_mixin.py:137} INFO - [2024-03-23T20:54:31.048-0300] {manager.py:504} INFO - Created Permission View: can edit on DAG:cross_task_communication2
[2024-03-23T20:54:31.057-0300] {logging_mixin.py:137} INFO - [2024-03-23T20:54:31.057-0300] {manager.py:504} INFO - Created Permission View: can read on DAG:cross_task_communication2
[2024-03-23T20:54:31.063-0300] {logging_mixin.py:137} INFO - [2024-03-23T20:54:31.063-0300] {manager.py:504} INFO - Created Permission View: can delete on DAG:cross_task_communication2
[2024-03-23T20:54:31.064-0300] {logging_mixin.py:137} INFO - [2024-03-23T20:54:31.064-0300] {dag.py:2705} INFO - Sync 1 DAGs
[2024-03-23T20:54:31.072-0300] {logging_mixin.py:137} INFO - [2024-03-23T20:54:31.072-0300] {dag.py:2726} INFO - Creating ORM DAG for cross_task_communication2
[2024-03-23T20:54:31.079-0300] {logging_mixin.py:137} INFO - [2024-03-23T20:54:31.079-0300] {dag.py:3456} INFO - Setting next_dagrun for cross_task_communication2 to 2024-03-22T00:00:00+00:00, run_after=2024-03-23T00:00:00+00:00
[2024-03-23T20:54:31.097-0300] {processor.py:175} INFO - Processing /home/carlosfalcone/airflow/dags/cross_task_communication2.py took 0.129 seconds
[2024-03-23T20:55:01.213-0300] {processor.py:153} INFO - Started process (PID=6903) to work on /home/carlosfalcone/airflow/dags/cross_task_communication2.py
[2024-03-23T20:55:01.213-0300] {processor.py:743} INFO - Processing file /home/carlosfalcone/airflow/dags/cross_task_communication2.py for tasks to queue
[2024-03-23T20:55:01.213-0300] {logging_mixin.py:137} INFO - [2024-03-23T20:55:01.213-0300] {dagbag.py:532} INFO - Filling up the DagBag from /home/carlosfalcone/airflow/dags/cross_task_communication2.py
[2024-03-23T20:55:01.223-0300] {processor.py:753} INFO - DAG(s) dict_keys(['cross_task_communication2']) retrieved from /home/carlosfalcone/airflow/dags/cross_task_communication2.py
[2024-03-23T20:55:01.235-0300] {logging_mixin.py:137} INFO - [2024-03-23T20:55:01.235-0300] {dag.py:2705} INFO - Sync 1 DAGs
[2024-03-23T20:55:01.251-0300] {logging_mixin.py:137} INFO - [2024-03-23T20:55:01.251-0300] {dag.py:3456} INFO - Setting next_dagrun for cross_task_communication2 to 2024-03-22T00:00:00+00:00, run_after=2024-03-23T00:00:00+00:00
[2024-03-23T20:55:01.268-0300] {processor.py:175} INFO - Processing /home/carlosfalcone/airflow/dags/cross_task_communication2.py took 0.057 seconds
[2024-03-23T20:55:31.615-0300] {processor.py:153} INFO - Started process (PID=6958) to work on /home/carlosfalcone/airflow/dags/cross_task_communication2.py
[2024-03-23T20:55:31.616-0300] {processor.py:743} INFO - Processing file /home/carlosfalcone/airflow/dags/cross_task_communication2.py for tasks to queue
[2024-03-23T20:55:31.617-0300] {logging_mixin.py:137} INFO - [2024-03-23T20:55:31.617-0300] {dagbag.py:532} INFO - Filling up the DagBag from /home/carlosfalcone/airflow/dags/cross_task_communication2.py
[2024-03-23T20:55:31.626-0300] {processor.py:753} INFO - DAG(s) dict_keys(['cross_task_communication2']) retrieved from /home/carlosfalcone/airflow/dags/cross_task_communication2.py
[2024-03-23T20:55:31.638-0300] {logging_mixin.py:137} INFO - [2024-03-23T20:55:31.638-0300] {dag.py:2705} INFO - Sync 1 DAGs
[2024-03-23T20:55:31.654-0300] {logging_mixin.py:137} INFO - [2024-03-23T20:55:31.654-0300] {dag.py:3456} INFO - Setting next_dagrun for cross_task_communication2 to 2024-03-22T00:00:00+00:00, run_after=2024-03-23T00:00:00+00:00
[2024-03-23T20:55:31.671-0300] {processor.py:175} INFO - Processing /home/carlosfalcone/airflow/dags/cross_task_communication2.py took 0.057 seconds
[2024-03-23T20:56:01.921-0300] {processor.py:153} INFO - Started process (PID=7013) to work on /home/carlosfalcone/airflow/dags/cross_task_communication2.py
[2024-03-23T20:56:01.922-0300] {processor.py:743} INFO - Processing file /home/carlosfalcone/airflow/dags/cross_task_communication2.py for tasks to queue
[2024-03-23T20:56:01.922-0300] {logging_mixin.py:137} INFO - [2024-03-23T20:56:01.922-0300] {dagbag.py:532} INFO - Filling up the DagBag from /home/carlosfalcone/airflow/dags/cross_task_communication2.py
[2024-03-23T20:56:01.932-0300] {processor.py:753} INFO - DAG(s) dict_keys(['cross_task_communication2']) retrieved from /home/carlosfalcone/airflow/dags/cross_task_communication2.py
[2024-03-23T20:56:01.943-0300] {logging_mixin.py:137} INFO - [2024-03-23T20:56:01.943-0300] {dag.py:2705} INFO - Sync 1 DAGs
[2024-03-23T20:56:01.959-0300] {logging_mixin.py:137} INFO - [2024-03-23T20:56:01.959-0300] {dag.py:3456} INFO - Setting next_dagrun for cross_task_communication2 to 2024-03-22T00:00:00+00:00, run_after=2024-03-23T00:00:00+00:00
[2024-03-23T20:56:01.975-0300] {processor.py:175} INFO - Processing /home/carlosfalcone/airflow/dags/cross_task_communication2.py took 0.056 seconds
[2024-03-23T20:56:32.224-0300] {processor.py:153} INFO - Started process (PID=7068) to work on /home/carlosfalcone/airflow/dags/cross_task_communication2.py
[2024-03-23T20:56:32.225-0300] {processor.py:743} INFO - Processing file /home/carlosfalcone/airflow/dags/cross_task_communication2.py for tasks to queue
[2024-03-23T20:56:32.226-0300] {logging_mixin.py:137} INFO - [2024-03-23T20:56:32.226-0300] {dagbag.py:532} INFO - Filling up the DagBag from /home/carlosfalcone/airflow/dags/cross_task_communication2.py
[2024-03-23T20:56:32.235-0300] {processor.py:753} INFO - DAG(s) dict_keys(['cross_task_communication2']) retrieved from /home/carlosfalcone/airflow/dags/cross_task_communication2.py
[2024-03-23T20:56:32.247-0300] {logging_mixin.py:137} INFO - [2024-03-23T20:56:32.247-0300] {dag.py:2705} INFO - Sync 1 DAGs
[2024-03-23T20:56:32.263-0300] {logging_mixin.py:137} INFO - [2024-03-23T20:56:32.263-0300] {dag.py:3456} INFO - Setting next_dagrun for cross_task_communication2 to 2024-03-22T00:00:00+00:00, run_after=2024-03-23T00:00:00+00:00
[2024-03-23T20:56:32.280-0300] {processor.py:175} INFO - Processing /home/carlosfalcone/airflow/dags/cross_task_communication2.py took 0.057 seconds
[2024-03-23T20:57:02.525-0300] {processor.py:153} INFO - Started process (PID=7123) to work on /home/carlosfalcone/airflow/dags/cross_task_communication2.py
[2024-03-23T20:57:02.526-0300] {processor.py:743} INFO - Processing file /home/carlosfalcone/airflow/dags/cross_task_communication2.py for tasks to queue
[2024-03-23T20:57:02.526-0300] {logging_mixin.py:137} INFO - [2024-03-23T20:57:02.526-0300] {dagbag.py:532} INFO - Filling up the DagBag from /home/carlosfalcone/airflow/dags/cross_task_communication2.py
[2024-03-23T20:57:02.536-0300] {processor.py:753} INFO - DAG(s) dict_keys(['cross_task_communication2']) retrieved from /home/carlosfalcone/airflow/dags/cross_task_communication2.py
[2024-03-23T20:57:02.547-0300] {logging_mixin.py:137} INFO - [2024-03-23T20:57:02.547-0300] {dag.py:2705} INFO - Sync 1 DAGs
[2024-03-23T20:57:02.563-0300] {logging_mixin.py:137} INFO - [2024-03-23T20:57:02.563-0300] {dag.py:3456} INFO - Setting next_dagrun for cross_task_communication2 to 2024-03-22T00:00:00+00:00, run_after=2024-03-23T00:00:00+00:00
[2024-03-23T20:57:02.580-0300] {processor.py:175} INFO - Processing /home/carlosfalcone/airflow/dags/cross_task_communication2.py took 0.057 seconds
[2024-03-23T20:57:32.828-0300] {processor.py:153} INFO - Started process (PID=7178) to work on /home/carlosfalcone/airflow/dags/cross_task_communication2.py
[2024-03-23T20:57:32.829-0300] {processor.py:743} INFO - Processing file /home/carlosfalcone/airflow/dags/cross_task_communication2.py for tasks to queue
[2024-03-23T20:57:32.829-0300] {logging_mixin.py:137} INFO - [2024-03-23T20:57:32.829-0300] {dagbag.py:532} INFO - Filling up the DagBag from /home/carlosfalcone/airflow/dags/cross_task_communication2.py
[2024-03-23T20:57:32.836-0300] {logging_mixin.py:137} INFO - [2024-03-23T20:57:32.836-0300] {dagbag.py:341} ERROR - Failed to import: /home/carlosfalcone/airflow/dags/cross_task_communication2.py
Traceback (most recent call last):
  File "/home/carlosfalcone/.local/lib/python3.7/site-packages/airflow/models/dagbag.py", line 337, in parse
    loader.exec_module(new_module)
  File "<frozen importlib._bootstrap_external>", line 728, in exec_module
  File "<frozen importlib._bootstrap>", line 219, in _call_with_frames_removed
  File "/home/carlosfalcone/airflow/dags/cross_task_communication2.py", line 48, in <module>
    task_a >> task_b
NameError: name 'task_a' is not defined
[2024-03-23T20:57:32.836-0300] {processor.py:755} WARNING - No viable dags retrieved from /home/carlosfalcone/airflow/dags/cross_task_communication2.py
[2024-03-23T20:57:32.849-0300] {processor.py:175} INFO - Processing /home/carlosfalcone/airflow/dags/cross_task_communication2.py took 0.022 seconds
[2024-03-23T20:58:03.131-0300] {processor.py:153} INFO - Started process (PID=7233) to work on /home/carlosfalcone/airflow/dags/cross_task_communication2.py
[2024-03-23T20:58:03.132-0300] {processor.py:743} INFO - Processing file /home/carlosfalcone/airflow/dags/cross_task_communication2.py for tasks to queue
[2024-03-23T20:58:03.132-0300] {logging_mixin.py:137} INFO - [2024-03-23T20:58:03.132-0300] {dagbag.py:532} INFO - Filling up the DagBag from /home/carlosfalcone/airflow/dags/cross_task_communication2.py
[2024-03-23T20:58:03.141-0300] {logging_mixin.py:137} INFO - [2024-03-23T20:58:03.138-0300] {dagbag.py:341} ERROR - Failed to import: /home/carlosfalcone/airflow/dags/cross_task_communication2.py
Traceback (most recent call last):
  File "/home/carlosfalcone/.local/lib/python3.7/site-packages/airflow/models/dagbag.py", line 337, in parse
    loader.exec_module(new_module)
  File "<frozen importlib._bootstrap_external>", line 728, in exec_module
  File "<frozen importlib._bootstrap>", line 219, in _call_with_frames_removed
  File "/home/carlosfalcone/airflow/dags/cross_task_communication2.py", line 49, in <module>
    python_callable = multiply_by_100,
  File "/home/carlosfalcone/.local/lib/python3.7/site-packages/airflow/models/baseoperator.py", line 394, in apply_defaults
    result = func(self, **kwargs, default_args=default_args)
  File "/home/carlosfalcone/.local/lib/python3.7/site-packages/airflow/operators/python.py", line 162, in __init__
    raise AirflowException("`python_callable` param must be callable")
airflow.exceptions.AirflowException: `python_callable` param must be callable
[2024-03-23T20:58:03.141-0300] {processor.py:755} WARNING - No viable dags retrieved from /home/carlosfalcone/airflow/dags/cross_task_communication2.py
[2024-03-23T20:58:03.154-0300] {processor.py:175} INFO - Processing /home/carlosfalcone/airflow/dags/cross_task_communication2.py took 0.025 seconds
[2024-03-23T20:58:33.433-0300] {processor.py:153} INFO - Started process (PID=7288) to work on /home/carlosfalcone/airflow/dags/cross_task_communication2.py
[2024-03-23T20:58:33.434-0300] {processor.py:743} INFO - Processing file /home/carlosfalcone/airflow/dags/cross_task_communication2.py for tasks to queue
[2024-03-23T20:58:33.434-0300] {logging_mixin.py:137} INFO - [2024-03-23T20:58:33.434-0300] {dagbag.py:532} INFO - Filling up the DagBag from /home/carlosfalcone/airflow/dags/cross_task_communication2.py
[2024-03-23T20:58:33.442-0300] {logging_mixin.py:137} INFO - [2024-03-23T20:58:33.440-0300] {dagbag.py:341} ERROR - Failed to import: /home/carlosfalcone/airflow/dags/cross_task_communication2.py
Traceback (most recent call last):
  File "/home/carlosfalcone/.local/lib/python3.7/site-packages/airflow/models/dagbag.py", line 337, in parse
    loader.exec_module(new_module)
  File "<frozen importlib._bootstrap_external>", line 728, in exec_module
  File "<frozen importlib._bootstrap>", line 219, in _call_with_frames_removed
  File "/home/carlosfalcone/airflow/dags/cross_task_communication2.py", line 54, in <module>
    python_callable = subtract_9,
  File "/home/carlosfalcone/.local/lib/python3.7/site-packages/airflow/models/baseoperator.py", line 394, in apply_defaults
    result = func(self, **kwargs, default_args=default_args)
  File "/home/carlosfalcone/.local/lib/python3.7/site-packages/airflow/operators/python.py", line 160, in __init__
    super().__init__(**kwargs)
  File "/home/carlosfalcone/.local/lib/python3.7/site-packages/airflow/models/baseoperator.py", line 394, in apply_defaults
    result = func(self, **kwargs, default_args=default_args)
  File "/home/carlosfalcone/.local/lib/python3.7/site-packages/airflow/models/baseoperator.py", line 760, in __init__
    task_group.add(self)
  File "/home/carlosfalcone/.local/lib/python3.7/site-packages/airflow/utils/task_group.py", line 220, in add
    raise DuplicateTaskIdFound(f"{node_type} id '{key}' has already been added to the DAG")
airflow.exceptions.DuplicateTaskIdFound: Task id 'subtract_9' has already been added to the DAG
[2024-03-23T20:58:33.442-0300] {processor.py:755} WARNING - No viable dags retrieved from /home/carlosfalcone/airflow/dags/cross_task_communication2.py
[2024-03-23T20:58:33.455-0300] {processor.py:175} INFO - Processing /home/carlosfalcone/airflow/dags/cross_task_communication2.py took 0.024 seconds
[2024-03-23T20:59:03.744-0300] {processor.py:153} INFO - Started process (PID=7343) to work on /home/carlosfalcone/airflow/dags/cross_task_communication2.py
[2024-03-23T20:59:03.744-0300] {processor.py:743} INFO - Processing file /home/carlosfalcone/airflow/dags/cross_task_communication2.py for tasks to queue
[2024-03-23T20:59:03.745-0300] {logging_mixin.py:137} INFO - [2024-03-23T20:59:03.745-0300] {dagbag.py:532} INFO - Filling up the DagBag from /home/carlosfalcone/airflow/dags/cross_task_communication2.py
[2024-03-23T20:59:03.752-0300] {logging_mixin.py:137} INFO - [2024-03-23T20:59:03.751-0300] {dagbag.py:341} ERROR - Failed to import: /home/carlosfalcone/airflow/dags/cross_task_communication2.py
Traceback (most recent call last):
  File "/home/carlosfalcone/.local/lib/python3.7/site-packages/airflow/models/dagbag.py", line 337, in parse
    loader.exec_module(new_module)
  File "<frozen importlib._bootstrap_external>", line 728, in exec_module
  File "<frozen importlib._bootstrap>", line 219, in _call_with_frames_removed
  File "/home/carlosfalcone/airflow/dags/cross_task_communication2.py", line 57, in <module>
    task_a >> task_b
NameError: name 'task_a' is not defined
[2024-03-23T20:59:03.752-0300] {processor.py:755} WARNING - No viable dags retrieved from /home/carlosfalcone/airflow/dags/cross_task_communication2.py
[2024-03-23T20:59:03.764-0300] {processor.py:175} INFO - Processing /home/carlosfalcone/airflow/dags/cross_task_communication2.py took 0.022 seconds
[2024-03-23T20:59:34.045-0300] {processor.py:153} INFO - Started process (PID=7395) to work on /home/carlosfalcone/airflow/dags/cross_task_communication2.py
[2024-03-23T20:59:34.046-0300] {processor.py:743} INFO - Processing file /home/carlosfalcone/airflow/dags/cross_task_communication2.py for tasks to queue
[2024-03-23T20:59:34.047-0300] {logging_mixin.py:137} INFO - [2024-03-23T20:59:34.047-0300] {dagbag.py:532} INFO - Filling up the DagBag from /home/carlosfalcone/airflow/dags/cross_task_communication2.py
[2024-03-23T20:59:34.056-0300] {processor.py:753} INFO - DAG(s) dict_keys(['cross_task_communication2']) retrieved from /home/carlosfalcone/airflow/dags/cross_task_communication2.py
[2024-03-23T20:59:34.093-0300] {logging_mixin.py:137} INFO - [2024-03-23T20:59:34.093-0300] {dag.py:2705} INFO - Sync 1 DAGs
[2024-03-23T20:59:34.108-0300] {logging_mixin.py:137} INFO - [2024-03-23T20:59:34.108-0300] {dag.py:3456} INFO - Setting next_dagrun for cross_task_communication2 to 2024-03-22T00:00:00+00:00, run_after=2024-03-23T00:00:00+00:00
[2024-03-23T20:59:34.128-0300] {processor.py:175} INFO - Processing /home/carlosfalcone/airflow/dags/cross_task_communication2.py took 0.085 seconds
