[2024-03-23T21:00:11.750-0300] {processor.py:153} INFO - Started process (PID=7506) to work on /home/carlosfalcone/airflow/dags/cross_task_communication2.py
[2024-03-23T21:00:11.750-0300] {processor.py:743} INFO - Processing file /home/carlosfalcone/airflow/dags/cross_task_communication2.py for tasks to queue
[2024-03-23T21:00:11.751-0300] {logging_mixin.py:137} INFO - [2024-03-23T21:00:11.751-0300] {dagbag.py:532} INFO - Filling up the DagBag from /home/carlosfalcone/airflow/dags/cross_task_communication2.py
[2024-03-23T21:00:11.761-0300] {processor.py:753} INFO - DAG(s) dict_keys(['cross_task_communication2']) retrieved from /home/carlosfalcone/airflow/dags/cross_task_communication2.py
[2024-03-23T21:00:11.798-0300] {logging_mixin.py:137} INFO - [2024-03-23T21:00:11.798-0300] {dag.py:2705} INFO - Sync 1 DAGs
[2024-03-23T21:00:11.814-0300] {logging_mixin.py:137} INFO - [2024-03-23T21:00:11.814-0300] {dag.py:3456} INFO - Setting next_dagrun for cross_task_communication2 to 2024-03-24T00:00:00+00:00, run_after=2024-03-25T00:00:00+00:00
[2024-03-23T21:00:11.833-0300] {processor.py:175} INFO - Processing /home/carlosfalcone/airflow/dags/cross_task_communication2.py took 0.085 seconds
[2024-03-23T21:00:42.742-0300] {processor.py:153} INFO - Started process (PID=7612) to work on /home/carlosfalcone/airflow/dags/cross_task_communication2.py
[2024-03-23T21:00:42.742-0300] {processor.py:743} INFO - Processing file /home/carlosfalcone/airflow/dags/cross_task_communication2.py for tasks to queue
[2024-03-23T21:00:42.743-0300] {logging_mixin.py:137} INFO - [2024-03-23T21:00:42.743-0300] {dagbag.py:532} INFO - Filling up the DagBag from /home/carlosfalcone/airflow/dags/cross_task_communication2.py
[2024-03-23T21:00:42.753-0300] {processor.py:753} INFO - DAG(s) dict_keys(['cross_task_communication2']) retrieved from /home/carlosfalcone/airflow/dags/cross_task_communication2.py
[2024-03-23T21:00:42.765-0300] {logging_mixin.py:137} INFO - [2024-03-23T21:00:42.765-0300] {dag.py:2705} INFO - Sync 1 DAGs
[2024-03-23T21:00:42.781-0300] {logging_mixin.py:137} INFO - [2024-03-23T21:00:42.781-0300] {dag.py:3456} INFO - Setting next_dagrun for cross_task_communication2 to 2024-03-24T00:00:00+00:00, run_after=2024-03-25T00:00:00+00:00
[2024-03-23T21:00:42.799-0300] {processor.py:175} INFO - Processing /home/carlosfalcone/airflow/dags/cross_task_communication2.py took 0.059 seconds
[2024-03-23T21:01:13.716-0300] {processor.py:153} INFO - Started process (PID=7670) to work on /home/carlosfalcone/airflow/dags/cross_task_communication2.py
[2024-03-23T21:01:13.717-0300] {processor.py:743} INFO - Processing file /home/carlosfalcone/airflow/dags/cross_task_communication2.py for tasks to queue
[2024-03-23T21:01:13.717-0300] {logging_mixin.py:137} INFO - [2024-03-23T21:01:13.717-0300] {dagbag.py:532} INFO - Filling up the DagBag from /home/carlosfalcone/airflow/dags/cross_task_communication2.py
[2024-03-23T21:01:13.727-0300] {processor.py:753} INFO - DAG(s) dict_keys(['cross_task_communication2']) retrieved from /home/carlosfalcone/airflow/dags/cross_task_communication2.py
[2024-03-23T21:01:13.763-0300] {logging_mixin.py:137} INFO - [2024-03-23T21:01:13.763-0300] {dag.py:2705} INFO - Sync 1 DAGs
[2024-03-23T21:01:13.778-0300] {logging_mixin.py:137} INFO - [2024-03-23T21:01:13.778-0300] {dag.py:3456} INFO - Setting next_dagrun for cross_task_communication2 to 2024-03-24T00:00:00+00:00, run_after=2024-03-25T00:00:00+00:00
[2024-03-23T21:01:13.797-0300] {processor.py:175} INFO - Processing /home/carlosfalcone/airflow/dags/cross_task_communication2.py took 0.083 seconds
[2024-03-23T21:01:44.401-0300] {processor.py:153} INFO - Started process (PID=7741) to work on /home/carlosfalcone/airflow/dags/cross_task_communication2.py
[2024-03-23T21:01:44.402-0300] {processor.py:743} INFO - Processing file /home/carlosfalcone/airflow/dags/cross_task_communication2.py for tasks to queue
[2024-03-23T21:01:44.402-0300] {logging_mixin.py:137} INFO - [2024-03-23T21:01:44.402-0300] {dagbag.py:532} INFO - Filling up the DagBag from /home/carlosfalcone/airflow/dags/cross_task_communication2.py
[2024-03-23T21:01:44.413-0300] {processor.py:753} INFO - DAG(s) dict_keys(['cross_task_communication2']) retrieved from /home/carlosfalcone/airflow/dags/cross_task_communication2.py
[2024-03-23T21:01:44.424-0300] {logging_mixin.py:137} INFO - [2024-03-23T21:01:44.424-0300] {dag.py:2705} INFO - Sync 1 DAGs
[2024-03-23T21:01:44.440-0300] {logging_mixin.py:137} INFO - [2024-03-23T21:01:44.440-0300] {dag.py:3456} INFO - Setting next_dagrun for cross_task_communication2 to 2024-03-24T00:00:00+00:00, run_after=2024-03-25T00:00:00+00:00
[2024-03-23T21:01:44.456-0300] {processor.py:175} INFO - Processing /home/carlosfalcone/airflow/dags/cross_task_communication2.py took 0.056 seconds
[2024-03-23T21:02:14.811-0300] {processor.py:153} INFO - Started process (PID=7796) to work on /home/carlosfalcone/airflow/dags/cross_task_communication2.py
[2024-03-23T21:02:14.811-0300] {processor.py:743} INFO - Processing file /home/carlosfalcone/airflow/dags/cross_task_communication2.py for tasks to queue
[2024-03-23T21:02:14.812-0300] {logging_mixin.py:137} INFO - [2024-03-23T21:02:14.812-0300] {dagbag.py:532} INFO - Filling up the DagBag from /home/carlosfalcone/airflow/dags/cross_task_communication2.py
[2024-03-23T21:02:14.821-0300] {processor.py:753} INFO - DAG(s) dict_keys(['cross_task_communication2']) retrieved from /home/carlosfalcone/airflow/dags/cross_task_communication2.py
[2024-03-23T21:02:14.832-0300] {logging_mixin.py:137} INFO - [2024-03-23T21:02:14.832-0300] {dag.py:2705} INFO - Sync 1 DAGs
[2024-03-23T21:02:14.849-0300] {logging_mixin.py:137} INFO - [2024-03-23T21:02:14.849-0300] {dag.py:3456} INFO - Setting next_dagrun for cross_task_communication2 to 2024-03-24T00:00:00+00:00, run_after=2024-03-25T00:00:00+00:00
[2024-03-23T21:02:14.865-0300] {processor.py:175} INFO - Processing /home/carlosfalcone/airflow/dags/cross_task_communication2.py took 0.056 seconds
[2024-03-23T21:02:45.219-0300] {processor.py:153} INFO - Started process (PID=7851) to work on /home/carlosfalcone/airflow/dags/cross_task_communication2.py
[2024-03-23T21:02:45.219-0300] {processor.py:743} INFO - Processing file /home/carlosfalcone/airflow/dags/cross_task_communication2.py for tasks to queue
[2024-03-23T21:02:45.220-0300] {logging_mixin.py:137} INFO - [2024-03-23T21:02:45.220-0300] {dagbag.py:532} INFO - Filling up the DagBag from /home/carlosfalcone/airflow/dags/cross_task_communication2.py
[2024-03-23T21:02:45.230-0300] {processor.py:753} INFO - DAG(s) dict_keys(['cross_task_communication2']) retrieved from /home/carlosfalcone/airflow/dags/cross_task_communication2.py
[2024-03-23T21:02:45.241-0300] {logging_mixin.py:137} INFO - [2024-03-23T21:02:45.241-0300] {dag.py:2705} INFO - Sync 1 DAGs
[2024-03-23T21:02:45.257-0300] {logging_mixin.py:137} INFO - [2024-03-23T21:02:45.257-0300] {dag.py:3456} INFO - Setting next_dagrun for cross_task_communication2 to 2024-03-24T00:00:00+00:00, run_after=2024-03-25T00:00:00+00:00
[2024-03-23T21:02:45.275-0300] {processor.py:175} INFO - Processing /home/carlosfalcone/airflow/dags/cross_task_communication2.py took 0.058 seconds
[2024-03-23T21:03:15.634-0300] {processor.py:153} INFO - Started process (PID=7906) to work on /home/carlosfalcone/airflow/dags/cross_task_communication2.py
[2024-03-23T21:03:15.635-0300] {processor.py:743} INFO - Processing file /home/carlosfalcone/airflow/dags/cross_task_communication2.py for tasks to queue
[2024-03-23T21:03:15.635-0300] {logging_mixin.py:137} INFO - [2024-03-23T21:03:15.635-0300] {dagbag.py:532} INFO - Filling up the DagBag from /home/carlosfalcone/airflow/dags/cross_task_communication2.py
[2024-03-23T21:03:15.645-0300] {processor.py:753} INFO - DAG(s) dict_keys(['cross_task_communication2']) retrieved from /home/carlosfalcone/airflow/dags/cross_task_communication2.py
[2024-03-23T21:03:15.657-0300] {logging_mixin.py:137} INFO - [2024-03-23T21:03:15.657-0300] {dag.py:2705} INFO - Sync 1 DAGs
[2024-03-23T21:03:15.673-0300] {logging_mixin.py:137} INFO - [2024-03-23T21:03:15.673-0300] {dag.py:3456} INFO - Setting next_dagrun for cross_task_communication2 to 2024-03-24T00:00:00+00:00, run_after=2024-03-25T00:00:00+00:00
[2024-03-23T21:03:15.688-0300] {processor.py:175} INFO - Processing /home/carlosfalcone/airflow/dags/cross_task_communication2.py took 0.056 seconds
[2024-03-23T21:03:46.046-0300] {processor.py:153} INFO - Started process (PID=7961) to work on /home/carlosfalcone/airflow/dags/cross_task_communication2.py
[2024-03-23T21:03:46.047-0300] {processor.py:743} INFO - Processing file /home/carlosfalcone/airflow/dags/cross_task_communication2.py for tasks to queue
[2024-03-23T21:03:46.047-0300] {logging_mixin.py:137} INFO - [2024-03-23T21:03:46.047-0300] {dagbag.py:532} INFO - Filling up the DagBag from /home/carlosfalcone/airflow/dags/cross_task_communication2.py
[2024-03-23T21:03:46.056-0300] {processor.py:753} INFO - DAG(s) dict_keys(['cross_task_communication2']) retrieved from /home/carlosfalcone/airflow/dags/cross_task_communication2.py
[2024-03-23T21:03:46.068-0300] {logging_mixin.py:137} INFO - [2024-03-23T21:03:46.068-0300] {dag.py:2705} INFO - Sync 1 DAGs
[2024-03-23T21:03:46.084-0300] {logging_mixin.py:137} INFO - [2024-03-23T21:03:46.084-0300] {dag.py:3456} INFO - Setting next_dagrun for cross_task_communication2 to 2024-03-24T00:00:00+00:00, run_after=2024-03-25T00:00:00+00:00
[2024-03-23T21:03:46.102-0300] {processor.py:175} INFO - Processing /home/carlosfalcone/airflow/dags/cross_task_communication2.py took 0.057 seconds
[2024-03-23T21:04:16.383-0300] {processor.py:153} INFO - Started process (PID=8016) to work on /home/carlosfalcone/airflow/dags/cross_task_communication2.py
[2024-03-23T21:04:16.384-0300] {processor.py:743} INFO - Processing file /home/carlosfalcone/airflow/dags/cross_task_communication2.py for tasks to queue
[2024-03-23T21:04:16.385-0300] {logging_mixin.py:137} INFO - [2024-03-23T21:04:16.385-0300] {dagbag.py:532} INFO - Filling up the DagBag from /home/carlosfalcone/airflow/dags/cross_task_communication2.py
[2024-03-23T21:04:16.394-0300] {processor.py:753} INFO - DAG(s) dict_keys(['cross_task_communication2']) retrieved from /home/carlosfalcone/airflow/dags/cross_task_communication2.py
[2024-03-23T21:04:16.405-0300] {logging_mixin.py:137} INFO - [2024-03-23T21:04:16.405-0300] {dag.py:2705} INFO - Sync 1 DAGs
[2024-03-23T21:04:16.421-0300] {logging_mixin.py:137} INFO - [2024-03-23T21:04:16.421-0300] {dag.py:3456} INFO - Setting next_dagrun for cross_task_communication2 to 2024-03-24T00:00:00+00:00, run_after=2024-03-25T00:00:00+00:00
[2024-03-23T21:04:16.437-0300] {processor.py:175} INFO - Processing /home/carlosfalcone/airflow/dags/cross_task_communication2.py took 0.056 seconds
[2024-03-23T21:04:46.669-0300] {processor.py:153} INFO - Started process (PID=8072) to work on /home/carlosfalcone/airflow/dags/cross_task_communication2.py
[2024-03-23T21:04:46.670-0300] {processor.py:743} INFO - Processing file /home/carlosfalcone/airflow/dags/cross_task_communication2.py for tasks to queue
[2024-03-23T21:04:46.670-0300] {logging_mixin.py:137} INFO - [2024-03-23T21:04:46.670-0300] {dagbag.py:532} INFO - Filling up the DagBag from /home/carlosfalcone/airflow/dags/cross_task_communication2.py
[2024-03-23T21:04:46.679-0300] {processor.py:753} INFO - DAG(s) dict_keys(['cross_task_communication2']) retrieved from /home/carlosfalcone/airflow/dags/cross_task_communication2.py
[2024-03-23T21:04:46.691-0300] {logging_mixin.py:137} INFO - [2024-03-23T21:04:46.691-0300] {dag.py:2705} INFO - Sync 1 DAGs
[2024-03-23T21:04:46.707-0300] {logging_mixin.py:137} INFO - [2024-03-23T21:04:46.707-0300] {dag.py:3456} INFO - Setting next_dagrun for cross_task_communication2 to 2024-03-24T00:00:00+00:00, run_after=2024-03-25T00:00:00+00:00
[2024-03-23T21:04:46.723-0300] {processor.py:175} INFO - Processing /home/carlosfalcone/airflow/dags/cross_task_communication2.py took 0.056 seconds
[2024-03-23T21:05:16.954-0300] {processor.py:153} INFO - Started process (PID=8127) to work on /home/carlosfalcone/airflow/dags/cross_task_communication2.py
[2024-03-23T21:05:16.954-0300] {processor.py:743} INFO - Processing file /home/carlosfalcone/airflow/dags/cross_task_communication2.py for tasks to queue
[2024-03-23T21:05:16.955-0300] {logging_mixin.py:137} INFO - [2024-03-23T21:05:16.955-0300] {dagbag.py:532} INFO - Filling up the DagBag from /home/carlosfalcone/airflow/dags/cross_task_communication2.py
[2024-03-23T21:05:16.964-0300] {processor.py:753} INFO - DAG(s) dict_keys(['cross_task_communication2']) retrieved from /home/carlosfalcone/airflow/dags/cross_task_communication2.py
[2024-03-23T21:05:16.976-0300] {logging_mixin.py:137} INFO - [2024-03-23T21:05:16.976-0300] {dag.py:2705} INFO - Sync 1 DAGs
[2024-03-23T21:05:16.992-0300] {logging_mixin.py:137} INFO - [2024-03-23T21:05:16.992-0300] {dag.py:3456} INFO - Setting next_dagrun for cross_task_communication2 to 2024-03-24T00:00:00+00:00, run_after=2024-03-25T00:00:00+00:00
[2024-03-23T21:05:17.009-0300] {processor.py:175} INFO - Processing /home/carlosfalcone/airflow/dags/cross_task_communication2.py took 0.057 seconds
[2024-03-23T21:05:47.240-0300] {processor.py:153} INFO - Started process (PID=8182) to work on /home/carlosfalcone/airflow/dags/cross_task_communication2.py
[2024-03-23T21:05:47.241-0300] {processor.py:743} INFO - Processing file /home/carlosfalcone/airflow/dags/cross_task_communication2.py for tasks to queue
[2024-03-23T21:05:47.242-0300] {logging_mixin.py:137} INFO - [2024-03-23T21:05:47.242-0300] {dagbag.py:532} INFO - Filling up the DagBag from /home/carlosfalcone/airflow/dags/cross_task_communication2.py
[2024-03-23T21:05:47.251-0300] {processor.py:753} INFO - DAG(s) dict_keys(['cross_task_communication2']) retrieved from /home/carlosfalcone/airflow/dags/cross_task_communication2.py
[2024-03-23T21:05:47.263-0300] {logging_mixin.py:137} INFO - [2024-03-23T21:05:47.263-0300] {dag.py:2705} INFO - Sync 1 DAGs
[2024-03-23T21:05:47.279-0300] {logging_mixin.py:137} INFO - [2024-03-23T21:05:47.279-0300] {dag.py:3456} INFO - Setting next_dagrun for cross_task_communication2 to 2024-03-24T00:00:00+00:00, run_after=2024-03-25T00:00:00+00:00
[2024-03-23T21:05:47.295-0300] {processor.py:175} INFO - Processing /home/carlosfalcone/airflow/dags/cross_task_communication2.py took 0.056 seconds
[2024-03-23T21:06:17.524-0300] {processor.py:153} INFO - Started process (PID=8237) to work on /home/carlosfalcone/airflow/dags/cross_task_communication2.py
[2024-03-23T21:06:17.525-0300] {processor.py:743} INFO - Processing file /home/carlosfalcone/airflow/dags/cross_task_communication2.py for tasks to queue
[2024-03-23T21:06:17.525-0300] {logging_mixin.py:137} INFO - [2024-03-23T21:06:17.525-0300] {dagbag.py:532} INFO - Filling up the DagBag from /home/carlosfalcone/airflow/dags/cross_task_communication2.py
[2024-03-23T21:06:17.535-0300] {processor.py:753} INFO - DAG(s) dict_keys(['cross_task_communication2']) retrieved from /home/carlosfalcone/airflow/dags/cross_task_communication2.py
[2024-03-23T21:06:17.546-0300] {logging_mixin.py:137} INFO - [2024-03-23T21:06:17.546-0300] {dag.py:2705} INFO - Sync 1 DAGs
[2024-03-23T21:06:17.562-0300] {logging_mixin.py:137} INFO - [2024-03-23T21:06:17.562-0300] {dag.py:3456} INFO - Setting next_dagrun for cross_task_communication2 to 2024-03-24T00:00:00+00:00, run_after=2024-03-25T00:00:00+00:00
[2024-03-23T21:06:17.579-0300] {processor.py:175} INFO - Processing /home/carlosfalcone/airflow/dags/cross_task_communication2.py took 0.056 seconds
[2024-03-23T21:06:47.835-0300] {processor.py:153} INFO - Started process (PID=8292) to work on /home/carlosfalcone/airflow/dags/cross_task_communication2.py
[2024-03-23T21:06:47.836-0300] {processor.py:743} INFO - Processing file /home/carlosfalcone/airflow/dags/cross_task_communication2.py for tasks to queue
[2024-03-23T21:06:47.836-0300] {logging_mixin.py:137} INFO - [2024-03-23T21:06:47.836-0300] {dagbag.py:532} INFO - Filling up the DagBag from /home/carlosfalcone/airflow/dags/cross_task_communication2.py
[2024-03-23T21:06:47.846-0300] {processor.py:753} INFO - DAG(s) dict_keys(['cross_task_communication2']) retrieved from /home/carlosfalcone/airflow/dags/cross_task_communication2.py
[2024-03-23T21:06:47.857-0300] {logging_mixin.py:137} INFO - [2024-03-23T21:06:47.857-0300] {dag.py:2705} INFO - Sync 1 DAGs
[2024-03-23T21:06:47.874-0300] {logging_mixin.py:137} INFO - [2024-03-23T21:06:47.873-0300] {dag.py:3456} INFO - Setting next_dagrun for cross_task_communication2 to 2024-03-24T00:00:00+00:00, run_after=2024-03-25T00:00:00+00:00
[2024-03-23T21:06:47.890-0300] {processor.py:175} INFO - Processing /home/carlosfalcone/airflow/dags/cross_task_communication2.py took 0.057 seconds
[2024-03-23T21:07:18.148-0300] {processor.py:153} INFO - Started process (PID=8347) to work on /home/carlosfalcone/airflow/dags/cross_task_communication2.py
[2024-03-23T21:07:18.148-0300] {processor.py:743} INFO - Processing file /home/carlosfalcone/airflow/dags/cross_task_communication2.py for tasks to queue
[2024-03-23T21:07:18.148-0300] {logging_mixin.py:137} INFO - [2024-03-23T21:07:18.148-0300] {dagbag.py:532} INFO - Filling up the DagBag from /home/carlosfalcone/airflow/dags/cross_task_communication2.py
[2024-03-23T21:07:18.158-0300] {processor.py:753} INFO - DAG(s) dict_keys(['cross_task_communication2']) retrieved from /home/carlosfalcone/airflow/dags/cross_task_communication2.py
[2024-03-23T21:07:18.170-0300] {logging_mixin.py:137} INFO - [2024-03-23T21:07:18.170-0300] {dag.py:2705} INFO - Sync 1 DAGs
[2024-03-23T21:07:18.186-0300] {logging_mixin.py:137} INFO - [2024-03-23T21:07:18.186-0300] {dag.py:3456} INFO - Setting next_dagrun for cross_task_communication2 to 2024-03-24T00:00:00+00:00, run_after=2024-03-25T00:00:00+00:00
[2024-03-23T21:07:18.202-0300] {processor.py:175} INFO - Processing /home/carlosfalcone/airflow/dags/cross_task_communication2.py took 0.056 seconds
[2024-03-23T21:07:48.459-0300] {processor.py:153} INFO - Started process (PID=8402) to work on /home/carlosfalcone/airflow/dags/cross_task_communication2.py
[2024-03-23T21:07:48.460-0300] {processor.py:743} INFO - Processing file /home/carlosfalcone/airflow/dags/cross_task_communication2.py for tasks to queue
[2024-03-23T21:07:48.461-0300] {logging_mixin.py:137} INFO - [2024-03-23T21:07:48.461-0300] {dagbag.py:532} INFO - Filling up the DagBag from /home/carlosfalcone/airflow/dags/cross_task_communication2.py
[2024-03-23T21:07:48.470-0300] {processor.py:753} INFO - DAG(s) dict_keys(['cross_task_communication2']) retrieved from /home/carlosfalcone/airflow/dags/cross_task_communication2.py
[2024-03-23T21:07:48.481-0300] {logging_mixin.py:137} INFO - [2024-03-23T21:07:48.481-0300] {dag.py:2705} INFO - Sync 1 DAGs
[2024-03-23T21:07:48.498-0300] {logging_mixin.py:137} INFO - [2024-03-23T21:07:48.498-0300] {dag.py:3456} INFO - Setting next_dagrun for cross_task_communication2 to 2024-03-24T00:00:00+00:00, run_after=2024-03-25T00:00:00+00:00
[2024-03-23T21:07:48.514-0300] {processor.py:175} INFO - Processing /home/carlosfalcone/airflow/dags/cross_task_communication2.py took 0.056 seconds
[2024-03-23T21:08:18.874-0300] {processor.py:153} INFO - Started process (PID=8457) to work on /home/carlosfalcone/airflow/dags/cross_task_communication2.py
[2024-03-23T21:08:18.875-0300] {processor.py:743} INFO - Processing file /home/carlosfalcone/airflow/dags/cross_task_communication2.py for tasks to queue
[2024-03-23T21:08:18.875-0300] {logging_mixin.py:137} INFO - [2024-03-23T21:08:18.875-0300] {dagbag.py:532} INFO - Filling up the DagBag from /home/carlosfalcone/airflow/dags/cross_task_communication2.py
[2024-03-23T21:08:18.885-0300] {processor.py:753} INFO - DAG(s) dict_keys(['cross_task_communication2']) retrieved from /home/carlosfalcone/airflow/dags/cross_task_communication2.py
[2024-03-23T21:08:18.896-0300] {logging_mixin.py:137} INFO - [2024-03-23T21:08:18.896-0300] {dag.py:2705} INFO - Sync 1 DAGs
[2024-03-23T21:08:18.912-0300] {logging_mixin.py:137} INFO - [2024-03-23T21:08:18.912-0300] {dag.py:3456} INFO - Setting next_dagrun for cross_task_communication2 to 2024-03-24T00:00:00+00:00, run_after=2024-03-25T00:00:00+00:00
[2024-03-23T21:08:18.929-0300] {processor.py:175} INFO - Processing /home/carlosfalcone/airflow/dags/cross_task_communication2.py took 0.057 seconds
[2024-03-23T21:08:49.263-0300] {processor.py:153} INFO - Started process (PID=8512) to work on /home/carlosfalcone/airflow/dags/cross_task_communication2.py
[2024-03-23T21:08:49.264-0300] {processor.py:743} INFO - Processing file /home/carlosfalcone/airflow/dags/cross_task_communication2.py for tasks to queue
[2024-03-23T21:08:49.264-0300] {logging_mixin.py:137} INFO - [2024-03-23T21:08:49.264-0300] {dagbag.py:532} INFO - Filling up the DagBag from /home/carlosfalcone/airflow/dags/cross_task_communication2.py
[2024-03-23T21:08:49.274-0300] {processor.py:753} INFO - DAG(s) dict_keys(['cross_task_communication2']) retrieved from /home/carlosfalcone/airflow/dags/cross_task_communication2.py
[2024-03-23T21:08:49.285-0300] {logging_mixin.py:137} INFO - [2024-03-23T21:08:49.285-0300] {dag.py:2705} INFO - Sync 1 DAGs
[2024-03-23T21:08:49.301-0300] {logging_mixin.py:137} INFO - [2024-03-23T21:08:49.301-0300] {dag.py:3456} INFO - Setting next_dagrun for cross_task_communication2 to 2024-03-24T00:00:00+00:00, run_after=2024-03-25T00:00:00+00:00
[2024-03-23T21:08:49.318-0300] {processor.py:175} INFO - Processing /home/carlosfalcone/airflow/dags/cross_task_communication2.py took 0.056 seconds
[2024-03-23T21:09:19.677-0300] {processor.py:153} INFO - Started process (PID=8567) to work on /home/carlosfalcone/airflow/dags/cross_task_communication2.py
[2024-03-23T21:09:19.678-0300] {processor.py:743} INFO - Processing file /home/carlosfalcone/airflow/dags/cross_task_communication2.py for tasks to queue
[2024-03-23T21:09:19.679-0300] {logging_mixin.py:137} INFO - [2024-03-23T21:09:19.679-0300] {dagbag.py:532} INFO - Filling up the DagBag from /home/carlosfalcone/airflow/dags/cross_task_communication2.py
[2024-03-23T21:09:19.688-0300] {processor.py:753} INFO - DAG(s) dict_keys(['cross_task_communication2']) retrieved from /home/carlosfalcone/airflow/dags/cross_task_communication2.py
[2024-03-23T21:09:19.700-0300] {logging_mixin.py:137} INFO - [2024-03-23T21:09:19.700-0300] {dag.py:2705} INFO - Sync 1 DAGs
[2024-03-23T21:09:19.715-0300] {logging_mixin.py:137} INFO - [2024-03-23T21:09:19.715-0300] {dag.py:3456} INFO - Setting next_dagrun for cross_task_communication2 to 2024-03-24T00:00:00+00:00, run_after=2024-03-25T00:00:00+00:00
[2024-03-23T21:09:19.731-0300] {processor.py:175} INFO - Processing /home/carlosfalcone/airflow/dags/cross_task_communication2.py took 0.055 seconds
[2024-03-23T21:09:49.987-0300] {processor.py:153} INFO - Started process (PID=8622) to work on /home/carlosfalcone/airflow/dags/cross_task_communication2.py
[2024-03-23T21:09:49.988-0300] {processor.py:743} INFO - Processing file /home/carlosfalcone/airflow/dags/cross_task_communication2.py for tasks to queue
[2024-03-23T21:09:49.989-0300] {logging_mixin.py:137} INFO - [2024-03-23T21:09:49.989-0300] {dagbag.py:532} INFO - Filling up the DagBag from /home/carlosfalcone/airflow/dags/cross_task_communication2.py
[2024-03-23T21:09:49.998-0300] {processor.py:753} INFO - DAG(s) dict_keys(['cross_task_communication2']) retrieved from /home/carlosfalcone/airflow/dags/cross_task_communication2.py
[2024-03-23T21:09:50.010-0300] {logging_mixin.py:137} INFO - [2024-03-23T21:09:50.009-0300] {dag.py:2705} INFO - Sync 1 DAGs
[2024-03-23T21:09:50.025-0300] {logging_mixin.py:137} INFO - [2024-03-23T21:09:50.025-0300] {dag.py:3456} INFO - Setting next_dagrun for cross_task_communication2 to 2024-03-24T00:00:00+00:00, run_after=2024-03-25T00:00:00+00:00
[2024-03-23T21:09:50.043-0300] {processor.py:175} INFO - Processing /home/carlosfalcone/airflow/dags/cross_task_communication2.py took 0.057 seconds
[2024-03-23T21:10:20.303-0300] {processor.py:153} INFO - Started process (PID=8677) to work on /home/carlosfalcone/airflow/dags/cross_task_communication2.py
[2024-03-23T21:10:20.304-0300] {processor.py:743} INFO - Processing file /home/carlosfalcone/airflow/dags/cross_task_communication2.py for tasks to queue
[2024-03-23T21:10:20.304-0300] {logging_mixin.py:137} INFO - [2024-03-23T21:10:20.304-0300] {dagbag.py:532} INFO - Filling up the DagBag from /home/carlosfalcone/airflow/dags/cross_task_communication2.py
[2024-03-23T21:10:20.314-0300] {processor.py:753} INFO - DAG(s) dict_keys(['cross_task_communication2']) retrieved from /home/carlosfalcone/airflow/dags/cross_task_communication2.py
[2024-03-23T21:10:20.325-0300] {logging_mixin.py:137} INFO - [2024-03-23T21:10:20.325-0300] {dag.py:2705} INFO - Sync 1 DAGs
[2024-03-23T21:10:20.341-0300] {logging_mixin.py:137} INFO - [2024-03-23T21:10:20.341-0300] {dag.py:3456} INFO - Setting next_dagrun for cross_task_communication2 to 2024-03-24T00:00:00+00:00, run_after=2024-03-25T00:00:00+00:00
[2024-03-23T21:10:20.356-0300] {processor.py:175} INFO - Processing /home/carlosfalcone/airflow/dags/cross_task_communication2.py took 0.055 seconds
[2024-03-23T21:10:50.719-0300] {processor.py:153} INFO - Started process (PID=8732) to work on /home/carlosfalcone/airflow/dags/cross_task_communication2.py
[2024-03-23T21:10:50.720-0300] {processor.py:743} INFO - Processing file /home/carlosfalcone/airflow/dags/cross_task_communication2.py for tasks to queue
[2024-03-23T21:10:50.721-0300] {logging_mixin.py:137} INFO - [2024-03-23T21:10:50.721-0300] {dagbag.py:532} INFO - Filling up the DagBag from /home/carlosfalcone/airflow/dags/cross_task_communication2.py
[2024-03-23T21:10:50.730-0300] {processor.py:753} INFO - DAG(s) dict_keys(['cross_task_communication2']) retrieved from /home/carlosfalcone/airflow/dags/cross_task_communication2.py
[2024-03-23T21:10:50.742-0300] {logging_mixin.py:137} INFO - [2024-03-23T21:10:50.742-0300] {dag.py:2705} INFO - Sync 1 DAGs
[2024-03-23T21:10:50.758-0300] {logging_mixin.py:137} INFO - [2024-03-23T21:10:50.758-0300] {dag.py:3456} INFO - Setting next_dagrun for cross_task_communication2 to 2024-03-24T00:00:00+00:00, run_after=2024-03-25T00:00:00+00:00
[2024-03-23T21:10:50.774-0300] {processor.py:175} INFO - Processing /home/carlosfalcone/airflow/dags/cross_task_communication2.py took 0.056 seconds
[2024-03-23T21:11:21.137-0300] {processor.py:153} INFO - Started process (PID=8787) to work on /home/carlosfalcone/airflow/dags/cross_task_communication2.py
[2024-03-23T21:11:21.137-0300] {processor.py:743} INFO - Processing file /home/carlosfalcone/airflow/dags/cross_task_communication2.py for tasks to queue
[2024-03-23T21:11:21.138-0300] {logging_mixin.py:137} INFO - [2024-03-23T21:11:21.138-0300] {dagbag.py:532} INFO - Filling up the DagBag from /home/carlosfalcone/airflow/dags/cross_task_communication2.py
[2024-03-23T21:11:21.147-0300] {processor.py:753} INFO - DAG(s) dict_keys(['cross_task_communication2']) retrieved from /home/carlosfalcone/airflow/dags/cross_task_communication2.py
[2024-03-23T21:11:21.159-0300] {logging_mixin.py:137} INFO - [2024-03-23T21:11:21.158-0300] {dag.py:2705} INFO - Sync 1 DAGs
[2024-03-23T21:11:21.175-0300] {logging_mixin.py:137} INFO - [2024-03-23T21:11:21.175-0300] {dag.py:3456} INFO - Setting next_dagrun for cross_task_communication2 to 2024-03-24T00:00:00+00:00, run_after=2024-03-25T00:00:00+00:00
[2024-03-23T21:11:21.193-0300] {processor.py:175} INFO - Processing /home/carlosfalcone/airflow/dags/cross_task_communication2.py took 0.058 seconds
[2024-03-23T21:11:51.548-0300] {processor.py:153} INFO - Started process (PID=8842) to work on /home/carlosfalcone/airflow/dags/cross_task_communication2.py
[2024-03-23T21:11:51.549-0300] {processor.py:743} INFO - Processing file /home/carlosfalcone/airflow/dags/cross_task_communication2.py for tasks to queue
[2024-03-23T21:11:51.550-0300] {logging_mixin.py:137} INFO - [2024-03-23T21:11:51.550-0300] {dagbag.py:532} INFO - Filling up the DagBag from /home/carlosfalcone/airflow/dags/cross_task_communication2.py
[2024-03-23T21:11:51.559-0300] {processor.py:753} INFO - DAG(s) dict_keys(['cross_task_communication2']) retrieved from /home/carlosfalcone/airflow/dags/cross_task_communication2.py
[2024-03-23T21:11:51.571-0300] {logging_mixin.py:137} INFO - [2024-03-23T21:11:51.571-0300] {dag.py:2705} INFO - Sync 1 DAGs
[2024-03-23T21:11:51.587-0300] {logging_mixin.py:137} INFO - [2024-03-23T21:11:51.587-0300] {dag.py:3456} INFO - Setting next_dagrun for cross_task_communication2 to 2024-03-24T00:00:00+00:00, run_after=2024-03-25T00:00:00+00:00
[2024-03-23T21:11:51.602-0300] {processor.py:175} INFO - Processing /home/carlosfalcone/airflow/dags/cross_task_communication2.py took 0.056 seconds
[2024-03-23T21:12:21.962-0300] {processor.py:153} INFO - Started process (PID=8897) to work on /home/carlosfalcone/airflow/dags/cross_task_communication2.py
[2024-03-23T21:12:21.963-0300] {processor.py:743} INFO - Processing file /home/carlosfalcone/airflow/dags/cross_task_communication2.py for tasks to queue
[2024-03-23T21:12:21.964-0300] {logging_mixin.py:137} INFO - [2024-03-23T21:12:21.964-0300] {dagbag.py:532} INFO - Filling up the DagBag from /home/carlosfalcone/airflow/dags/cross_task_communication2.py
[2024-03-23T21:12:21.973-0300] {processor.py:753} INFO - DAG(s) dict_keys(['cross_task_communication2']) retrieved from /home/carlosfalcone/airflow/dags/cross_task_communication2.py
[2024-03-23T21:12:21.984-0300] {logging_mixin.py:137} INFO - [2024-03-23T21:12:21.984-0300] {dag.py:2705} INFO - Sync 1 DAGs
[2024-03-23T21:12:22.000-0300] {logging_mixin.py:137} INFO - [2024-03-23T21:12:22.000-0300] {dag.py:3456} INFO - Setting next_dagrun for cross_task_communication2 to 2024-03-24T00:00:00+00:00, run_after=2024-03-25T00:00:00+00:00
[2024-03-23T21:12:22.015-0300] {processor.py:175} INFO - Processing /home/carlosfalcone/airflow/dags/cross_task_communication2.py took 0.055 seconds
[2024-03-23T21:12:52.374-0300] {processor.py:153} INFO - Started process (PID=8952) to work on /home/carlosfalcone/airflow/dags/cross_task_communication2.py
[2024-03-23T21:12:52.375-0300] {processor.py:743} INFO - Processing file /home/carlosfalcone/airflow/dags/cross_task_communication2.py for tasks to queue
[2024-03-23T21:12:52.376-0300] {logging_mixin.py:137} INFO - [2024-03-23T21:12:52.376-0300] {dagbag.py:532} INFO - Filling up the DagBag from /home/carlosfalcone/airflow/dags/cross_task_communication2.py
[2024-03-23T21:12:52.385-0300] {processor.py:753} INFO - DAG(s) dict_keys(['cross_task_communication2']) retrieved from /home/carlosfalcone/airflow/dags/cross_task_communication2.py
[2024-03-23T21:12:52.397-0300] {logging_mixin.py:137} INFO - [2024-03-23T21:12:52.397-0300] {dag.py:2705} INFO - Sync 1 DAGs
[2024-03-23T21:12:52.412-0300] {logging_mixin.py:137} INFO - [2024-03-23T21:12:52.412-0300] {dag.py:3456} INFO - Setting next_dagrun for cross_task_communication2 to 2024-03-24T00:00:00+00:00, run_after=2024-03-25T00:00:00+00:00
[2024-03-23T21:12:52.428-0300] {processor.py:175} INFO - Processing /home/carlosfalcone/airflow/dags/cross_task_communication2.py took 0.055 seconds
[2024-03-23T21:13:22.686-0300] {processor.py:153} INFO - Started process (PID=9007) to work on /home/carlosfalcone/airflow/dags/cross_task_communication2.py
[2024-03-23T21:13:22.687-0300] {processor.py:743} INFO - Processing file /home/carlosfalcone/airflow/dags/cross_task_communication2.py for tasks to queue
[2024-03-23T21:13:22.688-0300] {logging_mixin.py:137} INFO - [2024-03-23T21:13:22.687-0300] {dagbag.py:532} INFO - Filling up the DagBag from /home/carlosfalcone/airflow/dags/cross_task_communication2.py
[2024-03-23T21:13:22.697-0300] {processor.py:753} INFO - DAG(s) dict_keys(['cross_task_communication2']) retrieved from /home/carlosfalcone/airflow/dags/cross_task_communication2.py
[2024-03-23T21:13:22.708-0300] {logging_mixin.py:137} INFO - [2024-03-23T21:13:22.708-0300] {dag.py:2705} INFO - Sync 1 DAGs
[2024-03-23T21:13:22.724-0300] {logging_mixin.py:137} INFO - [2024-03-23T21:13:22.724-0300] {dag.py:3456} INFO - Setting next_dagrun for cross_task_communication2 to 2024-03-24T00:00:00+00:00, run_after=2024-03-25T00:00:00+00:00
[2024-03-23T21:13:22.739-0300] {processor.py:175} INFO - Processing /home/carlosfalcone/airflow/dags/cross_task_communication2.py took 0.054 seconds
[2024-03-23T21:13:52.999-0300] {processor.py:153} INFO - Started process (PID=9062) to work on /home/carlosfalcone/airflow/dags/cross_task_communication2.py
[2024-03-23T21:13:53.000-0300] {processor.py:743} INFO - Processing file /home/carlosfalcone/airflow/dags/cross_task_communication2.py for tasks to queue
[2024-03-23T21:13:53.001-0300] {logging_mixin.py:137} INFO - [2024-03-23T21:13:53.001-0300] {dagbag.py:532} INFO - Filling up the DagBag from /home/carlosfalcone/airflow/dags/cross_task_communication2.py
[2024-03-23T21:13:53.010-0300] {processor.py:753} INFO - DAG(s) dict_keys(['cross_task_communication2']) retrieved from /home/carlosfalcone/airflow/dags/cross_task_communication2.py
[2024-03-23T21:13:53.022-0300] {logging_mixin.py:137} INFO - [2024-03-23T21:13:53.022-0300] {dag.py:2705} INFO - Sync 1 DAGs
[2024-03-23T21:13:53.037-0300] {logging_mixin.py:137} INFO - [2024-03-23T21:13:53.037-0300] {dag.py:3456} INFO - Setting next_dagrun for cross_task_communication2 to 2024-03-24T00:00:00+00:00, run_after=2024-03-25T00:00:00+00:00
[2024-03-23T21:13:53.054-0300] {processor.py:175} INFO - Processing /home/carlosfalcone/airflow/dags/cross_task_communication2.py took 0.056 seconds
[2024-03-23T21:14:23.316-0300] {processor.py:153} INFO - Started process (PID=9117) to work on /home/carlosfalcone/airflow/dags/cross_task_communication2.py
[2024-03-23T21:14:23.317-0300] {processor.py:743} INFO - Processing file /home/carlosfalcone/airflow/dags/cross_task_communication2.py for tasks to queue
[2024-03-23T21:14:23.318-0300] {logging_mixin.py:137} INFO - [2024-03-23T21:14:23.318-0300] {dagbag.py:532} INFO - Filling up the DagBag from /home/carlosfalcone/airflow/dags/cross_task_communication2.py
[2024-03-23T21:14:23.327-0300] {processor.py:753} INFO - DAG(s) dict_keys(['cross_task_communication2']) retrieved from /home/carlosfalcone/airflow/dags/cross_task_communication2.py
[2024-03-23T21:14:23.339-0300] {logging_mixin.py:137} INFO - [2024-03-23T21:14:23.339-0300] {dag.py:2705} INFO - Sync 1 DAGs
[2024-03-23T21:14:23.355-0300] {logging_mixin.py:137} INFO - [2024-03-23T21:14:23.355-0300] {dag.py:3456} INFO - Setting next_dagrun for cross_task_communication2 to 2024-03-24T00:00:00+00:00, run_after=2024-03-25T00:00:00+00:00
[2024-03-23T21:14:23.370-0300] {processor.py:175} INFO - Processing /home/carlosfalcone/airflow/dags/cross_task_communication2.py took 0.056 seconds
[2024-03-23T21:14:53.628-0300] {processor.py:153} INFO - Started process (PID=9172) to work on /home/carlosfalcone/airflow/dags/cross_task_communication2.py
[2024-03-23T21:14:53.629-0300] {processor.py:743} INFO - Processing file /home/carlosfalcone/airflow/dags/cross_task_communication2.py for tasks to queue
[2024-03-23T21:14:53.630-0300] {logging_mixin.py:137} INFO - [2024-03-23T21:14:53.630-0300] {dagbag.py:532} INFO - Filling up the DagBag from /home/carlosfalcone/airflow/dags/cross_task_communication2.py
[2024-03-23T21:14:53.639-0300] {processor.py:753} INFO - DAG(s) dict_keys(['cross_task_communication2']) retrieved from /home/carlosfalcone/airflow/dags/cross_task_communication2.py
[2024-03-23T21:14:53.650-0300] {logging_mixin.py:137} INFO - [2024-03-23T21:14:53.650-0300] {dag.py:2705} INFO - Sync 1 DAGs
[2024-03-23T21:14:53.666-0300] {logging_mixin.py:137} INFO - [2024-03-23T21:14:53.666-0300] {dag.py:3456} INFO - Setting next_dagrun for cross_task_communication2 to 2024-03-24T00:00:00+00:00, run_after=2024-03-25T00:00:00+00:00
[2024-03-23T21:14:53.682-0300] {processor.py:175} INFO - Processing /home/carlosfalcone/airflow/dags/cross_task_communication2.py took 0.055 seconds
[2024-03-23T21:15:23.939-0300] {processor.py:153} INFO - Started process (PID=9227) to work on /home/carlosfalcone/airflow/dags/cross_task_communication2.py
[2024-03-23T21:15:23.940-0300] {processor.py:743} INFO - Processing file /home/carlosfalcone/airflow/dags/cross_task_communication2.py for tasks to queue
[2024-03-23T21:15:23.941-0300] {logging_mixin.py:137} INFO - [2024-03-23T21:15:23.941-0300] {dagbag.py:532} INFO - Filling up the DagBag from /home/carlosfalcone/airflow/dags/cross_task_communication2.py
[2024-03-23T21:15:23.950-0300] {processor.py:753} INFO - DAG(s) dict_keys(['cross_task_communication2']) retrieved from /home/carlosfalcone/airflow/dags/cross_task_communication2.py
[2024-03-23T21:15:23.962-0300] {logging_mixin.py:137} INFO - [2024-03-23T21:15:23.962-0300] {dag.py:2705} INFO - Sync 1 DAGs
[2024-03-23T21:15:23.978-0300] {logging_mixin.py:137} INFO - [2024-03-23T21:15:23.978-0300] {dag.py:3456} INFO - Setting next_dagrun for cross_task_communication2 to 2024-03-24T00:00:00+00:00, run_after=2024-03-25T00:00:00+00:00
[2024-03-23T21:15:23.994-0300] {processor.py:175} INFO - Processing /home/carlosfalcone/airflow/dags/cross_task_communication2.py took 0.056 seconds
[2024-03-23T21:15:54.224-0300] {processor.py:153} INFO - Started process (PID=9282) to work on /home/carlosfalcone/airflow/dags/cross_task_communication2.py
[2024-03-23T21:15:54.225-0300] {processor.py:743} INFO - Processing file /home/carlosfalcone/airflow/dags/cross_task_communication2.py for tasks to queue
[2024-03-23T21:15:54.225-0300] {logging_mixin.py:137} INFO - [2024-03-23T21:15:54.225-0300] {dagbag.py:532} INFO - Filling up the DagBag from /home/carlosfalcone/airflow/dags/cross_task_communication2.py
[2024-03-23T21:15:54.235-0300] {processor.py:753} INFO - DAG(s) dict_keys(['cross_task_communication2']) retrieved from /home/carlosfalcone/airflow/dags/cross_task_communication2.py
[2024-03-23T21:15:54.246-0300] {logging_mixin.py:137} INFO - [2024-03-23T21:15:54.246-0300] {dag.py:2705} INFO - Sync 1 DAGs
[2024-03-23T21:15:54.262-0300] {logging_mixin.py:137} INFO - [2024-03-23T21:15:54.262-0300] {dag.py:3456} INFO - Setting next_dagrun for cross_task_communication2 to 2024-03-24T00:00:00+00:00, run_after=2024-03-25T00:00:00+00:00
[2024-03-23T21:15:54.278-0300] {processor.py:175} INFO - Processing /home/carlosfalcone/airflow/dags/cross_task_communication2.py took 0.056 seconds
[2024-03-23T21:16:24.538-0300] {processor.py:153} INFO - Started process (PID=9337) to work on /home/carlosfalcone/airflow/dags/cross_task_communication2.py
[2024-03-23T21:16:24.539-0300] {processor.py:743} INFO - Processing file /home/carlosfalcone/airflow/dags/cross_task_communication2.py for tasks to queue
[2024-03-23T21:16:24.540-0300] {logging_mixin.py:137} INFO - [2024-03-23T21:16:24.540-0300] {dagbag.py:532} INFO - Filling up the DagBag from /home/carlosfalcone/airflow/dags/cross_task_communication2.py
[2024-03-23T21:16:24.549-0300] {processor.py:753} INFO - DAG(s) dict_keys(['cross_task_communication2']) retrieved from /home/carlosfalcone/airflow/dags/cross_task_communication2.py
[2024-03-23T21:16:24.560-0300] {logging_mixin.py:137} INFO - [2024-03-23T21:16:24.560-0300] {dag.py:2705} INFO - Sync 1 DAGs
[2024-03-23T21:16:24.576-0300] {logging_mixin.py:137} INFO - [2024-03-23T21:16:24.576-0300] {dag.py:3456} INFO - Setting next_dagrun for cross_task_communication2 to 2024-03-24T00:00:00+00:00, run_after=2024-03-25T00:00:00+00:00
[2024-03-23T21:16:24.592-0300] {processor.py:175} INFO - Processing /home/carlosfalcone/airflow/dags/cross_task_communication2.py took 0.056 seconds
[2024-03-23T21:16:54.822-0300] {processor.py:153} INFO - Started process (PID=9392) to work on /home/carlosfalcone/airflow/dags/cross_task_communication2.py
[2024-03-23T21:16:54.823-0300] {processor.py:743} INFO - Processing file /home/carlosfalcone/airflow/dags/cross_task_communication2.py for tasks to queue
[2024-03-23T21:16:54.823-0300] {logging_mixin.py:137} INFO - [2024-03-23T21:16:54.823-0300] {dagbag.py:532} INFO - Filling up the DagBag from /home/carlosfalcone/airflow/dags/cross_task_communication2.py
[2024-03-23T21:16:54.833-0300] {processor.py:753} INFO - DAG(s) dict_keys(['cross_task_communication2']) retrieved from /home/carlosfalcone/airflow/dags/cross_task_communication2.py
[2024-03-23T21:16:54.844-0300] {logging_mixin.py:137} INFO - [2024-03-23T21:16:54.844-0300] {dag.py:2705} INFO - Sync 1 DAGs
[2024-03-23T21:16:54.860-0300] {logging_mixin.py:137} INFO - [2024-03-23T21:16:54.860-0300] {dag.py:3456} INFO - Setting next_dagrun for cross_task_communication2 to 2024-03-24T00:00:00+00:00, run_after=2024-03-25T00:00:00+00:00
[2024-03-23T21:16:54.875-0300] {processor.py:175} INFO - Processing /home/carlosfalcone/airflow/dags/cross_task_communication2.py took 0.055 seconds
[2024-03-23T21:17:25.141-0300] {processor.py:153} INFO - Started process (PID=9447) to work on /home/carlosfalcone/airflow/dags/cross_task_communication2.py
[2024-03-23T21:17:25.142-0300] {processor.py:743} INFO - Processing file /home/carlosfalcone/airflow/dags/cross_task_communication2.py for tasks to queue
[2024-03-23T21:17:25.143-0300] {logging_mixin.py:137} INFO - [2024-03-23T21:17:25.143-0300] {dagbag.py:532} INFO - Filling up the DagBag from /home/carlosfalcone/airflow/dags/cross_task_communication2.py
[2024-03-23T21:17:25.152-0300] {processor.py:753} INFO - DAG(s) dict_keys(['cross_task_communication2']) retrieved from /home/carlosfalcone/airflow/dags/cross_task_communication2.py
[2024-03-23T21:17:25.164-0300] {logging_mixin.py:137} INFO - [2024-03-23T21:17:25.164-0300] {dag.py:2705} INFO - Sync 1 DAGs
[2024-03-23T21:17:25.180-0300] {logging_mixin.py:137} INFO - [2024-03-23T21:17:25.180-0300] {dag.py:3456} INFO - Setting next_dagrun for cross_task_communication2 to 2024-03-24T00:00:00+00:00, run_after=2024-03-25T00:00:00+00:00
[2024-03-23T21:17:25.197-0300] {processor.py:175} INFO - Processing /home/carlosfalcone/airflow/dags/cross_task_communication2.py took 0.057 seconds
[2024-03-23T21:17:55.455-0300] {processor.py:153} INFO - Started process (PID=9502) to work on /home/carlosfalcone/airflow/dags/cross_task_communication2.py
[2024-03-23T21:17:55.456-0300] {processor.py:743} INFO - Processing file /home/carlosfalcone/airflow/dags/cross_task_communication2.py for tasks to queue
[2024-03-23T21:17:55.457-0300] {logging_mixin.py:137} INFO - [2024-03-23T21:17:55.457-0300] {dagbag.py:532} INFO - Filling up the DagBag from /home/carlosfalcone/airflow/dags/cross_task_communication2.py
[2024-03-23T21:17:55.466-0300] {processor.py:753} INFO - DAG(s) dict_keys(['cross_task_communication2']) retrieved from /home/carlosfalcone/airflow/dags/cross_task_communication2.py
[2024-03-23T21:17:55.478-0300] {logging_mixin.py:137} INFO - [2024-03-23T21:17:55.478-0300] {dag.py:2705} INFO - Sync 1 DAGs
[2024-03-23T21:17:55.493-0300] {logging_mixin.py:137} INFO - [2024-03-23T21:17:55.493-0300] {dag.py:3456} INFO - Setting next_dagrun for cross_task_communication2 to 2024-03-24T00:00:00+00:00, run_after=2024-03-25T00:00:00+00:00
[2024-03-23T21:17:55.510-0300] {processor.py:175} INFO - Processing /home/carlosfalcone/airflow/dags/cross_task_communication2.py took 0.056 seconds
[2024-03-23T21:18:25.774-0300] {processor.py:153} INFO - Started process (PID=9557) to work on /home/carlosfalcone/airflow/dags/cross_task_communication2.py
[2024-03-23T21:18:25.775-0300] {processor.py:743} INFO - Processing file /home/carlosfalcone/airflow/dags/cross_task_communication2.py for tasks to queue
[2024-03-23T21:18:25.775-0300] {logging_mixin.py:137} INFO - [2024-03-23T21:18:25.775-0300] {dagbag.py:532} INFO - Filling up the DagBag from /home/carlosfalcone/airflow/dags/cross_task_communication2.py
[2024-03-23T21:18:25.785-0300] {processor.py:753} INFO - DAG(s) dict_keys(['cross_task_communication2']) retrieved from /home/carlosfalcone/airflow/dags/cross_task_communication2.py
[2024-03-23T21:18:25.796-0300] {logging_mixin.py:137} INFO - [2024-03-23T21:18:25.796-0300] {dag.py:2705} INFO - Sync 1 DAGs
[2024-03-23T21:18:25.812-0300] {logging_mixin.py:137} INFO - [2024-03-23T21:18:25.812-0300] {dag.py:3456} INFO - Setting next_dagrun for cross_task_communication2 to 2024-03-24T00:00:00+00:00, run_after=2024-03-25T00:00:00+00:00
[2024-03-23T21:18:25.828-0300] {processor.py:175} INFO - Processing /home/carlosfalcone/airflow/dags/cross_task_communication2.py took 0.055 seconds
[2024-03-23T21:18:56.082-0300] {processor.py:153} INFO - Started process (PID=9612) to work on /home/carlosfalcone/airflow/dags/cross_task_communication2.py
[2024-03-23T21:18:56.083-0300] {processor.py:743} INFO - Processing file /home/carlosfalcone/airflow/dags/cross_task_communication2.py for tasks to queue
[2024-03-23T21:18:56.083-0300] {logging_mixin.py:137} INFO - [2024-03-23T21:18:56.083-0300] {dagbag.py:532} INFO - Filling up the DagBag from /home/carlosfalcone/airflow/dags/cross_task_communication2.py
[2024-03-23T21:18:56.093-0300] {processor.py:753} INFO - DAG(s) dict_keys(['cross_task_communication2']) retrieved from /home/carlosfalcone/airflow/dags/cross_task_communication2.py
[2024-03-23T21:18:56.104-0300] {logging_mixin.py:137} INFO - [2024-03-23T21:18:56.104-0300] {dag.py:2705} INFO - Sync 1 DAGs
[2024-03-23T21:18:56.121-0300] {logging_mixin.py:137} INFO - [2024-03-23T21:18:56.121-0300] {dag.py:3456} INFO - Setting next_dagrun for cross_task_communication2 to 2024-03-24T00:00:00+00:00, run_after=2024-03-25T00:00:00+00:00
[2024-03-23T21:18:56.138-0300] {processor.py:175} INFO - Processing /home/carlosfalcone/airflow/dags/cross_task_communication2.py took 0.058 seconds
[2024-03-23T21:19:26.393-0300] {processor.py:153} INFO - Started process (PID=9667) to work on /home/carlosfalcone/airflow/dags/cross_task_communication2.py
[2024-03-23T21:19:26.394-0300] {processor.py:743} INFO - Processing file /home/carlosfalcone/airflow/dags/cross_task_communication2.py for tasks to queue
[2024-03-23T21:19:26.394-0300] {logging_mixin.py:137} INFO - [2024-03-23T21:19:26.394-0300] {dagbag.py:532} INFO - Filling up the DagBag from /home/carlosfalcone/airflow/dags/cross_task_communication2.py
[2024-03-23T21:19:26.403-0300] {processor.py:753} INFO - DAG(s) dict_keys(['cross_task_communication2']) retrieved from /home/carlosfalcone/airflow/dags/cross_task_communication2.py
[2024-03-23T21:19:26.415-0300] {logging_mixin.py:137} INFO - [2024-03-23T21:19:26.415-0300] {dag.py:2705} INFO - Sync 1 DAGs
[2024-03-23T21:19:26.431-0300] {logging_mixin.py:137} INFO - [2024-03-23T21:19:26.431-0300] {dag.py:3456} INFO - Setting next_dagrun for cross_task_communication2 to 2024-03-24T00:00:00+00:00, run_after=2024-03-25T00:00:00+00:00
[2024-03-23T21:19:26.446-0300] {processor.py:175} INFO - Processing /home/carlosfalcone/airflow/dags/cross_task_communication2.py took 0.055 seconds
[2024-03-23T21:19:56.692-0300] {processor.py:153} INFO - Started process (PID=9722) to work on /home/carlosfalcone/airflow/dags/cross_task_communication2.py
[2024-03-23T21:19:56.693-0300] {processor.py:743} INFO - Processing file /home/carlosfalcone/airflow/dags/cross_task_communication2.py for tasks to queue
[2024-03-23T21:19:56.693-0300] {logging_mixin.py:137} INFO - [2024-03-23T21:19:56.693-0300] {dagbag.py:532} INFO - Filling up the DagBag from /home/carlosfalcone/airflow/dags/cross_task_communication2.py
[2024-03-23T21:19:56.703-0300] {processor.py:753} INFO - DAG(s) dict_keys(['cross_task_communication2']) retrieved from /home/carlosfalcone/airflow/dags/cross_task_communication2.py
[2024-03-23T21:19:56.714-0300] {logging_mixin.py:137} INFO - [2024-03-23T21:19:56.714-0300] {dag.py:2705} INFO - Sync 1 DAGs
[2024-03-23T21:19:56.730-0300] {logging_mixin.py:137} INFO - [2024-03-23T21:19:56.730-0300] {dag.py:3456} INFO - Setting next_dagrun for cross_task_communication2 to 2024-03-24T00:00:00+00:00, run_after=2024-03-25T00:00:00+00:00
[2024-03-23T21:19:56.746-0300] {processor.py:175} INFO - Processing /home/carlosfalcone/airflow/dags/cross_task_communication2.py took 0.055 seconds
[2024-03-23T21:20:27.001-0300] {processor.py:153} INFO - Started process (PID=9777) to work on /home/carlosfalcone/airflow/dags/cross_task_communication2.py
[2024-03-23T21:20:27.002-0300] {processor.py:743} INFO - Processing file /home/carlosfalcone/airflow/dags/cross_task_communication2.py for tasks to queue
[2024-03-23T21:20:27.002-0300] {logging_mixin.py:137} INFO - [2024-03-23T21:20:27.002-0300] {dagbag.py:532} INFO - Filling up the DagBag from /home/carlosfalcone/airflow/dags/cross_task_communication2.py
[2024-03-23T21:20:27.011-0300] {processor.py:753} INFO - DAG(s) dict_keys(['cross_task_communication2']) retrieved from /home/carlosfalcone/airflow/dags/cross_task_communication2.py
[2024-03-23T21:20:27.022-0300] {logging_mixin.py:137} INFO - [2024-03-23T21:20:27.022-0300] {dag.py:2705} INFO - Sync 1 DAGs
[2024-03-23T21:20:27.038-0300] {logging_mixin.py:137} INFO - [2024-03-23T21:20:27.038-0300] {dag.py:3456} INFO - Setting next_dagrun for cross_task_communication2 to 2024-03-24T00:00:00+00:00, run_after=2024-03-25T00:00:00+00:00
[2024-03-23T21:20:27.054-0300] {processor.py:175} INFO - Processing /home/carlosfalcone/airflow/dags/cross_task_communication2.py took 0.055 seconds
[2024-03-23T21:20:57.311-0300] {processor.py:153} INFO - Started process (PID=9832) to work on /home/carlosfalcone/airflow/dags/cross_task_communication2.py
[2024-03-23T21:20:57.312-0300] {processor.py:743} INFO - Processing file /home/carlosfalcone/airflow/dags/cross_task_communication2.py for tasks to queue
[2024-03-23T21:20:57.312-0300] {logging_mixin.py:137} INFO - [2024-03-23T21:20:57.312-0300] {dagbag.py:532} INFO - Filling up the DagBag from /home/carlosfalcone/airflow/dags/cross_task_communication2.py
[2024-03-23T21:20:57.322-0300] {processor.py:753} INFO - DAG(s) dict_keys(['cross_task_communication2']) retrieved from /home/carlosfalcone/airflow/dags/cross_task_communication2.py
[2024-03-23T21:20:57.333-0300] {logging_mixin.py:137} INFO - [2024-03-23T21:20:57.333-0300] {dag.py:2705} INFO - Sync 1 DAGs
[2024-03-23T21:20:57.349-0300] {logging_mixin.py:137} INFO - [2024-03-23T21:20:57.349-0300] {dag.py:3456} INFO - Setting next_dagrun for cross_task_communication2 to 2024-03-24T00:00:00+00:00, run_after=2024-03-25T00:00:00+00:00
[2024-03-23T21:20:57.364-0300] {processor.py:175} INFO - Processing /home/carlosfalcone/airflow/dags/cross_task_communication2.py took 0.055 seconds
[2024-03-23T21:21:27.624-0300] {processor.py:153} INFO - Started process (PID=9887) to work on /home/carlosfalcone/airflow/dags/cross_task_communication2.py
[2024-03-23T21:21:27.625-0300] {processor.py:743} INFO - Processing file /home/carlosfalcone/airflow/dags/cross_task_communication2.py for tasks to queue
[2024-03-23T21:21:27.625-0300] {logging_mixin.py:137} INFO - [2024-03-23T21:21:27.625-0300] {dagbag.py:532} INFO - Filling up the DagBag from /home/carlosfalcone/airflow/dags/cross_task_communication2.py
[2024-03-23T21:21:27.635-0300] {processor.py:753} INFO - DAG(s) dict_keys(['cross_task_communication2']) retrieved from /home/carlosfalcone/airflow/dags/cross_task_communication2.py
[2024-03-23T21:21:27.646-0300] {logging_mixin.py:137} INFO - [2024-03-23T21:21:27.646-0300] {dag.py:2705} INFO - Sync 1 DAGs
[2024-03-23T21:21:27.662-0300] {logging_mixin.py:137} INFO - [2024-03-23T21:21:27.662-0300] {dag.py:3456} INFO - Setting next_dagrun for cross_task_communication2 to 2024-03-24T00:00:00+00:00, run_after=2024-03-25T00:00:00+00:00
[2024-03-23T21:21:27.680-0300] {processor.py:175} INFO - Processing /home/carlosfalcone/airflow/dags/cross_task_communication2.py took 0.057 seconds
[2024-03-23T21:21:57.935-0300] {processor.py:153} INFO - Started process (PID=9942) to work on /home/carlosfalcone/airflow/dags/cross_task_communication2.py
[2024-03-23T21:21:57.937-0300] {processor.py:743} INFO - Processing file /home/carlosfalcone/airflow/dags/cross_task_communication2.py for tasks to queue
[2024-03-23T21:21:57.937-0300] {logging_mixin.py:137} INFO - [2024-03-23T21:21:57.937-0300] {dagbag.py:532} INFO - Filling up the DagBag from /home/carlosfalcone/airflow/dags/cross_task_communication2.py
[2024-03-23T21:21:57.946-0300] {processor.py:753} INFO - DAG(s) dict_keys(['cross_task_communication2']) retrieved from /home/carlosfalcone/airflow/dags/cross_task_communication2.py
[2024-03-23T21:21:57.958-0300] {logging_mixin.py:137} INFO - [2024-03-23T21:21:57.958-0300] {dag.py:2705} INFO - Sync 1 DAGs
[2024-03-23T21:21:57.974-0300] {logging_mixin.py:137} INFO - [2024-03-23T21:21:57.974-0300] {dag.py:3456} INFO - Setting next_dagrun for cross_task_communication2 to 2024-03-24T00:00:00+00:00, run_after=2024-03-25T00:00:00+00:00
[2024-03-23T21:21:57.990-0300] {processor.py:175} INFO - Processing /home/carlosfalcone/airflow/dags/cross_task_communication2.py took 0.056 seconds
[2024-03-23T21:22:28.251-0300] {processor.py:153} INFO - Started process (PID=9997) to work on /home/carlosfalcone/airflow/dags/cross_task_communication2.py
[2024-03-23T21:22:28.251-0300] {processor.py:743} INFO - Processing file /home/carlosfalcone/airflow/dags/cross_task_communication2.py for tasks to queue
[2024-03-23T21:22:28.252-0300] {logging_mixin.py:137} INFO - [2024-03-23T21:22:28.252-0300] {dagbag.py:532} INFO - Filling up the DagBag from /home/carlosfalcone/airflow/dags/cross_task_communication2.py
[2024-03-23T21:22:28.261-0300] {processor.py:753} INFO - DAG(s) dict_keys(['cross_task_communication2']) retrieved from /home/carlosfalcone/airflow/dags/cross_task_communication2.py
[2024-03-23T21:22:28.272-0300] {logging_mixin.py:137} INFO - [2024-03-23T21:22:28.272-0300] {dag.py:2705} INFO - Sync 1 DAGs
[2024-03-23T21:22:28.288-0300] {logging_mixin.py:137} INFO - [2024-03-23T21:22:28.288-0300] {dag.py:3456} INFO - Setting next_dagrun for cross_task_communication2 to 2024-03-24T00:00:00+00:00, run_after=2024-03-25T00:00:00+00:00
[2024-03-23T21:22:28.305-0300] {processor.py:175} INFO - Processing /home/carlosfalcone/airflow/dags/cross_task_communication2.py took 0.056 seconds
