[2024-03-23T21:00:43.894-0300] {processor.py:153} INFO - Started process (PID=7616) to work on /home/carlosfalcone/airflow/dags/cross_task_communication.py
[2024-03-23T21:00:43.895-0300] {processor.py:743} INFO - Processing file /home/carlosfalcone/airflow/dags/cross_task_communication.py for tasks to queue
[2024-03-23T21:00:43.895-0300] {logging_mixin.py:137} INFO - [2024-03-23T21:00:43.895-0300] {dagbag.py:532} INFO - Filling up the DagBag from /home/carlosfalcone/airflow/dags/cross_task_communication.py
[2024-03-23T21:00:43.904-0300] {processor.py:753} INFO - DAG(s) dict_keys(['cross_task_communication']) retrieved from /home/carlosfalcone/airflow/dags/cross_task_communication.py
[2024-03-23T21:00:43.939-0300] {logging_mixin.py:137} INFO - [2024-03-23T21:00:43.938-0300] {dag.py:2705} INFO - Sync 1 DAGs
[2024-03-23T21:00:43.953-0300] {logging_mixin.py:137} INFO - [2024-03-23T21:00:43.953-0300] {dag.py:3456} INFO - Setting next_dagrun for cross_task_communication to 2024-03-24T00:00:00+00:00, run_after=2024-03-25T00:00:00+00:00
[2024-03-23T21:00:43.970-0300] {processor.py:175} INFO - Processing /home/carlosfalcone/airflow/dags/cross_task_communication.py took 0.078 seconds
[2024-03-23T21:01:14.640-0300] {processor.py:153} INFO - Started process (PID=7671) to work on /home/carlosfalcone/airflow/dags/cross_task_communication.py
[2024-03-23T21:01:14.641-0300] {processor.py:743} INFO - Processing file /home/carlosfalcone/airflow/dags/cross_task_communication.py for tasks to queue
[2024-03-23T21:01:14.642-0300] {logging_mixin.py:137} INFO - [2024-03-23T21:01:14.642-0300] {dagbag.py:532} INFO - Filling up the DagBag from /home/carlosfalcone/airflow/dags/cross_task_communication.py
[2024-03-23T21:01:14.651-0300] {processor.py:753} INFO - DAG(s) dict_keys(['cross_task_communication']) retrieved from /home/carlosfalcone/airflow/dags/cross_task_communication.py
[2024-03-23T21:01:14.662-0300] {logging_mixin.py:137} INFO - [2024-03-23T21:01:14.662-0300] {dag.py:2705} INFO - Sync 1 DAGs
[2024-03-23T21:01:14.678-0300] {logging_mixin.py:137} INFO - [2024-03-23T21:01:14.678-0300] {dag.py:3456} INFO - Setting next_dagrun for cross_task_communication to 2024-03-24T00:00:00+00:00, run_after=2024-03-25T00:00:00+00:00
[2024-03-23T21:01:14.694-0300] {processor.py:175} INFO - Processing /home/carlosfalcone/airflow/dags/cross_task_communication.py took 0.055 seconds
[2024-03-23T21:01:45.325-0300] {processor.py:153} INFO - Started process (PID=7742) to work on /home/carlosfalcone/airflow/dags/cross_task_communication.py
[2024-03-23T21:01:45.326-0300] {processor.py:743} INFO - Processing file /home/carlosfalcone/airflow/dags/cross_task_communication.py for tasks to queue
[2024-03-23T21:01:45.326-0300] {logging_mixin.py:137} INFO - [2024-03-23T21:01:45.326-0300] {dagbag.py:532} INFO - Filling up the DagBag from /home/carlosfalcone/airflow/dags/cross_task_communication.py
[2024-03-23T21:01:45.336-0300] {processor.py:753} INFO - DAG(s) dict_keys(['cross_task_communication']) retrieved from /home/carlosfalcone/airflow/dags/cross_task_communication.py
[2024-03-23T21:01:45.348-0300] {logging_mixin.py:137} INFO - [2024-03-23T21:01:45.348-0300] {dag.py:2705} INFO - Sync 1 DAGs
[2024-03-23T21:01:45.366-0300] {logging_mixin.py:137} INFO - [2024-03-23T21:01:45.366-0300] {dag.py:3456} INFO - Setting next_dagrun for cross_task_communication to 2024-03-24T00:00:00+00:00, run_after=2024-03-25T00:00:00+00:00
[2024-03-23T21:01:45.385-0300] {processor.py:175} INFO - Processing /home/carlosfalcone/airflow/dags/cross_task_communication.py took 0.061 seconds
[2024-03-23T21:02:15.736-0300] {processor.py:153} INFO - Started process (PID=7797) to work on /home/carlosfalcone/airflow/dags/cross_task_communication.py
[2024-03-23T21:02:15.737-0300] {processor.py:743} INFO - Processing file /home/carlosfalcone/airflow/dags/cross_task_communication.py for tasks to queue
[2024-03-23T21:02:15.737-0300] {logging_mixin.py:137} INFO - [2024-03-23T21:02:15.737-0300] {dagbag.py:532} INFO - Filling up the DagBag from /home/carlosfalcone/airflow/dags/cross_task_communication.py
[2024-03-23T21:02:15.747-0300] {processor.py:753} INFO - DAG(s) dict_keys(['cross_task_communication']) retrieved from /home/carlosfalcone/airflow/dags/cross_task_communication.py
[2024-03-23T21:02:15.758-0300] {logging_mixin.py:137} INFO - [2024-03-23T21:02:15.757-0300] {dag.py:2705} INFO - Sync 1 DAGs
[2024-03-23T21:02:15.773-0300] {logging_mixin.py:137} INFO - [2024-03-23T21:02:15.773-0300] {dag.py:3456} INFO - Setting next_dagrun for cross_task_communication to 2024-03-24T00:00:00+00:00, run_after=2024-03-25T00:00:00+00:00
[2024-03-23T21:02:15.789-0300] {processor.py:175} INFO - Processing /home/carlosfalcone/airflow/dags/cross_task_communication.py took 0.055 seconds
[2024-03-23T21:02:46.144-0300] {processor.py:153} INFO - Started process (PID=7852) to work on /home/carlosfalcone/airflow/dags/cross_task_communication.py
[2024-03-23T21:02:46.145-0300] {processor.py:743} INFO - Processing file /home/carlosfalcone/airflow/dags/cross_task_communication.py for tasks to queue
[2024-03-23T21:02:46.145-0300] {logging_mixin.py:137} INFO - [2024-03-23T21:02:46.145-0300] {dagbag.py:532} INFO - Filling up the DagBag from /home/carlosfalcone/airflow/dags/cross_task_communication.py
[2024-03-23T21:02:46.154-0300] {processor.py:753} INFO - DAG(s) dict_keys(['cross_task_communication']) retrieved from /home/carlosfalcone/airflow/dags/cross_task_communication.py
[2024-03-23T21:02:46.165-0300] {logging_mixin.py:137} INFO - [2024-03-23T21:02:46.165-0300] {dag.py:2705} INFO - Sync 1 DAGs
[2024-03-23T21:02:46.182-0300] {logging_mixin.py:137} INFO - [2024-03-23T21:02:46.182-0300] {dag.py:3456} INFO - Setting next_dagrun for cross_task_communication to 2024-03-24T00:00:00+00:00, run_after=2024-03-25T00:00:00+00:00
[2024-03-23T21:02:46.199-0300] {processor.py:175} INFO - Processing /home/carlosfalcone/airflow/dags/cross_task_communication.py took 0.056 seconds
[2024-03-23T21:03:16.559-0300] {processor.py:153} INFO - Started process (PID=7907) to work on /home/carlosfalcone/airflow/dags/cross_task_communication.py
[2024-03-23T21:03:16.560-0300] {processor.py:743} INFO - Processing file /home/carlosfalcone/airflow/dags/cross_task_communication.py for tasks to queue
[2024-03-23T21:03:16.560-0300] {logging_mixin.py:137} INFO - [2024-03-23T21:03:16.560-0300] {dagbag.py:532} INFO - Filling up the DagBag from /home/carlosfalcone/airflow/dags/cross_task_communication.py
[2024-03-23T21:03:16.570-0300] {processor.py:753} INFO - DAG(s) dict_keys(['cross_task_communication']) retrieved from /home/carlosfalcone/airflow/dags/cross_task_communication.py
[2024-03-23T21:03:16.581-0300] {logging_mixin.py:137} INFO - [2024-03-23T21:03:16.580-0300] {dag.py:2705} INFO - Sync 1 DAGs
[2024-03-23T21:03:16.597-0300] {logging_mixin.py:137} INFO - [2024-03-23T21:03:16.597-0300] {dag.py:3456} INFO - Setting next_dagrun for cross_task_communication to 2024-03-24T00:00:00+00:00, run_after=2024-03-25T00:00:00+00:00
[2024-03-23T21:03:16.613-0300] {processor.py:175} INFO - Processing /home/carlosfalcone/airflow/dags/cross_task_communication.py took 0.055 seconds
[2024-03-23T21:03:46.971-0300] {processor.py:153} INFO - Started process (PID=7965) to work on /home/carlosfalcone/airflow/dags/cross_task_communication.py
[2024-03-23T21:03:46.971-0300] {processor.py:743} INFO - Processing file /home/carlosfalcone/airflow/dags/cross_task_communication.py for tasks to queue
[2024-03-23T21:03:46.972-0300] {logging_mixin.py:137} INFO - [2024-03-23T21:03:46.972-0300] {dagbag.py:532} INFO - Filling up the DagBag from /home/carlosfalcone/airflow/dags/cross_task_communication.py
[2024-03-23T21:03:46.981-0300] {processor.py:753} INFO - DAG(s) dict_keys(['cross_task_communication']) retrieved from /home/carlosfalcone/airflow/dags/cross_task_communication.py
[2024-03-23T21:03:46.992-0300] {logging_mixin.py:137} INFO - [2024-03-23T21:03:46.992-0300] {dag.py:2705} INFO - Sync 1 DAGs
[2024-03-23T21:03:47.008-0300] {logging_mixin.py:137} INFO - [2024-03-23T21:03:47.008-0300] {dag.py:3456} INFO - Setting next_dagrun for cross_task_communication to 2024-03-24T00:00:00+00:00, run_after=2024-03-25T00:00:00+00:00
[2024-03-23T21:03:47.025-0300] {processor.py:175} INFO - Processing /home/carlosfalcone/airflow/dags/cross_task_communication.py took 0.056 seconds
[2024-03-23T21:04:17.308-0300] {processor.py:153} INFO - Started process (PID=8020) to work on /home/carlosfalcone/airflow/dags/cross_task_communication.py
[2024-03-23T21:04:17.309-0300] {processor.py:743} INFO - Processing file /home/carlosfalcone/airflow/dags/cross_task_communication.py for tasks to queue
[2024-03-23T21:04:17.310-0300] {logging_mixin.py:137} INFO - [2024-03-23T21:04:17.310-0300] {dagbag.py:532} INFO - Filling up the DagBag from /home/carlosfalcone/airflow/dags/cross_task_communication.py
[2024-03-23T21:04:17.319-0300] {processor.py:753} INFO - DAG(s) dict_keys(['cross_task_communication']) retrieved from /home/carlosfalcone/airflow/dags/cross_task_communication.py
[2024-03-23T21:04:17.330-0300] {logging_mixin.py:137} INFO - [2024-03-23T21:04:17.329-0300] {dag.py:2705} INFO - Sync 1 DAGs
[2024-03-23T21:04:17.346-0300] {logging_mixin.py:137} INFO - [2024-03-23T21:04:17.346-0300] {dag.py:3456} INFO - Setting next_dagrun for cross_task_communication to 2024-03-24T00:00:00+00:00, run_after=2024-03-25T00:00:00+00:00
[2024-03-23T21:04:17.361-0300] {processor.py:175} INFO - Processing /home/carlosfalcone/airflow/dags/cross_task_communication.py took 0.055 seconds
[2024-03-23T21:04:47.593-0300] {processor.py:153} INFO - Started process (PID=8073) to work on /home/carlosfalcone/airflow/dags/cross_task_communication.py
[2024-03-23T21:04:47.594-0300] {processor.py:743} INFO - Processing file /home/carlosfalcone/airflow/dags/cross_task_communication.py for tasks to queue
[2024-03-23T21:04:47.595-0300] {logging_mixin.py:137} INFO - [2024-03-23T21:04:47.595-0300] {dagbag.py:532} INFO - Filling up the DagBag from /home/carlosfalcone/airflow/dags/cross_task_communication.py
[2024-03-23T21:04:47.604-0300] {processor.py:753} INFO - DAG(s) dict_keys(['cross_task_communication']) retrieved from /home/carlosfalcone/airflow/dags/cross_task_communication.py
[2024-03-23T21:04:47.615-0300] {logging_mixin.py:137} INFO - [2024-03-23T21:04:47.614-0300] {dag.py:2705} INFO - Sync 1 DAGs
[2024-03-23T21:04:47.630-0300] {logging_mixin.py:137} INFO - [2024-03-23T21:04:47.630-0300] {dag.py:3456} INFO - Setting next_dagrun for cross_task_communication to 2024-03-24T00:00:00+00:00, run_after=2024-03-25T00:00:00+00:00
[2024-03-23T21:04:47.650-0300] {processor.py:175} INFO - Processing /home/carlosfalcone/airflow/dags/cross_task_communication.py took 0.059 seconds
[2024-03-23T21:05:17.879-0300] {processor.py:153} INFO - Started process (PID=8128) to work on /home/carlosfalcone/airflow/dags/cross_task_communication.py
[2024-03-23T21:05:17.879-0300] {processor.py:743} INFO - Processing file /home/carlosfalcone/airflow/dags/cross_task_communication.py for tasks to queue
[2024-03-23T21:05:17.879-0300] {logging_mixin.py:137} INFO - [2024-03-23T21:05:17.879-0300] {dagbag.py:532} INFO - Filling up the DagBag from /home/carlosfalcone/airflow/dags/cross_task_communication.py
[2024-03-23T21:05:17.889-0300] {processor.py:753} INFO - DAG(s) dict_keys(['cross_task_communication']) retrieved from /home/carlosfalcone/airflow/dags/cross_task_communication.py
[2024-03-23T21:05:17.900-0300] {logging_mixin.py:137} INFO - [2024-03-23T21:05:17.900-0300] {dag.py:2705} INFO - Sync 1 DAGs
[2024-03-23T21:05:17.916-0300] {logging_mixin.py:137} INFO - [2024-03-23T21:05:17.916-0300] {dag.py:3456} INFO - Setting next_dagrun for cross_task_communication to 2024-03-24T00:00:00+00:00, run_after=2024-03-25T00:00:00+00:00
[2024-03-23T21:05:17.934-0300] {processor.py:175} INFO - Processing /home/carlosfalcone/airflow/dags/cross_task_communication.py took 0.057 seconds
[2024-03-23T21:05:48.165-0300] {processor.py:153} INFO - Started process (PID=8183) to work on /home/carlosfalcone/airflow/dags/cross_task_communication.py
[2024-03-23T21:05:48.166-0300] {processor.py:743} INFO - Processing file /home/carlosfalcone/airflow/dags/cross_task_communication.py for tasks to queue
[2024-03-23T21:05:48.166-0300] {logging_mixin.py:137} INFO - [2024-03-23T21:05:48.166-0300] {dagbag.py:532} INFO - Filling up the DagBag from /home/carlosfalcone/airflow/dags/cross_task_communication.py
[2024-03-23T21:05:48.175-0300] {processor.py:753} INFO - DAG(s) dict_keys(['cross_task_communication']) retrieved from /home/carlosfalcone/airflow/dags/cross_task_communication.py
[2024-03-23T21:05:48.187-0300] {logging_mixin.py:137} INFO - [2024-03-23T21:05:48.186-0300] {dag.py:2705} INFO - Sync 1 DAGs
[2024-03-23T21:05:48.203-0300] {logging_mixin.py:137} INFO - [2024-03-23T21:05:48.203-0300] {dag.py:3456} INFO - Setting next_dagrun for cross_task_communication to 2024-03-24T00:00:00+00:00, run_after=2024-03-25T00:00:00+00:00
[2024-03-23T21:05:48.218-0300] {processor.py:175} INFO - Processing /home/carlosfalcone/airflow/dags/cross_task_communication.py took 0.055 seconds
[2024-03-23T21:06:18.449-0300] {processor.py:153} INFO - Started process (PID=8238) to work on /home/carlosfalcone/airflow/dags/cross_task_communication.py
[2024-03-23T21:06:18.450-0300] {processor.py:743} INFO - Processing file /home/carlosfalcone/airflow/dags/cross_task_communication.py for tasks to queue
[2024-03-23T21:06:18.450-0300] {logging_mixin.py:137} INFO - [2024-03-23T21:06:18.450-0300] {dagbag.py:532} INFO - Filling up the DagBag from /home/carlosfalcone/airflow/dags/cross_task_communication.py
[2024-03-23T21:06:18.459-0300] {processor.py:753} INFO - DAG(s) dict_keys(['cross_task_communication']) retrieved from /home/carlosfalcone/airflow/dags/cross_task_communication.py
[2024-03-23T21:06:18.470-0300] {logging_mixin.py:137} INFO - [2024-03-23T21:06:18.470-0300] {dag.py:2705} INFO - Sync 1 DAGs
[2024-03-23T21:06:18.486-0300] {logging_mixin.py:137} INFO - [2024-03-23T21:06:18.486-0300] {dag.py:3456} INFO - Setting next_dagrun for cross_task_communication to 2024-03-24T00:00:00+00:00, run_after=2024-03-25T00:00:00+00:00
[2024-03-23T21:06:18.503-0300] {processor.py:175} INFO - Processing /home/carlosfalcone/airflow/dags/cross_task_communication.py took 0.056 seconds
[2024-03-23T21:06:48.760-0300] {processor.py:153} INFO - Started process (PID=8293) to work on /home/carlosfalcone/airflow/dags/cross_task_communication.py
[2024-03-23T21:06:48.761-0300] {processor.py:743} INFO - Processing file /home/carlosfalcone/airflow/dags/cross_task_communication.py for tasks to queue
[2024-03-23T21:06:48.762-0300] {logging_mixin.py:137} INFO - [2024-03-23T21:06:48.762-0300] {dagbag.py:532} INFO - Filling up the DagBag from /home/carlosfalcone/airflow/dags/cross_task_communication.py
[2024-03-23T21:06:48.771-0300] {processor.py:753} INFO - DAG(s) dict_keys(['cross_task_communication']) retrieved from /home/carlosfalcone/airflow/dags/cross_task_communication.py
[2024-03-23T21:06:48.782-0300] {logging_mixin.py:137} INFO - [2024-03-23T21:06:48.782-0300] {dag.py:2705} INFO - Sync 1 DAGs
[2024-03-23T21:06:48.798-0300] {logging_mixin.py:137} INFO - [2024-03-23T21:06:48.798-0300] {dag.py:3456} INFO - Setting next_dagrun for cross_task_communication to 2024-03-24T00:00:00+00:00, run_after=2024-03-25T00:00:00+00:00
[2024-03-23T21:06:48.814-0300] {processor.py:175} INFO - Processing /home/carlosfalcone/airflow/dags/cross_task_communication.py took 0.055 seconds
[2024-03-23T21:07:19.074-0300] {processor.py:153} INFO - Started process (PID=8348) to work on /home/carlosfalcone/airflow/dags/cross_task_communication.py
[2024-03-23T21:07:19.074-0300] {processor.py:743} INFO - Processing file /home/carlosfalcone/airflow/dags/cross_task_communication.py for tasks to queue
[2024-03-23T21:07:19.075-0300] {logging_mixin.py:137} INFO - [2024-03-23T21:07:19.075-0300] {dagbag.py:532} INFO - Filling up the DagBag from /home/carlosfalcone/airflow/dags/cross_task_communication.py
[2024-03-23T21:07:19.084-0300] {processor.py:753} INFO - DAG(s) dict_keys(['cross_task_communication']) retrieved from /home/carlosfalcone/airflow/dags/cross_task_communication.py
[2024-03-23T21:07:19.095-0300] {logging_mixin.py:137} INFO - [2024-03-23T21:07:19.095-0300] {dag.py:2705} INFO - Sync 1 DAGs
[2024-03-23T21:07:19.111-0300] {logging_mixin.py:137} INFO - [2024-03-23T21:07:19.111-0300] {dag.py:3456} INFO - Setting next_dagrun for cross_task_communication to 2024-03-24T00:00:00+00:00, run_after=2024-03-25T00:00:00+00:00
[2024-03-23T21:07:19.128-0300] {processor.py:175} INFO - Processing /home/carlosfalcone/airflow/dags/cross_task_communication.py took 0.055 seconds
[2024-03-23T21:07:49.384-0300] {processor.py:153} INFO - Started process (PID=8403) to work on /home/carlosfalcone/airflow/dags/cross_task_communication.py
[2024-03-23T21:07:49.385-0300] {processor.py:743} INFO - Processing file /home/carlosfalcone/airflow/dags/cross_task_communication.py for tasks to queue
[2024-03-23T21:07:49.386-0300] {logging_mixin.py:137} INFO - [2024-03-23T21:07:49.386-0300] {dagbag.py:532} INFO - Filling up the DagBag from /home/carlosfalcone/airflow/dags/cross_task_communication.py
[2024-03-23T21:07:49.395-0300] {processor.py:753} INFO - DAG(s) dict_keys(['cross_task_communication']) retrieved from /home/carlosfalcone/airflow/dags/cross_task_communication.py
[2024-03-23T21:07:49.406-0300] {logging_mixin.py:137} INFO - [2024-03-23T21:07:49.406-0300] {dag.py:2705} INFO - Sync 1 DAGs
[2024-03-23T21:07:49.422-0300] {logging_mixin.py:137} INFO - [2024-03-23T21:07:49.422-0300] {dag.py:3456} INFO - Setting next_dagrun for cross_task_communication to 2024-03-24T00:00:00+00:00, run_after=2024-03-25T00:00:00+00:00
[2024-03-23T21:07:49.438-0300] {processor.py:175} INFO - Processing /home/carlosfalcone/airflow/dags/cross_task_communication.py took 0.055 seconds
[2024-03-23T21:08:19.800-0300] {processor.py:153} INFO - Started process (PID=8458) to work on /home/carlosfalcone/airflow/dags/cross_task_communication.py
[2024-03-23T21:08:19.800-0300] {processor.py:743} INFO - Processing file /home/carlosfalcone/airflow/dags/cross_task_communication.py for tasks to queue
[2024-03-23T21:08:19.801-0300] {logging_mixin.py:137} INFO - [2024-03-23T21:08:19.800-0300] {dagbag.py:532} INFO - Filling up the DagBag from /home/carlosfalcone/airflow/dags/cross_task_communication.py
[2024-03-23T21:08:19.810-0300] {processor.py:753} INFO - DAG(s) dict_keys(['cross_task_communication']) retrieved from /home/carlosfalcone/airflow/dags/cross_task_communication.py
[2024-03-23T21:08:19.821-0300] {logging_mixin.py:137} INFO - [2024-03-23T21:08:19.821-0300] {dag.py:2705} INFO - Sync 1 DAGs
[2024-03-23T21:08:19.837-0300] {logging_mixin.py:137} INFO - [2024-03-23T21:08:19.837-0300] {dag.py:3456} INFO - Setting next_dagrun for cross_task_communication to 2024-03-24T00:00:00+00:00, run_after=2024-03-25T00:00:00+00:00
[2024-03-23T21:08:19.853-0300] {processor.py:175} INFO - Processing /home/carlosfalcone/airflow/dags/cross_task_communication.py took 0.055 seconds
[2024-03-23T21:08:50.189-0300] {processor.py:153} INFO - Started process (PID=8513) to work on /home/carlosfalcone/airflow/dags/cross_task_communication.py
[2024-03-23T21:08:50.190-0300] {processor.py:743} INFO - Processing file /home/carlosfalcone/airflow/dags/cross_task_communication.py for tasks to queue
[2024-03-23T21:08:50.190-0300] {logging_mixin.py:137} INFO - [2024-03-23T21:08:50.190-0300] {dagbag.py:532} INFO - Filling up the DagBag from /home/carlosfalcone/airflow/dags/cross_task_communication.py
[2024-03-23T21:08:50.200-0300] {processor.py:753} INFO - DAG(s) dict_keys(['cross_task_communication']) retrieved from /home/carlosfalcone/airflow/dags/cross_task_communication.py
[2024-03-23T21:08:50.211-0300] {logging_mixin.py:137} INFO - [2024-03-23T21:08:50.211-0300] {dag.py:2705} INFO - Sync 1 DAGs
[2024-03-23T21:08:50.226-0300] {logging_mixin.py:137} INFO - [2024-03-23T21:08:50.226-0300] {dag.py:3456} INFO - Setting next_dagrun for cross_task_communication to 2024-03-24T00:00:00+00:00, run_after=2024-03-25T00:00:00+00:00
[2024-03-23T21:08:50.243-0300] {processor.py:175} INFO - Processing /home/carlosfalcone/airflow/dags/cross_task_communication.py took 0.055 seconds
[2024-03-23T21:09:20.604-0300] {processor.py:153} INFO - Started process (PID=8568) to work on /home/carlosfalcone/airflow/dags/cross_task_communication.py
[2024-03-23T21:09:20.605-0300] {processor.py:743} INFO - Processing file /home/carlosfalcone/airflow/dags/cross_task_communication.py for tasks to queue
[2024-03-23T21:09:20.605-0300] {logging_mixin.py:137} INFO - [2024-03-23T21:09:20.605-0300] {dagbag.py:532} INFO - Filling up the DagBag from /home/carlosfalcone/airflow/dags/cross_task_communication.py
[2024-03-23T21:09:20.614-0300] {processor.py:753} INFO - DAG(s) dict_keys(['cross_task_communication']) retrieved from /home/carlosfalcone/airflow/dags/cross_task_communication.py
[2024-03-23T21:09:20.625-0300] {logging_mixin.py:137} INFO - [2024-03-23T21:09:20.625-0300] {dag.py:2705} INFO - Sync 1 DAGs
[2024-03-23T21:09:20.640-0300] {logging_mixin.py:137} INFO - [2024-03-23T21:09:20.640-0300] {dag.py:3456} INFO - Setting next_dagrun for cross_task_communication to 2024-03-24T00:00:00+00:00, run_after=2024-03-25T00:00:00+00:00
[2024-03-23T21:09:20.655-0300] {processor.py:175} INFO - Processing /home/carlosfalcone/airflow/dags/cross_task_communication.py took 0.054 seconds
[2024-03-23T21:09:50.913-0300] {processor.py:153} INFO - Started process (PID=8623) to work on /home/carlosfalcone/airflow/dags/cross_task_communication.py
[2024-03-23T21:09:50.914-0300] {processor.py:743} INFO - Processing file /home/carlosfalcone/airflow/dags/cross_task_communication.py for tasks to queue
[2024-03-23T21:09:50.915-0300] {logging_mixin.py:137} INFO - [2024-03-23T21:09:50.915-0300] {dagbag.py:532} INFO - Filling up the DagBag from /home/carlosfalcone/airflow/dags/cross_task_communication.py
[2024-03-23T21:09:50.924-0300] {processor.py:753} INFO - DAG(s) dict_keys(['cross_task_communication']) retrieved from /home/carlosfalcone/airflow/dags/cross_task_communication.py
[2024-03-23T21:09:50.935-0300] {logging_mixin.py:137} INFO - [2024-03-23T21:09:50.934-0300] {dag.py:2705} INFO - Sync 1 DAGs
[2024-03-23T21:09:50.950-0300] {logging_mixin.py:137} INFO - [2024-03-23T21:09:50.950-0300] {dag.py:3456} INFO - Setting next_dagrun for cross_task_communication to 2024-03-24T00:00:00+00:00, run_after=2024-03-25T00:00:00+00:00
[2024-03-23T21:09:50.967-0300] {processor.py:175} INFO - Processing /home/carlosfalcone/airflow/dags/cross_task_communication.py took 0.055 seconds
[2024-03-23T21:10:21.228-0300] {processor.py:153} INFO - Started process (PID=8678) to work on /home/carlosfalcone/airflow/dags/cross_task_communication.py
[2024-03-23T21:10:21.229-0300] {processor.py:743} INFO - Processing file /home/carlosfalcone/airflow/dags/cross_task_communication.py for tasks to queue
[2024-03-23T21:10:21.230-0300] {logging_mixin.py:137} INFO - [2024-03-23T21:10:21.230-0300] {dagbag.py:532} INFO - Filling up the DagBag from /home/carlosfalcone/airflow/dags/cross_task_communication.py
[2024-03-23T21:10:21.239-0300] {processor.py:753} INFO - DAG(s) dict_keys(['cross_task_communication']) retrieved from /home/carlosfalcone/airflow/dags/cross_task_communication.py
[2024-03-23T21:10:21.250-0300] {logging_mixin.py:137} INFO - [2024-03-23T21:10:21.250-0300] {dag.py:2705} INFO - Sync 1 DAGs
[2024-03-23T21:10:21.266-0300] {logging_mixin.py:137} INFO - [2024-03-23T21:10:21.266-0300] {dag.py:3456} INFO - Setting next_dagrun for cross_task_communication to 2024-03-24T00:00:00+00:00, run_after=2024-03-25T00:00:00+00:00
[2024-03-23T21:10:21.282-0300] {processor.py:175} INFO - Processing /home/carlosfalcone/airflow/dags/cross_task_communication.py took 0.056 seconds
[2024-03-23T21:10:51.645-0300] {processor.py:153} INFO - Started process (PID=8733) to work on /home/carlosfalcone/airflow/dags/cross_task_communication.py
[2024-03-23T21:10:51.646-0300] {processor.py:743} INFO - Processing file /home/carlosfalcone/airflow/dags/cross_task_communication.py for tasks to queue
[2024-03-23T21:10:51.646-0300] {logging_mixin.py:137} INFO - [2024-03-23T21:10:51.646-0300] {dagbag.py:532} INFO - Filling up the DagBag from /home/carlosfalcone/airflow/dags/cross_task_communication.py
[2024-03-23T21:10:51.656-0300] {processor.py:753} INFO - DAG(s) dict_keys(['cross_task_communication']) retrieved from /home/carlosfalcone/airflow/dags/cross_task_communication.py
[2024-03-23T21:10:51.667-0300] {logging_mixin.py:137} INFO - [2024-03-23T21:10:51.667-0300] {dag.py:2705} INFO - Sync 1 DAGs
[2024-03-23T21:10:51.683-0300] {logging_mixin.py:137} INFO - [2024-03-23T21:10:51.683-0300] {dag.py:3456} INFO - Setting next_dagrun for cross_task_communication to 2024-03-24T00:00:00+00:00, run_after=2024-03-25T00:00:00+00:00
[2024-03-23T21:10:51.700-0300] {processor.py:175} INFO - Processing /home/carlosfalcone/airflow/dags/cross_task_communication.py took 0.057 seconds
[2024-03-23T21:11:22.062-0300] {processor.py:153} INFO - Started process (PID=8788) to work on /home/carlosfalcone/airflow/dags/cross_task_communication.py
[2024-03-23T21:11:22.063-0300] {processor.py:743} INFO - Processing file /home/carlosfalcone/airflow/dags/cross_task_communication.py for tasks to queue
[2024-03-23T21:11:22.063-0300] {logging_mixin.py:137} INFO - [2024-03-23T21:11:22.063-0300] {dagbag.py:532} INFO - Filling up the DagBag from /home/carlosfalcone/airflow/dags/cross_task_communication.py
[2024-03-23T21:11:22.072-0300] {processor.py:753} INFO - DAG(s) dict_keys(['cross_task_communication']) retrieved from /home/carlosfalcone/airflow/dags/cross_task_communication.py
[2024-03-23T21:11:22.083-0300] {logging_mixin.py:137} INFO - [2024-03-23T21:11:22.083-0300] {dag.py:2705} INFO - Sync 1 DAGs
[2024-03-23T21:11:22.099-0300] {logging_mixin.py:137} INFO - [2024-03-23T21:11:22.099-0300] {dag.py:3456} INFO - Setting next_dagrun for cross_task_communication to 2024-03-24T00:00:00+00:00, run_after=2024-03-25T00:00:00+00:00
[2024-03-23T21:11:22.115-0300] {processor.py:175} INFO - Processing /home/carlosfalcone/airflow/dags/cross_task_communication.py took 0.054 seconds
[2024-03-23T21:11:52.473-0300] {processor.py:153} INFO - Started process (PID=8843) to work on /home/carlosfalcone/airflow/dags/cross_task_communication.py
[2024-03-23T21:11:52.474-0300] {processor.py:743} INFO - Processing file /home/carlosfalcone/airflow/dags/cross_task_communication.py for tasks to queue
[2024-03-23T21:11:52.475-0300] {logging_mixin.py:137} INFO - [2024-03-23T21:11:52.475-0300] {dagbag.py:532} INFO - Filling up the DagBag from /home/carlosfalcone/airflow/dags/cross_task_communication.py
[2024-03-23T21:11:52.484-0300] {processor.py:753} INFO - DAG(s) dict_keys(['cross_task_communication']) retrieved from /home/carlosfalcone/airflow/dags/cross_task_communication.py
[2024-03-23T21:11:52.495-0300] {logging_mixin.py:137} INFO - [2024-03-23T21:11:52.495-0300] {dag.py:2705} INFO - Sync 1 DAGs
[2024-03-23T21:11:52.511-0300] {logging_mixin.py:137} INFO - [2024-03-23T21:11:52.511-0300] {dag.py:3456} INFO - Setting next_dagrun for cross_task_communication to 2024-03-24T00:00:00+00:00, run_after=2024-03-25T00:00:00+00:00
[2024-03-23T21:11:52.527-0300] {processor.py:175} INFO - Processing /home/carlosfalcone/airflow/dags/cross_task_communication.py took 0.055 seconds
[2024-03-23T21:12:22.888-0300] {processor.py:153} INFO - Started process (PID=8901) to work on /home/carlosfalcone/airflow/dags/cross_task_communication.py
[2024-03-23T21:12:22.889-0300] {processor.py:743} INFO - Processing file /home/carlosfalcone/airflow/dags/cross_task_communication.py for tasks to queue
[2024-03-23T21:12:22.889-0300] {logging_mixin.py:137} INFO - [2024-03-23T21:12:22.889-0300] {dagbag.py:532} INFO - Filling up the DagBag from /home/carlosfalcone/airflow/dags/cross_task_communication.py
[2024-03-23T21:12:22.898-0300] {processor.py:753} INFO - DAG(s) dict_keys(['cross_task_communication']) retrieved from /home/carlosfalcone/airflow/dags/cross_task_communication.py
[2024-03-23T21:12:22.909-0300] {logging_mixin.py:137} INFO - [2024-03-23T21:12:22.909-0300] {dag.py:2705} INFO - Sync 1 DAGs
[2024-03-23T21:12:22.925-0300] {logging_mixin.py:137} INFO - [2024-03-23T21:12:22.925-0300] {dag.py:3456} INFO - Setting next_dagrun for cross_task_communication to 2024-03-24T00:00:00+00:00, run_after=2024-03-25T00:00:00+00:00
[2024-03-23T21:12:22.943-0300] {processor.py:175} INFO - Processing /home/carlosfalcone/airflow/dags/cross_task_communication.py took 0.056 seconds
[2024-03-23T21:12:53.300-0300] {processor.py:153} INFO - Started process (PID=8956) to work on /home/carlosfalcone/airflow/dags/cross_task_communication.py
[2024-03-23T21:12:53.301-0300] {processor.py:743} INFO - Processing file /home/carlosfalcone/airflow/dags/cross_task_communication.py for tasks to queue
[2024-03-23T21:12:53.301-0300] {logging_mixin.py:137} INFO - [2024-03-23T21:12:53.301-0300] {dagbag.py:532} INFO - Filling up the DagBag from /home/carlosfalcone/airflow/dags/cross_task_communication.py
[2024-03-23T21:12:53.311-0300] {processor.py:753} INFO - DAG(s) dict_keys(['cross_task_communication']) retrieved from /home/carlosfalcone/airflow/dags/cross_task_communication.py
[2024-03-23T21:12:53.322-0300] {logging_mixin.py:137} INFO - [2024-03-23T21:12:53.322-0300] {dag.py:2705} INFO - Sync 1 DAGs
[2024-03-23T21:12:53.338-0300] {logging_mixin.py:137} INFO - [2024-03-23T21:12:53.338-0300] {dag.py:3456} INFO - Setting next_dagrun for cross_task_communication to 2024-03-24T00:00:00+00:00, run_after=2024-03-25T00:00:00+00:00
[2024-03-23T21:12:53.354-0300] {processor.py:175} INFO - Processing /home/carlosfalcone/airflow/dags/cross_task_communication.py took 0.056 seconds
[2024-03-23T21:13:23.611-0300] {processor.py:153} INFO - Started process (PID=9011) to work on /home/carlosfalcone/airflow/dags/cross_task_communication.py
[2024-03-23T21:13:23.612-0300] {processor.py:743} INFO - Processing file /home/carlosfalcone/airflow/dags/cross_task_communication.py for tasks to queue
[2024-03-23T21:13:23.613-0300] {logging_mixin.py:137} INFO - [2024-03-23T21:13:23.613-0300] {dagbag.py:532} INFO - Filling up the DagBag from /home/carlosfalcone/airflow/dags/cross_task_communication.py
[2024-03-23T21:13:23.622-0300] {processor.py:753} INFO - DAG(s) dict_keys(['cross_task_communication']) retrieved from /home/carlosfalcone/airflow/dags/cross_task_communication.py
[2024-03-23T21:13:23.633-0300] {logging_mixin.py:137} INFO - [2024-03-23T21:13:23.633-0300] {dag.py:2705} INFO - Sync 1 DAGs
[2024-03-23T21:13:23.649-0300] {logging_mixin.py:137} INFO - [2024-03-23T21:13:23.649-0300] {dag.py:3456} INFO - Setting next_dagrun for cross_task_communication to 2024-03-24T00:00:00+00:00, run_after=2024-03-25T00:00:00+00:00
[2024-03-23T21:13:23.664-0300] {processor.py:175} INFO - Processing /home/carlosfalcone/airflow/dags/cross_task_communication.py took 0.054 seconds
[2024-03-23T21:13:53.924-0300] {processor.py:153} INFO - Started process (PID=9066) to work on /home/carlosfalcone/airflow/dags/cross_task_communication.py
[2024-03-23T21:13:53.926-0300] {processor.py:743} INFO - Processing file /home/carlosfalcone/airflow/dags/cross_task_communication.py for tasks to queue
[2024-03-23T21:13:53.926-0300] {logging_mixin.py:137} INFO - [2024-03-23T21:13:53.926-0300] {dagbag.py:532} INFO - Filling up the DagBag from /home/carlosfalcone/airflow/dags/cross_task_communication.py
[2024-03-23T21:13:53.935-0300] {processor.py:753} INFO - DAG(s) dict_keys(['cross_task_communication']) retrieved from /home/carlosfalcone/airflow/dags/cross_task_communication.py
[2024-03-23T21:13:53.946-0300] {logging_mixin.py:137} INFO - [2024-03-23T21:13:53.946-0300] {dag.py:2705} INFO - Sync 1 DAGs
[2024-03-23T21:13:53.962-0300] {logging_mixin.py:137} INFO - [2024-03-23T21:13:53.962-0300] {dag.py:3456} INFO - Setting next_dagrun for cross_task_communication to 2024-03-24T00:00:00+00:00, run_after=2024-03-25T00:00:00+00:00
[2024-03-23T21:13:53.981-0300] {processor.py:175} INFO - Processing /home/carlosfalcone/airflow/dags/cross_task_communication.py took 0.058 seconds
[2024-03-23T21:14:24.242-0300] {processor.py:153} INFO - Started process (PID=9121) to work on /home/carlosfalcone/airflow/dags/cross_task_communication.py
[2024-03-23T21:14:24.243-0300] {processor.py:743} INFO - Processing file /home/carlosfalcone/airflow/dags/cross_task_communication.py for tasks to queue
[2024-03-23T21:14:24.243-0300] {logging_mixin.py:137} INFO - [2024-03-23T21:14:24.243-0300] {dagbag.py:532} INFO - Filling up the DagBag from /home/carlosfalcone/airflow/dags/cross_task_communication.py
[2024-03-23T21:14:24.253-0300] {processor.py:753} INFO - DAG(s) dict_keys(['cross_task_communication']) retrieved from /home/carlosfalcone/airflow/dags/cross_task_communication.py
[2024-03-23T21:14:24.264-0300] {logging_mixin.py:137} INFO - [2024-03-23T21:14:24.264-0300] {dag.py:2705} INFO - Sync 1 DAGs
[2024-03-23T21:14:24.280-0300] {logging_mixin.py:137} INFO - [2024-03-23T21:14:24.280-0300] {dag.py:3456} INFO - Setting next_dagrun for cross_task_communication to 2024-03-24T00:00:00+00:00, run_after=2024-03-25T00:00:00+00:00
[2024-03-23T21:14:24.297-0300] {processor.py:175} INFO - Processing /home/carlosfalcone/airflow/dags/cross_task_communication.py took 0.057 seconds
[2024-03-23T21:14:54.553-0300] {processor.py:153} INFO - Started process (PID=9173) to work on /home/carlosfalcone/airflow/dags/cross_task_communication.py
[2024-03-23T21:14:54.555-0300] {processor.py:743} INFO - Processing file /home/carlosfalcone/airflow/dags/cross_task_communication.py for tasks to queue
[2024-03-23T21:14:54.555-0300] {logging_mixin.py:137} INFO - [2024-03-23T21:14:54.555-0300] {dagbag.py:532} INFO - Filling up the DagBag from /home/carlosfalcone/airflow/dags/cross_task_communication.py
[2024-03-23T21:14:54.564-0300] {processor.py:753} INFO - DAG(s) dict_keys(['cross_task_communication']) retrieved from /home/carlosfalcone/airflow/dags/cross_task_communication.py
[2024-03-23T21:14:54.576-0300] {logging_mixin.py:137} INFO - [2024-03-23T21:14:54.576-0300] {dag.py:2705} INFO - Sync 1 DAGs
[2024-03-23T21:14:54.593-0300] {logging_mixin.py:137} INFO - [2024-03-23T21:14:54.593-0300] {dag.py:3456} INFO - Setting next_dagrun for cross_task_communication to 2024-03-24T00:00:00+00:00, run_after=2024-03-25T00:00:00+00:00
[2024-03-23T21:14:54.608-0300] {processor.py:175} INFO - Processing /home/carlosfalcone/airflow/dags/cross_task_communication.py took 0.056 seconds
[2024-03-23T21:15:24.863-0300] {processor.py:153} INFO - Started process (PID=9228) to work on /home/carlosfalcone/airflow/dags/cross_task_communication.py
[2024-03-23T21:15:24.864-0300] {processor.py:743} INFO - Processing file /home/carlosfalcone/airflow/dags/cross_task_communication.py for tasks to queue
[2024-03-23T21:15:24.865-0300] {logging_mixin.py:137} INFO - [2024-03-23T21:15:24.865-0300] {dagbag.py:532} INFO - Filling up the DagBag from /home/carlosfalcone/airflow/dags/cross_task_communication.py
[2024-03-23T21:15:24.874-0300] {processor.py:753} INFO - DAG(s) dict_keys(['cross_task_communication']) retrieved from /home/carlosfalcone/airflow/dags/cross_task_communication.py
[2024-03-23T21:15:24.885-0300] {logging_mixin.py:137} INFO - [2024-03-23T21:15:24.885-0300] {dag.py:2705} INFO - Sync 1 DAGs
[2024-03-23T21:15:24.901-0300] {logging_mixin.py:137} INFO - [2024-03-23T21:15:24.901-0300] {dag.py:3456} INFO - Setting next_dagrun for cross_task_communication to 2024-03-24T00:00:00+00:00, run_after=2024-03-25T00:00:00+00:00
[2024-03-23T21:15:24.918-0300] {processor.py:175} INFO - Processing /home/carlosfalcone/airflow/dags/cross_task_communication.py took 0.056 seconds
[2024-03-23T21:15:55.149-0300] {processor.py:153} INFO - Started process (PID=9283) to work on /home/carlosfalcone/airflow/dags/cross_task_communication.py
[2024-03-23T21:15:55.150-0300] {processor.py:743} INFO - Processing file /home/carlosfalcone/airflow/dags/cross_task_communication.py for tasks to queue
[2024-03-23T21:15:55.151-0300] {logging_mixin.py:137} INFO - [2024-03-23T21:15:55.151-0300] {dagbag.py:532} INFO - Filling up the DagBag from /home/carlosfalcone/airflow/dags/cross_task_communication.py
[2024-03-23T21:15:55.161-0300] {processor.py:753} INFO - DAG(s) dict_keys(['cross_task_communication']) retrieved from /home/carlosfalcone/airflow/dags/cross_task_communication.py
[2024-03-23T21:15:55.172-0300] {logging_mixin.py:137} INFO - [2024-03-23T21:15:55.172-0300] {dag.py:2705} INFO - Sync 1 DAGs
[2024-03-23T21:15:55.188-0300] {logging_mixin.py:137} INFO - [2024-03-23T21:15:55.188-0300] {dag.py:3456} INFO - Setting next_dagrun for cross_task_communication to 2024-03-24T00:00:00+00:00, run_after=2024-03-25T00:00:00+00:00
[2024-03-23T21:15:55.204-0300] {processor.py:175} INFO - Processing /home/carlosfalcone/airflow/dags/cross_task_communication.py took 0.056 seconds
[2024-03-23T21:16:25.464-0300] {processor.py:153} INFO - Started process (PID=9338) to work on /home/carlosfalcone/airflow/dags/cross_task_communication.py
[2024-03-23T21:16:25.465-0300] {processor.py:743} INFO - Processing file /home/carlosfalcone/airflow/dags/cross_task_communication.py for tasks to queue
[2024-03-23T21:16:25.465-0300] {logging_mixin.py:137} INFO - [2024-03-23T21:16:25.465-0300] {dagbag.py:532} INFO - Filling up the DagBag from /home/carlosfalcone/airflow/dags/cross_task_communication.py
[2024-03-23T21:16:25.474-0300] {processor.py:753} INFO - DAG(s) dict_keys(['cross_task_communication']) retrieved from /home/carlosfalcone/airflow/dags/cross_task_communication.py
[2024-03-23T21:16:25.485-0300] {logging_mixin.py:137} INFO - [2024-03-23T21:16:25.485-0300] {dag.py:2705} INFO - Sync 1 DAGs
[2024-03-23T21:16:25.501-0300] {logging_mixin.py:137} INFO - [2024-03-23T21:16:25.500-0300] {dag.py:3456} INFO - Setting next_dagrun for cross_task_communication to 2024-03-24T00:00:00+00:00, run_after=2024-03-25T00:00:00+00:00
[2024-03-23T21:16:25.517-0300] {processor.py:175} INFO - Processing /home/carlosfalcone/airflow/dags/cross_task_communication.py took 0.055 seconds
[2024-03-23T21:16:55.748-0300] {processor.py:153} INFO - Started process (PID=9393) to work on /home/carlosfalcone/airflow/dags/cross_task_communication.py
[2024-03-23T21:16:55.749-0300] {processor.py:743} INFO - Processing file /home/carlosfalcone/airflow/dags/cross_task_communication.py for tasks to queue
[2024-03-23T21:16:55.749-0300] {logging_mixin.py:137} INFO - [2024-03-23T21:16:55.749-0300] {dagbag.py:532} INFO - Filling up the DagBag from /home/carlosfalcone/airflow/dags/cross_task_communication.py
[2024-03-23T21:16:55.758-0300] {processor.py:753} INFO - DAG(s) dict_keys(['cross_task_communication']) retrieved from /home/carlosfalcone/airflow/dags/cross_task_communication.py
[2024-03-23T21:16:55.769-0300] {logging_mixin.py:137} INFO - [2024-03-23T21:16:55.769-0300] {dag.py:2705} INFO - Sync 1 DAGs
[2024-03-23T21:16:55.786-0300] {logging_mixin.py:137} INFO - [2024-03-23T21:16:55.786-0300] {dag.py:3456} INFO - Setting next_dagrun for cross_task_communication to 2024-03-24T00:00:00+00:00, run_after=2024-03-25T00:00:00+00:00
[2024-03-23T21:16:55.801-0300] {processor.py:175} INFO - Processing /home/carlosfalcone/airflow/dags/cross_task_communication.py took 0.055 seconds
[2024-03-23T21:17:26.066-0300] {processor.py:153} INFO - Started process (PID=9448) to work on /home/carlosfalcone/airflow/dags/cross_task_communication.py
[2024-03-23T21:17:26.067-0300] {processor.py:743} INFO - Processing file /home/carlosfalcone/airflow/dags/cross_task_communication.py for tasks to queue
[2024-03-23T21:17:26.068-0300] {logging_mixin.py:137} INFO - [2024-03-23T21:17:26.068-0300] {dagbag.py:532} INFO - Filling up the DagBag from /home/carlosfalcone/airflow/dags/cross_task_communication.py
[2024-03-23T21:17:26.077-0300] {processor.py:753} INFO - DAG(s) dict_keys(['cross_task_communication']) retrieved from /home/carlosfalcone/airflow/dags/cross_task_communication.py
[2024-03-23T21:17:26.088-0300] {logging_mixin.py:137} INFO - [2024-03-23T21:17:26.088-0300] {dag.py:2705} INFO - Sync 1 DAGs
[2024-03-23T21:17:26.103-0300] {logging_mixin.py:137} INFO - [2024-03-23T21:17:26.103-0300] {dag.py:3456} INFO - Setting next_dagrun for cross_task_communication to 2024-03-24T00:00:00+00:00, run_after=2024-03-25T00:00:00+00:00
[2024-03-23T21:17:26.120-0300] {processor.py:175} INFO - Processing /home/carlosfalcone/airflow/dags/cross_task_communication.py took 0.055 seconds
[2024-03-23T21:17:56.381-0300] {processor.py:153} INFO - Started process (PID=9503) to work on /home/carlosfalcone/airflow/dags/cross_task_communication.py
[2024-03-23T21:17:56.382-0300] {processor.py:743} INFO - Processing file /home/carlosfalcone/airflow/dags/cross_task_communication.py for tasks to queue
[2024-03-23T21:17:56.382-0300] {logging_mixin.py:137} INFO - [2024-03-23T21:17:56.382-0300] {dagbag.py:532} INFO - Filling up the DagBag from /home/carlosfalcone/airflow/dags/cross_task_communication.py
[2024-03-23T21:17:56.391-0300] {processor.py:753} INFO - DAG(s) dict_keys(['cross_task_communication']) retrieved from /home/carlosfalcone/airflow/dags/cross_task_communication.py
[2024-03-23T21:17:56.402-0300] {logging_mixin.py:137} INFO - [2024-03-23T21:17:56.402-0300] {dag.py:2705} INFO - Sync 1 DAGs
[2024-03-23T21:17:56.418-0300] {logging_mixin.py:137} INFO - [2024-03-23T21:17:56.418-0300] {dag.py:3456} INFO - Setting next_dagrun for cross_task_communication to 2024-03-24T00:00:00+00:00, run_after=2024-03-25T00:00:00+00:00
[2024-03-23T21:17:56.434-0300] {processor.py:175} INFO - Processing /home/carlosfalcone/airflow/dags/cross_task_communication.py took 0.055 seconds
[2024-03-23T21:18:26.699-0300] {processor.py:153} INFO - Started process (PID=9558) to work on /home/carlosfalcone/airflow/dags/cross_task_communication.py
[2024-03-23T21:18:26.700-0300] {processor.py:743} INFO - Processing file /home/carlosfalcone/airflow/dags/cross_task_communication.py for tasks to queue
[2024-03-23T21:18:26.700-0300] {logging_mixin.py:137} INFO - [2024-03-23T21:18:26.700-0300] {dagbag.py:532} INFO - Filling up the DagBag from /home/carlosfalcone/airflow/dags/cross_task_communication.py
[2024-03-23T21:18:26.709-0300] {processor.py:753} INFO - DAG(s) dict_keys(['cross_task_communication']) retrieved from /home/carlosfalcone/airflow/dags/cross_task_communication.py
[2024-03-23T21:18:26.720-0300] {logging_mixin.py:137} INFO - [2024-03-23T21:18:26.720-0300] {dag.py:2705} INFO - Sync 1 DAGs
[2024-03-23T21:18:26.736-0300] {logging_mixin.py:137} INFO - [2024-03-23T21:18:26.736-0300] {dag.py:3456} INFO - Setting next_dagrun for cross_task_communication to 2024-03-24T00:00:00+00:00, run_after=2024-03-25T00:00:00+00:00
[2024-03-23T21:18:26.752-0300] {processor.py:175} INFO - Processing /home/carlosfalcone/airflow/dags/cross_task_communication.py took 0.055 seconds
[2024-03-23T21:18:57.008-0300] {processor.py:153} INFO - Started process (PID=9613) to work on /home/carlosfalcone/airflow/dags/cross_task_communication.py
[2024-03-23T21:18:57.008-0300] {processor.py:743} INFO - Processing file /home/carlosfalcone/airflow/dags/cross_task_communication.py for tasks to queue
[2024-03-23T21:18:57.008-0300] {logging_mixin.py:137} INFO - [2024-03-23T21:18:57.008-0300] {dagbag.py:532} INFO - Filling up the DagBag from /home/carlosfalcone/airflow/dags/cross_task_communication.py
[2024-03-23T21:18:57.018-0300] {processor.py:753} INFO - DAG(s) dict_keys(['cross_task_communication']) retrieved from /home/carlosfalcone/airflow/dags/cross_task_communication.py
[2024-03-23T21:18:57.028-0300] {logging_mixin.py:137} INFO - [2024-03-23T21:18:57.028-0300] {dag.py:2705} INFO - Sync 1 DAGs
[2024-03-23T21:18:57.044-0300] {logging_mixin.py:137} INFO - [2024-03-23T21:18:57.044-0300] {dag.py:3456} INFO - Setting next_dagrun for cross_task_communication to 2024-03-24T00:00:00+00:00, run_after=2024-03-25T00:00:00+00:00
[2024-03-23T21:18:57.059-0300] {processor.py:175} INFO - Processing /home/carlosfalcone/airflow/dags/cross_task_communication.py took 0.053 seconds
[2024-03-23T21:19:27.319-0300] {processor.py:153} INFO - Started process (PID=9668) to work on /home/carlosfalcone/airflow/dags/cross_task_communication.py
[2024-03-23T21:19:27.320-0300] {processor.py:743} INFO - Processing file /home/carlosfalcone/airflow/dags/cross_task_communication.py for tasks to queue
[2024-03-23T21:19:27.321-0300] {logging_mixin.py:137} INFO - [2024-03-23T21:19:27.320-0300] {dagbag.py:532} INFO - Filling up the DagBag from /home/carlosfalcone/airflow/dags/cross_task_communication.py
[2024-03-23T21:19:27.330-0300] {processor.py:753} INFO - DAG(s) dict_keys(['cross_task_communication']) retrieved from /home/carlosfalcone/airflow/dags/cross_task_communication.py
[2024-03-23T21:19:27.341-0300] {logging_mixin.py:137} INFO - [2024-03-23T21:19:27.341-0300] {dag.py:2705} INFO - Sync 1 DAGs
[2024-03-23T21:19:27.357-0300] {logging_mixin.py:137} INFO - [2024-03-23T21:19:27.357-0300] {dag.py:3456} INFO - Setting next_dagrun for cross_task_communication to 2024-03-24T00:00:00+00:00, run_after=2024-03-25T00:00:00+00:00
[2024-03-23T21:19:27.372-0300] {processor.py:175} INFO - Processing /home/carlosfalcone/airflow/dags/cross_task_communication.py took 0.055 seconds
[2024-03-23T21:19:57.619-0300] {processor.py:153} INFO - Started process (PID=9723) to work on /home/carlosfalcone/airflow/dags/cross_task_communication.py
[2024-03-23T21:19:57.620-0300] {processor.py:743} INFO - Processing file /home/carlosfalcone/airflow/dags/cross_task_communication.py for tasks to queue
[2024-03-23T21:19:57.620-0300] {logging_mixin.py:137} INFO - [2024-03-23T21:19:57.620-0300] {dagbag.py:532} INFO - Filling up the DagBag from /home/carlosfalcone/airflow/dags/cross_task_communication.py
[2024-03-23T21:19:57.629-0300] {processor.py:753} INFO - DAG(s) dict_keys(['cross_task_communication']) retrieved from /home/carlosfalcone/airflow/dags/cross_task_communication.py
[2024-03-23T21:19:57.640-0300] {logging_mixin.py:137} INFO - [2024-03-23T21:19:57.640-0300] {dag.py:2705} INFO - Sync 1 DAGs
[2024-03-23T21:19:57.657-0300] {logging_mixin.py:137} INFO - [2024-03-23T21:19:57.657-0300] {dag.py:3456} INFO - Setting next_dagrun for cross_task_communication to 2024-03-24T00:00:00+00:00, run_after=2024-03-25T00:00:00+00:00
[2024-03-23T21:19:57.673-0300] {processor.py:175} INFO - Processing /home/carlosfalcone/airflow/dags/cross_task_communication.py took 0.056 seconds
[2024-03-23T21:20:27.927-0300] {processor.py:153} INFO - Started process (PID=9778) to work on /home/carlosfalcone/airflow/dags/cross_task_communication.py
[2024-03-23T21:20:27.927-0300] {processor.py:743} INFO - Processing file /home/carlosfalcone/airflow/dags/cross_task_communication.py for tasks to queue
[2024-03-23T21:20:27.928-0300] {logging_mixin.py:137} INFO - [2024-03-23T21:20:27.928-0300] {dagbag.py:532} INFO - Filling up the DagBag from /home/carlosfalcone/airflow/dags/cross_task_communication.py
[2024-03-23T21:20:27.937-0300] {processor.py:753} INFO - DAG(s) dict_keys(['cross_task_communication']) retrieved from /home/carlosfalcone/airflow/dags/cross_task_communication.py
[2024-03-23T21:20:27.948-0300] {logging_mixin.py:137} INFO - [2024-03-23T21:20:27.948-0300] {dag.py:2705} INFO - Sync 1 DAGs
[2024-03-23T21:20:27.964-0300] {logging_mixin.py:137} INFO - [2024-03-23T21:20:27.964-0300] {dag.py:3456} INFO - Setting next_dagrun for cross_task_communication to 2024-03-24T00:00:00+00:00, run_after=2024-03-25T00:00:00+00:00
[2024-03-23T21:20:27.981-0300] {processor.py:175} INFO - Processing /home/carlosfalcone/airflow/dags/cross_task_communication.py took 0.055 seconds
[2024-03-23T21:20:58.238-0300] {processor.py:153} INFO - Started process (PID=9833) to work on /home/carlosfalcone/airflow/dags/cross_task_communication.py
[2024-03-23T21:20:58.239-0300] {processor.py:743} INFO - Processing file /home/carlosfalcone/airflow/dags/cross_task_communication.py for tasks to queue
[2024-03-23T21:20:58.239-0300] {logging_mixin.py:137} INFO - [2024-03-23T21:20:58.239-0300] {dagbag.py:532} INFO - Filling up the DagBag from /home/carlosfalcone/airflow/dags/cross_task_communication.py
[2024-03-23T21:20:58.249-0300] {processor.py:753} INFO - DAG(s) dict_keys(['cross_task_communication']) retrieved from /home/carlosfalcone/airflow/dags/cross_task_communication.py
[2024-03-23T21:20:58.260-0300] {logging_mixin.py:137} INFO - [2024-03-23T21:20:58.260-0300] {dag.py:2705} INFO - Sync 1 DAGs
[2024-03-23T21:20:58.276-0300] {logging_mixin.py:137} INFO - [2024-03-23T21:20:58.276-0300] {dag.py:3456} INFO - Setting next_dagrun for cross_task_communication to 2024-03-24T00:00:00+00:00, run_after=2024-03-25T00:00:00+00:00
[2024-03-23T21:20:58.292-0300] {processor.py:175} INFO - Processing /home/carlosfalcone/airflow/dags/cross_task_communication.py took 0.056 seconds
[2024-03-23T21:21:28.549-0300] {processor.py:153} INFO - Started process (PID=9888) to work on /home/carlosfalcone/airflow/dags/cross_task_communication.py
[2024-03-23T21:21:28.549-0300] {processor.py:743} INFO - Processing file /home/carlosfalcone/airflow/dags/cross_task_communication.py for tasks to queue
[2024-03-23T21:21:28.550-0300] {logging_mixin.py:137} INFO - [2024-03-23T21:21:28.550-0300] {dagbag.py:532} INFO - Filling up the DagBag from /home/carlosfalcone/airflow/dags/cross_task_communication.py
[2024-03-23T21:21:28.559-0300] {processor.py:753} INFO - DAG(s) dict_keys(['cross_task_communication']) retrieved from /home/carlosfalcone/airflow/dags/cross_task_communication.py
[2024-03-23T21:21:28.570-0300] {logging_mixin.py:137} INFO - [2024-03-23T21:21:28.570-0300] {dag.py:2705} INFO - Sync 1 DAGs
[2024-03-23T21:21:28.586-0300] {logging_mixin.py:137} INFO - [2024-03-23T21:21:28.586-0300] {dag.py:3456} INFO - Setting next_dagrun for cross_task_communication to 2024-03-24T00:00:00+00:00, run_after=2024-03-25T00:00:00+00:00
[2024-03-23T21:21:28.602-0300] {processor.py:175} INFO - Processing /home/carlosfalcone/airflow/dags/cross_task_communication.py took 0.054 seconds
[2024-03-23T21:21:58.861-0300] {processor.py:153} INFO - Started process (PID=9943) to work on /home/carlosfalcone/airflow/dags/cross_task_communication.py
[2024-03-23T21:21:58.862-0300] {processor.py:743} INFO - Processing file /home/carlosfalcone/airflow/dags/cross_task_communication.py for tasks to queue
[2024-03-23T21:21:58.862-0300] {logging_mixin.py:137} INFO - [2024-03-23T21:21:58.862-0300] {dagbag.py:532} INFO - Filling up the DagBag from /home/carlosfalcone/airflow/dags/cross_task_communication.py
[2024-03-23T21:21:58.871-0300] {processor.py:753} INFO - DAG(s) dict_keys(['cross_task_communication']) retrieved from /home/carlosfalcone/airflow/dags/cross_task_communication.py
[2024-03-23T21:21:58.882-0300] {logging_mixin.py:137} INFO - [2024-03-23T21:21:58.882-0300] {dag.py:2705} INFO - Sync 1 DAGs
[2024-03-23T21:21:58.898-0300] {logging_mixin.py:137} INFO - [2024-03-23T21:21:58.898-0300] {dag.py:3456} INFO - Setting next_dagrun for cross_task_communication to 2024-03-24T00:00:00+00:00, run_after=2024-03-25T00:00:00+00:00
[2024-03-23T21:21:58.914-0300] {processor.py:175} INFO - Processing /home/carlosfalcone/airflow/dags/cross_task_communication.py took 0.054 seconds
[2024-03-23T21:22:29.176-0300] {processor.py:153} INFO - Started process (PID=9998) to work on /home/carlosfalcone/airflow/dags/cross_task_communication.py
[2024-03-23T21:22:29.176-0300] {processor.py:743} INFO - Processing file /home/carlosfalcone/airflow/dags/cross_task_communication.py for tasks to queue
[2024-03-23T21:22:29.177-0300] {logging_mixin.py:137} INFO - [2024-03-23T21:22:29.177-0300] {dagbag.py:532} INFO - Filling up the DagBag from /home/carlosfalcone/airflow/dags/cross_task_communication.py
[2024-03-23T21:22:29.186-0300] {processor.py:753} INFO - DAG(s) dict_keys(['cross_task_communication']) retrieved from /home/carlosfalcone/airflow/dags/cross_task_communication.py
[2024-03-23T21:22:29.197-0300] {logging_mixin.py:137} INFO - [2024-03-23T21:22:29.197-0300] {dag.py:2705} INFO - Sync 1 DAGs
[2024-03-23T21:22:29.213-0300] {logging_mixin.py:137} INFO - [2024-03-23T21:22:29.213-0300] {dag.py:3456} INFO - Setting next_dagrun for cross_task_communication to 2024-03-24T00:00:00+00:00, run_after=2024-03-25T00:00:00+00:00
[2024-03-23T21:22:29.230-0300] {processor.py:175} INFO - Processing /home/carlosfalcone/airflow/dags/cross_task_communication.py took 0.056 seconds
