[2024-03-23T21:00:39.222-0300] {processor.py:153} INFO - Started process (PID=7594) to work on /home/carlosfalcone/airflow/dags/multiple_tasks2.py
[2024-03-23T21:00:39.222-0300] {processor.py:743} INFO - Processing file /home/carlosfalcone/airflow/dags/multiple_tasks2.py for tasks to queue
[2024-03-23T21:00:39.223-0300] {logging_mixin.py:137} INFO - [2024-03-23T21:00:39.223-0300] {dagbag.py:532} INFO - Filling up the DagBag from /home/carlosfalcone/airflow/dags/multiple_tasks2.py
[2024-03-23T21:00:39.231-0300] {processor.py:753} INFO - DAG(s) dict_keys(['executing_multiple_tasks2']) retrieved from /home/carlosfalcone/airflow/dags/multiple_tasks2.py
[2024-03-23T21:00:39.267-0300] {logging_mixin.py:137} INFO - [2024-03-23T21:00:39.267-0300] {dag.py:2705} INFO - Sync 1 DAGs
[2024-03-23T21:00:39.281-0300] {logging_mixin.py:137} INFO - [2024-03-23T21:00:39.281-0300] {dag.py:3456} INFO - Setting next_dagrun for executing_multiple_tasks2 to 2024-03-24T00:00:00+00:00, run_after=2024-03-25T00:00:00+00:00
[2024-03-23T21:00:39.298-0300] {processor.py:175} INFO - Processing /home/carlosfalcone/airflow/dags/multiple_tasks2.py took 0.078 seconds
[2024-03-23T21:01:09.373-0300] {processor.py:153} INFO - Started process (PID=7663) to work on /home/carlosfalcone/airflow/dags/multiple_tasks2.py
[2024-03-23T21:01:09.374-0300] {processor.py:743} INFO - Processing file /home/carlosfalcone/airflow/dags/multiple_tasks2.py for tasks to queue
[2024-03-23T21:01:09.375-0300] {logging_mixin.py:137} INFO - [2024-03-23T21:01:09.375-0300] {dagbag.py:532} INFO - Filling up the DagBag from /home/carlosfalcone/airflow/dags/multiple_tasks2.py
[2024-03-23T21:01:09.383-0300] {processor.py:753} INFO - DAG(s) dict_keys(['executing_multiple_tasks2']) retrieved from /home/carlosfalcone/airflow/dags/multiple_tasks2.py
[2024-03-23T21:01:09.395-0300] {logging_mixin.py:137} INFO - [2024-03-23T21:01:09.394-0300] {dag.py:2705} INFO - Sync 1 DAGs
[2024-03-23T21:01:09.410-0300] {logging_mixin.py:137} INFO - [2024-03-23T21:01:09.409-0300] {dag.py:3456} INFO - Setting next_dagrun for executing_multiple_tasks2 to 2024-03-24T00:00:00+00:00, run_after=2024-03-25T00:00:00+00:00
[2024-03-23T21:01:09.425-0300] {processor.py:175} INFO - Processing /home/carlosfalcone/airflow/dags/multiple_tasks2.py took 0.053 seconds
[2024-03-23T21:01:39.666-0300] {processor.py:153} INFO - Started process (PID=7734) to work on /home/carlosfalcone/airflow/dags/multiple_tasks2.py
[2024-03-23T21:01:39.666-0300] {processor.py:743} INFO - Processing file /home/carlosfalcone/airflow/dags/multiple_tasks2.py for tasks to queue
[2024-03-23T21:01:39.667-0300] {logging_mixin.py:137} INFO - [2024-03-23T21:01:39.667-0300] {dagbag.py:532} INFO - Filling up the DagBag from /home/carlosfalcone/airflow/dags/multiple_tasks2.py
[2024-03-23T21:01:39.675-0300] {processor.py:753} INFO - DAG(s) dict_keys(['executing_multiple_tasks2']) retrieved from /home/carlosfalcone/airflow/dags/multiple_tasks2.py
[2024-03-23T21:01:39.687-0300] {logging_mixin.py:137} INFO - [2024-03-23T21:01:39.687-0300] {dag.py:2705} INFO - Sync 1 DAGs
[2024-03-23T21:01:39.702-0300] {logging_mixin.py:137} INFO - [2024-03-23T21:01:39.702-0300] {dag.py:3456} INFO - Setting next_dagrun for executing_multiple_tasks2 to 2024-03-24T00:00:00+00:00, run_after=2024-03-25T00:00:00+00:00
[2024-03-23T21:01:39.718-0300] {processor.py:175} INFO - Processing /home/carlosfalcone/airflow/dags/multiple_tasks2.py took 0.054 seconds
[2024-03-23T21:02:09.951-0300] {processor.py:153} INFO - Started process (PID=7789) to work on /home/carlosfalcone/airflow/dags/multiple_tasks2.py
[2024-03-23T21:02:09.952-0300] {processor.py:743} INFO - Processing file /home/carlosfalcone/airflow/dags/multiple_tasks2.py for tasks to queue
[2024-03-23T21:02:09.952-0300] {logging_mixin.py:137} INFO - [2024-03-23T21:02:09.952-0300] {dagbag.py:532} INFO - Filling up the DagBag from /home/carlosfalcone/airflow/dags/multiple_tasks2.py
[2024-03-23T21:02:09.961-0300] {processor.py:753} INFO - DAG(s) dict_keys(['executing_multiple_tasks2']) retrieved from /home/carlosfalcone/airflow/dags/multiple_tasks2.py
[2024-03-23T21:02:09.972-0300] {logging_mixin.py:137} INFO - [2024-03-23T21:02:09.972-0300] {dag.py:2705} INFO - Sync 1 DAGs
[2024-03-23T21:02:09.988-0300] {logging_mixin.py:137} INFO - [2024-03-23T21:02:09.988-0300] {dag.py:3456} INFO - Setting next_dagrun for executing_multiple_tasks2 to 2024-03-24T00:00:00+00:00, run_after=2024-03-25T00:00:00+00:00
[2024-03-23T21:02:10.003-0300] {processor.py:175} INFO - Processing /home/carlosfalcone/airflow/dags/multiple_tasks2.py took 0.054 seconds
[2024-03-23T21:02:40.236-0300] {processor.py:153} INFO - Started process (PID=7844) to work on /home/carlosfalcone/airflow/dags/multiple_tasks2.py
[2024-03-23T21:02:40.236-0300] {processor.py:743} INFO - Processing file /home/carlosfalcone/airflow/dags/multiple_tasks2.py for tasks to queue
[2024-03-23T21:02:40.237-0300] {logging_mixin.py:137} INFO - [2024-03-23T21:02:40.237-0300] {dagbag.py:532} INFO - Filling up the DagBag from /home/carlosfalcone/airflow/dags/multiple_tasks2.py
[2024-03-23T21:02:40.244-0300] {processor.py:753} INFO - DAG(s) dict_keys(['executing_multiple_tasks2']) retrieved from /home/carlosfalcone/airflow/dags/multiple_tasks2.py
[2024-03-23T21:02:40.256-0300] {logging_mixin.py:137} INFO - [2024-03-23T21:02:40.256-0300] {dag.py:2705} INFO - Sync 1 DAGs
[2024-03-23T21:02:40.271-0300] {logging_mixin.py:137} INFO - [2024-03-23T21:02:40.271-0300] {dag.py:3456} INFO - Setting next_dagrun for executing_multiple_tasks2 to 2024-03-24T00:00:00+00:00, run_after=2024-03-25T00:00:00+00:00
[2024-03-23T21:02:40.287-0300] {processor.py:175} INFO - Processing /home/carlosfalcone/airflow/dags/multiple_tasks2.py took 0.053 seconds
[2024-03-23T21:03:10.489-0300] {processor.py:153} INFO - Started process (PID=7896) to work on /home/carlosfalcone/airflow/dags/multiple_tasks2.py
[2024-03-23T21:03:10.490-0300] {processor.py:743} INFO - Processing file /home/carlosfalcone/airflow/dags/multiple_tasks2.py for tasks to queue
[2024-03-23T21:03:10.491-0300] {logging_mixin.py:137} INFO - [2024-03-23T21:03:10.491-0300] {dagbag.py:532} INFO - Filling up the DagBag from /home/carlosfalcone/airflow/dags/multiple_tasks2.py
[2024-03-23T21:03:10.499-0300] {processor.py:753} INFO - DAG(s) dict_keys(['executing_multiple_tasks2']) retrieved from /home/carlosfalcone/airflow/dags/multiple_tasks2.py
[2024-03-23T21:03:10.510-0300] {logging_mixin.py:137} INFO - [2024-03-23T21:03:10.510-0300] {dag.py:2705} INFO - Sync 1 DAGs
[2024-03-23T21:03:10.526-0300] {logging_mixin.py:137} INFO - [2024-03-23T21:03:10.526-0300] {dag.py:3456} INFO - Setting next_dagrun for executing_multiple_tasks2 to 2024-03-24T00:00:00+00:00, run_after=2024-03-25T00:00:00+00:00
[2024-03-23T21:03:10.541-0300] {processor.py:175} INFO - Processing /home/carlosfalcone/airflow/dags/multiple_tasks2.py took 0.054 seconds
[2024-03-23T21:03:40.774-0300] {processor.py:153} INFO - Started process (PID=7951) to work on /home/carlosfalcone/airflow/dags/multiple_tasks2.py
[2024-03-23T21:03:40.775-0300] {processor.py:743} INFO - Processing file /home/carlosfalcone/airflow/dags/multiple_tasks2.py for tasks to queue
[2024-03-23T21:03:40.775-0300] {logging_mixin.py:137} INFO - [2024-03-23T21:03:40.775-0300] {dagbag.py:532} INFO - Filling up the DagBag from /home/carlosfalcone/airflow/dags/multiple_tasks2.py
[2024-03-23T21:03:40.783-0300] {processor.py:753} INFO - DAG(s) dict_keys(['executing_multiple_tasks2']) retrieved from /home/carlosfalcone/airflow/dags/multiple_tasks2.py
[2024-03-23T21:03:40.795-0300] {logging_mixin.py:137} INFO - [2024-03-23T21:03:40.795-0300] {dag.py:2705} INFO - Sync 1 DAGs
[2024-03-23T21:03:40.810-0300] {logging_mixin.py:137} INFO - [2024-03-23T21:03:40.810-0300] {dag.py:3456} INFO - Setting next_dagrun for executing_multiple_tasks2 to 2024-03-24T00:00:00+00:00, run_after=2024-03-25T00:00:00+00:00
[2024-03-23T21:03:40.826-0300] {processor.py:175} INFO - Processing /home/carlosfalcone/airflow/dags/multiple_tasks2.py took 0.053 seconds
[2024-03-23T21:04:11.059-0300] {processor.py:153} INFO - Started process (PID=8006) to work on /home/carlosfalcone/airflow/dags/multiple_tasks2.py
[2024-03-23T21:04:11.060-0300] {processor.py:743} INFO - Processing file /home/carlosfalcone/airflow/dags/multiple_tasks2.py for tasks to queue
[2024-03-23T21:04:11.060-0300] {logging_mixin.py:137} INFO - [2024-03-23T21:04:11.060-0300] {dagbag.py:532} INFO - Filling up the DagBag from /home/carlosfalcone/airflow/dags/multiple_tasks2.py
[2024-03-23T21:04:11.068-0300] {processor.py:753} INFO - DAG(s) dict_keys(['executing_multiple_tasks2']) retrieved from /home/carlosfalcone/airflow/dags/multiple_tasks2.py
[2024-03-23T21:04:11.079-0300] {logging_mixin.py:137} INFO - [2024-03-23T21:04:11.079-0300] {dag.py:2705} INFO - Sync 1 DAGs
[2024-03-23T21:04:11.095-0300] {logging_mixin.py:137} INFO - [2024-03-23T21:04:11.095-0300] {dag.py:3456} INFO - Setting next_dagrun for executing_multiple_tasks2 to 2024-03-24T00:00:00+00:00, run_after=2024-03-25T00:00:00+00:00
[2024-03-23T21:04:11.110-0300] {processor.py:175} INFO - Processing /home/carlosfalcone/airflow/dags/multiple_tasks2.py took 0.053 seconds
[2024-03-23T21:04:41.344-0300] {processor.py:153} INFO - Started process (PID=8062) to work on /home/carlosfalcone/airflow/dags/multiple_tasks2.py
[2024-03-23T21:04:41.345-0300] {processor.py:743} INFO - Processing file /home/carlosfalcone/airflow/dags/multiple_tasks2.py for tasks to queue
[2024-03-23T21:04:41.346-0300] {logging_mixin.py:137} INFO - [2024-03-23T21:04:41.345-0300] {dagbag.py:532} INFO - Filling up the DagBag from /home/carlosfalcone/airflow/dags/multiple_tasks2.py
[2024-03-23T21:04:41.354-0300] {processor.py:753} INFO - DAG(s) dict_keys(['executing_multiple_tasks2']) retrieved from /home/carlosfalcone/airflow/dags/multiple_tasks2.py
[2024-03-23T21:04:41.366-0300] {logging_mixin.py:137} INFO - [2024-03-23T21:04:41.366-0300] {dag.py:2705} INFO - Sync 1 DAGs
[2024-03-23T21:04:41.381-0300] {logging_mixin.py:137} INFO - [2024-03-23T21:04:41.381-0300] {dag.py:3456} INFO - Setting next_dagrun for executing_multiple_tasks2 to 2024-03-24T00:00:00+00:00, run_after=2024-03-25T00:00:00+00:00
[2024-03-23T21:04:41.398-0300] {processor.py:175} INFO - Processing /home/carlosfalcone/airflow/dags/multiple_tasks2.py took 0.056 seconds
[2024-03-23T21:05:11.628-0300] {processor.py:153} INFO - Started process (PID=8117) to work on /home/carlosfalcone/airflow/dags/multiple_tasks2.py
[2024-03-23T21:05:11.628-0300] {processor.py:743} INFO - Processing file /home/carlosfalcone/airflow/dags/multiple_tasks2.py for tasks to queue
[2024-03-23T21:05:11.628-0300] {logging_mixin.py:137} INFO - [2024-03-23T21:05:11.628-0300] {dagbag.py:532} INFO - Filling up the DagBag from /home/carlosfalcone/airflow/dags/multiple_tasks2.py
[2024-03-23T21:05:11.637-0300] {processor.py:753} INFO - DAG(s) dict_keys(['executing_multiple_tasks2']) retrieved from /home/carlosfalcone/airflow/dags/multiple_tasks2.py
[2024-03-23T21:05:11.648-0300] {logging_mixin.py:137} INFO - [2024-03-23T21:05:11.648-0300] {dag.py:2705} INFO - Sync 1 DAGs
[2024-03-23T21:05:11.663-0300] {logging_mixin.py:137} INFO - [2024-03-23T21:05:11.663-0300] {dag.py:3456} INFO - Setting next_dagrun for executing_multiple_tasks2 to 2024-03-24T00:00:00+00:00, run_after=2024-03-25T00:00:00+00:00
[2024-03-23T21:05:11.679-0300] {processor.py:175} INFO - Processing /home/carlosfalcone/airflow/dags/multiple_tasks2.py took 0.053 seconds
[2024-03-23T21:05:41.913-0300] {processor.py:153} INFO - Started process (PID=8172) to work on /home/carlosfalcone/airflow/dags/multiple_tasks2.py
[2024-03-23T21:05:41.914-0300] {processor.py:743} INFO - Processing file /home/carlosfalcone/airflow/dags/multiple_tasks2.py for tasks to queue
[2024-03-23T21:05:41.914-0300] {logging_mixin.py:137} INFO - [2024-03-23T21:05:41.914-0300] {dagbag.py:532} INFO - Filling up the DagBag from /home/carlosfalcone/airflow/dags/multiple_tasks2.py
[2024-03-23T21:05:41.922-0300] {processor.py:753} INFO - DAG(s) dict_keys(['executing_multiple_tasks2']) retrieved from /home/carlosfalcone/airflow/dags/multiple_tasks2.py
[2024-03-23T21:05:41.934-0300] {logging_mixin.py:137} INFO - [2024-03-23T21:05:41.934-0300] {dag.py:2705} INFO - Sync 1 DAGs
[2024-03-23T21:05:41.949-0300] {logging_mixin.py:137} INFO - [2024-03-23T21:05:41.949-0300] {dag.py:3456} INFO - Setting next_dagrun for executing_multiple_tasks2 to 2024-03-24T00:00:00+00:00, run_after=2024-03-25T00:00:00+00:00
[2024-03-23T21:05:41.965-0300] {processor.py:175} INFO - Processing /home/carlosfalcone/airflow/dags/multiple_tasks2.py took 0.054 seconds
[2024-03-23T21:06:12.197-0300] {processor.py:153} INFO - Started process (PID=8227) to work on /home/carlosfalcone/airflow/dags/multiple_tasks2.py
[2024-03-23T21:06:12.198-0300] {processor.py:743} INFO - Processing file /home/carlosfalcone/airflow/dags/multiple_tasks2.py for tasks to queue
[2024-03-23T21:06:12.199-0300] {logging_mixin.py:137} INFO - [2024-03-23T21:06:12.199-0300] {dagbag.py:532} INFO - Filling up the DagBag from /home/carlosfalcone/airflow/dags/multiple_tasks2.py
[2024-03-23T21:06:12.207-0300] {processor.py:753} INFO - DAG(s) dict_keys(['executing_multiple_tasks2']) retrieved from /home/carlosfalcone/airflow/dags/multiple_tasks2.py
[2024-03-23T21:06:12.219-0300] {logging_mixin.py:137} INFO - [2024-03-23T21:06:12.219-0300] {dag.py:2705} INFO - Sync 1 DAGs
[2024-03-23T21:06:12.234-0300] {logging_mixin.py:137} INFO - [2024-03-23T21:06:12.234-0300] {dag.py:3456} INFO - Setting next_dagrun for executing_multiple_tasks2 to 2024-03-24T00:00:00+00:00, run_after=2024-03-25T00:00:00+00:00
[2024-03-23T21:06:12.250-0300] {processor.py:175} INFO - Processing /home/carlosfalcone/airflow/dags/multiple_tasks2.py took 0.055 seconds
[2024-03-23T21:06:42.393-0300] {processor.py:153} INFO - Started process (PID=8282) to work on /home/carlosfalcone/airflow/dags/multiple_tasks2.py
[2024-03-23T21:06:42.393-0300] {processor.py:743} INFO - Processing file /home/carlosfalcone/airflow/dags/multiple_tasks2.py for tasks to queue
[2024-03-23T21:06:42.394-0300] {logging_mixin.py:137} INFO - [2024-03-23T21:06:42.394-0300] {dagbag.py:532} INFO - Filling up the DagBag from /home/carlosfalcone/airflow/dags/multiple_tasks2.py
[2024-03-23T21:06:42.402-0300] {processor.py:753} INFO - DAG(s) dict_keys(['executing_multiple_tasks2']) retrieved from /home/carlosfalcone/airflow/dags/multiple_tasks2.py
[2024-03-23T21:06:42.415-0300] {logging_mixin.py:137} INFO - [2024-03-23T21:06:42.415-0300] {dag.py:2705} INFO - Sync 1 DAGs
[2024-03-23T21:06:42.430-0300] {logging_mixin.py:137} INFO - [2024-03-23T21:06:42.430-0300] {dag.py:3456} INFO - Setting next_dagrun for executing_multiple_tasks2 to 2024-03-24T00:00:00+00:00, run_after=2024-03-25T00:00:00+00:00
[2024-03-23T21:06:42.446-0300] {processor.py:175} INFO - Processing /home/carlosfalcone/airflow/dags/multiple_tasks2.py took 0.055 seconds
[2024-03-23T21:07:12.548-0300] {processor.py:153} INFO - Started process (PID=8337) to work on /home/carlosfalcone/airflow/dags/multiple_tasks2.py
[2024-03-23T21:07:12.549-0300] {processor.py:743} INFO - Processing file /home/carlosfalcone/airflow/dags/multiple_tasks2.py for tasks to queue
[2024-03-23T21:07:12.550-0300] {logging_mixin.py:137} INFO - [2024-03-23T21:07:12.550-0300] {dagbag.py:532} INFO - Filling up the DagBag from /home/carlosfalcone/airflow/dags/multiple_tasks2.py
[2024-03-23T21:07:12.558-0300] {processor.py:753} INFO - DAG(s) dict_keys(['executing_multiple_tasks2']) retrieved from /home/carlosfalcone/airflow/dags/multiple_tasks2.py
[2024-03-23T21:07:12.569-0300] {logging_mixin.py:137} INFO - [2024-03-23T21:07:12.569-0300] {dag.py:2705} INFO - Sync 1 DAGs
[2024-03-23T21:07:12.585-0300] {logging_mixin.py:137} INFO - [2024-03-23T21:07:12.585-0300] {dag.py:3456} INFO - Setting next_dagrun for executing_multiple_tasks2 to 2024-03-24T00:00:00+00:00, run_after=2024-03-25T00:00:00+00:00
[2024-03-23T21:07:12.600-0300] {processor.py:175} INFO - Processing /home/carlosfalcone/airflow/dags/multiple_tasks2.py took 0.053 seconds
[2024-03-23T21:07:42.703-0300] {processor.py:153} INFO - Started process (PID=8392) to work on /home/carlosfalcone/airflow/dags/multiple_tasks2.py
[2024-03-23T21:07:42.704-0300] {processor.py:743} INFO - Processing file /home/carlosfalcone/airflow/dags/multiple_tasks2.py for tasks to queue
[2024-03-23T21:07:42.704-0300] {logging_mixin.py:137} INFO - [2024-03-23T21:07:42.704-0300] {dagbag.py:532} INFO - Filling up the DagBag from /home/carlosfalcone/airflow/dags/multiple_tasks2.py
[2024-03-23T21:07:42.712-0300] {processor.py:753} INFO - DAG(s) dict_keys(['executing_multiple_tasks2']) retrieved from /home/carlosfalcone/airflow/dags/multiple_tasks2.py
[2024-03-23T21:07:42.724-0300] {logging_mixin.py:137} INFO - [2024-03-23T21:07:42.724-0300] {dag.py:2705} INFO - Sync 1 DAGs
[2024-03-23T21:07:42.739-0300] {logging_mixin.py:137} INFO - [2024-03-23T21:07:42.739-0300] {dag.py:3456} INFO - Setting next_dagrun for executing_multiple_tasks2 to 2024-03-24T00:00:00+00:00, run_after=2024-03-25T00:00:00+00:00
[2024-03-23T21:07:42.755-0300] {processor.py:175} INFO - Processing /home/carlosfalcone/airflow/dags/multiple_tasks2.py took 0.054 seconds
[2024-03-23T21:08:12.817-0300] {processor.py:153} INFO - Started process (PID=8447) to work on /home/carlosfalcone/airflow/dags/multiple_tasks2.py
[2024-03-23T21:08:12.819-0300] {processor.py:743} INFO - Processing file /home/carlosfalcone/airflow/dags/multiple_tasks2.py for tasks to queue
[2024-03-23T21:08:12.819-0300] {logging_mixin.py:137} INFO - [2024-03-23T21:08:12.819-0300] {dagbag.py:532} INFO - Filling up the DagBag from /home/carlosfalcone/airflow/dags/multiple_tasks2.py
[2024-03-23T21:08:12.827-0300] {processor.py:753} INFO - DAG(s) dict_keys(['executing_multiple_tasks2']) retrieved from /home/carlosfalcone/airflow/dags/multiple_tasks2.py
[2024-03-23T21:08:12.839-0300] {logging_mixin.py:137} INFO - [2024-03-23T21:08:12.839-0300] {dag.py:2705} INFO - Sync 1 DAGs
[2024-03-23T21:08:12.854-0300] {logging_mixin.py:137} INFO - [2024-03-23T21:08:12.854-0300] {dag.py:3456} INFO - Setting next_dagrun for executing_multiple_tasks2 to 2024-03-24T00:00:00+00:00, run_after=2024-03-25T00:00:00+00:00
[2024-03-23T21:08:12.871-0300] {processor.py:175} INFO - Processing /home/carlosfalcone/airflow/dags/multiple_tasks2.py took 0.055 seconds
[2024-03-23T21:08:42.974-0300] {processor.py:153} INFO - Started process (PID=8502) to work on /home/carlosfalcone/airflow/dags/multiple_tasks2.py
[2024-03-23T21:08:42.975-0300] {processor.py:743} INFO - Processing file /home/carlosfalcone/airflow/dags/multiple_tasks2.py for tasks to queue
[2024-03-23T21:08:42.975-0300] {logging_mixin.py:137} INFO - [2024-03-23T21:08:42.975-0300] {dagbag.py:532} INFO - Filling up the DagBag from /home/carlosfalcone/airflow/dags/multiple_tasks2.py
[2024-03-23T21:08:42.983-0300] {processor.py:753} INFO - DAG(s) dict_keys(['executing_multiple_tasks2']) retrieved from /home/carlosfalcone/airflow/dags/multiple_tasks2.py
[2024-03-23T21:08:42.995-0300] {logging_mixin.py:137} INFO - [2024-03-23T21:08:42.994-0300] {dag.py:2705} INFO - Sync 1 DAGs
[2024-03-23T21:08:43.010-0300] {logging_mixin.py:137} INFO - [2024-03-23T21:08:43.009-0300] {dag.py:3456} INFO - Setting next_dagrun for executing_multiple_tasks2 to 2024-03-24T00:00:00+00:00, run_after=2024-03-25T00:00:00+00:00
[2024-03-23T21:08:43.025-0300] {processor.py:175} INFO - Processing /home/carlosfalcone/airflow/dags/multiple_tasks2.py took 0.053 seconds
[2024-03-23T21:09:13.130-0300] {processor.py:153} INFO - Started process (PID=8557) to work on /home/carlosfalcone/airflow/dags/multiple_tasks2.py
[2024-03-23T21:09:13.132-0300] {processor.py:743} INFO - Processing file /home/carlosfalcone/airflow/dags/multiple_tasks2.py for tasks to queue
[2024-03-23T21:09:13.132-0300] {logging_mixin.py:137} INFO - [2024-03-23T21:09:13.132-0300] {dagbag.py:532} INFO - Filling up the DagBag from /home/carlosfalcone/airflow/dags/multiple_tasks2.py
[2024-03-23T21:09:13.140-0300] {processor.py:753} INFO - DAG(s) dict_keys(['executing_multiple_tasks2']) retrieved from /home/carlosfalcone/airflow/dags/multiple_tasks2.py
[2024-03-23T21:09:13.151-0300] {logging_mixin.py:137} INFO - [2024-03-23T21:09:13.151-0300] {dag.py:2705} INFO - Sync 1 DAGs
[2024-03-23T21:09:13.167-0300] {logging_mixin.py:137} INFO - [2024-03-23T21:09:13.167-0300] {dag.py:3456} INFO - Setting next_dagrun for executing_multiple_tasks2 to 2024-03-24T00:00:00+00:00, run_after=2024-03-25T00:00:00+00:00
[2024-03-23T21:09:13.183-0300] {processor.py:175} INFO - Processing /home/carlosfalcone/airflow/dags/multiple_tasks2.py took 0.055 seconds
[2024-03-23T21:09:43.285-0300] {processor.py:153} INFO - Started process (PID=8612) to work on /home/carlosfalcone/airflow/dags/multiple_tasks2.py
[2024-03-23T21:09:43.286-0300] {processor.py:743} INFO - Processing file /home/carlosfalcone/airflow/dags/multiple_tasks2.py for tasks to queue
[2024-03-23T21:09:43.286-0300] {logging_mixin.py:137} INFO - [2024-03-23T21:09:43.286-0300] {dagbag.py:532} INFO - Filling up the DagBag from /home/carlosfalcone/airflow/dags/multiple_tasks2.py
[2024-03-23T21:09:43.295-0300] {processor.py:753} INFO - DAG(s) dict_keys(['executing_multiple_tasks2']) retrieved from /home/carlosfalcone/airflow/dags/multiple_tasks2.py
[2024-03-23T21:09:43.306-0300] {logging_mixin.py:137} INFO - [2024-03-23T21:09:43.306-0300] {dag.py:2705} INFO - Sync 1 DAGs
[2024-03-23T21:09:43.321-0300] {logging_mixin.py:137} INFO - [2024-03-23T21:09:43.321-0300] {dag.py:3456} INFO - Setting next_dagrun for executing_multiple_tasks2 to 2024-03-24T00:00:00+00:00, run_after=2024-03-25T00:00:00+00:00
[2024-03-23T21:09:43.339-0300] {processor.py:175} INFO - Processing /home/carlosfalcone/airflow/dags/multiple_tasks2.py took 0.056 seconds
[2024-03-23T21:10:13.438-0300] {processor.py:153} INFO - Started process (PID=8667) to work on /home/carlosfalcone/airflow/dags/multiple_tasks2.py
[2024-03-23T21:10:13.439-0300] {processor.py:743} INFO - Processing file /home/carlosfalcone/airflow/dags/multiple_tasks2.py for tasks to queue
[2024-03-23T21:10:13.440-0300] {logging_mixin.py:137} INFO - [2024-03-23T21:10:13.440-0300] {dagbag.py:532} INFO - Filling up the DagBag from /home/carlosfalcone/airflow/dags/multiple_tasks2.py
[2024-03-23T21:10:13.448-0300] {processor.py:753} INFO - DAG(s) dict_keys(['executing_multiple_tasks2']) retrieved from /home/carlosfalcone/airflow/dags/multiple_tasks2.py
[2024-03-23T21:10:13.460-0300] {logging_mixin.py:137} INFO - [2024-03-23T21:10:13.460-0300] {dag.py:2705} INFO - Sync 1 DAGs
[2024-03-23T21:10:13.475-0300] {logging_mixin.py:137} INFO - [2024-03-23T21:10:13.475-0300] {dag.py:3456} INFO - Setting next_dagrun for executing_multiple_tasks2 to 2024-03-24T00:00:00+00:00, run_after=2024-03-25T00:00:00+00:00
[2024-03-23T21:10:13.492-0300] {processor.py:175} INFO - Processing /home/carlosfalcone/airflow/dags/multiple_tasks2.py took 0.055 seconds
[2024-03-23T21:10:43.635-0300] {processor.py:153} INFO - Started process (PID=8719) to work on /home/carlosfalcone/airflow/dags/multiple_tasks2.py
[2024-03-23T21:10:43.636-0300] {processor.py:743} INFO - Processing file /home/carlosfalcone/airflow/dags/multiple_tasks2.py for tasks to queue
[2024-03-23T21:10:43.637-0300] {logging_mixin.py:137} INFO - [2024-03-23T21:10:43.637-0300] {dagbag.py:532} INFO - Filling up the DagBag from /home/carlosfalcone/airflow/dags/multiple_tasks2.py
[2024-03-23T21:10:43.645-0300] {processor.py:753} INFO - DAG(s) dict_keys(['executing_multiple_tasks2']) retrieved from /home/carlosfalcone/airflow/dags/multiple_tasks2.py
[2024-03-23T21:10:43.656-0300] {logging_mixin.py:137} INFO - [2024-03-23T21:10:43.656-0300] {dag.py:2705} INFO - Sync 1 DAGs
[2024-03-23T21:10:43.672-0300] {logging_mixin.py:137} INFO - [2024-03-23T21:10:43.672-0300] {dag.py:3456} INFO - Setting next_dagrun for executing_multiple_tasks2 to 2024-03-24T00:00:00+00:00, run_after=2024-03-25T00:00:00+00:00
[2024-03-23T21:10:43.688-0300] {processor.py:175} INFO - Processing /home/carlosfalcone/airflow/dags/multiple_tasks2.py took 0.054 seconds
[2024-03-23T21:11:14.006-0300] {processor.py:153} INFO - Started process (PID=8774) to work on /home/carlosfalcone/airflow/dags/multiple_tasks2.py
[2024-03-23T21:11:14.007-0300] {processor.py:743} INFO - Processing file /home/carlosfalcone/airflow/dags/multiple_tasks2.py for tasks to queue
[2024-03-23T21:11:14.008-0300] {logging_mixin.py:137} INFO - [2024-03-23T21:11:14.008-0300] {dagbag.py:532} INFO - Filling up the DagBag from /home/carlosfalcone/airflow/dags/multiple_tasks2.py
[2024-03-23T21:11:14.016-0300] {processor.py:753} INFO - DAG(s) dict_keys(['executing_multiple_tasks2']) retrieved from /home/carlosfalcone/airflow/dags/multiple_tasks2.py
[2024-03-23T21:11:14.027-0300] {logging_mixin.py:137} INFO - [2024-03-23T21:11:14.027-0300] {dag.py:2705} INFO - Sync 1 DAGs
[2024-03-23T21:11:14.043-0300] {logging_mixin.py:137} INFO - [2024-03-23T21:11:14.043-0300] {dag.py:3456} INFO - Setting next_dagrun for executing_multiple_tasks2 to 2024-03-24T00:00:00+00:00, run_after=2024-03-25T00:00:00+00:00
[2024-03-23T21:11:14.058-0300] {processor.py:175} INFO - Processing /home/carlosfalcone/airflow/dags/multiple_tasks2.py took 0.053 seconds
[2024-03-23T21:11:44.292-0300] {processor.py:153} INFO - Started process (PID=8829) to work on /home/carlosfalcone/airflow/dags/multiple_tasks2.py
[2024-03-23T21:11:44.293-0300] {processor.py:743} INFO - Processing file /home/carlosfalcone/airflow/dags/multiple_tasks2.py for tasks to queue
[2024-03-23T21:11:44.293-0300] {logging_mixin.py:137} INFO - [2024-03-23T21:11:44.293-0300] {dagbag.py:532} INFO - Filling up the DagBag from /home/carlosfalcone/airflow/dags/multiple_tasks2.py
[2024-03-23T21:11:44.301-0300] {processor.py:753} INFO - DAG(s) dict_keys(['executing_multiple_tasks2']) retrieved from /home/carlosfalcone/airflow/dags/multiple_tasks2.py
[2024-03-23T21:11:44.313-0300] {logging_mixin.py:137} INFO - [2024-03-23T21:11:44.313-0300] {dag.py:2705} INFO - Sync 1 DAGs
[2024-03-23T21:11:44.328-0300] {logging_mixin.py:137} INFO - [2024-03-23T21:11:44.328-0300] {dag.py:3456} INFO - Setting next_dagrun for executing_multiple_tasks2 to 2024-03-24T00:00:00+00:00, run_after=2024-03-25T00:00:00+00:00
[2024-03-23T21:11:44.344-0300] {processor.py:175} INFO - Processing /home/carlosfalcone/airflow/dags/multiple_tasks2.py took 0.053 seconds
[2024-03-23T21:12:14.577-0300] {processor.py:153} INFO - Started process (PID=8884) to work on /home/carlosfalcone/airflow/dags/multiple_tasks2.py
[2024-03-23T21:12:14.578-0300] {processor.py:743} INFO - Processing file /home/carlosfalcone/airflow/dags/multiple_tasks2.py for tasks to queue
[2024-03-23T21:12:14.578-0300] {logging_mixin.py:137} INFO - [2024-03-23T21:12:14.578-0300] {dagbag.py:532} INFO - Filling up the DagBag from /home/carlosfalcone/airflow/dags/multiple_tasks2.py
[2024-03-23T21:12:14.586-0300] {processor.py:753} INFO - DAG(s) dict_keys(['executing_multiple_tasks2']) retrieved from /home/carlosfalcone/airflow/dags/multiple_tasks2.py
[2024-03-23T21:12:14.598-0300] {logging_mixin.py:137} INFO - [2024-03-23T21:12:14.598-0300] {dag.py:2705} INFO - Sync 1 DAGs
[2024-03-23T21:12:14.613-0300] {logging_mixin.py:137} INFO - [2024-03-23T21:12:14.613-0300] {dag.py:3456} INFO - Setting next_dagrun for executing_multiple_tasks2 to 2024-03-24T00:00:00+00:00, run_after=2024-03-25T00:00:00+00:00
[2024-03-23T21:12:14.628-0300] {processor.py:175} INFO - Processing /home/carlosfalcone/airflow/dags/multiple_tasks2.py took 0.053 seconds
[2024-03-23T21:12:44.862-0300] {processor.py:153} INFO - Started process (PID=8939) to work on /home/carlosfalcone/airflow/dags/multiple_tasks2.py
[2024-03-23T21:12:44.863-0300] {processor.py:743} INFO - Processing file /home/carlosfalcone/airflow/dags/multiple_tasks2.py for tasks to queue
[2024-03-23T21:12:44.863-0300] {logging_mixin.py:137} INFO - [2024-03-23T21:12:44.863-0300] {dagbag.py:532} INFO - Filling up the DagBag from /home/carlosfalcone/airflow/dags/multiple_tasks2.py
[2024-03-23T21:12:44.871-0300] {processor.py:753} INFO - DAG(s) dict_keys(['executing_multiple_tasks2']) retrieved from /home/carlosfalcone/airflow/dags/multiple_tasks2.py
[2024-03-23T21:12:44.883-0300] {logging_mixin.py:137} INFO - [2024-03-23T21:12:44.883-0300] {dag.py:2705} INFO - Sync 1 DAGs
[2024-03-23T21:12:44.898-0300] {logging_mixin.py:137} INFO - [2024-03-23T21:12:44.898-0300] {dag.py:3456} INFO - Setting next_dagrun for executing_multiple_tasks2 to 2024-03-24T00:00:00+00:00, run_after=2024-03-25T00:00:00+00:00
[2024-03-23T21:12:44.913-0300] {processor.py:175} INFO - Processing /home/carlosfalcone/airflow/dags/multiple_tasks2.py took 0.053 seconds
[2024-03-23T21:13:15.146-0300] {processor.py:153} INFO - Started process (PID=8994) to work on /home/carlosfalcone/airflow/dags/multiple_tasks2.py
[2024-03-23T21:13:15.147-0300] {processor.py:743} INFO - Processing file /home/carlosfalcone/airflow/dags/multiple_tasks2.py for tasks to queue
[2024-03-23T21:13:15.147-0300] {logging_mixin.py:137} INFO - [2024-03-23T21:13:15.147-0300] {dagbag.py:532} INFO - Filling up the DagBag from /home/carlosfalcone/airflow/dags/multiple_tasks2.py
[2024-03-23T21:13:15.156-0300] {processor.py:753} INFO - DAG(s) dict_keys(['executing_multiple_tasks2']) retrieved from /home/carlosfalcone/airflow/dags/multiple_tasks2.py
[2024-03-23T21:13:15.168-0300] {logging_mixin.py:137} INFO - [2024-03-23T21:13:15.168-0300] {dag.py:2705} INFO - Sync 1 DAGs
[2024-03-23T21:13:15.183-0300] {logging_mixin.py:137} INFO - [2024-03-23T21:13:15.183-0300] {dag.py:3456} INFO - Setting next_dagrun for executing_multiple_tasks2 to 2024-03-24T00:00:00+00:00, run_after=2024-03-25T00:00:00+00:00
[2024-03-23T21:13:15.200-0300] {processor.py:175} INFO - Processing /home/carlosfalcone/airflow/dags/multiple_tasks2.py took 0.056 seconds
[2024-03-23T21:13:45.430-0300] {processor.py:153} INFO - Started process (PID=9049) to work on /home/carlosfalcone/airflow/dags/multiple_tasks2.py
[2024-03-23T21:13:45.431-0300] {processor.py:743} INFO - Processing file /home/carlosfalcone/airflow/dags/multiple_tasks2.py for tasks to queue
[2024-03-23T21:13:45.431-0300] {logging_mixin.py:137} INFO - [2024-03-23T21:13:45.431-0300] {dagbag.py:532} INFO - Filling up the DagBag from /home/carlosfalcone/airflow/dags/multiple_tasks2.py
[2024-03-23T21:13:45.439-0300] {processor.py:753} INFO - DAG(s) dict_keys(['executing_multiple_tasks2']) retrieved from /home/carlosfalcone/airflow/dags/multiple_tasks2.py
[2024-03-23T21:13:45.451-0300] {logging_mixin.py:137} INFO - [2024-03-23T21:13:45.451-0300] {dag.py:2705} INFO - Sync 1 DAGs
[2024-03-23T21:13:45.466-0300] {logging_mixin.py:137} INFO - [2024-03-23T21:13:45.466-0300] {dag.py:3456} INFO - Setting next_dagrun for executing_multiple_tasks2 to 2024-03-24T00:00:00+00:00, run_after=2024-03-25T00:00:00+00:00
[2024-03-23T21:13:45.484-0300] {processor.py:175} INFO - Processing /home/carlosfalcone/airflow/dags/multiple_tasks2.py took 0.056 seconds
[2024-03-23T21:14:15.714-0300] {processor.py:153} INFO - Started process (PID=9104) to work on /home/carlosfalcone/airflow/dags/multiple_tasks2.py
[2024-03-23T21:14:15.715-0300] {processor.py:743} INFO - Processing file /home/carlosfalcone/airflow/dags/multiple_tasks2.py for tasks to queue
[2024-03-23T21:14:15.715-0300] {logging_mixin.py:137} INFO - [2024-03-23T21:14:15.715-0300] {dagbag.py:532} INFO - Filling up the DagBag from /home/carlosfalcone/airflow/dags/multiple_tasks2.py
[2024-03-23T21:14:15.723-0300] {processor.py:753} INFO - DAG(s) dict_keys(['executing_multiple_tasks2']) retrieved from /home/carlosfalcone/airflow/dags/multiple_tasks2.py
[2024-03-23T21:14:15.735-0300] {logging_mixin.py:137} INFO - [2024-03-23T21:14:15.735-0300] {dag.py:2705} INFO - Sync 1 DAGs
[2024-03-23T21:14:15.750-0300] {logging_mixin.py:137} INFO - [2024-03-23T21:14:15.750-0300] {dag.py:3456} INFO - Setting next_dagrun for executing_multiple_tasks2 to 2024-03-24T00:00:00+00:00, run_after=2024-03-25T00:00:00+00:00
[2024-03-23T21:14:15.768-0300] {processor.py:175} INFO - Processing /home/carlosfalcone/airflow/dags/multiple_tasks2.py took 0.055 seconds
[2024-03-23T21:14:45.997-0300] {processor.py:153} INFO - Started process (PID=9159) to work on /home/carlosfalcone/airflow/dags/multiple_tasks2.py
[2024-03-23T21:14:45.998-0300] {processor.py:743} INFO - Processing file /home/carlosfalcone/airflow/dags/multiple_tasks2.py for tasks to queue
[2024-03-23T21:14:45.999-0300] {logging_mixin.py:137} INFO - [2024-03-23T21:14:45.999-0300] {dagbag.py:532} INFO - Filling up the DagBag from /home/carlosfalcone/airflow/dags/multiple_tasks2.py
[2024-03-23T21:14:46.007-0300] {processor.py:753} INFO - DAG(s) dict_keys(['executing_multiple_tasks2']) retrieved from /home/carlosfalcone/airflow/dags/multiple_tasks2.py
[2024-03-23T21:14:46.018-0300] {logging_mixin.py:137} INFO - [2024-03-23T21:14:46.018-0300] {dag.py:2705} INFO - Sync 1 DAGs
[2024-03-23T21:14:46.034-0300] {logging_mixin.py:137} INFO - [2024-03-23T21:14:46.034-0300] {dag.py:3456} INFO - Setting next_dagrun for executing_multiple_tasks2 to 2024-03-24T00:00:00+00:00, run_after=2024-03-25T00:00:00+00:00
[2024-03-23T21:14:46.049-0300] {processor.py:175} INFO - Processing /home/carlosfalcone/airflow/dags/multiple_tasks2.py took 0.053 seconds
[2024-03-23T21:15:16.282-0300] {processor.py:153} INFO - Started process (PID=9214) to work on /home/carlosfalcone/airflow/dags/multiple_tasks2.py
[2024-03-23T21:15:16.283-0300] {processor.py:743} INFO - Processing file /home/carlosfalcone/airflow/dags/multiple_tasks2.py for tasks to queue
[2024-03-23T21:15:16.283-0300] {logging_mixin.py:137} INFO - [2024-03-23T21:15:16.283-0300] {dagbag.py:532} INFO - Filling up the DagBag from /home/carlosfalcone/airflow/dags/multiple_tasks2.py
[2024-03-23T21:15:16.291-0300] {processor.py:753} INFO - DAG(s) dict_keys(['executing_multiple_tasks2']) retrieved from /home/carlosfalcone/airflow/dags/multiple_tasks2.py
[2024-03-23T21:15:16.303-0300] {logging_mixin.py:137} INFO - [2024-03-23T21:15:16.303-0300] {dag.py:2705} INFO - Sync 1 DAGs
[2024-03-23T21:15:16.318-0300] {logging_mixin.py:137} INFO - [2024-03-23T21:15:16.318-0300] {dag.py:3456} INFO - Setting next_dagrun for executing_multiple_tasks2 to 2024-03-24T00:00:00+00:00, run_after=2024-03-25T00:00:00+00:00
[2024-03-23T21:15:16.335-0300] {processor.py:175} INFO - Processing /home/carlosfalcone/airflow/dags/multiple_tasks2.py took 0.055 seconds
[2024-03-23T21:15:46.566-0300] {processor.py:153} INFO - Started process (PID=9269) to work on /home/carlosfalcone/airflow/dags/multiple_tasks2.py
[2024-03-23T21:15:46.567-0300] {processor.py:743} INFO - Processing file /home/carlosfalcone/airflow/dags/multiple_tasks2.py for tasks to queue
[2024-03-23T21:15:46.567-0300] {logging_mixin.py:137} INFO - [2024-03-23T21:15:46.567-0300] {dagbag.py:532} INFO - Filling up the DagBag from /home/carlosfalcone/airflow/dags/multiple_tasks2.py
[2024-03-23T21:15:46.575-0300] {processor.py:753} INFO - DAG(s) dict_keys(['executing_multiple_tasks2']) retrieved from /home/carlosfalcone/airflow/dags/multiple_tasks2.py
[2024-03-23T21:15:46.587-0300] {logging_mixin.py:137} INFO - [2024-03-23T21:15:46.587-0300] {dag.py:2705} INFO - Sync 1 DAGs
[2024-03-23T21:15:46.602-0300] {logging_mixin.py:137} INFO - [2024-03-23T21:15:46.602-0300] {dag.py:3456} INFO - Setting next_dagrun for executing_multiple_tasks2 to 2024-03-24T00:00:00+00:00, run_after=2024-03-25T00:00:00+00:00
[2024-03-23T21:15:46.618-0300] {processor.py:175} INFO - Processing /home/carlosfalcone/airflow/dags/multiple_tasks2.py took 0.054 seconds
[2024-03-23T21:16:16.849-0300] {processor.py:153} INFO - Started process (PID=9324) to work on /home/carlosfalcone/airflow/dags/multiple_tasks2.py
[2024-03-23T21:16:16.850-0300] {processor.py:743} INFO - Processing file /home/carlosfalcone/airflow/dags/multiple_tasks2.py for tasks to queue
[2024-03-23T21:16:16.851-0300] {logging_mixin.py:137} INFO - [2024-03-23T21:16:16.851-0300] {dagbag.py:532} INFO - Filling up the DagBag from /home/carlosfalcone/airflow/dags/multiple_tasks2.py
[2024-03-23T21:16:16.859-0300] {processor.py:753} INFO - DAG(s) dict_keys(['executing_multiple_tasks2']) retrieved from /home/carlosfalcone/airflow/dags/multiple_tasks2.py
[2024-03-23T21:16:16.870-0300] {logging_mixin.py:137} INFO - [2024-03-23T21:16:16.870-0300] {dag.py:2705} INFO - Sync 1 DAGs
[2024-03-23T21:16:16.886-0300] {logging_mixin.py:137} INFO - [2024-03-23T21:16:16.886-0300] {dag.py:3456} INFO - Setting next_dagrun for executing_multiple_tasks2 to 2024-03-24T00:00:00+00:00, run_after=2024-03-25T00:00:00+00:00
[2024-03-23T21:16:16.901-0300] {processor.py:175} INFO - Processing /home/carlosfalcone/airflow/dags/multiple_tasks2.py took 0.054 seconds
[2024-03-23T21:16:47.133-0300] {processor.py:153} INFO - Started process (PID=9379) to work on /home/carlosfalcone/airflow/dags/multiple_tasks2.py
[2024-03-23T21:16:47.134-0300] {processor.py:743} INFO - Processing file /home/carlosfalcone/airflow/dags/multiple_tasks2.py for tasks to queue
[2024-03-23T21:16:47.135-0300] {logging_mixin.py:137} INFO - [2024-03-23T21:16:47.135-0300] {dagbag.py:532} INFO - Filling up the DagBag from /home/carlosfalcone/airflow/dags/multiple_tasks2.py
[2024-03-23T21:16:47.143-0300] {processor.py:753} INFO - DAG(s) dict_keys(['executing_multiple_tasks2']) retrieved from /home/carlosfalcone/airflow/dags/multiple_tasks2.py
[2024-03-23T21:16:47.154-0300] {logging_mixin.py:137} INFO - [2024-03-23T21:16:47.154-0300] {dag.py:2705} INFO - Sync 1 DAGs
[2024-03-23T21:16:47.170-0300] {logging_mixin.py:137} INFO - [2024-03-23T21:16:47.170-0300] {dag.py:3456} INFO - Setting next_dagrun for executing_multiple_tasks2 to 2024-03-24T00:00:00+00:00, run_after=2024-03-25T00:00:00+00:00
[2024-03-23T21:16:47.186-0300] {processor.py:175} INFO - Processing /home/carlosfalcone/airflow/dags/multiple_tasks2.py took 0.055 seconds
[2024-03-23T21:17:17.417-0300] {processor.py:153} INFO - Started process (PID=9434) to work on /home/carlosfalcone/airflow/dags/multiple_tasks2.py
[2024-03-23T21:17:17.418-0300] {processor.py:743} INFO - Processing file /home/carlosfalcone/airflow/dags/multiple_tasks2.py for tasks to queue
[2024-03-23T21:17:17.419-0300] {logging_mixin.py:137} INFO - [2024-03-23T21:17:17.418-0300] {dagbag.py:532} INFO - Filling up the DagBag from /home/carlosfalcone/airflow/dags/multiple_tasks2.py
[2024-03-23T21:17:17.427-0300] {processor.py:753} INFO - DAG(s) dict_keys(['executing_multiple_tasks2']) retrieved from /home/carlosfalcone/airflow/dags/multiple_tasks2.py
[2024-03-23T21:17:17.438-0300] {logging_mixin.py:137} INFO - [2024-03-23T21:17:17.438-0300] {dag.py:2705} INFO - Sync 1 DAGs
[2024-03-23T21:17:17.453-0300] {logging_mixin.py:137} INFO - [2024-03-23T21:17:17.453-0300] {dag.py:3456} INFO - Setting next_dagrun for executing_multiple_tasks2 to 2024-03-24T00:00:00+00:00, run_after=2024-03-25T00:00:00+00:00
[2024-03-23T21:17:17.468-0300] {processor.py:175} INFO - Processing /home/carlosfalcone/airflow/dags/multiple_tasks2.py took 0.053 seconds
[2024-03-23T21:17:47.700-0300] {processor.py:153} INFO - Started process (PID=9489) to work on /home/carlosfalcone/airflow/dags/multiple_tasks2.py
[2024-03-23T21:17:47.702-0300] {processor.py:743} INFO - Processing file /home/carlosfalcone/airflow/dags/multiple_tasks2.py for tasks to queue
[2024-03-23T21:17:47.702-0300] {logging_mixin.py:137} INFO - [2024-03-23T21:17:47.702-0300] {dagbag.py:532} INFO - Filling up the DagBag from /home/carlosfalcone/airflow/dags/multiple_tasks2.py
[2024-03-23T21:17:47.710-0300] {processor.py:753} INFO - DAG(s) dict_keys(['executing_multiple_tasks2']) retrieved from /home/carlosfalcone/airflow/dags/multiple_tasks2.py
[2024-03-23T21:17:47.722-0300] {logging_mixin.py:137} INFO - [2024-03-23T21:17:47.722-0300] {dag.py:2705} INFO - Sync 1 DAGs
[2024-03-23T21:17:47.737-0300] {logging_mixin.py:137} INFO - [2024-03-23T21:17:47.737-0300] {dag.py:3456} INFO - Setting next_dagrun for executing_multiple_tasks2 to 2024-03-24T00:00:00+00:00, run_after=2024-03-25T00:00:00+00:00
[2024-03-23T21:17:47.754-0300] {processor.py:175} INFO - Processing /home/carlosfalcone/airflow/dags/multiple_tasks2.py took 0.055 seconds
[2024-03-23T21:18:17.984-0300] {processor.py:153} INFO - Started process (PID=9544) to work on /home/carlosfalcone/airflow/dags/multiple_tasks2.py
[2024-03-23T21:18:17.985-0300] {processor.py:743} INFO - Processing file /home/carlosfalcone/airflow/dags/multiple_tasks2.py for tasks to queue
[2024-03-23T21:18:17.986-0300] {logging_mixin.py:137} INFO - [2024-03-23T21:18:17.986-0300] {dagbag.py:532} INFO - Filling up the DagBag from /home/carlosfalcone/airflow/dags/multiple_tasks2.py
[2024-03-23T21:18:17.994-0300] {processor.py:753} INFO - DAG(s) dict_keys(['executing_multiple_tasks2']) retrieved from /home/carlosfalcone/airflow/dags/multiple_tasks2.py
[2024-03-23T21:18:18.005-0300] {logging_mixin.py:137} INFO - [2024-03-23T21:18:18.005-0300] {dag.py:2705} INFO - Sync 1 DAGs
[2024-03-23T21:18:18.021-0300] {logging_mixin.py:137} INFO - [2024-03-23T21:18:18.021-0300] {dag.py:3456} INFO - Setting next_dagrun for executing_multiple_tasks2 to 2024-03-24T00:00:00+00:00, run_after=2024-03-25T00:00:00+00:00
[2024-03-23T21:18:18.036-0300] {processor.py:175} INFO - Processing /home/carlosfalcone/airflow/dags/multiple_tasks2.py took 0.054 seconds
[2024-03-23T21:18:48.269-0300] {processor.py:153} INFO - Started process (PID=9599) to work on /home/carlosfalcone/airflow/dags/multiple_tasks2.py
[2024-03-23T21:18:48.269-0300] {processor.py:743} INFO - Processing file /home/carlosfalcone/airflow/dags/multiple_tasks2.py for tasks to queue
[2024-03-23T21:18:48.270-0300] {logging_mixin.py:137} INFO - [2024-03-23T21:18:48.269-0300] {dagbag.py:532} INFO - Filling up the DagBag from /home/carlosfalcone/airflow/dags/multiple_tasks2.py
[2024-03-23T21:18:48.278-0300] {processor.py:753} INFO - DAG(s) dict_keys(['executing_multiple_tasks2']) retrieved from /home/carlosfalcone/airflow/dags/multiple_tasks2.py
[2024-03-23T21:18:48.290-0300] {logging_mixin.py:137} INFO - [2024-03-23T21:18:48.290-0300] {dag.py:2705} INFO - Sync 1 DAGs
[2024-03-23T21:18:48.305-0300] {logging_mixin.py:137} INFO - [2024-03-23T21:18:48.305-0300] {dag.py:3456} INFO - Setting next_dagrun for executing_multiple_tasks2 to 2024-03-24T00:00:00+00:00, run_after=2024-03-25T00:00:00+00:00
[2024-03-23T21:18:48.321-0300] {processor.py:175} INFO - Processing /home/carlosfalcone/airflow/dags/multiple_tasks2.py took 0.054 seconds
[2024-03-23T21:19:18.552-0300] {processor.py:153} INFO - Started process (PID=9654) to work on /home/carlosfalcone/airflow/dags/multiple_tasks2.py
[2024-03-23T21:19:18.553-0300] {processor.py:743} INFO - Processing file /home/carlosfalcone/airflow/dags/multiple_tasks2.py for tasks to queue
[2024-03-23T21:19:18.553-0300] {logging_mixin.py:137} INFO - [2024-03-23T21:19:18.553-0300] {dagbag.py:532} INFO - Filling up the DagBag from /home/carlosfalcone/airflow/dags/multiple_tasks2.py
[2024-03-23T21:19:18.561-0300] {processor.py:753} INFO - DAG(s) dict_keys(['executing_multiple_tasks2']) retrieved from /home/carlosfalcone/airflow/dags/multiple_tasks2.py
[2024-03-23T21:19:18.572-0300] {logging_mixin.py:137} INFO - [2024-03-23T21:19:18.572-0300] {dag.py:2705} INFO - Sync 1 DAGs
[2024-03-23T21:19:18.587-0300] {logging_mixin.py:137} INFO - [2024-03-23T21:19:18.587-0300] {dag.py:3456} INFO - Setting next_dagrun for executing_multiple_tasks2 to 2024-03-24T00:00:00+00:00, run_after=2024-03-25T00:00:00+00:00
[2024-03-23T21:19:18.603-0300] {processor.py:175} INFO - Processing /home/carlosfalcone/airflow/dags/multiple_tasks2.py took 0.053 seconds
[2024-03-23T21:19:48.835-0300] {processor.py:153} INFO - Started process (PID=9709) to work on /home/carlosfalcone/airflow/dags/multiple_tasks2.py
[2024-03-23T21:19:48.835-0300] {processor.py:743} INFO - Processing file /home/carlosfalcone/airflow/dags/multiple_tasks2.py for tasks to queue
[2024-03-23T21:19:48.836-0300] {logging_mixin.py:137} INFO - [2024-03-23T21:19:48.836-0300] {dagbag.py:532} INFO - Filling up the DagBag from /home/carlosfalcone/airflow/dags/multiple_tasks2.py
[2024-03-23T21:19:48.844-0300] {processor.py:753} INFO - DAG(s) dict_keys(['executing_multiple_tasks2']) retrieved from /home/carlosfalcone/airflow/dags/multiple_tasks2.py
[2024-03-23T21:19:48.855-0300] {logging_mixin.py:137} INFO - [2024-03-23T21:19:48.855-0300] {dag.py:2705} INFO - Sync 1 DAGs
[2024-03-23T21:19:48.870-0300] {logging_mixin.py:137} INFO - [2024-03-23T21:19:48.870-0300] {dag.py:3456} INFO - Setting next_dagrun for executing_multiple_tasks2 to 2024-03-24T00:00:00+00:00, run_after=2024-03-25T00:00:00+00:00
[2024-03-23T21:19:48.886-0300] {processor.py:175} INFO - Processing /home/carlosfalcone/airflow/dags/multiple_tasks2.py took 0.054 seconds
[2024-03-23T21:20:19.118-0300] {processor.py:153} INFO - Started process (PID=9764) to work on /home/carlosfalcone/airflow/dags/multiple_tasks2.py
[2024-03-23T21:20:19.119-0300] {processor.py:743} INFO - Processing file /home/carlosfalcone/airflow/dags/multiple_tasks2.py for tasks to queue
[2024-03-23T21:20:19.120-0300] {logging_mixin.py:137} INFO - [2024-03-23T21:20:19.120-0300] {dagbag.py:532} INFO - Filling up the DagBag from /home/carlosfalcone/airflow/dags/multiple_tasks2.py
[2024-03-23T21:20:19.128-0300] {processor.py:753} INFO - DAG(s) dict_keys(['executing_multiple_tasks2']) retrieved from /home/carlosfalcone/airflow/dags/multiple_tasks2.py
[2024-03-23T21:20:19.139-0300] {logging_mixin.py:137} INFO - [2024-03-23T21:20:19.139-0300] {dag.py:2705} INFO - Sync 1 DAGs
[2024-03-23T21:20:19.155-0300] {logging_mixin.py:137} INFO - [2024-03-23T21:20:19.155-0300] {dag.py:3456} INFO - Setting next_dagrun for executing_multiple_tasks2 to 2024-03-24T00:00:00+00:00, run_after=2024-03-25T00:00:00+00:00
[2024-03-23T21:20:19.170-0300] {processor.py:175} INFO - Processing /home/carlosfalcone/airflow/dags/multiple_tasks2.py took 0.054 seconds
[2024-03-23T21:20:49.402-0300] {processor.py:153} INFO - Started process (PID=9819) to work on /home/carlosfalcone/airflow/dags/multiple_tasks2.py
[2024-03-23T21:20:49.402-0300] {processor.py:743} INFO - Processing file /home/carlosfalcone/airflow/dags/multiple_tasks2.py for tasks to queue
[2024-03-23T21:20:49.403-0300] {logging_mixin.py:137} INFO - [2024-03-23T21:20:49.402-0300] {dagbag.py:532} INFO - Filling up the DagBag from /home/carlosfalcone/airflow/dags/multiple_tasks2.py
[2024-03-23T21:20:49.411-0300] {processor.py:753} INFO - DAG(s) dict_keys(['executing_multiple_tasks2']) retrieved from /home/carlosfalcone/airflow/dags/multiple_tasks2.py
[2024-03-23T21:20:49.422-0300] {logging_mixin.py:137} INFO - [2024-03-23T21:20:49.422-0300] {dag.py:2705} INFO - Sync 1 DAGs
[2024-03-23T21:20:49.437-0300] {logging_mixin.py:137} INFO - [2024-03-23T21:20:49.437-0300] {dag.py:3456} INFO - Setting next_dagrun for executing_multiple_tasks2 to 2024-03-24T00:00:00+00:00, run_after=2024-03-25T00:00:00+00:00
[2024-03-23T21:20:49.454-0300] {processor.py:175} INFO - Processing /home/carlosfalcone/airflow/dags/multiple_tasks2.py took 0.054 seconds
[2024-03-23T21:21:19.514-0300] {processor.py:153} INFO - Started process (PID=9874) to work on /home/carlosfalcone/airflow/dags/multiple_tasks2.py
[2024-03-23T21:21:19.514-0300] {processor.py:743} INFO - Processing file /home/carlosfalcone/airflow/dags/multiple_tasks2.py for tasks to queue
[2024-03-23T21:21:19.515-0300] {logging_mixin.py:137} INFO - [2024-03-23T21:21:19.515-0300] {dagbag.py:532} INFO - Filling up the DagBag from /home/carlosfalcone/airflow/dags/multiple_tasks2.py
[2024-03-23T21:21:19.523-0300] {processor.py:753} INFO - DAG(s) dict_keys(['executing_multiple_tasks2']) retrieved from /home/carlosfalcone/airflow/dags/multiple_tasks2.py
[2024-03-23T21:21:19.534-0300] {logging_mixin.py:137} INFO - [2024-03-23T21:21:19.534-0300] {dag.py:2705} INFO - Sync 1 DAGs
[2024-03-23T21:21:19.549-0300] {logging_mixin.py:137} INFO - [2024-03-23T21:21:19.549-0300] {dag.py:3456} INFO - Setting next_dagrun for executing_multiple_tasks2 to 2024-03-24T00:00:00+00:00, run_after=2024-03-25T00:00:00+00:00
[2024-03-23T21:21:19.565-0300] {processor.py:175} INFO - Processing /home/carlosfalcone/airflow/dags/multiple_tasks2.py took 0.053 seconds
[2024-03-23T21:21:49.828-0300] {processor.py:153} INFO - Started process (PID=9929) to work on /home/carlosfalcone/airflow/dags/multiple_tasks2.py
[2024-03-23T21:21:49.829-0300] {processor.py:743} INFO - Processing file /home/carlosfalcone/airflow/dags/multiple_tasks2.py for tasks to queue
[2024-03-23T21:21:49.829-0300] {logging_mixin.py:137} INFO - [2024-03-23T21:21:49.829-0300] {dagbag.py:532} INFO - Filling up the DagBag from /home/carlosfalcone/airflow/dags/multiple_tasks2.py
[2024-03-23T21:21:49.838-0300] {processor.py:753} INFO - DAG(s) dict_keys(['executing_multiple_tasks2']) retrieved from /home/carlosfalcone/airflow/dags/multiple_tasks2.py
[2024-03-23T21:21:49.851-0300] {logging_mixin.py:137} INFO - [2024-03-23T21:21:49.851-0300] {dag.py:2705} INFO - Sync 1 DAGs
[2024-03-23T21:21:49.867-0300] {logging_mixin.py:137} INFO - [2024-03-23T21:21:49.866-0300] {dag.py:3456} INFO - Setting next_dagrun for executing_multiple_tasks2 to 2024-03-24T00:00:00+00:00, run_after=2024-03-25T00:00:00+00:00
[2024-03-23T21:21:49.882-0300] {processor.py:175} INFO - Processing /home/carlosfalcone/airflow/dags/multiple_tasks2.py took 0.057 seconds
[2024-03-23T21:22:20.095-0300] {processor.py:153} INFO - Started process (PID=9984) to work on /home/carlosfalcone/airflow/dags/multiple_tasks2.py
[2024-03-23T21:22:20.095-0300] {processor.py:743} INFO - Processing file /home/carlosfalcone/airflow/dags/multiple_tasks2.py for tasks to queue
[2024-03-23T21:22:20.095-0300] {logging_mixin.py:137} INFO - [2024-03-23T21:22:20.095-0300] {dagbag.py:532} INFO - Filling up the DagBag from /home/carlosfalcone/airflow/dags/multiple_tasks2.py
[2024-03-23T21:22:20.103-0300] {processor.py:753} INFO - DAG(s) dict_keys(['executing_multiple_tasks2']) retrieved from /home/carlosfalcone/airflow/dags/multiple_tasks2.py
[2024-03-23T21:22:20.115-0300] {logging_mixin.py:137} INFO - [2024-03-23T21:22:20.115-0300] {dag.py:2705} INFO - Sync 1 DAGs
[2024-03-23T21:22:20.130-0300] {logging_mixin.py:137} INFO - [2024-03-23T21:22:20.130-0300] {dag.py:3456} INFO - Setting next_dagrun for executing_multiple_tasks2 to 2024-03-24T00:00:00+00:00, run_after=2024-03-25T00:00:00+00:00
[2024-03-23T21:22:20.147-0300] {processor.py:175} INFO - Processing /home/carlosfalcone/airflow/dags/multiple_tasks2.py took 0.054 seconds
