[2024-03-23T21:00:47.612-0300] {processor.py:153} INFO - Started process (PID=7626) to work on /home/carlosfalcone/airflow/dags/multiple_tasks3.py
[2024-03-23T21:00:47.612-0300] {processor.py:743} INFO - Processing file /home/carlosfalcone/airflow/dags/multiple_tasks3.py for tasks to queue
[2024-03-23T21:00:47.612-0300] {logging_mixin.py:137} INFO - [2024-03-23T21:00:47.612-0300] {dagbag.py:532} INFO - Filling up the DagBag from /home/carlosfalcone/airflow/dags/multiple_tasks3.py
[2024-03-23T21:00:47.623-0300] {processor.py:753} INFO - DAG(s) dict_keys(['executing_multiple_tasks3']) retrieved from /home/carlosfalcone/airflow/dags/multiple_tasks3.py
[2024-03-23T21:00:47.662-0300] {logging_mixin.py:137} INFO - [2024-03-23T21:00:47.662-0300] {dag.py:2705} INFO - Sync 1 DAGs
[2024-03-23T21:00:47.676-0300] {logging_mixin.py:137} INFO - [2024-03-23T21:00:47.676-0300] {dag.py:3456} INFO - Setting next_dagrun for executing_multiple_tasks3 to 2024-03-24T00:00:00+00:00, run_after=2024-03-25T00:00:00+00:00
[2024-03-23T21:00:47.696-0300] {processor.py:175} INFO - Processing /home/carlosfalcone/airflow/dags/multiple_tasks3.py took 0.086 seconds
[2024-03-23T21:01:19.161-0300] {processor.py:153} INFO - Started process (PID=7681) to work on /home/carlosfalcone/airflow/dags/multiple_tasks3.py
[2024-03-23T21:01:19.162-0300] {processor.py:743} INFO - Processing file /home/carlosfalcone/airflow/dags/multiple_tasks3.py for tasks to queue
[2024-03-23T21:01:19.162-0300] {logging_mixin.py:137} INFO - [2024-03-23T21:01:19.162-0300] {dagbag.py:532} INFO - Filling up the DagBag from /home/carlosfalcone/airflow/dags/multiple_tasks3.py
[2024-03-23T21:01:19.173-0300] {processor.py:753} INFO - DAG(s) dict_keys(['executing_multiple_tasks3']) retrieved from /home/carlosfalcone/airflow/dags/multiple_tasks3.py
[2024-03-23T21:01:19.185-0300] {logging_mixin.py:137} INFO - [2024-03-23T21:01:19.185-0300] {dag.py:2705} INFO - Sync 1 DAGs
[2024-03-23T21:01:19.200-0300] {logging_mixin.py:137} INFO - [2024-03-23T21:01:19.200-0300] {dag.py:3456} INFO - Setting next_dagrun for executing_multiple_tasks3 to 2024-03-24T00:00:00+00:00, run_after=2024-03-25T00:00:00+00:00
[2024-03-23T21:01:19.216-0300] {processor.py:175} INFO - Processing /home/carlosfalcone/airflow/dags/multiple_tasks3.py took 0.057 seconds
[2024-03-23T21:01:49.796-0300] {processor.py:153} INFO - Started process (PID=7755) to work on /home/carlosfalcone/airflow/dags/multiple_tasks3.py
[2024-03-23T21:01:49.797-0300] {processor.py:743} INFO - Processing file /home/carlosfalcone/airflow/dags/multiple_tasks3.py for tasks to queue
[2024-03-23T21:01:49.797-0300] {logging_mixin.py:137} INFO - [2024-03-23T21:01:49.797-0300] {dagbag.py:532} INFO - Filling up the DagBag from /home/carlosfalcone/airflow/dags/multiple_tasks3.py
[2024-03-23T21:01:49.808-0300] {processor.py:753} INFO - DAG(s) dict_keys(['executing_multiple_tasks3']) retrieved from /home/carlosfalcone/airflow/dags/multiple_tasks3.py
[2024-03-23T21:01:49.820-0300] {logging_mixin.py:137} INFO - [2024-03-23T21:01:49.819-0300] {dag.py:2705} INFO - Sync 1 DAGs
[2024-03-23T21:01:49.834-0300] {logging_mixin.py:137} INFO - [2024-03-23T21:01:49.834-0300] {dag.py:3456} INFO - Setting next_dagrun for executing_multiple_tasks3 to 2024-03-24T00:00:00+00:00, run_after=2024-03-25T00:00:00+00:00
[2024-03-23T21:01:49.851-0300] {processor.py:175} INFO - Processing /home/carlosfalcone/airflow/dags/multiple_tasks3.py took 0.056 seconds
[2024-03-23T21:02:20.081-0300] {processor.py:153} INFO - Started process (PID=7810) to work on /home/carlosfalcone/airflow/dags/multiple_tasks3.py
[2024-03-23T21:02:20.082-0300] {processor.py:743} INFO - Processing file /home/carlosfalcone/airflow/dags/multiple_tasks3.py for tasks to queue
[2024-03-23T21:02:20.082-0300] {logging_mixin.py:137} INFO - [2024-03-23T21:02:20.082-0300] {dagbag.py:532} INFO - Filling up the DagBag from /home/carlosfalcone/airflow/dags/multiple_tasks3.py
[2024-03-23T21:02:20.092-0300] {processor.py:753} INFO - DAG(s) dict_keys(['executing_multiple_tasks3']) retrieved from /home/carlosfalcone/airflow/dags/multiple_tasks3.py
[2024-03-23T21:02:20.104-0300] {logging_mixin.py:137} INFO - [2024-03-23T21:02:20.104-0300] {dag.py:2705} INFO - Sync 1 DAGs
[2024-03-23T21:02:20.119-0300] {logging_mixin.py:137} INFO - [2024-03-23T21:02:20.119-0300] {dag.py:3456} INFO - Setting next_dagrun for executing_multiple_tasks3 to 2024-03-24T00:00:00+00:00, run_after=2024-03-25T00:00:00+00:00
[2024-03-23T21:02:20.136-0300] {processor.py:175} INFO - Processing /home/carlosfalcone/airflow/dags/multiple_tasks3.py took 0.057 seconds
[2024-03-23T21:02:50.365-0300] {processor.py:153} INFO - Started process (PID=7865) to work on /home/carlosfalcone/airflow/dags/multiple_tasks3.py
[2024-03-23T21:02:50.366-0300] {processor.py:743} INFO - Processing file /home/carlosfalcone/airflow/dags/multiple_tasks3.py for tasks to queue
[2024-03-23T21:02:50.366-0300] {logging_mixin.py:137} INFO - [2024-03-23T21:02:50.366-0300] {dagbag.py:532} INFO - Filling up the DagBag from /home/carlosfalcone/airflow/dags/multiple_tasks3.py
[2024-03-23T21:02:50.376-0300] {processor.py:753} INFO - DAG(s) dict_keys(['executing_multiple_tasks3']) retrieved from /home/carlosfalcone/airflow/dags/multiple_tasks3.py
[2024-03-23T21:02:50.388-0300] {logging_mixin.py:137} INFO - [2024-03-23T21:02:50.388-0300] {dag.py:2705} INFO - Sync 1 DAGs
[2024-03-23T21:02:50.404-0300] {logging_mixin.py:137} INFO - [2024-03-23T21:02:50.403-0300] {dag.py:3456} INFO - Setting next_dagrun for executing_multiple_tasks3 to 2024-03-24T00:00:00+00:00, run_after=2024-03-25T00:00:00+00:00
[2024-03-23T21:02:50.421-0300] {processor.py:175} INFO - Processing /home/carlosfalcone/airflow/dags/multiple_tasks3.py took 0.058 seconds
[2024-03-23T21:03:20.619-0300] {processor.py:153} INFO - Started process (PID=7917) to work on /home/carlosfalcone/airflow/dags/multiple_tasks3.py
[2024-03-23T21:03:20.620-0300] {processor.py:743} INFO - Processing file /home/carlosfalcone/airflow/dags/multiple_tasks3.py for tasks to queue
[2024-03-23T21:03:20.621-0300] {logging_mixin.py:137} INFO - [2024-03-23T21:03:20.621-0300] {dagbag.py:532} INFO - Filling up the DagBag from /home/carlosfalcone/airflow/dags/multiple_tasks3.py
[2024-03-23T21:03:20.631-0300] {processor.py:753} INFO - DAG(s) dict_keys(['executing_multiple_tasks3']) retrieved from /home/carlosfalcone/airflow/dags/multiple_tasks3.py
[2024-03-23T21:03:20.643-0300] {logging_mixin.py:137} INFO - [2024-03-23T21:03:20.643-0300] {dag.py:2705} INFO - Sync 1 DAGs
[2024-03-23T21:03:20.660-0300] {logging_mixin.py:137} INFO - [2024-03-23T21:03:20.660-0300] {dag.py:3456} INFO - Setting next_dagrun for executing_multiple_tasks3 to 2024-03-24T00:00:00+00:00, run_after=2024-03-25T00:00:00+00:00
[2024-03-23T21:03:20.675-0300] {processor.py:175} INFO - Processing /home/carlosfalcone/airflow/dags/multiple_tasks3.py took 0.057 seconds
[2024-03-23T21:03:50.903-0300] {processor.py:153} INFO - Started process (PID=7972) to work on /home/carlosfalcone/airflow/dags/multiple_tasks3.py
[2024-03-23T21:03:50.904-0300] {processor.py:743} INFO - Processing file /home/carlosfalcone/airflow/dags/multiple_tasks3.py for tasks to queue
[2024-03-23T21:03:50.904-0300] {logging_mixin.py:137} INFO - [2024-03-23T21:03:50.904-0300] {dagbag.py:532} INFO - Filling up the DagBag from /home/carlosfalcone/airflow/dags/multiple_tasks3.py
[2024-03-23T21:03:50.915-0300] {processor.py:753} INFO - DAG(s) dict_keys(['executing_multiple_tasks3']) retrieved from /home/carlosfalcone/airflow/dags/multiple_tasks3.py
[2024-03-23T21:03:50.927-0300] {logging_mixin.py:137} INFO - [2024-03-23T21:03:50.927-0300] {dag.py:2705} INFO - Sync 1 DAGs
[2024-03-23T21:03:50.942-0300] {logging_mixin.py:137} INFO - [2024-03-23T21:03:50.942-0300] {dag.py:3456} INFO - Setting next_dagrun for executing_multiple_tasks3 to 2024-03-24T00:00:00+00:00, run_after=2024-03-25T00:00:00+00:00
[2024-03-23T21:03:50.959-0300] {processor.py:175} INFO - Processing /home/carlosfalcone/airflow/dags/multiple_tasks3.py took 0.057 seconds
[2024-03-23T21:04:21.188-0300] {processor.py:153} INFO - Started process (PID=8027) to work on /home/carlosfalcone/airflow/dags/multiple_tasks3.py
[2024-03-23T21:04:21.189-0300] {processor.py:743} INFO - Processing file /home/carlosfalcone/airflow/dags/multiple_tasks3.py for tasks to queue
[2024-03-23T21:04:21.189-0300] {logging_mixin.py:137} INFO - [2024-03-23T21:04:21.189-0300] {dagbag.py:532} INFO - Filling up the DagBag from /home/carlosfalcone/airflow/dags/multiple_tasks3.py
[2024-03-23T21:04:21.200-0300] {processor.py:753} INFO - DAG(s) dict_keys(['executing_multiple_tasks3']) retrieved from /home/carlosfalcone/airflow/dags/multiple_tasks3.py
[2024-03-23T21:04:21.213-0300] {logging_mixin.py:137} INFO - [2024-03-23T21:04:21.212-0300] {dag.py:2705} INFO - Sync 1 DAGs
[2024-03-23T21:04:21.227-0300] {logging_mixin.py:137} INFO - [2024-03-23T21:04:21.227-0300] {dag.py:3456} INFO - Setting next_dagrun for executing_multiple_tasks3 to 2024-03-24T00:00:00+00:00, run_after=2024-03-25T00:00:00+00:00
[2024-03-23T21:04:21.242-0300] {processor.py:175} INFO - Processing /home/carlosfalcone/airflow/dags/multiple_tasks3.py took 0.056 seconds
[2024-03-23T21:04:51.472-0300] {processor.py:153} INFO - Started process (PID=8083) to work on /home/carlosfalcone/airflow/dags/multiple_tasks3.py
[2024-03-23T21:04:51.473-0300] {processor.py:743} INFO - Processing file /home/carlosfalcone/airflow/dags/multiple_tasks3.py for tasks to queue
[2024-03-23T21:04:51.473-0300] {logging_mixin.py:137} INFO - [2024-03-23T21:04:51.473-0300] {dagbag.py:532} INFO - Filling up the DagBag from /home/carlosfalcone/airflow/dags/multiple_tasks3.py
[2024-03-23T21:04:51.484-0300] {processor.py:753} INFO - DAG(s) dict_keys(['executing_multiple_tasks3']) retrieved from /home/carlosfalcone/airflow/dags/multiple_tasks3.py
[2024-03-23T21:04:51.496-0300] {logging_mixin.py:137} INFO - [2024-03-23T21:04:51.496-0300] {dag.py:2705} INFO - Sync 1 DAGs
[2024-03-23T21:04:51.511-0300] {logging_mixin.py:137} INFO - [2024-03-23T21:04:51.511-0300] {dag.py:3456} INFO - Setting next_dagrun for executing_multiple_tasks3 to 2024-03-24T00:00:00+00:00, run_after=2024-03-25T00:00:00+00:00
[2024-03-23T21:04:51.527-0300] {processor.py:175} INFO - Processing /home/carlosfalcone/airflow/dags/multiple_tasks3.py took 0.057 seconds
[2024-03-23T21:05:21.757-0300] {processor.py:153} INFO - Started process (PID=8138) to work on /home/carlosfalcone/airflow/dags/multiple_tasks3.py
[2024-03-23T21:05:21.757-0300] {processor.py:743} INFO - Processing file /home/carlosfalcone/airflow/dags/multiple_tasks3.py for tasks to queue
[2024-03-23T21:05:21.757-0300] {logging_mixin.py:137} INFO - [2024-03-23T21:05:21.757-0300] {dagbag.py:532} INFO - Filling up the DagBag from /home/carlosfalcone/airflow/dags/multiple_tasks3.py
[2024-03-23T21:05:21.768-0300] {processor.py:753} INFO - DAG(s) dict_keys(['executing_multiple_tasks3']) retrieved from /home/carlosfalcone/airflow/dags/multiple_tasks3.py
[2024-03-23T21:05:21.780-0300] {logging_mixin.py:137} INFO - [2024-03-23T21:05:21.780-0300] {dag.py:2705} INFO - Sync 1 DAGs
[2024-03-23T21:05:21.796-0300] {logging_mixin.py:137} INFO - [2024-03-23T21:05:21.796-0300] {dag.py:3456} INFO - Setting next_dagrun for executing_multiple_tasks3 to 2024-03-24T00:00:00+00:00, run_after=2024-03-25T00:00:00+00:00
[2024-03-23T21:05:21.812-0300] {processor.py:175} INFO - Processing /home/carlosfalcone/airflow/dags/multiple_tasks3.py took 0.057 seconds
[2024-03-23T21:05:52.042-0300] {processor.py:153} INFO - Started process (PID=8193) to work on /home/carlosfalcone/airflow/dags/multiple_tasks3.py
[2024-03-23T21:05:52.043-0300] {processor.py:743} INFO - Processing file /home/carlosfalcone/airflow/dags/multiple_tasks3.py for tasks to queue
[2024-03-23T21:05:52.043-0300] {logging_mixin.py:137} INFO - [2024-03-23T21:05:52.043-0300] {dagbag.py:532} INFO - Filling up the DagBag from /home/carlosfalcone/airflow/dags/multiple_tasks3.py
[2024-03-23T21:05:52.054-0300] {processor.py:753} INFO - DAG(s) dict_keys(['executing_multiple_tasks3']) retrieved from /home/carlosfalcone/airflow/dags/multiple_tasks3.py
[2024-03-23T21:05:52.066-0300] {logging_mixin.py:137} INFO - [2024-03-23T21:05:52.066-0300] {dag.py:2705} INFO - Sync 1 DAGs
[2024-03-23T21:05:52.082-0300] {logging_mixin.py:137} INFO - [2024-03-23T21:05:52.081-0300] {dag.py:3456} INFO - Setting next_dagrun for executing_multiple_tasks3 to 2024-03-24T00:00:00+00:00, run_after=2024-03-25T00:00:00+00:00
[2024-03-23T21:05:52.097-0300] {processor.py:175} INFO - Processing /home/carlosfalcone/airflow/dags/multiple_tasks3.py took 0.057 seconds
[2024-03-23T21:06:22.327-0300] {processor.py:153} INFO - Started process (PID=8248) to work on /home/carlosfalcone/airflow/dags/multiple_tasks3.py
[2024-03-23T21:06:22.327-0300] {processor.py:743} INFO - Processing file /home/carlosfalcone/airflow/dags/multiple_tasks3.py for tasks to queue
[2024-03-23T21:06:22.327-0300] {logging_mixin.py:137} INFO - [2024-03-23T21:06:22.327-0300] {dagbag.py:532} INFO - Filling up the DagBag from /home/carlosfalcone/airflow/dags/multiple_tasks3.py
[2024-03-23T21:06:22.338-0300] {processor.py:753} INFO - DAG(s) dict_keys(['executing_multiple_tasks3']) retrieved from /home/carlosfalcone/airflow/dags/multiple_tasks3.py
[2024-03-23T21:06:22.351-0300] {logging_mixin.py:137} INFO - [2024-03-23T21:06:22.351-0300] {dag.py:2705} INFO - Sync 1 DAGs
[2024-03-23T21:06:22.366-0300] {logging_mixin.py:137} INFO - [2024-03-23T21:06:22.366-0300] {dag.py:3456} INFO - Setting next_dagrun for executing_multiple_tasks3 to 2024-03-24T00:00:00+00:00, run_after=2024-03-25T00:00:00+00:00
[2024-03-23T21:06:22.382-0300] {processor.py:175} INFO - Processing /home/carlosfalcone/airflow/dags/multiple_tasks3.py took 0.057 seconds
[2024-03-23T21:06:52.521-0300] {processor.py:153} INFO - Started process (PID=8303) to work on /home/carlosfalcone/airflow/dags/multiple_tasks3.py
[2024-03-23T21:06:52.523-0300] {processor.py:743} INFO - Processing file /home/carlosfalcone/airflow/dags/multiple_tasks3.py for tasks to queue
[2024-03-23T21:06:52.523-0300] {logging_mixin.py:137} INFO - [2024-03-23T21:06:52.523-0300] {dagbag.py:532} INFO - Filling up the DagBag from /home/carlosfalcone/airflow/dags/multiple_tasks3.py
[2024-03-23T21:06:52.533-0300] {processor.py:753} INFO - DAG(s) dict_keys(['executing_multiple_tasks3']) retrieved from /home/carlosfalcone/airflow/dags/multiple_tasks3.py
[2024-03-23T21:06:52.546-0300] {logging_mixin.py:137} INFO - [2024-03-23T21:06:52.546-0300] {dag.py:2705} INFO - Sync 1 DAGs
[2024-03-23T21:06:52.561-0300] {logging_mixin.py:137} INFO - [2024-03-23T21:06:52.561-0300] {dag.py:3456} INFO - Setting next_dagrun for executing_multiple_tasks3 to 2024-03-24T00:00:00+00:00, run_after=2024-03-25T00:00:00+00:00
[2024-03-23T21:06:52.577-0300] {processor.py:175} INFO - Processing /home/carlosfalcone/airflow/dags/multiple_tasks3.py took 0.057 seconds
[2024-03-23T21:07:22.703-0300] {processor.py:153} INFO - Started process (PID=8358) to work on /home/carlosfalcone/airflow/dags/multiple_tasks3.py
[2024-03-23T21:07:22.704-0300] {processor.py:743} INFO - Processing file /home/carlosfalcone/airflow/dags/multiple_tasks3.py for tasks to queue
[2024-03-23T21:07:22.704-0300] {logging_mixin.py:137} INFO - [2024-03-23T21:07:22.704-0300] {dagbag.py:532} INFO - Filling up the DagBag from /home/carlosfalcone/airflow/dags/multiple_tasks3.py
[2024-03-23T21:07:22.714-0300] {processor.py:753} INFO - DAG(s) dict_keys(['executing_multiple_tasks3']) retrieved from /home/carlosfalcone/airflow/dags/multiple_tasks3.py
[2024-03-23T21:07:22.726-0300] {logging_mixin.py:137} INFO - [2024-03-23T21:07:22.726-0300] {dag.py:2705} INFO - Sync 1 DAGs
[2024-03-23T21:07:22.742-0300] {logging_mixin.py:137} INFO - [2024-03-23T21:07:22.741-0300] {dag.py:3456} INFO - Setting next_dagrun for executing_multiple_tasks3 to 2024-03-24T00:00:00+00:00, run_after=2024-03-25T00:00:00+00:00
[2024-03-23T21:07:22.758-0300] {processor.py:175} INFO - Processing /home/carlosfalcone/airflow/dags/multiple_tasks3.py took 0.056 seconds
[2024-03-23T21:07:53.907-0300] {processor.py:153} INFO - Started process (PID=8416) to work on /home/carlosfalcone/airflow/dags/multiple_tasks3.py
[2024-03-23T21:07:53.908-0300] {processor.py:743} INFO - Processing file /home/carlosfalcone/airflow/dags/multiple_tasks3.py for tasks to queue
[2024-03-23T21:07:53.908-0300] {logging_mixin.py:137} INFO - [2024-03-23T21:07:53.908-0300] {dagbag.py:532} INFO - Filling up the DagBag from /home/carlosfalcone/airflow/dags/multiple_tasks3.py
[2024-03-23T21:07:53.919-0300] {processor.py:753} INFO - DAG(s) dict_keys(['executing_multiple_tasks3']) retrieved from /home/carlosfalcone/airflow/dags/multiple_tasks3.py
[2024-03-23T21:07:53.931-0300] {logging_mixin.py:137} INFO - [2024-03-23T21:07:53.931-0300] {dag.py:2705} INFO - Sync 1 DAGs
[2024-03-23T21:07:53.947-0300] {logging_mixin.py:137} INFO - [2024-03-23T21:07:53.946-0300] {dag.py:3456} INFO - Setting next_dagrun for executing_multiple_tasks3 to 2024-03-24T00:00:00+00:00, run_after=2024-03-25T00:00:00+00:00
[2024-03-23T21:07:53.962-0300] {processor.py:175} INFO - Processing /home/carlosfalcone/airflow/dags/multiple_tasks3.py took 0.056 seconds
[2024-03-23T21:08:24.077-0300] {processor.py:153} INFO - Started process (PID=8468) to work on /home/carlosfalcone/airflow/dags/multiple_tasks3.py
[2024-03-23T21:08:24.077-0300] {processor.py:743} INFO - Processing file /home/carlosfalcone/airflow/dags/multiple_tasks3.py for tasks to queue
[2024-03-23T21:08:24.078-0300] {logging_mixin.py:137} INFO - [2024-03-23T21:08:24.078-0300] {dagbag.py:532} INFO - Filling up the DagBag from /home/carlosfalcone/airflow/dags/multiple_tasks3.py
[2024-03-23T21:08:24.089-0300] {processor.py:753} INFO - DAG(s) dict_keys(['executing_multiple_tasks3']) retrieved from /home/carlosfalcone/airflow/dags/multiple_tasks3.py
[2024-03-23T21:08:24.102-0300] {logging_mixin.py:137} INFO - [2024-03-23T21:08:24.101-0300] {dag.py:2705} INFO - Sync 1 DAGs
[2024-03-23T21:08:24.117-0300] {logging_mixin.py:137} INFO - [2024-03-23T21:08:24.117-0300] {dag.py:3456} INFO - Setting next_dagrun for executing_multiple_tasks3 to 2024-03-24T00:00:00+00:00, run_after=2024-03-25T00:00:00+00:00
[2024-03-23T21:08:24.133-0300] {processor.py:175} INFO - Processing /home/carlosfalcone/airflow/dags/multiple_tasks3.py took 0.058 seconds
[2024-03-23T21:08:54.259-0300] {processor.py:153} INFO - Started process (PID=8523) to work on /home/carlosfalcone/airflow/dags/multiple_tasks3.py
[2024-03-23T21:08:54.260-0300] {processor.py:743} INFO - Processing file /home/carlosfalcone/airflow/dags/multiple_tasks3.py for tasks to queue
[2024-03-23T21:08:54.260-0300] {logging_mixin.py:137} INFO - [2024-03-23T21:08:54.260-0300] {dagbag.py:532} INFO - Filling up the DagBag from /home/carlosfalcone/airflow/dags/multiple_tasks3.py
[2024-03-23T21:08:54.271-0300] {processor.py:753} INFO - DAG(s) dict_keys(['executing_multiple_tasks3']) retrieved from /home/carlosfalcone/airflow/dags/multiple_tasks3.py
[2024-03-23T21:08:54.283-0300] {logging_mixin.py:137} INFO - [2024-03-23T21:08:54.283-0300] {dag.py:2705} INFO - Sync 1 DAGs
[2024-03-23T21:08:54.299-0300] {logging_mixin.py:137} INFO - [2024-03-23T21:08:54.298-0300] {dag.py:3456} INFO - Setting next_dagrun for executing_multiple_tasks3 to 2024-03-24T00:00:00+00:00, run_after=2024-03-25T00:00:00+00:00
[2024-03-23T21:08:54.313-0300] {processor.py:175} INFO - Processing /home/carlosfalcone/airflow/dags/multiple_tasks3.py took 0.056 seconds
[2024-03-23T21:09:24.442-0300] {processor.py:153} INFO - Started process (PID=8578) to work on /home/carlosfalcone/airflow/dags/multiple_tasks3.py
[2024-03-23T21:09:24.443-0300] {processor.py:743} INFO - Processing file /home/carlosfalcone/airflow/dags/multiple_tasks3.py for tasks to queue
[2024-03-23T21:09:24.443-0300] {logging_mixin.py:137} INFO - [2024-03-23T21:09:24.443-0300] {dagbag.py:532} INFO - Filling up the DagBag from /home/carlosfalcone/airflow/dags/multiple_tasks3.py
[2024-03-23T21:09:24.454-0300] {processor.py:753} INFO - DAG(s) dict_keys(['executing_multiple_tasks3']) retrieved from /home/carlosfalcone/airflow/dags/multiple_tasks3.py
[2024-03-23T21:09:24.466-0300] {logging_mixin.py:137} INFO - [2024-03-23T21:09:24.466-0300] {dag.py:2705} INFO - Sync 1 DAGs
[2024-03-23T21:09:24.481-0300] {logging_mixin.py:137} INFO - [2024-03-23T21:09:24.481-0300] {dag.py:3456} INFO - Setting next_dagrun for executing_multiple_tasks3 to 2024-03-24T00:00:00+00:00, run_after=2024-03-25T00:00:00+00:00
[2024-03-23T21:09:24.496-0300] {processor.py:175} INFO - Processing /home/carlosfalcone/airflow/dags/multiple_tasks3.py took 0.056 seconds
[2024-03-23T21:09:54.623-0300] {processor.py:153} INFO - Started process (PID=8633) to work on /home/carlosfalcone/airflow/dags/multiple_tasks3.py
[2024-03-23T21:09:54.624-0300] {processor.py:743} INFO - Processing file /home/carlosfalcone/airflow/dags/multiple_tasks3.py for tasks to queue
[2024-03-23T21:09:54.625-0300] {logging_mixin.py:137} INFO - [2024-03-23T21:09:54.625-0300] {dagbag.py:532} INFO - Filling up the DagBag from /home/carlosfalcone/airflow/dags/multiple_tasks3.py
[2024-03-23T21:09:54.635-0300] {processor.py:753} INFO - DAG(s) dict_keys(['executing_multiple_tasks3']) retrieved from /home/carlosfalcone/airflow/dags/multiple_tasks3.py
[2024-03-23T21:09:54.647-0300] {logging_mixin.py:137} INFO - [2024-03-23T21:09:54.647-0300] {dag.py:2705} INFO - Sync 1 DAGs
[2024-03-23T21:09:54.662-0300] {logging_mixin.py:137} INFO - [2024-03-23T21:09:54.661-0300] {dag.py:3456} INFO - Setting next_dagrun for executing_multiple_tasks3 to 2024-03-24T00:00:00+00:00, run_after=2024-03-25T00:00:00+00:00
[2024-03-23T21:09:54.678-0300] {processor.py:175} INFO - Processing /home/carlosfalcone/airflow/dags/multiple_tasks3.py took 0.057 seconds
[2024-03-23T21:10:24.806-0300] {processor.py:153} INFO - Started process (PID=8688) to work on /home/carlosfalcone/airflow/dags/multiple_tasks3.py
[2024-03-23T21:10:24.807-0300] {processor.py:743} INFO - Processing file /home/carlosfalcone/airflow/dags/multiple_tasks3.py for tasks to queue
[2024-03-23T21:10:24.807-0300] {logging_mixin.py:137} INFO - [2024-03-23T21:10:24.807-0300] {dagbag.py:532} INFO - Filling up the DagBag from /home/carlosfalcone/airflow/dags/multiple_tasks3.py
[2024-03-23T21:10:24.817-0300] {processor.py:753} INFO - DAG(s) dict_keys(['executing_multiple_tasks3']) retrieved from /home/carlosfalcone/airflow/dags/multiple_tasks3.py
[2024-03-23T21:10:24.829-0300] {logging_mixin.py:137} INFO - [2024-03-23T21:10:24.829-0300] {dag.py:2705} INFO - Sync 1 DAGs
[2024-03-23T21:10:24.845-0300] {logging_mixin.py:137} INFO - [2024-03-23T21:10:24.845-0300] {dag.py:3456} INFO - Setting next_dagrun for executing_multiple_tasks3 to 2024-03-24T00:00:00+00:00, run_after=2024-03-25T00:00:00+00:00
[2024-03-23T21:10:24.860-0300] {processor.py:175} INFO - Processing /home/carlosfalcone/airflow/dags/multiple_tasks3.py took 0.056 seconds
[2024-03-23T21:10:56.117-0300] {processor.py:153} INFO - Started process (PID=8746) to work on /home/carlosfalcone/airflow/dags/multiple_tasks3.py
[2024-03-23T21:10:56.118-0300] {processor.py:743} INFO - Processing file /home/carlosfalcone/airflow/dags/multiple_tasks3.py for tasks to queue
[2024-03-23T21:10:56.118-0300] {logging_mixin.py:137} INFO - [2024-03-23T21:10:56.118-0300] {dagbag.py:532} INFO - Filling up the DagBag from /home/carlosfalcone/airflow/dags/multiple_tasks3.py
[2024-03-23T21:10:56.129-0300] {processor.py:753} INFO - DAG(s) dict_keys(['executing_multiple_tasks3']) retrieved from /home/carlosfalcone/airflow/dags/multiple_tasks3.py
[2024-03-23T21:10:56.141-0300] {logging_mixin.py:137} INFO - [2024-03-23T21:10:56.141-0300] {dag.py:2705} INFO - Sync 1 DAGs
[2024-03-23T21:10:56.156-0300] {logging_mixin.py:137} INFO - [2024-03-23T21:10:56.156-0300] {dag.py:3456} INFO - Setting next_dagrun for executing_multiple_tasks3 to 2024-03-24T00:00:00+00:00, run_after=2024-03-25T00:00:00+00:00
[2024-03-23T21:10:56.172-0300] {processor.py:175} INFO - Processing /home/carlosfalcone/airflow/dags/multiple_tasks3.py took 0.057 seconds
[2024-03-23T21:11:26.394-0300] {processor.py:153} INFO - Started process (PID=8801) to work on /home/carlosfalcone/airflow/dags/multiple_tasks3.py
[2024-03-23T21:11:26.394-0300] {processor.py:743} INFO - Processing file /home/carlosfalcone/airflow/dags/multiple_tasks3.py for tasks to queue
[2024-03-23T21:11:26.395-0300] {logging_mixin.py:137} INFO - [2024-03-23T21:11:26.394-0300] {dagbag.py:532} INFO - Filling up the DagBag from /home/carlosfalcone/airflow/dags/multiple_tasks3.py
[2024-03-23T21:11:26.405-0300] {processor.py:753} INFO - DAG(s) dict_keys(['executing_multiple_tasks3']) retrieved from /home/carlosfalcone/airflow/dags/multiple_tasks3.py
[2024-03-23T21:11:26.417-0300] {logging_mixin.py:137} INFO - [2024-03-23T21:11:26.417-0300] {dag.py:2705} INFO - Sync 1 DAGs
[2024-03-23T21:11:26.432-0300] {logging_mixin.py:137} INFO - [2024-03-23T21:11:26.432-0300] {dag.py:3456} INFO - Setting next_dagrun for executing_multiple_tasks3 to 2024-03-24T00:00:00+00:00, run_after=2024-03-25T00:00:00+00:00
[2024-03-23T21:11:26.449-0300] {processor.py:175} INFO - Processing /home/carlosfalcone/airflow/dags/multiple_tasks3.py took 0.057 seconds
[2024-03-23T21:11:56.679-0300] {processor.py:153} INFO - Started process (PID=8856) to work on /home/carlosfalcone/airflow/dags/multiple_tasks3.py
[2024-03-23T21:11:56.681-0300] {processor.py:743} INFO - Processing file /home/carlosfalcone/airflow/dags/multiple_tasks3.py for tasks to queue
[2024-03-23T21:11:56.681-0300] {logging_mixin.py:137} INFO - [2024-03-23T21:11:56.681-0300] {dagbag.py:532} INFO - Filling up the DagBag from /home/carlosfalcone/airflow/dags/multiple_tasks3.py
[2024-03-23T21:11:56.692-0300] {processor.py:753} INFO - DAG(s) dict_keys(['executing_multiple_tasks3']) retrieved from /home/carlosfalcone/airflow/dags/multiple_tasks3.py
[2024-03-23T21:11:56.705-0300] {logging_mixin.py:137} INFO - [2024-03-23T21:11:56.705-0300] {dag.py:2705} INFO - Sync 1 DAGs
[2024-03-23T21:11:56.720-0300] {logging_mixin.py:137} INFO - [2024-03-23T21:11:56.720-0300] {dag.py:3456} INFO - Setting next_dagrun for executing_multiple_tasks3 to 2024-03-24T00:00:00+00:00, run_after=2024-03-25T00:00:00+00:00
[2024-03-23T21:11:56.735-0300] {processor.py:175} INFO - Processing /home/carlosfalcone/airflow/dags/multiple_tasks3.py took 0.057 seconds
[2024-03-23T21:12:26.963-0300] {processor.py:153} INFO - Started process (PID=8911) to work on /home/carlosfalcone/airflow/dags/multiple_tasks3.py
[2024-03-23T21:12:26.964-0300] {processor.py:743} INFO - Processing file /home/carlosfalcone/airflow/dags/multiple_tasks3.py for tasks to queue
[2024-03-23T21:12:26.965-0300] {logging_mixin.py:137} INFO - [2024-03-23T21:12:26.965-0300] {dagbag.py:532} INFO - Filling up the DagBag from /home/carlosfalcone/airflow/dags/multiple_tasks3.py
[2024-03-23T21:12:26.975-0300] {processor.py:753} INFO - DAG(s) dict_keys(['executing_multiple_tasks3']) retrieved from /home/carlosfalcone/airflow/dags/multiple_tasks3.py
[2024-03-23T21:12:26.988-0300] {logging_mixin.py:137} INFO - [2024-03-23T21:12:26.988-0300] {dag.py:2705} INFO - Sync 1 DAGs
[2024-03-23T21:12:27.003-0300] {logging_mixin.py:137} INFO - [2024-03-23T21:12:27.002-0300] {dag.py:3456} INFO - Setting next_dagrun for executing_multiple_tasks3 to 2024-03-24T00:00:00+00:00, run_after=2024-03-25T00:00:00+00:00
[2024-03-23T21:12:27.018-0300] {processor.py:175} INFO - Processing /home/carlosfalcone/airflow/dags/multiple_tasks3.py took 0.056 seconds
[2024-03-23T21:12:57.120-0300] {processor.py:153} INFO - Started process (PID=8963) to work on /home/carlosfalcone/airflow/dags/multiple_tasks3.py
[2024-03-23T21:12:57.121-0300] {processor.py:743} INFO - Processing file /home/carlosfalcone/airflow/dags/multiple_tasks3.py for tasks to queue
[2024-03-23T21:12:57.122-0300] {logging_mixin.py:137} INFO - [2024-03-23T21:12:57.122-0300] {dagbag.py:532} INFO - Filling up the DagBag from /home/carlosfalcone/airflow/dags/multiple_tasks3.py
[2024-03-23T21:12:57.132-0300] {processor.py:753} INFO - DAG(s) dict_keys(['executing_multiple_tasks3']) retrieved from /home/carlosfalcone/airflow/dags/multiple_tasks3.py
[2024-03-23T21:12:57.144-0300] {logging_mixin.py:137} INFO - [2024-03-23T21:12:57.144-0300] {dag.py:2705} INFO - Sync 1 DAGs
[2024-03-23T21:12:57.160-0300] {logging_mixin.py:137} INFO - [2024-03-23T21:12:57.160-0300] {dag.py:3456} INFO - Setting next_dagrun for executing_multiple_tasks3 to 2024-03-24T00:00:00+00:00, run_after=2024-03-25T00:00:00+00:00
[2024-03-23T21:12:57.176-0300] {processor.py:175} INFO - Processing /home/carlosfalcone/airflow/dags/multiple_tasks3.py took 0.057 seconds
[2024-03-23T21:13:27.276-0300] {processor.py:153} INFO - Started process (PID=9018) to work on /home/carlosfalcone/airflow/dags/multiple_tasks3.py
[2024-03-23T21:13:27.277-0300] {processor.py:743} INFO - Processing file /home/carlosfalcone/airflow/dags/multiple_tasks3.py for tasks to queue
[2024-03-23T21:13:27.277-0300] {logging_mixin.py:137} INFO - [2024-03-23T21:13:27.277-0300] {dagbag.py:532} INFO - Filling up the DagBag from /home/carlosfalcone/airflow/dags/multiple_tasks3.py
[2024-03-23T21:13:27.288-0300] {processor.py:753} INFO - DAG(s) dict_keys(['executing_multiple_tasks3']) retrieved from /home/carlosfalcone/airflow/dags/multiple_tasks3.py
[2024-03-23T21:13:27.300-0300] {logging_mixin.py:137} INFO - [2024-03-23T21:13:27.300-0300] {dag.py:2705} INFO - Sync 1 DAGs
[2024-03-23T21:13:27.315-0300] {logging_mixin.py:137} INFO - [2024-03-23T21:13:27.315-0300] {dag.py:3456} INFO - Setting next_dagrun for executing_multiple_tasks3 to 2024-03-24T00:00:00+00:00, run_after=2024-03-25T00:00:00+00:00
[2024-03-23T21:13:27.330-0300] {processor.py:175} INFO - Processing /home/carlosfalcone/airflow/dags/multiple_tasks3.py took 0.056 seconds
[2024-03-23T21:13:57.433-0300] {processor.py:153} INFO - Started process (PID=9073) to work on /home/carlosfalcone/airflow/dags/multiple_tasks3.py
[2024-03-23T21:13:57.434-0300] {processor.py:743} INFO - Processing file /home/carlosfalcone/airflow/dags/multiple_tasks3.py for tasks to queue
[2024-03-23T21:13:57.435-0300] {logging_mixin.py:137} INFO - [2024-03-23T21:13:57.434-0300] {dagbag.py:532} INFO - Filling up the DagBag from /home/carlosfalcone/airflow/dags/multiple_tasks3.py
[2024-03-23T21:13:57.445-0300] {processor.py:753} INFO - DAG(s) dict_keys(['executing_multiple_tasks3']) retrieved from /home/carlosfalcone/airflow/dags/multiple_tasks3.py
[2024-03-23T21:13:57.457-0300] {logging_mixin.py:137} INFO - [2024-03-23T21:13:57.457-0300] {dag.py:2705} INFO - Sync 1 DAGs
[2024-03-23T21:13:57.472-0300] {logging_mixin.py:137} INFO - [2024-03-23T21:13:57.472-0300] {dag.py:3456} INFO - Setting next_dagrun for executing_multiple_tasks3 to 2024-03-24T00:00:00+00:00, run_after=2024-03-25T00:00:00+00:00
[2024-03-23T21:13:57.490-0300] {processor.py:175} INFO - Processing /home/carlosfalcone/airflow/dags/multiple_tasks3.py took 0.059 seconds
[2024-03-23T21:14:27.588-0300] {processor.py:153} INFO - Started process (PID=9128) to work on /home/carlosfalcone/airflow/dags/multiple_tasks3.py
[2024-03-23T21:14:27.589-0300] {processor.py:743} INFO - Processing file /home/carlosfalcone/airflow/dags/multiple_tasks3.py for tasks to queue
[2024-03-23T21:14:27.589-0300] {logging_mixin.py:137} INFO - [2024-03-23T21:14:27.589-0300] {dagbag.py:532} INFO - Filling up the DagBag from /home/carlosfalcone/airflow/dags/multiple_tasks3.py
[2024-03-23T21:14:27.600-0300] {processor.py:753} INFO - DAG(s) dict_keys(['executing_multiple_tasks3']) retrieved from /home/carlosfalcone/airflow/dags/multiple_tasks3.py
[2024-03-23T21:14:27.612-0300] {logging_mixin.py:137} INFO - [2024-03-23T21:14:27.612-0300] {dag.py:2705} INFO - Sync 1 DAGs
[2024-03-23T21:14:27.628-0300] {logging_mixin.py:137} INFO - [2024-03-23T21:14:27.628-0300] {dag.py:3456} INFO - Setting next_dagrun for executing_multiple_tasks3 to 2024-03-24T00:00:00+00:00, run_after=2024-03-25T00:00:00+00:00
[2024-03-23T21:14:27.645-0300] {processor.py:175} INFO - Processing /home/carlosfalcone/airflow/dags/multiple_tasks3.py took 0.059 seconds
[2024-03-23T21:14:57.743-0300] {processor.py:153} INFO - Started process (PID=9183) to work on /home/carlosfalcone/airflow/dags/multiple_tasks3.py
[2024-03-23T21:14:57.745-0300] {processor.py:743} INFO - Processing file /home/carlosfalcone/airflow/dags/multiple_tasks3.py for tasks to queue
[2024-03-23T21:14:57.745-0300] {logging_mixin.py:137} INFO - [2024-03-23T21:14:57.745-0300] {dagbag.py:532} INFO - Filling up the DagBag from /home/carlosfalcone/airflow/dags/multiple_tasks3.py
[2024-03-23T21:14:57.756-0300] {processor.py:753} INFO - DAG(s) dict_keys(['executing_multiple_tasks3']) retrieved from /home/carlosfalcone/airflow/dags/multiple_tasks3.py
[2024-03-23T21:14:57.768-0300] {logging_mixin.py:137} INFO - [2024-03-23T21:14:57.768-0300] {dag.py:2705} INFO - Sync 1 DAGs
[2024-03-23T21:14:57.783-0300] {logging_mixin.py:137} INFO - [2024-03-23T21:14:57.783-0300] {dag.py:3456} INFO - Setting next_dagrun for executing_multiple_tasks3 to 2024-03-24T00:00:00+00:00, run_after=2024-03-25T00:00:00+00:00
[2024-03-23T21:14:57.798-0300] {processor.py:175} INFO - Processing /home/carlosfalcone/airflow/dags/multiple_tasks3.py took 0.056 seconds
[2024-03-23T21:15:27.898-0300] {processor.py:153} INFO - Started process (PID=9238) to work on /home/carlosfalcone/airflow/dags/multiple_tasks3.py
[2024-03-23T21:15:27.900-0300] {processor.py:743} INFO - Processing file /home/carlosfalcone/airflow/dags/multiple_tasks3.py for tasks to queue
[2024-03-23T21:15:27.900-0300] {logging_mixin.py:137} INFO - [2024-03-23T21:15:27.900-0300] {dagbag.py:532} INFO - Filling up the DagBag from /home/carlosfalcone/airflow/dags/multiple_tasks3.py
[2024-03-23T21:15:27.910-0300] {processor.py:753} INFO - DAG(s) dict_keys(['executing_multiple_tasks3']) retrieved from /home/carlosfalcone/airflow/dags/multiple_tasks3.py
[2024-03-23T21:15:27.923-0300] {logging_mixin.py:137} INFO - [2024-03-23T21:15:27.923-0300] {dag.py:2705} INFO - Sync 1 DAGs
[2024-03-23T21:15:27.938-0300] {logging_mixin.py:137} INFO - [2024-03-23T21:15:27.938-0300] {dag.py:3456} INFO - Setting next_dagrun for executing_multiple_tasks3 to 2024-03-24T00:00:00+00:00, run_after=2024-03-25T00:00:00+00:00
[2024-03-23T21:15:27.953-0300] {processor.py:175} INFO - Processing /home/carlosfalcone/airflow/dags/multiple_tasks3.py took 0.056 seconds
[2024-03-23T21:15:58.054-0300] {processor.py:153} INFO - Started process (PID=9293) to work on /home/carlosfalcone/airflow/dags/multiple_tasks3.py
[2024-03-23T21:15:58.055-0300] {processor.py:743} INFO - Processing file /home/carlosfalcone/airflow/dags/multiple_tasks3.py for tasks to queue
[2024-03-23T21:15:58.055-0300] {logging_mixin.py:137} INFO - [2024-03-23T21:15:58.055-0300] {dagbag.py:532} INFO - Filling up the DagBag from /home/carlosfalcone/airflow/dags/multiple_tasks3.py
[2024-03-23T21:15:58.066-0300] {processor.py:753} INFO - DAG(s) dict_keys(['executing_multiple_tasks3']) retrieved from /home/carlosfalcone/airflow/dags/multiple_tasks3.py
[2024-03-23T21:15:58.078-0300] {logging_mixin.py:137} INFO - [2024-03-23T21:15:58.078-0300] {dag.py:2705} INFO - Sync 1 DAGs
[2024-03-23T21:15:58.093-0300] {logging_mixin.py:137} INFO - [2024-03-23T21:15:58.093-0300] {dag.py:3456} INFO - Setting next_dagrun for executing_multiple_tasks3 to 2024-03-24T00:00:00+00:00, run_after=2024-03-25T00:00:00+00:00
[2024-03-23T21:15:58.107-0300] {processor.py:175} INFO - Processing /home/carlosfalcone/airflow/dags/multiple_tasks3.py took 0.055 seconds
[2024-03-23T21:16:29.238-0300] {processor.py:153} INFO - Started process (PID=9348) to work on /home/carlosfalcone/airflow/dags/multiple_tasks3.py
[2024-03-23T21:16:29.239-0300] {processor.py:743} INFO - Processing file /home/carlosfalcone/airflow/dags/multiple_tasks3.py for tasks to queue
[2024-03-23T21:16:29.239-0300] {logging_mixin.py:137} INFO - [2024-03-23T21:16:29.239-0300] {dagbag.py:532} INFO - Filling up the DagBag from /home/carlosfalcone/airflow/dags/multiple_tasks3.py
[2024-03-23T21:16:29.251-0300] {processor.py:753} INFO - DAG(s) dict_keys(['executing_multiple_tasks3']) retrieved from /home/carlosfalcone/airflow/dags/multiple_tasks3.py
[2024-03-23T21:16:29.264-0300] {logging_mixin.py:137} INFO - [2024-03-23T21:16:29.264-0300] {dag.py:2705} INFO - Sync 1 DAGs
[2024-03-23T21:16:29.279-0300] {logging_mixin.py:137} INFO - [2024-03-23T21:16:29.279-0300] {dag.py:3456} INFO - Setting next_dagrun for executing_multiple_tasks3 to 2024-03-24T00:00:00+00:00, run_after=2024-03-25T00:00:00+00:00
[2024-03-23T21:16:29.295-0300] {processor.py:175} INFO - Processing /home/carlosfalcone/airflow/dags/multiple_tasks3.py took 0.059 seconds
[2024-03-23T21:16:59.394-0300] {processor.py:153} INFO - Started process (PID=9403) to work on /home/carlosfalcone/airflow/dags/multiple_tasks3.py
[2024-03-23T21:16:59.396-0300] {processor.py:743} INFO - Processing file /home/carlosfalcone/airflow/dags/multiple_tasks3.py for tasks to queue
[2024-03-23T21:16:59.396-0300] {logging_mixin.py:137} INFO - [2024-03-23T21:16:59.396-0300] {dagbag.py:532} INFO - Filling up the DagBag from /home/carlosfalcone/airflow/dags/multiple_tasks3.py
[2024-03-23T21:16:59.407-0300] {processor.py:753} INFO - DAG(s) dict_keys(['executing_multiple_tasks3']) retrieved from /home/carlosfalcone/airflow/dags/multiple_tasks3.py
[2024-03-23T21:16:59.419-0300] {logging_mixin.py:137} INFO - [2024-03-23T21:16:59.419-0300] {dag.py:2705} INFO - Sync 1 DAGs
[2024-03-23T21:16:59.434-0300] {logging_mixin.py:137} INFO - [2024-03-23T21:16:59.434-0300] {dag.py:3456} INFO - Setting next_dagrun for executing_multiple_tasks3 to 2024-03-24T00:00:00+00:00, run_after=2024-03-25T00:00:00+00:00
[2024-03-23T21:16:59.451-0300] {processor.py:175} INFO - Processing /home/carlosfalcone/airflow/dags/multiple_tasks3.py took 0.058 seconds
[2024-03-23T21:17:29.550-0300] {processor.py:153} INFO - Started process (PID=9458) to work on /home/carlosfalcone/airflow/dags/multiple_tasks3.py
[2024-03-23T21:17:29.551-0300] {processor.py:743} INFO - Processing file /home/carlosfalcone/airflow/dags/multiple_tasks3.py for tasks to queue
[2024-03-23T21:17:29.551-0300] {logging_mixin.py:137} INFO - [2024-03-23T21:17:29.551-0300] {dagbag.py:532} INFO - Filling up the DagBag from /home/carlosfalcone/airflow/dags/multiple_tasks3.py
[2024-03-23T21:17:29.562-0300] {processor.py:753} INFO - DAG(s) dict_keys(['executing_multiple_tasks3']) retrieved from /home/carlosfalcone/airflow/dags/multiple_tasks3.py
[2024-03-23T21:17:29.574-0300] {logging_mixin.py:137} INFO - [2024-03-23T21:17:29.574-0300] {dag.py:2705} INFO - Sync 1 DAGs
[2024-03-23T21:17:29.589-0300] {logging_mixin.py:137} INFO - [2024-03-23T21:17:29.589-0300] {dag.py:3456} INFO - Setting next_dagrun for executing_multiple_tasks3 to 2024-03-24T00:00:00+00:00, run_after=2024-03-25T00:00:00+00:00
[2024-03-23T21:17:29.605-0300] {processor.py:175} INFO - Processing /home/carlosfalcone/airflow/dags/multiple_tasks3.py took 0.057 seconds
[2024-03-23T21:17:59.706-0300] {processor.py:153} INFO - Started process (PID=9513) to work on /home/carlosfalcone/airflow/dags/multiple_tasks3.py
[2024-03-23T21:17:59.707-0300] {processor.py:743} INFO - Processing file /home/carlosfalcone/airflow/dags/multiple_tasks3.py for tasks to queue
[2024-03-23T21:17:59.708-0300] {logging_mixin.py:137} INFO - [2024-03-23T21:17:59.708-0300] {dagbag.py:532} INFO - Filling up the DagBag from /home/carlosfalcone/airflow/dags/multiple_tasks3.py
[2024-03-23T21:17:59.718-0300] {processor.py:753} INFO - DAG(s) dict_keys(['executing_multiple_tasks3']) retrieved from /home/carlosfalcone/airflow/dags/multiple_tasks3.py
[2024-03-23T21:17:59.730-0300] {logging_mixin.py:137} INFO - [2024-03-23T21:17:59.730-0300] {dag.py:2705} INFO - Sync 1 DAGs
[2024-03-23T21:17:59.746-0300] {logging_mixin.py:137} INFO - [2024-03-23T21:17:59.746-0300] {dag.py:3456} INFO - Setting next_dagrun for executing_multiple_tasks3 to 2024-03-24T00:00:00+00:00, run_after=2024-03-25T00:00:00+00:00
[2024-03-23T21:17:59.761-0300] {processor.py:175} INFO - Processing /home/carlosfalcone/airflow/dags/multiple_tasks3.py took 0.057 seconds
[2024-03-23T21:18:29.861-0300] {processor.py:153} INFO - Started process (PID=9568) to work on /home/carlosfalcone/airflow/dags/multiple_tasks3.py
[2024-03-23T21:18:29.862-0300] {processor.py:743} INFO - Processing file /home/carlosfalcone/airflow/dags/multiple_tasks3.py for tasks to queue
[2024-03-23T21:18:29.863-0300] {logging_mixin.py:137} INFO - [2024-03-23T21:18:29.863-0300] {dagbag.py:532} INFO - Filling up the DagBag from /home/carlosfalcone/airflow/dags/multiple_tasks3.py
[2024-03-23T21:18:29.873-0300] {processor.py:753} INFO - DAG(s) dict_keys(['executing_multiple_tasks3']) retrieved from /home/carlosfalcone/airflow/dags/multiple_tasks3.py
[2024-03-23T21:18:29.885-0300] {logging_mixin.py:137} INFO - [2024-03-23T21:18:29.885-0300] {dag.py:2705} INFO - Sync 1 DAGs
[2024-03-23T21:18:29.901-0300] {logging_mixin.py:137} INFO - [2024-03-23T21:18:29.900-0300] {dag.py:3456} INFO - Setting next_dagrun for executing_multiple_tasks3 to 2024-03-24T00:00:00+00:00, run_after=2024-03-25T00:00:00+00:00
[2024-03-23T21:18:29.917-0300] {processor.py:175} INFO - Processing /home/carlosfalcone/airflow/dags/multiple_tasks3.py took 0.057 seconds
[2024-03-23T21:19:00.018-0300] {processor.py:153} INFO - Started process (PID=9623) to work on /home/carlosfalcone/airflow/dags/multiple_tasks3.py
[2024-03-23T21:19:00.018-0300] {processor.py:743} INFO - Processing file /home/carlosfalcone/airflow/dags/multiple_tasks3.py for tasks to queue
[2024-03-23T21:19:00.019-0300] {logging_mixin.py:137} INFO - [2024-03-23T21:19:00.019-0300] {dagbag.py:532} INFO - Filling up the DagBag from /home/carlosfalcone/airflow/dags/multiple_tasks3.py
[2024-03-23T21:19:00.029-0300] {processor.py:753} INFO - DAG(s) dict_keys(['executing_multiple_tasks3']) retrieved from /home/carlosfalcone/airflow/dags/multiple_tasks3.py
[2024-03-23T21:19:00.041-0300] {logging_mixin.py:137} INFO - [2024-03-23T21:19:00.041-0300] {dag.py:2705} INFO - Sync 1 DAGs
[2024-03-23T21:19:00.056-0300] {logging_mixin.py:137} INFO - [2024-03-23T21:19:00.056-0300] {dag.py:3456} INFO - Setting next_dagrun for executing_multiple_tasks3 to 2024-03-24T00:00:00+00:00, run_after=2024-03-25T00:00:00+00:00
[2024-03-23T21:19:00.076-0300] {processor.py:175} INFO - Processing /home/carlosfalcone/airflow/dags/multiple_tasks3.py took 0.060 seconds
[2024-03-23T21:19:30.173-0300] {processor.py:153} INFO - Started process (PID=9678) to work on /home/carlosfalcone/airflow/dags/multiple_tasks3.py
[2024-03-23T21:19:30.174-0300] {processor.py:743} INFO - Processing file /home/carlosfalcone/airflow/dags/multiple_tasks3.py for tasks to queue
[2024-03-23T21:19:30.174-0300] {logging_mixin.py:137} INFO - [2024-03-23T21:19:30.174-0300] {dagbag.py:532} INFO - Filling up the DagBag from /home/carlosfalcone/airflow/dags/multiple_tasks3.py
[2024-03-23T21:19:30.185-0300] {processor.py:753} INFO - DAG(s) dict_keys(['executing_multiple_tasks3']) retrieved from /home/carlosfalcone/airflow/dags/multiple_tasks3.py
[2024-03-23T21:19:30.197-0300] {logging_mixin.py:137} INFO - [2024-03-23T21:19:30.197-0300] {dag.py:2705} INFO - Sync 1 DAGs
[2024-03-23T21:19:30.212-0300] {logging_mixin.py:137} INFO - [2024-03-23T21:19:30.212-0300] {dag.py:3456} INFO - Setting next_dagrun for executing_multiple_tasks3 to 2024-03-24T00:00:00+00:00, run_after=2024-03-25T00:00:00+00:00
[2024-03-23T21:19:30.228-0300] {processor.py:175} INFO - Processing /home/carlosfalcone/airflow/dags/multiple_tasks3.py took 0.056 seconds
[2024-03-23T21:20:00.328-0300] {processor.py:153} INFO - Started process (PID=9733) to work on /home/carlosfalcone/airflow/dags/multiple_tasks3.py
[2024-03-23T21:20:00.329-0300] {processor.py:743} INFO - Processing file /home/carlosfalcone/airflow/dags/multiple_tasks3.py for tasks to queue
[2024-03-23T21:20:00.330-0300] {logging_mixin.py:137} INFO - [2024-03-23T21:20:00.330-0300] {dagbag.py:532} INFO - Filling up the DagBag from /home/carlosfalcone/airflow/dags/multiple_tasks3.py
[2024-03-23T21:20:00.340-0300] {processor.py:753} INFO - DAG(s) dict_keys(['executing_multiple_tasks3']) retrieved from /home/carlosfalcone/airflow/dags/multiple_tasks3.py
[2024-03-23T21:20:00.352-0300] {logging_mixin.py:137} INFO - [2024-03-23T21:20:00.352-0300] {dag.py:2705} INFO - Sync 1 DAGs
[2024-03-23T21:20:00.367-0300] {logging_mixin.py:137} INFO - [2024-03-23T21:20:00.367-0300] {dag.py:3456} INFO - Setting next_dagrun for executing_multiple_tasks3 to 2024-03-24T00:00:00+00:00, run_after=2024-03-25T00:00:00+00:00
[2024-03-23T21:20:00.384-0300] {processor.py:175} INFO - Processing /home/carlosfalcone/airflow/dags/multiple_tasks3.py took 0.057 seconds
[2024-03-23T21:20:31.506-0300] {processor.py:153} INFO - Started process (PID=9788) to work on /home/carlosfalcone/airflow/dags/multiple_tasks3.py
[2024-03-23T21:20:31.506-0300] {processor.py:743} INFO - Processing file /home/carlosfalcone/airflow/dags/multiple_tasks3.py for tasks to queue
[2024-03-23T21:20:31.507-0300] {logging_mixin.py:137} INFO - [2024-03-23T21:20:31.507-0300] {dagbag.py:532} INFO - Filling up the DagBag from /home/carlosfalcone/airflow/dags/multiple_tasks3.py
[2024-03-23T21:20:31.518-0300] {processor.py:753} INFO - DAG(s) dict_keys(['executing_multiple_tasks3']) retrieved from /home/carlosfalcone/airflow/dags/multiple_tasks3.py
[2024-03-23T21:20:31.530-0300] {logging_mixin.py:137} INFO - [2024-03-23T21:20:31.530-0300] {dag.py:2705} INFO - Sync 1 DAGs
[2024-03-23T21:20:31.545-0300] {logging_mixin.py:137} INFO - [2024-03-23T21:20:31.545-0300] {dag.py:3456} INFO - Setting next_dagrun for executing_multiple_tasks3 to 2024-03-24T00:00:00+00:00, run_after=2024-03-25T00:00:00+00:00
[2024-03-23T21:20:31.562-0300] {processor.py:175} INFO - Processing /home/carlosfalcone/airflow/dags/multiple_tasks3.py took 0.058 seconds
[2024-03-23T21:21:01.788-0300] {processor.py:153} INFO - Started process (PID=9843) to work on /home/carlosfalcone/airflow/dags/multiple_tasks3.py
[2024-03-23T21:21:01.789-0300] {processor.py:743} INFO - Processing file /home/carlosfalcone/airflow/dags/multiple_tasks3.py for tasks to queue
[2024-03-23T21:21:01.789-0300] {logging_mixin.py:137} INFO - [2024-03-23T21:21:01.789-0300] {dagbag.py:532} INFO - Filling up the DagBag from /home/carlosfalcone/airflow/dags/multiple_tasks3.py
[2024-03-23T21:21:01.800-0300] {processor.py:753} INFO - DAG(s) dict_keys(['executing_multiple_tasks3']) retrieved from /home/carlosfalcone/airflow/dags/multiple_tasks3.py
[2024-03-23T21:21:01.812-0300] {logging_mixin.py:137} INFO - [2024-03-23T21:21:01.812-0300] {dag.py:2705} INFO - Sync 1 DAGs
[2024-03-23T21:21:01.827-0300] {logging_mixin.py:137} INFO - [2024-03-23T21:21:01.827-0300] {dag.py:3456} INFO - Setting next_dagrun for executing_multiple_tasks3 to 2024-03-24T00:00:00+00:00, run_after=2024-03-25T00:00:00+00:00
[2024-03-23T21:21:01.843-0300] {processor.py:175} INFO - Processing /home/carlosfalcone/airflow/dags/multiple_tasks3.py took 0.057 seconds
[2024-03-23T21:21:31.970-0300] {processor.py:153} INFO - Started process (PID=9898) to work on /home/carlosfalcone/airflow/dags/multiple_tasks3.py
[2024-03-23T21:21:31.970-0300] {processor.py:743} INFO - Processing file /home/carlosfalcone/airflow/dags/multiple_tasks3.py for tasks to queue
[2024-03-23T21:21:31.971-0300] {logging_mixin.py:137} INFO - [2024-03-23T21:21:31.971-0300] {dagbag.py:532} INFO - Filling up the DagBag from /home/carlosfalcone/airflow/dags/multiple_tasks3.py
[2024-03-23T21:21:31.981-0300] {processor.py:753} INFO - DAG(s) dict_keys(['executing_multiple_tasks3']) retrieved from /home/carlosfalcone/airflow/dags/multiple_tasks3.py
[2024-03-23T21:21:31.993-0300] {logging_mixin.py:137} INFO - [2024-03-23T21:21:31.993-0300] {dag.py:2705} INFO - Sync 1 DAGs
[2024-03-23T21:21:32.008-0300] {logging_mixin.py:137} INFO - [2024-03-23T21:21:32.008-0300] {dag.py:3456} INFO - Setting next_dagrun for executing_multiple_tasks3 to 2024-03-24T00:00:00+00:00, run_after=2024-03-25T00:00:00+00:00
[2024-03-23T21:21:32.025-0300] {processor.py:175} INFO - Processing /home/carlosfalcone/airflow/dags/multiple_tasks3.py took 0.056 seconds
[2024-03-23T21:22:02.213-0300] {processor.py:153} INFO - Started process (PID=9953) to work on /home/carlosfalcone/airflow/dags/multiple_tasks3.py
[2024-03-23T21:22:02.214-0300] {processor.py:743} INFO - Processing file /home/carlosfalcone/airflow/dags/multiple_tasks3.py for tasks to queue
[2024-03-23T21:22:02.215-0300] {logging_mixin.py:137} INFO - [2024-03-23T21:22:02.215-0300] {dagbag.py:532} INFO - Filling up the DagBag from /home/carlosfalcone/airflow/dags/multiple_tasks3.py
[2024-03-23T21:22:02.225-0300] {processor.py:753} INFO - DAG(s) dict_keys(['executing_multiple_tasks3']) retrieved from /home/carlosfalcone/airflow/dags/multiple_tasks3.py
[2024-03-23T21:22:02.237-0300] {logging_mixin.py:137} INFO - [2024-03-23T21:22:02.237-0300] {dag.py:2705} INFO - Sync 1 DAGs
[2024-03-23T21:22:02.253-0300] {logging_mixin.py:137} INFO - [2024-03-23T21:22:02.253-0300] {dag.py:3456} INFO - Setting next_dagrun for executing_multiple_tasks3 to 2024-03-24T00:00:00+00:00, run_after=2024-03-25T00:00:00+00:00
[2024-03-23T21:22:02.268-0300] {processor.py:175} INFO - Processing /home/carlosfalcone/airflow/dags/multiple_tasks3.py took 0.056 seconds
[2024-03-23T21:22:32.481-0300] {processor.py:153} INFO - Started process (PID=10008) to work on /home/carlosfalcone/airflow/dags/multiple_tasks3.py
[2024-03-23T21:22:32.481-0300] {processor.py:743} INFO - Processing file /home/carlosfalcone/airflow/dags/multiple_tasks3.py for tasks to queue
[2024-03-23T21:22:32.482-0300] {logging_mixin.py:137} INFO - [2024-03-23T21:22:32.482-0300] {dagbag.py:532} INFO - Filling up the DagBag from /home/carlosfalcone/airflow/dags/multiple_tasks3.py
[2024-03-23T21:22:32.492-0300] {processor.py:753} INFO - DAG(s) dict_keys(['executing_multiple_tasks3']) retrieved from /home/carlosfalcone/airflow/dags/multiple_tasks3.py
[2024-03-23T21:22:32.504-0300] {logging_mixin.py:137} INFO - [2024-03-23T21:22:32.504-0300] {dag.py:2705} INFO - Sync 1 DAGs
[2024-03-23T21:22:32.519-0300] {logging_mixin.py:137} INFO - [2024-03-23T21:22:32.519-0300] {dag.py:3456} INFO - Setting next_dagrun for executing_multiple_tasks3 to 2024-03-24T00:00:00+00:00, run_after=2024-03-25T00:00:00+00:00
[2024-03-23T21:22:32.535-0300] {processor.py:175} INFO - Processing /home/carlosfalcone/airflow/dags/multiple_tasks3.py took 0.056 seconds
