[2024-03-23T21:00:46.484-0300] {processor.py:153} INFO - Started process (PID=7622) to work on /home/carlosfalcone/airflow/dags/python_operators.py
[2024-03-23T21:00:46.485-0300] {processor.py:743} INFO - Processing file /home/carlosfalcone/airflow/dags/python_operators.py for tasks to queue
[2024-03-23T21:00:46.485-0300] {logging_mixin.py:137} INFO - [2024-03-23T21:00:46.485-0300] {dagbag.py:532} INFO - Filling up the DagBag from /home/carlosfalcone/airflow/dags/python_operators.py
[2024-03-23T21:00:46.494-0300] {processor.py:753} INFO - DAG(s) dict_keys(['execute_python_operators']) retrieved from /home/carlosfalcone/airflow/dags/python_operators.py
[2024-03-23T21:00:46.529-0300] {logging_mixin.py:137} INFO - [2024-03-23T21:00:46.529-0300] {dag.py:2705} INFO - Sync 1 DAGs
[2024-03-23T21:00:46.543-0300] {logging_mixin.py:137} INFO - [2024-03-23T21:00:46.543-0300] {dag.py:3456} INFO - Setting next_dagrun for execute_python_operators to 2024-03-24T00:00:00+00:00, run_after=2024-03-25T00:00:00+00:00
[2024-03-23T21:00:46.561-0300] {processor.py:175} INFO - Processing /home/carlosfalcone/airflow/dags/python_operators.py took 0.079 seconds
[2024-03-23T21:01:18.034-0300] {processor.py:153} INFO - Started process (PID=7680) to work on /home/carlosfalcone/airflow/dags/python_operators.py
[2024-03-23T21:01:18.035-0300] {processor.py:743} INFO - Processing file /home/carlosfalcone/airflow/dags/python_operators.py for tasks to queue
[2024-03-23T21:01:18.035-0300] {logging_mixin.py:137} INFO - [2024-03-23T21:01:18.035-0300] {dagbag.py:532} INFO - Filling up the DagBag from /home/carlosfalcone/airflow/dags/python_operators.py
[2024-03-23T21:01:18.045-0300] {processor.py:753} INFO - DAG(s) dict_keys(['execute_python_operators']) retrieved from /home/carlosfalcone/airflow/dags/python_operators.py
[2024-03-23T21:01:18.056-0300] {logging_mixin.py:137} INFO - [2024-03-23T21:01:18.056-0300] {dag.py:2705} INFO - Sync 1 DAGs
[2024-03-23T21:01:18.072-0300] {logging_mixin.py:137} INFO - [2024-03-23T21:01:18.072-0300] {dag.py:3456} INFO - Setting next_dagrun for execute_python_operators to 2024-03-24T00:00:00+00:00, run_after=2024-03-25T00:00:00+00:00
[2024-03-23T21:01:18.089-0300] {processor.py:175} INFO - Processing /home/carlosfalcone/airflow/dags/python_operators.py took 0.057 seconds
[2024-03-23T21:01:48.718-0300] {processor.py:153} INFO - Started process (PID=7751) to work on /home/carlosfalcone/airflow/dags/python_operators.py
[2024-03-23T21:01:48.719-0300] {processor.py:743} INFO - Processing file /home/carlosfalcone/airflow/dags/python_operators.py for tasks to queue
[2024-03-23T21:01:48.719-0300] {logging_mixin.py:137} INFO - [2024-03-23T21:01:48.719-0300] {dagbag.py:532} INFO - Filling up the DagBag from /home/carlosfalcone/airflow/dags/python_operators.py
[2024-03-23T21:01:48.729-0300] {processor.py:753} INFO - DAG(s) dict_keys(['execute_python_operators']) retrieved from /home/carlosfalcone/airflow/dags/python_operators.py
[2024-03-23T21:01:48.740-0300] {logging_mixin.py:137} INFO - [2024-03-23T21:01:48.740-0300] {dag.py:2705} INFO - Sync 1 DAGs
[2024-03-23T21:01:48.758-0300] {logging_mixin.py:137} INFO - [2024-03-23T21:01:48.758-0300] {dag.py:3456} INFO - Setting next_dagrun for execute_python_operators to 2024-03-24T00:00:00+00:00, run_after=2024-03-25T00:00:00+00:00
[2024-03-23T21:01:48.775-0300] {processor.py:175} INFO - Processing /home/carlosfalcone/airflow/dags/python_operators.py took 0.059 seconds
[2024-03-23T21:02:19.129-0300] {processor.py:153} INFO - Started process (PID=7806) to work on /home/carlosfalcone/airflow/dags/python_operators.py
[2024-03-23T21:02:19.130-0300] {processor.py:743} INFO - Processing file /home/carlosfalcone/airflow/dags/python_operators.py for tasks to queue
[2024-03-23T21:02:19.130-0300] {logging_mixin.py:137} INFO - [2024-03-23T21:02:19.130-0300] {dagbag.py:532} INFO - Filling up the DagBag from /home/carlosfalcone/airflow/dags/python_operators.py
[2024-03-23T21:02:19.139-0300] {processor.py:753} INFO - DAG(s) dict_keys(['execute_python_operators']) retrieved from /home/carlosfalcone/airflow/dags/python_operators.py
[2024-03-23T21:02:19.149-0300] {logging_mixin.py:137} INFO - [2024-03-23T21:02:19.149-0300] {dag.py:2705} INFO - Sync 1 DAGs
[2024-03-23T21:02:19.165-0300] {logging_mixin.py:137} INFO - [2024-03-23T21:02:19.165-0300] {dag.py:3456} INFO - Setting next_dagrun for execute_python_operators to 2024-03-24T00:00:00+00:00, run_after=2024-03-25T00:00:00+00:00
[2024-03-23T21:02:19.181-0300] {processor.py:175} INFO - Processing /home/carlosfalcone/airflow/dags/python_operators.py took 0.054 seconds
[2024-03-23T21:02:49.535-0300] {processor.py:153} INFO - Started process (PID=7861) to work on /home/carlosfalcone/airflow/dags/python_operators.py
[2024-03-23T21:02:49.537-0300] {processor.py:743} INFO - Processing file /home/carlosfalcone/airflow/dags/python_operators.py for tasks to queue
[2024-03-23T21:02:49.537-0300] {logging_mixin.py:137} INFO - [2024-03-23T21:02:49.537-0300] {dagbag.py:532} INFO - Filling up the DagBag from /home/carlosfalcone/airflow/dags/python_operators.py
[2024-03-23T21:02:49.546-0300] {processor.py:753} INFO - DAG(s) dict_keys(['execute_python_operators']) retrieved from /home/carlosfalcone/airflow/dags/python_operators.py
[2024-03-23T21:02:49.557-0300] {logging_mixin.py:137} INFO - [2024-03-23T21:02:49.557-0300] {dag.py:2705} INFO - Sync 1 DAGs
[2024-03-23T21:02:49.572-0300] {logging_mixin.py:137} INFO - [2024-03-23T21:02:49.572-0300] {dag.py:3456} INFO - Setting next_dagrun for execute_python_operators to 2024-03-24T00:00:00+00:00, run_after=2024-03-25T00:00:00+00:00
[2024-03-23T21:02:49.588-0300] {processor.py:175} INFO - Processing /home/carlosfalcone/airflow/dags/python_operators.py took 0.054 seconds
[2024-03-23T21:03:19.952-0300] {processor.py:153} INFO - Started process (PID=7916) to work on /home/carlosfalcone/airflow/dags/python_operators.py
[2024-03-23T21:03:19.953-0300] {processor.py:743} INFO - Processing file /home/carlosfalcone/airflow/dags/python_operators.py for tasks to queue
[2024-03-23T21:03:19.953-0300] {logging_mixin.py:137} INFO - [2024-03-23T21:03:19.953-0300] {dagbag.py:532} INFO - Filling up the DagBag from /home/carlosfalcone/airflow/dags/python_operators.py
[2024-03-23T21:03:19.962-0300] {processor.py:753} INFO - DAG(s) dict_keys(['execute_python_operators']) retrieved from /home/carlosfalcone/airflow/dags/python_operators.py
[2024-03-23T21:03:19.973-0300] {logging_mixin.py:137} INFO - [2024-03-23T21:03:19.973-0300] {dag.py:2705} INFO - Sync 1 DAGs
[2024-03-23T21:03:19.989-0300] {logging_mixin.py:137} INFO - [2024-03-23T21:03:19.989-0300] {dag.py:3456} INFO - Setting next_dagrun for execute_python_operators to 2024-03-24T00:00:00+00:00, run_after=2024-03-25T00:00:00+00:00
[2024-03-23T21:03:20.006-0300] {processor.py:175} INFO - Processing /home/carlosfalcone/airflow/dags/python_operators.py took 0.055 seconds
[2024-03-23T21:03:50.364-0300] {processor.py:153} INFO - Started process (PID=7971) to work on /home/carlosfalcone/airflow/dags/python_operators.py
[2024-03-23T21:03:50.365-0300] {processor.py:743} INFO - Processing file /home/carlosfalcone/airflow/dags/python_operators.py for tasks to queue
[2024-03-23T21:03:50.366-0300] {logging_mixin.py:137} INFO - [2024-03-23T21:03:50.366-0300] {dagbag.py:532} INFO - Filling up the DagBag from /home/carlosfalcone/airflow/dags/python_operators.py
[2024-03-23T21:03:50.375-0300] {processor.py:753} INFO - DAG(s) dict_keys(['execute_python_operators']) retrieved from /home/carlosfalcone/airflow/dags/python_operators.py
[2024-03-23T21:03:50.385-0300] {logging_mixin.py:137} INFO - [2024-03-23T21:03:50.385-0300] {dag.py:2705} INFO - Sync 1 DAGs
[2024-03-23T21:03:50.401-0300] {logging_mixin.py:137} INFO - [2024-03-23T21:03:50.401-0300] {dag.py:3456} INFO - Setting next_dagrun for execute_python_operators to 2024-03-24T00:00:00+00:00, run_after=2024-03-25T00:00:00+00:00
[2024-03-23T21:03:50.416-0300] {processor.py:175} INFO - Processing /home/carlosfalcone/airflow/dags/python_operators.py took 0.054 seconds
[2024-03-23T21:04:20.702-0300] {processor.py:153} INFO - Started process (PID=8026) to work on /home/carlosfalcone/airflow/dags/python_operators.py
[2024-03-23T21:04:20.702-0300] {processor.py:743} INFO - Processing file /home/carlosfalcone/airflow/dags/python_operators.py for tasks to queue
[2024-03-23T21:04:20.702-0300] {logging_mixin.py:137} INFO - [2024-03-23T21:04:20.702-0300] {dagbag.py:532} INFO - Filling up the DagBag from /home/carlosfalcone/airflow/dags/python_operators.py
[2024-03-23T21:04:20.711-0300] {processor.py:753} INFO - DAG(s) dict_keys(['execute_python_operators']) retrieved from /home/carlosfalcone/airflow/dags/python_operators.py
[2024-03-23T21:04:20.723-0300] {logging_mixin.py:137} INFO - [2024-03-23T21:04:20.723-0300] {dag.py:2705} INFO - Sync 1 DAGs
[2024-03-23T21:04:20.739-0300] {logging_mixin.py:137} INFO - [2024-03-23T21:04:20.739-0300] {dag.py:3456} INFO - Setting next_dagrun for execute_python_operators to 2024-03-24T00:00:00+00:00, run_after=2024-03-25T00:00:00+00:00
[2024-03-23T21:04:20.754-0300] {processor.py:175} INFO - Processing /home/carlosfalcone/airflow/dags/python_operators.py took 0.054 seconds
[2024-03-23T21:04:50.986-0300] {processor.py:153} INFO - Started process (PID=8082) to work on /home/carlosfalcone/airflow/dags/python_operators.py
[2024-03-23T21:04:50.987-0300] {processor.py:743} INFO - Processing file /home/carlosfalcone/airflow/dags/python_operators.py for tasks to queue
[2024-03-23T21:04:50.988-0300] {logging_mixin.py:137} INFO - [2024-03-23T21:04:50.988-0300] {dagbag.py:532} INFO - Filling up the DagBag from /home/carlosfalcone/airflow/dags/python_operators.py
[2024-03-23T21:04:50.997-0300] {processor.py:753} INFO - DAG(s) dict_keys(['execute_python_operators']) retrieved from /home/carlosfalcone/airflow/dags/python_operators.py
[2024-03-23T21:04:51.008-0300] {logging_mixin.py:137} INFO - [2024-03-23T21:04:51.008-0300] {dag.py:2705} INFO - Sync 1 DAGs
[2024-03-23T21:04:51.024-0300] {logging_mixin.py:137} INFO - [2024-03-23T21:04:51.024-0300] {dag.py:3456} INFO - Setting next_dagrun for execute_python_operators to 2024-03-24T00:00:00+00:00, run_after=2024-03-25T00:00:00+00:00
[2024-03-23T21:04:51.040-0300] {processor.py:175} INFO - Processing /home/carlosfalcone/airflow/dags/python_operators.py took 0.055 seconds
[2024-03-23T21:05:21.272-0300] {processor.py:153} INFO - Started process (PID=8137) to work on /home/carlosfalcone/airflow/dags/python_operators.py
[2024-03-23T21:05:21.273-0300] {processor.py:743} INFO - Processing file /home/carlosfalcone/airflow/dags/python_operators.py for tasks to queue
[2024-03-23T21:05:21.273-0300] {logging_mixin.py:137} INFO - [2024-03-23T21:05:21.273-0300] {dagbag.py:532} INFO - Filling up the DagBag from /home/carlosfalcone/airflow/dags/python_operators.py
[2024-03-23T21:05:21.282-0300] {processor.py:753} INFO - DAG(s) dict_keys(['execute_python_operators']) retrieved from /home/carlosfalcone/airflow/dags/python_operators.py
[2024-03-23T21:05:21.293-0300] {logging_mixin.py:137} INFO - [2024-03-23T21:05:21.293-0300] {dag.py:2705} INFO - Sync 1 DAGs
[2024-03-23T21:05:21.309-0300] {logging_mixin.py:137} INFO - [2024-03-23T21:05:21.309-0300] {dag.py:3456} INFO - Setting next_dagrun for execute_python_operators to 2024-03-24T00:00:00+00:00, run_after=2024-03-25T00:00:00+00:00
[2024-03-23T21:05:21.326-0300] {processor.py:175} INFO - Processing /home/carlosfalcone/airflow/dags/python_operators.py took 0.056 seconds
[2024-03-23T21:05:51.557-0300] {processor.py:153} INFO - Started process (PID=8192) to work on /home/carlosfalcone/airflow/dags/python_operators.py
[2024-03-23T21:05:51.558-0300] {processor.py:743} INFO - Processing file /home/carlosfalcone/airflow/dags/python_operators.py for tasks to queue
[2024-03-23T21:05:51.558-0300] {logging_mixin.py:137} INFO - [2024-03-23T21:05:51.558-0300] {dagbag.py:532} INFO - Filling up the DagBag from /home/carlosfalcone/airflow/dags/python_operators.py
[2024-03-23T21:05:51.567-0300] {processor.py:753} INFO - DAG(s) dict_keys(['execute_python_operators']) retrieved from /home/carlosfalcone/airflow/dags/python_operators.py
[2024-03-23T21:05:51.578-0300] {logging_mixin.py:137} INFO - [2024-03-23T21:05:51.578-0300] {dag.py:2705} INFO - Sync 1 DAGs
[2024-03-23T21:05:51.594-0300] {logging_mixin.py:137} INFO - [2024-03-23T21:05:51.594-0300] {dag.py:3456} INFO - Setting next_dagrun for execute_python_operators to 2024-03-24T00:00:00+00:00, run_after=2024-03-25T00:00:00+00:00
[2024-03-23T21:05:51.610-0300] {processor.py:175} INFO - Processing /home/carlosfalcone/airflow/dags/python_operators.py took 0.054 seconds
[2024-03-23T21:06:21.844-0300] {processor.py:153} INFO - Started process (PID=8247) to work on /home/carlosfalcone/airflow/dags/python_operators.py
[2024-03-23T21:06:21.844-0300] {processor.py:743} INFO - Processing file /home/carlosfalcone/airflow/dags/python_operators.py for tasks to queue
[2024-03-23T21:06:21.845-0300] {logging_mixin.py:137} INFO - [2024-03-23T21:06:21.845-0300] {dagbag.py:532} INFO - Filling up the DagBag from /home/carlosfalcone/airflow/dags/python_operators.py
[2024-03-23T21:06:21.854-0300] {processor.py:753} INFO - DAG(s) dict_keys(['execute_python_operators']) retrieved from /home/carlosfalcone/airflow/dags/python_operators.py
[2024-03-23T21:06:21.865-0300] {logging_mixin.py:137} INFO - [2024-03-23T21:06:21.865-0300] {dag.py:2705} INFO - Sync 1 DAGs
[2024-03-23T21:06:21.880-0300] {logging_mixin.py:137} INFO - [2024-03-23T21:06:21.880-0300] {dag.py:3456} INFO - Setting next_dagrun for execute_python_operators to 2024-03-24T00:00:00+00:00, run_after=2024-03-25T00:00:00+00:00
[2024-03-23T21:06:21.897-0300] {processor.py:175} INFO - Processing /home/carlosfalcone/airflow/dags/python_operators.py took 0.054 seconds
[2024-03-23T21:06:52.153-0300] {processor.py:153} INFO - Started process (PID=8302) to work on /home/carlosfalcone/airflow/dags/python_operators.py
[2024-03-23T21:06:52.154-0300] {processor.py:743} INFO - Processing file /home/carlosfalcone/airflow/dags/python_operators.py for tasks to queue
[2024-03-23T21:06:52.154-0300] {logging_mixin.py:137} INFO - [2024-03-23T21:06:52.154-0300] {dagbag.py:532} INFO - Filling up the DagBag from /home/carlosfalcone/airflow/dags/python_operators.py
[2024-03-23T21:06:52.163-0300] {processor.py:753} INFO - DAG(s) dict_keys(['execute_python_operators']) retrieved from /home/carlosfalcone/airflow/dags/python_operators.py
[2024-03-23T21:06:52.174-0300] {logging_mixin.py:137} INFO - [2024-03-23T21:06:52.174-0300] {dag.py:2705} INFO - Sync 1 DAGs
[2024-03-23T21:06:52.191-0300] {logging_mixin.py:137} INFO - [2024-03-23T21:06:52.191-0300] {dag.py:3456} INFO - Setting next_dagrun for execute_python_operators to 2024-03-24T00:00:00+00:00, run_after=2024-03-25T00:00:00+00:00
[2024-03-23T21:06:52.207-0300] {processor.py:175} INFO - Processing /home/carlosfalcone/airflow/dags/python_operators.py took 0.057 seconds
[2024-03-23T21:07:22.467-0300] {processor.py:153} INFO - Started process (PID=8357) to work on /home/carlosfalcone/airflow/dags/python_operators.py
[2024-03-23T21:07:22.468-0300] {processor.py:743} INFO - Processing file /home/carlosfalcone/airflow/dags/python_operators.py for tasks to queue
[2024-03-23T21:07:22.468-0300] {logging_mixin.py:137} INFO - [2024-03-23T21:07:22.468-0300] {dagbag.py:532} INFO - Filling up the DagBag from /home/carlosfalcone/airflow/dags/python_operators.py
[2024-03-23T21:07:22.477-0300] {processor.py:753} INFO - DAG(s) dict_keys(['execute_python_operators']) retrieved from /home/carlosfalcone/airflow/dags/python_operators.py
[2024-03-23T21:07:22.488-0300] {logging_mixin.py:137} INFO - [2024-03-23T21:07:22.487-0300] {dag.py:2705} INFO - Sync 1 DAGs
[2024-03-23T21:07:22.504-0300] {logging_mixin.py:137} INFO - [2024-03-23T21:07:22.504-0300] {dag.py:3456} INFO - Setting next_dagrun for execute_python_operators to 2024-03-24T00:00:00+00:00, run_after=2024-03-25T00:00:00+00:00
[2024-03-23T21:07:22.519-0300] {processor.py:175} INFO - Processing /home/carlosfalcone/airflow/dags/python_operators.py took 0.054 seconds
[2024-03-23T21:07:52.777-0300] {processor.py:153} INFO - Started process (PID=8412) to work on /home/carlosfalcone/airflow/dags/python_operators.py
[2024-03-23T21:07:52.778-0300] {processor.py:743} INFO - Processing file /home/carlosfalcone/airflow/dags/python_operators.py for tasks to queue
[2024-03-23T21:07:52.779-0300] {logging_mixin.py:137} INFO - [2024-03-23T21:07:52.779-0300] {dagbag.py:532} INFO - Filling up the DagBag from /home/carlosfalcone/airflow/dags/python_operators.py
[2024-03-23T21:07:52.788-0300] {processor.py:753} INFO - DAG(s) dict_keys(['execute_python_operators']) retrieved from /home/carlosfalcone/airflow/dags/python_operators.py
[2024-03-23T21:07:52.798-0300] {logging_mixin.py:137} INFO - [2024-03-23T21:07:52.798-0300] {dag.py:2705} INFO - Sync 1 DAGs
[2024-03-23T21:07:52.814-0300] {logging_mixin.py:137} INFO - [2024-03-23T21:07:52.814-0300] {dag.py:3456} INFO - Setting next_dagrun for execute_python_operators to 2024-03-24T00:00:00+00:00, run_after=2024-03-25T00:00:00+00:00
[2024-03-23T21:07:52.831-0300] {processor.py:175} INFO - Processing /home/carlosfalcone/airflow/dags/python_operators.py took 0.055 seconds
[2024-03-23T21:08:22.947-0300] {processor.py:153} INFO - Started process (PID=8467) to work on /home/carlosfalcone/airflow/dags/python_operators.py
[2024-03-23T21:08:22.947-0300] {processor.py:743} INFO - Processing file /home/carlosfalcone/airflow/dags/python_operators.py for tasks to queue
[2024-03-23T21:08:22.948-0300] {logging_mixin.py:137} INFO - [2024-03-23T21:08:22.948-0300] {dagbag.py:532} INFO - Filling up the DagBag from /home/carlosfalcone/airflow/dags/python_operators.py
[2024-03-23T21:08:22.957-0300] {processor.py:753} INFO - DAG(s) dict_keys(['execute_python_operators']) retrieved from /home/carlosfalcone/airflow/dags/python_operators.py
[2024-03-23T21:08:22.968-0300] {logging_mixin.py:137} INFO - [2024-03-23T21:08:22.967-0300] {dag.py:2705} INFO - Sync 1 DAGs
[2024-03-23T21:08:22.983-0300] {logging_mixin.py:137} INFO - [2024-03-23T21:08:22.983-0300] {dag.py:3456} INFO - Setting next_dagrun for execute_python_operators to 2024-03-24T00:00:00+00:00, run_after=2024-03-25T00:00:00+00:00
[2024-03-23T21:08:22.999-0300] {processor.py:175} INFO - Processing /home/carlosfalcone/airflow/dags/python_operators.py took 0.054 seconds
[2024-03-23T21:08:53.129-0300] {processor.py:153} INFO - Started process (PID=8522) to work on /home/carlosfalcone/airflow/dags/python_operators.py
[2024-03-23T21:08:53.130-0300] {processor.py:743} INFO - Processing file /home/carlosfalcone/airflow/dags/python_operators.py for tasks to queue
[2024-03-23T21:08:53.130-0300] {logging_mixin.py:137} INFO - [2024-03-23T21:08:53.130-0300] {dagbag.py:532} INFO - Filling up the DagBag from /home/carlosfalcone/airflow/dags/python_operators.py
[2024-03-23T21:08:53.139-0300] {processor.py:753} INFO - DAG(s) dict_keys(['execute_python_operators']) retrieved from /home/carlosfalcone/airflow/dags/python_operators.py
[2024-03-23T21:08:53.150-0300] {logging_mixin.py:137} INFO - [2024-03-23T21:08:53.150-0300] {dag.py:2705} INFO - Sync 1 DAGs
[2024-03-23T21:08:53.166-0300] {logging_mixin.py:137} INFO - [2024-03-23T21:08:53.166-0300] {dag.py:3456} INFO - Setting next_dagrun for execute_python_operators to 2024-03-24T00:00:00+00:00, run_after=2024-03-25T00:00:00+00:00
[2024-03-23T21:08:53.182-0300] {processor.py:175} INFO - Processing /home/carlosfalcone/airflow/dags/python_operators.py took 0.055 seconds
[2024-03-23T21:09:23.312-0300] {processor.py:153} INFO - Started process (PID=8577) to work on /home/carlosfalcone/airflow/dags/python_operators.py
[2024-03-23T21:09:23.313-0300] {processor.py:743} INFO - Processing file /home/carlosfalcone/airflow/dags/python_operators.py for tasks to queue
[2024-03-23T21:09:23.313-0300] {logging_mixin.py:137} INFO - [2024-03-23T21:09:23.313-0300] {dagbag.py:532} INFO - Filling up the DagBag from /home/carlosfalcone/airflow/dags/python_operators.py
[2024-03-23T21:09:23.322-0300] {processor.py:753} INFO - DAG(s) dict_keys(['execute_python_operators']) retrieved from /home/carlosfalcone/airflow/dags/python_operators.py
[2024-03-23T21:09:23.333-0300] {logging_mixin.py:137} INFO - [2024-03-23T21:09:23.333-0300] {dag.py:2705} INFO - Sync 1 DAGs
[2024-03-23T21:09:23.348-0300] {logging_mixin.py:137} INFO - [2024-03-23T21:09:23.348-0300] {dag.py:3456} INFO - Setting next_dagrun for execute_python_operators to 2024-03-24T00:00:00+00:00, run_after=2024-03-25T00:00:00+00:00
[2024-03-23T21:09:23.363-0300] {processor.py:175} INFO - Processing /home/carlosfalcone/airflow/dags/python_operators.py took 0.053 seconds
[2024-03-23T21:09:53.493-0300] {processor.py:153} INFO - Started process (PID=8632) to work on /home/carlosfalcone/airflow/dags/python_operators.py
[2024-03-23T21:09:53.494-0300] {processor.py:743} INFO - Processing file /home/carlosfalcone/airflow/dags/python_operators.py for tasks to queue
[2024-03-23T21:09:53.495-0300] {logging_mixin.py:137} INFO - [2024-03-23T21:09:53.495-0300] {dagbag.py:532} INFO - Filling up the DagBag from /home/carlosfalcone/airflow/dags/python_operators.py
[2024-03-23T21:09:53.504-0300] {processor.py:753} INFO - DAG(s) dict_keys(['execute_python_operators']) retrieved from /home/carlosfalcone/airflow/dags/python_operators.py
[2024-03-23T21:09:53.514-0300] {logging_mixin.py:137} INFO - [2024-03-23T21:09:53.514-0300] {dag.py:2705} INFO - Sync 1 DAGs
[2024-03-23T21:09:53.530-0300] {logging_mixin.py:137} INFO - [2024-03-23T21:09:53.530-0300] {dag.py:3456} INFO - Setting next_dagrun for execute_python_operators to 2024-03-24T00:00:00+00:00, run_after=2024-03-25T00:00:00+00:00
[2024-03-23T21:09:53.551-0300] {processor.py:175} INFO - Processing /home/carlosfalcone/airflow/dags/python_operators.py took 0.059 seconds
[2024-03-23T21:10:23.675-0300] {processor.py:153} INFO - Started process (PID=8687) to work on /home/carlosfalcone/airflow/dags/python_operators.py
[2024-03-23T21:10:23.676-0300] {processor.py:743} INFO - Processing file /home/carlosfalcone/airflow/dags/python_operators.py for tasks to queue
[2024-03-23T21:10:23.676-0300] {logging_mixin.py:137} INFO - [2024-03-23T21:10:23.676-0300] {dagbag.py:532} INFO - Filling up the DagBag from /home/carlosfalcone/airflow/dags/python_operators.py
[2024-03-23T21:10:23.686-0300] {processor.py:753} INFO - DAG(s) dict_keys(['execute_python_operators']) retrieved from /home/carlosfalcone/airflow/dags/python_operators.py
[2024-03-23T21:10:23.698-0300] {logging_mixin.py:137} INFO - [2024-03-23T21:10:23.698-0300] {dag.py:2705} INFO - Sync 1 DAGs
[2024-03-23T21:10:23.714-0300] {logging_mixin.py:137} INFO - [2024-03-23T21:10:23.714-0300] {dag.py:3456} INFO - Setting next_dagrun for execute_python_operators to 2024-03-24T00:00:00+00:00, run_after=2024-03-25T00:00:00+00:00
[2024-03-23T21:10:23.730-0300] {processor.py:175} INFO - Processing /home/carlosfalcone/airflow/dags/python_operators.py took 0.056 seconds
[2024-03-23T21:10:54.988-0300] {processor.py:153} INFO - Started process (PID=8742) to work on /home/carlosfalcone/airflow/dags/python_operators.py
[2024-03-23T21:10:54.989-0300] {processor.py:743} INFO - Processing file /home/carlosfalcone/airflow/dags/python_operators.py for tasks to queue
[2024-03-23T21:10:54.989-0300] {logging_mixin.py:137} INFO - [2024-03-23T21:10:54.989-0300] {dagbag.py:532} INFO - Filling up the DagBag from /home/carlosfalcone/airflow/dags/python_operators.py
[2024-03-23T21:10:54.998-0300] {processor.py:753} INFO - DAG(s) dict_keys(['execute_python_operators']) retrieved from /home/carlosfalcone/airflow/dags/python_operators.py
[2024-03-23T21:10:55.009-0300] {logging_mixin.py:137} INFO - [2024-03-23T21:10:55.009-0300] {dag.py:2705} INFO - Sync 1 DAGs
[2024-03-23T21:10:55.026-0300] {logging_mixin.py:137} INFO - [2024-03-23T21:10:55.025-0300] {dag.py:3456} INFO - Setting next_dagrun for execute_python_operators to 2024-03-24T00:00:00+00:00, run_after=2024-03-25T00:00:00+00:00
[2024-03-23T21:10:55.041-0300] {processor.py:175} INFO - Processing /home/carlosfalcone/airflow/dags/python_operators.py took 0.055 seconds
[2024-03-23T21:11:25.266-0300] {processor.py:153} INFO - Started process (PID=8797) to work on /home/carlosfalcone/airflow/dags/python_operators.py
[2024-03-23T21:11:25.267-0300] {processor.py:743} INFO - Processing file /home/carlosfalcone/airflow/dags/python_operators.py for tasks to queue
[2024-03-23T21:11:25.267-0300] {logging_mixin.py:137} INFO - [2024-03-23T21:11:25.267-0300] {dagbag.py:532} INFO - Filling up the DagBag from /home/carlosfalcone/airflow/dags/python_operators.py
[2024-03-23T21:11:25.276-0300] {processor.py:753} INFO - DAG(s) dict_keys(['execute_python_operators']) retrieved from /home/carlosfalcone/airflow/dags/python_operators.py
[2024-03-23T21:11:25.287-0300] {logging_mixin.py:137} INFO - [2024-03-23T21:11:25.287-0300] {dag.py:2705} INFO - Sync 1 DAGs
[2024-03-23T21:11:25.303-0300] {logging_mixin.py:137} INFO - [2024-03-23T21:11:25.303-0300] {dag.py:3456} INFO - Setting next_dagrun for execute_python_operators to 2024-03-24T00:00:00+00:00, run_after=2024-03-25T00:00:00+00:00
[2024-03-23T21:11:25.319-0300] {processor.py:175} INFO - Processing /home/carlosfalcone/airflow/dags/python_operators.py took 0.054 seconds
[2024-03-23T21:11:55.551-0300] {processor.py:153} INFO - Started process (PID=8852) to work on /home/carlosfalcone/airflow/dags/python_operators.py
[2024-03-23T21:11:55.552-0300] {processor.py:743} INFO - Processing file /home/carlosfalcone/airflow/dags/python_operators.py for tasks to queue
[2024-03-23T21:11:55.553-0300] {logging_mixin.py:137} INFO - [2024-03-23T21:11:55.552-0300] {dagbag.py:532} INFO - Filling up the DagBag from /home/carlosfalcone/airflow/dags/python_operators.py
[2024-03-23T21:11:55.561-0300] {processor.py:753} INFO - DAG(s) dict_keys(['execute_python_operators']) retrieved from /home/carlosfalcone/airflow/dags/python_operators.py
[2024-03-23T21:11:55.573-0300] {logging_mixin.py:137} INFO - [2024-03-23T21:11:55.572-0300] {dag.py:2705} INFO - Sync 1 DAGs
[2024-03-23T21:11:55.588-0300] {logging_mixin.py:137} INFO - [2024-03-23T21:11:55.588-0300] {dag.py:3456} INFO - Setting next_dagrun for execute_python_operators to 2024-03-24T00:00:00+00:00, run_after=2024-03-25T00:00:00+00:00
[2024-03-23T21:11:55.603-0300] {processor.py:175} INFO - Processing /home/carlosfalcone/airflow/dags/python_operators.py took 0.054 seconds
[2024-03-23T21:12:25.836-0300] {processor.py:153} INFO - Started process (PID=8907) to work on /home/carlosfalcone/airflow/dags/python_operators.py
[2024-03-23T21:12:25.837-0300] {processor.py:743} INFO - Processing file /home/carlosfalcone/airflow/dags/python_operators.py for tasks to queue
[2024-03-23T21:12:25.837-0300] {logging_mixin.py:137} INFO - [2024-03-23T21:12:25.837-0300] {dagbag.py:532} INFO - Filling up the DagBag from /home/carlosfalcone/airflow/dags/python_operators.py
[2024-03-23T21:12:25.846-0300] {processor.py:753} INFO - DAG(s) dict_keys(['execute_python_operators']) retrieved from /home/carlosfalcone/airflow/dags/python_operators.py
[2024-03-23T21:12:25.857-0300] {logging_mixin.py:137} INFO - [2024-03-23T21:12:25.857-0300] {dag.py:2705} INFO - Sync 1 DAGs
[2024-03-23T21:12:25.873-0300] {logging_mixin.py:137} INFO - [2024-03-23T21:12:25.873-0300] {dag.py:3456} INFO - Setting next_dagrun for execute_python_operators to 2024-03-24T00:00:00+00:00, run_after=2024-03-25T00:00:00+00:00
[2024-03-23T21:12:25.888-0300] {processor.py:175} INFO - Processing /home/carlosfalcone/airflow/dags/python_operators.py took 0.054 seconds
[2024-03-23T21:12:56.120-0300] {processor.py:153} INFO - Started process (PID=8962) to work on /home/carlosfalcone/airflow/dags/python_operators.py
[2024-03-23T21:12:56.121-0300] {processor.py:743} INFO - Processing file /home/carlosfalcone/airflow/dags/python_operators.py for tasks to queue
[2024-03-23T21:12:56.122-0300] {logging_mixin.py:137} INFO - [2024-03-23T21:12:56.122-0300] {dagbag.py:532} INFO - Filling up the DagBag from /home/carlosfalcone/airflow/dags/python_operators.py
[2024-03-23T21:12:56.131-0300] {processor.py:753} INFO - DAG(s) dict_keys(['execute_python_operators']) retrieved from /home/carlosfalcone/airflow/dags/python_operators.py
[2024-03-23T21:12:56.142-0300] {logging_mixin.py:137} INFO - [2024-03-23T21:12:56.141-0300] {dag.py:2705} INFO - Sync 1 DAGs
[2024-03-23T21:12:56.158-0300] {logging_mixin.py:137} INFO - [2024-03-23T21:12:56.158-0300] {dag.py:3456} INFO - Setting next_dagrun for execute_python_operators to 2024-03-24T00:00:00+00:00, run_after=2024-03-25T00:00:00+00:00
[2024-03-23T21:12:56.175-0300] {processor.py:175} INFO - Processing /home/carlosfalcone/airflow/dags/python_operators.py took 0.056 seconds
[2024-03-23T21:13:26.405-0300] {processor.py:153} INFO - Started process (PID=9017) to work on /home/carlosfalcone/airflow/dags/python_operators.py
[2024-03-23T21:13:26.406-0300] {processor.py:743} INFO - Processing file /home/carlosfalcone/airflow/dags/python_operators.py for tasks to queue
[2024-03-23T21:13:26.406-0300] {logging_mixin.py:137} INFO - [2024-03-23T21:13:26.406-0300] {dagbag.py:532} INFO - Filling up the DagBag from /home/carlosfalcone/airflow/dags/python_operators.py
[2024-03-23T21:13:26.415-0300] {processor.py:753} INFO - DAG(s) dict_keys(['execute_python_operators']) retrieved from /home/carlosfalcone/airflow/dags/python_operators.py
[2024-03-23T21:13:26.426-0300] {logging_mixin.py:137} INFO - [2024-03-23T21:13:26.426-0300] {dag.py:2705} INFO - Sync 1 DAGs
[2024-03-23T21:13:26.442-0300] {logging_mixin.py:137} INFO - [2024-03-23T21:13:26.442-0300] {dag.py:3456} INFO - Setting next_dagrun for execute_python_operators to 2024-03-24T00:00:00+00:00, run_after=2024-03-25T00:00:00+00:00
[2024-03-23T21:13:26.457-0300] {processor.py:175} INFO - Processing /home/carlosfalcone/airflow/dags/python_operators.py took 0.054 seconds
[2024-03-23T21:13:56.689-0300] {processor.py:153} INFO - Started process (PID=9072) to work on /home/carlosfalcone/airflow/dags/python_operators.py
[2024-03-23T21:13:56.690-0300] {processor.py:743} INFO - Processing file /home/carlosfalcone/airflow/dags/python_operators.py for tasks to queue
[2024-03-23T21:13:56.690-0300] {logging_mixin.py:137} INFO - [2024-03-23T21:13:56.690-0300] {dagbag.py:532} INFO - Filling up the DagBag from /home/carlosfalcone/airflow/dags/python_operators.py
[2024-03-23T21:13:56.699-0300] {processor.py:753} INFO - DAG(s) dict_keys(['execute_python_operators']) retrieved from /home/carlosfalcone/airflow/dags/python_operators.py
[2024-03-23T21:13:56.710-0300] {logging_mixin.py:137} INFO - [2024-03-23T21:13:56.710-0300] {dag.py:2705} INFO - Sync 1 DAGs
[2024-03-23T21:13:56.726-0300] {logging_mixin.py:137} INFO - [2024-03-23T21:13:56.726-0300] {dag.py:3456} INFO - Setting next_dagrun for execute_python_operators to 2024-03-24T00:00:00+00:00, run_after=2024-03-25T00:00:00+00:00
[2024-03-23T21:13:56.743-0300] {processor.py:175} INFO - Processing /home/carlosfalcone/airflow/dags/python_operators.py took 0.056 seconds
[2024-03-23T21:14:26.973-0300] {processor.py:153} INFO - Started process (PID=9127) to work on /home/carlosfalcone/airflow/dags/python_operators.py
[2024-03-23T21:14:26.974-0300] {processor.py:743} INFO - Processing file /home/carlosfalcone/airflow/dags/python_operators.py for tasks to queue
[2024-03-23T21:14:26.975-0300] {logging_mixin.py:137} INFO - [2024-03-23T21:14:26.975-0300] {dagbag.py:532} INFO - Filling up the DagBag from /home/carlosfalcone/airflow/dags/python_operators.py
[2024-03-23T21:14:26.984-0300] {processor.py:753} INFO - DAG(s) dict_keys(['execute_python_operators']) retrieved from /home/carlosfalcone/airflow/dags/python_operators.py
[2024-03-23T21:14:26.995-0300] {logging_mixin.py:137} INFO - [2024-03-23T21:14:26.995-0300] {dag.py:2705} INFO - Sync 1 DAGs
[2024-03-23T21:14:27.011-0300] {logging_mixin.py:137} INFO - [2024-03-23T21:14:27.011-0300] {dag.py:3456} INFO - Setting next_dagrun for execute_python_operators to 2024-03-24T00:00:00+00:00, run_after=2024-03-25T00:00:00+00:00
[2024-03-23T21:14:27.029-0300] {processor.py:175} INFO - Processing /home/carlosfalcone/airflow/dags/python_operators.py took 0.057 seconds
[2024-03-23T21:14:57.256-0300] {processor.py:153} INFO - Started process (PID=9182) to work on /home/carlosfalcone/airflow/dags/python_operators.py
[2024-03-23T21:14:57.258-0300] {processor.py:743} INFO - Processing file /home/carlosfalcone/airflow/dags/python_operators.py for tasks to queue
[2024-03-23T21:14:57.258-0300] {logging_mixin.py:137} INFO - [2024-03-23T21:14:57.258-0300] {dagbag.py:532} INFO - Filling up the DagBag from /home/carlosfalcone/airflow/dags/python_operators.py
[2024-03-23T21:14:57.267-0300] {processor.py:753} INFO - DAG(s) dict_keys(['execute_python_operators']) retrieved from /home/carlosfalcone/airflow/dags/python_operators.py
[2024-03-23T21:14:57.278-0300] {logging_mixin.py:137} INFO - [2024-03-23T21:14:57.278-0300] {dag.py:2705} INFO - Sync 1 DAGs
[2024-03-23T21:14:57.294-0300] {logging_mixin.py:137} INFO - [2024-03-23T21:14:57.294-0300] {dag.py:3456} INFO - Setting next_dagrun for execute_python_operators to 2024-03-24T00:00:00+00:00, run_after=2024-03-25T00:00:00+00:00
[2024-03-23T21:14:57.310-0300] {processor.py:175} INFO - Processing /home/carlosfalcone/airflow/dags/python_operators.py took 0.055 seconds
[2024-03-23T21:15:27.541-0300] {processor.py:153} INFO - Started process (PID=9237) to work on /home/carlosfalcone/airflow/dags/python_operators.py
[2024-03-23T21:15:27.542-0300] {processor.py:743} INFO - Processing file /home/carlosfalcone/airflow/dags/python_operators.py for tasks to queue
[2024-03-23T21:15:27.542-0300] {logging_mixin.py:137} INFO - [2024-03-23T21:15:27.542-0300] {dagbag.py:532} INFO - Filling up the DagBag from /home/carlosfalcone/airflow/dags/python_operators.py
[2024-03-23T21:15:27.551-0300] {processor.py:753} INFO - DAG(s) dict_keys(['execute_python_operators']) retrieved from /home/carlosfalcone/airflow/dags/python_operators.py
[2024-03-23T21:15:27.562-0300] {logging_mixin.py:137} INFO - [2024-03-23T21:15:27.562-0300] {dag.py:2705} INFO - Sync 1 DAGs
[2024-03-23T21:15:27.578-0300] {logging_mixin.py:137} INFO - [2024-03-23T21:15:27.578-0300] {dag.py:3456} INFO - Setting next_dagrun for execute_python_operators to 2024-03-24T00:00:00+00:00, run_after=2024-03-25T00:00:00+00:00
[2024-03-23T21:15:27.594-0300] {processor.py:175} INFO - Processing /home/carlosfalcone/airflow/dags/python_operators.py took 0.055 seconds
[2024-03-23T21:15:57.825-0300] {processor.py:153} INFO - Started process (PID=9292) to work on /home/carlosfalcone/airflow/dags/python_operators.py
[2024-03-23T21:15:57.826-0300] {processor.py:743} INFO - Processing file /home/carlosfalcone/airflow/dags/python_operators.py for tasks to queue
[2024-03-23T21:15:57.826-0300] {logging_mixin.py:137} INFO - [2024-03-23T21:15:57.826-0300] {dagbag.py:532} INFO - Filling up the DagBag from /home/carlosfalcone/airflow/dags/python_operators.py
[2024-03-23T21:15:57.835-0300] {processor.py:753} INFO - DAG(s) dict_keys(['execute_python_operators']) retrieved from /home/carlosfalcone/airflow/dags/python_operators.py
[2024-03-23T21:15:57.846-0300] {logging_mixin.py:137} INFO - [2024-03-23T21:15:57.846-0300] {dag.py:2705} INFO - Sync 1 DAGs
[2024-03-23T21:15:57.862-0300] {logging_mixin.py:137} INFO - [2024-03-23T21:15:57.862-0300] {dag.py:3456} INFO - Setting next_dagrun for execute_python_operators to 2024-03-24T00:00:00+00:00, run_after=2024-03-25T00:00:00+00:00
[2024-03-23T21:15:57.877-0300] {processor.py:175} INFO - Processing /home/carlosfalcone/airflow/dags/python_operators.py took 0.054 seconds
[2024-03-23T21:16:28.108-0300] {processor.py:153} INFO - Started process (PID=9347) to work on /home/carlosfalcone/airflow/dags/python_operators.py
[2024-03-23T21:16:28.109-0300] {processor.py:743} INFO - Processing file /home/carlosfalcone/airflow/dags/python_operators.py for tasks to queue
[2024-03-23T21:16:28.109-0300] {logging_mixin.py:137} INFO - [2024-03-23T21:16:28.109-0300] {dagbag.py:532} INFO - Filling up the DagBag from /home/carlosfalcone/airflow/dags/python_operators.py
[2024-03-23T21:16:28.119-0300] {processor.py:753} INFO - DAG(s) dict_keys(['execute_python_operators']) retrieved from /home/carlosfalcone/airflow/dags/python_operators.py
[2024-03-23T21:16:28.129-0300] {logging_mixin.py:137} INFO - [2024-03-23T21:16:28.129-0300] {dag.py:2705} INFO - Sync 1 DAGs
[2024-03-23T21:16:28.145-0300] {logging_mixin.py:137} INFO - [2024-03-23T21:16:28.145-0300] {dag.py:3456} INFO - Setting next_dagrun for execute_python_operators to 2024-03-24T00:00:00+00:00, run_after=2024-03-25T00:00:00+00:00
[2024-03-23T21:16:28.161-0300] {processor.py:175} INFO - Processing /home/carlosfalcone/airflow/dags/python_operators.py took 0.055 seconds
[2024-03-23T21:16:58.265-0300] {processor.py:153} INFO - Started process (PID=9402) to work on /home/carlosfalcone/airflow/dags/python_operators.py
[2024-03-23T21:16:58.266-0300] {processor.py:743} INFO - Processing file /home/carlosfalcone/airflow/dags/python_operators.py for tasks to queue
[2024-03-23T21:16:58.266-0300] {logging_mixin.py:137} INFO - [2024-03-23T21:16:58.266-0300] {dagbag.py:532} INFO - Filling up the DagBag from /home/carlosfalcone/airflow/dags/python_operators.py
[2024-03-23T21:16:58.276-0300] {processor.py:753} INFO - DAG(s) dict_keys(['execute_python_operators']) retrieved from /home/carlosfalcone/airflow/dags/python_operators.py
[2024-03-23T21:16:58.286-0300] {logging_mixin.py:137} INFO - [2024-03-23T21:16:58.286-0300] {dag.py:2705} INFO - Sync 1 DAGs
[2024-03-23T21:16:58.302-0300] {logging_mixin.py:137} INFO - [2024-03-23T21:16:58.302-0300] {dag.py:3456} INFO - Setting next_dagrun for execute_python_operators to 2024-03-24T00:00:00+00:00, run_after=2024-03-25T00:00:00+00:00
[2024-03-23T21:16:58.317-0300] {processor.py:175} INFO - Processing /home/carlosfalcone/airflow/dags/python_operators.py took 0.054 seconds
[2024-03-23T21:17:28.420-0300] {processor.py:153} INFO - Started process (PID=9457) to work on /home/carlosfalcone/airflow/dags/python_operators.py
[2024-03-23T21:17:28.421-0300] {processor.py:743} INFO - Processing file /home/carlosfalcone/airflow/dags/python_operators.py for tasks to queue
[2024-03-23T21:17:28.422-0300] {logging_mixin.py:137} INFO - [2024-03-23T21:17:28.422-0300] {dagbag.py:532} INFO - Filling up the DagBag from /home/carlosfalcone/airflow/dags/python_operators.py
[2024-03-23T21:17:28.431-0300] {processor.py:753} INFO - DAG(s) dict_keys(['execute_python_operators']) retrieved from /home/carlosfalcone/airflow/dags/python_operators.py
[2024-03-23T21:17:28.441-0300] {logging_mixin.py:137} INFO - [2024-03-23T21:17:28.441-0300] {dag.py:2705} INFO - Sync 1 DAGs
[2024-03-23T21:17:28.458-0300] {logging_mixin.py:137} INFO - [2024-03-23T21:17:28.458-0300] {dag.py:3456} INFO - Setting next_dagrun for execute_python_operators to 2024-03-24T00:00:00+00:00, run_after=2024-03-25T00:00:00+00:00
[2024-03-23T21:17:28.474-0300] {processor.py:175} INFO - Processing /home/carlosfalcone/airflow/dags/python_operators.py took 0.055 seconds
[2024-03-23T21:17:58.576-0300] {processor.py:153} INFO - Started process (PID=9509) to work on /home/carlosfalcone/airflow/dags/python_operators.py
[2024-03-23T21:17:58.577-0300] {processor.py:743} INFO - Processing file /home/carlosfalcone/airflow/dags/python_operators.py for tasks to queue
[2024-03-23T21:17:58.578-0300] {logging_mixin.py:137} INFO - [2024-03-23T21:17:58.578-0300] {dagbag.py:532} INFO - Filling up the DagBag from /home/carlosfalcone/airflow/dags/python_operators.py
[2024-03-23T21:17:58.587-0300] {processor.py:753} INFO - DAG(s) dict_keys(['execute_python_operators']) retrieved from /home/carlosfalcone/airflow/dags/python_operators.py
[2024-03-23T21:17:58.598-0300] {logging_mixin.py:137} INFO - [2024-03-23T21:17:58.597-0300] {dag.py:2705} INFO - Sync 1 DAGs
[2024-03-23T21:17:58.613-0300] {logging_mixin.py:137} INFO - [2024-03-23T21:17:58.613-0300] {dag.py:3456} INFO - Setting next_dagrun for execute_python_operators to 2024-03-24T00:00:00+00:00, run_after=2024-03-25T00:00:00+00:00
[2024-03-23T21:17:58.629-0300] {processor.py:175} INFO - Processing /home/carlosfalcone/airflow/dags/python_operators.py took 0.054 seconds
[2024-03-23T21:18:28.731-0300] {processor.py:153} INFO - Started process (PID=9564) to work on /home/carlosfalcone/airflow/dags/python_operators.py
[2024-03-23T21:18:28.732-0300] {processor.py:743} INFO - Processing file /home/carlosfalcone/airflow/dags/python_operators.py for tasks to queue
[2024-03-23T21:18:28.733-0300] {logging_mixin.py:137} INFO - [2024-03-23T21:18:28.733-0300] {dagbag.py:532} INFO - Filling up the DagBag from /home/carlosfalcone/airflow/dags/python_operators.py
[2024-03-23T21:18:28.742-0300] {processor.py:753} INFO - DAG(s) dict_keys(['execute_python_operators']) retrieved from /home/carlosfalcone/airflow/dags/python_operators.py
[2024-03-23T21:18:28.752-0300] {logging_mixin.py:137} INFO - [2024-03-23T21:18:28.752-0300] {dag.py:2705} INFO - Sync 1 DAGs
[2024-03-23T21:18:28.769-0300] {logging_mixin.py:137} INFO - [2024-03-23T21:18:28.769-0300] {dag.py:3456} INFO - Setting next_dagrun for execute_python_operators to 2024-03-24T00:00:00+00:00, run_after=2024-03-25T00:00:00+00:00
[2024-03-23T21:18:28.785-0300] {processor.py:175} INFO - Processing /home/carlosfalcone/airflow/dags/python_operators.py took 0.056 seconds
[2024-03-23T21:18:58.888-0300] {processor.py:153} INFO - Started process (PID=9619) to work on /home/carlosfalcone/airflow/dags/python_operators.py
[2024-03-23T21:18:58.889-0300] {processor.py:743} INFO - Processing file /home/carlosfalcone/airflow/dags/python_operators.py for tasks to queue
[2024-03-23T21:18:58.889-0300] {logging_mixin.py:137} INFO - [2024-03-23T21:18:58.889-0300] {dagbag.py:532} INFO - Filling up the DagBag from /home/carlosfalcone/airflow/dags/python_operators.py
[2024-03-23T21:18:58.898-0300] {processor.py:753} INFO - DAG(s) dict_keys(['execute_python_operators']) retrieved from /home/carlosfalcone/airflow/dags/python_operators.py
[2024-03-23T21:18:58.909-0300] {logging_mixin.py:137} INFO - [2024-03-23T21:18:58.909-0300] {dag.py:2705} INFO - Sync 1 DAGs
[2024-03-23T21:18:58.925-0300] {logging_mixin.py:137} INFO - [2024-03-23T21:18:58.925-0300] {dag.py:3456} INFO - Setting next_dagrun for execute_python_operators to 2024-03-24T00:00:00+00:00, run_after=2024-03-25T00:00:00+00:00
[2024-03-23T21:18:58.942-0300] {processor.py:175} INFO - Processing /home/carlosfalcone/airflow/dags/python_operators.py took 0.055 seconds
[2024-03-23T21:19:29.044-0300] {processor.py:153} INFO - Started process (PID=9674) to work on /home/carlosfalcone/airflow/dags/python_operators.py
[2024-03-23T21:19:29.045-0300] {processor.py:743} INFO - Processing file /home/carlosfalcone/airflow/dags/python_operators.py for tasks to queue
[2024-03-23T21:19:29.045-0300] {logging_mixin.py:137} INFO - [2024-03-23T21:19:29.045-0300] {dagbag.py:532} INFO - Filling up the DagBag from /home/carlosfalcone/airflow/dags/python_operators.py
[2024-03-23T21:19:29.054-0300] {processor.py:753} INFO - DAG(s) dict_keys(['execute_python_operators']) retrieved from /home/carlosfalcone/airflow/dags/python_operators.py
[2024-03-23T21:19:29.065-0300] {logging_mixin.py:137} INFO - [2024-03-23T21:19:29.065-0300] {dag.py:2705} INFO - Sync 1 DAGs
[2024-03-23T21:19:29.081-0300] {logging_mixin.py:137} INFO - [2024-03-23T21:19:29.081-0300] {dag.py:3456} INFO - Setting next_dagrun for execute_python_operators to 2024-03-24T00:00:00+00:00, run_after=2024-03-25T00:00:00+00:00
[2024-03-23T21:19:29.096-0300] {processor.py:175} INFO - Processing /home/carlosfalcone/airflow/dags/python_operators.py took 0.054 seconds
[2024-03-23T21:19:59.199-0300] {processor.py:153} INFO - Started process (PID=9729) to work on /home/carlosfalcone/airflow/dags/python_operators.py
[2024-03-23T21:19:59.200-0300] {processor.py:743} INFO - Processing file /home/carlosfalcone/airflow/dags/python_operators.py for tasks to queue
[2024-03-23T21:19:59.200-0300] {logging_mixin.py:137} INFO - [2024-03-23T21:19:59.200-0300] {dagbag.py:532} INFO - Filling up the DagBag from /home/carlosfalcone/airflow/dags/python_operators.py
[2024-03-23T21:19:59.209-0300] {processor.py:753} INFO - DAG(s) dict_keys(['execute_python_operators']) retrieved from /home/carlosfalcone/airflow/dags/python_operators.py
[2024-03-23T21:19:59.220-0300] {logging_mixin.py:137} INFO - [2024-03-23T21:19:59.220-0300] {dag.py:2705} INFO - Sync 1 DAGs
[2024-03-23T21:19:59.235-0300] {logging_mixin.py:137} INFO - [2024-03-23T21:19:59.235-0300] {dag.py:3456} INFO - Setting next_dagrun for execute_python_operators to 2024-03-24T00:00:00+00:00, run_after=2024-03-25T00:00:00+00:00
[2024-03-23T21:19:59.252-0300] {processor.py:175} INFO - Processing /home/carlosfalcone/airflow/dags/python_operators.py took 0.055 seconds
[2024-03-23T21:20:30.378-0300] {processor.py:153} INFO - Started process (PID=9787) to work on /home/carlosfalcone/airflow/dags/python_operators.py
[2024-03-23T21:20:30.379-0300] {processor.py:743} INFO - Processing file /home/carlosfalcone/airflow/dags/python_operators.py for tasks to queue
[2024-03-23T21:20:30.380-0300] {logging_mixin.py:137} INFO - [2024-03-23T21:20:30.380-0300] {dagbag.py:532} INFO - Filling up the DagBag from /home/carlosfalcone/airflow/dags/python_operators.py
[2024-03-23T21:20:30.389-0300] {processor.py:753} INFO - DAG(s) dict_keys(['execute_python_operators']) retrieved from /home/carlosfalcone/airflow/dags/python_operators.py
[2024-03-23T21:20:30.400-0300] {logging_mixin.py:137} INFO - [2024-03-23T21:20:30.400-0300] {dag.py:2705} INFO - Sync 1 DAGs
[2024-03-23T21:20:30.416-0300] {logging_mixin.py:137} INFO - [2024-03-23T21:20:30.415-0300] {dag.py:3456} INFO - Setting next_dagrun for execute_python_operators to 2024-03-24T00:00:00+00:00, run_after=2024-03-25T00:00:00+00:00
[2024-03-23T21:20:30.432-0300] {processor.py:175} INFO - Processing /home/carlosfalcone/airflow/dags/python_operators.py took 0.055 seconds
[2024-03-23T21:21:00.660-0300] {processor.py:153} INFO - Started process (PID=9839) to work on /home/carlosfalcone/airflow/dags/python_operators.py
[2024-03-23T21:21:00.661-0300] {processor.py:743} INFO - Processing file /home/carlosfalcone/airflow/dags/python_operators.py for tasks to queue
[2024-03-23T21:21:00.661-0300] {logging_mixin.py:137} INFO - [2024-03-23T21:21:00.661-0300] {dagbag.py:532} INFO - Filling up the DagBag from /home/carlosfalcone/airflow/dags/python_operators.py
[2024-03-23T21:21:00.670-0300] {processor.py:753} INFO - DAG(s) dict_keys(['execute_python_operators']) retrieved from /home/carlosfalcone/airflow/dags/python_operators.py
[2024-03-23T21:21:00.681-0300] {logging_mixin.py:137} INFO - [2024-03-23T21:21:00.681-0300] {dag.py:2705} INFO - Sync 1 DAGs
[2024-03-23T21:21:00.697-0300] {logging_mixin.py:137} INFO - [2024-03-23T21:21:00.697-0300] {dag.py:3456} INFO - Setting next_dagrun for execute_python_operators to 2024-03-24T00:00:00+00:00, run_after=2024-03-25T00:00:00+00:00
[2024-03-23T21:21:00.714-0300] {processor.py:175} INFO - Processing /home/carlosfalcone/airflow/dags/python_operators.py took 0.055 seconds
[2024-03-23T21:21:30.843-0300] {processor.py:153} INFO - Started process (PID=9894) to work on /home/carlosfalcone/airflow/dags/python_operators.py
[2024-03-23T21:21:30.843-0300] {processor.py:743} INFO - Processing file /home/carlosfalcone/airflow/dags/python_operators.py for tasks to queue
[2024-03-23T21:21:30.844-0300] {logging_mixin.py:137} INFO - [2024-03-23T21:21:30.844-0300] {dagbag.py:532} INFO - Filling up the DagBag from /home/carlosfalcone/airflow/dags/python_operators.py
[2024-03-23T21:21:30.853-0300] {processor.py:753} INFO - DAG(s) dict_keys(['execute_python_operators']) retrieved from /home/carlosfalcone/airflow/dags/python_operators.py
[2024-03-23T21:21:30.863-0300] {logging_mixin.py:137} INFO - [2024-03-23T21:21:30.863-0300] {dag.py:2705} INFO - Sync 1 DAGs
[2024-03-23T21:21:30.879-0300] {logging_mixin.py:137} INFO - [2024-03-23T21:21:30.879-0300] {dag.py:3456} INFO - Setting next_dagrun for execute_python_operators to 2024-03-24T00:00:00+00:00, run_after=2024-03-25T00:00:00+00:00
[2024-03-23T21:21:30.896-0300] {processor.py:175} INFO - Processing /home/carlosfalcone/airflow/dags/python_operators.py took 0.055 seconds
[2024-03-23T21:22:01.086-0300] {processor.py:153} INFO - Started process (PID=9949) to work on /home/carlosfalcone/airflow/dags/python_operators.py
[2024-03-23T21:22:01.086-0300] {processor.py:743} INFO - Processing file /home/carlosfalcone/airflow/dags/python_operators.py for tasks to queue
[2024-03-23T21:22:01.087-0300] {logging_mixin.py:137} INFO - [2024-03-23T21:22:01.087-0300] {dagbag.py:532} INFO - Filling up the DagBag from /home/carlosfalcone/airflow/dags/python_operators.py
[2024-03-23T21:22:01.096-0300] {processor.py:753} INFO - DAG(s) dict_keys(['execute_python_operators']) retrieved from /home/carlosfalcone/airflow/dags/python_operators.py
[2024-03-23T21:22:01.106-0300] {logging_mixin.py:137} INFO - [2024-03-23T21:22:01.106-0300] {dag.py:2705} INFO - Sync 1 DAGs
[2024-03-23T21:22:01.123-0300] {logging_mixin.py:137} INFO - [2024-03-23T21:22:01.123-0300] {dag.py:3456} INFO - Setting next_dagrun for execute_python_operators to 2024-03-24T00:00:00+00:00, run_after=2024-03-25T00:00:00+00:00
[2024-03-23T21:22:01.141-0300] {processor.py:175} INFO - Processing /home/carlosfalcone/airflow/dags/python_operators.py took 0.057 seconds
[2024-03-23T21:22:31.353-0300] {processor.py:153} INFO - Started process (PID=10004) to work on /home/carlosfalcone/airflow/dags/python_operators.py
[2024-03-23T21:22:31.354-0300] {processor.py:743} INFO - Processing file /home/carlosfalcone/airflow/dags/python_operators.py for tasks to queue
[2024-03-23T21:22:31.354-0300] {logging_mixin.py:137} INFO - [2024-03-23T21:22:31.354-0300] {dagbag.py:532} INFO - Filling up the DagBag from /home/carlosfalcone/airflow/dags/python_operators.py
[2024-03-23T21:22:31.363-0300] {processor.py:753} INFO - DAG(s) dict_keys(['execute_python_operators']) retrieved from /home/carlosfalcone/airflow/dags/python_operators.py
[2024-03-23T21:22:31.374-0300] {logging_mixin.py:137} INFO - [2024-03-23T21:22:31.374-0300] {dag.py:2705} INFO - Sync 1 DAGs
[2024-03-23T21:22:31.390-0300] {logging_mixin.py:137} INFO - [2024-03-23T21:22:31.390-0300] {dag.py:3456} INFO - Setting next_dagrun for execute_python_operators to 2024-03-24T00:00:00+00:00, run_after=2024-03-25T00:00:00+00:00
[2024-03-23T21:22:31.406-0300] {processor.py:175} INFO - Processing /home/carlosfalcone/airflow/dags/python_operators.py took 0.055 seconds
