[2024-03-23T21:00:45.356-0300] {processor.py:153} INFO - Started process (PID=7621) to work on /home/carlosfalcone/airflow/dags/python_operators2.py
[2024-03-23T21:00:45.356-0300] {processor.py:743} INFO - Processing file /home/carlosfalcone/airflow/dags/python_operators2.py for tasks to queue
[2024-03-23T21:00:45.356-0300] {logging_mixin.py:137} INFO - [2024-03-23T21:00:45.356-0300] {dagbag.py:532} INFO - Filling up the DagBag from /home/carlosfalcone/airflow/dags/python_operators2.py
[2024-03-23T21:00:45.366-0300] {processor.py:753} INFO - DAG(s) dict_keys(['execute_python_operators2']) retrieved from /home/carlosfalcone/airflow/dags/python_operators2.py
[2024-03-23T21:00:45.401-0300] {logging_mixin.py:137} INFO - [2024-03-23T21:00:45.401-0300] {dag.py:2705} INFO - Sync 1 DAGs
[2024-03-23T21:00:45.416-0300] {logging_mixin.py:137} INFO - [2024-03-23T21:00:45.416-0300] {dag.py:3456} INFO - Setting next_dagrun for execute_python_operators2 to 2024-03-24T00:00:00+00:00, run_after=2024-03-25T00:00:00+00:00
[2024-03-23T21:00:45.434-0300] {processor.py:175} INFO - Processing /home/carlosfalcone/airflow/dags/python_operators2.py took 0.080 seconds
[2024-03-23T21:01:16.905-0300] {processor.py:153} INFO - Started process (PID=7676) to work on /home/carlosfalcone/airflow/dags/python_operators2.py
[2024-03-23T21:01:16.907-0300] {processor.py:743} INFO - Processing file /home/carlosfalcone/airflow/dags/python_operators2.py for tasks to queue
[2024-03-23T21:01:16.907-0300] {logging_mixin.py:137} INFO - [2024-03-23T21:01:16.907-0300] {dagbag.py:532} INFO - Filling up the DagBag from /home/carlosfalcone/airflow/dags/python_operators2.py
[2024-03-23T21:01:16.916-0300] {processor.py:753} INFO - DAG(s) dict_keys(['execute_python_operators2']) retrieved from /home/carlosfalcone/airflow/dags/python_operators2.py
[2024-03-23T21:01:16.928-0300] {logging_mixin.py:137} INFO - [2024-03-23T21:01:16.928-0300] {dag.py:2705} INFO - Sync 1 DAGs
[2024-03-23T21:01:16.944-0300] {logging_mixin.py:137} INFO - [2024-03-23T21:01:16.944-0300] {dag.py:3456} INFO - Setting next_dagrun for execute_python_operators2 to 2024-03-24T00:00:00+00:00, run_after=2024-03-25T00:00:00+00:00
[2024-03-23T21:01:16.959-0300] {processor.py:175} INFO - Processing /home/carlosfalcone/airflow/dags/python_operators2.py took 0.055 seconds
[2024-03-23T21:01:47.590-0300] {processor.py:153} INFO - Started process (PID=7748) to work on /home/carlosfalcone/airflow/dags/python_operators2.py
[2024-03-23T21:01:47.591-0300] {processor.py:743} INFO - Processing file /home/carlosfalcone/airflow/dags/python_operators2.py for tasks to queue
[2024-03-23T21:01:47.591-0300] {logging_mixin.py:137} INFO - [2024-03-23T21:01:47.591-0300] {dagbag.py:532} INFO - Filling up the DagBag from /home/carlosfalcone/airflow/dags/python_operators2.py
[2024-03-23T21:01:47.601-0300] {processor.py:753} INFO - DAG(s) dict_keys(['execute_python_operators2']) retrieved from /home/carlosfalcone/airflow/dags/python_operators2.py
[2024-03-23T21:01:47.613-0300] {logging_mixin.py:137} INFO - [2024-03-23T21:01:47.613-0300] {dag.py:2705} INFO - Sync 1 DAGs
[2024-03-23T21:01:47.664-0300] {logging_mixin.py:137} INFO - [2024-03-23T21:01:47.663-0300] {dag.py:3456} INFO - Setting next_dagrun for execute_python_operators2 to 2024-03-24T00:00:00+00:00, run_after=2024-03-25T00:00:00+00:00
[2024-03-23T21:01:47.680-0300] {processor.py:175} INFO - Processing /home/carlosfalcone/airflow/dags/python_operators2.py took 0.091 seconds
[2024-03-23T21:02:18.001-0300] {processor.py:153} INFO - Started process (PID=7805) to work on /home/carlosfalcone/airflow/dags/python_operators2.py
[2024-03-23T21:02:18.002-0300] {processor.py:743} INFO - Processing file /home/carlosfalcone/airflow/dags/python_operators2.py for tasks to queue
[2024-03-23T21:02:18.002-0300] {logging_mixin.py:137} INFO - [2024-03-23T21:02:18.002-0300] {dagbag.py:532} INFO - Filling up the DagBag from /home/carlosfalcone/airflow/dags/python_operators2.py
[2024-03-23T21:02:18.012-0300] {processor.py:753} INFO - DAG(s) dict_keys(['execute_python_operators2']) retrieved from /home/carlosfalcone/airflow/dags/python_operators2.py
[2024-03-23T21:02:18.023-0300] {logging_mixin.py:137} INFO - [2024-03-23T21:02:18.023-0300] {dag.py:2705} INFO - Sync 1 DAGs
[2024-03-23T21:02:18.039-0300] {logging_mixin.py:137} INFO - [2024-03-23T21:02:18.039-0300] {dag.py:3456} INFO - Setting next_dagrun for execute_python_operators2 to 2024-03-24T00:00:00+00:00, run_after=2024-03-25T00:00:00+00:00
[2024-03-23T21:02:18.056-0300] {processor.py:175} INFO - Processing /home/carlosfalcone/airflow/dags/python_operators2.py took 0.057 seconds
[2024-03-23T21:02:48.408-0300] {processor.py:153} INFO - Started process (PID=7860) to work on /home/carlosfalcone/airflow/dags/python_operators2.py
[2024-03-23T21:02:48.409-0300] {processor.py:743} INFO - Processing file /home/carlosfalcone/airflow/dags/python_operators2.py for tasks to queue
[2024-03-23T21:02:48.409-0300] {logging_mixin.py:137} INFO - [2024-03-23T21:02:48.409-0300] {dagbag.py:532} INFO - Filling up the DagBag from /home/carlosfalcone/airflow/dags/python_operators2.py
[2024-03-23T21:02:48.418-0300] {processor.py:753} INFO - DAG(s) dict_keys(['execute_python_operators2']) retrieved from /home/carlosfalcone/airflow/dags/python_operators2.py
[2024-03-23T21:02:48.430-0300] {logging_mixin.py:137} INFO - [2024-03-23T21:02:48.430-0300] {dag.py:2705} INFO - Sync 1 DAGs
[2024-03-23T21:02:48.446-0300] {logging_mixin.py:137} INFO - [2024-03-23T21:02:48.446-0300] {dag.py:3456} INFO - Setting next_dagrun for execute_python_operators2 to 2024-03-24T00:00:00+00:00, run_after=2024-03-25T00:00:00+00:00
[2024-03-23T21:02:48.463-0300] {processor.py:175} INFO - Processing /home/carlosfalcone/airflow/dags/python_operators2.py took 0.057 seconds
[2024-03-23T21:03:18.824-0300] {processor.py:153} INFO - Started process (PID=7915) to work on /home/carlosfalcone/airflow/dags/python_operators2.py
[2024-03-23T21:03:18.825-0300] {processor.py:743} INFO - Processing file /home/carlosfalcone/airflow/dags/python_operators2.py for tasks to queue
[2024-03-23T21:03:18.826-0300] {logging_mixin.py:137} INFO - [2024-03-23T21:03:18.826-0300] {dagbag.py:532} INFO - Filling up the DagBag from /home/carlosfalcone/airflow/dags/python_operators2.py
[2024-03-23T21:03:18.835-0300] {processor.py:753} INFO - DAG(s) dict_keys(['execute_python_operators2']) retrieved from /home/carlosfalcone/airflow/dags/python_operators2.py
[2024-03-23T21:03:18.846-0300] {logging_mixin.py:137} INFO - [2024-03-23T21:03:18.846-0300] {dag.py:2705} INFO - Sync 1 DAGs
[2024-03-23T21:03:18.862-0300] {logging_mixin.py:137} INFO - [2024-03-23T21:03:18.862-0300] {dag.py:3456} INFO - Setting next_dagrun for execute_python_operators2 to 2024-03-24T00:00:00+00:00, run_after=2024-03-25T00:00:00+00:00
[2024-03-23T21:03:18.877-0300] {processor.py:175} INFO - Processing /home/carlosfalcone/airflow/dags/python_operators2.py took 0.055 seconds
[2024-03-23T21:03:49.236-0300] {processor.py:153} INFO - Started process (PID=7970) to work on /home/carlosfalcone/airflow/dags/python_operators2.py
[2024-03-23T21:03:49.237-0300] {processor.py:743} INFO - Processing file /home/carlosfalcone/airflow/dags/python_operators2.py for tasks to queue
[2024-03-23T21:03:49.237-0300] {logging_mixin.py:137} INFO - [2024-03-23T21:03:49.237-0300] {dagbag.py:532} INFO - Filling up the DagBag from /home/carlosfalcone/airflow/dags/python_operators2.py
[2024-03-23T21:03:49.246-0300] {processor.py:753} INFO - DAG(s) dict_keys(['execute_python_operators2']) retrieved from /home/carlosfalcone/airflow/dags/python_operators2.py
[2024-03-23T21:03:49.258-0300] {logging_mixin.py:137} INFO - [2024-03-23T21:03:49.257-0300] {dag.py:2705} INFO - Sync 1 DAGs
[2024-03-23T21:03:49.274-0300] {logging_mixin.py:137} INFO - [2024-03-23T21:03:49.274-0300] {dag.py:3456} INFO - Setting next_dagrun for execute_python_operators2 to 2024-03-24T00:00:00+00:00, run_after=2024-03-25T00:00:00+00:00
[2024-03-23T21:03:49.291-0300] {processor.py:175} INFO - Processing /home/carlosfalcone/airflow/dags/python_operators2.py took 0.056 seconds
[2024-03-23T21:04:19.573-0300] {processor.py:153} INFO - Started process (PID=8025) to work on /home/carlosfalcone/airflow/dags/python_operators2.py
[2024-03-23T21:04:19.575-0300] {processor.py:743} INFO - Processing file /home/carlosfalcone/airflow/dags/python_operators2.py for tasks to queue
[2024-03-23T21:04:19.575-0300] {logging_mixin.py:137} INFO - [2024-03-23T21:04:19.575-0300] {dagbag.py:532} INFO - Filling up the DagBag from /home/carlosfalcone/airflow/dags/python_operators2.py
[2024-03-23T21:04:19.584-0300] {processor.py:753} INFO - DAG(s) dict_keys(['execute_python_operators2']) retrieved from /home/carlosfalcone/airflow/dags/python_operators2.py
[2024-03-23T21:04:19.595-0300] {logging_mixin.py:137} INFO - [2024-03-23T21:04:19.595-0300] {dag.py:2705} INFO - Sync 1 DAGs
[2024-03-23T21:04:19.612-0300] {logging_mixin.py:137} INFO - [2024-03-23T21:04:19.612-0300] {dag.py:3456} INFO - Setting next_dagrun for execute_python_operators2 to 2024-03-24T00:00:00+00:00, run_after=2024-03-25T00:00:00+00:00
[2024-03-23T21:04:19.627-0300] {processor.py:175} INFO - Processing /home/carlosfalcone/airflow/dags/python_operators2.py took 0.056 seconds
[2024-03-23T21:04:49.858-0300] {processor.py:153} INFO - Started process (PID=8081) to work on /home/carlosfalcone/airflow/dags/python_operators2.py
[2024-03-23T21:04:49.860-0300] {processor.py:743} INFO - Processing file /home/carlosfalcone/airflow/dags/python_operators2.py for tasks to queue
[2024-03-23T21:04:49.860-0300] {logging_mixin.py:137} INFO - [2024-03-23T21:04:49.860-0300] {dagbag.py:532} INFO - Filling up the DagBag from /home/carlosfalcone/airflow/dags/python_operators2.py
[2024-03-23T21:04:49.870-0300] {processor.py:753} INFO - DAG(s) dict_keys(['execute_python_operators2']) retrieved from /home/carlosfalcone/airflow/dags/python_operators2.py
[2024-03-23T21:04:49.882-0300] {logging_mixin.py:137} INFO - [2024-03-23T21:04:49.882-0300] {dag.py:2705} INFO - Sync 1 DAGs
[2024-03-23T21:04:49.898-0300] {logging_mixin.py:137} INFO - [2024-03-23T21:04:49.898-0300] {dag.py:3456} INFO - Setting next_dagrun for execute_python_operators2 to 2024-03-24T00:00:00+00:00, run_after=2024-03-25T00:00:00+00:00
[2024-03-23T21:04:49.913-0300] {processor.py:175} INFO - Processing /home/carlosfalcone/airflow/dags/python_operators2.py took 0.056 seconds
[2024-03-23T21:05:20.144-0300] {processor.py:153} INFO - Started process (PID=8136) to work on /home/carlosfalcone/airflow/dags/python_operators2.py
[2024-03-23T21:05:20.145-0300] {processor.py:743} INFO - Processing file /home/carlosfalcone/airflow/dags/python_operators2.py for tasks to queue
[2024-03-23T21:05:20.145-0300] {logging_mixin.py:137} INFO - [2024-03-23T21:05:20.145-0300] {dagbag.py:532} INFO - Filling up the DagBag from /home/carlosfalcone/airflow/dags/python_operators2.py
[2024-03-23T21:05:20.155-0300] {processor.py:753} INFO - DAG(s) dict_keys(['execute_python_operators2']) retrieved from /home/carlosfalcone/airflow/dags/python_operators2.py
[2024-03-23T21:05:20.167-0300] {logging_mixin.py:137} INFO - [2024-03-23T21:05:20.167-0300] {dag.py:2705} INFO - Sync 1 DAGs
[2024-03-23T21:05:20.183-0300] {logging_mixin.py:137} INFO - [2024-03-23T21:05:20.183-0300] {dag.py:3456} INFO - Setting next_dagrun for execute_python_operators2 to 2024-03-24T00:00:00+00:00, run_after=2024-03-25T00:00:00+00:00
[2024-03-23T21:05:20.200-0300] {processor.py:175} INFO - Processing /home/carlosfalcone/airflow/dags/python_operators2.py took 0.058 seconds
[2024-03-23T21:05:50.429-0300] {processor.py:153} INFO - Started process (PID=8191) to work on /home/carlosfalcone/airflow/dags/python_operators2.py
[2024-03-23T21:05:50.430-0300] {processor.py:743} INFO - Processing file /home/carlosfalcone/airflow/dags/python_operators2.py for tasks to queue
[2024-03-23T21:05:50.431-0300] {logging_mixin.py:137} INFO - [2024-03-23T21:05:50.431-0300] {dagbag.py:532} INFO - Filling up the DagBag from /home/carlosfalcone/airflow/dags/python_operators2.py
[2024-03-23T21:05:50.440-0300] {processor.py:753} INFO - DAG(s) dict_keys(['execute_python_operators2']) retrieved from /home/carlosfalcone/airflow/dags/python_operators2.py
[2024-03-23T21:05:50.452-0300] {logging_mixin.py:137} INFO - [2024-03-23T21:05:50.451-0300] {dag.py:2705} INFO - Sync 1 DAGs
[2024-03-23T21:05:50.468-0300] {logging_mixin.py:137} INFO - [2024-03-23T21:05:50.468-0300] {dag.py:3456} INFO - Setting next_dagrun for execute_python_operators2 to 2024-03-24T00:00:00+00:00, run_after=2024-03-25T00:00:00+00:00
[2024-03-23T21:05:50.485-0300] {processor.py:175} INFO - Processing /home/carlosfalcone/airflow/dags/python_operators2.py took 0.058 seconds
[2024-03-23T21:06:20.716-0300] {processor.py:153} INFO - Started process (PID=8243) to work on /home/carlosfalcone/airflow/dags/python_operators2.py
[2024-03-23T21:06:20.717-0300] {processor.py:743} INFO - Processing file /home/carlosfalcone/airflow/dags/python_operators2.py for tasks to queue
[2024-03-23T21:06:20.717-0300] {logging_mixin.py:137} INFO - [2024-03-23T21:06:20.717-0300] {dagbag.py:532} INFO - Filling up the DagBag from /home/carlosfalcone/airflow/dags/python_operators2.py
[2024-03-23T21:06:20.727-0300] {processor.py:753} INFO - DAG(s) dict_keys(['execute_python_operators2']) retrieved from /home/carlosfalcone/airflow/dags/python_operators2.py
[2024-03-23T21:06:20.739-0300] {logging_mixin.py:137} INFO - [2024-03-23T21:06:20.739-0300] {dag.py:2705} INFO - Sync 1 DAGs
[2024-03-23T21:06:20.755-0300] {logging_mixin.py:137} INFO - [2024-03-23T21:06:20.755-0300] {dag.py:3456} INFO - Setting next_dagrun for execute_python_operators2 to 2024-03-24T00:00:00+00:00, run_after=2024-03-25T00:00:00+00:00
[2024-03-23T21:06:20.773-0300] {processor.py:175} INFO - Processing /home/carlosfalcone/airflow/dags/python_operators2.py took 0.058 seconds
[2024-03-23T21:06:51.025-0300] {processor.py:153} INFO - Started process (PID=8298) to work on /home/carlosfalcone/airflow/dags/python_operators2.py
[2024-03-23T21:06:51.026-0300] {processor.py:743} INFO - Processing file /home/carlosfalcone/airflow/dags/python_operators2.py for tasks to queue
[2024-03-23T21:06:51.027-0300] {logging_mixin.py:137} INFO - [2024-03-23T21:06:51.027-0300] {dagbag.py:532} INFO - Filling up the DagBag from /home/carlosfalcone/airflow/dags/python_operators2.py
[2024-03-23T21:06:51.036-0300] {processor.py:753} INFO - DAG(s) dict_keys(['execute_python_operators2']) retrieved from /home/carlosfalcone/airflow/dags/python_operators2.py
[2024-03-23T21:06:51.047-0300] {logging_mixin.py:137} INFO - [2024-03-23T21:06:51.047-0300] {dag.py:2705} INFO - Sync 1 DAGs
[2024-03-23T21:06:51.064-0300] {logging_mixin.py:137} INFO - [2024-03-23T21:06:51.064-0300] {dag.py:3456} INFO - Setting next_dagrun for execute_python_operators2 to 2024-03-24T00:00:00+00:00, run_after=2024-03-25T00:00:00+00:00
[2024-03-23T21:06:51.080-0300] {processor.py:175} INFO - Processing /home/carlosfalcone/airflow/dags/python_operators2.py took 0.056 seconds
[2024-03-23T21:07:21.339-0300] {processor.py:153} INFO - Started process (PID=8353) to work on /home/carlosfalcone/airflow/dags/python_operators2.py
[2024-03-23T21:07:21.340-0300] {processor.py:743} INFO - Processing file /home/carlosfalcone/airflow/dags/python_operators2.py for tasks to queue
[2024-03-23T21:07:21.340-0300] {logging_mixin.py:137} INFO - [2024-03-23T21:07:21.340-0300] {dagbag.py:532} INFO - Filling up the DagBag from /home/carlosfalcone/airflow/dags/python_operators2.py
[2024-03-23T21:07:21.350-0300] {processor.py:753} INFO - DAG(s) dict_keys(['execute_python_operators2']) retrieved from /home/carlosfalcone/airflow/dags/python_operators2.py
[2024-03-23T21:07:21.361-0300] {logging_mixin.py:137} INFO - [2024-03-23T21:07:21.361-0300] {dag.py:2705} INFO - Sync 1 DAGs
[2024-03-23T21:07:21.377-0300] {logging_mixin.py:137} INFO - [2024-03-23T21:07:21.377-0300] {dag.py:3456} INFO - Setting next_dagrun for execute_python_operators2 to 2024-03-24T00:00:00+00:00, run_after=2024-03-25T00:00:00+00:00
[2024-03-23T21:07:21.392-0300] {processor.py:175} INFO - Processing /home/carlosfalcone/airflow/dags/python_operators2.py took 0.054 seconds
[2024-03-23T21:07:51.649-0300] {processor.py:153} INFO - Started process (PID=8408) to work on /home/carlosfalcone/airflow/dags/python_operators2.py
[2024-03-23T21:07:51.650-0300] {processor.py:743} INFO - Processing file /home/carlosfalcone/airflow/dags/python_operators2.py for tasks to queue
[2024-03-23T21:07:51.651-0300] {logging_mixin.py:137} INFO - [2024-03-23T21:07:51.651-0300] {dagbag.py:532} INFO - Filling up the DagBag from /home/carlosfalcone/airflow/dags/python_operators2.py
[2024-03-23T21:07:51.660-0300] {processor.py:753} INFO - DAG(s) dict_keys(['execute_python_operators2']) retrieved from /home/carlosfalcone/airflow/dags/python_operators2.py
[2024-03-23T21:07:51.672-0300] {logging_mixin.py:137} INFO - [2024-03-23T21:07:51.672-0300] {dag.py:2705} INFO - Sync 1 DAGs
[2024-03-23T21:07:51.688-0300] {logging_mixin.py:137} INFO - [2024-03-23T21:07:51.688-0300] {dag.py:3456} INFO - Setting next_dagrun for execute_python_operators2 to 2024-03-24T00:00:00+00:00, run_after=2024-03-25T00:00:00+00:00
[2024-03-23T21:07:51.705-0300] {processor.py:175} INFO - Processing /home/carlosfalcone/airflow/dags/python_operators2.py took 0.057 seconds
[2024-03-23T21:08:22.066-0300] {processor.py:153} INFO - Started process (PID=8463) to work on /home/carlosfalcone/airflow/dags/python_operators2.py
[2024-03-23T21:08:22.066-0300] {processor.py:743} INFO - Processing file /home/carlosfalcone/airflow/dags/python_operators2.py for tasks to queue
[2024-03-23T21:08:22.066-0300] {logging_mixin.py:137} INFO - [2024-03-23T21:08:22.066-0300] {dagbag.py:532} INFO - Filling up the DagBag from /home/carlosfalcone/airflow/dags/python_operators2.py
[2024-03-23T21:08:22.075-0300] {processor.py:753} INFO - DAG(s) dict_keys(['execute_python_operators2']) retrieved from /home/carlosfalcone/airflow/dags/python_operators2.py
[2024-03-23T21:08:22.088-0300] {logging_mixin.py:137} INFO - [2024-03-23T21:08:22.088-0300] {dag.py:2705} INFO - Sync 1 DAGs
[2024-03-23T21:08:22.105-0300] {logging_mixin.py:137} INFO - [2024-03-23T21:08:22.105-0300] {dag.py:3456} INFO - Setting next_dagrun for execute_python_operators2 to 2024-03-24T00:00:00+00:00, run_after=2024-03-25T00:00:00+00:00
[2024-03-23T21:08:22.121-0300] {processor.py:175} INFO - Processing /home/carlosfalcone/airflow/dags/python_operators2.py took 0.057 seconds
[2024-03-23T21:08:52.453-0300] {processor.py:153} INFO - Started process (PID=8521) to work on /home/carlosfalcone/airflow/dags/python_operators2.py
[2024-03-23T21:08:52.454-0300] {processor.py:743} INFO - Processing file /home/carlosfalcone/airflow/dags/python_operators2.py for tasks to queue
[2024-03-23T21:08:52.455-0300] {logging_mixin.py:137} INFO - [2024-03-23T21:08:52.455-0300] {dagbag.py:532} INFO - Filling up the DagBag from /home/carlosfalcone/airflow/dags/python_operators2.py
[2024-03-23T21:08:52.464-0300] {processor.py:753} INFO - DAG(s) dict_keys(['execute_python_operators2']) retrieved from /home/carlosfalcone/airflow/dags/python_operators2.py
[2024-03-23T21:08:52.476-0300] {logging_mixin.py:137} INFO - [2024-03-23T21:08:52.476-0300] {dag.py:2705} INFO - Sync 1 DAGs
[2024-03-23T21:08:52.492-0300] {logging_mixin.py:137} INFO - [2024-03-23T21:08:52.492-0300] {dag.py:3456} INFO - Setting next_dagrun for execute_python_operators2 to 2024-03-24T00:00:00+00:00, run_after=2024-03-25T00:00:00+00:00
[2024-03-23T21:08:52.511-0300] {processor.py:175} INFO - Processing /home/carlosfalcone/airflow/dags/python_operators2.py took 0.059 seconds
[2024-03-23T21:09:22.869-0300] {processor.py:153} INFO - Started process (PID=8576) to work on /home/carlosfalcone/airflow/dags/python_operators2.py
[2024-03-23T21:09:22.870-0300] {processor.py:743} INFO - Processing file /home/carlosfalcone/airflow/dags/python_operators2.py for tasks to queue
[2024-03-23T21:09:22.871-0300] {logging_mixin.py:137} INFO - [2024-03-23T21:09:22.871-0300] {dagbag.py:532} INFO - Filling up the DagBag from /home/carlosfalcone/airflow/dags/python_operators2.py
[2024-03-23T21:09:22.880-0300] {processor.py:753} INFO - DAG(s) dict_keys(['execute_python_operators2']) retrieved from /home/carlosfalcone/airflow/dags/python_operators2.py
[2024-03-23T21:09:22.891-0300] {logging_mixin.py:137} INFO - [2024-03-23T21:09:22.891-0300] {dag.py:2705} INFO - Sync 1 DAGs
[2024-03-23T21:09:22.907-0300] {logging_mixin.py:137} INFO - [2024-03-23T21:09:22.907-0300] {dag.py:3456} INFO - Setting next_dagrun for execute_python_operators2 to 2024-03-24T00:00:00+00:00, run_after=2024-03-25T00:00:00+00:00
[2024-03-23T21:09:22.925-0300] {processor.py:175} INFO - Processing /home/carlosfalcone/airflow/dags/python_operators2.py took 0.057 seconds
[2024-03-23T21:09:53.180-0300] {processor.py:153} INFO - Started process (PID=8631) to work on /home/carlosfalcone/airflow/dags/python_operators2.py
[2024-03-23T21:09:53.181-0300] {processor.py:743} INFO - Processing file /home/carlosfalcone/airflow/dags/python_operators2.py for tasks to queue
[2024-03-23T21:09:53.182-0300] {logging_mixin.py:137} INFO - [2024-03-23T21:09:53.182-0300] {dagbag.py:532} INFO - Filling up the DagBag from /home/carlosfalcone/airflow/dags/python_operators2.py
[2024-03-23T21:09:53.191-0300] {processor.py:753} INFO - DAG(s) dict_keys(['execute_python_operators2']) retrieved from /home/carlosfalcone/airflow/dags/python_operators2.py
[2024-03-23T21:09:53.203-0300] {logging_mixin.py:137} INFO - [2024-03-23T21:09:53.203-0300] {dag.py:2705} INFO - Sync 1 DAGs
[2024-03-23T21:09:53.218-0300] {logging_mixin.py:137} INFO - [2024-03-23T21:09:53.218-0300] {dag.py:3456} INFO - Setting next_dagrun for execute_python_operators2 to 2024-03-24T00:00:00+00:00, run_after=2024-03-25T00:00:00+00:00
[2024-03-23T21:09:53.236-0300] {processor.py:175} INFO - Processing /home/carlosfalcone/airflow/dags/python_operators2.py took 0.057 seconds
[2024-03-23T21:10:23.496-0300] {processor.py:153} INFO - Started process (PID=8686) to work on /home/carlosfalcone/airflow/dags/python_operators2.py
[2024-03-23T21:10:23.497-0300] {processor.py:743} INFO - Processing file /home/carlosfalcone/airflow/dags/python_operators2.py for tasks to queue
[2024-03-23T21:10:23.497-0300] {logging_mixin.py:137} INFO - [2024-03-23T21:10:23.497-0300] {dagbag.py:532} INFO - Filling up the DagBag from /home/carlosfalcone/airflow/dags/python_operators2.py
[2024-03-23T21:10:23.507-0300] {processor.py:753} INFO - DAG(s) dict_keys(['execute_python_operators2']) retrieved from /home/carlosfalcone/airflow/dags/python_operators2.py
[2024-03-23T21:10:23.518-0300] {logging_mixin.py:137} INFO - [2024-03-23T21:10:23.518-0300] {dag.py:2705} INFO - Sync 1 DAGs
[2024-03-23T21:10:23.534-0300] {logging_mixin.py:137} INFO - [2024-03-23T21:10:23.534-0300] {dag.py:3456} INFO - Setting next_dagrun for execute_python_operators2 to 2024-03-24T00:00:00+00:00, run_after=2024-03-25T00:00:00+00:00
[2024-03-23T21:10:23.550-0300] {processor.py:175} INFO - Processing /home/carlosfalcone/airflow/dags/python_operators2.py took 0.055 seconds
[2024-03-23T21:10:53.858-0300] {processor.py:153} INFO - Started process (PID=8741) to work on /home/carlosfalcone/airflow/dags/python_operators2.py
[2024-03-23T21:10:53.859-0300] {processor.py:743} INFO - Processing file /home/carlosfalcone/airflow/dags/python_operators2.py for tasks to queue
[2024-03-23T21:10:53.859-0300] {logging_mixin.py:137} INFO - [2024-03-23T21:10:53.859-0300] {dagbag.py:532} INFO - Filling up the DagBag from /home/carlosfalcone/airflow/dags/python_operators2.py
[2024-03-23T21:10:53.869-0300] {processor.py:753} INFO - DAG(s) dict_keys(['execute_python_operators2']) retrieved from /home/carlosfalcone/airflow/dags/python_operators2.py
[2024-03-23T21:10:53.880-0300] {logging_mixin.py:137} INFO - [2024-03-23T21:10:53.880-0300] {dag.py:2705} INFO - Sync 1 DAGs
[2024-03-23T21:10:53.897-0300] {logging_mixin.py:137} INFO - [2024-03-23T21:10:53.896-0300] {dag.py:3456} INFO - Setting next_dagrun for execute_python_operators2 to 2024-03-24T00:00:00+00:00, run_after=2024-03-25T00:00:00+00:00
[2024-03-23T21:10:53.913-0300] {processor.py:175} INFO - Processing /home/carlosfalcone/airflow/dags/python_operators2.py took 0.057 seconds
[2024-03-23T21:11:24.136-0300] {processor.py:153} INFO - Started process (PID=8793) to work on /home/carlosfalcone/airflow/dags/python_operators2.py
[2024-03-23T21:11:24.137-0300] {processor.py:743} INFO - Processing file /home/carlosfalcone/airflow/dags/python_operators2.py for tasks to queue
[2024-03-23T21:11:24.137-0300] {logging_mixin.py:137} INFO - [2024-03-23T21:11:24.137-0300] {dagbag.py:532} INFO - Filling up the DagBag from /home/carlosfalcone/airflow/dags/python_operators2.py
[2024-03-23T21:11:24.147-0300] {processor.py:753} INFO - DAG(s) dict_keys(['execute_python_operators2']) retrieved from /home/carlosfalcone/airflow/dags/python_operators2.py
[2024-03-23T21:11:24.158-0300] {logging_mixin.py:137} INFO - [2024-03-23T21:11:24.158-0300] {dag.py:2705} INFO - Sync 1 DAGs
[2024-03-23T21:11:24.176-0300] {logging_mixin.py:137} INFO - [2024-03-23T21:11:24.175-0300] {dag.py:3456} INFO - Setting next_dagrun for execute_python_operators2 to 2024-03-24T00:00:00+00:00, run_after=2024-03-25T00:00:00+00:00
[2024-03-23T21:11:24.194-0300] {processor.py:175} INFO - Processing /home/carlosfalcone/airflow/dags/python_operators2.py took 0.059 seconds
[2024-03-23T21:11:54.421-0300] {processor.py:153} INFO - Started process (PID=8848) to work on /home/carlosfalcone/airflow/dags/python_operators2.py
[2024-03-23T21:11:54.422-0300] {processor.py:743} INFO - Processing file /home/carlosfalcone/airflow/dags/python_operators2.py for tasks to queue
[2024-03-23T21:11:54.423-0300] {logging_mixin.py:137} INFO - [2024-03-23T21:11:54.423-0300] {dagbag.py:532} INFO - Filling up the DagBag from /home/carlosfalcone/airflow/dags/python_operators2.py
[2024-03-23T21:11:54.432-0300] {processor.py:753} INFO - DAG(s) dict_keys(['execute_python_operators2']) retrieved from /home/carlosfalcone/airflow/dags/python_operators2.py
[2024-03-23T21:11:54.444-0300] {logging_mixin.py:137} INFO - [2024-03-23T21:11:54.444-0300] {dag.py:2705} INFO - Sync 1 DAGs
[2024-03-23T21:11:54.459-0300] {logging_mixin.py:137} INFO - [2024-03-23T21:11:54.459-0300] {dag.py:3456} INFO - Setting next_dagrun for execute_python_operators2 to 2024-03-24T00:00:00+00:00, run_after=2024-03-25T00:00:00+00:00
[2024-03-23T21:11:54.475-0300] {processor.py:175} INFO - Processing /home/carlosfalcone/airflow/dags/python_operators2.py took 0.055 seconds
[2024-03-23T21:12:24.706-0300] {processor.py:153} INFO - Started process (PID=8903) to work on /home/carlosfalcone/airflow/dags/python_operators2.py
[2024-03-23T21:12:24.707-0300] {processor.py:743} INFO - Processing file /home/carlosfalcone/airflow/dags/python_operators2.py for tasks to queue
[2024-03-23T21:12:24.707-0300] {logging_mixin.py:137} INFO - [2024-03-23T21:12:24.707-0300] {dagbag.py:532} INFO - Filling up the DagBag from /home/carlosfalcone/airflow/dags/python_operators2.py
[2024-03-23T21:12:24.717-0300] {processor.py:753} INFO - DAG(s) dict_keys(['execute_python_operators2']) retrieved from /home/carlosfalcone/airflow/dags/python_operators2.py
[2024-03-23T21:12:24.728-0300] {logging_mixin.py:137} INFO - [2024-03-23T21:12:24.728-0300] {dag.py:2705} INFO - Sync 1 DAGs
[2024-03-23T21:12:24.744-0300] {logging_mixin.py:137} INFO - [2024-03-23T21:12:24.744-0300] {dag.py:3456} INFO - Setting next_dagrun for execute_python_operators2 to 2024-03-24T00:00:00+00:00, run_after=2024-03-25T00:00:00+00:00
[2024-03-23T21:12:24.759-0300] {processor.py:175} INFO - Processing /home/carlosfalcone/airflow/dags/python_operators2.py took 0.055 seconds
[2024-03-23T21:12:54.991-0300] {processor.py:153} INFO - Started process (PID=8958) to work on /home/carlosfalcone/airflow/dags/python_operators2.py
[2024-03-23T21:12:54.992-0300] {processor.py:743} INFO - Processing file /home/carlosfalcone/airflow/dags/python_operators2.py for tasks to queue
[2024-03-23T21:12:54.992-0300] {logging_mixin.py:137} INFO - [2024-03-23T21:12:54.992-0300] {dagbag.py:532} INFO - Filling up the DagBag from /home/carlosfalcone/airflow/dags/python_operators2.py
[2024-03-23T21:12:55.002-0300] {processor.py:753} INFO - DAG(s) dict_keys(['execute_python_operators2']) retrieved from /home/carlosfalcone/airflow/dags/python_operators2.py
[2024-03-23T21:12:55.013-0300] {logging_mixin.py:137} INFO - [2024-03-23T21:12:55.013-0300] {dag.py:2705} INFO - Sync 1 DAGs
[2024-03-23T21:12:55.029-0300] {logging_mixin.py:137} INFO - [2024-03-23T21:12:55.029-0300] {dag.py:3456} INFO - Setting next_dagrun for execute_python_operators2 to 2024-03-24T00:00:00+00:00, run_after=2024-03-25T00:00:00+00:00
[2024-03-23T21:12:55.044-0300] {processor.py:175} INFO - Processing /home/carlosfalcone/airflow/dags/python_operators2.py took 0.055 seconds
[2024-03-23T21:13:25.275-0300] {processor.py:153} INFO - Started process (PID=9013) to work on /home/carlosfalcone/airflow/dags/python_operators2.py
[2024-03-23T21:13:25.276-0300] {processor.py:743} INFO - Processing file /home/carlosfalcone/airflow/dags/python_operators2.py for tasks to queue
[2024-03-23T21:13:25.276-0300] {logging_mixin.py:137} INFO - [2024-03-23T21:13:25.276-0300] {dagbag.py:532} INFO - Filling up the DagBag from /home/carlosfalcone/airflow/dags/python_operators2.py
[2024-03-23T21:13:25.286-0300] {processor.py:753} INFO - DAG(s) dict_keys(['execute_python_operators2']) retrieved from /home/carlosfalcone/airflow/dags/python_operators2.py
[2024-03-23T21:13:25.297-0300] {logging_mixin.py:137} INFO - [2024-03-23T21:13:25.297-0300] {dag.py:2705} INFO - Sync 1 DAGs
[2024-03-23T21:13:25.313-0300] {logging_mixin.py:137} INFO - [2024-03-23T21:13:25.313-0300] {dag.py:3456} INFO - Setting next_dagrun for execute_python_operators2 to 2024-03-24T00:00:00+00:00, run_after=2024-03-25T00:00:00+00:00
[2024-03-23T21:13:25.328-0300] {processor.py:175} INFO - Processing /home/carlosfalcone/airflow/dags/python_operators2.py took 0.055 seconds
[2024-03-23T21:13:55.559-0300] {processor.py:153} INFO - Started process (PID=9068) to work on /home/carlosfalcone/airflow/dags/python_operators2.py
[2024-03-23T21:13:55.560-0300] {processor.py:743} INFO - Processing file /home/carlosfalcone/airflow/dags/python_operators2.py for tasks to queue
[2024-03-23T21:13:55.560-0300] {logging_mixin.py:137} INFO - [2024-03-23T21:13:55.560-0300] {dagbag.py:532} INFO - Filling up the DagBag from /home/carlosfalcone/airflow/dags/python_operators2.py
[2024-03-23T21:13:55.570-0300] {processor.py:753} INFO - DAG(s) dict_keys(['execute_python_operators2']) retrieved from /home/carlosfalcone/airflow/dags/python_operators2.py
[2024-03-23T21:13:55.581-0300] {logging_mixin.py:137} INFO - [2024-03-23T21:13:55.581-0300] {dag.py:2705} INFO - Sync 1 DAGs
[2024-03-23T21:13:55.597-0300] {logging_mixin.py:137} INFO - [2024-03-23T21:13:55.597-0300] {dag.py:3456} INFO - Setting next_dagrun for execute_python_operators2 to 2024-03-24T00:00:00+00:00, run_after=2024-03-25T00:00:00+00:00
[2024-03-23T21:13:55.616-0300] {processor.py:175} INFO - Processing /home/carlosfalcone/airflow/dags/python_operators2.py took 0.059 seconds
[2024-03-23T21:14:25.843-0300] {processor.py:153} INFO - Started process (PID=9123) to work on /home/carlosfalcone/airflow/dags/python_operators2.py
[2024-03-23T21:14:25.844-0300] {processor.py:743} INFO - Processing file /home/carlosfalcone/airflow/dags/python_operators2.py for tasks to queue
[2024-03-23T21:14:25.844-0300] {logging_mixin.py:137} INFO - [2024-03-23T21:14:25.844-0300] {dagbag.py:532} INFO - Filling up the DagBag from /home/carlosfalcone/airflow/dags/python_operators2.py
[2024-03-23T21:14:25.853-0300] {processor.py:753} INFO - DAG(s) dict_keys(['execute_python_operators2']) retrieved from /home/carlosfalcone/airflow/dags/python_operators2.py
[2024-03-23T21:14:25.865-0300] {logging_mixin.py:137} INFO - [2024-03-23T21:14:25.865-0300] {dag.py:2705} INFO - Sync 1 DAGs
[2024-03-23T21:14:25.881-0300] {logging_mixin.py:137} INFO - [2024-03-23T21:14:25.881-0300] {dag.py:3456} INFO - Setting next_dagrun for execute_python_operators2 to 2024-03-24T00:00:00+00:00, run_after=2024-03-25T00:00:00+00:00
[2024-03-23T21:14:25.896-0300] {processor.py:175} INFO - Processing /home/carlosfalcone/airflow/dags/python_operators2.py took 0.055 seconds
[2024-03-23T21:14:56.127-0300] {processor.py:153} INFO - Started process (PID=9178) to work on /home/carlosfalcone/airflow/dags/python_operators2.py
[2024-03-23T21:14:56.128-0300] {processor.py:743} INFO - Processing file /home/carlosfalcone/airflow/dags/python_operators2.py for tasks to queue
[2024-03-23T21:14:56.128-0300] {logging_mixin.py:137} INFO - [2024-03-23T21:14:56.128-0300] {dagbag.py:532} INFO - Filling up the DagBag from /home/carlosfalcone/airflow/dags/python_operators2.py
[2024-03-23T21:14:56.137-0300] {processor.py:753} INFO - DAG(s) dict_keys(['execute_python_operators2']) retrieved from /home/carlosfalcone/airflow/dags/python_operators2.py
[2024-03-23T21:14:56.149-0300] {logging_mixin.py:137} INFO - [2024-03-23T21:14:56.149-0300] {dag.py:2705} INFO - Sync 1 DAGs
[2024-03-23T21:14:56.166-0300] {logging_mixin.py:137} INFO - [2024-03-23T21:14:56.166-0300] {dag.py:3456} INFO - Setting next_dagrun for execute_python_operators2 to 2024-03-24T00:00:00+00:00, run_after=2024-03-25T00:00:00+00:00
[2024-03-23T21:14:56.183-0300] {processor.py:175} INFO - Processing /home/carlosfalcone/airflow/dags/python_operators2.py took 0.058 seconds
[2024-03-23T21:15:26.412-0300] {processor.py:153} INFO - Started process (PID=9233) to work on /home/carlosfalcone/airflow/dags/python_operators2.py
[2024-03-23T21:15:26.413-0300] {processor.py:743} INFO - Processing file /home/carlosfalcone/airflow/dags/python_operators2.py for tasks to queue
[2024-03-23T21:15:26.413-0300] {logging_mixin.py:137} INFO - [2024-03-23T21:15:26.413-0300] {dagbag.py:532} INFO - Filling up the DagBag from /home/carlosfalcone/airflow/dags/python_operators2.py
[2024-03-23T21:15:26.422-0300] {processor.py:753} INFO - DAG(s) dict_keys(['execute_python_operators2']) retrieved from /home/carlosfalcone/airflow/dags/python_operators2.py
[2024-03-23T21:15:26.433-0300] {logging_mixin.py:137} INFO - [2024-03-23T21:15:26.433-0300] {dag.py:2705} INFO - Sync 1 DAGs
[2024-03-23T21:15:26.450-0300] {logging_mixin.py:137} INFO - [2024-03-23T21:15:26.450-0300] {dag.py:3456} INFO - Setting next_dagrun for execute_python_operators2 to 2024-03-24T00:00:00+00:00, run_after=2024-03-25T00:00:00+00:00
[2024-03-23T21:15:26.465-0300] {processor.py:175} INFO - Processing /home/carlosfalcone/airflow/dags/python_operators2.py took 0.055 seconds
[2024-03-23T21:15:56.694-0300] {processor.py:153} INFO - Started process (PID=9288) to work on /home/carlosfalcone/airflow/dags/python_operators2.py
[2024-03-23T21:15:56.695-0300] {processor.py:743} INFO - Processing file /home/carlosfalcone/airflow/dags/python_operators2.py for tasks to queue
[2024-03-23T21:15:56.696-0300] {logging_mixin.py:137} INFO - [2024-03-23T21:15:56.696-0300] {dagbag.py:532} INFO - Filling up the DagBag from /home/carlosfalcone/airflow/dags/python_operators2.py
[2024-03-23T21:15:56.705-0300] {processor.py:753} INFO - DAG(s) dict_keys(['execute_python_operators2']) retrieved from /home/carlosfalcone/airflow/dags/python_operators2.py
[2024-03-23T21:15:56.717-0300] {logging_mixin.py:137} INFO - [2024-03-23T21:15:56.717-0300] {dag.py:2705} INFO - Sync 1 DAGs
[2024-03-23T21:15:56.733-0300] {logging_mixin.py:137} INFO - [2024-03-23T21:15:56.733-0300] {dag.py:3456} INFO - Setting next_dagrun for execute_python_operators2 to 2024-03-24T00:00:00+00:00, run_after=2024-03-25T00:00:00+00:00
[2024-03-23T21:15:56.748-0300] {processor.py:175} INFO - Processing /home/carlosfalcone/airflow/dags/python_operators2.py took 0.055 seconds
[2024-03-23T21:16:26.978-0300] {processor.py:153} INFO - Started process (PID=9343) to work on /home/carlosfalcone/airflow/dags/python_operators2.py
[2024-03-23T21:16:26.979-0300] {processor.py:743} INFO - Processing file /home/carlosfalcone/airflow/dags/python_operators2.py for tasks to queue
[2024-03-23T21:16:26.979-0300] {logging_mixin.py:137} INFO - [2024-03-23T21:16:26.979-0300] {dagbag.py:532} INFO - Filling up the DagBag from /home/carlosfalcone/airflow/dags/python_operators2.py
[2024-03-23T21:16:26.989-0300] {processor.py:753} INFO - DAG(s) dict_keys(['execute_python_operators2']) retrieved from /home/carlosfalcone/airflow/dags/python_operators2.py
[2024-03-23T21:16:27.000-0300] {logging_mixin.py:137} INFO - [2024-03-23T21:16:27.000-0300] {dag.py:2705} INFO - Sync 1 DAGs
[2024-03-23T21:16:27.016-0300] {logging_mixin.py:137} INFO - [2024-03-23T21:16:27.016-0300] {dag.py:3456} INFO - Setting next_dagrun for execute_python_operators2 to 2024-03-24T00:00:00+00:00, run_after=2024-03-25T00:00:00+00:00
[2024-03-23T21:16:27.031-0300] {processor.py:175} INFO - Processing /home/carlosfalcone/airflow/dags/python_operators2.py took 0.055 seconds
[2024-03-23T21:16:57.262-0300] {processor.py:153} INFO - Started process (PID=9398) to work on /home/carlosfalcone/airflow/dags/python_operators2.py
[2024-03-23T21:16:57.263-0300] {processor.py:743} INFO - Processing file /home/carlosfalcone/airflow/dags/python_operators2.py for tasks to queue
[2024-03-23T21:16:57.263-0300] {logging_mixin.py:137} INFO - [2024-03-23T21:16:57.263-0300] {dagbag.py:532} INFO - Filling up the DagBag from /home/carlosfalcone/airflow/dags/python_operators2.py
[2024-03-23T21:16:57.273-0300] {processor.py:753} INFO - DAG(s) dict_keys(['execute_python_operators2']) retrieved from /home/carlosfalcone/airflow/dags/python_operators2.py
[2024-03-23T21:16:57.284-0300] {logging_mixin.py:137} INFO - [2024-03-23T21:16:57.284-0300] {dag.py:2705} INFO - Sync 1 DAGs
[2024-03-23T21:16:57.300-0300] {logging_mixin.py:137} INFO - [2024-03-23T21:16:57.300-0300] {dag.py:3456} INFO - Setting next_dagrun for execute_python_operators2 to 2024-03-24T00:00:00+00:00, run_after=2024-03-25T00:00:00+00:00
[2024-03-23T21:16:57.316-0300] {processor.py:175} INFO - Processing /home/carlosfalcone/airflow/dags/python_operators2.py took 0.055 seconds
[2024-03-23T21:17:27.546-0300] {processor.py:153} INFO - Started process (PID=9453) to work on /home/carlosfalcone/airflow/dags/python_operators2.py
[2024-03-23T21:17:27.547-0300] {processor.py:743} INFO - Processing file /home/carlosfalcone/airflow/dags/python_operators2.py for tasks to queue
[2024-03-23T21:17:27.547-0300] {logging_mixin.py:137} INFO - [2024-03-23T21:17:27.547-0300] {dagbag.py:532} INFO - Filling up the DagBag from /home/carlosfalcone/airflow/dags/python_operators2.py
[2024-03-23T21:17:27.557-0300] {processor.py:753} INFO - DAG(s) dict_keys(['execute_python_operators2']) retrieved from /home/carlosfalcone/airflow/dags/python_operators2.py
[2024-03-23T21:17:27.568-0300] {logging_mixin.py:137} INFO - [2024-03-23T21:17:27.568-0300] {dag.py:2705} INFO - Sync 1 DAGs
[2024-03-23T21:17:27.584-0300] {logging_mixin.py:137} INFO - [2024-03-23T21:17:27.584-0300] {dag.py:3456} INFO - Setting next_dagrun for execute_python_operators2 to 2024-03-24T00:00:00+00:00, run_after=2024-03-25T00:00:00+00:00
[2024-03-23T21:17:27.600-0300] {processor.py:175} INFO - Processing /home/carlosfalcone/airflow/dags/python_operators2.py took 0.056 seconds
[2024-03-23T21:17:57.830-0300] {processor.py:153} INFO - Started process (PID=9508) to work on /home/carlosfalcone/airflow/dags/python_operators2.py
[2024-03-23T21:17:57.831-0300] {processor.py:743} INFO - Processing file /home/carlosfalcone/airflow/dags/python_operators2.py for tasks to queue
[2024-03-23T21:17:57.831-0300] {logging_mixin.py:137} INFO - [2024-03-23T21:17:57.831-0300] {dagbag.py:532} INFO - Filling up the DagBag from /home/carlosfalcone/airflow/dags/python_operators2.py
[2024-03-23T21:17:57.841-0300] {processor.py:753} INFO - DAG(s) dict_keys(['execute_python_operators2']) retrieved from /home/carlosfalcone/airflow/dags/python_operators2.py
[2024-03-23T21:17:57.852-0300] {logging_mixin.py:137} INFO - [2024-03-23T21:17:57.852-0300] {dag.py:2705} INFO - Sync 1 DAGs
[2024-03-23T21:17:57.868-0300] {logging_mixin.py:137} INFO - [2024-03-23T21:17:57.868-0300] {dag.py:3456} INFO - Setting next_dagrun for execute_python_operators2 to 2024-03-24T00:00:00+00:00, run_after=2024-03-25T00:00:00+00:00
[2024-03-23T21:17:57.883-0300] {processor.py:175} INFO - Processing /home/carlosfalcone/airflow/dags/python_operators2.py took 0.055 seconds
[2024-03-23T21:18:28.113-0300] {processor.py:153} INFO - Started process (PID=9563) to work on /home/carlosfalcone/airflow/dags/python_operators2.py
[2024-03-23T21:18:28.114-0300] {processor.py:743} INFO - Processing file /home/carlosfalcone/airflow/dags/python_operators2.py for tasks to queue
[2024-03-23T21:18:28.115-0300] {logging_mixin.py:137} INFO - [2024-03-23T21:18:28.115-0300] {dagbag.py:532} INFO - Filling up the DagBag from /home/carlosfalcone/airflow/dags/python_operators2.py
[2024-03-23T21:18:28.124-0300] {processor.py:753} INFO - DAG(s) dict_keys(['execute_python_operators2']) retrieved from /home/carlosfalcone/airflow/dags/python_operators2.py
[2024-03-23T21:18:28.135-0300] {logging_mixin.py:137} INFO - [2024-03-23T21:18:28.135-0300] {dag.py:2705} INFO - Sync 1 DAGs
[2024-03-23T21:18:28.152-0300] {logging_mixin.py:137} INFO - [2024-03-23T21:18:28.151-0300] {dag.py:3456} INFO - Setting next_dagrun for execute_python_operators2 to 2024-03-24T00:00:00+00:00, run_after=2024-03-25T00:00:00+00:00
[2024-03-23T21:18:28.167-0300] {processor.py:175} INFO - Processing /home/carlosfalcone/airflow/dags/python_operators2.py took 0.055 seconds
[2024-03-23T21:18:58.398-0300] {processor.py:153} INFO - Started process (PID=9618) to work on /home/carlosfalcone/airflow/dags/python_operators2.py
[2024-03-23T21:18:58.398-0300] {processor.py:743} INFO - Processing file /home/carlosfalcone/airflow/dags/python_operators2.py for tasks to queue
[2024-03-23T21:18:58.399-0300] {logging_mixin.py:137} INFO - [2024-03-23T21:18:58.399-0300] {dagbag.py:532} INFO - Filling up the DagBag from /home/carlosfalcone/airflow/dags/python_operators2.py
[2024-03-23T21:18:58.408-0300] {processor.py:753} INFO - DAG(s) dict_keys(['execute_python_operators2']) retrieved from /home/carlosfalcone/airflow/dags/python_operators2.py
[2024-03-23T21:18:58.419-0300] {logging_mixin.py:137} INFO - [2024-03-23T21:18:58.419-0300] {dag.py:2705} INFO - Sync 1 DAGs
[2024-03-23T21:18:58.435-0300] {logging_mixin.py:137} INFO - [2024-03-23T21:18:58.435-0300] {dag.py:3456} INFO - Setting next_dagrun for execute_python_operators2 to 2024-03-24T00:00:00+00:00, run_after=2024-03-25T00:00:00+00:00
[2024-03-23T21:18:58.451-0300] {processor.py:175} INFO - Processing /home/carlosfalcone/airflow/dags/python_operators2.py took 0.055 seconds
[2024-03-23T21:19:28.680-0300] {processor.py:153} INFO - Started process (PID=9673) to work on /home/carlosfalcone/airflow/dags/python_operators2.py
[2024-03-23T21:19:28.681-0300] {processor.py:743} INFO - Processing file /home/carlosfalcone/airflow/dags/python_operators2.py for tasks to queue
[2024-03-23T21:19:28.681-0300] {logging_mixin.py:137} INFO - [2024-03-23T21:19:28.681-0300] {dagbag.py:532} INFO - Filling up the DagBag from /home/carlosfalcone/airflow/dags/python_operators2.py
[2024-03-23T21:19:28.691-0300] {processor.py:753} INFO - DAG(s) dict_keys(['execute_python_operators2']) retrieved from /home/carlosfalcone/airflow/dags/python_operators2.py
[2024-03-23T21:19:28.702-0300] {logging_mixin.py:137} INFO - [2024-03-23T21:19:28.702-0300] {dag.py:2705} INFO - Sync 1 DAGs
[2024-03-23T21:19:28.718-0300] {logging_mixin.py:137} INFO - [2024-03-23T21:19:28.718-0300] {dag.py:3456} INFO - Setting next_dagrun for execute_python_operators2 to 2024-03-24T00:00:00+00:00, run_after=2024-03-25T00:00:00+00:00
[2024-03-23T21:19:28.734-0300] {processor.py:175} INFO - Processing /home/carlosfalcone/airflow/dags/python_operators2.py took 0.055 seconds
[2024-03-23T21:19:58.964-0300] {processor.py:153} INFO - Started process (PID=9728) to work on /home/carlosfalcone/airflow/dags/python_operators2.py
[2024-03-23T21:19:58.965-0300] {processor.py:743} INFO - Processing file /home/carlosfalcone/airflow/dags/python_operators2.py for tasks to queue
[2024-03-23T21:19:58.965-0300] {logging_mixin.py:137} INFO - [2024-03-23T21:19:58.965-0300] {dagbag.py:532} INFO - Filling up the DagBag from /home/carlosfalcone/airflow/dags/python_operators2.py
[2024-03-23T21:19:58.975-0300] {processor.py:753} INFO - DAG(s) dict_keys(['execute_python_operators2']) retrieved from /home/carlosfalcone/airflow/dags/python_operators2.py
[2024-03-23T21:19:58.986-0300] {logging_mixin.py:137} INFO - [2024-03-23T21:19:58.986-0300] {dag.py:2705} INFO - Sync 1 DAGs
[2024-03-23T21:19:59.002-0300] {logging_mixin.py:137} INFO - [2024-03-23T21:19:59.002-0300] {dag.py:3456} INFO - Setting next_dagrun for execute_python_operators2 to 2024-03-24T00:00:00+00:00, run_after=2024-03-25T00:00:00+00:00
[2024-03-23T21:19:59.018-0300] {processor.py:175} INFO - Processing /home/carlosfalcone/airflow/dags/python_operators2.py took 0.056 seconds
[2024-03-23T21:20:29.247-0300] {processor.py:153} INFO - Started process (PID=9783) to work on /home/carlosfalcone/airflow/dags/python_operators2.py
[2024-03-23T21:20:29.248-0300] {processor.py:743} INFO - Processing file /home/carlosfalcone/airflow/dags/python_operators2.py for tasks to queue
[2024-03-23T21:20:29.248-0300] {logging_mixin.py:137} INFO - [2024-03-23T21:20:29.248-0300] {dagbag.py:532} INFO - Filling up the DagBag from /home/carlosfalcone/airflow/dags/python_operators2.py
[2024-03-23T21:20:29.258-0300] {processor.py:753} INFO - DAG(s) dict_keys(['execute_python_operators2']) retrieved from /home/carlosfalcone/airflow/dags/python_operators2.py
[2024-03-23T21:20:29.270-0300] {logging_mixin.py:137} INFO - [2024-03-23T21:20:29.270-0300] {dag.py:2705} INFO - Sync 1 DAGs
[2024-03-23T21:20:29.286-0300] {logging_mixin.py:137} INFO - [2024-03-23T21:20:29.286-0300] {dag.py:3456} INFO - Setting next_dagrun for execute_python_operators2 to 2024-03-24T00:00:00+00:00, run_after=2024-03-25T00:00:00+00:00
[2024-03-23T21:20:29.303-0300] {processor.py:175} INFO - Processing /home/carlosfalcone/airflow/dags/python_operators2.py took 0.058 seconds
[2024-03-23T21:20:59.530-0300] {processor.py:153} INFO - Started process (PID=9838) to work on /home/carlosfalcone/airflow/dags/python_operators2.py
[2024-03-23T21:20:59.531-0300] {processor.py:743} INFO - Processing file /home/carlosfalcone/airflow/dags/python_operators2.py for tasks to queue
[2024-03-23T21:20:59.531-0300] {logging_mixin.py:137} INFO - [2024-03-23T21:20:59.531-0300] {dagbag.py:532} INFO - Filling up the DagBag from /home/carlosfalcone/airflow/dags/python_operators2.py
[2024-03-23T21:20:59.541-0300] {processor.py:753} INFO - DAG(s) dict_keys(['execute_python_operators2']) retrieved from /home/carlosfalcone/airflow/dags/python_operators2.py
[2024-03-23T21:20:59.552-0300] {logging_mixin.py:137} INFO - [2024-03-23T21:20:59.552-0300] {dag.py:2705} INFO - Sync 1 DAGs
[2024-03-23T21:20:59.569-0300] {logging_mixin.py:137} INFO - [2024-03-23T21:20:59.569-0300] {dag.py:3456} INFO - Setting next_dagrun for execute_python_operators2 to 2024-03-24T00:00:00+00:00, run_after=2024-03-25T00:00:00+00:00
[2024-03-23T21:20:59.586-0300] {processor.py:175} INFO - Processing /home/carlosfalcone/airflow/dags/python_operators2.py took 0.058 seconds
[2024-03-23T21:21:29.713-0300] {processor.py:153} INFO - Started process (PID=9893) to work on /home/carlosfalcone/airflow/dags/python_operators2.py
[2024-03-23T21:21:29.714-0300] {processor.py:743} INFO - Processing file /home/carlosfalcone/airflow/dags/python_operators2.py for tasks to queue
[2024-03-23T21:21:29.714-0300] {logging_mixin.py:137} INFO - [2024-03-23T21:21:29.714-0300] {dagbag.py:532} INFO - Filling up the DagBag from /home/carlosfalcone/airflow/dags/python_operators2.py
[2024-03-23T21:21:29.724-0300] {processor.py:753} INFO - DAG(s) dict_keys(['execute_python_operators2']) retrieved from /home/carlosfalcone/airflow/dags/python_operators2.py
[2024-03-23T21:21:29.735-0300] {logging_mixin.py:137} INFO - [2024-03-23T21:21:29.735-0300] {dag.py:2705} INFO - Sync 1 DAGs
[2024-03-23T21:21:29.753-0300] {logging_mixin.py:137} INFO - [2024-03-23T21:21:29.753-0300] {dag.py:3456} INFO - Setting next_dagrun for execute_python_operators2 to 2024-03-24T00:00:00+00:00, run_after=2024-03-25T00:00:00+00:00
[2024-03-23T21:21:29.770-0300] {processor.py:175} INFO - Processing /home/carlosfalcone/airflow/dags/python_operators2.py took 0.059 seconds
[2024-03-23T21:21:59.956-0300] {processor.py:153} INFO - Started process (PID=9948) to work on /home/carlosfalcone/airflow/dags/python_operators2.py
[2024-03-23T21:21:59.956-0300] {processor.py:743} INFO - Processing file /home/carlosfalcone/airflow/dags/python_operators2.py for tasks to queue
[2024-03-23T21:21:59.957-0300] {logging_mixin.py:137} INFO - [2024-03-23T21:21:59.957-0300] {dagbag.py:532} INFO - Filling up the DagBag from /home/carlosfalcone/airflow/dags/python_operators2.py
[2024-03-23T21:21:59.966-0300] {processor.py:753} INFO - DAG(s) dict_keys(['execute_python_operators2']) retrieved from /home/carlosfalcone/airflow/dags/python_operators2.py
[2024-03-23T21:21:59.978-0300] {logging_mixin.py:137} INFO - [2024-03-23T21:21:59.978-0300] {dag.py:2705} INFO - Sync 1 DAGs
[2024-03-23T21:21:59.994-0300] {logging_mixin.py:137} INFO - [2024-03-23T21:21:59.994-0300] {dag.py:3456} INFO - Setting next_dagrun for execute_python_operators2 to 2024-03-24T00:00:00+00:00, run_after=2024-03-25T00:00:00+00:00
[2024-03-23T21:22:00.010-0300] {processor.py:175} INFO - Processing /home/carlosfalcone/airflow/dags/python_operators2.py took 0.056 seconds
[2024-03-23T21:22:30.223-0300] {processor.py:153} INFO - Started process (PID=10003) to work on /home/carlosfalcone/airflow/dags/python_operators2.py
[2024-03-23T21:22:30.224-0300] {processor.py:743} INFO - Processing file /home/carlosfalcone/airflow/dags/python_operators2.py for tasks to queue
[2024-03-23T21:22:30.224-0300] {logging_mixin.py:137} INFO - [2024-03-23T21:22:30.224-0300] {dagbag.py:532} INFO - Filling up the DagBag from /home/carlosfalcone/airflow/dags/python_operators2.py
[2024-03-23T21:22:30.233-0300] {processor.py:753} INFO - DAG(s) dict_keys(['execute_python_operators2']) retrieved from /home/carlosfalcone/airflow/dags/python_operators2.py
[2024-03-23T21:22:30.245-0300] {logging_mixin.py:137} INFO - [2024-03-23T21:22:30.245-0300] {dag.py:2705} INFO - Sync 1 DAGs
[2024-03-23T21:22:30.262-0300] {logging_mixin.py:137} INFO - [2024-03-23T21:22:30.262-0300] {dag.py:3456} INFO - Setting next_dagrun for execute_python_operators2 to 2024-03-24T00:00:00+00:00, run_after=2024-03-25T00:00:00+00:00
[2024-03-23T21:22:30.278-0300] {processor.py:175} INFO - Processing /home/carlosfalcone/airflow/dags/python_operators2.py took 0.057 seconds
