[2024-03-23T21:00:49.354-0300] {processor.py:153} INFO - Started process (PID=7632) to work on /home/carlosfalcone/airflow/dags/simple_hello.py
[2024-03-23T21:00:49.355-0300] {processor.py:743} INFO - Processing file /home/carlosfalcone/airflow/dags/simple_hello.py for tasks to queue
[2024-03-23T21:00:49.355-0300] {logging_mixin.py:137} INFO - [2024-03-23T21:00:49.355-0300] {dagbag.py:532} INFO - Filling up the DagBag from /home/carlosfalcone/airflow/dags/simple_hello.py
[2024-03-23T21:00:49.364-0300] {processor.py:753} INFO - DAG(s) dict_keys(['hello_world']) retrieved from /home/carlosfalcone/airflow/dags/simple_hello.py
[2024-03-23T21:00:49.399-0300] {logging_mixin.py:137} INFO - [2024-03-23T21:00:49.399-0300] {dag.py:2705} INFO - Sync 1 DAGs
[2024-03-23T21:00:49.414-0300] {logging_mixin.py:137} INFO - [2024-03-23T21:00:49.414-0300] {dag.py:3456} INFO - Setting next_dagrun for hello_world to 2024-03-24T00:00:00+00:00, run_after=2024-03-25T00:00:00+00:00
[2024-03-23T21:00:49.432-0300] {processor.py:175} INFO - Processing /home/carlosfalcone/airflow/dags/simple_hello.py took 0.079 seconds
[2024-03-23T21:01:20.916-0300] {processor.py:153} INFO - Started process (PID=7687) to work on /home/carlosfalcone/airflow/dags/simple_hello.py
[2024-03-23T21:01:20.916-0300] {processor.py:743} INFO - Processing file /home/carlosfalcone/airflow/dags/simple_hello.py for tasks to queue
[2024-03-23T21:01:20.917-0300] {logging_mixin.py:137} INFO - [2024-03-23T21:01:20.917-0300] {dagbag.py:532} INFO - Filling up the DagBag from /home/carlosfalcone/airflow/dags/simple_hello.py
[2024-03-23T21:01:20.926-0300] {processor.py:753} INFO - DAG(s) dict_keys(['hello_world']) retrieved from /home/carlosfalcone/airflow/dags/simple_hello.py
[2024-03-23T21:01:20.937-0300] {logging_mixin.py:137} INFO - [2024-03-23T21:01:20.937-0300] {dag.py:2705} INFO - Sync 1 DAGs
[2024-03-23T21:01:20.953-0300] {logging_mixin.py:137} INFO - [2024-03-23T21:01:20.953-0300] {dag.py:3456} INFO - Setting next_dagrun for hello_world to 2024-03-24T00:00:00+00:00, run_after=2024-03-25T00:00:00+00:00
[2024-03-23T21:01:20.970-0300] {processor.py:175} INFO - Processing /home/carlosfalcone/airflow/dags/simple_hello.py took 0.057 seconds
[2024-03-23T21:01:52.728-0300] {processor.py:153} INFO - Started process (PID=7761) to work on /home/carlosfalcone/airflow/dags/simple_hello.py
[2024-03-23T21:01:52.728-0300] {processor.py:743} INFO - Processing file /home/carlosfalcone/airflow/dags/simple_hello.py for tasks to queue
[2024-03-23T21:01:52.729-0300] {logging_mixin.py:137} INFO - [2024-03-23T21:01:52.729-0300] {dagbag.py:532} INFO - Filling up the DagBag from /home/carlosfalcone/airflow/dags/simple_hello.py
[2024-03-23T21:01:52.738-0300] {processor.py:753} INFO - DAG(s) dict_keys(['hello_world']) retrieved from /home/carlosfalcone/airflow/dags/simple_hello.py
[2024-03-23T21:01:52.750-0300] {logging_mixin.py:137} INFO - [2024-03-23T21:01:52.750-0300] {dag.py:2705} INFO - Sync 1 DAGs
[2024-03-23T21:01:52.767-0300] {logging_mixin.py:137} INFO - [2024-03-23T21:01:52.767-0300] {dag.py:3456} INFO - Setting next_dagrun for hello_world to 2024-03-24T00:00:00+00:00, run_after=2024-03-25T00:00:00+00:00
[2024-03-23T21:01:52.783-0300] {processor.py:175} INFO - Processing /home/carlosfalcone/airflow/dags/simple_hello.py took 0.057 seconds
[2024-03-23T21:02:23.136-0300] {processor.py:153} INFO - Started process (PID=7816) to work on /home/carlosfalcone/airflow/dags/simple_hello.py
[2024-03-23T21:02:23.137-0300] {processor.py:743} INFO - Processing file /home/carlosfalcone/airflow/dags/simple_hello.py for tasks to queue
[2024-03-23T21:02:23.138-0300] {logging_mixin.py:137} INFO - [2024-03-23T21:02:23.138-0300] {dagbag.py:532} INFO - Filling up the DagBag from /home/carlosfalcone/airflow/dags/simple_hello.py
[2024-03-23T21:02:23.146-0300] {processor.py:753} INFO - DAG(s) dict_keys(['hello_world']) retrieved from /home/carlosfalcone/airflow/dags/simple_hello.py
[2024-03-23T21:02:23.157-0300] {logging_mixin.py:137} INFO - [2024-03-23T21:02:23.157-0300] {dag.py:2705} INFO - Sync 1 DAGs
[2024-03-23T21:02:23.173-0300] {logging_mixin.py:137} INFO - [2024-03-23T21:02:23.173-0300] {dag.py:3456} INFO - Setting next_dagrun for hello_world to 2024-03-24T00:00:00+00:00, run_after=2024-03-25T00:00:00+00:00
[2024-03-23T21:02:23.189-0300] {processor.py:175} INFO - Processing /home/carlosfalcone/airflow/dags/simple_hello.py took 0.055 seconds
[2024-03-23T21:02:53.546-0300] {processor.py:153} INFO - Started process (PID=7871) to work on /home/carlosfalcone/airflow/dags/simple_hello.py
[2024-03-23T21:02:53.547-0300] {processor.py:743} INFO - Processing file /home/carlosfalcone/airflow/dags/simple_hello.py for tasks to queue
[2024-03-23T21:02:53.547-0300] {logging_mixin.py:137} INFO - [2024-03-23T21:02:53.547-0300] {dagbag.py:532} INFO - Filling up the DagBag from /home/carlosfalcone/airflow/dags/simple_hello.py
[2024-03-23T21:02:53.556-0300] {processor.py:753} INFO - DAG(s) dict_keys(['hello_world']) retrieved from /home/carlosfalcone/airflow/dags/simple_hello.py
[2024-03-23T21:02:53.567-0300] {logging_mixin.py:137} INFO - [2024-03-23T21:02:53.567-0300] {dag.py:2705} INFO - Sync 1 DAGs
[2024-03-23T21:02:53.582-0300] {logging_mixin.py:137} INFO - [2024-03-23T21:02:53.582-0300] {dag.py:3456} INFO - Setting next_dagrun for hello_world to 2024-03-24T00:00:00+00:00, run_after=2024-03-25T00:00:00+00:00
[2024-03-23T21:02:53.599-0300] {processor.py:175} INFO - Processing /home/carlosfalcone/airflow/dags/simple_hello.py took 0.055 seconds
[2024-03-23T21:03:23.963-0300] {processor.py:153} INFO - Started process (PID=7926) to work on /home/carlosfalcone/airflow/dags/simple_hello.py
[2024-03-23T21:03:23.964-0300] {processor.py:743} INFO - Processing file /home/carlosfalcone/airflow/dags/simple_hello.py for tasks to queue
[2024-03-23T21:03:23.964-0300] {logging_mixin.py:137} INFO - [2024-03-23T21:03:23.964-0300] {dagbag.py:532} INFO - Filling up the DagBag from /home/carlosfalcone/airflow/dags/simple_hello.py
[2024-03-23T21:03:23.973-0300] {processor.py:753} INFO - DAG(s) dict_keys(['hello_world']) retrieved from /home/carlosfalcone/airflow/dags/simple_hello.py
[2024-03-23T21:03:23.984-0300] {logging_mixin.py:137} INFO - [2024-03-23T21:03:23.984-0300] {dag.py:2705} INFO - Sync 1 DAGs
[2024-03-23T21:03:24.000-0300] {logging_mixin.py:137} INFO - [2024-03-23T21:03:24.000-0300] {dag.py:3456} INFO - Setting next_dagrun for hello_world to 2024-03-24T00:00:00+00:00, run_after=2024-03-25T00:00:00+00:00
[2024-03-23T21:03:24.016-0300] {processor.py:175} INFO - Processing /home/carlosfalcone/airflow/dags/simple_hello.py took 0.055 seconds
[2024-03-23T21:03:54.298-0300] {processor.py:153} INFO - Started process (PID=7981) to work on /home/carlosfalcone/airflow/dags/simple_hello.py
[2024-03-23T21:03:54.299-0300] {processor.py:743} INFO - Processing file /home/carlosfalcone/airflow/dags/simple_hello.py for tasks to queue
[2024-03-23T21:03:54.299-0300] {logging_mixin.py:137} INFO - [2024-03-23T21:03:54.299-0300] {dagbag.py:532} INFO - Filling up the DagBag from /home/carlosfalcone/airflow/dags/simple_hello.py
[2024-03-23T21:03:54.308-0300] {processor.py:753} INFO - DAG(s) dict_keys(['hello_world']) retrieved from /home/carlosfalcone/airflow/dags/simple_hello.py
[2024-03-23T21:03:54.319-0300] {logging_mixin.py:137} INFO - [2024-03-23T21:03:54.318-0300] {dag.py:2705} INFO - Sync 1 DAGs
[2024-03-23T21:03:54.334-0300] {logging_mixin.py:137} INFO - [2024-03-23T21:03:54.334-0300] {dag.py:3456} INFO - Setting next_dagrun for hello_world to 2024-03-24T00:00:00+00:00, run_after=2024-03-25T00:00:00+00:00
[2024-03-23T21:03:54.351-0300] {processor.py:175} INFO - Processing /home/carlosfalcone/airflow/dags/simple_hello.py took 0.054 seconds
[2024-03-23T21:04:24.583-0300] {processor.py:153} INFO - Started process (PID=8036) to work on /home/carlosfalcone/airflow/dags/simple_hello.py
[2024-03-23T21:04:24.584-0300] {processor.py:743} INFO - Processing file /home/carlosfalcone/airflow/dags/simple_hello.py for tasks to queue
[2024-03-23T21:04:24.585-0300] {logging_mixin.py:137} INFO - [2024-03-23T21:04:24.585-0300] {dagbag.py:532} INFO - Filling up the DagBag from /home/carlosfalcone/airflow/dags/simple_hello.py
[2024-03-23T21:04:24.594-0300] {processor.py:753} INFO - DAG(s) dict_keys(['hello_world']) retrieved from /home/carlosfalcone/airflow/dags/simple_hello.py
[2024-03-23T21:04:24.604-0300] {logging_mixin.py:137} INFO - [2024-03-23T21:04:24.604-0300] {dag.py:2705} INFO - Sync 1 DAGs
[2024-03-23T21:04:24.621-0300] {logging_mixin.py:137} INFO - [2024-03-23T21:04:24.621-0300] {dag.py:3456} INFO - Setting next_dagrun for hello_world to 2024-03-24T00:00:00+00:00, run_after=2024-03-25T00:00:00+00:00
[2024-03-23T21:04:24.637-0300] {processor.py:175} INFO - Processing /home/carlosfalcone/airflow/dags/simple_hello.py took 0.055 seconds
[2024-03-23T21:04:54.740-0300] {processor.py:153} INFO - Started process (PID=8092) to work on /home/carlosfalcone/airflow/dags/simple_hello.py
[2024-03-23T21:04:54.741-0300] {processor.py:743} INFO - Processing file /home/carlosfalcone/airflow/dags/simple_hello.py for tasks to queue
[2024-03-23T21:04:54.742-0300] {logging_mixin.py:137} INFO - [2024-03-23T21:04:54.742-0300] {dagbag.py:532} INFO - Filling up the DagBag from /home/carlosfalcone/airflow/dags/simple_hello.py
[2024-03-23T21:04:54.751-0300] {processor.py:753} INFO - DAG(s) dict_keys(['hello_world']) retrieved from /home/carlosfalcone/airflow/dags/simple_hello.py
[2024-03-23T21:04:54.762-0300] {logging_mixin.py:137} INFO - [2024-03-23T21:04:54.762-0300] {dag.py:2705} INFO - Sync 1 DAGs
[2024-03-23T21:04:54.777-0300] {logging_mixin.py:137} INFO - [2024-03-23T21:04:54.777-0300] {dag.py:3456} INFO - Setting next_dagrun for hello_world to 2024-03-24T00:00:00+00:00, run_after=2024-03-25T00:00:00+00:00
[2024-03-23T21:04:54.793-0300] {processor.py:175} INFO - Processing /home/carlosfalcone/airflow/dags/simple_hello.py took 0.054 seconds
[2024-03-23T21:05:24.897-0300] {processor.py:153} INFO - Started process (PID=8147) to work on /home/carlosfalcone/airflow/dags/simple_hello.py
[2024-03-23T21:05:24.897-0300] {processor.py:743} INFO - Processing file /home/carlosfalcone/airflow/dags/simple_hello.py for tasks to queue
[2024-03-23T21:05:24.898-0300] {logging_mixin.py:137} INFO - [2024-03-23T21:05:24.897-0300] {dagbag.py:532} INFO - Filling up the DagBag from /home/carlosfalcone/airflow/dags/simple_hello.py
[2024-03-23T21:05:24.907-0300] {processor.py:753} INFO - DAG(s) dict_keys(['hello_world']) retrieved from /home/carlosfalcone/airflow/dags/simple_hello.py
[2024-03-23T21:05:24.917-0300] {logging_mixin.py:137} INFO - [2024-03-23T21:05:24.917-0300] {dag.py:2705} INFO - Sync 1 DAGs
[2024-03-23T21:05:24.933-0300] {logging_mixin.py:137} INFO - [2024-03-23T21:05:24.933-0300] {dag.py:3456} INFO - Setting next_dagrun for hello_world to 2024-03-24T00:00:00+00:00, run_after=2024-03-25T00:00:00+00:00
[2024-03-23T21:05:24.948-0300] {processor.py:175} INFO - Processing /home/carlosfalcone/airflow/dags/simple_hello.py took 0.053 seconds
[2024-03-23T21:05:55.054-0300] {processor.py:153} INFO - Started process (PID=8202) to work on /home/carlosfalcone/airflow/dags/simple_hello.py
[2024-03-23T21:05:55.055-0300] {processor.py:743} INFO - Processing file /home/carlosfalcone/airflow/dags/simple_hello.py for tasks to queue
[2024-03-23T21:05:55.055-0300] {logging_mixin.py:137} INFO - [2024-03-23T21:05:55.055-0300] {dagbag.py:532} INFO - Filling up the DagBag from /home/carlosfalcone/airflow/dags/simple_hello.py
[2024-03-23T21:05:55.065-0300] {processor.py:753} INFO - DAG(s) dict_keys(['hello_world']) retrieved from /home/carlosfalcone/airflow/dags/simple_hello.py
[2024-03-23T21:05:55.075-0300] {logging_mixin.py:137} INFO - [2024-03-23T21:05:55.075-0300] {dag.py:2705} INFO - Sync 1 DAGs
[2024-03-23T21:05:55.091-0300] {logging_mixin.py:137} INFO - [2024-03-23T21:05:55.091-0300] {dag.py:3456} INFO - Setting next_dagrun for hello_world to 2024-03-24T00:00:00+00:00, run_after=2024-03-25T00:00:00+00:00
[2024-03-23T21:05:55.107-0300] {processor.py:175} INFO - Processing /home/carlosfalcone/airflow/dags/simple_hello.py took 0.055 seconds
[2024-03-23T21:06:25.212-0300] {processor.py:153} INFO - Started process (PID=8257) to work on /home/carlosfalcone/airflow/dags/simple_hello.py
[2024-03-23T21:06:25.213-0300] {processor.py:743} INFO - Processing file /home/carlosfalcone/airflow/dags/simple_hello.py for tasks to queue
[2024-03-23T21:06:25.213-0300] {logging_mixin.py:137} INFO - [2024-03-23T21:06:25.213-0300] {dagbag.py:532} INFO - Filling up the DagBag from /home/carlosfalcone/airflow/dags/simple_hello.py
[2024-03-23T21:06:25.221-0300] {processor.py:753} INFO - DAG(s) dict_keys(['hello_world']) retrieved from /home/carlosfalcone/airflow/dags/simple_hello.py
[2024-03-23T21:06:25.232-0300] {logging_mixin.py:137} INFO - [2024-03-23T21:06:25.232-0300] {dag.py:2705} INFO - Sync 1 DAGs
[2024-03-23T21:06:25.248-0300] {logging_mixin.py:137} INFO - [2024-03-23T21:06:25.248-0300] {dag.py:3456} INFO - Setting next_dagrun for hello_world to 2024-03-24T00:00:00+00:00, run_after=2024-03-25T00:00:00+00:00
[2024-03-23T21:06:25.264-0300] {processor.py:175} INFO - Processing /home/carlosfalcone/airflow/dags/simple_hello.py took 0.054 seconds
[2024-03-23T21:06:55.369-0300] {processor.py:153} INFO - Started process (PID=8312) to work on /home/carlosfalcone/airflow/dags/simple_hello.py
[2024-03-23T21:06:55.370-0300] {processor.py:743} INFO - Processing file /home/carlosfalcone/airflow/dags/simple_hello.py for tasks to queue
[2024-03-23T21:06:55.370-0300] {logging_mixin.py:137} INFO - [2024-03-23T21:06:55.370-0300] {dagbag.py:532} INFO - Filling up the DagBag from /home/carlosfalcone/airflow/dags/simple_hello.py
[2024-03-23T21:06:55.379-0300] {processor.py:753} INFO - DAG(s) dict_keys(['hello_world']) retrieved from /home/carlosfalcone/airflow/dags/simple_hello.py
[2024-03-23T21:06:55.390-0300] {logging_mixin.py:137} INFO - [2024-03-23T21:06:55.390-0300] {dag.py:2705} INFO - Sync 1 DAGs
[2024-03-23T21:06:55.406-0300] {logging_mixin.py:137} INFO - [2024-03-23T21:06:55.406-0300] {dag.py:3456} INFO - Setting next_dagrun for hello_world to 2024-03-24T00:00:00+00:00, run_after=2024-03-25T00:00:00+00:00
[2024-03-23T21:06:55.421-0300] {processor.py:175} INFO - Processing /home/carlosfalcone/airflow/dags/simple_hello.py took 0.054 seconds
[2024-03-23T21:07:25.524-0300] {processor.py:153} INFO - Started process (PID=8367) to work on /home/carlosfalcone/airflow/dags/simple_hello.py
[2024-03-23T21:07:25.524-0300] {processor.py:743} INFO - Processing file /home/carlosfalcone/airflow/dags/simple_hello.py for tasks to queue
[2024-03-23T21:07:25.524-0300] {logging_mixin.py:137} INFO - [2024-03-23T21:07:25.524-0300] {dagbag.py:532} INFO - Filling up the DagBag from /home/carlosfalcone/airflow/dags/simple_hello.py
[2024-03-23T21:07:25.533-0300] {processor.py:753} INFO - DAG(s) dict_keys(['hello_world']) retrieved from /home/carlosfalcone/airflow/dags/simple_hello.py
[2024-03-23T21:07:25.544-0300] {logging_mixin.py:137} INFO - [2024-03-23T21:07:25.544-0300] {dag.py:2705} INFO - Sync 1 DAGs
[2024-03-23T21:07:25.560-0300] {logging_mixin.py:137} INFO - [2024-03-23T21:07:25.560-0300] {dag.py:3456} INFO - Setting next_dagrun for hello_world to 2024-03-24T00:00:00+00:00, run_after=2024-03-25T00:00:00+00:00
[2024-03-23T21:07:25.576-0300] {processor.py:175} INFO - Processing /home/carlosfalcone/airflow/dags/simple_hello.py took 0.054 seconds
[2024-03-23T21:07:56.789-0300] {processor.py:153} INFO - Started process (PID=8422) to work on /home/carlosfalcone/airflow/dags/simple_hello.py
[2024-03-23T21:07:56.790-0300] {processor.py:743} INFO - Processing file /home/carlosfalcone/airflow/dags/simple_hello.py for tasks to queue
[2024-03-23T21:07:56.791-0300] {logging_mixin.py:137} INFO - [2024-03-23T21:07:56.791-0300] {dagbag.py:532} INFO - Filling up the DagBag from /home/carlosfalcone/airflow/dags/simple_hello.py
[2024-03-23T21:07:56.801-0300] {processor.py:753} INFO - DAG(s) dict_keys(['hello_world']) retrieved from /home/carlosfalcone/airflow/dags/simple_hello.py
[2024-03-23T21:07:56.814-0300] {logging_mixin.py:137} INFO - [2024-03-23T21:07:56.814-0300] {dag.py:2705} INFO - Sync 1 DAGs
[2024-03-23T21:07:56.831-0300] {logging_mixin.py:137} INFO - [2024-03-23T21:07:56.831-0300] {dag.py:3456} INFO - Setting next_dagrun for hello_world to 2024-03-24T00:00:00+00:00, run_after=2024-03-25T00:00:00+00:00
[2024-03-23T21:07:56.846-0300] {processor.py:175} INFO - Processing /home/carlosfalcone/airflow/dags/simple_hello.py took 0.058 seconds
[2024-03-23T21:08:26.924-0300] {processor.py:153} INFO - Started process (PID=8477) to work on /home/carlosfalcone/airflow/dags/simple_hello.py
[2024-03-23T21:08:26.924-0300] {processor.py:743} INFO - Processing file /home/carlosfalcone/airflow/dags/simple_hello.py for tasks to queue
[2024-03-23T21:08:26.925-0300] {logging_mixin.py:137} INFO - [2024-03-23T21:08:26.925-0300] {dagbag.py:532} INFO - Filling up the DagBag from /home/carlosfalcone/airflow/dags/simple_hello.py
[2024-03-23T21:08:26.936-0300] {processor.py:753} INFO - DAG(s) dict_keys(['hello_world']) retrieved from /home/carlosfalcone/airflow/dags/simple_hello.py
[2024-03-23T21:08:26.947-0300] {logging_mixin.py:137} INFO - [2024-03-23T21:08:26.947-0300] {dag.py:2705} INFO - Sync 1 DAGs
[2024-03-23T21:08:26.963-0300] {logging_mixin.py:137} INFO - [2024-03-23T21:08:26.963-0300] {dag.py:3456} INFO - Setting next_dagrun for hello_world to 2024-03-24T00:00:00+00:00, run_after=2024-03-25T00:00:00+00:00
[2024-03-23T21:08:26.980-0300] {processor.py:175} INFO - Processing /home/carlosfalcone/airflow/dags/simple_hello.py took 0.058 seconds
[2024-03-23T21:08:57.080-0300] {processor.py:153} INFO - Started process (PID=8532) to work on /home/carlosfalcone/airflow/dags/simple_hello.py
[2024-03-23T21:08:57.081-0300] {processor.py:743} INFO - Processing file /home/carlosfalcone/airflow/dags/simple_hello.py for tasks to queue
[2024-03-23T21:08:57.081-0300] {logging_mixin.py:137} INFO - [2024-03-23T21:08:57.081-0300] {dagbag.py:532} INFO - Filling up the DagBag from /home/carlosfalcone/airflow/dags/simple_hello.py
[2024-03-23T21:08:57.090-0300] {processor.py:753} INFO - DAG(s) dict_keys(['hello_world']) retrieved from /home/carlosfalcone/airflow/dags/simple_hello.py
[2024-03-23T21:08:57.101-0300] {logging_mixin.py:137} INFO - [2024-03-23T21:08:57.101-0300] {dag.py:2705} INFO - Sync 1 DAGs
[2024-03-23T21:08:57.116-0300] {logging_mixin.py:137} INFO - [2024-03-23T21:08:57.116-0300] {dag.py:3456} INFO - Setting next_dagrun for hello_world to 2024-03-24T00:00:00+00:00, run_after=2024-03-25T00:00:00+00:00
[2024-03-23T21:08:57.131-0300] {processor.py:175} INFO - Processing /home/carlosfalcone/airflow/dags/simple_hello.py took 0.053 seconds
[2024-03-23T21:09:27.234-0300] {processor.py:153} INFO - Started process (PID=8587) to work on /home/carlosfalcone/airflow/dags/simple_hello.py
[2024-03-23T21:09:27.235-0300] {processor.py:743} INFO - Processing file /home/carlosfalcone/airflow/dags/simple_hello.py for tasks to queue
[2024-03-23T21:09:27.236-0300] {logging_mixin.py:137} INFO - [2024-03-23T21:09:27.236-0300] {dagbag.py:532} INFO - Filling up the DagBag from /home/carlosfalcone/airflow/dags/simple_hello.py
[2024-03-23T21:09:27.245-0300] {processor.py:753} INFO - DAG(s) dict_keys(['hello_world']) retrieved from /home/carlosfalcone/airflow/dags/simple_hello.py
[2024-03-23T21:09:27.256-0300] {logging_mixin.py:137} INFO - [2024-03-23T21:09:27.256-0300] {dag.py:2705} INFO - Sync 1 DAGs
[2024-03-23T21:09:27.271-0300] {logging_mixin.py:137} INFO - [2024-03-23T21:09:27.271-0300] {dag.py:3456} INFO - Setting next_dagrun for hello_world to 2024-03-24T00:00:00+00:00, run_after=2024-03-25T00:00:00+00:00
[2024-03-23T21:09:27.287-0300] {processor.py:175} INFO - Processing /home/carlosfalcone/airflow/dags/simple_hello.py took 0.054 seconds
[2024-03-23T21:09:57.389-0300] {processor.py:153} INFO - Started process (PID=8642) to work on /home/carlosfalcone/airflow/dags/simple_hello.py
[2024-03-23T21:09:57.390-0300] {processor.py:743} INFO - Processing file /home/carlosfalcone/airflow/dags/simple_hello.py for tasks to queue
[2024-03-23T21:09:57.390-0300] {logging_mixin.py:137} INFO - [2024-03-23T21:09:57.390-0300] {dagbag.py:532} INFO - Filling up the DagBag from /home/carlosfalcone/airflow/dags/simple_hello.py
[2024-03-23T21:09:57.399-0300] {processor.py:753} INFO - DAG(s) dict_keys(['hello_world']) retrieved from /home/carlosfalcone/airflow/dags/simple_hello.py
[2024-03-23T21:09:57.410-0300] {logging_mixin.py:137} INFO - [2024-03-23T21:09:57.410-0300] {dag.py:2705} INFO - Sync 1 DAGs
[2024-03-23T21:09:57.426-0300] {logging_mixin.py:137} INFO - [2024-03-23T21:09:57.426-0300] {dag.py:3456} INFO - Setting next_dagrun for hello_world to 2024-03-24T00:00:00+00:00, run_after=2024-03-25T00:00:00+00:00
[2024-03-23T21:09:57.442-0300] {processor.py:175} INFO - Processing /home/carlosfalcone/airflow/dags/simple_hello.py took 0.055 seconds
[2024-03-23T21:10:27.506-0300] {processor.py:153} INFO - Started process (PID=8694) to work on /home/carlosfalcone/airflow/dags/simple_hello.py
[2024-03-23T21:10:27.508-0300] {processor.py:743} INFO - Processing file /home/carlosfalcone/airflow/dags/simple_hello.py for tasks to queue
[2024-03-23T21:10:27.508-0300] {logging_mixin.py:137} INFO - [2024-03-23T21:10:27.508-0300] {dagbag.py:532} INFO - Filling up the DagBag from /home/carlosfalcone/airflow/dags/simple_hello.py
[2024-03-23T21:10:27.517-0300] {processor.py:753} INFO - DAG(s) dict_keys(['hello_world']) retrieved from /home/carlosfalcone/airflow/dags/simple_hello.py
[2024-03-23T21:10:27.528-0300] {logging_mixin.py:137} INFO - [2024-03-23T21:10:27.528-0300] {dag.py:2705} INFO - Sync 1 DAGs
[2024-03-23T21:10:27.545-0300] {logging_mixin.py:137} INFO - [2024-03-23T21:10:27.545-0300] {dag.py:3456} INFO - Setting next_dagrun for hello_world to 2024-03-24T00:00:00+00:00, run_after=2024-03-25T00:00:00+00:00
[2024-03-23T21:10:27.560-0300] {processor.py:175} INFO - Processing /home/carlosfalcone/airflow/dags/simple_hello.py took 0.055 seconds
[2024-03-23T21:10:57.922-0300] {processor.py:153} INFO - Started process (PID=8752) to work on /home/carlosfalcone/airflow/dags/simple_hello.py
[2024-03-23T21:10:57.924-0300] {processor.py:743} INFO - Processing file /home/carlosfalcone/airflow/dags/simple_hello.py for tasks to queue
[2024-03-23T21:10:57.924-0300] {logging_mixin.py:137} INFO - [2024-03-23T21:10:57.924-0300] {dagbag.py:532} INFO - Filling up the DagBag from /home/carlosfalcone/airflow/dags/simple_hello.py
[2024-03-23T21:10:57.933-0300] {processor.py:753} INFO - DAG(s) dict_keys(['hello_world']) retrieved from /home/carlosfalcone/airflow/dags/simple_hello.py
[2024-03-23T21:10:57.945-0300] {logging_mixin.py:137} INFO - [2024-03-23T21:10:57.945-0300] {dag.py:2705} INFO - Sync 1 DAGs
[2024-03-23T21:10:57.961-0300] {logging_mixin.py:137} INFO - [2024-03-23T21:10:57.961-0300] {dag.py:3456} INFO - Setting next_dagrun for hello_world to 2024-03-24T00:00:00+00:00, run_after=2024-03-25T00:00:00+00:00
[2024-03-23T21:10:57.977-0300] {processor.py:175} INFO - Processing /home/carlosfalcone/airflow/dags/simple_hello.py took 0.056 seconds
[2024-03-23T21:11:28.336-0300] {processor.py:153} INFO - Started process (PID=8807) to work on /home/carlosfalcone/airflow/dags/simple_hello.py
[2024-03-23T21:11:28.337-0300] {processor.py:743} INFO - Processing file /home/carlosfalcone/airflow/dags/simple_hello.py for tasks to queue
[2024-03-23T21:11:28.337-0300] {logging_mixin.py:137} INFO - [2024-03-23T21:11:28.337-0300] {dagbag.py:532} INFO - Filling up the DagBag from /home/carlosfalcone/airflow/dags/simple_hello.py
[2024-03-23T21:11:28.346-0300] {processor.py:753} INFO - DAG(s) dict_keys(['hello_world']) retrieved from /home/carlosfalcone/airflow/dags/simple_hello.py
[2024-03-23T21:11:28.357-0300] {logging_mixin.py:137} INFO - [2024-03-23T21:11:28.357-0300] {dag.py:2705} INFO - Sync 1 DAGs
[2024-03-23T21:11:28.374-0300] {logging_mixin.py:137} INFO - [2024-03-23T21:11:28.374-0300] {dag.py:3456} INFO - Setting next_dagrun for hello_world to 2024-03-24T00:00:00+00:00, run_after=2024-03-25T00:00:00+00:00
[2024-03-23T21:11:28.391-0300] {processor.py:175} INFO - Processing /home/carlosfalcone/airflow/dags/simple_hello.py took 0.057 seconds
[2024-03-23T21:11:58.748-0300] {processor.py:153} INFO - Started process (PID=8862) to work on /home/carlosfalcone/airflow/dags/simple_hello.py
[2024-03-23T21:11:58.749-0300] {processor.py:743} INFO - Processing file /home/carlosfalcone/airflow/dags/simple_hello.py for tasks to queue
[2024-03-23T21:11:58.749-0300] {logging_mixin.py:137} INFO - [2024-03-23T21:11:58.749-0300] {dagbag.py:532} INFO - Filling up the DagBag from /home/carlosfalcone/airflow/dags/simple_hello.py
[2024-03-23T21:11:58.759-0300] {processor.py:753} INFO - DAG(s) dict_keys(['hello_world']) retrieved from /home/carlosfalcone/airflow/dags/simple_hello.py
[2024-03-23T21:11:58.771-0300] {logging_mixin.py:137} INFO - [2024-03-23T21:11:58.771-0300] {dag.py:2705} INFO - Sync 1 DAGs
[2024-03-23T21:11:58.787-0300] {logging_mixin.py:137} INFO - [2024-03-23T21:11:58.787-0300] {dag.py:3456} INFO - Setting next_dagrun for hello_world to 2024-03-24T00:00:00+00:00, run_after=2024-03-25T00:00:00+00:00
[2024-03-23T21:11:58.802-0300] {processor.py:175} INFO - Processing /home/carlosfalcone/airflow/dags/simple_hello.py took 0.056 seconds
[2024-03-23T21:12:30.291-0300] {processor.py:153} INFO - Started process (PID=8917) to work on /home/carlosfalcone/airflow/dags/simple_hello.py
[2024-03-23T21:12:30.292-0300] {processor.py:743} INFO - Processing file /home/carlosfalcone/airflow/dags/simple_hello.py for tasks to queue
[2024-03-23T21:12:30.292-0300] {logging_mixin.py:137} INFO - [2024-03-23T21:12:30.292-0300] {dagbag.py:532} INFO - Filling up the DagBag from /home/carlosfalcone/airflow/dags/simple_hello.py
[2024-03-23T21:12:30.301-0300] {processor.py:753} INFO - DAG(s) dict_keys(['hello_world']) retrieved from /home/carlosfalcone/airflow/dags/simple_hello.py
[2024-03-23T21:12:30.312-0300] {logging_mixin.py:137} INFO - [2024-03-23T21:12:30.312-0300] {dag.py:2705} INFO - Sync 1 DAGs
[2024-03-23T21:12:30.328-0300] {logging_mixin.py:137} INFO - [2024-03-23T21:12:30.328-0300] {dag.py:3456} INFO - Setting next_dagrun for hello_world to 2024-03-24T00:00:00+00:00, run_after=2024-03-25T00:00:00+00:00
[2024-03-23T21:12:30.343-0300] {processor.py:175} INFO - Processing /home/carlosfalcone/airflow/dags/simple_hello.py took 0.054 seconds
[2024-03-23T21:13:00.600-0300] {processor.py:153} INFO - Started process (PID=8972) to work on /home/carlosfalcone/airflow/dags/simple_hello.py
[2024-03-23T21:13:00.602-0300] {processor.py:743} INFO - Processing file /home/carlosfalcone/airflow/dags/simple_hello.py for tasks to queue
[2024-03-23T21:13:00.602-0300] {logging_mixin.py:137} INFO - [2024-03-23T21:13:00.602-0300] {dagbag.py:532} INFO - Filling up the DagBag from /home/carlosfalcone/airflow/dags/simple_hello.py
[2024-03-23T21:13:00.611-0300] {processor.py:753} INFO - DAG(s) dict_keys(['hello_world']) retrieved from /home/carlosfalcone/airflow/dags/simple_hello.py
[2024-03-23T21:13:00.621-0300] {logging_mixin.py:137} INFO - [2024-03-23T21:13:00.621-0300] {dag.py:2705} INFO - Sync 1 DAGs
[2024-03-23T21:13:00.637-0300] {logging_mixin.py:137} INFO - [2024-03-23T21:13:00.637-0300] {dag.py:3456} INFO - Setting next_dagrun for hello_world to 2024-03-24T00:00:00+00:00, run_after=2024-03-25T00:00:00+00:00
[2024-03-23T21:13:00.653-0300] {processor.py:175} INFO - Processing /home/carlosfalcone/airflow/dags/simple_hello.py took 0.054 seconds
[2024-03-23T21:13:30.911-0300] {processor.py:153} INFO - Started process (PID=9027) to work on /home/carlosfalcone/airflow/dags/simple_hello.py
[2024-03-23T21:13:30.912-0300] {processor.py:743} INFO - Processing file /home/carlosfalcone/airflow/dags/simple_hello.py for tasks to queue
[2024-03-23T21:13:30.913-0300] {logging_mixin.py:137} INFO - [2024-03-23T21:13:30.913-0300] {dagbag.py:532} INFO - Filling up the DagBag from /home/carlosfalcone/airflow/dags/simple_hello.py
[2024-03-23T21:13:30.922-0300] {processor.py:753} INFO - DAG(s) dict_keys(['hello_world']) retrieved from /home/carlosfalcone/airflow/dags/simple_hello.py
[2024-03-23T21:13:30.932-0300] {logging_mixin.py:137} INFO - [2024-03-23T21:13:30.932-0300] {dag.py:2705} INFO - Sync 1 DAGs
[2024-03-23T21:13:30.948-0300] {logging_mixin.py:137} INFO - [2024-03-23T21:13:30.948-0300] {dag.py:3456} INFO - Setting next_dagrun for hello_world to 2024-03-24T00:00:00+00:00, run_after=2024-03-25T00:00:00+00:00
[2024-03-23T21:13:30.964-0300] {processor.py:175} INFO - Processing /home/carlosfalcone/airflow/dags/simple_hello.py took 0.054 seconds
[2024-03-23T21:14:01.224-0300] {processor.py:153} INFO - Started process (PID=9082) to work on /home/carlosfalcone/airflow/dags/simple_hello.py
[2024-03-23T21:14:01.225-0300] {processor.py:743} INFO - Processing file /home/carlosfalcone/airflow/dags/simple_hello.py for tasks to queue
[2024-03-23T21:14:01.225-0300] {logging_mixin.py:137} INFO - [2024-03-23T21:14:01.225-0300] {dagbag.py:532} INFO - Filling up the DagBag from /home/carlosfalcone/airflow/dags/simple_hello.py
[2024-03-23T21:14:01.235-0300] {processor.py:753} INFO - DAG(s) dict_keys(['hello_world']) retrieved from /home/carlosfalcone/airflow/dags/simple_hello.py
[2024-03-23T21:14:01.246-0300] {logging_mixin.py:137} INFO - [2024-03-23T21:14:01.246-0300] {dag.py:2705} INFO - Sync 1 DAGs
[2024-03-23T21:14:01.262-0300] {logging_mixin.py:137} INFO - [2024-03-23T21:14:01.262-0300] {dag.py:3456} INFO - Setting next_dagrun for hello_world to 2024-03-24T00:00:00+00:00, run_after=2024-03-25T00:00:00+00:00
[2024-03-23T21:14:01.279-0300] {processor.py:175} INFO - Processing /home/carlosfalcone/airflow/dags/simple_hello.py took 0.056 seconds
[2024-03-23T21:14:32.350-0300] {processor.py:153} INFO - Started process (PID=9140) to work on /home/carlosfalcone/airflow/dags/simple_hello.py
[2024-03-23T21:14:32.351-0300] {processor.py:743} INFO - Processing file /home/carlosfalcone/airflow/dags/simple_hello.py for tasks to queue
[2024-03-23T21:14:32.351-0300] {logging_mixin.py:137} INFO - [2024-03-23T21:14:32.351-0300] {dagbag.py:532} INFO - Filling up the DagBag from /home/carlosfalcone/airflow/dags/simple_hello.py
[2024-03-23T21:14:32.360-0300] {processor.py:753} INFO - DAG(s) dict_keys(['hello_world']) retrieved from /home/carlosfalcone/airflow/dags/simple_hello.py
[2024-03-23T21:14:32.372-0300] {logging_mixin.py:137} INFO - [2024-03-23T21:14:32.372-0300] {dag.py:2705} INFO - Sync 1 DAGs
[2024-03-23T21:14:32.390-0300] {logging_mixin.py:137} INFO - [2024-03-23T21:14:32.390-0300] {dag.py:3456} INFO - Setting next_dagrun for hello_world to 2024-03-24T00:00:00+00:00, run_after=2024-03-25T00:00:00+00:00
[2024-03-23T21:14:32.405-0300] {processor.py:175} INFO - Processing /home/carlosfalcone/airflow/dags/simple_hello.py took 0.057 seconds
[2024-03-23T21:15:02.880-0300] {processor.py:153} INFO - Started process (PID=9195) to work on /home/carlosfalcone/airflow/dags/simple_hello.py
[2024-03-23T21:15:02.881-0300] {processor.py:743} INFO - Processing file /home/carlosfalcone/airflow/dags/simple_hello.py for tasks to queue
[2024-03-23T21:15:02.881-0300] {logging_mixin.py:137} INFO - [2024-03-23T21:15:02.881-0300] {dagbag.py:532} INFO - Filling up the DagBag from /home/carlosfalcone/airflow/dags/simple_hello.py
[2024-03-23T21:15:02.890-0300] {processor.py:753} INFO - DAG(s) dict_keys(['hello_world']) retrieved from /home/carlosfalcone/airflow/dags/simple_hello.py
[2024-03-23T21:15:02.901-0300] {logging_mixin.py:137} INFO - [2024-03-23T21:15:02.901-0300] {dag.py:2705} INFO - Sync 1 DAGs
[2024-03-23T21:15:02.917-0300] {logging_mixin.py:137} INFO - [2024-03-23T21:15:02.917-0300] {dag.py:3456} INFO - Setting next_dagrun for hello_world to 2024-03-24T00:00:00+00:00, run_after=2024-03-25T00:00:00+00:00
[2024-03-23T21:15:02.932-0300] {processor.py:175} INFO - Processing /home/carlosfalcone/airflow/dags/simple_hello.py took 0.054 seconds
[2024-03-23T21:15:33.189-0300] {processor.py:153} INFO - Started process (PID=9250) to work on /home/carlosfalcone/airflow/dags/simple_hello.py
[2024-03-23T21:15:33.190-0300] {processor.py:743} INFO - Processing file /home/carlosfalcone/airflow/dags/simple_hello.py for tasks to queue
[2024-03-23T21:15:33.190-0300] {logging_mixin.py:137} INFO - [2024-03-23T21:15:33.190-0300] {dagbag.py:532} INFO - Filling up the DagBag from /home/carlosfalcone/airflow/dags/simple_hello.py
[2024-03-23T21:15:33.199-0300] {processor.py:753} INFO - DAG(s) dict_keys(['hello_world']) retrieved from /home/carlosfalcone/airflow/dags/simple_hello.py
[2024-03-23T21:15:33.210-0300] {logging_mixin.py:137} INFO - [2024-03-23T21:15:33.210-0300] {dag.py:2705} INFO - Sync 1 DAGs
[2024-03-23T21:15:33.227-0300] {logging_mixin.py:137} INFO - [2024-03-23T21:15:33.227-0300] {dag.py:3456} INFO - Setting next_dagrun for hello_world to 2024-03-24T00:00:00+00:00, run_after=2024-03-25T00:00:00+00:00
[2024-03-23T21:15:33.242-0300] {processor.py:175} INFO - Processing /home/carlosfalcone/airflow/dags/simple_hello.py took 0.055 seconds
[2024-03-23T21:16:03.472-0300] {processor.py:153} INFO - Started process (PID=9305) to work on /home/carlosfalcone/airflow/dags/simple_hello.py
[2024-03-23T21:16:03.473-0300] {processor.py:743} INFO - Processing file /home/carlosfalcone/airflow/dags/simple_hello.py for tasks to queue
[2024-03-23T21:16:03.474-0300] {logging_mixin.py:137} INFO - [2024-03-23T21:16:03.474-0300] {dagbag.py:532} INFO - Filling up the DagBag from /home/carlosfalcone/airflow/dags/simple_hello.py
[2024-03-23T21:16:03.483-0300] {processor.py:753} INFO - DAG(s) dict_keys(['hello_world']) retrieved from /home/carlosfalcone/airflow/dags/simple_hello.py
[2024-03-23T21:16:03.494-0300] {logging_mixin.py:137} INFO - [2024-03-23T21:16:03.494-0300] {dag.py:2705} INFO - Sync 1 DAGs
[2024-03-23T21:16:03.509-0300] {logging_mixin.py:137} INFO - [2024-03-23T21:16:03.509-0300] {dag.py:3456} INFO - Setting next_dagrun for hello_world to 2024-03-24T00:00:00+00:00, run_after=2024-03-25T00:00:00+00:00
[2024-03-23T21:16:03.525-0300] {processor.py:175} INFO - Processing /home/carlosfalcone/airflow/dags/simple_hello.py took 0.054 seconds
[2024-03-23T21:16:33.789-0300] {processor.py:153} INFO - Started process (PID=9360) to work on /home/carlosfalcone/airflow/dags/simple_hello.py
[2024-03-23T21:16:33.791-0300] {processor.py:743} INFO - Processing file /home/carlosfalcone/airflow/dags/simple_hello.py for tasks to queue
[2024-03-23T21:16:33.791-0300] {logging_mixin.py:137} INFO - [2024-03-23T21:16:33.791-0300] {dagbag.py:532} INFO - Filling up the DagBag from /home/carlosfalcone/airflow/dags/simple_hello.py
[2024-03-23T21:16:33.800-0300] {processor.py:753} INFO - DAG(s) dict_keys(['hello_world']) retrieved from /home/carlosfalcone/airflow/dags/simple_hello.py
[2024-03-23T21:16:33.811-0300] {logging_mixin.py:137} INFO - [2024-03-23T21:16:33.811-0300] {dag.py:2705} INFO - Sync 1 DAGs
[2024-03-23T21:16:33.827-0300] {logging_mixin.py:137} INFO - [2024-03-23T21:16:33.827-0300] {dag.py:3456} INFO - Setting next_dagrun for hello_world to 2024-03-24T00:00:00+00:00, run_after=2024-03-25T00:00:00+00:00
[2024-03-23T21:16:33.842-0300] {processor.py:175} INFO - Processing /home/carlosfalcone/airflow/dags/simple_hello.py took 0.055 seconds
[2024-03-23T21:17:04.075-0300] {processor.py:153} INFO - Started process (PID=9415) to work on /home/carlosfalcone/airflow/dags/simple_hello.py
[2024-03-23T21:17:04.076-0300] {processor.py:743} INFO - Processing file /home/carlosfalcone/airflow/dags/simple_hello.py for tasks to queue
[2024-03-23T21:17:04.077-0300] {logging_mixin.py:137} INFO - [2024-03-23T21:17:04.077-0300] {dagbag.py:532} INFO - Filling up the DagBag from /home/carlosfalcone/airflow/dags/simple_hello.py
[2024-03-23T21:17:04.085-0300] {processor.py:753} INFO - DAG(s) dict_keys(['hello_world']) retrieved from /home/carlosfalcone/airflow/dags/simple_hello.py
[2024-03-23T21:17:04.096-0300] {logging_mixin.py:137} INFO - [2024-03-23T21:17:04.096-0300] {dag.py:2705} INFO - Sync 1 DAGs
[2024-03-23T21:17:04.112-0300] {logging_mixin.py:137} INFO - [2024-03-23T21:17:04.112-0300] {dag.py:3456} INFO - Setting next_dagrun for hello_world to 2024-03-24T00:00:00+00:00, run_after=2024-03-25T00:00:00+00:00
[2024-03-23T21:17:04.127-0300] {processor.py:175} INFO - Processing /home/carlosfalcone/airflow/dags/simple_hello.py took 0.054 seconds
[2024-03-23T21:17:34.390-0300] {processor.py:153} INFO - Started process (PID=9470) to work on /home/carlosfalcone/airflow/dags/simple_hello.py
[2024-03-23T21:17:34.391-0300] {processor.py:743} INFO - Processing file /home/carlosfalcone/airflow/dags/simple_hello.py for tasks to queue
[2024-03-23T21:17:34.392-0300] {logging_mixin.py:137} INFO - [2024-03-23T21:17:34.391-0300] {dagbag.py:532} INFO - Filling up the DagBag from /home/carlosfalcone/airflow/dags/simple_hello.py
[2024-03-23T21:17:34.400-0300] {processor.py:753} INFO - DAG(s) dict_keys(['hello_world']) retrieved from /home/carlosfalcone/airflow/dags/simple_hello.py
[2024-03-23T21:17:34.411-0300] {logging_mixin.py:137} INFO - [2024-03-23T21:17:34.411-0300] {dag.py:2705} INFO - Sync 1 DAGs
[2024-03-23T21:17:34.427-0300] {logging_mixin.py:137} INFO - [2024-03-23T21:17:34.427-0300] {dag.py:3456} INFO - Setting next_dagrun for hello_world to 2024-03-24T00:00:00+00:00, run_after=2024-03-25T00:00:00+00:00
[2024-03-23T21:17:34.443-0300] {processor.py:175} INFO - Processing /home/carlosfalcone/airflow/dags/simple_hello.py took 0.054 seconds
[2024-03-23T21:18:04.709-0300] {processor.py:153} INFO - Started process (PID=9522) to work on /home/carlosfalcone/airflow/dags/simple_hello.py
[2024-03-23T21:18:04.710-0300] {processor.py:743} INFO - Processing file /home/carlosfalcone/airflow/dags/simple_hello.py for tasks to queue
[2024-03-23T21:18:04.711-0300] {logging_mixin.py:137} INFO - [2024-03-23T21:18:04.711-0300] {dagbag.py:532} INFO - Filling up the DagBag from /home/carlosfalcone/airflow/dags/simple_hello.py
[2024-03-23T21:18:04.720-0300] {processor.py:753} INFO - DAG(s) dict_keys(['hello_world']) retrieved from /home/carlosfalcone/airflow/dags/simple_hello.py
[2024-03-23T21:18:04.731-0300] {logging_mixin.py:137} INFO - [2024-03-23T21:18:04.731-0300] {dag.py:2705} INFO - Sync 1 DAGs
[2024-03-23T21:18:04.748-0300] {logging_mixin.py:137} INFO - [2024-03-23T21:18:04.748-0300] {dag.py:3456} INFO - Setting next_dagrun for hello_world to 2024-03-24T00:00:00+00:00, run_after=2024-03-25T00:00:00+00:00
[2024-03-23T21:18:04.765-0300] {processor.py:175} INFO - Processing /home/carlosfalcone/airflow/dags/simple_hello.py took 0.057 seconds
[2024-03-23T21:18:35.023-0300] {processor.py:153} INFO - Started process (PID=9577) to work on /home/carlosfalcone/airflow/dags/simple_hello.py
[2024-03-23T21:18:35.024-0300] {processor.py:743} INFO - Processing file /home/carlosfalcone/airflow/dags/simple_hello.py for tasks to queue
[2024-03-23T21:18:35.024-0300] {logging_mixin.py:137} INFO - [2024-03-23T21:18:35.024-0300] {dagbag.py:532} INFO - Filling up the DagBag from /home/carlosfalcone/airflow/dags/simple_hello.py
[2024-03-23T21:18:35.033-0300] {processor.py:753} INFO - DAG(s) dict_keys(['hello_world']) retrieved from /home/carlosfalcone/airflow/dags/simple_hello.py
[2024-03-23T21:18:35.044-0300] {logging_mixin.py:137} INFO - [2024-03-23T21:18:35.044-0300] {dag.py:2705} INFO - Sync 1 DAGs
[2024-03-23T21:18:35.060-0300] {logging_mixin.py:137} INFO - [2024-03-23T21:18:35.060-0300] {dag.py:3456} INFO - Setting next_dagrun for hello_world to 2024-03-24T00:00:00+00:00, run_after=2024-03-25T00:00:00+00:00
[2024-03-23T21:18:35.076-0300] {processor.py:175} INFO - Processing /home/carlosfalcone/airflow/dags/simple_hello.py took 0.055 seconds
[2024-03-23T21:19:05.332-0300] {processor.py:153} INFO - Started process (PID=9632) to work on /home/carlosfalcone/airflow/dags/simple_hello.py
[2024-03-23T21:19:05.333-0300] {processor.py:743} INFO - Processing file /home/carlosfalcone/airflow/dags/simple_hello.py for tasks to queue
[2024-03-23T21:19:05.333-0300] {logging_mixin.py:137} INFO - [2024-03-23T21:19:05.333-0300] {dagbag.py:532} INFO - Filling up the DagBag from /home/carlosfalcone/airflow/dags/simple_hello.py
[2024-03-23T21:19:05.342-0300] {processor.py:753} INFO - DAG(s) dict_keys(['hello_world']) retrieved from /home/carlosfalcone/airflow/dags/simple_hello.py
[2024-03-23T21:19:05.353-0300] {logging_mixin.py:137} INFO - [2024-03-23T21:19:05.353-0300] {dag.py:2705} INFO - Sync 1 DAGs
[2024-03-23T21:19:05.369-0300] {logging_mixin.py:137} INFO - [2024-03-23T21:19:05.369-0300] {dag.py:3456} INFO - Setting next_dagrun for hello_world to 2024-03-24T00:00:00+00:00, run_after=2024-03-25T00:00:00+00:00
[2024-03-23T21:19:05.386-0300] {processor.py:175} INFO - Processing /home/carlosfalcone/airflow/dags/simple_hello.py took 0.055 seconds
[2024-03-23T21:19:35.630-0300] {processor.py:153} INFO - Started process (PID=9687) to work on /home/carlosfalcone/airflow/dags/simple_hello.py
[2024-03-23T21:19:35.631-0300] {processor.py:743} INFO - Processing file /home/carlosfalcone/airflow/dags/simple_hello.py for tasks to queue
[2024-03-23T21:19:35.631-0300] {logging_mixin.py:137} INFO - [2024-03-23T21:19:35.631-0300] {dagbag.py:532} INFO - Filling up the DagBag from /home/carlosfalcone/airflow/dags/simple_hello.py
[2024-03-23T21:19:35.640-0300] {processor.py:753} INFO - DAG(s) dict_keys(['hello_world']) retrieved from /home/carlosfalcone/airflow/dags/simple_hello.py
[2024-03-23T21:19:35.651-0300] {logging_mixin.py:137} INFO - [2024-03-23T21:19:35.651-0300] {dag.py:2705} INFO - Sync 1 DAGs
[2024-03-23T21:19:35.667-0300] {logging_mixin.py:137} INFO - [2024-03-23T21:19:35.667-0300] {dag.py:3456} INFO - Setting next_dagrun for hello_world to 2024-03-24T00:00:00+00:00, run_after=2024-03-25T00:00:00+00:00
[2024-03-23T21:19:35.682-0300] {processor.py:175} INFO - Processing /home/carlosfalcone/airflow/dags/simple_hello.py took 0.054 seconds
[2024-03-23T21:20:05.943-0300] {processor.py:153} INFO - Started process (PID=9742) to work on /home/carlosfalcone/airflow/dags/simple_hello.py
[2024-03-23T21:20:05.944-0300] {processor.py:743} INFO - Processing file /home/carlosfalcone/airflow/dags/simple_hello.py for tasks to queue
[2024-03-23T21:20:05.944-0300] {logging_mixin.py:137} INFO - [2024-03-23T21:20:05.944-0300] {dagbag.py:532} INFO - Filling up the DagBag from /home/carlosfalcone/airflow/dags/simple_hello.py
[2024-03-23T21:20:05.953-0300] {processor.py:753} INFO - DAG(s) dict_keys(['hello_world']) retrieved from /home/carlosfalcone/airflow/dags/simple_hello.py
[2024-03-23T21:20:05.964-0300] {logging_mixin.py:137} INFO - [2024-03-23T21:20:05.964-0300] {dag.py:2705} INFO - Sync 1 DAGs
[2024-03-23T21:20:05.980-0300] {logging_mixin.py:137} INFO - [2024-03-23T21:20:05.980-0300] {dag.py:3456} INFO - Setting next_dagrun for hello_world to 2024-03-24T00:00:00+00:00, run_after=2024-03-25T00:00:00+00:00
[2024-03-23T21:20:05.995-0300] {processor.py:175} INFO - Processing /home/carlosfalcone/airflow/dags/simple_hello.py took 0.054 seconds
[2024-03-23T21:20:36.252-0300] {processor.py:153} INFO - Started process (PID=9797) to work on /home/carlosfalcone/airflow/dags/simple_hello.py
[2024-03-23T21:20:36.253-0300] {processor.py:743} INFO - Processing file /home/carlosfalcone/airflow/dags/simple_hello.py for tasks to queue
[2024-03-23T21:20:36.253-0300] {logging_mixin.py:137} INFO - [2024-03-23T21:20:36.253-0300] {dagbag.py:532} INFO - Filling up the DagBag from /home/carlosfalcone/airflow/dags/simple_hello.py
[2024-03-23T21:20:36.262-0300] {processor.py:753} INFO - DAG(s) dict_keys(['hello_world']) retrieved from /home/carlosfalcone/airflow/dags/simple_hello.py
[2024-03-23T21:20:36.273-0300] {logging_mixin.py:137} INFO - [2024-03-23T21:20:36.273-0300] {dag.py:2705} INFO - Sync 1 DAGs
[2024-03-23T21:20:36.288-0300] {logging_mixin.py:137} INFO - [2024-03-23T21:20:36.288-0300] {dag.py:3456} INFO - Setting next_dagrun for hello_world to 2024-03-24T00:00:00+00:00, run_after=2024-03-25T00:00:00+00:00
[2024-03-23T21:20:36.304-0300] {processor.py:175} INFO - Processing /home/carlosfalcone/airflow/dags/simple_hello.py took 0.053 seconds
[2024-03-23T21:21:06.562-0300] {processor.py:153} INFO - Started process (PID=9852) to work on /home/carlosfalcone/airflow/dags/simple_hello.py
[2024-03-23T21:21:06.563-0300] {processor.py:743} INFO - Processing file /home/carlosfalcone/airflow/dags/simple_hello.py for tasks to queue
[2024-03-23T21:21:06.563-0300] {logging_mixin.py:137} INFO - [2024-03-23T21:21:06.563-0300] {dagbag.py:532} INFO - Filling up the DagBag from /home/carlosfalcone/airflow/dags/simple_hello.py
[2024-03-23T21:21:06.572-0300] {processor.py:753} INFO - DAG(s) dict_keys(['hello_world']) retrieved from /home/carlosfalcone/airflow/dags/simple_hello.py
[2024-03-23T21:21:06.582-0300] {logging_mixin.py:137} INFO - [2024-03-23T21:21:06.582-0300] {dag.py:2705} INFO - Sync 1 DAGs
[2024-03-23T21:21:06.598-0300] {logging_mixin.py:137} INFO - [2024-03-23T21:21:06.598-0300] {dag.py:3456} INFO - Setting next_dagrun for hello_world to 2024-03-24T00:00:00+00:00, run_after=2024-03-25T00:00:00+00:00
[2024-03-23T21:21:06.615-0300] {processor.py:175} INFO - Processing /home/carlosfalcone/airflow/dags/simple_hello.py took 0.055 seconds
[2024-03-23T21:21:36.874-0300] {processor.py:153} INFO - Started process (PID=9907) to work on /home/carlosfalcone/airflow/dags/simple_hello.py
[2024-03-23T21:21:36.874-0300] {processor.py:743} INFO - Processing file /home/carlosfalcone/airflow/dags/simple_hello.py for tasks to queue
[2024-03-23T21:21:36.875-0300] {logging_mixin.py:137} INFO - [2024-03-23T21:21:36.875-0300] {dagbag.py:532} INFO - Filling up the DagBag from /home/carlosfalcone/airflow/dags/simple_hello.py
[2024-03-23T21:21:36.883-0300] {processor.py:753} INFO - DAG(s) dict_keys(['hello_world']) retrieved from /home/carlosfalcone/airflow/dags/simple_hello.py
[2024-03-23T21:21:36.894-0300] {logging_mixin.py:137} INFO - [2024-03-23T21:21:36.894-0300] {dag.py:2705} INFO - Sync 1 DAGs
[2024-03-23T21:21:36.910-0300] {logging_mixin.py:137} INFO - [2024-03-23T21:21:36.909-0300] {dag.py:3456} INFO - Setting next_dagrun for hello_world to 2024-03-24T00:00:00+00:00, run_after=2024-03-25T00:00:00+00:00
[2024-03-23T21:21:36.926-0300] {processor.py:175} INFO - Processing /home/carlosfalcone/airflow/dags/simple_hello.py took 0.053 seconds
[2024-03-23T21:22:07.186-0300] {processor.py:153} INFO - Started process (PID=9962) to work on /home/carlosfalcone/airflow/dags/simple_hello.py
[2024-03-23T21:22:07.188-0300] {processor.py:743} INFO - Processing file /home/carlosfalcone/airflow/dags/simple_hello.py for tasks to queue
[2024-03-23T21:22:07.188-0300] {logging_mixin.py:137} INFO - [2024-03-23T21:22:07.188-0300] {dagbag.py:532} INFO - Filling up the DagBag from /home/carlosfalcone/airflow/dags/simple_hello.py
[2024-03-23T21:22:07.197-0300] {processor.py:753} INFO - DAG(s) dict_keys(['hello_world']) retrieved from /home/carlosfalcone/airflow/dags/simple_hello.py
[2024-03-23T21:22:07.208-0300] {logging_mixin.py:137} INFO - [2024-03-23T21:22:07.208-0300] {dag.py:2705} INFO - Sync 1 DAGs
[2024-03-23T21:22:07.224-0300] {logging_mixin.py:137} INFO - [2024-03-23T21:22:07.224-0300] {dag.py:3456} INFO - Setting next_dagrun for hello_world to 2024-03-24T00:00:00+00:00, run_after=2024-03-25T00:00:00+00:00
[2024-03-23T21:22:07.240-0300] {processor.py:175} INFO - Processing /home/carlosfalcone/airflow/dags/simple_hello.py took 0.055 seconds
[2024-03-23T21:22:37.500-0300] {processor.py:153} INFO - Started process (PID=10017) to work on /home/carlosfalcone/airflow/dags/simple_hello.py
[2024-03-23T21:22:37.501-0300] {processor.py:743} INFO - Processing file /home/carlosfalcone/airflow/dags/simple_hello.py for tasks to queue
[2024-03-23T21:22:37.501-0300] {logging_mixin.py:137} INFO - [2024-03-23T21:22:37.501-0300] {dagbag.py:532} INFO - Filling up the DagBag from /home/carlosfalcone/airflow/dags/simple_hello.py
[2024-03-23T21:22:37.511-0300] {processor.py:753} INFO - DAG(s) dict_keys(['hello_world']) retrieved from /home/carlosfalcone/airflow/dags/simple_hello.py
[2024-03-23T21:22:37.526-0300] {logging_mixin.py:137} INFO - [2024-03-23T21:22:37.526-0300] {dag.py:2705} INFO - Sync 1 DAGs
[2024-03-23T21:22:37.545-0300] {logging_mixin.py:137} INFO - [2024-03-23T21:22:37.545-0300] {dag.py:3456} INFO - Setting next_dagrun for hello_world to 2024-03-24T00:00:00+00:00, run_after=2024-03-25T00:00:00+00:00
[2024-03-23T21:22:37.563-0300] {processor.py:175} INFO - Processing /home/carlosfalcone/airflow/dags/simple_hello.py took 0.065 seconds
