[2024-03-21T12:20:16.543-0300] {taskinstance.py:1090} INFO - Dependencies all met for dep_context=non-requeueable deps ti=<TaskInstance: executing_multiple_tasks.task_A manual__2024-03-21T15:20:13.253656+00:00 [queued]>
[2024-03-21T12:20:16.548-0300] {taskinstance.py:1090} INFO - Dependencies all met for dep_context=requeueable deps ti=<TaskInstance: executing_multiple_tasks.task_A manual__2024-03-21T15:20:13.253656+00:00 [queued]>
[2024-03-21T12:20:16.548-0300] {taskinstance.py:1288} INFO - 
--------------------------------------------------------------------------------
[2024-03-21T12:20:16.548-0300] {taskinstance.py:1289} INFO - Starting attempt 1 of 1
[2024-03-21T12:20:16.548-0300] {taskinstance.py:1290} INFO - 
--------------------------------------------------------------------------------
[2024-03-21T12:20:16.560-0300] {taskinstance.py:1309} INFO - Executing <Task(BashOperator): task_A> on 2024-03-21 15:20:13.253656+00:00
[2024-03-21T12:20:16.561-0300] {standard_task_runner.py:55} INFO - Started process 5650 to run task
[2024-03-21T12:20:16.562-0300] {standard_task_runner.py:82} INFO - Running: ['airflow', 'tasks', 'run', 'executing_multiple_tasks', 'task_A', 'manual__2024-03-21T15:20:13.253656+00:00', '--job-id', '20', '--raw', '--subdir', 'DAGS_FOLDER/multiple_tasks.py', '--cfg-path', '/tmp/tmprpcxtj9t']
[2024-03-21T12:20:16.563-0300] {standard_task_runner.py:83} INFO - Job 20: Subtask task_A
[2024-03-21T12:20:16.592-0300] {task_command.py:389} INFO - Running <TaskInstance: executing_multiple_tasks.task_A manual__2024-03-21T15:20:13.253656+00:00 [running]> on host DESKTOP-0DNP0LN.localdomain
[2024-03-21T12:20:16.634-0300] {taskinstance.py:1518} INFO - Exporting the following env vars:
AIRFLOW_CTX_DAG_OWNER=falcone
AIRFLOW_CTX_DAG_ID=executing_multiple_tasks
AIRFLOW_CTX_TASK_ID=task_A
AIRFLOW_CTX_EXECUTION_DATE=2024-03-21T15:20:13.253656+00:00
AIRFLOW_CTX_TRY_NUMBER=1
AIRFLOW_CTX_DAG_RUN_ID=manual__2024-03-21T15:20:13.253656+00:00
[2024-03-21T12:20:16.635-0300] {subprocess.py:63} INFO - Tmp dir root location: 
 /tmp
[2024-03-21T12:20:16.635-0300] {subprocess.py:75} INFO - Running command: ['/usr/bin/bash', '-c', 'echo Task A has executed!']
[2024-03-21T12:20:16.637-0300] {subprocess.py:86} INFO - Output:
[2024-03-21T12:20:16.638-0300] {subprocess.py:93} INFO - Task A has executed!
[2024-03-21T12:20:16.638-0300] {subprocess.py:97} INFO - Command exited with return code 0
[2024-03-21T12:20:16.651-0300] {taskinstance.py:1332} INFO - Marking task as SUCCESS. dag_id=executing_multiple_tasks, task_id=task_A, execution_date=20240321T152013, start_date=20240321T152016, end_date=20240321T152016
[2024-03-21T12:20:16.694-0300] {local_task_job.py:212} INFO - Task exited with return code 0
[2024-03-21T12:20:16.702-0300] {taskinstance.py:2596} INFO - 0 downstream tasks scheduled from follow-on schedule check
