[2024-03-21T11:56:18.942-0300] {taskinstance.py:1090} INFO - Dependencies all met for dep_context=non-requeueable deps ti=<TaskInstance: hello_world_mod.hello_world_task_mod manual__2024-03-21T14:56:17.901361+00:00 [queued]>
[2024-03-21T11:56:18.946-0300] {taskinstance.py:1090} INFO - Dependencies all met for dep_context=requeueable deps ti=<TaskInstance: hello_world_mod.hello_world_task_mod manual__2024-03-21T14:56:17.901361+00:00 [queued]>
[2024-03-21T11:56:18.946-0300] {taskinstance.py:1288} INFO - 
--------------------------------------------------------------------------------
[2024-03-21T11:56:18.946-0300] {taskinstance.py:1289} INFO - Starting attempt 1 of 1
[2024-03-21T11:56:18.946-0300] {taskinstance.py:1290} INFO - 
--------------------------------------------------------------------------------
[2024-03-21T11:56:18.958-0300] {taskinstance.py:1309} INFO - Executing <Task(BashOperator): hello_world_task_mod> on 2024-03-21 14:56:17.901361+00:00
[2024-03-21T11:56:18.959-0300] {standard_task_runner.py:55} INFO - Started process 3354 to run task
[2024-03-21T11:56:18.962-0300] {standard_task_runner.py:82} INFO - Running: ['airflow', 'tasks', 'run', 'hello_world_mod', 'hello_world_task_mod', 'manual__2024-03-21T14:56:17.901361+00:00', '--job-id', '13', '--raw', '--subdir', 'DAGS_FOLDER/simple_hello_mod.py', '--cfg-path', '/tmp/tmppj34r0t5']
[2024-03-21T11:56:18.962-0300] {standard_task_runner.py:83} INFO - Job 13: Subtask hello_world_task_mod
[2024-03-21T11:56:18.996-0300] {task_command.py:389} INFO - Running <TaskInstance: hello_world_mod.hello_world_task_mod manual__2024-03-21T14:56:17.901361+00:00 [running]> on host DESKTOP-0DNP0LN.localdomain
[2024-03-21T11:56:19.037-0300] {taskinstance.py:1518} INFO - Exporting the following env vars:
AIRFLOW_CTX_DAG_OWNER=falcone
AIRFLOW_CTX_DAG_ID=hello_world_mod
AIRFLOW_CTX_TASK_ID=hello_world_task_mod
AIRFLOW_CTX_EXECUTION_DATE=2024-03-21T14:56:17.901361+00:00
AIRFLOW_CTX_TRY_NUMBER=1
AIRFLOW_CTX_DAG_RUN_ID=manual__2024-03-21T14:56:17.901361+00:00
[2024-03-21T11:56:19.037-0300] {subprocess.py:63} INFO - Tmp dir root location: 
 /tmp
[2024-03-21T11:56:19.038-0300] {subprocess.py:75} INFO - Running command: ['/usr/bin/bash', '-c', 'echo Hello - created a DAG using with!']
[2024-03-21T11:56:19.040-0300] {subprocess.py:86} INFO - Output:
[2024-03-21T11:56:19.041-0300] {subprocess.py:93} INFO - Hello - created a DAG using with!
[2024-03-21T11:56:19.041-0300] {subprocess.py:97} INFO - Command exited with return code 0
[2024-03-21T11:56:19.055-0300] {taskinstance.py:1332} INFO - Marking task as SUCCESS. dag_id=hello_world_mod, task_id=hello_world_task_mod, execution_date=20240321T145617, start_date=20240321T145618, end_date=20240321T145619
[2024-03-21T11:56:19.094-0300] {local_task_job.py:212} INFO - Task exited with return code 0
[2024-03-21T11:56:19.101-0300] {taskinstance.py:2596} INFO - 0 downstream tasks scheduled from follow-on schedule check
