[2024-03-23T21:00:38.926-0300] {taskinstance.py:1090} INFO - Dependencies all met for dep_context=non-requeueable deps ti=<TaskInstance: cross_task_communication.multiply_by_100 scheduled__2024-03-23T00:00:00+00:00 [queued]>
[2024-03-23T21:00:38.931-0300] {taskinstance.py:1090} INFO - Dependencies all met for dep_context=requeueable deps ti=<TaskInstance: cross_task_communication.multiply_by_100 scheduled__2024-03-23T00:00:00+00:00 [queued]>
[2024-03-23T21:00:38.931-0300] {taskinstance.py:1288} INFO - 
--------------------------------------------------------------------------------
[2024-03-23T21:00:38.931-0300] {taskinstance.py:1289} INFO - Starting attempt 1 of 1
[2024-03-23T21:00:38.931-0300] {taskinstance.py:1290} INFO - 
--------------------------------------------------------------------------------
[2024-03-23T21:00:38.942-0300] {taskinstance.py:1309} INFO - Executing <Task(PythonOperator): multiply_by_100> on 2024-03-23 00:00:00+00:00
[2024-03-23T21:00:38.943-0300] {standard_task_runner.py:55} INFO - Started process 7593 to run task
[2024-03-23T21:00:38.945-0300] {standard_task_runner.py:82} INFO - Running: ['airflow', 'tasks', 'run', 'cross_task_communication', 'multiply_by_100', 'scheduled__2024-03-23T00:00:00+00:00', '--job-id', '114', '--raw', '--subdir', 'DAGS_FOLDER/cross_task_communication.py', '--cfg-path', '/tmp/tmpcnh_ac0r']
[2024-03-23T21:00:38.945-0300] {standard_task_runner.py:83} INFO - Job 114: Subtask multiply_by_100
[2024-03-23T21:00:38.975-0300] {task_command.py:389} INFO - Running <TaskInstance: cross_task_communication.multiply_by_100 scheduled__2024-03-23T00:00:00+00:00 [running]> on host DESKTOP-0DNP0LN.localdomain
[2024-03-23T21:00:39.016-0300] {taskinstance.py:1518} INFO - Exporting the following env vars:
AIRFLOW_CTX_DAG_OWNER=falcone
AIRFLOW_CTX_DAG_ID=cross_task_communication
AIRFLOW_CTX_TASK_ID=multiply_by_100
AIRFLOW_CTX_EXECUTION_DATE=2024-03-23T00:00:00+00:00
AIRFLOW_CTX_TRY_NUMBER=1
AIRFLOW_CTX_DAG_RUN_ID=scheduled__2024-03-23T00:00:00+00:00
[2024-03-23T21:00:39.016-0300] {logging_mixin.py:137} INFO - Count, 9!
[2024-03-23T21:00:39.016-0300] {python.py:177} INFO - Done. Returned value was: 900
[2024-03-23T21:00:39.027-0300] {taskinstance.py:1332} INFO - Marking task as SUCCESS. dag_id=cross_task_communication, task_id=multiply_by_100, execution_date=20240323T000000, start_date=20240324T000038, end_date=20240324T000039
[2024-03-23T21:00:39.036-0300] {local_task_job.py:212} INFO - Task exited with return code 0
[2024-03-23T21:00:39.044-0300] {taskinstance.py:2596} INFO - 0 downstream tasks scheduled from follow-on schedule check
