[2024-03-21T15:26:03.629-0300] {taskinstance.py:1090} INFO - Dependencies all met for dep_context=non-requeueable deps ti=<TaskInstance: executing_multiple_tasks2.task_B manual__2024-03-21T18:26:00.606341+00:00 [queued]>
[2024-03-21T15:26:03.634-0300] {taskinstance.py:1090} INFO - Dependencies all met for dep_context=requeueable deps ti=<TaskInstance: executing_multiple_tasks2.task_B manual__2024-03-21T18:26:00.606341+00:00 [queued]>
[2024-03-21T15:26:03.634-0300] {taskinstance.py:1288} INFO - 
--------------------------------------------------------------------------------
[2024-03-21T15:26:03.634-0300] {taskinstance.py:1289} INFO - Starting attempt 1 of 1
[2024-03-21T15:26:03.634-0300] {taskinstance.py:1290} INFO - 
--------------------------------------------------------------------------------
[2024-03-21T15:26:03.647-0300] {taskinstance.py:1309} INFO - Executing <Task(BashOperator): task_B> on 2024-03-21 18:26:00.606341+00:00
[2024-03-21T15:26:03.648-0300] {standard_task_runner.py:55} INFO - Started process 23668 to run task
[2024-03-21T15:26:03.650-0300] {standard_task_runner.py:82} INFO - Running: ['airflow', 'tasks', 'run', 'executing_multiple_tasks2', 'task_B', 'manual__2024-03-21T18:26:00.606341+00:00', '--job-id', '26', '--raw', '--subdir', 'DAGS_FOLDER/multiple_tasks2.py', '--cfg-path', '/tmp/tmp6x2tsiv3']
[2024-03-21T15:26:03.651-0300] {standard_task_runner.py:83} INFO - Job 26: Subtask task_B
[2024-03-21T15:26:03.685-0300] {task_command.py:389} INFO - Running <TaskInstance: executing_multiple_tasks2.task_B manual__2024-03-21T18:26:00.606341+00:00 [running]> on host DESKTOP-0DNP0LN.localdomain
[2024-03-21T15:26:03.729-0300] {taskinstance.py:1518} INFO - Exporting the following env vars:
AIRFLOW_CTX_DAG_OWNER=falcone
AIRFLOW_CTX_DAG_ID=executing_multiple_tasks2
AIRFLOW_CTX_TASK_ID=task_B
AIRFLOW_CTX_EXECUTION_DATE=2024-03-21T18:26:00.606341+00:00
AIRFLOW_CTX_TRY_NUMBER=1
AIRFLOW_CTX_DAG_RUN_ID=manual__2024-03-21T18:26:00.606341+00:00
[2024-03-21T15:26:03.730-0300] {subprocess.py:63} INFO - Tmp dir root location: 
 /tmp
[2024-03-21T15:26:03.730-0300] {subprocess.py:75} INFO - Running command: ['/usr/bin/bash', '-c', '\n            echo Task B has started!\n            sleep 4\n            echo Task B has ended!\n        ']
[2024-03-21T15:26:03.733-0300] {subprocess.py:86} INFO - Output:
[2024-03-21T15:26:03.734-0300] {subprocess.py:93} INFO - Task B has started!
[2024-03-21T15:26:07.735-0300] {subprocess.py:93} INFO - Task B has ended!
[2024-03-21T15:26:07.735-0300] {subprocess.py:97} INFO - Command exited with return code 0
[2024-03-21T15:26:07.751-0300] {taskinstance.py:1332} INFO - Marking task as SUCCESS. dag_id=executing_multiple_tasks2, task_id=task_B, execution_date=20240321T182600, start_date=20240321T182603, end_date=20240321T182607
[2024-03-21T15:26:07.773-0300] {local_task_job.py:212} INFO - Task exited with return code 0
[2024-03-21T15:26:07.785-0300] {taskinstance.py:2596} INFO - 0 downstream tasks scheduled from follow-on schedule check
