[2024-03-23T19:44:51.231-0300] {taskinstance.py:1090} INFO - Dependencies all met for dep_context=non-requeueable deps ti=<TaskInstance: executing_multiple_tasks3.task_D scheduled__2024-03-21T00:00:00+00:00 [queued]>
[2024-03-23T19:44:51.236-0300] {taskinstance.py:1090} INFO - Dependencies all met for dep_context=requeueable deps ti=<TaskInstance: executing_multiple_tasks3.task_D scheduled__2024-03-21T00:00:00+00:00 [queued]>
[2024-03-23T19:44:51.236-0300] {taskinstance.py:1288} INFO - 
--------------------------------------------------------------------------------
[2024-03-23T19:44:51.236-0300] {taskinstance.py:1289} INFO - Starting attempt 1 of 1
[2024-03-23T19:44:51.236-0300] {taskinstance.py:1290} INFO - 
--------------------------------------------------------------------------------
[2024-03-23T19:44:51.248-0300] {taskinstance.py:1309} INFO - Executing <Task(BashOperator): task_D> on 2024-03-21 00:00:00+00:00
[2024-03-23T19:44:51.250-0300] {standard_task_runner.py:55} INFO - Started process 113 to run task
[2024-03-23T19:44:51.251-0300] {standard_task_runner.py:82} INFO - Running: ['airflow', 'tasks', 'run', 'executing_multiple_tasks3', 'task_D', 'scheduled__2024-03-21T00:00:00+00:00', '--job-id', '74', '--raw', '--subdir', 'DAGS_FOLDER/multiple_tasks3.py', '--cfg-path', '/tmp/tmpdeo5caim']
[2024-03-23T19:44:51.252-0300] {standard_task_runner.py:83} INFO - Job 74: Subtask task_D
[2024-03-23T19:44:51.281-0300] {task_command.py:389} INFO - Running <TaskInstance: executing_multiple_tasks3.task_D scheduled__2024-03-21T00:00:00+00:00 [running]> on host DESKTOP-0DNP0LN.localdomain
[2024-03-23T19:44:51.320-0300] {taskinstance.py:1518} INFO - Exporting the following env vars:
AIRFLOW_CTX_DAG_OWNER=falcone
AIRFLOW_CTX_DAG_ID=executing_multiple_tasks3
AIRFLOW_CTX_TASK_ID=task_D
AIRFLOW_CTX_EXECUTION_DATE=2024-03-21T00:00:00+00:00
AIRFLOW_CTX_TRY_NUMBER=1
AIRFLOW_CTX_DAG_RUN_ID=scheduled__2024-03-21T00:00:00+00:00
[2024-03-23T19:44:51.321-0300] {subprocess.py:63} INFO - Tmp dir root location: 
 /tmp
[2024-03-23T19:44:51.321-0300] {subprocess.py:75} INFO - Running command: ['/usr/bin/bash', '-c', 'echo Task D completed!']
[2024-03-23T19:44:51.323-0300] {subprocess.py:86} INFO - Output:
[2024-03-23T19:44:51.324-0300] {subprocess.py:93} INFO - Task D completed!
[2024-03-23T19:44:51.324-0300] {subprocess.py:97} INFO - Command exited with return code 0
[2024-03-23T19:44:51.337-0300] {taskinstance.py:1332} INFO - Marking task as SUCCESS. dag_id=executing_multiple_tasks3, task_id=task_D, execution_date=20240321T000000, start_date=20240323T224451, end_date=20240323T224451
[2024-03-23T19:44:51.383-0300] {local_task_job.py:212} INFO - Task exited with return code 0
[2024-03-23T19:44:51.393-0300] {taskinstance.py:2596} INFO - 1 downstream tasks scheduled from follow-on schedule check
