[2024-03-23T21:00:42.425-0300] {taskinstance.py:1090} INFO - Dependencies all met for dep_context=non-requeueable deps ti=<TaskInstance: executing_multiple_tasks2.task_D scheduled__2024-03-23T00:00:00+00:00 [queued]>
[2024-03-23T21:00:42.430-0300] {taskinstance.py:1090} INFO - Dependencies all met for dep_context=requeueable deps ti=<TaskInstance: executing_multiple_tasks2.task_D scheduled__2024-03-23T00:00:00+00:00 [queued]>
[2024-03-23T21:00:42.430-0300] {taskinstance.py:1288} INFO - 
--------------------------------------------------------------------------------
[2024-03-23T21:00:42.430-0300] {taskinstance.py:1289} INFO - Starting attempt 1 of 1
[2024-03-23T21:00:42.430-0300] {taskinstance.py:1290} INFO - 
--------------------------------------------------------------------------------
[2024-03-23T21:00:42.441-0300] {taskinstance.py:1309} INFO - Executing <Task(BashOperator): task_D> on 2024-03-23 00:00:00+00:00
[2024-03-23T21:00:42.443-0300] {standard_task_runner.py:55} INFO - Started process 7610 to run task
[2024-03-23T21:00:42.444-0300] {standard_task_runner.py:82} INFO - Running: ['airflow', 'tasks', 'run', 'executing_multiple_tasks2', 'task_D', 'scheduled__2024-03-23T00:00:00+00:00', '--job-id', '117', '--raw', '--subdir', 'DAGS_FOLDER/multiple_tasks2.py', '--cfg-path', '/tmp/tmp9ygukayy']
[2024-03-23T21:00:42.445-0300] {standard_task_runner.py:83} INFO - Job 117: Subtask task_D
[2024-03-23T21:00:42.474-0300] {task_command.py:389} INFO - Running <TaskInstance: executing_multiple_tasks2.task_D scheduled__2024-03-23T00:00:00+00:00 [running]> on host DESKTOP-0DNP0LN.localdomain
[2024-03-23T21:00:42.521-0300] {taskinstance.py:1518} INFO - Exporting the following env vars:
AIRFLOW_CTX_DAG_OWNER=falcone
AIRFLOW_CTX_DAG_ID=executing_multiple_tasks2
AIRFLOW_CTX_TASK_ID=task_D
AIRFLOW_CTX_EXECUTION_DATE=2024-03-23T00:00:00+00:00
AIRFLOW_CTX_TRY_NUMBER=1
AIRFLOW_CTX_DAG_RUN_ID=scheduled__2024-03-23T00:00:00+00:00
[2024-03-23T21:00:42.521-0300] {subprocess.py:63} INFO - Tmp dir root location: 
 /tmp
[2024-03-23T21:00:42.521-0300] {subprocess.py:75} INFO - Running command: ['/usr/bin/bash', '-c', 'echo Task D has completed!']
[2024-03-23T21:00:42.524-0300] {subprocess.py:86} INFO - Output:
[2024-03-23T21:00:42.525-0300] {subprocess.py:93} INFO - Task D has completed!
[2024-03-23T21:00:42.525-0300] {subprocess.py:97} INFO - Command exited with return code 0
[2024-03-23T21:00:42.539-0300] {taskinstance.py:1332} INFO - Marking task as SUCCESS. dag_id=executing_multiple_tasks2, task_id=task_D, execution_date=20240323T000000, start_date=20240324T000042, end_date=20240324T000042
[2024-03-23T21:00:42.576-0300] {local_task_job.py:212} INFO - Task exited with return code 0
[2024-03-23T21:00:42.584-0300] {taskinstance.py:2596} INFO - 0 downstream tasks scheduled from follow-on schedule check
